[2022-09-05 11:10:41,237] {taskinstance.py:1179} INFO - Dependencies all met for <TaskInstance: preprocessing_data.clean_data scheduled__2022-09-05T10:59:56.022773+00:00 [queued]>
[2022-09-05 11:10:41,242] {taskinstance.py:1179} INFO - Dependencies all met for <TaskInstance: preprocessing_data.clean_data scheduled__2022-09-05T10:59:56.022773+00:00 [queued]>
[2022-09-05 11:10:41,242] {taskinstance.py:1376} INFO - 
--------------------------------------------------------------------------------
[2022-09-05 11:10:41,242] {taskinstance.py:1377} INFO - Starting attempt 1 of 2
[2022-09-05 11:10:41,242] {taskinstance.py:1378} INFO - 
--------------------------------------------------------------------------------
[2022-09-05 11:10:41,260] {taskinstance.py:1397} INFO - Executing <Task(PythonOperator): clean_data> on 2022-09-05 10:59:56.022773+00:00
[2022-09-05 11:10:41,265] {standard_task_runner.py:52} INFO - Started process 20450 to run task
[2022-09-05 11:10:41,269] {standard_task_runner.py:79} INFO - Running: ['airflow', 'tasks', 'run', 'preprocessing_data', 'clean_data', 'scheduled__2022-09-05T10:59:56.022773+00:00', '--job-id', '117', '--raw', '--subdir', 'DAGS_FOLDER/model_dag.py', '--cfg-path', '/tmp/tmp3ao3istt', '--error-file', '/tmp/tmphj5zk_ya']
[2022-09-05 11:10:41,269] {standard_task_runner.py:80} INFO - Job 117: Subtask clean_data
[2022-09-05 11:10:41,319] {task_command.py:371} INFO - Running <TaskInstance: preprocessing_data.clean_data scheduled__2022-09-05T10:59:56.022773+00:00 [running]> on host rc1b-dataproc-m-xzxwmqcudfo0foh0.mdb.yandexcloud.net
[2022-09-05 11:10:41,371] {taskinstance.py:1589} INFO - Exporting the following env vars:
AIRFLOW_CTX_DAG_EMAIL=airflow@example.com
AIRFLOW_CTX_DAG_OWNER=airflow
AIRFLOW_CTX_DAG_ID=preprocessing_data
AIRFLOW_CTX_TASK_ID=clean_data
AIRFLOW_CTX_EXECUTION_DATE=2022-09-05T10:59:56.022773+00:00
AIRFLOW_CTX_TRY_NUMBER=1
AIRFLOW_CTX_DAG_RUN_ID=scheduled__2022-09-05T10:59:56.022773+00:00
[2022-09-05 11:11:06,535] {python.py:173} INFO - Done. Returned value was: None
[2022-09-05 11:11:06,543] {taskinstance.py:1415} INFO - Marking task as SUCCESS. dag_id=preprocessing_data, task_id=clean_data, execution_date=20220905T105956, start_date=20220905T111041, end_date=20220905T111106
[2022-09-05 11:11:06,566] {local_task_job.py:156} INFO - Task exited with return code 0
[2022-09-05 11:11:06,592] {local_task_job.py:273} INFO - 1 downstream tasks scheduled from follow-on schedule check
