[2022-09-14 14:09:11,582] {processor.py:153} INFO - Started process (PID=7513) to work on /home/ubuntu/.local/lib/python3.8/site-packages/airflow/example_dags/subdags/subdag.py
[2022-09-14 14:09:11,583] {processor.py:641} INFO - Processing file /home/ubuntu/.local/lib/python3.8/site-packages/airflow/example_dags/subdags/subdag.py for tasks to queue
[2022-09-14 14:09:11,583] {logging_mixin.py:115} INFO - [2022-09-14 14:09:11,583] {dagbag.py:508} INFO - Filling up the DagBag from /home/ubuntu/.local/lib/python3.8/site-packages/airflow/example_dags/subdags/subdag.py
[2022-09-14 14:09:11,585] {processor.py:653} WARNING - No viable dags retrieved from /home/ubuntu/.local/lib/python3.8/site-packages/airflow/example_dags/subdags/subdag.py
[2022-09-14 14:09:11,595] {processor.py:161} INFO - Processing /home/ubuntu/.local/lib/python3.8/site-packages/airflow/example_dags/subdags/subdag.py took 0.016 seconds
[2022-09-14 14:11:21,666] {processor.py:153} INFO - Started process (PID=8007) to work on /home/ubuntu/.local/lib/python3.8/site-packages/airflow/example_dags/subdags/subdag.py
[2022-09-14 14:11:21,668] {processor.py:641} INFO - Processing file /home/ubuntu/.local/lib/python3.8/site-packages/airflow/example_dags/subdags/subdag.py for tasks to queue
[2022-09-14 14:11:21,669] {logging_mixin.py:115} INFO - [2022-09-14 14:11:21,669] {dagbag.py:508} INFO - Filling up the DagBag from /home/ubuntu/.local/lib/python3.8/site-packages/airflow/example_dags/subdags/subdag.py
[2022-09-14 14:11:21,670] {processor.py:653} WARNING - No viable dags retrieved from /home/ubuntu/.local/lib/python3.8/site-packages/airflow/example_dags/subdags/subdag.py
[2022-09-14 14:11:21,681] {processor.py:161} INFO - Processing /home/ubuntu/.local/lib/python3.8/site-packages/airflow/example_dags/subdags/subdag.py took 0.018 seconds
[2022-09-14 14:12:23,810] {processor.py:153} INFO - Started process (PID=8218) to work on /home/ubuntu/.local/lib/python3.8/site-packages/airflow/example_dags/subdags/subdag.py
[2022-09-14 14:12:23,812] {processor.py:641} INFO - Processing file /home/ubuntu/.local/lib/python3.8/site-packages/airflow/example_dags/subdags/subdag.py for tasks to queue
[2022-09-14 14:12:23,812] {logging_mixin.py:115} INFO - [2022-09-14 14:12:23,812] {dagbag.py:508} INFO - Filling up the DagBag from /home/ubuntu/.local/lib/python3.8/site-packages/airflow/example_dags/subdags/subdag.py
[2022-09-14 14:12:23,814] {processor.py:653} WARNING - No viable dags retrieved from /home/ubuntu/.local/lib/python3.8/site-packages/airflow/example_dags/subdags/subdag.py
[2022-09-14 14:12:23,825] {processor.py:161} INFO - Processing /home/ubuntu/.local/lib/python3.8/site-packages/airflow/example_dags/subdags/subdag.py took 0.019 seconds
[2022-09-14 14:14:19,255] {processor.py:153} INFO - Started process (PID=8997) to work on /home/ubuntu/.local/lib/python3.8/site-packages/airflow/example_dags/subdags/subdag.py
[2022-09-14 14:14:19,256] {processor.py:641} INFO - Processing file /home/ubuntu/.local/lib/python3.8/site-packages/airflow/example_dags/subdags/subdag.py for tasks to queue
[2022-09-14 14:14:19,257] {logging_mixin.py:115} INFO - [2022-09-14 14:14:19,257] {dagbag.py:508} INFO - Filling up the DagBag from /home/ubuntu/.local/lib/python3.8/site-packages/airflow/example_dags/subdags/subdag.py
[2022-09-14 14:14:19,258] {processor.py:653} WARNING - No viable dags retrieved from /home/ubuntu/.local/lib/python3.8/site-packages/airflow/example_dags/subdags/subdag.py
[2022-09-14 14:14:19,269] {processor.py:161} INFO - Processing /home/ubuntu/.local/lib/python3.8/site-packages/airflow/example_dags/subdags/subdag.py took 0.017 seconds
[2022-09-14 20:21:40,394] {processor.py:153} INFO - Started process (PID=28142) to work on /home/ubuntu/.local/lib/python3.8/site-packages/airflow/example_dags/subdags/subdag.py
[2022-09-14 20:21:40,396] {processor.py:641} INFO - Processing file /home/ubuntu/.local/lib/python3.8/site-packages/airflow/example_dags/subdags/subdag.py for tasks to queue
[2022-09-14 20:21:40,397] {logging_mixin.py:115} INFO - [2022-09-14 20:21:40,396] {dagbag.py:508} INFO - Filling up the DagBag from /home/ubuntu/.local/lib/python3.8/site-packages/airflow/example_dags/subdags/subdag.py
[2022-09-14 20:21:40,398] {processor.py:653} WARNING - No viable dags retrieved from /home/ubuntu/.local/lib/python3.8/site-packages/airflow/example_dags/subdags/subdag.py
[2022-09-14 20:21:40,410] {processor.py:161} INFO - Processing /home/ubuntu/.local/lib/python3.8/site-packages/airflow/example_dags/subdags/subdag.py took 0.020 seconds
[2022-09-14 20:23:44,799] {processor.py:153} INFO - Started process (PID=29368) to work on /home/ubuntu/.local/lib/python3.8/site-packages/airflow/example_dags/subdags/subdag.py
[2022-09-14 20:23:44,801] {processor.py:641} INFO - Processing file /home/ubuntu/.local/lib/python3.8/site-packages/airflow/example_dags/subdags/subdag.py for tasks to queue
[2022-09-14 20:23:44,802] {logging_mixin.py:115} INFO - [2022-09-14 20:23:44,802] {dagbag.py:508} INFO - Filling up the DagBag from /home/ubuntu/.local/lib/python3.8/site-packages/airflow/example_dags/subdags/subdag.py
[2022-09-14 20:23:44,804] {processor.py:653} WARNING - No viable dags retrieved from /home/ubuntu/.local/lib/python3.8/site-packages/airflow/example_dags/subdags/subdag.py
[2022-09-14 20:23:44,816] {processor.py:161} INFO - Processing /home/ubuntu/.local/lib/python3.8/site-packages/airflow/example_dags/subdags/subdag.py took 0.020 seconds
[2022-09-14 20:24:21,573] {processor.py:153} INFO - Started process (PID=29525) to work on /home/ubuntu/.local/lib/python3.8/site-packages/airflow/example_dags/subdags/subdag.py
[2022-09-14 20:24:21,574] {processor.py:641} INFO - Processing file /home/ubuntu/.local/lib/python3.8/site-packages/airflow/example_dags/subdags/subdag.py for tasks to queue
[2022-09-14 20:24:21,574] {logging_mixin.py:115} INFO - [2022-09-14 20:24:21,574] {dagbag.py:508} INFO - Filling up the DagBag from /home/ubuntu/.local/lib/python3.8/site-packages/airflow/example_dags/subdags/subdag.py
[2022-09-14 20:24:21,576] {processor.py:653} WARNING - No viable dags retrieved from /home/ubuntu/.local/lib/python3.8/site-packages/airflow/example_dags/subdags/subdag.py
[2022-09-14 20:24:21,588] {processor.py:161} INFO - Processing /home/ubuntu/.local/lib/python3.8/site-packages/airflow/example_dags/subdags/subdag.py took 0.019 seconds
[2022-09-14 20:25:09,690] {processor.py:153} INFO - Started process (PID=29842) to work on /home/ubuntu/.local/lib/python3.8/site-packages/airflow/example_dags/subdags/subdag.py
[2022-09-14 20:25:09,691] {processor.py:641} INFO - Processing file /home/ubuntu/.local/lib/python3.8/site-packages/airflow/example_dags/subdags/subdag.py for tasks to queue
[2022-09-14 20:25:09,692] {logging_mixin.py:115} INFO - [2022-09-14 20:25:09,692] {dagbag.py:508} INFO - Filling up the DagBag from /home/ubuntu/.local/lib/python3.8/site-packages/airflow/example_dags/subdags/subdag.py
[2022-09-14 20:25:09,694] {processor.py:653} WARNING - No viable dags retrieved from /home/ubuntu/.local/lib/python3.8/site-packages/airflow/example_dags/subdags/subdag.py
[2022-09-14 20:25:09,705] {processor.py:161} INFO - Processing /home/ubuntu/.local/lib/python3.8/site-packages/airflow/example_dags/subdags/subdag.py took 0.019 seconds
[2022-09-14 20:25:44,463] {processor.py:153} INFO - Started process (PID=29931) to work on /home/ubuntu/.local/lib/python3.8/site-packages/airflow/example_dags/subdags/subdag.py
[2022-09-14 20:25:44,464] {processor.py:641} INFO - Processing file /home/ubuntu/.local/lib/python3.8/site-packages/airflow/example_dags/subdags/subdag.py for tasks to queue
[2022-09-14 20:25:44,465] {logging_mixin.py:115} INFO - [2022-09-14 20:25:44,464] {dagbag.py:508} INFO - Filling up the DagBag from /home/ubuntu/.local/lib/python3.8/site-packages/airflow/example_dags/subdags/subdag.py
[2022-09-14 20:25:44,466] {processor.py:653} WARNING - No viable dags retrieved from /home/ubuntu/.local/lib/python3.8/site-packages/airflow/example_dags/subdags/subdag.py
[2022-09-14 20:25:44,477] {processor.py:161} INFO - Processing /home/ubuntu/.local/lib/python3.8/site-packages/airflow/example_dags/subdags/subdag.py took 0.018 seconds
[2022-09-14 20:30:31,706] {processor.py:153} INFO - Started process (PID=33312) to work on /home/ubuntu/.local/lib/python3.8/site-packages/airflow/example_dags/subdags/subdag.py
[2022-09-14 20:30:31,708] {processor.py:641} INFO - Processing file /home/ubuntu/.local/lib/python3.8/site-packages/airflow/example_dags/subdags/subdag.py for tasks to queue
[2022-09-14 20:30:31,708] {logging_mixin.py:115} INFO - [2022-09-14 20:30:31,708] {dagbag.py:508} INFO - Filling up the DagBag from /home/ubuntu/.local/lib/python3.8/site-packages/airflow/example_dags/subdags/subdag.py
[2022-09-14 20:30:31,710] {processor.py:653} WARNING - No viable dags retrieved from /home/ubuntu/.local/lib/python3.8/site-packages/airflow/example_dags/subdags/subdag.py
[2022-09-14 20:30:31,721] {processor.py:161} INFO - Processing /home/ubuntu/.local/lib/python3.8/site-packages/airflow/example_dags/subdags/subdag.py took 0.019 seconds
[2022-09-14 20:31:07,155] {processor.py:153} INFO - Started process (PID=33644) to work on /home/ubuntu/.local/lib/python3.8/site-packages/airflow/example_dags/subdags/subdag.py
[2022-09-14 20:31:07,157] {processor.py:641} INFO - Processing file /home/ubuntu/.local/lib/python3.8/site-packages/airflow/example_dags/subdags/subdag.py for tasks to queue
[2022-09-14 20:31:07,157] {logging_mixin.py:115} INFO - [2022-09-14 20:31:07,157] {dagbag.py:508} INFO - Filling up the DagBag from /home/ubuntu/.local/lib/python3.8/site-packages/airflow/example_dags/subdags/subdag.py
[2022-09-14 20:31:07,159] {processor.py:653} WARNING - No viable dags retrieved from /home/ubuntu/.local/lib/python3.8/site-packages/airflow/example_dags/subdags/subdag.py
[2022-09-14 20:31:07,170] {processor.py:161} INFO - Processing /home/ubuntu/.local/lib/python3.8/site-packages/airflow/example_dags/subdags/subdag.py took 0.019 seconds
