[2022-09-05 11:39:59,847] {taskinstance.py:1179} INFO - Dependencies all met for <TaskInstance: preprocessing_data.generate_data scheduled__2022-09-05T11:29:56.022773+00:00 [queued]>
[2022-09-05 11:39:59,851] {taskinstance.py:1179} INFO - Dependencies all met for <TaskInstance: preprocessing_data.generate_data scheduled__2022-09-05T11:29:56.022773+00:00 [queued]>
[2022-09-05 11:39:59,852] {taskinstance.py:1376} INFO - 
--------------------------------------------------------------------------------
[2022-09-05 11:39:59,852] {taskinstance.py:1377} INFO - Starting attempt 1 of 2
[2022-09-05 11:39:59,852] {taskinstance.py:1378} INFO - 
--------------------------------------------------------------------------------
[2022-09-05 11:39:59,881] {taskinstance.py:1397} INFO - Executing <Task(PythonOperator): generate_data> on 2022-09-05 11:29:56.022773+00:00
[2022-09-05 11:39:59,884] {standard_task_runner.py:52} INFO - Started process 30652 to run task
[2022-09-05 11:39:59,888] {standard_task_runner.py:79} INFO - Running: ['airflow', 'tasks', 'run', 'preprocessing_data', 'generate_data', 'scheduled__2022-09-05T11:29:56.022773+00:00', '--job-id', '129', '--raw', '--subdir', 'DAGS_FOLDER/model_dag.py', '--cfg-path', '/tmp/tmpfnms_i2_', '--error-file', '/tmp/tmp1ex6quvu']
[2022-09-05 11:39:59,888] {standard_task_runner.py:80} INFO - Job 129: Subtask generate_data
[2022-09-05 11:39:59,963] {task_command.py:371} INFO - Running <TaskInstance: preprocessing_data.generate_data scheduled__2022-09-05T11:29:56.022773+00:00 [running]> on host rc1b-dataproc-m-xzxwmqcudfo0foh0.mdb.yandexcloud.net
[2022-09-05 11:40:00,048] {taskinstance.py:1589} INFO - Exporting the following env vars:
AIRFLOW_CTX_DAG_EMAIL=airflow@example.com
AIRFLOW_CTX_DAG_OWNER=airflow
AIRFLOW_CTX_DAG_ID=preprocessing_data
AIRFLOW_CTX_TASK_ID=generate_data
AIRFLOW_CTX_EXECUTION_DATE=2022-09-05T11:29:56.022773+00:00
AIRFLOW_CTX_TRY_NUMBER=1
AIRFLOW_CTX_DAG_RUN_ID=scheduled__2022-09-05T11:29:56.022773+00:00
[2022-09-05 11:40:00,101] {logging_mixin.py:115} INFO - Time to generate customer profiles table: 0.051s
[2022-09-05 11:40:00,152] {logging_mixin.py:115} INFO - Time to generate terminal profiles table: 0.051s
[2022-09-05 11:40:03,224] {logging_mixin.py:115} INFO - Time to associate terminals to customers: 3.1s
[2022-09-05 11:43:27,702] {logging_mixin.py:115} INFO - Time to generate transactions: 2e+02s
[2022-09-05 11:43:30,541] {logging_mixin.py:115} INFO - Number of frauds from scenario 1: 2143
[2022-09-05 11:47:00,308] {logging_mixin.py:115} INFO - Number of frauds from scenario 2: 18767
[2022-09-05 11:51:03,231] {logging_mixin.py:115} INFO - Number of frauds from scenario 3: 9536
[2022-09-05 11:51:03,232] {client.py:192} INFO - Instantiated <Client(url='http://rc1b-dataproc-m-xzxwmqcudfo0foh0.mdb.yandexcloud.net:9870')>.
[2022-09-05 11:51:03,232] {client.py:305} INFO - Fetching content summary for '/user/airflow/input_files'.
[2022-09-05 11:51:06,110] {client.py:558} INFO - Uploading '/home/ubuntu/fraud-detection-ml/airflow/output_simulation/partition_45.parquet' to '/user/airflow/input_files/partition_45.parquet'.
[2022-09-05 11:51:06,110] {client.py:1123} INFO - Listing '/user/airflow/input_files/partition_45.parquet'.
[2022-09-05 11:51:06,115] {client.py:503} INFO - Writing to '/user/airflow/input_files/partition_45.parquet'.
[2022-09-05 11:51:07,390] {python.py:173} INFO - Done. Returned value was: None
[2022-09-05 11:51:07,396] {taskinstance.py:1415} INFO - Marking task as SUCCESS. dag_id=preprocessing_data, task_id=generate_data, execution_date=20220905T112956, start_date=20220905T113959, end_date=20220905T115107
[2022-09-05 11:51:07,462] {local_task_job.py:156} INFO - Task exited with return code 0
[2022-09-05 11:51:07,486] {local_task_job.py:273} INFO - 1 downstream tasks scheduled from follow-on schedule check
