[2022-06-26 12:46:44,277] {taskinstance.py:1159} INFO - Dependencies all met for <TaskInstance: example_branch_operator.branching manual__2022-06-26T12:46:41.451448+00:00 [queued]>
[2022-06-26 12:46:44,292] {taskinstance.py:1159} INFO - Dependencies all met for <TaskInstance: example_branch_operator.branching manual__2022-06-26T12:46:41.451448+00:00 [queued]>
[2022-06-26 12:46:44,292] {taskinstance.py:1356} INFO - 
--------------------------------------------------------------------------------
[2022-06-26 12:46:44,292] {taskinstance.py:1357} INFO - Starting attempt 1 of 1
[2022-06-26 12:46:44,292] {taskinstance.py:1358} INFO - 
--------------------------------------------------------------------------------
[2022-06-26 12:46:44,325] {taskinstance.py:1377} INFO - Executing <Task(BranchPythonOperator): branching> on 2022-06-26 12:46:41.451448+00:00
[2022-06-26 12:46:44,335] {standard_task_runner.py:52} INFO - Started process 616 to run task
[2022-06-26 12:46:44,346] {standard_task_runner.py:79} INFO - Running: ['***', 'tasks', 'run', 'example_branch_operator', 'branching', 'manual__2022-06-26T12:46:41.451448+00:00', '--job-id', '16', '--raw', '--subdir', '/home/***/.local/lib/python3.7/site-packages/***/example_dags/example_branch_operator.py', '--cfg-path', '/tmp/tmpi2xfx5_b', '--error-file', '/tmp/tmp488jc3ov']
[2022-06-26 12:46:44,347] {standard_task_runner.py:80} INFO - Job 16: Subtask branching
[2022-06-26 12:46:44,530] {task_command.py:370} INFO - Running <TaskInstance: example_branch_operator.branching manual__2022-06-26T12:46:41.451448+00:00 [running]> on host a64e0d15b5db
[2022-06-26 12:46:44,761] {taskinstance.py:1571} INFO - Exporting the following env vars:
AIRFLOW_CTX_DAG_OWNER=***
AIRFLOW_CTX_DAG_ID=example_branch_operator
AIRFLOW_CTX_TASK_ID=branching
AIRFLOW_CTX_EXECUTION_DATE=2022-06-26T12:46:41.451448+00:00
AIRFLOW_CTX_TRY_NUMBER=1
AIRFLOW_CTX_DAG_RUN_ID=manual__2022-06-26T12:46:41.451448+00:00
[2022-06-26 12:46:44,764] {python.py:173} INFO - Done. Returned value was: branch_a
[2022-06-26 12:46:44,765] {skipmixin.py:140} INFO - Following branch branch_a
[2022-06-26 12:46:44,765] {skipmixin.py:175} INFO - Skipping tasks ['branch_b', 'branch_c', 'branch_d']
[2022-06-26 12:46:44,920] {taskinstance.py:1400} INFO - Marking task as SUCCESS. dag_id=example_branch_operator, task_id=branching, execution_date=20220626T124641, start_date=20220626T124644, end_date=20220626T124644
[2022-06-26 12:46:44,965] {local_task_job.py:156} INFO - Task exited with return code 0
[2022-06-26 12:46:45,040] {local_task_job.py:273} INFO - 1 downstream tasks scheduled from follow-on schedule check
