[2022-09-16 14:10:21,944] {taskinstance.py:1179} INFO - Dependencies all met for <TaskInstance: preprocessing_data.fit_model scheduled__2022-09-16T13:57:43.942501+00:00 [queued]>
[2022-09-16 14:10:21,950] {taskinstance.py:1179} INFO - Dependencies all met for <TaskInstance: preprocessing_data.fit_model scheduled__2022-09-16T13:57:43.942501+00:00 [queued]>
[2022-09-16 14:10:21,950] {taskinstance.py:1376} INFO - 
--------------------------------------------------------------------------------
[2022-09-16 14:10:21,950] {taskinstance.py:1377} INFO - Starting attempt 1 of 2
[2022-09-16 14:10:21,950] {taskinstance.py:1378} INFO - 
--------------------------------------------------------------------------------
[2022-09-16 14:10:21,964] {taskinstance.py:1397} INFO - Executing <Task(PythonOperator): fit_model> on 2022-09-16 13:57:43.942501+00:00
[2022-09-16 14:10:21,971] {standard_task_runner.py:52} INFO - Started process 88543 to run task
[2022-09-16 14:10:21,975] {standard_task_runner.py:79} INFO - Running: ['airflow', 'tasks', 'run', 'preprocessing_data', 'fit_model', 'scheduled__2022-09-16T13:57:43.942501+00:00', '--job-id', '382', '--raw', '--subdir', 'DAGS_FOLDER/model_dag.py', '--cfg-path', '/tmp/tmpqph76v69', '--error-file', '/tmp/tmp968i23b4']
[2022-09-16 14:10:21,975] {standard_task_runner.py:80} INFO - Job 382: Subtask fit_model
[2022-09-16 14:10:22,022] {task_command.py:371} INFO - Running <TaskInstance: preprocessing_data.fit_model scheduled__2022-09-16T13:57:43.942501+00:00 [running]> on host rc1b-dataproc-m-xzxwmqcudfo0foh0.mdb.yandexcloud.net
[2022-09-16 14:10:22,075] {taskinstance.py:1589} INFO - Exporting the following env vars:
AIRFLOW_CTX_DAG_EMAIL=airflow@example.com
AIRFLOW_CTX_DAG_OWNER=airflow
AIRFLOW_CTX_DAG_ID=preprocessing_data
AIRFLOW_CTX_TASK_ID=fit_model
AIRFLOW_CTX_EXECUTION_DATE=2022-09-16T13:57:43.942501+00:00
AIRFLOW_CTX_TRY_NUMBER=1
AIRFLOW_CTX_DAG_RUN_ID=scheduled__2022-09-16T13:57:43.942501+00:00
[2022-09-16 14:10:22,077] {train_model.py:37} INFO - GOT INTO TRAIN FUNCTION
[2022-09-16 14:10:22,084] {train_model.py:42} INFO - Data path: /user/airflow/processed_files/slice_of_81_91.parquet
[2022-09-16 14:12:11,092] {logging_mixin.py:115} WARNING - 2022/09/16 14:12:11 WARNING mlflow.pyspark.ml: Model inputs contain unsupported Spark data types: [StructField(featuresFinal,VectorUDT,true)]. Model signature is not logged.
[2022-09-16 14:12:29,392] {credentials.py:1094} INFO - Found credentials in environment variables.
[2022-09-16 14:12:43,920] {train_model.py:71} INFO - Accuracy SCORE: 0.6229580950406894
[2022-09-16 14:12:43,951] {python.py:173} INFO - Done. Returned value was: None
[2022-09-16 14:12:43,962] {taskinstance.py:1415} INFO - Marking task as SUCCESS. dag_id=preprocessing_data, task_id=fit_model, execution_date=20220916T135743, start_date=20220916T141021, end_date=20220916T141243
[2022-09-16 14:12:44,021] {local_task_job.py:156} INFO - Task exited with return code 0
[2022-09-16 14:12:44,046] {local_task_job.py:273} INFO - 1 downstream tasks scheduled from follow-on schedule check
