[2022-09-17 08:54:05,569] {taskinstance.py:1179} INFO - Dependencies all met for <TaskInstance: preprocessing_data.clean_data scheduled__2022-09-17T08:32:02.947415+00:00 [queued]>
[2022-09-17 08:54:05,577] {taskinstance.py:1179} INFO - Dependencies all met for <TaskInstance: preprocessing_data.clean_data scheduled__2022-09-17T08:32:02.947415+00:00 [queued]>
[2022-09-17 08:54:05,577] {taskinstance.py:1376} INFO - 
--------------------------------------------------------------------------------
[2022-09-17 08:54:05,578] {taskinstance.py:1377} INFO - Starting attempt 1 of 2
[2022-09-17 08:54:05,578] {taskinstance.py:1378} INFO - 
--------------------------------------------------------------------------------
[2022-09-17 08:54:05,596] {taskinstance.py:1397} INFO - Executing <Task(PythonOperator): clean_data> on 2022-09-17 08:32:02.947415+00:00
[2022-09-17 08:54:05,602] {standard_task_runner.py:52} INFO - Started process 15834 to run task
[2022-09-17 08:54:05,607] {standard_task_runner.py:79} INFO - Running: ['airflow', 'tasks', 'run', 'preprocessing_data', 'clean_data', 'scheduled__2022-09-17T08:32:02.947415+00:00', '--job-id', '407', '--raw', '--subdir', 'DAGS_FOLDER/model_dag.py', '--cfg-path', '/tmp/tmpiio4il3l', '--error-file', '/tmp/tmpda7qhzhc']
[2022-09-17 08:54:05,608] {standard_task_runner.py:80} INFO - Job 407: Subtask clean_data
[2022-09-17 08:54:05,680] {task_command.py:371} INFO - Running <TaskInstance: preprocessing_data.clean_data scheduled__2022-09-17T08:32:02.947415+00:00 [running]> on host rc1b-dataproc-m-xzxwmqcudfo0foh0.mdb.yandexcloud.net
[2022-09-17 08:54:05,773] {taskinstance.py:1589} INFO - Exporting the following env vars:
AIRFLOW_CTX_DAG_EMAIL=airflow@example.com
AIRFLOW_CTX_DAG_OWNER=airflow
AIRFLOW_CTX_DAG_ID=preprocessing_data
AIRFLOW_CTX_TASK_ID=clean_data
AIRFLOW_CTX_EXECUTION_DATE=2022-09-17T08:32:02.947415+00:00
AIRFLOW_CTX_TRY_NUMBER=1
AIRFLOW_CTX_DAG_RUN_ID=scheduled__2022-09-17T08:32:02.947415+00:00
[2022-09-17 08:56:00,458] {credentials.py:1094} INFO - Found credentials in environment variables.
[2022-09-17 08:56:01,882] {python.py:173} INFO - Done. Returned value was: None
[2022-09-17 08:56:01,895] {taskinstance.py:1415} INFO - Marking task as SUCCESS. dag_id=preprocessing_data, task_id=clean_data, execution_date=20220917T083202, start_date=20220917T085405, end_date=20220917T085601
[2022-09-17 08:56:01,945] {local_task_job.py:156} INFO - Task exited with return code 0
[2022-09-17 08:56:02,018] {local_task_job.py:273} INFO - 1 downstream tasks scheduled from follow-on schedule check
