[2022-09-05 10:47:34,426] {processor.py:153} INFO - Started process (PID=12187) to work on /home/ubuntu/.local/lib/python3.8/site-packages/airflow/example_dags/example_python_operator.py
[2022-09-05 10:47:34,427] {processor.py:641} INFO - Processing file /home/ubuntu/.local/lib/python3.8/site-packages/airflow/example_dags/example_python_operator.py for tasks to queue
[2022-09-05 10:47:34,427] {logging_mixin.py:115} INFO - [2022-09-05 10:47:34,427] {dagbag.py:508} INFO - Filling up the DagBag from /home/ubuntu/.local/lib/python3.8/site-packages/airflow/example_dags/example_python_operator.py
[2022-09-05 10:47:34,443] {processor.py:651} INFO - DAG(s) dict_keys(['example_python_operator']) retrieved from /home/ubuntu/.local/lib/python3.8/site-packages/airflow/example_dags/example_python_operator.py
[2022-09-05 10:47:34,460] {logging_mixin.py:115} INFO - [2022-09-05 10:47:34,460] {dag.py:2420} INFO - Sync 1 DAGs
[2022-09-05 10:47:34,474] {logging_mixin.py:115} INFO - [2022-09-05 10:47:34,474] {dag.py:2968} INFO - Setting next_dagrun for example_python_operator to None, run_after=None
[2022-09-05 10:47:34,488] {processor.py:161} INFO - Processing /home/ubuntu/.local/lib/python3.8/site-packages/airflow/example_dags/example_python_operator.py took 0.065 seconds
[2022-09-05 10:48:09,880] {processor.py:153} INFO - Started process (PID=12271) to work on /home/ubuntu/.local/lib/python3.8/site-packages/airflow/example_dags/example_python_operator.py
[2022-09-05 10:48:09,881] {processor.py:641} INFO - Processing file /home/ubuntu/.local/lib/python3.8/site-packages/airflow/example_dags/example_python_operator.py for tasks to queue
[2022-09-05 10:48:09,882] {logging_mixin.py:115} INFO - [2022-09-05 10:48:09,881] {dagbag.py:508} INFO - Filling up the DagBag from /home/ubuntu/.local/lib/python3.8/site-packages/airflow/example_dags/example_python_operator.py
[2022-09-05 10:48:09,899] {processor.py:651} INFO - DAG(s) dict_keys(['example_python_operator']) retrieved from /home/ubuntu/.local/lib/python3.8/site-packages/airflow/example_dags/example_python_operator.py
[2022-09-05 10:48:09,917] {logging_mixin.py:115} INFO - [2022-09-05 10:48:09,917] {dag.py:2420} INFO - Sync 1 DAGs
[2022-09-05 10:48:09,933] {logging_mixin.py:115} INFO - [2022-09-05 10:48:09,933] {dag.py:2968} INFO - Setting next_dagrun for example_python_operator to None, run_after=None
[2022-09-05 10:48:09,949] {processor.py:161} INFO - Processing /home/ubuntu/.local/lib/python3.8/site-packages/airflow/example_dags/example_python_operator.py took 0.073 seconds
[2022-09-05 10:48:44,849] {processor.py:153} INFO - Started process (PID=12357) to work on /home/ubuntu/.local/lib/python3.8/site-packages/airflow/example_dags/example_python_operator.py
[2022-09-05 10:48:44,850] {processor.py:641} INFO - Processing file /home/ubuntu/.local/lib/python3.8/site-packages/airflow/example_dags/example_python_operator.py for tasks to queue
[2022-09-05 10:48:44,851] {logging_mixin.py:115} INFO - [2022-09-05 10:48:44,851] {dagbag.py:508} INFO - Filling up the DagBag from /home/ubuntu/.local/lib/python3.8/site-packages/airflow/example_dags/example_python_operator.py
[2022-09-05 10:48:44,868] {processor.py:651} INFO - DAG(s) dict_keys(['example_python_operator']) retrieved from /home/ubuntu/.local/lib/python3.8/site-packages/airflow/example_dags/example_python_operator.py
[2022-09-05 10:48:44,886] {logging_mixin.py:115} INFO - [2022-09-05 10:48:44,886] {dag.py:2420} INFO - Sync 1 DAGs
[2022-09-05 10:48:44,902] {logging_mixin.py:115} INFO - [2022-09-05 10:48:44,902] {dag.py:2968} INFO - Setting next_dagrun for example_python_operator to None, run_after=None
[2022-09-05 10:48:44,916] {processor.py:161} INFO - Processing /home/ubuntu/.local/lib/python3.8/site-packages/airflow/example_dags/example_python_operator.py took 0.071 seconds
[2022-09-05 10:49:20,959] {processor.py:153} INFO - Started process (PID=12445) to work on /home/ubuntu/.local/lib/python3.8/site-packages/airflow/example_dags/example_python_operator.py
[2022-09-05 10:49:20,960] {processor.py:641} INFO - Processing file /home/ubuntu/.local/lib/python3.8/site-packages/airflow/example_dags/example_python_operator.py for tasks to queue
[2022-09-05 10:49:20,961] {logging_mixin.py:115} INFO - [2022-09-05 10:49:20,961] {dagbag.py:508} INFO - Filling up the DagBag from /home/ubuntu/.local/lib/python3.8/site-packages/airflow/example_dags/example_python_operator.py
[2022-09-05 10:49:20,977] {processor.py:651} INFO - DAG(s) dict_keys(['example_python_operator']) retrieved from /home/ubuntu/.local/lib/python3.8/site-packages/airflow/example_dags/example_python_operator.py
[2022-09-05 10:49:20,995] {logging_mixin.py:115} INFO - [2022-09-05 10:49:20,995] {dag.py:2420} INFO - Sync 1 DAGs
[2022-09-05 10:49:21,011] {logging_mixin.py:115} INFO - [2022-09-05 10:49:21,011] {dag.py:2968} INFO - Setting next_dagrun for example_python_operator to None, run_after=None
[2022-09-05 10:49:21,032] {processor.py:161} INFO - Processing /home/ubuntu/.local/lib/python3.8/site-packages/airflow/example_dags/example_python_operator.py took 0.076 seconds
[2022-09-05 10:49:57,736] {processor.py:153} INFO - Started process (PID=12531) to work on /home/ubuntu/.local/lib/python3.8/site-packages/airflow/example_dags/example_python_operator.py
[2022-09-05 10:49:57,738] {processor.py:641} INFO - Processing file /home/ubuntu/.local/lib/python3.8/site-packages/airflow/example_dags/example_python_operator.py for tasks to queue
[2022-09-05 10:49:57,738] {logging_mixin.py:115} INFO - [2022-09-05 10:49:57,738] {dagbag.py:508} INFO - Filling up the DagBag from /home/ubuntu/.local/lib/python3.8/site-packages/airflow/example_dags/example_python_operator.py
[2022-09-05 10:49:57,755] {processor.py:651} INFO - DAG(s) dict_keys(['example_python_operator']) retrieved from /home/ubuntu/.local/lib/python3.8/site-packages/airflow/example_dags/example_python_operator.py
[2022-09-05 10:49:57,772] {logging_mixin.py:115} INFO - [2022-09-05 10:49:57,772] {dag.py:2420} INFO - Sync 1 DAGs
[2022-09-05 10:49:57,787] {logging_mixin.py:115} INFO - [2022-09-05 10:49:57,787] {dag.py:2968} INFO - Setting next_dagrun for example_python_operator to None, run_after=None
[2022-09-05 10:49:57,802] {processor.py:161} INFO - Processing /home/ubuntu/.local/lib/python3.8/site-packages/airflow/example_dags/example_python_operator.py took 0.069 seconds
[2022-09-05 10:50:33,026] {processor.py:153} INFO - Started process (PID=12616) to work on /home/ubuntu/.local/lib/python3.8/site-packages/airflow/example_dags/example_python_operator.py
[2022-09-05 10:50:33,027] {processor.py:641} INFO - Processing file /home/ubuntu/.local/lib/python3.8/site-packages/airflow/example_dags/example_python_operator.py for tasks to queue
[2022-09-05 10:50:33,028] {logging_mixin.py:115} INFO - [2022-09-05 10:50:33,028] {dagbag.py:508} INFO - Filling up the DagBag from /home/ubuntu/.local/lib/python3.8/site-packages/airflow/example_dags/example_python_operator.py
[2022-09-05 10:50:33,044] {processor.py:651} INFO - DAG(s) dict_keys(['example_python_operator']) retrieved from /home/ubuntu/.local/lib/python3.8/site-packages/airflow/example_dags/example_python_operator.py
[2022-09-05 10:50:33,062] {logging_mixin.py:115} INFO - [2022-09-05 10:50:33,062] {dag.py:2420} INFO - Sync 1 DAGs
[2022-09-05 10:50:33,077] {logging_mixin.py:115} INFO - [2022-09-05 10:50:33,077] {dag.py:2968} INFO - Setting next_dagrun for example_python_operator to None, run_after=None
[2022-09-05 10:50:33,096] {processor.py:161} INFO - Processing /home/ubuntu/.local/lib/python3.8/site-packages/airflow/example_dags/example_python_operator.py took 0.073 seconds
[2022-09-05 10:51:09,606] {processor.py:153} INFO - Started process (PID=12707) to work on /home/ubuntu/.local/lib/python3.8/site-packages/airflow/example_dags/example_python_operator.py
[2022-09-05 10:51:09,607] {processor.py:641} INFO - Processing file /home/ubuntu/.local/lib/python3.8/site-packages/airflow/example_dags/example_python_operator.py for tasks to queue
[2022-09-05 10:51:09,608] {logging_mixin.py:115} INFO - [2022-09-05 10:51:09,608] {dagbag.py:508} INFO - Filling up the DagBag from /home/ubuntu/.local/lib/python3.8/site-packages/airflow/example_dags/example_python_operator.py
[2022-09-05 10:51:09,625] {processor.py:651} INFO - DAG(s) dict_keys(['example_python_operator']) retrieved from /home/ubuntu/.local/lib/python3.8/site-packages/airflow/example_dags/example_python_operator.py
[2022-09-05 10:51:09,643] {logging_mixin.py:115} INFO - [2022-09-05 10:51:09,643] {dag.py:2420} INFO - Sync 1 DAGs
[2022-09-05 10:51:09,658] {logging_mixin.py:115} INFO - [2022-09-05 10:51:09,658] {dag.py:2968} INFO - Setting next_dagrun for example_python_operator to None, run_after=None
[2022-09-05 10:51:09,673] {processor.py:161} INFO - Processing /home/ubuntu/.local/lib/python3.8/site-packages/airflow/example_dags/example_python_operator.py took 0.070 seconds
[2022-09-05 10:51:45,036] {processor.py:153} INFO - Started process (PID=13020) to work on /home/ubuntu/.local/lib/python3.8/site-packages/airflow/example_dags/example_python_operator.py
[2022-09-05 10:51:45,037] {processor.py:641} INFO - Processing file /home/ubuntu/.local/lib/python3.8/site-packages/airflow/example_dags/example_python_operator.py for tasks to queue
[2022-09-05 10:51:45,038] {logging_mixin.py:115} INFO - [2022-09-05 10:51:45,038] {dagbag.py:508} INFO - Filling up the DagBag from /home/ubuntu/.local/lib/python3.8/site-packages/airflow/example_dags/example_python_operator.py
[2022-09-05 10:51:45,054] {processor.py:651} INFO - DAG(s) dict_keys(['example_python_operator']) retrieved from /home/ubuntu/.local/lib/python3.8/site-packages/airflow/example_dags/example_python_operator.py
[2022-09-05 10:51:45,073] {logging_mixin.py:115} INFO - [2022-09-05 10:51:45,073] {dag.py:2420} INFO - Sync 1 DAGs
[2022-09-05 10:51:45,088] {logging_mixin.py:115} INFO - [2022-09-05 10:51:45,088] {dag.py:2968} INFO - Setting next_dagrun for example_python_operator to None, run_after=None
[2022-09-05 10:51:45,104] {processor.py:161} INFO - Processing /home/ubuntu/.local/lib/python3.8/site-packages/airflow/example_dags/example_python_operator.py took 0.071 seconds
[2022-09-05 10:52:19,203] {processor.py:153} INFO - Started process (PID=13151) to work on /home/ubuntu/.local/lib/python3.8/site-packages/airflow/example_dags/example_python_operator.py
[2022-09-05 10:52:19,204] {processor.py:641} INFO - Processing file /home/ubuntu/.local/lib/python3.8/site-packages/airflow/example_dags/example_python_operator.py for tasks to queue
[2022-09-05 10:52:19,205] {logging_mixin.py:115} INFO - [2022-09-05 10:52:19,205] {dagbag.py:508} INFO - Filling up the DagBag from /home/ubuntu/.local/lib/python3.8/site-packages/airflow/example_dags/example_python_operator.py
[2022-09-05 10:52:19,224] {processor.py:651} INFO - DAG(s) dict_keys(['example_python_operator']) retrieved from /home/ubuntu/.local/lib/python3.8/site-packages/airflow/example_dags/example_python_operator.py
[2022-09-05 10:52:19,238] {logging_mixin.py:115} INFO - [2022-09-05 10:52:19,237] {dag.py:2420} INFO - Sync 1 DAGs
[2022-09-05 10:52:19,252] {logging_mixin.py:115} INFO - [2022-09-05 10:52:19,252] {dag.py:2968} INFO - Setting next_dagrun for example_python_operator to None, run_after=None
[2022-09-05 10:52:19,269] {processor.py:161} INFO - Processing /home/ubuntu/.local/lib/python3.8/site-packages/airflow/example_dags/example_python_operator.py took 0.069 seconds
[2022-09-05 10:52:58,012] {processor.py:153} INFO - Started process (PID=13356) to work on /home/ubuntu/.local/lib/python3.8/site-packages/airflow/example_dags/example_python_operator.py
[2022-09-05 10:52:58,014] {processor.py:641} INFO - Processing file /home/ubuntu/.local/lib/python3.8/site-packages/airflow/example_dags/example_python_operator.py for tasks to queue
[2022-09-05 10:52:58,015] {logging_mixin.py:115} INFO - [2022-09-05 10:52:58,015] {dagbag.py:508} INFO - Filling up the DagBag from /home/ubuntu/.local/lib/python3.8/site-packages/airflow/example_dags/example_python_operator.py
[2022-09-05 10:52:58,035] {processor.py:651} INFO - DAG(s) dict_keys(['example_python_operator']) retrieved from /home/ubuntu/.local/lib/python3.8/site-packages/airflow/example_dags/example_python_operator.py
[2022-09-05 10:52:58,049] {logging_mixin.py:115} INFO - [2022-09-05 10:52:58,049] {dag.py:2420} INFO - Sync 1 DAGs
[2022-09-05 10:52:58,063] {logging_mixin.py:115} INFO - [2022-09-05 10:52:58,063] {dag.py:2968} INFO - Setting next_dagrun for example_python_operator to None, run_after=None
[2022-09-05 10:52:58,077] {processor.py:161} INFO - Processing /home/ubuntu/.local/lib/python3.8/site-packages/airflow/example_dags/example_python_operator.py took 0.068 seconds
[2022-09-05 10:53:30,282] {processor.py:153} INFO - Started process (PID=13414) to work on /home/ubuntu/.local/lib/python3.8/site-packages/airflow/example_dags/example_python_operator.py
[2022-09-05 10:53:30,284] {processor.py:641} INFO - Processing file /home/ubuntu/.local/lib/python3.8/site-packages/airflow/example_dags/example_python_operator.py for tasks to queue
[2022-09-05 10:53:30,284] {logging_mixin.py:115} INFO - [2022-09-05 10:53:30,284] {dagbag.py:508} INFO - Filling up the DagBag from /home/ubuntu/.local/lib/python3.8/site-packages/airflow/example_dags/example_python_operator.py
[2022-09-05 10:53:30,305] {processor.py:651} INFO - DAG(s) dict_keys(['example_python_operator']) retrieved from /home/ubuntu/.local/lib/python3.8/site-packages/airflow/example_dags/example_python_operator.py
[2022-09-05 10:53:30,320] {logging_mixin.py:115} INFO - [2022-09-05 10:53:30,320] {dag.py:2420} INFO - Sync 1 DAGs
[2022-09-05 10:53:30,335] {logging_mixin.py:115} INFO - [2022-09-05 10:53:30,335] {dag.py:2968} INFO - Setting next_dagrun for example_python_operator to None, run_after=None
[2022-09-05 10:53:30,372] {processor.py:161} INFO - Processing /home/ubuntu/.local/lib/python3.8/site-packages/airflow/example_dags/example_python_operator.py took 0.093 seconds
[2022-09-05 10:54:06,196] {processor.py:153} INFO - Started process (PID=13469) to work on /home/ubuntu/.local/lib/python3.8/site-packages/airflow/example_dags/example_python_operator.py
[2022-09-05 10:54:06,198] {processor.py:641} INFO - Processing file /home/ubuntu/.local/lib/python3.8/site-packages/airflow/example_dags/example_python_operator.py for tasks to queue
[2022-09-05 10:54:06,199] {logging_mixin.py:115} INFO - [2022-09-05 10:54:06,199] {dagbag.py:508} INFO - Filling up the DagBag from /home/ubuntu/.local/lib/python3.8/site-packages/airflow/example_dags/example_python_operator.py
[2022-09-05 10:54:06,220] {processor.py:651} INFO - DAG(s) dict_keys(['example_python_operator']) retrieved from /home/ubuntu/.local/lib/python3.8/site-packages/airflow/example_dags/example_python_operator.py
[2022-09-05 10:54:06,235] {logging_mixin.py:115} INFO - [2022-09-05 10:54:06,235] {dag.py:2420} INFO - Sync 1 DAGs
[2022-09-05 10:54:06,250] {logging_mixin.py:115} INFO - [2022-09-05 10:54:06,250] {dag.py:2968} INFO - Setting next_dagrun for example_python_operator to None, run_after=None
[2022-09-05 10:54:06,265] {processor.py:161} INFO - Processing /home/ubuntu/.local/lib/python3.8/site-packages/airflow/example_dags/example_python_operator.py took 0.072 seconds
[2022-09-05 10:54:37,587] {processor.py:153} INFO - Started process (PID=13516) to work on /home/ubuntu/.local/lib/python3.8/site-packages/airflow/example_dags/example_python_operator.py
[2022-09-05 10:54:37,588] {processor.py:641} INFO - Processing file /home/ubuntu/.local/lib/python3.8/site-packages/airflow/example_dags/example_python_operator.py for tasks to queue
[2022-09-05 10:54:37,588] {logging_mixin.py:115} INFO - [2022-09-05 10:54:37,588] {dagbag.py:508} INFO - Filling up the DagBag from /home/ubuntu/.local/lib/python3.8/site-packages/airflow/example_dags/example_python_operator.py
[2022-09-05 10:54:37,607] {processor.py:651} INFO - DAG(s) dict_keys(['example_python_operator']) retrieved from /home/ubuntu/.local/lib/python3.8/site-packages/airflow/example_dags/example_python_operator.py
[2022-09-05 10:54:37,622] {logging_mixin.py:115} INFO - [2022-09-05 10:54:37,622] {dag.py:2420} INFO - Sync 1 DAGs
[2022-09-05 10:54:37,637] {logging_mixin.py:115} INFO - [2022-09-05 10:54:37,637] {dag.py:2968} INFO - Setting next_dagrun for example_python_operator to None, run_after=None
[2022-09-05 10:54:37,669] {processor.py:161} INFO - Processing /home/ubuntu/.local/lib/python3.8/site-packages/airflow/example_dags/example_python_operator.py took 0.086 seconds
[2022-09-05 10:55:12,103] {processor.py:153} INFO - Started process (PID=13563) to work on /home/ubuntu/.local/lib/python3.8/site-packages/airflow/example_dags/example_python_operator.py
[2022-09-05 10:55:12,105] {processor.py:641} INFO - Processing file /home/ubuntu/.local/lib/python3.8/site-packages/airflow/example_dags/example_python_operator.py for tasks to queue
[2022-09-05 10:55:12,106] {logging_mixin.py:115} INFO - [2022-09-05 10:55:12,106] {dagbag.py:508} INFO - Filling up the DagBag from /home/ubuntu/.local/lib/python3.8/site-packages/airflow/example_dags/example_python_operator.py
[2022-09-05 10:55:12,127] {processor.py:651} INFO - DAG(s) dict_keys(['example_python_operator']) retrieved from /home/ubuntu/.local/lib/python3.8/site-packages/airflow/example_dags/example_python_operator.py
[2022-09-05 10:55:12,142] {logging_mixin.py:115} INFO - [2022-09-05 10:55:12,142] {dag.py:2420} INFO - Sync 1 DAGs
[2022-09-05 10:55:12,158] {logging_mixin.py:115} INFO - [2022-09-05 10:55:12,158] {dag.py:2968} INFO - Setting next_dagrun for example_python_operator to None, run_after=None
[2022-09-05 10:55:12,187] {processor.py:161} INFO - Processing /home/ubuntu/.local/lib/python3.8/site-packages/airflow/example_dags/example_python_operator.py took 0.087 seconds
[2022-09-05 10:55:48,468] {processor.py:153} INFO - Started process (PID=13613) to work on /home/ubuntu/.local/lib/python3.8/site-packages/airflow/example_dags/example_python_operator.py
[2022-09-05 10:55:48,469] {processor.py:641} INFO - Processing file /home/ubuntu/.local/lib/python3.8/site-packages/airflow/example_dags/example_python_operator.py for tasks to queue
[2022-09-05 10:55:48,470] {logging_mixin.py:115} INFO - [2022-09-05 10:55:48,469] {dagbag.py:508} INFO - Filling up the DagBag from /home/ubuntu/.local/lib/python3.8/site-packages/airflow/example_dags/example_python_operator.py
[2022-09-05 10:55:48,489] {processor.py:651} INFO - DAG(s) dict_keys(['example_python_operator']) retrieved from /home/ubuntu/.local/lib/python3.8/site-packages/airflow/example_dags/example_python_operator.py
[2022-09-05 10:55:48,502] {logging_mixin.py:115} INFO - [2022-09-05 10:55:48,502] {dag.py:2420} INFO - Sync 1 DAGs
[2022-09-05 10:55:48,517] {logging_mixin.py:115} INFO - [2022-09-05 10:55:48,517] {dag.py:2968} INFO - Setting next_dagrun for example_python_operator to None, run_after=None
[2022-09-05 10:55:48,532] {processor.py:161} INFO - Processing /home/ubuntu/.local/lib/python3.8/site-packages/airflow/example_dags/example_python_operator.py took 0.067 seconds
[2022-09-05 10:56:22,230] {processor.py:153} INFO - Started process (PID=13673) to work on /home/ubuntu/.local/lib/python3.8/site-packages/airflow/example_dags/example_python_operator.py
[2022-09-05 10:56:22,231] {processor.py:641} INFO - Processing file /home/ubuntu/.local/lib/python3.8/site-packages/airflow/example_dags/example_python_operator.py for tasks to queue
[2022-09-05 10:56:22,231] {logging_mixin.py:115} INFO - [2022-09-05 10:56:22,231] {dagbag.py:508} INFO - Filling up the DagBag from /home/ubuntu/.local/lib/python3.8/site-packages/airflow/example_dags/example_python_operator.py
[2022-09-05 10:56:22,251] {processor.py:651} INFO - DAG(s) dict_keys(['example_python_operator']) retrieved from /home/ubuntu/.local/lib/python3.8/site-packages/airflow/example_dags/example_python_operator.py
[2022-09-05 10:56:22,266] {logging_mixin.py:115} INFO - [2022-09-05 10:56:22,266] {dag.py:2420} INFO - Sync 1 DAGs
[2022-09-05 10:56:22,282] {logging_mixin.py:115} INFO - [2022-09-05 10:56:22,282] {dag.py:2968} INFO - Setting next_dagrun for example_python_operator to None, run_after=None
[2022-09-05 10:56:22,298] {processor.py:161} INFO - Processing /home/ubuntu/.local/lib/python3.8/site-packages/airflow/example_dags/example_python_operator.py took 0.071 seconds
[2022-09-05 10:56:57,095] {processor.py:153} INFO - Started process (PID=13727) to work on /home/ubuntu/.local/lib/python3.8/site-packages/airflow/example_dags/example_python_operator.py
[2022-09-05 10:56:57,097] {processor.py:641} INFO - Processing file /home/ubuntu/.local/lib/python3.8/site-packages/airflow/example_dags/example_python_operator.py for tasks to queue
[2022-09-05 10:56:57,098] {logging_mixin.py:115} INFO - [2022-09-05 10:56:57,098] {dagbag.py:508} INFO - Filling up the DagBag from /home/ubuntu/.local/lib/python3.8/site-packages/airflow/example_dags/example_python_operator.py
[2022-09-05 10:56:57,118] {processor.py:651} INFO - DAG(s) dict_keys(['example_python_operator']) retrieved from /home/ubuntu/.local/lib/python3.8/site-packages/airflow/example_dags/example_python_operator.py
[2022-09-05 10:56:57,132] {logging_mixin.py:115} INFO - [2022-09-05 10:56:57,132] {dag.py:2420} INFO - Sync 1 DAGs
[2022-09-05 10:56:57,147] {logging_mixin.py:115} INFO - [2022-09-05 10:56:57,147] {dag.py:2968} INFO - Setting next_dagrun for example_python_operator to None, run_after=None
[2022-09-05 10:56:57,162] {processor.py:161} INFO - Processing /home/ubuntu/.local/lib/python3.8/site-packages/airflow/example_dags/example_python_operator.py took 0.070 seconds
[2022-09-05 10:58:19,782] {processor.py:153} INFO - Started process (PID=14083) to work on /home/ubuntu/.local/lib/python3.8/site-packages/airflow/example_dags/example_python_operator.py
[2022-09-05 10:58:19,784] {processor.py:641} INFO - Processing file /home/ubuntu/.local/lib/python3.8/site-packages/airflow/example_dags/example_python_operator.py for tasks to queue
[2022-09-05 10:58:19,785] {logging_mixin.py:115} INFO - [2022-09-05 10:58:19,785] {dagbag.py:508} INFO - Filling up the DagBag from /home/ubuntu/.local/lib/python3.8/site-packages/airflow/example_dags/example_python_operator.py
[2022-09-05 10:58:19,803] {processor.py:651} INFO - DAG(s) dict_keys(['example_python_operator']) retrieved from /home/ubuntu/.local/lib/python3.8/site-packages/airflow/example_dags/example_python_operator.py
[2022-09-05 10:58:19,822] {logging_mixin.py:115} INFO - [2022-09-05 10:58:19,822] {dag.py:2420} INFO - Sync 1 DAGs
[2022-09-05 10:58:19,837] {logging_mixin.py:115} INFO - [2022-09-05 10:58:19,837] {dag.py:2968} INFO - Setting next_dagrun for example_python_operator to None, run_after=None
[2022-09-05 10:58:19,857] {processor.py:161} INFO - Processing /home/ubuntu/.local/lib/python3.8/site-packages/airflow/example_dags/example_python_operator.py took 0.078 seconds
[2022-09-05 10:58:57,014] {processor.py:153} INFO - Started process (PID=14293) to work on /home/ubuntu/.local/lib/python3.8/site-packages/airflow/example_dags/example_python_operator.py
[2022-09-05 10:58:57,016] {processor.py:641} INFO - Processing file /home/ubuntu/.local/lib/python3.8/site-packages/airflow/example_dags/example_python_operator.py for tasks to queue
[2022-09-05 10:58:57,017] {logging_mixin.py:115} INFO - [2022-09-05 10:58:57,017] {dagbag.py:508} INFO - Filling up the DagBag from /home/ubuntu/.local/lib/python3.8/site-packages/airflow/example_dags/example_python_operator.py
[2022-09-05 10:58:57,034] {processor.py:651} INFO - DAG(s) dict_keys(['example_python_operator']) retrieved from /home/ubuntu/.local/lib/python3.8/site-packages/airflow/example_dags/example_python_operator.py
[2022-09-05 10:58:57,053] {logging_mixin.py:115} INFO - [2022-09-05 10:58:57,053] {dag.py:2420} INFO - Sync 1 DAGs
[2022-09-05 10:58:57,068] {logging_mixin.py:115} INFO - [2022-09-05 10:58:57,068] {dag.py:2968} INFO - Setting next_dagrun for example_python_operator to None, run_after=None
[2022-09-05 10:58:57,096] {processor.py:161} INFO - Processing /home/ubuntu/.local/lib/python3.8/site-packages/airflow/example_dags/example_python_operator.py took 0.085 seconds
[2022-09-05 10:59:34,824] {processor.py:153} INFO - Started process (PID=14772) to work on /home/ubuntu/.local/lib/python3.8/site-packages/airflow/example_dags/example_python_operator.py
[2022-09-05 10:59:34,826] {processor.py:641} INFO - Processing file /home/ubuntu/.local/lib/python3.8/site-packages/airflow/example_dags/example_python_operator.py for tasks to queue
[2022-09-05 10:59:34,827] {logging_mixin.py:115} INFO - [2022-09-05 10:59:34,826] {dagbag.py:508} INFO - Filling up the DagBag from /home/ubuntu/.local/lib/python3.8/site-packages/airflow/example_dags/example_python_operator.py
[2022-09-05 10:59:34,844] {processor.py:651} INFO - DAG(s) dict_keys(['example_python_operator']) retrieved from /home/ubuntu/.local/lib/python3.8/site-packages/airflow/example_dags/example_python_operator.py
[2022-09-05 10:59:34,861] {logging_mixin.py:115} INFO - [2022-09-05 10:59:34,861] {dag.py:2420} INFO - Sync 1 DAGs
[2022-09-05 10:59:34,876] {logging_mixin.py:115} INFO - [2022-09-05 10:59:34,876] {dag.py:2968} INFO - Setting next_dagrun for example_python_operator to None, run_after=None
[2022-09-05 10:59:34,892] {processor.py:161} INFO - Processing /home/ubuntu/.local/lib/python3.8/site-packages/airflow/example_dags/example_python_operator.py took 0.071 seconds
[2022-09-05 11:00:13,810] {processor.py:153} INFO - Started process (PID=14985) to work on /home/ubuntu/.local/lib/python3.8/site-packages/airflow/example_dags/example_python_operator.py
[2022-09-05 11:00:13,812] {processor.py:641} INFO - Processing file /home/ubuntu/.local/lib/python3.8/site-packages/airflow/example_dags/example_python_operator.py for tasks to queue
[2022-09-05 11:00:13,813] {logging_mixin.py:115} INFO - [2022-09-05 11:00:13,813] {dagbag.py:508} INFO - Filling up the DagBag from /home/ubuntu/.local/lib/python3.8/site-packages/airflow/example_dags/example_python_operator.py
[2022-09-05 11:00:13,831] {processor.py:651} INFO - DAG(s) dict_keys(['example_python_operator']) retrieved from /home/ubuntu/.local/lib/python3.8/site-packages/airflow/example_dags/example_python_operator.py
[2022-09-05 11:00:13,850] {logging_mixin.py:115} INFO - [2022-09-05 11:00:13,850] {dag.py:2420} INFO - Sync 1 DAGs
[2022-09-05 11:00:13,866] {logging_mixin.py:115} INFO - [2022-09-05 11:00:13,866] {dag.py:2968} INFO - Setting next_dagrun for example_python_operator to None, run_after=None
[2022-09-05 11:00:13,883] {processor.py:161} INFO - Processing /home/ubuntu/.local/lib/python3.8/site-packages/airflow/example_dags/example_python_operator.py took 0.077 seconds
[2022-09-05 11:00:49,576] {processor.py:153} INFO - Started process (PID=15032) to work on /home/ubuntu/.local/lib/python3.8/site-packages/airflow/example_dags/example_python_operator.py
[2022-09-05 11:00:49,577] {processor.py:641} INFO - Processing file /home/ubuntu/.local/lib/python3.8/site-packages/airflow/example_dags/example_python_operator.py for tasks to queue
[2022-09-05 11:00:49,578] {logging_mixin.py:115} INFO - [2022-09-05 11:00:49,578] {dagbag.py:508} INFO - Filling up the DagBag from /home/ubuntu/.local/lib/python3.8/site-packages/airflow/example_dags/example_python_operator.py
[2022-09-05 11:00:49,595] {processor.py:651} INFO - DAG(s) dict_keys(['example_python_operator']) retrieved from /home/ubuntu/.local/lib/python3.8/site-packages/airflow/example_dags/example_python_operator.py
[2022-09-05 11:00:49,614] {logging_mixin.py:115} INFO - [2022-09-05 11:00:49,613] {dag.py:2420} INFO - Sync 1 DAGs
[2022-09-05 11:00:49,629] {logging_mixin.py:115} INFO - [2022-09-05 11:00:49,629] {dag.py:2968} INFO - Setting next_dagrun for example_python_operator to None, run_after=None
[2022-09-05 11:00:49,646] {processor.py:161} INFO - Processing /home/ubuntu/.local/lib/python3.8/site-packages/airflow/example_dags/example_python_operator.py took 0.074 seconds
[2022-09-05 11:01:25,183] {processor.py:153} INFO - Started process (PID=15073) to work on /home/ubuntu/.local/lib/python3.8/site-packages/airflow/example_dags/example_python_operator.py
[2022-09-05 11:01:25,184] {processor.py:641} INFO - Processing file /home/ubuntu/.local/lib/python3.8/site-packages/airflow/example_dags/example_python_operator.py for tasks to queue
[2022-09-05 11:01:25,184] {logging_mixin.py:115} INFO - [2022-09-05 11:01:25,184] {dagbag.py:508} INFO - Filling up the DagBag from /home/ubuntu/.local/lib/python3.8/site-packages/airflow/example_dags/example_python_operator.py
[2022-09-05 11:01:25,201] {processor.py:651} INFO - DAG(s) dict_keys(['example_python_operator']) retrieved from /home/ubuntu/.local/lib/python3.8/site-packages/airflow/example_dags/example_python_operator.py
[2022-09-05 11:01:25,220] {logging_mixin.py:115} INFO - [2022-09-05 11:01:25,220] {dag.py:2420} INFO - Sync 1 DAGs
[2022-09-05 11:01:25,236] {logging_mixin.py:115} INFO - [2022-09-05 11:01:25,236] {dag.py:2968} INFO - Setting next_dagrun for example_python_operator to None, run_after=None
[2022-09-05 11:01:25,252] {processor.py:161} INFO - Processing /home/ubuntu/.local/lib/python3.8/site-packages/airflow/example_dags/example_python_operator.py took 0.073 seconds
[2022-09-05 11:01:59,082] {processor.py:153} INFO - Started process (PID=15115) to work on /home/ubuntu/.local/lib/python3.8/site-packages/airflow/example_dags/example_python_operator.py
[2022-09-05 11:01:59,083] {processor.py:641} INFO - Processing file /home/ubuntu/.local/lib/python3.8/site-packages/airflow/example_dags/example_python_operator.py for tasks to queue
[2022-09-05 11:01:59,084] {logging_mixin.py:115} INFO - [2022-09-05 11:01:59,084] {dagbag.py:508} INFO - Filling up the DagBag from /home/ubuntu/.local/lib/python3.8/site-packages/airflow/example_dags/example_python_operator.py
[2022-09-05 11:01:59,101] {processor.py:651} INFO - DAG(s) dict_keys(['example_python_operator']) retrieved from /home/ubuntu/.local/lib/python3.8/site-packages/airflow/example_dags/example_python_operator.py
[2022-09-05 11:01:59,120] {logging_mixin.py:115} INFO - [2022-09-05 11:01:59,120] {dag.py:2420} INFO - Sync 1 DAGs
[2022-09-05 11:01:59,136] {logging_mixin.py:115} INFO - [2022-09-05 11:01:59,135] {dag.py:2968} INFO - Setting next_dagrun for example_python_operator to None, run_after=None
[2022-09-05 11:01:59,153] {processor.py:161} INFO - Processing /home/ubuntu/.local/lib/python3.8/site-packages/airflow/example_dags/example_python_operator.py took 0.075 seconds
[2022-09-05 11:02:35,640] {processor.py:153} INFO - Started process (PID=15163) to work on /home/ubuntu/.local/lib/python3.8/site-packages/airflow/example_dags/example_python_operator.py
[2022-09-05 11:02:35,641] {processor.py:641} INFO - Processing file /home/ubuntu/.local/lib/python3.8/site-packages/airflow/example_dags/example_python_operator.py for tasks to queue
[2022-09-05 11:02:35,642] {logging_mixin.py:115} INFO - [2022-09-05 11:02:35,642] {dagbag.py:508} INFO - Filling up the DagBag from /home/ubuntu/.local/lib/python3.8/site-packages/airflow/example_dags/example_python_operator.py
[2022-09-05 11:02:35,659] {processor.py:651} INFO - DAG(s) dict_keys(['example_python_operator']) retrieved from /home/ubuntu/.local/lib/python3.8/site-packages/airflow/example_dags/example_python_operator.py
[2022-09-05 11:02:35,677] {logging_mixin.py:115} INFO - [2022-09-05 11:02:35,677] {dag.py:2420} INFO - Sync 1 DAGs
[2022-09-05 11:02:35,692] {logging_mixin.py:115} INFO - [2022-09-05 11:02:35,692] {dag.py:2968} INFO - Setting next_dagrun for example_python_operator to None, run_after=None
[2022-09-05 11:02:35,708] {processor.py:161} INFO - Processing /home/ubuntu/.local/lib/python3.8/site-packages/airflow/example_dags/example_python_operator.py took 0.071 seconds
[2022-09-05 11:03:11,353] {processor.py:153} INFO - Started process (PID=15502) to work on /home/ubuntu/.local/lib/python3.8/site-packages/airflow/example_dags/example_python_operator.py
[2022-09-05 11:03:11,355] {processor.py:641} INFO - Processing file /home/ubuntu/.local/lib/python3.8/site-packages/airflow/example_dags/example_python_operator.py for tasks to queue
[2022-09-05 11:03:11,355] {logging_mixin.py:115} INFO - [2022-09-05 11:03:11,355] {dagbag.py:508} INFO - Filling up the DagBag from /home/ubuntu/.local/lib/python3.8/site-packages/airflow/example_dags/example_python_operator.py
[2022-09-05 11:03:11,376] {processor.py:651} INFO - DAG(s) dict_keys(['example_python_operator']) retrieved from /home/ubuntu/.local/lib/python3.8/site-packages/airflow/example_dags/example_python_operator.py
[2022-09-05 11:03:11,391] {logging_mixin.py:115} INFO - [2022-09-05 11:03:11,391] {dag.py:2420} INFO - Sync 1 DAGs
[2022-09-05 11:03:11,406] {logging_mixin.py:115} INFO - [2022-09-05 11:03:11,406] {dag.py:2968} INFO - Setting next_dagrun for example_python_operator to None, run_after=None
[2022-09-05 11:03:11,422] {processor.py:161} INFO - Processing /home/ubuntu/.local/lib/python3.8/site-packages/airflow/example_dags/example_python_operator.py took 0.072 seconds
[2022-09-05 11:03:57,593] {processor.py:153} INFO - Started process (PID=15794) to work on /home/ubuntu/.local/lib/python3.8/site-packages/airflow/example_dags/example_python_operator.py
[2022-09-05 11:03:57,595] {processor.py:641} INFO - Processing file /home/ubuntu/.local/lib/python3.8/site-packages/airflow/example_dags/example_python_operator.py for tasks to queue
[2022-09-05 11:03:57,596] {logging_mixin.py:115} INFO - [2022-09-05 11:03:57,596] {dagbag.py:508} INFO - Filling up the DagBag from /home/ubuntu/.local/lib/python3.8/site-packages/airflow/example_dags/example_python_operator.py
[2022-09-05 11:03:57,613] {processor.py:651} INFO - DAG(s) dict_keys(['example_python_operator']) retrieved from /home/ubuntu/.local/lib/python3.8/site-packages/airflow/example_dags/example_python_operator.py
[2022-09-05 11:03:57,632] {logging_mixin.py:115} INFO - [2022-09-05 11:03:57,631] {dag.py:2420} INFO - Sync 1 DAGs
[2022-09-05 11:03:57,647] {logging_mixin.py:115} INFO - [2022-09-05 11:03:57,647] {dag.py:2968} INFO - Setting next_dagrun for example_python_operator to None, run_after=None
[2022-09-05 11:03:57,670] {processor.py:161} INFO - Processing /home/ubuntu/.local/lib/python3.8/site-packages/airflow/example_dags/example_python_operator.py took 0.080 seconds
[2022-09-05 11:04:34,202] {processor.py:153} INFO - Started process (PID=15838) to work on /home/ubuntu/.local/lib/python3.8/site-packages/airflow/example_dags/example_python_operator.py
[2022-09-05 11:04:34,204] {processor.py:641} INFO - Processing file /home/ubuntu/.local/lib/python3.8/site-packages/airflow/example_dags/example_python_operator.py for tasks to queue
[2022-09-05 11:04:34,204] {logging_mixin.py:115} INFO - [2022-09-05 11:04:34,204] {dagbag.py:508} INFO - Filling up the DagBag from /home/ubuntu/.local/lib/python3.8/site-packages/airflow/example_dags/example_python_operator.py
[2022-09-05 11:04:34,221] {processor.py:651} INFO - DAG(s) dict_keys(['example_python_operator']) retrieved from /home/ubuntu/.local/lib/python3.8/site-packages/airflow/example_dags/example_python_operator.py
[2022-09-05 11:04:34,240] {logging_mixin.py:115} INFO - [2022-09-05 11:04:34,240] {dag.py:2420} INFO - Sync 1 DAGs
[2022-09-05 11:04:34,258] {logging_mixin.py:115} INFO - [2022-09-05 11:04:34,258] {dag.py:2968} INFO - Setting next_dagrun for example_python_operator to None, run_after=None
[2022-09-05 11:04:34,284] {processor.py:161} INFO - Processing /home/ubuntu/.local/lib/python3.8/site-packages/airflow/example_dags/example_python_operator.py took 0.085 seconds
[2022-09-05 11:09:09,114] {processor.py:153} INFO - Started process (PID=20160) to work on /home/ubuntu/.local/lib/python3.8/site-packages/airflow/example_dags/example_python_operator.py
[2022-09-05 11:09:09,116] {processor.py:641} INFO - Processing file /home/ubuntu/.local/lib/python3.8/site-packages/airflow/example_dags/example_python_operator.py for tasks to queue
[2022-09-05 11:09:09,117] {logging_mixin.py:115} INFO - [2022-09-05 11:09:09,117] {dagbag.py:508} INFO - Filling up the DagBag from /home/ubuntu/.local/lib/python3.8/site-packages/airflow/example_dags/example_python_operator.py
[2022-09-05 11:09:09,135] {processor.py:651} INFO - DAG(s) dict_keys(['example_python_operator']) retrieved from /home/ubuntu/.local/lib/python3.8/site-packages/airflow/example_dags/example_python_operator.py
[2022-09-05 11:09:09,150] {logging_mixin.py:115} INFO - [2022-09-05 11:09:09,150] {dag.py:2420} INFO - Sync 1 DAGs
[2022-09-05 11:09:09,163] {logging_mixin.py:115} INFO - [2022-09-05 11:09:09,163] {dag.py:2968} INFO - Setting next_dagrun for example_python_operator to None, run_after=None
[2022-09-05 11:09:09,184] {processor.py:161} INFO - Processing /home/ubuntu/.local/lib/python3.8/site-packages/airflow/example_dags/example_python_operator.py took 0.073 seconds
[2022-09-05 11:09:45,227] {processor.py:153} INFO - Started process (PID=20221) to work on /home/ubuntu/.local/lib/python3.8/site-packages/airflow/example_dags/example_python_operator.py
[2022-09-05 11:09:45,229] {processor.py:641} INFO - Processing file /home/ubuntu/.local/lib/python3.8/site-packages/airflow/example_dags/example_python_operator.py for tasks to queue
[2022-09-05 11:09:45,229] {logging_mixin.py:115} INFO - [2022-09-05 11:09:45,229] {dagbag.py:508} INFO - Filling up the DagBag from /home/ubuntu/.local/lib/python3.8/site-packages/airflow/example_dags/example_python_operator.py
[2022-09-05 11:09:45,247] {processor.py:651} INFO - DAG(s) dict_keys(['example_python_operator']) retrieved from /home/ubuntu/.local/lib/python3.8/site-packages/airflow/example_dags/example_python_operator.py
[2022-09-05 11:09:45,263] {logging_mixin.py:115} INFO - [2022-09-05 11:09:45,263] {dag.py:2420} INFO - Sync 1 DAGs
[2022-09-05 11:09:45,276] {logging_mixin.py:115} INFO - [2022-09-05 11:09:45,276] {dag.py:2968} INFO - Setting next_dagrun for example_python_operator to None, run_after=None
[2022-09-05 11:09:45,294] {processor.py:161} INFO - Processing /home/ubuntu/.local/lib/python3.8/site-packages/airflow/example_dags/example_python_operator.py took 0.070 seconds
[2022-09-05 11:12:05,840] {processor.py:153} INFO - Started process (PID=21997) to work on /home/ubuntu/.local/lib/python3.8/site-packages/airflow/example_dags/example_python_operator.py
[2022-09-05 11:12:05,842] {processor.py:641} INFO - Processing file /home/ubuntu/.local/lib/python3.8/site-packages/airflow/example_dags/example_python_operator.py for tasks to queue
[2022-09-05 11:12:05,842] {logging_mixin.py:115} INFO - [2022-09-05 11:12:05,842] {dagbag.py:508} INFO - Filling up the DagBag from /home/ubuntu/.local/lib/python3.8/site-packages/airflow/example_dags/example_python_operator.py
[2022-09-05 11:12:05,860] {processor.py:651} INFO - DAG(s) dict_keys(['example_python_operator']) retrieved from /home/ubuntu/.local/lib/python3.8/site-packages/airflow/example_dags/example_python_operator.py
[2022-09-05 11:12:05,875] {logging_mixin.py:115} INFO - [2022-09-05 11:12:05,875] {dag.py:2420} INFO - Sync 1 DAGs
[2022-09-05 11:12:05,889] {logging_mixin.py:115} INFO - [2022-09-05 11:12:05,889] {dag.py:2968} INFO - Setting next_dagrun for example_python_operator to None, run_after=None
[2022-09-05 11:12:05,911] {processor.py:161} INFO - Processing /home/ubuntu/.local/lib/python3.8/site-packages/airflow/example_dags/example_python_operator.py took 0.074 seconds
[2022-09-05 11:12:41,058] {processor.py:153} INFO - Started process (PID=22203) to work on /home/ubuntu/.local/lib/python3.8/site-packages/airflow/example_dags/example_python_operator.py
[2022-09-05 11:12:41,059] {processor.py:641} INFO - Processing file /home/ubuntu/.local/lib/python3.8/site-packages/airflow/example_dags/example_python_operator.py for tasks to queue
[2022-09-05 11:12:41,059] {logging_mixin.py:115} INFO - [2022-09-05 11:12:41,059] {dagbag.py:508} INFO - Filling up the DagBag from /home/ubuntu/.local/lib/python3.8/site-packages/airflow/example_dags/example_python_operator.py
[2022-09-05 11:12:41,077] {processor.py:651} INFO - DAG(s) dict_keys(['example_python_operator']) retrieved from /home/ubuntu/.local/lib/python3.8/site-packages/airflow/example_dags/example_python_operator.py
[2022-09-05 11:12:41,093] {logging_mixin.py:115} INFO - [2022-09-05 11:12:41,093] {dag.py:2420} INFO - Sync 1 DAGs
[2022-09-05 11:12:41,107] {logging_mixin.py:115} INFO - [2022-09-05 11:12:41,107] {dag.py:2968} INFO - Setting next_dagrun for example_python_operator to None, run_after=None
[2022-09-05 11:12:41,127] {processor.py:161} INFO - Processing /home/ubuntu/.local/lib/python3.8/site-packages/airflow/example_dags/example_python_operator.py took 0.073 seconds
[2022-09-05 11:13:14,931] {processor.py:153} INFO - Started process (PID=22304) to work on /home/ubuntu/.local/lib/python3.8/site-packages/airflow/example_dags/example_python_operator.py
[2022-09-05 11:13:14,932] {processor.py:641} INFO - Processing file /home/ubuntu/.local/lib/python3.8/site-packages/airflow/example_dags/example_python_operator.py for tasks to queue
[2022-09-05 11:13:14,933] {logging_mixin.py:115} INFO - [2022-09-05 11:13:14,933] {dagbag.py:508} INFO - Filling up the DagBag from /home/ubuntu/.local/lib/python3.8/site-packages/airflow/example_dags/example_python_operator.py
[2022-09-05 11:13:14,951] {processor.py:651} INFO - DAG(s) dict_keys(['example_python_operator']) retrieved from /home/ubuntu/.local/lib/python3.8/site-packages/airflow/example_dags/example_python_operator.py
[2022-09-05 11:13:14,967] {logging_mixin.py:115} INFO - [2022-09-05 11:13:14,967] {dag.py:2420} INFO - Sync 1 DAGs
[2022-09-05 11:13:14,983] {logging_mixin.py:115} INFO - [2022-09-05 11:13:14,983] {dag.py:2968} INFO - Setting next_dagrun for example_python_operator to None, run_after=None
[2022-09-05 11:13:14,999] {processor.py:161} INFO - Processing /home/ubuntu/.local/lib/python3.8/site-packages/airflow/example_dags/example_python_operator.py took 0.071 seconds
[2022-09-05 11:13:50,924] {processor.py:153} INFO - Started process (PID=22390) to work on /home/ubuntu/.local/lib/python3.8/site-packages/airflow/example_dags/example_python_operator.py
[2022-09-05 11:13:50,927] {processor.py:641} INFO - Processing file /home/ubuntu/.local/lib/python3.8/site-packages/airflow/example_dags/example_python_operator.py for tasks to queue
[2022-09-05 11:13:50,928] {logging_mixin.py:115} INFO - [2022-09-05 11:13:50,928] {dagbag.py:508} INFO - Filling up the DagBag from /home/ubuntu/.local/lib/python3.8/site-packages/airflow/example_dags/example_python_operator.py
[2022-09-05 11:13:50,949] {processor.py:651} INFO - DAG(s) dict_keys(['example_python_operator']) retrieved from /home/ubuntu/.local/lib/python3.8/site-packages/airflow/example_dags/example_python_operator.py
[2022-09-05 11:13:50,967] {logging_mixin.py:115} INFO - [2022-09-05 11:13:50,967] {dag.py:2420} INFO - Sync 1 DAGs
[2022-09-05 11:13:50,987] {logging_mixin.py:115} INFO - [2022-09-05 11:13:50,987] {dag.py:2968} INFO - Setting next_dagrun for example_python_operator to None, run_after=None
[2022-09-05 11:13:51,003] {processor.py:161} INFO - Processing /home/ubuntu/.local/lib/python3.8/site-packages/airflow/example_dags/example_python_operator.py took 0.084 seconds
[2022-09-05 11:14:25,223] {processor.py:153} INFO - Started process (PID=22622) to work on /home/ubuntu/.local/lib/python3.8/site-packages/airflow/example_dags/example_python_operator.py
[2022-09-05 11:14:25,225] {processor.py:641} INFO - Processing file /home/ubuntu/.local/lib/python3.8/site-packages/airflow/example_dags/example_python_operator.py for tasks to queue
[2022-09-05 11:14:25,226] {logging_mixin.py:115} INFO - [2022-09-05 11:14:25,226] {dagbag.py:508} INFO - Filling up the DagBag from /home/ubuntu/.local/lib/python3.8/site-packages/airflow/example_dags/example_python_operator.py
[2022-09-05 11:14:25,244] {processor.py:651} INFO - DAG(s) dict_keys(['example_python_operator']) retrieved from /home/ubuntu/.local/lib/python3.8/site-packages/airflow/example_dags/example_python_operator.py
[2022-09-05 11:14:25,259] {logging_mixin.py:115} INFO - [2022-09-05 11:14:25,259] {dag.py:2420} INFO - Sync 1 DAGs
[2022-09-05 11:14:25,275] {logging_mixin.py:115} INFO - [2022-09-05 11:14:25,275] {dag.py:2968} INFO - Setting next_dagrun for example_python_operator to None, run_after=None
[2022-09-05 11:14:25,293] {processor.py:161} INFO - Processing /home/ubuntu/.local/lib/python3.8/site-packages/airflow/example_dags/example_python_operator.py took 0.074 seconds
[2022-09-05 11:14:59,846] {processor.py:153} INFO - Started process (PID=22667) to work on /home/ubuntu/.local/lib/python3.8/site-packages/airflow/example_dags/example_python_operator.py
[2022-09-05 11:14:59,848] {processor.py:641} INFO - Processing file /home/ubuntu/.local/lib/python3.8/site-packages/airflow/example_dags/example_python_operator.py for tasks to queue
[2022-09-05 11:14:59,848] {logging_mixin.py:115} INFO - [2022-09-05 11:14:59,848] {dagbag.py:508} INFO - Filling up the DagBag from /home/ubuntu/.local/lib/python3.8/site-packages/airflow/example_dags/example_python_operator.py
[2022-09-05 11:14:59,866] {processor.py:651} INFO - DAG(s) dict_keys(['example_python_operator']) retrieved from /home/ubuntu/.local/lib/python3.8/site-packages/airflow/example_dags/example_python_operator.py
[2022-09-05 11:14:59,881] {logging_mixin.py:115} INFO - [2022-09-05 11:14:59,881] {dag.py:2420} INFO - Sync 1 DAGs
[2022-09-05 11:14:59,897] {logging_mixin.py:115} INFO - [2022-09-05 11:14:59,897] {dag.py:2968} INFO - Setting next_dagrun for example_python_operator to None, run_after=None
[2022-09-05 11:14:59,913] {processor.py:161} INFO - Processing /home/ubuntu/.local/lib/python3.8/site-packages/airflow/example_dags/example_python_operator.py took 0.070 seconds
[2022-09-05 11:15:43,194] {processor.py:153} INFO - Started process (PID=22977) to work on /home/ubuntu/.local/lib/python3.8/site-packages/airflow/example_dags/example_python_operator.py
[2022-09-05 11:15:43,196] {processor.py:641} INFO - Processing file /home/ubuntu/.local/lib/python3.8/site-packages/airflow/example_dags/example_python_operator.py for tasks to queue
[2022-09-05 11:15:43,196] {logging_mixin.py:115} INFO - [2022-09-05 11:15:43,196] {dagbag.py:508} INFO - Filling up the DagBag from /home/ubuntu/.local/lib/python3.8/site-packages/airflow/example_dags/example_python_operator.py
[2022-09-05 11:15:43,212] {processor.py:651} INFO - DAG(s) dict_keys(['example_python_operator']) retrieved from /home/ubuntu/.local/lib/python3.8/site-packages/airflow/example_dags/example_python_operator.py
[2022-09-05 11:15:43,229] {logging_mixin.py:115} INFO - [2022-09-05 11:15:43,229] {dag.py:2420} INFO - Sync 1 DAGs
[2022-09-05 11:15:43,244] {logging_mixin.py:115} INFO - [2022-09-05 11:15:43,244] {dag.py:2968} INFO - Setting next_dagrun for example_python_operator to None, run_after=None
[2022-09-05 11:15:43,263] {processor.py:161} INFO - Processing /home/ubuntu/.local/lib/python3.8/site-packages/airflow/example_dags/example_python_operator.py took 0.072 seconds
[2022-09-05 11:16:16,329] {processor.py:153} INFO - Started process (PID=23066) to work on /home/ubuntu/.local/lib/python3.8/site-packages/airflow/example_dags/example_python_operator.py
[2022-09-05 11:16:16,330] {processor.py:641} INFO - Processing file /home/ubuntu/.local/lib/python3.8/site-packages/airflow/example_dags/example_python_operator.py for tasks to queue
[2022-09-05 11:16:16,331] {logging_mixin.py:115} INFO - [2022-09-05 11:16:16,330] {dagbag.py:508} INFO - Filling up the DagBag from /home/ubuntu/.local/lib/python3.8/site-packages/airflow/example_dags/example_python_operator.py
[2022-09-05 11:16:16,347] {processor.py:651} INFO - DAG(s) dict_keys(['example_python_operator']) retrieved from /home/ubuntu/.local/lib/python3.8/site-packages/airflow/example_dags/example_python_operator.py
[2022-09-05 11:16:16,365] {logging_mixin.py:115} INFO - [2022-09-05 11:16:16,365] {dag.py:2420} INFO - Sync 1 DAGs
[2022-09-05 11:16:16,379] {logging_mixin.py:115} INFO - [2022-09-05 11:16:16,379] {dag.py:2968} INFO - Setting next_dagrun for example_python_operator to None, run_after=None
[2022-09-05 11:16:16,395] {processor.py:161} INFO - Processing /home/ubuntu/.local/lib/python3.8/site-packages/airflow/example_dags/example_python_operator.py took 0.070 seconds
[2022-09-05 11:16:50,667] {processor.py:153} INFO - Started process (PID=23145) to work on /home/ubuntu/.local/lib/python3.8/site-packages/airflow/example_dags/example_python_operator.py
[2022-09-05 11:16:50,668] {processor.py:641} INFO - Processing file /home/ubuntu/.local/lib/python3.8/site-packages/airflow/example_dags/example_python_operator.py for tasks to queue
[2022-09-05 11:16:50,669] {logging_mixin.py:115} INFO - [2022-09-05 11:16:50,669] {dagbag.py:508} INFO - Filling up the DagBag from /home/ubuntu/.local/lib/python3.8/site-packages/airflow/example_dags/example_python_operator.py
[2022-09-05 11:16:50,688] {processor.py:651} INFO - DAG(s) dict_keys(['example_python_operator']) retrieved from /home/ubuntu/.local/lib/python3.8/site-packages/airflow/example_dags/example_python_operator.py
[2022-09-05 11:16:50,706] {logging_mixin.py:115} INFO - [2022-09-05 11:16:50,706] {dag.py:2420} INFO - Sync 1 DAGs
[2022-09-05 11:16:50,721] {logging_mixin.py:115} INFO - [2022-09-05 11:16:50,720] {dag.py:2968} INFO - Setting next_dagrun for example_python_operator to None, run_after=None
[2022-09-05 11:16:50,737] {processor.py:161} INFO - Processing /home/ubuntu/.local/lib/python3.8/site-packages/airflow/example_dags/example_python_operator.py took 0.074 seconds
[2022-09-05 11:17:25,468] {processor.py:153} INFO - Started process (PID=23233) to work on /home/ubuntu/.local/lib/python3.8/site-packages/airflow/example_dags/example_python_operator.py
[2022-09-05 11:17:25,470] {processor.py:641} INFO - Processing file /home/ubuntu/.local/lib/python3.8/site-packages/airflow/example_dags/example_python_operator.py for tasks to queue
[2022-09-05 11:17:25,470] {logging_mixin.py:115} INFO - [2022-09-05 11:17:25,470] {dagbag.py:508} INFO - Filling up the DagBag from /home/ubuntu/.local/lib/python3.8/site-packages/airflow/example_dags/example_python_operator.py
[2022-09-05 11:17:25,486] {processor.py:651} INFO - DAG(s) dict_keys(['example_python_operator']) retrieved from /home/ubuntu/.local/lib/python3.8/site-packages/airflow/example_dags/example_python_operator.py
[2022-09-05 11:17:25,504] {logging_mixin.py:115} INFO - [2022-09-05 11:17:25,503] {dag.py:2420} INFO - Sync 1 DAGs
[2022-09-05 11:17:25,518] {logging_mixin.py:115} INFO - [2022-09-05 11:17:25,518] {dag.py:2968} INFO - Setting next_dagrun for example_python_operator to None, run_after=None
[2022-09-05 11:17:25,557] {processor.py:161} INFO - Processing /home/ubuntu/.local/lib/python3.8/site-packages/airflow/example_dags/example_python_operator.py took 0.092 seconds
[2022-09-05 11:18:01,077] {processor.py:153} INFO - Started process (PID=23317) to work on /home/ubuntu/.local/lib/python3.8/site-packages/airflow/example_dags/example_python_operator.py
[2022-09-05 11:18:01,079] {processor.py:641} INFO - Processing file /home/ubuntu/.local/lib/python3.8/site-packages/airflow/example_dags/example_python_operator.py for tasks to queue
[2022-09-05 11:18:01,079] {logging_mixin.py:115} INFO - [2022-09-05 11:18:01,079] {dagbag.py:508} INFO - Filling up the DagBag from /home/ubuntu/.local/lib/python3.8/site-packages/airflow/example_dags/example_python_operator.py
[2022-09-05 11:18:01,097] {processor.py:651} INFO - DAG(s) dict_keys(['example_python_operator']) retrieved from /home/ubuntu/.local/lib/python3.8/site-packages/airflow/example_dags/example_python_operator.py
[2022-09-05 11:18:01,116] {logging_mixin.py:115} INFO - [2022-09-05 11:18:01,116] {dag.py:2420} INFO - Sync 1 DAGs
[2022-09-05 11:18:01,132] {logging_mixin.py:115} INFO - [2022-09-05 11:18:01,132] {dag.py:2968} INFO - Setting next_dagrun for example_python_operator to None, run_after=None
[2022-09-05 11:18:01,151] {processor.py:161} INFO - Processing /home/ubuntu/.local/lib/python3.8/site-packages/airflow/example_dags/example_python_operator.py took 0.077 seconds
[2022-09-05 11:18:37,258] {processor.py:153} INFO - Started process (PID=23403) to work on /home/ubuntu/.local/lib/python3.8/site-packages/airflow/example_dags/example_python_operator.py
[2022-09-05 11:18:37,259] {processor.py:641} INFO - Processing file /home/ubuntu/.local/lib/python3.8/site-packages/airflow/example_dags/example_python_operator.py for tasks to queue
[2022-09-05 11:18:37,260] {logging_mixin.py:115} INFO - [2022-09-05 11:18:37,260] {dagbag.py:508} INFO - Filling up the DagBag from /home/ubuntu/.local/lib/python3.8/site-packages/airflow/example_dags/example_python_operator.py
[2022-09-05 11:18:37,278] {processor.py:651} INFO - DAG(s) dict_keys(['example_python_operator']) retrieved from /home/ubuntu/.local/lib/python3.8/site-packages/airflow/example_dags/example_python_operator.py
[2022-09-05 11:18:37,296] {logging_mixin.py:115} INFO - [2022-09-05 11:18:37,296] {dag.py:2420} INFO - Sync 1 DAGs
[2022-09-05 11:18:37,312] {logging_mixin.py:115} INFO - [2022-09-05 11:18:37,312] {dag.py:2968} INFO - Setting next_dagrun for example_python_operator to None, run_after=None
[2022-09-05 11:18:37,328] {processor.py:161} INFO - Processing /home/ubuntu/.local/lib/python3.8/site-packages/airflow/example_dags/example_python_operator.py took 0.073 seconds
[2022-09-05 11:19:12,101] {processor.py:153} INFO - Started process (PID=23458) to work on /home/ubuntu/.local/lib/python3.8/site-packages/airflow/example_dags/example_python_operator.py
[2022-09-05 11:19:12,102] {processor.py:641} INFO - Processing file /home/ubuntu/.local/lib/python3.8/site-packages/airflow/example_dags/example_python_operator.py for tasks to queue
[2022-09-05 11:19:12,103] {logging_mixin.py:115} INFO - [2022-09-05 11:19:12,103] {dagbag.py:508} INFO - Filling up the DagBag from /home/ubuntu/.local/lib/python3.8/site-packages/airflow/example_dags/example_python_operator.py
[2022-09-05 11:19:12,120] {processor.py:651} INFO - DAG(s) dict_keys(['example_python_operator']) retrieved from /home/ubuntu/.local/lib/python3.8/site-packages/airflow/example_dags/example_python_operator.py
[2022-09-05 11:19:12,138] {logging_mixin.py:115} INFO - [2022-09-05 11:19:12,138] {dag.py:2420} INFO - Sync 1 DAGs
[2022-09-05 11:19:12,152] {logging_mixin.py:115} INFO - [2022-09-05 11:19:12,152] {dag.py:2968} INFO - Setting next_dagrun for example_python_operator to None, run_after=None
[2022-09-05 11:19:12,173] {processor.py:161} INFO - Processing /home/ubuntu/.local/lib/python3.8/site-packages/airflow/example_dags/example_python_operator.py took 0.076 seconds
[2022-09-05 11:19:46,623] {processor.py:153} INFO - Started process (PID=23501) to work on /home/ubuntu/.local/lib/python3.8/site-packages/airflow/example_dags/example_python_operator.py
[2022-09-05 11:19:46,624] {processor.py:641} INFO - Processing file /home/ubuntu/.local/lib/python3.8/site-packages/airflow/example_dags/example_python_operator.py for tasks to queue
[2022-09-05 11:19:46,625] {logging_mixin.py:115} INFO - [2022-09-05 11:19:46,625] {dagbag.py:508} INFO - Filling up the DagBag from /home/ubuntu/.local/lib/python3.8/site-packages/airflow/example_dags/example_python_operator.py
[2022-09-05 11:19:46,643] {processor.py:651} INFO - DAG(s) dict_keys(['example_python_operator']) retrieved from /home/ubuntu/.local/lib/python3.8/site-packages/airflow/example_dags/example_python_operator.py
[2022-09-05 11:19:46,666] {logging_mixin.py:115} INFO - [2022-09-05 11:19:46,666] {dag.py:2420} INFO - Sync 1 DAGs
[2022-09-05 11:19:46,687] {logging_mixin.py:115} INFO - [2022-09-05 11:19:46,687] {dag.py:2968} INFO - Setting next_dagrun for example_python_operator to None, run_after=None
[2022-09-05 11:19:46,708] {processor.py:161} INFO - Processing /home/ubuntu/.local/lib/python3.8/site-packages/airflow/example_dags/example_python_operator.py took 0.089 seconds
[2022-09-05 11:22:08,683] {processor.py:153} INFO - Started process (PID=25206) to work on /home/ubuntu/.local/lib/python3.8/site-packages/airflow/example_dags/example_python_operator.py
[2022-09-05 11:22:08,685] {processor.py:641} INFO - Processing file /home/ubuntu/.local/lib/python3.8/site-packages/airflow/example_dags/example_python_operator.py for tasks to queue
[2022-09-05 11:22:08,685] {logging_mixin.py:115} INFO - [2022-09-05 11:22:08,685] {dagbag.py:508} INFO - Filling up the DagBag from /home/ubuntu/.local/lib/python3.8/site-packages/airflow/example_dags/example_python_operator.py
[2022-09-05 11:22:08,706] {processor.py:651} INFO - DAG(s) dict_keys(['example_python_operator']) retrieved from /home/ubuntu/.local/lib/python3.8/site-packages/airflow/example_dags/example_python_operator.py
[2022-09-05 11:22:08,721] {logging_mixin.py:115} INFO - [2022-09-05 11:22:08,721] {dag.py:2420} INFO - Sync 1 DAGs
[2022-09-05 11:22:08,736] {logging_mixin.py:115} INFO - [2022-09-05 11:22:08,736] {dag.py:2968} INFO - Setting next_dagrun for example_python_operator to None, run_after=None
[2022-09-05 11:22:08,752] {processor.py:161} INFO - Processing /home/ubuntu/.local/lib/python3.8/site-packages/airflow/example_dags/example_python_operator.py took 0.072 seconds
[2022-09-05 11:22:43,634] {processor.py:153} INFO - Started process (PID=25250) to work on /home/ubuntu/.local/lib/python3.8/site-packages/airflow/example_dags/example_python_operator.py
[2022-09-05 11:22:43,635] {processor.py:641} INFO - Processing file /home/ubuntu/.local/lib/python3.8/site-packages/airflow/example_dags/example_python_operator.py for tasks to queue
[2022-09-05 11:22:43,635] {logging_mixin.py:115} INFO - [2022-09-05 11:22:43,635] {dagbag.py:508} INFO - Filling up the DagBag from /home/ubuntu/.local/lib/python3.8/site-packages/airflow/example_dags/example_python_operator.py
[2022-09-05 11:22:43,657] {processor.py:651} INFO - DAG(s) dict_keys(['example_python_operator']) retrieved from /home/ubuntu/.local/lib/python3.8/site-packages/airflow/example_dags/example_python_operator.py
[2022-09-05 11:22:43,673] {logging_mixin.py:115} INFO - [2022-09-05 11:22:43,672] {dag.py:2420} INFO - Sync 1 DAGs
[2022-09-05 11:22:43,689] {logging_mixin.py:115} INFO - [2022-09-05 11:22:43,689] {dag.py:2968} INFO - Setting next_dagrun for example_python_operator to None, run_after=None
[2022-09-05 11:22:43,705] {processor.py:161} INFO - Processing /home/ubuntu/.local/lib/python3.8/site-packages/airflow/example_dags/example_python_operator.py took 0.075 seconds
[2022-09-05 11:23:21,548] {processor.py:153} INFO - Started process (PID=25682) to work on /home/ubuntu/.local/lib/python3.8/site-packages/airflow/example_dags/example_python_operator.py
[2022-09-05 11:23:21,550] {processor.py:641} INFO - Processing file /home/ubuntu/.local/lib/python3.8/site-packages/airflow/example_dags/example_python_operator.py for tasks to queue
[2022-09-05 11:23:21,551] {logging_mixin.py:115} INFO - [2022-09-05 11:23:21,551] {dagbag.py:508} INFO - Filling up the DagBag from /home/ubuntu/.local/lib/python3.8/site-packages/airflow/example_dags/example_python_operator.py
[2022-09-05 11:23:21,572] {processor.py:651} INFO - DAG(s) dict_keys(['example_python_operator']) retrieved from /home/ubuntu/.local/lib/python3.8/site-packages/airflow/example_dags/example_python_operator.py
[2022-09-05 11:23:21,588] {logging_mixin.py:115} INFO - [2022-09-05 11:23:21,588] {dag.py:2420} INFO - Sync 1 DAGs
[2022-09-05 11:23:21,604] {logging_mixin.py:115} INFO - [2022-09-05 11:23:21,604] {dag.py:2968} INFO - Setting next_dagrun for example_python_operator to None, run_after=None
[2022-09-05 11:23:21,655] {processor.py:161} INFO - Processing /home/ubuntu/.local/lib/python3.8/site-packages/airflow/example_dags/example_python_operator.py took 0.111 seconds
[2022-09-05 11:23:56,949] {processor.py:153} INFO - Started process (PID=25838) to work on /home/ubuntu/.local/lib/python3.8/site-packages/airflow/example_dags/example_python_operator.py
[2022-09-05 11:23:56,950] {processor.py:641} INFO - Processing file /home/ubuntu/.local/lib/python3.8/site-packages/airflow/example_dags/example_python_operator.py for tasks to queue
[2022-09-05 11:23:56,951] {logging_mixin.py:115} INFO - [2022-09-05 11:23:56,951] {dagbag.py:508} INFO - Filling up the DagBag from /home/ubuntu/.local/lib/python3.8/site-packages/airflow/example_dags/example_python_operator.py
[2022-09-05 11:23:56,972] {processor.py:651} INFO - DAG(s) dict_keys(['example_python_operator']) retrieved from /home/ubuntu/.local/lib/python3.8/site-packages/airflow/example_dags/example_python_operator.py
[2022-09-05 11:23:56,986] {logging_mixin.py:115} INFO - [2022-09-05 11:23:56,986] {dag.py:2420} INFO - Sync 1 DAGs
[2022-09-05 11:23:57,001] {logging_mixin.py:115} INFO - [2022-09-05 11:23:57,000] {dag.py:2968} INFO - Setting next_dagrun for example_python_operator to None, run_after=None
[2022-09-05 11:23:57,031] {processor.py:161} INFO - Processing /home/ubuntu/.local/lib/python3.8/site-packages/airflow/example_dags/example_python_operator.py took 0.085 seconds
[2022-09-05 11:24:30,051] {processor.py:153} INFO - Started process (PID=26008) to work on /home/ubuntu/.local/lib/python3.8/site-packages/airflow/example_dags/example_python_operator.py
[2022-09-05 11:24:30,054] {processor.py:641} INFO - Processing file /home/ubuntu/.local/lib/python3.8/site-packages/airflow/example_dags/example_python_operator.py for tasks to queue
[2022-09-05 11:24:30,054] {logging_mixin.py:115} INFO - [2022-09-05 11:24:30,054] {dagbag.py:508} INFO - Filling up the DagBag from /home/ubuntu/.local/lib/python3.8/site-packages/airflow/example_dags/example_python_operator.py
[2022-09-05 11:24:30,074] {processor.py:651} INFO - DAG(s) dict_keys(['example_python_operator']) retrieved from /home/ubuntu/.local/lib/python3.8/site-packages/airflow/example_dags/example_python_operator.py
[2022-09-05 11:24:30,089] {logging_mixin.py:115} INFO - [2022-09-05 11:24:30,089] {dag.py:2420} INFO - Sync 1 DAGs
[2022-09-05 11:24:30,104] {logging_mixin.py:115} INFO - [2022-09-05 11:24:30,103] {dag.py:2968} INFO - Setting next_dagrun for example_python_operator to None, run_after=None
[2022-09-05 11:24:30,137] {processor.py:161} INFO - Processing /home/ubuntu/.local/lib/python3.8/site-packages/airflow/example_dags/example_python_operator.py took 0.089 seconds
[2022-09-05 11:25:04,894] {processor.py:153} INFO - Started process (PID=26068) to work on /home/ubuntu/.local/lib/python3.8/site-packages/airflow/example_dags/example_python_operator.py
[2022-09-05 11:25:04,896] {processor.py:641} INFO - Processing file /home/ubuntu/.local/lib/python3.8/site-packages/airflow/example_dags/example_python_operator.py for tasks to queue
[2022-09-05 11:25:04,896] {logging_mixin.py:115} INFO - [2022-09-05 11:25:04,896] {dagbag.py:508} INFO - Filling up the DagBag from /home/ubuntu/.local/lib/python3.8/site-packages/airflow/example_dags/example_python_operator.py
[2022-09-05 11:25:04,918] {processor.py:651} INFO - DAG(s) dict_keys(['example_python_operator']) retrieved from /home/ubuntu/.local/lib/python3.8/site-packages/airflow/example_dags/example_python_operator.py
[2022-09-05 11:25:04,933] {logging_mixin.py:115} INFO - [2022-09-05 11:25:04,933] {dag.py:2420} INFO - Sync 1 DAGs
[2022-09-05 11:25:04,950] {logging_mixin.py:115} INFO - [2022-09-05 11:25:04,950] {dag.py:2968} INFO - Setting next_dagrun for example_python_operator to None, run_after=None
[2022-09-05 11:25:04,968] {processor.py:161} INFO - Processing /home/ubuntu/.local/lib/python3.8/site-packages/airflow/example_dags/example_python_operator.py took 0.077 seconds
[2022-09-05 11:25:41,525] {processor.py:153} INFO - Started process (PID=26227) to work on /home/ubuntu/.local/lib/python3.8/site-packages/airflow/example_dags/example_python_operator.py
[2022-09-05 11:25:41,526] {processor.py:641} INFO - Processing file /home/ubuntu/.local/lib/python3.8/site-packages/airflow/example_dags/example_python_operator.py for tasks to queue
[2022-09-05 11:25:41,526] {logging_mixin.py:115} INFO - [2022-09-05 11:25:41,526] {dagbag.py:508} INFO - Filling up the DagBag from /home/ubuntu/.local/lib/python3.8/site-packages/airflow/example_dags/example_python_operator.py
[2022-09-05 11:25:41,548] {processor.py:651} INFO - DAG(s) dict_keys(['example_python_operator']) retrieved from /home/ubuntu/.local/lib/python3.8/site-packages/airflow/example_dags/example_python_operator.py
[2022-09-05 11:25:41,564] {logging_mixin.py:115} INFO - [2022-09-05 11:25:41,563] {dag.py:2420} INFO - Sync 1 DAGs
[2022-09-05 11:25:41,580] {logging_mixin.py:115} INFO - [2022-09-05 11:25:41,580] {dag.py:2968} INFO - Setting next_dagrun for example_python_operator to None, run_after=None
[2022-09-05 11:25:41,596] {processor.py:161} INFO - Processing /home/ubuntu/.local/lib/python3.8/site-packages/airflow/example_dags/example_python_operator.py took 0.075 seconds
[2022-09-05 11:26:13,370] {processor.py:153} INFO - Started process (PID=26322) to work on /home/ubuntu/.local/lib/python3.8/site-packages/airflow/example_dags/example_python_operator.py
[2022-09-05 11:26:13,371] {processor.py:641} INFO - Processing file /home/ubuntu/.local/lib/python3.8/site-packages/airflow/example_dags/example_python_operator.py for tasks to queue
[2022-09-05 11:26:13,371] {logging_mixin.py:115} INFO - [2022-09-05 11:26:13,371] {dagbag.py:508} INFO - Filling up the DagBag from /home/ubuntu/.local/lib/python3.8/site-packages/airflow/example_dags/example_python_operator.py
[2022-09-05 11:26:13,391] {processor.py:651} INFO - DAG(s) dict_keys(['example_python_operator']) retrieved from /home/ubuntu/.local/lib/python3.8/site-packages/airflow/example_dags/example_python_operator.py
[2022-09-05 11:26:13,405] {logging_mixin.py:115} INFO - [2022-09-05 11:26:13,405] {dag.py:2420} INFO - Sync 1 DAGs
[2022-09-05 11:26:13,420] {logging_mixin.py:115} INFO - [2022-09-05 11:26:13,420] {dag.py:2968} INFO - Setting next_dagrun for example_python_operator to None, run_after=None
[2022-09-05 11:26:13,436] {processor.py:161} INFO - Processing /home/ubuntu/.local/lib/python3.8/site-packages/airflow/example_dags/example_python_operator.py took 0.070 seconds
[2022-09-05 11:26:47,047] {processor.py:153} INFO - Started process (PID=26364) to work on /home/ubuntu/.local/lib/python3.8/site-packages/airflow/example_dags/example_python_operator.py
[2022-09-05 11:26:47,048] {processor.py:641} INFO - Processing file /home/ubuntu/.local/lib/python3.8/site-packages/airflow/example_dags/example_python_operator.py for tasks to queue
[2022-09-05 11:26:47,048] {logging_mixin.py:115} INFO - [2022-09-05 11:26:47,048] {dagbag.py:508} INFO - Filling up the DagBag from /home/ubuntu/.local/lib/python3.8/site-packages/airflow/example_dags/example_python_operator.py
[2022-09-05 11:26:47,070] {processor.py:651} INFO - DAG(s) dict_keys(['example_python_operator']) retrieved from /home/ubuntu/.local/lib/python3.8/site-packages/airflow/example_dags/example_python_operator.py
[2022-09-05 11:26:47,086] {logging_mixin.py:115} INFO - [2022-09-05 11:26:47,085] {dag.py:2420} INFO - Sync 1 DAGs
[2022-09-05 11:26:47,102] {logging_mixin.py:115} INFO - [2022-09-05 11:26:47,102] {dag.py:2968} INFO - Setting next_dagrun for example_python_operator to None, run_after=None
[2022-09-05 11:26:47,116] {processor.py:161} INFO - Processing /home/ubuntu/.local/lib/python3.8/site-packages/airflow/example_dags/example_python_operator.py took 0.073 seconds
[2022-09-05 11:27:20,056] {processor.py:153} INFO - Started process (PID=26411) to work on /home/ubuntu/.local/lib/python3.8/site-packages/airflow/example_dags/example_python_operator.py
[2022-09-05 11:27:20,056] {processor.py:641} INFO - Processing file /home/ubuntu/.local/lib/python3.8/site-packages/airflow/example_dags/example_python_operator.py for tasks to queue
[2022-09-05 11:27:20,057] {logging_mixin.py:115} INFO - [2022-09-05 11:27:20,057] {dagbag.py:508} INFO - Filling up the DagBag from /home/ubuntu/.local/lib/python3.8/site-packages/airflow/example_dags/example_python_operator.py
[2022-09-05 11:27:20,077] {processor.py:651} INFO - DAG(s) dict_keys(['example_python_operator']) retrieved from /home/ubuntu/.local/lib/python3.8/site-packages/airflow/example_dags/example_python_operator.py
[2022-09-05 11:27:20,091] {logging_mixin.py:115} INFO - [2022-09-05 11:27:20,091] {dag.py:2420} INFO - Sync 1 DAGs
[2022-09-05 11:27:20,105] {logging_mixin.py:115} INFO - [2022-09-05 11:27:20,105] {dag.py:2968} INFO - Setting next_dagrun for example_python_operator to None, run_after=None
[2022-09-05 11:27:20,119] {processor.py:161} INFO - Processing /home/ubuntu/.local/lib/python3.8/site-packages/airflow/example_dags/example_python_operator.py took 0.066 seconds
[2022-09-05 11:27:56,564] {processor.py:153} INFO - Started process (PID=26460) to work on /home/ubuntu/.local/lib/python3.8/site-packages/airflow/example_dags/example_python_operator.py
[2022-09-05 11:27:56,565] {processor.py:641} INFO - Processing file /home/ubuntu/.local/lib/python3.8/site-packages/airflow/example_dags/example_python_operator.py for tasks to queue
[2022-09-05 11:27:56,566] {logging_mixin.py:115} INFO - [2022-09-05 11:27:56,566] {dagbag.py:508} INFO - Filling up the DagBag from /home/ubuntu/.local/lib/python3.8/site-packages/airflow/example_dags/example_python_operator.py
[2022-09-05 11:27:56,587] {processor.py:651} INFO - DAG(s) dict_keys(['example_python_operator']) retrieved from /home/ubuntu/.local/lib/python3.8/site-packages/airflow/example_dags/example_python_operator.py
[2022-09-05 11:27:56,601] {logging_mixin.py:115} INFO - [2022-09-05 11:27:56,601] {dag.py:2420} INFO - Sync 1 DAGs
[2022-09-05 11:27:56,616] {logging_mixin.py:115} INFO - [2022-09-05 11:27:56,616] {dag.py:2968} INFO - Setting next_dagrun for example_python_operator to None, run_after=None
[2022-09-05 11:27:56,660] {processor.py:161} INFO - Processing /home/ubuntu/.local/lib/python3.8/site-packages/airflow/example_dags/example_python_operator.py took 0.100 seconds
[2022-09-05 11:28:29,479] {processor.py:153} INFO - Started process (PID=26886) to work on /home/ubuntu/.local/lib/python3.8/site-packages/airflow/example_dags/example_python_operator.py
[2022-09-05 11:28:29,481] {processor.py:641} INFO - Processing file /home/ubuntu/.local/lib/python3.8/site-packages/airflow/example_dags/example_python_operator.py for tasks to queue
[2022-09-05 11:28:29,482] {logging_mixin.py:115} INFO - [2022-09-05 11:28:29,482] {dagbag.py:508} INFO - Filling up the DagBag from /home/ubuntu/.local/lib/python3.8/site-packages/airflow/example_dags/example_python_operator.py
[2022-09-05 11:28:29,506] {processor.py:651} INFO - DAG(s) dict_keys(['example_python_operator']) retrieved from /home/ubuntu/.local/lib/python3.8/site-packages/airflow/example_dags/example_python_operator.py
[2022-09-05 11:28:29,522] {logging_mixin.py:115} INFO - [2022-09-05 11:28:29,522] {dag.py:2420} INFO - Sync 1 DAGs
[2022-09-05 11:28:29,543] {logging_mixin.py:115} INFO - [2022-09-05 11:28:29,543] {dag.py:2968} INFO - Setting next_dagrun for example_python_operator to None, run_after=None
[2022-09-05 11:28:29,579] {processor.py:161} INFO - Processing /home/ubuntu/.local/lib/python3.8/site-packages/airflow/example_dags/example_python_operator.py took 0.105 seconds
[2022-09-05 11:29:03,420] {processor.py:153} INFO - Started process (PID=27035) to work on /home/ubuntu/.local/lib/python3.8/site-packages/airflow/example_dags/example_python_operator.py
[2022-09-05 11:29:03,420] {processor.py:641} INFO - Processing file /home/ubuntu/.local/lib/python3.8/site-packages/airflow/example_dags/example_python_operator.py for tasks to queue
[2022-09-05 11:29:03,421] {logging_mixin.py:115} INFO - [2022-09-05 11:29:03,421] {dagbag.py:508} INFO - Filling up the DagBag from /home/ubuntu/.local/lib/python3.8/site-packages/airflow/example_dags/example_python_operator.py
[2022-09-05 11:29:03,442] {processor.py:651} INFO - DAG(s) dict_keys(['example_python_operator']) retrieved from /home/ubuntu/.local/lib/python3.8/site-packages/airflow/example_dags/example_python_operator.py
[2022-09-05 11:29:03,456] {logging_mixin.py:115} INFO - [2022-09-05 11:29:03,456] {dag.py:2420} INFO - Sync 1 DAGs
[2022-09-05 11:29:03,472] {logging_mixin.py:115} INFO - [2022-09-05 11:29:03,472] {dag.py:2968} INFO - Setting next_dagrun for example_python_operator to None, run_after=None
[2022-09-05 11:29:03,491] {processor.py:161} INFO - Processing /home/ubuntu/.local/lib/python3.8/site-packages/airflow/example_dags/example_python_operator.py took 0.075 seconds
[2022-09-05 11:29:38,271] {processor.py:153} INFO - Started process (PID=27082) to work on /home/ubuntu/.local/lib/python3.8/site-packages/airflow/example_dags/example_python_operator.py
[2022-09-05 11:29:38,273] {processor.py:641} INFO - Processing file /home/ubuntu/.local/lib/python3.8/site-packages/airflow/example_dags/example_python_operator.py for tasks to queue
[2022-09-05 11:29:38,274] {logging_mixin.py:115} INFO - [2022-09-05 11:29:38,274] {dagbag.py:508} INFO - Filling up the DagBag from /home/ubuntu/.local/lib/python3.8/site-packages/airflow/example_dags/example_python_operator.py
[2022-09-05 11:29:38,293] {processor.py:651} INFO - DAG(s) dict_keys(['example_python_operator']) retrieved from /home/ubuntu/.local/lib/python3.8/site-packages/airflow/example_dags/example_python_operator.py
[2022-09-05 11:29:38,308] {logging_mixin.py:115} INFO - [2022-09-05 11:29:38,308] {dag.py:2420} INFO - Sync 1 DAGs
[2022-09-05 11:29:38,323] {logging_mixin.py:115} INFO - [2022-09-05 11:29:38,323] {dag.py:2968} INFO - Setting next_dagrun for example_python_operator to None, run_after=None
[2022-09-05 11:29:38,339] {processor.py:161} INFO - Processing /home/ubuntu/.local/lib/python3.8/site-packages/airflow/example_dags/example_python_operator.py took 0.071 seconds
[2022-09-05 11:32:08,050] {processor.py:153} INFO - Started process (PID=28916) to work on /home/ubuntu/.local/lib/python3.8/site-packages/airflow/example_dags/example_python_operator.py
[2022-09-05 11:32:08,052] {processor.py:641} INFO - Processing file /home/ubuntu/.local/lib/python3.8/site-packages/airflow/example_dags/example_python_operator.py for tasks to queue
[2022-09-05 11:32:08,053] {logging_mixin.py:115} INFO - [2022-09-05 11:32:08,053] {dagbag.py:508} INFO - Filling up the DagBag from /home/ubuntu/.local/lib/python3.8/site-packages/airflow/example_dags/example_python_operator.py
[2022-09-05 11:32:08,072] {processor.py:651} INFO - DAG(s) dict_keys(['example_python_operator']) retrieved from /home/ubuntu/.local/lib/python3.8/site-packages/airflow/example_dags/example_python_operator.py
[2022-09-05 11:32:08,087] {logging_mixin.py:115} INFO - [2022-09-05 11:32:08,086] {dag.py:2420} INFO - Sync 1 DAGs
[2022-09-05 11:32:08,101] {logging_mixin.py:115} INFO - [2022-09-05 11:32:08,101] {dag.py:2968} INFO - Setting next_dagrun for example_python_operator to None, run_after=None
[2022-09-05 11:32:08,117] {processor.py:161} INFO - Processing /home/ubuntu/.local/lib/python3.8/site-packages/airflow/example_dags/example_python_operator.py took 0.071 seconds
[2022-09-05 11:32:42,187] {processor.py:153} INFO - Started process (PID=29121) to work on /home/ubuntu/.local/lib/python3.8/site-packages/airflow/example_dags/example_python_operator.py
[2022-09-05 11:32:42,188] {processor.py:641} INFO - Processing file /home/ubuntu/.local/lib/python3.8/site-packages/airflow/example_dags/example_python_operator.py for tasks to queue
[2022-09-05 11:32:42,189] {logging_mixin.py:115} INFO - [2022-09-05 11:32:42,188] {dagbag.py:508} INFO - Filling up the DagBag from /home/ubuntu/.local/lib/python3.8/site-packages/airflow/example_dags/example_python_operator.py
[2022-09-05 11:32:42,210] {processor.py:651} INFO - DAG(s) dict_keys(['example_python_operator']) retrieved from /home/ubuntu/.local/lib/python3.8/site-packages/airflow/example_dags/example_python_operator.py
[2022-09-05 11:32:42,226] {logging_mixin.py:115} INFO - [2022-09-05 11:32:42,226] {dag.py:2420} INFO - Sync 1 DAGs
[2022-09-05 11:32:42,242] {logging_mixin.py:115} INFO - [2022-09-05 11:32:42,242] {dag.py:2968} INFO - Setting next_dagrun for example_python_operator to None, run_after=None
[2022-09-05 11:32:42,262] {processor.py:161} INFO - Processing /home/ubuntu/.local/lib/python3.8/site-packages/airflow/example_dags/example_python_operator.py took 0.079 seconds
[2022-09-05 11:34:02,808] {processor.py:153} INFO - Started process (PID=29628) to work on /home/ubuntu/.local/lib/python3.8/site-packages/airflow/example_dags/example_python_operator.py
[2022-09-05 11:34:02,809] {processor.py:641} INFO - Processing file /home/ubuntu/.local/lib/python3.8/site-packages/airflow/example_dags/example_python_operator.py for tasks to queue
[2022-09-05 11:34:02,809] {logging_mixin.py:115} INFO - [2022-09-05 11:34:02,809] {dagbag.py:508} INFO - Filling up the DagBag from /home/ubuntu/.local/lib/python3.8/site-packages/airflow/example_dags/example_python_operator.py
[2022-09-05 11:34:02,826] {processor.py:651} INFO - DAG(s) dict_keys(['example_python_operator']) retrieved from /home/ubuntu/.local/lib/python3.8/site-packages/airflow/example_dags/example_python_operator.py
[2022-09-05 11:34:02,843] {logging_mixin.py:115} INFO - [2022-09-05 11:34:02,843] {dag.py:2420} INFO - Sync 1 DAGs
[2022-09-05 11:34:02,858] {logging_mixin.py:115} INFO - [2022-09-05 11:34:02,858] {dag.py:2968} INFO - Setting next_dagrun for example_python_operator to None, run_after=None
[2022-09-05 11:34:02,893] {processor.py:161} INFO - Processing /home/ubuntu/.local/lib/python3.8/site-packages/airflow/example_dags/example_python_operator.py took 0.089 seconds
[2022-09-05 11:34:37,712] {processor.py:153} INFO - Started process (PID=29714) to work on /home/ubuntu/.local/lib/python3.8/site-packages/airflow/example_dags/example_python_operator.py
[2022-09-05 11:34:37,713] {processor.py:641} INFO - Processing file /home/ubuntu/.local/lib/python3.8/site-packages/airflow/example_dags/example_python_operator.py for tasks to queue
[2022-09-05 11:34:37,714] {logging_mixin.py:115} INFO - [2022-09-05 11:34:37,714] {dagbag.py:508} INFO - Filling up the DagBag from /home/ubuntu/.local/lib/python3.8/site-packages/airflow/example_dags/example_python_operator.py
[2022-09-05 11:34:37,731] {processor.py:651} INFO - DAG(s) dict_keys(['example_python_operator']) retrieved from /home/ubuntu/.local/lib/python3.8/site-packages/airflow/example_dags/example_python_operator.py
[2022-09-05 11:34:37,749] {logging_mixin.py:115} INFO - [2022-09-05 11:34:37,749] {dag.py:2420} INFO - Sync 1 DAGs
[2022-09-05 11:34:37,765] {logging_mixin.py:115} INFO - [2022-09-05 11:34:37,764] {dag.py:2968} INFO - Setting next_dagrun for example_python_operator to None, run_after=None
[2022-09-05 11:34:37,780] {processor.py:161} INFO - Processing /home/ubuntu/.local/lib/python3.8/site-packages/airflow/example_dags/example_python_operator.py took 0.071 seconds
[2022-09-05 11:35:11,597] {processor.py:153} INFO - Started process (PID=29795) to work on /home/ubuntu/.local/lib/python3.8/site-packages/airflow/example_dags/example_python_operator.py
[2022-09-05 11:35:11,598] {processor.py:641} INFO - Processing file /home/ubuntu/.local/lib/python3.8/site-packages/airflow/example_dags/example_python_operator.py for tasks to queue
[2022-09-05 11:35:11,598] {logging_mixin.py:115} INFO - [2022-09-05 11:35:11,598] {dagbag.py:508} INFO - Filling up the DagBag from /home/ubuntu/.local/lib/python3.8/site-packages/airflow/example_dags/example_python_operator.py
[2022-09-05 11:35:11,615] {processor.py:651} INFO - DAG(s) dict_keys(['example_python_operator']) retrieved from /home/ubuntu/.local/lib/python3.8/site-packages/airflow/example_dags/example_python_operator.py
[2022-09-05 11:35:11,634] {logging_mixin.py:115} INFO - [2022-09-05 11:35:11,634] {dag.py:2420} INFO - Sync 1 DAGs
[2022-09-05 11:35:11,650] {logging_mixin.py:115} INFO - [2022-09-05 11:35:11,650] {dag.py:2968} INFO - Setting next_dagrun for example_python_operator to None, run_after=None
[2022-09-05 11:35:11,669] {processor.py:161} INFO - Processing /home/ubuntu/.local/lib/python3.8/site-packages/airflow/example_dags/example_python_operator.py took 0.076 seconds
[2022-09-05 11:35:47,604] {processor.py:153} INFO - Started process (PID=29885) to work on /home/ubuntu/.local/lib/python3.8/site-packages/airflow/example_dags/example_python_operator.py
[2022-09-05 11:35:47,606] {processor.py:641} INFO - Processing file /home/ubuntu/.local/lib/python3.8/site-packages/airflow/example_dags/example_python_operator.py for tasks to queue
[2022-09-05 11:35:47,606] {logging_mixin.py:115} INFO - [2022-09-05 11:35:47,606] {dagbag.py:508} INFO - Filling up the DagBag from /home/ubuntu/.local/lib/python3.8/site-packages/airflow/example_dags/example_python_operator.py
[2022-09-05 11:35:47,624] {processor.py:651} INFO - DAG(s) dict_keys(['example_python_operator']) retrieved from /home/ubuntu/.local/lib/python3.8/site-packages/airflow/example_dags/example_python_operator.py
[2022-09-05 11:35:47,644] {logging_mixin.py:115} INFO - [2022-09-05 11:35:47,643] {dag.py:2420} INFO - Sync 1 DAGs
[2022-09-05 11:35:47,660] {logging_mixin.py:115} INFO - [2022-09-05 11:35:47,660] {dag.py:2968} INFO - Setting next_dagrun for example_python_operator to None, run_after=None
[2022-09-05 11:35:47,683] {processor.py:161} INFO - Processing /home/ubuntu/.local/lib/python3.8/site-packages/airflow/example_dags/example_python_operator.py took 0.082 seconds
[2022-09-05 11:36:22,165] {processor.py:153} INFO - Started process (PID=29965) to work on /home/ubuntu/.local/lib/python3.8/site-packages/airflow/example_dags/example_python_operator.py
[2022-09-05 11:36:22,167] {processor.py:641} INFO - Processing file /home/ubuntu/.local/lib/python3.8/site-packages/airflow/example_dags/example_python_operator.py for tasks to queue
[2022-09-05 11:36:22,167] {logging_mixin.py:115} INFO - [2022-09-05 11:36:22,167] {dagbag.py:508} INFO - Filling up the DagBag from /home/ubuntu/.local/lib/python3.8/site-packages/airflow/example_dags/example_python_operator.py
[2022-09-05 11:36:22,185] {processor.py:651} INFO - DAG(s) dict_keys(['example_python_operator']) retrieved from /home/ubuntu/.local/lib/python3.8/site-packages/airflow/example_dags/example_python_operator.py
[2022-09-05 11:36:22,205] {logging_mixin.py:115} INFO - [2022-09-05 11:36:22,204] {dag.py:2420} INFO - Sync 1 DAGs
[2022-09-05 11:36:22,221] {logging_mixin.py:115} INFO - [2022-09-05 11:36:22,221] {dag.py:2968} INFO - Setting next_dagrun for example_python_operator to None, run_after=None
[2022-09-05 11:36:22,238] {processor.py:161} INFO - Processing /home/ubuntu/.local/lib/python3.8/site-packages/airflow/example_dags/example_python_operator.py took 0.077 seconds
[2022-09-05 11:36:57,856] {processor.py:153} INFO - Started process (PID=30051) to work on /home/ubuntu/.local/lib/python3.8/site-packages/airflow/example_dags/example_python_operator.py
[2022-09-05 11:36:57,857] {processor.py:641} INFO - Processing file /home/ubuntu/.local/lib/python3.8/site-packages/airflow/example_dags/example_python_operator.py for tasks to queue
[2022-09-05 11:36:57,858] {logging_mixin.py:115} INFO - [2022-09-05 11:36:57,858] {dagbag.py:508} INFO - Filling up the DagBag from /home/ubuntu/.local/lib/python3.8/site-packages/airflow/example_dags/example_python_operator.py
[2022-09-05 11:36:57,875] {processor.py:651} INFO - DAG(s) dict_keys(['example_python_operator']) retrieved from /home/ubuntu/.local/lib/python3.8/site-packages/airflow/example_dags/example_python_operator.py
[2022-09-05 11:36:57,894] {logging_mixin.py:115} INFO - [2022-09-05 11:36:57,894] {dag.py:2420} INFO - Sync 1 DAGs
[2022-09-05 11:36:57,910] {logging_mixin.py:115} INFO - [2022-09-05 11:36:57,910] {dag.py:2968} INFO - Setting next_dagrun for example_python_operator to None, run_after=None
[2022-09-05 11:36:57,929] {processor.py:161} INFO - Processing /home/ubuntu/.local/lib/python3.8/site-packages/airflow/example_dags/example_python_operator.py took 0.076 seconds
[2022-09-05 11:37:34,005] {processor.py:153} INFO - Started process (PID=30143) to work on /home/ubuntu/.local/lib/python3.8/site-packages/airflow/example_dags/example_python_operator.py
[2022-09-05 11:37:34,006] {processor.py:641} INFO - Processing file /home/ubuntu/.local/lib/python3.8/site-packages/airflow/example_dags/example_python_operator.py for tasks to queue
[2022-09-05 11:37:34,006] {logging_mixin.py:115} INFO - [2022-09-05 11:37:34,006] {dagbag.py:508} INFO - Filling up the DagBag from /home/ubuntu/.local/lib/python3.8/site-packages/airflow/example_dags/example_python_operator.py
[2022-09-05 11:37:34,024] {processor.py:651} INFO - DAG(s) dict_keys(['example_python_operator']) retrieved from /home/ubuntu/.local/lib/python3.8/site-packages/airflow/example_dags/example_python_operator.py
[2022-09-05 11:37:34,042] {logging_mixin.py:115} INFO - [2022-09-05 11:37:34,041] {dag.py:2420} INFO - Sync 1 DAGs
[2022-09-05 11:37:34,057] {logging_mixin.py:115} INFO - [2022-09-05 11:37:34,057] {dag.py:2968} INFO - Setting next_dagrun for example_python_operator to None, run_after=None
[2022-09-05 11:37:34,081] {processor.py:161} INFO - Processing /home/ubuntu/.local/lib/python3.8/site-packages/airflow/example_dags/example_python_operator.py took 0.080 seconds
[2022-09-05 11:38:09,014] {processor.py:153} INFO - Started process (PID=30238) to work on /home/ubuntu/.local/lib/python3.8/site-packages/airflow/example_dags/example_python_operator.py
[2022-09-05 11:38:09,015] {processor.py:641} INFO - Processing file /home/ubuntu/.local/lib/python3.8/site-packages/airflow/example_dags/example_python_operator.py for tasks to queue
[2022-09-05 11:38:09,015] {logging_mixin.py:115} INFO - [2022-09-05 11:38:09,015] {dagbag.py:508} INFO - Filling up the DagBag from /home/ubuntu/.local/lib/python3.8/site-packages/airflow/example_dags/example_python_operator.py
[2022-09-05 11:38:09,032] {processor.py:651} INFO - DAG(s) dict_keys(['example_python_operator']) retrieved from /home/ubuntu/.local/lib/python3.8/site-packages/airflow/example_dags/example_python_operator.py
[2022-09-05 11:38:09,051] {logging_mixin.py:115} INFO - [2022-09-05 11:38:09,051] {dag.py:2420} INFO - Sync 1 DAGs
[2022-09-05 11:38:09,066] {logging_mixin.py:115} INFO - [2022-09-05 11:38:09,066] {dag.py:2968} INFO - Setting next_dagrun for example_python_operator to None, run_after=None
[2022-09-05 11:38:09,081] {processor.py:161} INFO - Processing /home/ubuntu/.local/lib/python3.8/site-packages/airflow/example_dags/example_python_operator.py took 0.071 seconds
[2022-09-05 11:38:42,910] {processor.py:153} INFO - Started process (PID=30335) to work on /home/ubuntu/.local/lib/python3.8/site-packages/airflow/example_dags/example_python_operator.py
[2022-09-05 11:38:42,912] {processor.py:641} INFO - Processing file /home/ubuntu/.local/lib/python3.8/site-packages/airflow/example_dags/example_python_operator.py for tasks to queue
[2022-09-05 11:38:42,912] {logging_mixin.py:115} INFO - [2022-09-05 11:38:42,912] {dagbag.py:508} INFO - Filling up the DagBag from /home/ubuntu/.local/lib/python3.8/site-packages/airflow/example_dags/example_python_operator.py
[2022-09-05 11:38:42,929] {processor.py:651} INFO - DAG(s) dict_keys(['example_python_operator']) retrieved from /home/ubuntu/.local/lib/python3.8/site-packages/airflow/example_dags/example_python_operator.py
[2022-09-05 11:38:42,947] {logging_mixin.py:115} INFO - [2022-09-05 11:38:42,947] {dag.py:2420} INFO - Sync 1 DAGs
[2022-09-05 11:38:42,961] {logging_mixin.py:115} INFO - [2022-09-05 11:38:42,961] {dag.py:2968} INFO - Setting next_dagrun for example_python_operator to None, run_after=None
[2022-09-05 11:38:42,975] {processor.py:161} INFO - Processing /home/ubuntu/.local/lib/python3.8/site-packages/airflow/example_dags/example_python_operator.py took 0.068 seconds
[2022-09-05 11:39:15,169] {processor.py:153} INFO - Started process (PID=30485) to work on /home/ubuntu/.local/lib/python3.8/site-packages/airflow/example_dags/example_python_operator.py
[2022-09-05 11:39:15,170] {processor.py:641} INFO - Processing file /home/ubuntu/.local/lib/python3.8/site-packages/airflow/example_dags/example_python_operator.py for tasks to queue
[2022-09-05 11:39:15,171] {logging_mixin.py:115} INFO - [2022-09-05 11:39:15,171] {dagbag.py:508} INFO - Filling up the DagBag from /home/ubuntu/.local/lib/python3.8/site-packages/airflow/example_dags/example_python_operator.py
[2022-09-05 11:39:15,191] {processor.py:651} INFO - DAG(s) dict_keys(['example_python_operator']) retrieved from /home/ubuntu/.local/lib/python3.8/site-packages/airflow/example_dags/example_python_operator.py
[2022-09-05 11:39:15,206] {logging_mixin.py:115} INFO - [2022-09-05 11:39:15,206] {dag.py:2420} INFO - Sync 1 DAGs
[2022-09-05 11:39:15,222] {logging_mixin.py:115} INFO - [2022-09-05 11:39:15,221] {dag.py:2968} INFO - Setting next_dagrun for example_python_operator to None, run_after=None
[2022-09-05 11:39:15,236] {processor.py:161} INFO - Processing /home/ubuntu/.local/lib/python3.8/site-packages/airflow/example_dags/example_python_operator.py took 0.071 seconds
[2022-09-05 11:39:51,163] {processor.py:153} INFO - Started process (PID=30578) to work on /home/ubuntu/.local/lib/python3.8/site-packages/airflow/example_dags/example_python_operator.py
[2022-09-05 11:39:51,164] {processor.py:641} INFO - Processing file /home/ubuntu/.local/lib/python3.8/site-packages/airflow/example_dags/example_python_operator.py for tasks to queue
[2022-09-05 11:39:51,165] {logging_mixin.py:115} INFO - [2022-09-05 11:39:51,165] {dagbag.py:508} INFO - Filling up the DagBag from /home/ubuntu/.local/lib/python3.8/site-packages/airflow/example_dags/example_python_operator.py
[2022-09-05 11:39:51,186] {processor.py:651} INFO - DAG(s) dict_keys(['example_python_operator']) retrieved from /home/ubuntu/.local/lib/python3.8/site-packages/airflow/example_dags/example_python_operator.py
[2022-09-05 11:39:51,201] {logging_mixin.py:115} INFO - [2022-09-05 11:39:51,201] {dag.py:2420} INFO - Sync 1 DAGs
[2022-09-05 11:39:51,217] {logging_mixin.py:115} INFO - [2022-09-05 11:39:51,217] {dag.py:2968} INFO - Setting next_dagrun for example_python_operator to None, run_after=None
[2022-09-05 11:39:51,233] {processor.py:161} INFO - Processing /home/ubuntu/.local/lib/python3.8/site-packages/airflow/example_dags/example_python_operator.py took 0.074 seconds
[2022-09-05 16:30:13,090] {processor.py:153} INFO - Started process (PID=55249) to work on /home/ubuntu/.local/lib/python3.8/site-packages/airflow/example_dags/example_python_operator.py
[2022-09-05 16:30:13,092] {processor.py:641} INFO - Processing file /home/ubuntu/.local/lib/python3.8/site-packages/airflow/example_dags/example_python_operator.py for tasks to queue
[2022-09-05 16:30:13,093] {logging_mixin.py:115} INFO - [2022-09-05 16:30:13,093] {dagbag.py:508} INFO - Filling up the DagBag from /home/ubuntu/.local/lib/python3.8/site-packages/airflow/example_dags/example_python_operator.py
[2022-09-05 16:30:13,110] {processor.py:651} INFO - DAG(s) dict_keys(['example_python_operator']) retrieved from /home/ubuntu/.local/lib/python3.8/site-packages/airflow/example_dags/example_python_operator.py
[2022-09-05 16:30:13,125] {logging_mixin.py:115} INFO - [2022-09-05 16:30:13,124] {dag.py:2420} INFO - Sync 1 DAGs
[2022-09-05 16:30:13,137] {logging_mixin.py:115} INFO - [2022-09-05 16:30:13,137] {dag.py:2968} INFO - Setting next_dagrun for example_python_operator to None, run_after=None
[2022-09-05 16:30:13,164] {processor.py:161} INFO - Processing /home/ubuntu/.local/lib/python3.8/site-packages/airflow/example_dags/example_python_operator.py took 0.078 seconds
