[2022-09-05 10:47:28,857] {processor.py:153} INFO - Started process (PID=12173) to work on /home/ubuntu/.local/lib/python3.8/site-packages/airflow/example_dags/example_nested_branch_dag.py
[2022-09-05 10:47:28,857] {processor.py:641} INFO - Processing file /home/ubuntu/.local/lib/python3.8/site-packages/airflow/example_dags/example_nested_branch_dag.py for tasks to queue
[2022-09-05 10:47:28,858] {logging_mixin.py:115} INFO - [2022-09-05 10:47:28,858] {dagbag.py:508} INFO - Filling up the DagBag from /home/ubuntu/.local/lib/python3.8/site-packages/airflow/example_dags/example_nested_branch_dag.py
[2022-09-05 10:47:28,868] {processor.py:651} INFO - DAG(s) dict_keys(['example_nested_branch_dag']) retrieved from /home/ubuntu/.local/lib/python3.8/site-packages/airflow/example_dags/example_nested_branch_dag.py
[2022-09-05 10:47:28,882] {logging_mixin.py:115} INFO - [2022-09-05 10:47:28,882] {dag.py:2420} INFO - Sync 1 DAGs
[2022-09-05 10:47:28,900] {logging_mixin.py:115} INFO - [2022-09-05 10:47:28,900] {dag.py:2968} INFO - Setting next_dagrun for example_nested_branch_dag to 2022-09-04T00:00:00+00:00, run_after=2022-09-05T00:00:00+00:00
[2022-09-05 10:47:28,913] {processor.py:161} INFO - Processing /home/ubuntu/.local/lib/python3.8/site-packages/airflow/example_dags/example_nested_branch_dag.py took 0.059 seconds
[2022-09-05 10:48:03,590] {processor.py:153} INFO - Started process (PID=12256) to work on /home/ubuntu/.local/lib/python3.8/site-packages/airflow/example_dags/example_nested_branch_dag.py
[2022-09-05 10:48:03,591] {processor.py:641} INFO - Processing file /home/ubuntu/.local/lib/python3.8/site-packages/airflow/example_dags/example_nested_branch_dag.py for tasks to queue
[2022-09-05 10:48:03,591] {logging_mixin.py:115} INFO - [2022-09-05 10:48:03,591] {dagbag.py:508} INFO - Filling up the DagBag from /home/ubuntu/.local/lib/python3.8/site-packages/airflow/example_dags/example_nested_branch_dag.py
[2022-09-05 10:48:03,602] {processor.py:651} INFO - DAG(s) dict_keys(['example_nested_branch_dag']) retrieved from /home/ubuntu/.local/lib/python3.8/site-packages/airflow/example_dags/example_nested_branch_dag.py
[2022-09-05 10:48:03,619] {logging_mixin.py:115} INFO - [2022-09-05 10:48:03,619] {dag.py:2420} INFO - Sync 1 DAGs
[2022-09-05 10:48:03,640] {logging_mixin.py:115} INFO - [2022-09-05 10:48:03,640] {dag.py:2968} INFO - Setting next_dagrun for example_nested_branch_dag to 2022-09-04T00:00:00+00:00, run_after=2022-09-05T00:00:00+00:00
[2022-09-05 10:48:03,656] {processor.py:161} INFO - Processing /home/ubuntu/.local/lib/python3.8/site-packages/airflow/example_dags/example_nested_branch_dag.py took 0.070 seconds
[2022-09-05 10:48:37,397] {processor.py:153} INFO - Started process (PID=12344) to work on /home/ubuntu/.local/lib/python3.8/site-packages/airflow/example_dags/example_nested_branch_dag.py
[2022-09-05 10:48:37,399] {processor.py:641} INFO - Processing file /home/ubuntu/.local/lib/python3.8/site-packages/airflow/example_dags/example_nested_branch_dag.py for tasks to queue
[2022-09-05 10:48:37,399] {logging_mixin.py:115} INFO - [2022-09-05 10:48:37,399] {dagbag.py:508} INFO - Filling up the DagBag from /home/ubuntu/.local/lib/python3.8/site-packages/airflow/example_dags/example_nested_branch_dag.py
[2022-09-05 10:48:37,409] {processor.py:651} INFO - DAG(s) dict_keys(['example_nested_branch_dag']) retrieved from /home/ubuntu/.local/lib/python3.8/site-packages/airflow/example_dags/example_nested_branch_dag.py
[2022-09-05 10:48:37,425] {logging_mixin.py:115} INFO - [2022-09-05 10:48:37,425] {dag.py:2420} INFO - Sync 1 DAGs
[2022-09-05 10:48:37,444] {logging_mixin.py:115} INFO - [2022-09-05 10:48:37,444] {dag.py:2968} INFO - Setting next_dagrun for example_nested_branch_dag to 2022-09-04T00:00:00+00:00, run_after=2022-09-05T00:00:00+00:00
[2022-09-05 10:48:37,459] {processor.py:161} INFO - Processing /home/ubuntu/.local/lib/python3.8/site-packages/airflow/example_dags/example_nested_branch_dag.py took 0.065 seconds
[2022-09-05 10:49:14,667] {processor.py:153} INFO - Started process (PID=12429) to work on /home/ubuntu/.local/lib/python3.8/site-packages/airflow/example_dags/example_nested_branch_dag.py
[2022-09-05 10:49:14,669] {processor.py:641} INFO - Processing file /home/ubuntu/.local/lib/python3.8/site-packages/airflow/example_dags/example_nested_branch_dag.py for tasks to queue
[2022-09-05 10:49:14,670] {logging_mixin.py:115} INFO - [2022-09-05 10:49:14,670] {dagbag.py:508} INFO - Filling up the DagBag from /home/ubuntu/.local/lib/python3.8/site-packages/airflow/example_dags/example_nested_branch_dag.py
[2022-09-05 10:49:14,680] {processor.py:651} INFO - DAG(s) dict_keys(['example_nested_branch_dag']) retrieved from /home/ubuntu/.local/lib/python3.8/site-packages/airflow/example_dags/example_nested_branch_dag.py
[2022-09-05 10:49:14,695] {logging_mixin.py:115} INFO - [2022-09-05 10:49:14,694] {dag.py:2420} INFO - Sync 1 DAGs
[2022-09-05 10:49:14,714] {logging_mixin.py:115} INFO - [2022-09-05 10:49:14,714] {dag.py:2968} INFO - Setting next_dagrun for example_nested_branch_dag to 2022-09-04T00:00:00+00:00, run_after=2022-09-05T00:00:00+00:00
[2022-09-05 10:49:14,737] {processor.py:161} INFO - Processing /home/ubuntu/.local/lib/python3.8/site-packages/airflow/example_dags/example_nested_branch_dag.py took 0.073 seconds
[2022-09-05 10:49:50,774] {processor.py:153} INFO - Started process (PID=12517) to work on /home/ubuntu/.local/lib/python3.8/site-packages/airflow/example_dags/example_nested_branch_dag.py
[2022-09-05 10:49:50,775] {processor.py:641} INFO - Processing file /home/ubuntu/.local/lib/python3.8/site-packages/airflow/example_dags/example_nested_branch_dag.py for tasks to queue
[2022-09-05 10:49:50,776] {logging_mixin.py:115} INFO - [2022-09-05 10:49:50,776] {dagbag.py:508} INFO - Filling up the DagBag from /home/ubuntu/.local/lib/python3.8/site-packages/airflow/example_dags/example_nested_branch_dag.py
[2022-09-05 10:49:50,786] {processor.py:651} INFO - DAG(s) dict_keys(['example_nested_branch_dag']) retrieved from /home/ubuntu/.local/lib/python3.8/site-packages/airflow/example_dags/example_nested_branch_dag.py
[2022-09-05 10:49:50,802] {logging_mixin.py:115} INFO - [2022-09-05 10:49:50,802] {dag.py:2420} INFO - Sync 1 DAGs
[2022-09-05 10:49:50,822] {logging_mixin.py:115} INFO - [2022-09-05 10:49:50,821] {dag.py:2968} INFO - Setting next_dagrun for example_nested_branch_dag to 2022-09-04T00:00:00+00:00, run_after=2022-09-05T00:00:00+00:00
[2022-09-05 10:49:50,842] {processor.py:161} INFO - Processing /home/ubuntu/.local/lib/python3.8/site-packages/airflow/example_dags/example_nested_branch_dag.py took 0.071 seconds
[2022-09-05 10:50:25,680] {processor.py:153} INFO - Started process (PID=12602) to work on /home/ubuntu/.local/lib/python3.8/site-packages/airflow/example_dags/example_nested_branch_dag.py
[2022-09-05 10:50:25,681] {processor.py:641} INFO - Processing file /home/ubuntu/.local/lib/python3.8/site-packages/airflow/example_dags/example_nested_branch_dag.py for tasks to queue
[2022-09-05 10:50:25,682] {logging_mixin.py:115} INFO - [2022-09-05 10:50:25,682] {dagbag.py:508} INFO - Filling up the DagBag from /home/ubuntu/.local/lib/python3.8/site-packages/airflow/example_dags/example_nested_branch_dag.py
[2022-09-05 10:50:25,692] {processor.py:651} INFO - DAG(s) dict_keys(['example_nested_branch_dag']) retrieved from /home/ubuntu/.local/lib/python3.8/site-packages/airflow/example_dags/example_nested_branch_dag.py
[2022-09-05 10:50:25,708] {logging_mixin.py:115} INFO - [2022-09-05 10:50:25,707] {dag.py:2420} INFO - Sync 1 DAGs
[2022-09-05 10:50:25,726] {logging_mixin.py:115} INFO - [2022-09-05 10:50:25,726] {dag.py:2968} INFO - Setting next_dagrun for example_nested_branch_dag to 2022-09-04T00:00:00+00:00, run_after=2022-09-05T00:00:00+00:00
[2022-09-05 10:50:25,740] {processor.py:161} INFO - Processing /home/ubuntu/.local/lib/python3.8/site-packages/airflow/example_dags/example_nested_branch_dag.py took 0.063 seconds
[2022-09-05 10:51:00,606] {processor.py:153} INFO - Started process (PID=12682) to work on /home/ubuntu/.local/lib/python3.8/site-packages/airflow/example_dags/example_nested_branch_dag.py
[2022-09-05 10:51:00,608] {processor.py:641} INFO - Processing file /home/ubuntu/.local/lib/python3.8/site-packages/airflow/example_dags/example_nested_branch_dag.py for tasks to queue
[2022-09-05 10:51:00,608] {logging_mixin.py:115} INFO - [2022-09-05 10:51:00,608] {dagbag.py:508} INFO - Filling up the DagBag from /home/ubuntu/.local/lib/python3.8/site-packages/airflow/example_dags/example_nested_branch_dag.py
[2022-09-05 10:51:00,618] {processor.py:651} INFO - DAG(s) dict_keys(['example_nested_branch_dag']) retrieved from /home/ubuntu/.local/lib/python3.8/site-packages/airflow/example_dags/example_nested_branch_dag.py
[2022-09-05 10:51:00,634] {logging_mixin.py:115} INFO - [2022-09-05 10:51:00,633] {dag.py:2420} INFO - Sync 1 DAGs
[2022-09-05 10:51:00,653] {logging_mixin.py:115} INFO - [2022-09-05 10:51:00,653] {dag.py:2968} INFO - Setting next_dagrun for example_nested_branch_dag to 2022-09-04T00:00:00+00:00, run_after=2022-09-05T00:00:00+00:00
[2022-09-05 10:51:00,676] {processor.py:161} INFO - Processing /home/ubuntu/.local/lib/python3.8/site-packages/airflow/example_dags/example_nested_branch_dag.py took 0.073 seconds
[2022-09-05 10:51:35,933] {processor.py:153} INFO - Started process (PID=12902) to work on /home/ubuntu/.local/lib/python3.8/site-packages/airflow/example_dags/example_nested_branch_dag.py
[2022-09-05 10:51:35,934] {processor.py:641} INFO - Processing file /home/ubuntu/.local/lib/python3.8/site-packages/airflow/example_dags/example_nested_branch_dag.py for tasks to queue
[2022-09-05 10:51:35,935] {logging_mixin.py:115} INFO - [2022-09-05 10:51:35,935] {dagbag.py:508} INFO - Filling up the DagBag from /home/ubuntu/.local/lib/python3.8/site-packages/airflow/example_dags/example_nested_branch_dag.py
[2022-09-05 10:51:35,946] {processor.py:651} INFO - DAG(s) dict_keys(['example_nested_branch_dag']) retrieved from /home/ubuntu/.local/lib/python3.8/site-packages/airflow/example_dags/example_nested_branch_dag.py
[2022-09-05 10:51:35,967] {logging_mixin.py:115} INFO - [2022-09-05 10:51:35,967] {dag.py:2420} INFO - Sync 1 DAGs
[2022-09-05 10:51:35,987] {logging_mixin.py:115} INFO - [2022-09-05 10:51:35,986] {dag.py:2968} INFO - Setting next_dagrun for example_nested_branch_dag to 2022-09-04T00:00:00+00:00, run_after=2022-09-05T00:00:00+00:00
[2022-09-05 10:51:36,009] {processor.py:161} INFO - Processing /home/ubuntu/.local/lib/python3.8/site-packages/airflow/example_dags/example_nested_branch_dag.py took 0.080 seconds
[2022-09-05 10:52:09,203] {processor.py:153} INFO - Started process (PID=13070) to work on /home/ubuntu/.local/lib/python3.8/site-packages/airflow/example_dags/example_nested_branch_dag.py
[2022-09-05 10:52:09,204] {processor.py:641} INFO - Processing file /home/ubuntu/.local/lib/python3.8/site-packages/airflow/example_dags/example_nested_branch_dag.py for tasks to queue
[2022-09-05 10:52:09,205] {logging_mixin.py:115} INFO - [2022-09-05 10:52:09,205] {dagbag.py:508} INFO - Filling up the DagBag from /home/ubuntu/.local/lib/python3.8/site-packages/airflow/example_dags/example_nested_branch_dag.py
[2022-09-05 10:52:09,215] {processor.py:651} INFO - DAG(s) dict_keys(['example_nested_branch_dag']) retrieved from /home/ubuntu/.local/lib/python3.8/site-packages/airflow/example_dags/example_nested_branch_dag.py
[2022-09-05 10:52:09,230] {logging_mixin.py:115} INFO - [2022-09-05 10:52:09,230] {dag.py:2420} INFO - Sync 1 DAGs
[2022-09-05 10:52:09,249] {logging_mixin.py:115} INFO - [2022-09-05 10:52:09,249] {dag.py:2968} INFO - Setting next_dagrun for example_nested_branch_dag to 2022-09-04T00:00:00+00:00, run_after=2022-09-05T00:00:00+00:00
[2022-09-05 10:52:09,268] {processor.py:161} INFO - Processing /home/ubuntu/.local/lib/python3.8/site-packages/airflow/example_dags/example_nested_branch_dag.py took 0.068 seconds
[2022-09-05 10:52:43,724] {processor.py:153} INFO - Started process (PID=13320) to work on /home/ubuntu/.local/lib/python3.8/site-packages/airflow/example_dags/example_nested_branch_dag.py
[2022-09-05 10:52:43,726] {processor.py:641} INFO - Processing file /home/ubuntu/.local/lib/python3.8/site-packages/airflow/example_dags/example_nested_branch_dag.py for tasks to queue
[2022-09-05 10:52:43,726] {logging_mixin.py:115} INFO - [2022-09-05 10:52:43,726] {dagbag.py:508} INFO - Filling up the DagBag from /home/ubuntu/.local/lib/python3.8/site-packages/airflow/example_dags/example_nested_branch_dag.py
[2022-09-05 10:52:43,736] {processor.py:651} INFO - DAG(s) dict_keys(['example_nested_branch_dag']) retrieved from /home/ubuntu/.local/lib/python3.8/site-packages/airflow/example_dags/example_nested_branch_dag.py
[2022-09-05 10:52:43,753] {logging_mixin.py:115} INFO - [2022-09-05 10:52:43,753] {dag.py:2420} INFO - Sync 1 DAGs
[2022-09-05 10:52:43,769] {logging_mixin.py:115} INFO - [2022-09-05 10:52:43,769] {dag.py:2968} INFO - Setting next_dagrun for example_nested_branch_dag to 2022-09-04T00:00:00+00:00, run_after=2022-09-05T00:00:00+00:00
[2022-09-05 10:52:43,783] {processor.py:161} INFO - Processing /home/ubuntu/.local/lib/python3.8/site-packages/airflow/example_dags/example_nested_branch_dag.py took 0.062 seconds
[2022-09-05 10:53:18,552] {processor.py:153} INFO - Started process (PID=13394) to work on /home/ubuntu/.local/lib/python3.8/site-packages/airflow/example_dags/example_nested_branch_dag.py
[2022-09-05 10:53:18,553] {processor.py:641} INFO - Processing file /home/ubuntu/.local/lib/python3.8/site-packages/airflow/example_dags/example_nested_branch_dag.py for tasks to queue
[2022-09-05 10:53:18,553] {logging_mixin.py:115} INFO - [2022-09-05 10:53:18,553] {dagbag.py:508} INFO - Filling up the DagBag from /home/ubuntu/.local/lib/python3.8/site-packages/airflow/example_dags/example_nested_branch_dag.py
[2022-09-05 10:53:18,564] {processor.py:651} INFO - DAG(s) dict_keys(['example_nested_branch_dag']) retrieved from /home/ubuntu/.local/lib/python3.8/site-packages/airflow/example_dags/example_nested_branch_dag.py
[2022-09-05 10:53:18,583] {logging_mixin.py:115} INFO - [2022-09-05 10:53:18,583] {dag.py:2420} INFO - Sync 1 DAGs
[2022-09-05 10:53:18,601] {logging_mixin.py:115} INFO - [2022-09-05 10:53:18,601] {dag.py:2968} INFO - Setting next_dagrun for example_nested_branch_dag to 2022-09-04T00:00:00+00:00, run_after=2022-09-05T00:00:00+00:00
[2022-09-05 10:53:18,616] {processor.py:161} INFO - Processing /home/ubuntu/.local/lib/python3.8/site-packages/airflow/example_dags/example_nested_branch_dag.py took 0.067 seconds
[2022-09-05 10:53:50,411] {processor.py:153} INFO - Started process (PID=13446) to work on /home/ubuntu/.local/lib/python3.8/site-packages/airflow/example_dags/example_nested_branch_dag.py
[2022-09-05 10:53:50,415] {processor.py:641} INFO - Processing file /home/ubuntu/.local/lib/python3.8/site-packages/airflow/example_dags/example_nested_branch_dag.py for tasks to queue
[2022-09-05 10:53:50,415] {logging_mixin.py:115} INFO - [2022-09-05 10:53:50,415] {dagbag.py:508} INFO - Filling up the DagBag from /home/ubuntu/.local/lib/python3.8/site-packages/airflow/example_dags/example_nested_branch_dag.py
[2022-09-05 10:53:50,426] {processor.py:651} INFO - DAG(s) dict_keys(['example_nested_branch_dag']) retrieved from /home/ubuntu/.local/lib/python3.8/site-packages/airflow/example_dags/example_nested_branch_dag.py
[2022-09-05 10:53:50,445] {logging_mixin.py:115} INFO - [2022-09-05 10:53:50,445] {dag.py:2420} INFO - Sync 1 DAGs
[2022-09-05 10:53:50,465] {logging_mixin.py:115} INFO - [2022-09-05 10:53:50,465] {dag.py:2968} INFO - Setting next_dagrun for example_nested_branch_dag to 2022-09-04T00:00:00+00:00, run_after=2022-09-05T00:00:00+00:00
[2022-09-05 10:53:50,497] {processor.py:161} INFO - Processing /home/ubuntu/.local/lib/python3.8/site-packages/airflow/example_dags/example_nested_branch_dag.py took 0.090 seconds
[2022-09-05 10:54:24,045] {processor.py:153} INFO - Started process (PID=13500) to work on /home/ubuntu/.local/lib/python3.8/site-packages/airflow/example_dags/example_nested_branch_dag.py
[2022-09-05 10:54:24,046] {processor.py:641} INFO - Processing file /home/ubuntu/.local/lib/python3.8/site-packages/airflow/example_dags/example_nested_branch_dag.py for tasks to queue
[2022-09-05 10:54:24,046] {logging_mixin.py:115} INFO - [2022-09-05 10:54:24,046] {dagbag.py:508} INFO - Filling up the DagBag from /home/ubuntu/.local/lib/python3.8/site-packages/airflow/example_dags/example_nested_branch_dag.py
[2022-09-05 10:54:24,056] {processor.py:651} INFO - DAG(s) dict_keys(['example_nested_branch_dag']) retrieved from /home/ubuntu/.local/lib/python3.8/site-packages/airflow/example_dags/example_nested_branch_dag.py
[2022-09-05 10:54:24,078] {logging_mixin.py:115} INFO - [2022-09-05 10:54:24,077] {dag.py:2420} INFO - Sync 1 DAGs
[2022-09-05 10:54:24,095] {logging_mixin.py:115} INFO - [2022-09-05 10:54:24,095] {dag.py:2968} INFO - Setting next_dagrun for example_nested_branch_dag to 2022-09-04T00:00:00+00:00, run_after=2022-09-05T00:00:00+00:00
[2022-09-05 10:54:24,111] {processor.py:161} INFO - Processing /home/ubuntu/.local/lib/python3.8/site-packages/airflow/example_dags/example_nested_branch_dag.py took 0.069 seconds
[2022-09-05 10:54:58,877] {processor.py:153} INFO - Started process (PID=13545) to work on /home/ubuntu/.local/lib/python3.8/site-packages/airflow/example_dags/example_nested_branch_dag.py
[2022-09-05 10:54:58,879] {processor.py:641} INFO - Processing file /home/ubuntu/.local/lib/python3.8/site-packages/airflow/example_dags/example_nested_branch_dag.py for tasks to queue
[2022-09-05 10:54:58,880] {logging_mixin.py:115} INFO - [2022-09-05 10:54:58,880] {dagbag.py:508} INFO - Filling up the DagBag from /home/ubuntu/.local/lib/python3.8/site-packages/airflow/example_dags/example_nested_branch_dag.py
[2022-09-05 10:54:58,890] {processor.py:651} INFO - DAG(s) dict_keys(['example_nested_branch_dag']) retrieved from /home/ubuntu/.local/lib/python3.8/site-packages/airflow/example_dags/example_nested_branch_dag.py
[2022-09-05 10:54:58,908] {logging_mixin.py:115} INFO - [2022-09-05 10:54:58,908] {dag.py:2420} INFO - Sync 1 DAGs
[2022-09-05 10:54:58,923] {logging_mixin.py:115} INFO - [2022-09-05 10:54:58,923] {dag.py:2968} INFO - Setting next_dagrun for example_nested_branch_dag to 2022-09-04T00:00:00+00:00, run_after=2022-09-05T00:00:00+00:00
[2022-09-05 10:54:58,937] {processor.py:161} INFO - Processing /home/ubuntu/.local/lib/python3.8/site-packages/airflow/example_dags/example_nested_branch_dag.py took 0.063 seconds
[2022-09-05 10:55:32,367] {processor.py:153} INFO - Started process (PID=13589) to work on /home/ubuntu/.local/lib/python3.8/site-packages/airflow/example_dags/example_nested_branch_dag.py
[2022-09-05 10:55:32,368] {processor.py:641} INFO - Processing file /home/ubuntu/.local/lib/python3.8/site-packages/airflow/example_dags/example_nested_branch_dag.py for tasks to queue
[2022-09-05 10:55:32,368] {logging_mixin.py:115} INFO - [2022-09-05 10:55:32,368] {dagbag.py:508} INFO - Filling up the DagBag from /home/ubuntu/.local/lib/python3.8/site-packages/airflow/example_dags/example_nested_branch_dag.py
[2022-09-05 10:55:32,379] {processor.py:651} INFO - DAG(s) dict_keys(['example_nested_branch_dag']) retrieved from /home/ubuntu/.local/lib/python3.8/site-packages/airflow/example_dags/example_nested_branch_dag.py
[2022-09-05 10:55:32,397] {logging_mixin.py:115} INFO - [2022-09-05 10:55:32,397] {dag.py:2420} INFO - Sync 1 DAGs
[2022-09-05 10:55:32,414] {logging_mixin.py:115} INFO - [2022-09-05 10:55:32,414] {dag.py:2968} INFO - Setting next_dagrun for example_nested_branch_dag to 2022-09-04T00:00:00+00:00, run_after=2022-09-05T00:00:00+00:00
[2022-09-05 10:55:32,431] {processor.py:161} INFO - Processing /home/ubuntu/.local/lib/python3.8/site-packages/airflow/example_dags/example_nested_branch_dag.py took 0.068 seconds
[2022-09-05 10:56:05,644] {processor.py:153} INFO - Started process (PID=13651) to work on /home/ubuntu/.local/lib/python3.8/site-packages/airflow/example_dags/example_nested_branch_dag.py
[2022-09-05 10:56:05,644] {processor.py:641} INFO - Processing file /home/ubuntu/.local/lib/python3.8/site-packages/airflow/example_dags/example_nested_branch_dag.py for tasks to queue
[2022-09-05 10:56:05,645] {logging_mixin.py:115} INFO - [2022-09-05 10:56:05,645] {dagbag.py:508} INFO - Filling up the DagBag from /home/ubuntu/.local/lib/python3.8/site-packages/airflow/example_dags/example_nested_branch_dag.py
[2022-09-05 10:56:05,655] {processor.py:651} INFO - DAG(s) dict_keys(['example_nested_branch_dag']) retrieved from /home/ubuntu/.local/lib/python3.8/site-packages/airflow/example_dags/example_nested_branch_dag.py
[2022-09-05 10:56:05,674] {logging_mixin.py:115} INFO - [2022-09-05 10:56:05,674] {dag.py:2420} INFO - Sync 1 DAGs
[2022-09-05 10:56:05,691] {logging_mixin.py:115} INFO - [2022-09-05 10:56:05,691] {dag.py:2968} INFO - Setting next_dagrun for example_nested_branch_dag to 2022-09-04T00:00:00+00:00, run_after=2022-09-05T00:00:00+00:00
[2022-09-05 10:56:05,707] {processor.py:161} INFO - Processing /home/ubuntu/.local/lib/python3.8/site-packages/airflow/example_dags/example_nested_branch_dag.py took 0.066 seconds
[2022-09-05 10:56:39,918] {processor.py:153} INFO - Started process (PID=13696) to work on /home/ubuntu/.local/lib/python3.8/site-packages/airflow/example_dags/example_nested_branch_dag.py
[2022-09-05 10:56:39,921] {processor.py:641} INFO - Processing file /home/ubuntu/.local/lib/python3.8/site-packages/airflow/example_dags/example_nested_branch_dag.py for tasks to queue
[2022-09-05 10:56:39,921] {logging_mixin.py:115} INFO - [2022-09-05 10:56:39,921] {dagbag.py:508} INFO - Filling up the DagBag from /home/ubuntu/.local/lib/python3.8/site-packages/airflow/example_dags/example_nested_branch_dag.py
[2022-09-05 10:56:39,931] {processor.py:651} INFO - DAG(s) dict_keys(['example_nested_branch_dag']) retrieved from /home/ubuntu/.local/lib/python3.8/site-packages/airflow/example_dags/example_nested_branch_dag.py
[2022-09-05 10:56:39,949] {logging_mixin.py:115} INFO - [2022-09-05 10:56:39,949] {dag.py:2420} INFO - Sync 1 DAGs
[2022-09-05 10:56:39,966] {logging_mixin.py:115} INFO - [2022-09-05 10:56:39,966] {dag.py:2968} INFO - Setting next_dagrun for example_nested_branch_dag to 2022-09-04T00:00:00+00:00, run_after=2022-09-05T00:00:00+00:00
[2022-09-05 10:56:39,984] {processor.py:161} INFO - Processing /home/ubuntu/.local/lib/python3.8/site-packages/airflow/example_dags/example_nested_branch_dag.py took 0.069 seconds
[2022-09-05 10:58:12,325] {processor.py:153} INFO - Started process (PID=14042) to work on /home/ubuntu/.local/lib/python3.8/site-packages/airflow/example_dags/example_nested_branch_dag.py
[2022-09-05 10:58:12,327] {processor.py:641} INFO - Processing file /home/ubuntu/.local/lib/python3.8/site-packages/airflow/example_dags/example_nested_branch_dag.py for tasks to queue
[2022-09-05 10:58:12,328] {logging_mixin.py:115} INFO - [2022-09-05 10:58:12,328] {dagbag.py:508} INFO - Filling up the DagBag from /home/ubuntu/.local/lib/python3.8/site-packages/airflow/example_dags/example_nested_branch_dag.py
[2022-09-05 10:58:12,339] {processor.py:651} INFO - DAG(s) dict_keys(['example_nested_branch_dag']) retrieved from /home/ubuntu/.local/lib/python3.8/site-packages/airflow/example_dags/example_nested_branch_dag.py
[2022-09-05 10:58:12,355] {logging_mixin.py:115} INFO - [2022-09-05 10:58:12,355] {dag.py:2420} INFO - Sync 1 DAGs
[2022-09-05 10:58:12,375] {logging_mixin.py:115} INFO - [2022-09-05 10:58:12,375] {dag.py:2968} INFO - Setting next_dagrun for example_nested_branch_dag to 2022-09-04T00:00:00+00:00, run_after=2022-09-05T00:00:00+00:00
[2022-09-05 10:58:12,391] {processor.py:161} INFO - Processing /home/ubuntu/.local/lib/python3.8/site-packages/airflow/example_dags/example_nested_branch_dag.py took 0.069 seconds
[2022-09-05 10:58:49,556] {processor.py:153} INFO - Started process (PID=14230) to work on /home/ubuntu/.local/lib/python3.8/site-packages/airflow/example_dags/example_nested_branch_dag.py
[2022-09-05 10:58:49,557] {processor.py:641} INFO - Processing file /home/ubuntu/.local/lib/python3.8/site-packages/airflow/example_dags/example_nested_branch_dag.py for tasks to queue
[2022-09-05 10:58:49,558] {logging_mixin.py:115} INFO - [2022-09-05 10:58:49,558] {dagbag.py:508} INFO - Filling up the DagBag from /home/ubuntu/.local/lib/python3.8/site-packages/airflow/example_dags/example_nested_branch_dag.py
[2022-09-05 10:58:49,569] {processor.py:651} INFO - DAG(s) dict_keys(['example_nested_branch_dag']) retrieved from /home/ubuntu/.local/lib/python3.8/site-packages/airflow/example_dags/example_nested_branch_dag.py
[2022-09-05 10:58:49,585] {logging_mixin.py:115} INFO - [2022-09-05 10:58:49,585] {dag.py:2420} INFO - Sync 1 DAGs
[2022-09-05 10:58:49,604] {logging_mixin.py:115} INFO - [2022-09-05 10:58:49,604] {dag.py:2968} INFO - Setting next_dagrun for example_nested_branch_dag to 2022-09-04T00:00:00+00:00, run_after=2022-09-05T00:00:00+00:00
[2022-09-05 10:58:49,623] {processor.py:161} INFO - Processing /home/ubuntu/.local/lib/python3.8/site-packages/airflow/example_dags/example_nested_branch_dag.py took 0.070 seconds
[2022-09-05 10:59:25,681] {processor.py:153} INFO - Started process (PID=14653) to work on /home/ubuntu/.local/lib/python3.8/site-packages/airflow/example_dags/example_nested_branch_dag.py
[2022-09-05 10:59:25,683] {processor.py:641} INFO - Processing file /home/ubuntu/.local/lib/python3.8/site-packages/airflow/example_dags/example_nested_branch_dag.py for tasks to queue
[2022-09-05 10:59:25,683] {logging_mixin.py:115} INFO - [2022-09-05 10:59:25,683] {dagbag.py:508} INFO - Filling up the DagBag from /home/ubuntu/.local/lib/python3.8/site-packages/airflow/example_dags/example_nested_branch_dag.py
[2022-09-05 10:59:25,694] {processor.py:651} INFO - DAG(s) dict_keys(['example_nested_branch_dag']) retrieved from /home/ubuntu/.local/lib/python3.8/site-packages/airflow/example_dags/example_nested_branch_dag.py
[2022-09-05 10:59:25,709] {logging_mixin.py:115} INFO - [2022-09-05 10:59:25,709] {dag.py:2420} INFO - Sync 1 DAGs
[2022-09-05 10:59:25,728] {logging_mixin.py:115} INFO - [2022-09-05 10:59:25,727] {dag.py:2968} INFO - Setting next_dagrun for example_nested_branch_dag to 2022-09-04T00:00:00+00:00, run_after=2022-09-05T00:00:00+00:00
[2022-09-05 10:59:25,747] {processor.py:161} INFO - Processing /home/ubuntu/.local/lib/python3.8/site-packages/airflow/example_dags/example_nested_branch_dag.py took 0.069 seconds
[2022-09-05 11:00:06,307] {processor.py:153} INFO - Started process (PID=14977) to work on /home/ubuntu/.local/lib/python3.8/site-packages/airflow/example_dags/example_nested_branch_dag.py
[2022-09-05 11:00:06,310] {processor.py:641} INFO - Processing file /home/ubuntu/.local/lib/python3.8/site-packages/airflow/example_dags/example_nested_branch_dag.py for tasks to queue
[2022-09-05 11:00:06,310] {logging_mixin.py:115} INFO - [2022-09-05 11:00:06,310] {dagbag.py:508} INFO - Filling up the DagBag from /home/ubuntu/.local/lib/python3.8/site-packages/airflow/example_dags/example_nested_branch_dag.py
[2022-09-05 11:00:06,321] {processor.py:651} INFO - DAG(s) dict_keys(['example_nested_branch_dag']) retrieved from /home/ubuntu/.local/lib/python3.8/site-packages/airflow/example_dags/example_nested_branch_dag.py
[2022-09-05 11:00:06,336] {logging_mixin.py:115} INFO - [2022-09-05 11:00:06,336] {dag.py:2420} INFO - Sync 1 DAGs
[2022-09-05 11:00:06,356] {logging_mixin.py:115} INFO - [2022-09-05 11:00:06,356] {dag.py:2968} INFO - Setting next_dagrun for example_nested_branch_dag to 2022-09-04T00:00:00+00:00, run_after=2022-09-05T00:00:00+00:00
[2022-09-05 11:00:06,375] {processor.py:161} INFO - Processing /home/ubuntu/.local/lib/python3.8/site-packages/airflow/example_dags/example_nested_branch_dag.py took 0.071 seconds
[2022-09-05 11:00:41,937] {processor.py:153} INFO - Started process (PID=15020) to work on /home/ubuntu/.local/lib/python3.8/site-packages/airflow/example_dags/example_nested_branch_dag.py
[2022-09-05 11:00:41,938] {processor.py:641} INFO - Processing file /home/ubuntu/.local/lib/python3.8/site-packages/airflow/example_dags/example_nested_branch_dag.py for tasks to queue
[2022-09-05 11:00:41,938] {logging_mixin.py:115} INFO - [2022-09-05 11:00:41,938] {dagbag.py:508} INFO - Filling up the DagBag from /home/ubuntu/.local/lib/python3.8/site-packages/airflow/example_dags/example_nested_branch_dag.py
[2022-09-05 11:00:41,949] {processor.py:651} INFO - DAG(s) dict_keys(['example_nested_branch_dag']) retrieved from /home/ubuntu/.local/lib/python3.8/site-packages/airflow/example_dags/example_nested_branch_dag.py
[2022-09-05 11:00:41,965] {logging_mixin.py:115} INFO - [2022-09-05 11:00:41,965] {dag.py:2420} INFO - Sync 1 DAGs
[2022-09-05 11:00:41,985] {logging_mixin.py:115} INFO - [2022-09-05 11:00:41,985] {dag.py:2968} INFO - Setting next_dagrun for example_nested_branch_dag to 2022-09-04T00:00:00+00:00, run_after=2022-09-05T00:00:00+00:00
[2022-09-05 11:00:42,001] {processor.py:161} INFO - Processing /home/ubuntu/.local/lib/python3.8/site-packages/airflow/example_dags/example_nested_branch_dag.py took 0.068 seconds
[2022-09-05 11:01:17,410] {processor.py:153} INFO - Started process (PID=15064) to work on /home/ubuntu/.local/lib/python3.8/site-packages/airflow/example_dags/example_nested_branch_dag.py
[2022-09-05 11:01:17,411] {processor.py:641} INFO - Processing file /home/ubuntu/.local/lib/python3.8/site-packages/airflow/example_dags/example_nested_branch_dag.py for tasks to queue
[2022-09-05 11:01:17,411] {logging_mixin.py:115} INFO - [2022-09-05 11:01:17,411] {dagbag.py:508} INFO - Filling up the DagBag from /home/ubuntu/.local/lib/python3.8/site-packages/airflow/example_dags/example_nested_branch_dag.py
[2022-09-05 11:01:17,422] {processor.py:651} INFO - DAG(s) dict_keys(['example_nested_branch_dag']) retrieved from /home/ubuntu/.local/lib/python3.8/site-packages/airflow/example_dags/example_nested_branch_dag.py
[2022-09-05 11:01:17,438] {logging_mixin.py:115} INFO - [2022-09-05 11:01:17,438] {dag.py:2420} INFO - Sync 1 DAGs
[2022-09-05 11:01:17,459] {logging_mixin.py:115} INFO - [2022-09-05 11:01:17,459] {dag.py:2968} INFO - Setting next_dagrun for example_nested_branch_dag to 2022-09-04T00:00:00+00:00, run_after=2022-09-05T00:00:00+00:00
[2022-09-05 11:01:17,478] {processor.py:161} INFO - Processing /home/ubuntu/.local/lib/python3.8/site-packages/airflow/example_dags/example_nested_branch_dag.py took 0.072 seconds
[2022-09-05 11:01:52,544] {processor.py:153} INFO - Started process (PID=15105) to work on /home/ubuntu/.local/lib/python3.8/site-packages/airflow/example_dags/example_nested_branch_dag.py
[2022-09-05 11:01:52,545] {processor.py:641} INFO - Processing file /home/ubuntu/.local/lib/python3.8/site-packages/airflow/example_dags/example_nested_branch_dag.py for tasks to queue
[2022-09-05 11:01:52,546] {logging_mixin.py:115} INFO - [2022-09-05 11:01:52,546] {dagbag.py:508} INFO - Filling up the DagBag from /home/ubuntu/.local/lib/python3.8/site-packages/airflow/example_dags/example_nested_branch_dag.py
[2022-09-05 11:01:52,556] {processor.py:651} INFO - DAG(s) dict_keys(['example_nested_branch_dag']) retrieved from /home/ubuntu/.local/lib/python3.8/site-packages/airflow/example_dags/example_nested_branch_dag.py
[2022-09-05 11:01:52,572] {logging_mixin.py:115} INFO - [2022-09-05 11:01:52,572] {dag.py:2420} INFO - Sync 1 DAGs
[2022-09-05 11:01:52,591] {logging_mixin.py:115} INFO - [2022-09-05 11:01:52,591] {dag.py:2968} INFO - Setting next_dagrun for example_nested_branch_dag to 2022-09-04T00:00:00+00:00, run_after=2022-09-05T00:00:00+00:00
[2022-09-05 11:01:52,606] {processor.py:161} INFO - Processing /home/ubuntu/.local/lib/python3.8/site-packages/airflow/example_dags/example_nested_branch_dag.py took 0.065 seconds
[2022-09-05 11:02:26,498] {processor.py:153} INFO - Started process (PID=15147) to work on /home/ubuntu/.local/lib/python3.8/site-packages/airflow/example_dags/example_nested_branch_dag.py
[2022-09-05 11:02:26,499] {processor.py:641} INFO - Processing file /home/ubuntu/.local/lib/python3.8/site-packages/airflow/example_dags/example_nested_branch_dag.py for tasks to queue
[2022-09-05 11:02:26,499] {logging_mixin.py:115} INFO - [2022-09-05 11:02:26,499] {dagbag.py:508} INFO - Filling up the DagBag from /home/ubuntu/.local/lib/python3.8/site-packages/airflow/example_dags/example_nested_branch_dag.py
[2022-09-05 11:02:26,510] {processor.py:651} INFO - DAG(s) dict_keys(['example_nested_branch_dag']) retrieved from /home/ubuntu/.local/lib/python3.8/site-packages/airflow/example_dags/example_nested_branch_dag.py
[2022-09-05 11:02:26,525] {logging_mixin.py:115} INFO - [2022-09-05 11:02:26,525] {dag.py:2420} INFO - Sync 1 DAGs
[2022-09-05 11:02:26,544] {logging_mixin.py:115} INFO - [2022-09-05 11:02:26,544] {dag.py:2968} INFO - Setting next_dagrun for example_nested_branch_dag to 2022-09-04T00:00:00+00:00, run_after=2022-09-05T00:00:00+00:00
[2022-09-05 11:02:26,559] {processor.py:161} INFO - Processing /home/ubuntu/.local/lib/python3.8/site-packages/airflow/example_dags/example_nested_branch_dag.py took 0.065 seconds
[2022-09-05 11:03:00,041] {processor.py:153} INFO - Started process (PID=15415) to work on /home/ubuntu/.local/lib/python3.8/site-packages/airflow/example_dags/example_nested_branch_dag.py
[2022-09-05 11:03:00,042] {processor.py:641} INFO - Processing file /home/ubuntu/.local/lib/python3.8/site-packages/airflow/example_dags/example_nested_branch_dag.py for tasks to queue
[2022-09-05 11:03:00,043] {logging_mixin.py:115} INFO - [2022-09-05 11:03:00,043] {dagbag.py:508} INFO - Filling up the DagBag from /home/ubuntu/.local/lib/python3.8/site-packages/airflow/example_dags/example_nested_branch_dag.py
[2022-09-05 11:03:00,053] {processor.py:651} INFO - DAG(s) dict_keys(['example_nested_branch_dag']) retrieved from /home/ubuntu/.local/lib/python3.8/site-packages/airflow/example_dags/example_nested_branch_dag.py
[2022-09-05 11:03:00,069] {logging_mixin.py:115} INFO - [2022-09-05 11:03:00,069] {dag.py:2420} INFO - Sync 1 DAGs
[2022-09-05 11:03:00,093] {logging_mixin.py:115} INFO - [2022-09-05 11:03:00,093] {dag.py:2968} INFO - Setting next_dagrun for example_nested_branch_dag to 2022-09-04T00:00:00+00:00, run_after=2022-09-05T00:00:00+00:00
[2022-09-05 11:03:00,111] {processor.py:161} INFO - Processing /home/ubuntu/.local/lib/python3.8/site-packages/airflow/example_dags/example_nested_branch_dag.py took 0.073 seconds
[2022-09-05 11:03:52,209] {processor.py:153} INFO - Started process (PID=15786) to work on /home/ubuntu/.local/lib/python3.8/site-packages/airflow/example_dags/example_nested_branch_dag.py
[2022-09-05 11:03:52,210] {processor.py:641} INFO - Processing file /home/ubuntu/.local/lib/python3.8/site-packages/airflow/example_dags/example_nested_branch_dag.py for tasks to queue
[2022-09-05 11:03:52,210] {logging_mixin.py:115} INFO - [2022-09-05 11:03:52,210] {dagbag.py:508} INFO - Filling up the DagBag from /home/ubuntu/.local/lib/python3.8/site-packages/airflow/example_dags/example_nested_branch_dag.py
[2022-09-05 11:03:52,221] {processor.py:651} INFO - DAG(s) dict_keys(['example_nested_branch_dag']) retrieved from /home/ubuntu/.local/lib/python3.8/site-packages/airflow/example_dags/example_nested_branch_dag.py
[2022-09-05 11:03:52,237] {logging_mixin.py:115} INFO - [2022-09-05 11:03:52,237] {dag.py:2420} INFO - Sync 1 DAGs
[2022-09-05 11:03:52,257] {logging_mixin.py:115} INFO - [2022-09-05 11:03:52,256] {dag.py:2968} INFO - Setting next_dagrun for example_nested_branch_dag to 2022-09-04T00:00:00+00:00, run_after=2022-09-05T00:00:00+00:00
[2022-09-05 11:03:52,276] {processor.py:161} INFO - Processing /home/ubuntu/.local/lib/python3.8/site-packages/airflow/example_dags/example_nested_branch_dag.py took 0.070 seconds
[2022-09-05 11:04:27,147] {processor.py:153} INFO - Started process (PID=15828) to work on /home/ubuntu/.local/lib/python3.8/site-packages/airflow/example_dags/example_nested_branch_dag.py
[2022-09-05 11:04:27,148] {processor.py:641} INFO - Processing file /home/ubuntu/.local/lib/python3.8/site-packages/airflow/example_dags/example_nested_branch_dag.py for tasks to queue
[2022-09-05 11:04:27,149] {logging_mixin.py:115} INFO - [2022-09-05 11:04:27,148] {dagbag.py:508} INFO - Filling up the DagBag from /home/ubuntu/.local/lib/python3.8/site-packages/airflow/example_dags/example_nested_branch_dag.py
[2022-09-05 11:04:27,159] {processor.py:651} INFO - DAG(s) dict_keys(['example_nested_branch_dag']) retrieved from /home/ubuntu/.local/lib/python3.8/site-packages/airflow/example_dags/example_nested_branch_dag.py
[2022-09-05 11:04:27,176] {logging_mixin.py:115} INFO - [2022-09-05 11:04:27,175] {dag.py:2420} INFO - Sync 1 DAGs
[2022-09-05 11:04:27,196] {logging_mixin.py:115} INFO - [2022-09-05 11:04:27,196] {dag.py:2968} INFO - Setting next_dagrun for example_nested_branch_dag to 2022-09-04T00:00:00+00:00, run_after=2022-09-05T00:00:00+00:00
[2022-09-05 11:04:27,211] {processor.py:161} INFO - Processing /home/ubuntu/.local/lib/python3.8/site-packages/airflow/example_dags/example_nested_branch_dag.py took 0.068 seconds
[2022-09-05 11:09:02,835] {processor.py:153} INFO - Started process (PID=20115) to work on /home/ubuntu/.local/lib/python3.8/site-packages/airflow/example_dags/example_nested_branch_dag.py
[2022-09-05 11:09:02,837] {processor.py:641} INFO - Processing file /home/ubuntu/.local/lib/python3.8/site-packages/airflow/example_dags/example_nested_branch_dag.py for tasks to queue
[2022-09-05 11:09:02,838] {logging_mixin.py:115} INFO - [2022-09-05 11:09:02,837] {dagbag.py:508} INFO - Filling up the DagBag from /home/ubuntu/.local/lib/python3.8/site-packages/airflow/example_dags/example_nested_branch_dag.py
[2022-09-05 11:09:02,849] {processor.py:651} INFO - DAG(s) dict_keys(['example_nested_branch_dag']) retrieved from /home/ubuntu/.local/lib/python3.8/site-packages/airflow/example_dags/example_nested_branch_dag.py
[2022-09-05 11:09:02,865] {logging_mixin.py:115} INFO - [2022-09-05 11:09:02,865] {dag.py:2420} INFO - Sync 1 DAGs
[2022-09-05 11:09:02,881] {logging_mixin.py:115} INFO - [2022-09-05 11:09:02,881] {dag.py:2968} INFO - Setting next_dagrun for example_nested_branch_dag to 2022-09-04T00:00:00+00:00, run_after=2022-09-05T00:00:00+00:00
[2022-09-05 11:09:02,903] {processor.py:161} INFO - Processing /home/ubuntu/.local/lib/python3.8/site-packages/airflow/example_dags/example_nested_branch_dag.py took 0.071 seconds
[2022-09-05 11:09:37,809] {processor.py:153} INFO - Started process (PID=20213) to work on /home/ubuntu/.local/lib/python3.8/site-packages/airflow/example_dags/example_nested_branch_dag.py
[2022-09-05 11:09:37,810] {processor.py:641} INFO - Processing file /home/ubuntu/.local/lib/python3.8/site-packages/airflow/example_dags/example_nested_branch_dag.py for tasks to queue
[2022-09-05 11:09:37,811] {logging_mixin.py:115} INFO - [2022-09-05 11:09:37,811] {dagbag.py:508} INFO - Filling up the DagBag from /home/ubuntu/.local/lib/python3.8/site-packages/airflow/example_dags/example_nested_branch_dag.py
[2022-09-05 11:09:37,822] {processor.py:651} INFO - DAG(s) dict_keys(['example_nested_branch_dag']) retrieved from /home/ubuntu/.local/lib/python3.8/site-packages/airflow/example_dags/example_nested_branch_dag.py
[2022-09-05 11:09:37,838] {logging_mixin.py:115} INFO - [2022-09-05 11:09:37,838] {dag.py:2420} INFO - Sync 1 DAGs
[2022-09-05 11:09:37,853] {logging_mixin.py:115} INFO - [2022-09-05 11:09:37,853] {dag.py:2968} INFO - Setting next_dagrun for example_nested_branch_dag to 2022-09-04T00:00:00+00:00, run_after=2022-09-05T00:00:00+00:00
[2022-09-05 11:09:37,869] {processor.py:161} INFO - Processing /home/ubuntu/.local/lib/python3.8/site-packages/airflow/example_dags/example_nested_branch_dag.py took 0.063 seconds
[2022-09-05 11:11:59,507] {processor.py:153} INFO - Started process (PID=21935) to work on /home/ubuntu/.local/lib/python3.8/site-packages/airflow/example_dags/example_nested_branch_dag.py
[2022-09-05 11:11:59,509] {processor.py:641} INFO - Processing file /home/ubuntu/.local/lib/python3.8/site-packages/airflow/example_dags/example_nested_branch_dag.py for tasks to queue
[2022-09-05 11:11:59,509] {logging_mixin.py:115} INFO - [2022-09-05 11:11:59,509] {dagbag.py:508} INFO - Filling up the DagBag from /home/ubuntu/.local/lib/python3.8/site-packages/airflow/example_dags/example_nested_branch_dag.py
[2022-09-05 11:11:59,520] {processor.py:651} INFO - DAG(s) dict_keys(['example_nested_branch_dag']) retrieved from /home/ubuntu/.local/lib/python3.8/site-packages/airflow/example_dags/example_nested_branch_dag.py
[2022-09-05 11:11:59,536] {logging_mixin.py:115} INFO - [2022-09-05 11:11:59,536] {dag.py:2420} INFO - Sync 1 DAGs
[2022-09-05 11:11:59,551] {logging_mixin.py:115} INFO - [2022-09-05 11:11:59,551] {dag.py:2968} INFO - Setting next_dagrun for example_nested_branch_dag to 2022-09-04T00:00:00+00:00, run_after=2022-09-05T00:00:00+00:00
[2022-09-05 11:11:59,572] {processor.py:161} INFO - Processing /home/ubuntu/.local/lib/python3.8/site-packages/airflow/example_dags/example_nested_branch_dag.py took 0.068 seconds
[2022-09-05 11:12:34,785] {processor.py:153} INFO - Started process (PID=22195) to work on /home/ubuntu/.local/lib/python3.8/site-packages/airflow/example_dags/example_nested_branch_dag.py
[2022-09-05 11:12:34,786] {processor.py:641} INFO - Processing file /home/ubuntu/.local/lib/python3.8/site-packages/airflow/example_dags/example_nested_branch_dag.py for tasks to queue
[2022-09-05 11:12:34,787] {logging_mixin.py:115} INFO - [2022-09-05 11:12:34,787] {dagbag.py:508} INFO - Filling up the DagBag from /home/ubuntu/.local/lib/python3.8/site-packages/airflow/example_dags/example_nested_branch_dag.py
[2022-09-05 11:12:34,798] {processor.py:651} INFO - DAG(s) dict_keys(['example_nested_branch_dag']) retrieved from /home/ubuntu/.local/lib/python3.8/site-packages/airflow/example_dags/example_nested_branch_dag.py
[2022-09-05 11:12:34,815] {logging_mixin.py:115} INFO - [2022-09-05 11:12:34,814] {dag.py:2420} INFO - Sync 1 DAGs
[2022-09-05 11:12:34,829] {logging_mixin.py:115} INFO - [2022-09-05 11:12:34,829] {dag.py:2968} INFO - Setting next_dagrun for example_nested_branch_dag to 2022-09-04T00:00:00+00:00, run_after=2022-09-05T00:00:00+00:00
[2022-09-05 11:12:34,844] {processor.py:161} INFO - Processing /home/ubuntu/.local/lib/python3.8/site-packages/airflow/example_dags/example_nested_branch_dag.py took 0.063 seconds
[2022-09-05 11:13:07,717] {processor.py:153} INFO - Started process (PID=22287) to work on /home/ubuntu/.local/lib/python3.8/site-packages/airflow/example_dags/example_nested_branch_dag.py
[2022-09-05 11:13:07,719] {processor.py:641} INFO - Processing file /home/ubuntu/.local/lib/python3.8/site-packages/airflow/example_dags/example_nested_branch_dag.py for tasks to queue
[2022-09-05 11:13:07,719] {logging_mixin.py:115} INFO - [2022-09-05 11:13:07,719] {dagbag.py:508} INFO - Filling up the DagBag from /home/ubuntu/.local/lib/python3.8/site-packages/airflow/example_dags/example_nested_branch_dag.py
[2022-09-05 11:13:07,731] {processor.py:651} INFO - DAG(s) dict_keys(['example_nested_branch_dag']) retrieved from /home/ubuntu/.local/lib/python3.8/site-packages/airflow/example_dags/example_nested_branch_dag.py
[2022-09-05 11:13:07,748] {logging_mixin.py:115} INFO - [2022-09-05 11:13:07,748] {dag.py:2420} INFO - Sync 1 DAGs
[2022-09-05 11:13:07,764] {logging_mixin.py:115} INFO - [2022-09-05 11:13:07,764] {dag.py:2968} INFO - Setting next_dagrun for example_nested_branch_dag to 2022-09-04T00:00:00+00:00, run_after=2022-09-05T00:00:00+00:00
[2022-09-05 11:13:07,780] {processor.py:161} INFO - Processing /home/ubuntu/.local/lib/python3.8/site-packages/airflow/example_dags/example_nested_branch_dag.py took 0.067 seconds
[2022-09-05 11:13:43,553] {processor.py:153} INFO - Started process (PID=22375) to work on /home/ubuntu/.local/lib/python3.8/site-packages/airflow/example_dags/example_nested_branch_dag.py
[2022-09-05 11:13:43,554] {processor.py:641} INFO - Processing file /home/ubuntu/.local/lib/python3.8/site-packages/airflow/example_dags/example_nested_branch_dag.py for tasks to queue
[2022-09-05 11:13:43,555] {logging_mixin.py:115} INFO - [2022-09-05 11:13:43,554] {dagbag.py:508} INFO - Filling up the DagBag from /home/ubuntu/.local/lib/python3.8/site-packages/airflow/example_dags/example_nested_branch_dag.py
[2022-09-05 11:13:43,565] {processor.py:651} INFO - DAG(s) dict_keys(['example_nested_branch_dag']) retrieved from /home/ubuntu/.local/lib/python3.8/site-packages/airflow/example_dags/example_nested_branch_dag.py
[2022-09-05 11:13:43,582] {logging_mixin.py:115} INFO - [2022-09-05 11:13:43,582] {dag.py:2420} INFO - Sync 1 DAGs
[2022-09-05 11:13:43,598] {logging_mixin.py:115} INFO - [2022-09-05 11:13:43,597] {dag.py:2968} INFO - Setting next_dagrun for example_nested_branch_dag to 2022-09-04T00:00:00+00:00, run_after=2022-09-05T00:00:00+00:00
[2022-09-05 11:13:43,615] {processor.py:161} INFO - Processing /home/ubuntu/.local/lib/python3.8/site-packages/airflow/example_dags/example_nested_branch_dag.py took 0.066 seconds
[2022-09-05 11:14:19,825] {processor.py:153} INFO - Started process (PID=22615) to work on /home/ubuntu/.local/lib/python3.8/site-packages/airflow/example_dags/example_nested_branch_dag.py
[2022-09-05 11:14:19,828] {processor.py:641} INFO - Processing file /home/ubuntu/.local/lib/python3.8/site-packages/airflow/example_dags/example_nested_branch_dag.py for tasks to queue
[2022-09-05 11:14:19,829] {logging_mixin.py:115} INFO - [2022-09-05 11:14:19,829] {dagbag.py:508} INFO - Filling up the DagBag from /home/ubuntu/.local/lib/python3.8/site-packages/airflow/example_dags/example_nested_branch_dag.py
[2022-09-05 11:14:19,840] {processor.py:651} INFO - DAG(s) dict_keys(['example_nested_branch_dag']) retrieved from /home/ubuntu/.local/lib/python3.8/site-packages/airflow/example_dags/example_nested_branch_dag.py
[2022-09-05 11:14:19,857] {logging_mixin.py:115} INFO - [2022-09-05 11:14:19,856] {dag.py:2420} INFO - Sync 1 DAGs
[2022-09-05 11:14:19,872] {logging_mixin.py:115} INFO - [2022-09-05 11:14:19,872] {dag.py:2968} INFO - Setting next_dagrun for example_nested_branch_dag to 2022-09-04T00:00:00+00:00, run_after=2022-09-05T00:00:00+00:00
[2022-09-05 11:14:19,896] {processor.py:161} INFO - Processing /home/ubuntu/.local/lib/python3.8/site-packages/airflow/example_dags/example_nested_branch_dag.py took 0.074 seconds
[2022-09-05 11:14:52,663] {processor.py:153} INFO - Started process (PID=22657) to work on /home/ubuntu/.local/lib/python3.8/site-packages/airflow/example_dags/example_nested_branch_dag.py
[2022-09-05 11:14:52,664] {processor.py:641} INFO - Processing file /home/ubuntu/.local/lib/python3.8/site-packages/airflow/example_dags/example_nested_branch_dag.py for tasks to queue
[2022-09-05 11:14:52,664] {logging_mixin.py:115} INFO - [2022-09-05 11:14:52,664] {dagbag.py:508} INFO - Filling up the DagBag from /home/ubuntu/.local/lib/python3.8/site-packages/airflow/example_dags/example_nested_branch_dag.py
[2022-09-05 11:14:52,675] {processor.py:651} INFO - DAG(s) dict_keys(['example_nested_branch_dag']) retrieved from /home/ubuntu/.local/lib/python3.8/site-packages/airflow/example_dags/example_nested_branch_dag.py
[2022-09-05 11:14:52,690] {logging_mixin.py:115} INFO - [2022-09-05 11:14:52,689] {dag.py:2420} INFO - Sync 1 DAGs
[2022-09-05 11:14:52,704] {logging_mixin.py:115} INFO - [2022-09-05 11:14:52,704] {dag.py:2968} INFO - Setting next_dagrun for example_nested_branch_dag to 2022-09-04T00:00:00+00:00, run_after=2022-09-05T00:00:00+00:00
[2022-09-05 11:14:52,725] {processor.py:161} INFO - Processing /home/ubuntu/.local/lib/python3.8/site-packages/airflow/example_dags/example_nested_branch_dag.py took 0.066 seconds
[2022-09-05 11:15:37,517] {processor.py:153} INFO - Started process (PID=22963) to work on /home/ubuntu/.local/lib/python3.8/site-packages/airflow/example_dags/example_nested_branch_dag.py
[2022-09-05 11:15:37,519] {processor.py:641} INFO - Processing file /home/ubuntu/.local/lib/python3.8/site-packages/airflow/example_dags/example_nested_branch_dag.py for tasks to queue
[2022-09-05 11:15:37,519] {logging_mixin.py:115} INFO - [2022-09-05 11:15:37,519] {dagbag.py:508} INFO - Filling up the DagBag from /home/ubuntu/.local/lib/python3.8/site-packages/airflow/example_dags/example_nested_branch_dag.py
[2022-09-05 11:15:37,530] {processor.py:651} INFO - DAG(s) dict_keys(['example_nested_branch_dag']) retrieved from /home/ubuntu/.local/lib/python3.8/site-packages/airflow/example_dags/example_nested_branch_dag.py
[2022-09-05 11:15:37,546] {logging_mixin.py:115} INFO - [2022-09-05 11:15:37,546] {dag.py:2420} INFO - Sync 1 DAGs
[2022-09-05 11:15:37,567] {logging_mixin.py:115} INFO - [2022-09-05 11:15:37,567] {dag.py:2968} INFO - Setting next_dagrun for example_nested_branch_dag to 2022-09-04T00:00:00+00:00, run_after=2022-09-05T00:00:00+00:00
[2022-09-05 11:15:37,582] {processor.py:161} INFO - Processing /home/ubuntu/.local/lib/python3.8/site-packages/airflow/example_dags/example_nested_branch_dag.py took 0.068 seconds
[2022-09-05 11:16:08,916] {processor.py:153} INFO - Started process (PID=23043) to work on /home/ubuntu/.local/lib/python3.8/site-packages/airflow/example_dags/example_nested_branch_dag.py
[2022-09-05 11:16:08,917] {processor.py:641} INFO - Processing file /home/ubuntu/.local/lib/python3.8/site-packages/airflow/example_dags/example_nested_branch_dag.py for tasks to queue
[2022-09-05 11:16:08,917] {logging_mixin.py:115} INFO - [2022-09-05 11:16:08,917] {dagbag.py:508} INFO - Filling up the DagBag from /home/ubuntu/.local/lib/python3.8/site-packages/airflow/example_dags/example_nested_branch_dag.py
[2022-09-05 11:16:08,928] {processor.py:651} INFO - DAG(s) dict_keys(['example_nested_branch_dag']) retrieved from /home/ubuntu/.local/lib/python3.8/site-packages/airflow/example_dags/example_nested_branch_dag.py
[2022-09-05 11:16:08,942] {logging_mixin.py:115} INFO - [2022-09-05 11:16:08,942] {dag.py:2420} INFO - Sync 1 DAGs
[2022-09-05 11:16:08,961] {logging_mixin.py:115} INFO - [2022-09-05 11:16:08,961] {dag.py:2968} INFO - Setting next_dagrun for example_nested_branch_dag to 2022-09-04T00:00:00+00:00, run_after=2022-09-05T00:00:00+00:00
[2022-09-05 11:16:08,975] {processor.py:161} INFO - Processing /home/ubuntu/.local/lib/python3.8/site-packages/airflow/example_dags/example_nested_branch_dag.py took 0.062 seconds
[2022-09-05 11:16:44,717] {processor.py:153} INFO - Started process (PID=23130) to work on /home/ubuntu/.local/lib/python3.8/site-packages/airflow/example_dags/example_nested_branch_dag.py
[2022-09-05 11:16:44,719] {processor.py:641} INFO - Processing file /home/ubuntu/.local/lib/python3.8/site-packages/airflow/example_dags/example_nested_branch_dag.py for tasks to queue
[2022-09-05 11:16:44,719] {logging_mixin.py:115} INFO - [2022-09-05 11:16:44,719] {dagbag.py:508} INFO - Filling up the DagBag from /home/ubuntu/.local/lib/python3.8/site-packages/airflow/example_dags/example_nested_branch_dag.py
[2022-09-05 11:16:44,729] {processor.py:651} INFO - DAG(s) dict_keys(['example_nested_branch_dag']) retrieved from /home/ubuntu/.local/lib/python3.8/site-packages/airflow/example_dags/example_nested_branch_dag.py
[2022-09-05 11:16:44,745] {logging_mixin.py:115} INFO - [2022-09-05 11:16:44,745] {dag.py:2420} INFO - Sync 1 DAGs
[2022-09-05 11:16:44,763] {logging_mixin.py:115} INFO - [2022-09-05 11:16:44,763] {dag.py:2968} INFO - Setting next_dagrun for example_nested_branch_dag to 2022-09-04T00:00:00+00:00, run_after=2022-09-05T00:00:00+00:00
[2022-09-05 11:16:44,779] {processor.py:161} INFO - Processing /home/ubuntu/.local/lib/python3.8/site-packages/airflow/example_dags/example_nested_branch_dag.py took 0.065 seconds
[2022-09-05 11:17:19,179] {processor.py:153} INFO - Started process (PID=23220) to work on /home/ubuntu/.local/lib/python3.8/site-packages/airflow/example_dags/example_nested_branch_dag.py
[2022-09-05 11:17:19,180] {processor.py:641} INFO - Processing file /home/ubuntu/.local/lib/python3.8/site-packages/airflow/example_dags/example_nested_branch_dag.py for tasks to queue
[2022-09-05 11:17:19,181] {logging_mixin.py:115} INFO - [2022-09-05 11:17:19,181] {dagbag.py:508} INFO - Filling up the DagBag from /home/ubuntu/.local/lib/python3.8/site-packages/airflow/example_dags/example_nested_branch_dag.py
[2022-09-05 11:17:19,191] {processor.py:651} INFO - DAG(s) dict_keys(['example_nested_branch_dag']) retrieved from /home/ubuntu/.local/lib/python3.8/site-packages/airflow/example_dags/example_nested_branch_dag.py
[2022-09-05 11:17:19,207] {logging_mixin.py:115} INFO - [2022-09-05 11:17:19,207] {dag.py:2420} INFO - Sync 1 DAGs
[2022-09-05 11:17:19,227] {logging_mixin.py:115} INFO - [2022-09-05 11:17:19,227] {dag.py:2968} INFO - Setting next_dagrun for example_nested_branch_dag to 2022-09-04T00:00:00+00:00, run_after=2022-09-05T00:00:00+00:00
[2022-09-05 11:17:19,245] {processor.py:161} INFO - Processing /home/ubuntu/.local/lib/python3.8/site-packages/airflow/example_dags/example_nested_branch_dag.py took 0.070 seconds
[2022-09-05 11:17:54,109] {processor.py:153} INFO - Started process (PID=23303) to work on /home/ubuntu/.local/lib/python3.8/site-packages/airflow/example_dags/example_nested_branch_dag.py
[2022-09-05 11:17:54,110] {processor.py:641} INFO - Processing file /home/ubuntu/.local/lib/python3.8/site-packages/airflow/example_dags/example_nested_branch_dag.py for tasks to queue
[2022-09-05 11:17:54,110] {logging_mixin.py:115} INFO - [2022-09-05 11:17:54,110] {dagbag.py:508} INFO - Filling up the DagBag from /home/ubuntu/.local/lib/python3.8/site-packages/airflow/example_dags/example_nested_branch_dag.py
[2022-09-05 11:17:54,120] {processor.py:651} INFO - DAG(s) dict_keys(['example_nested_branch_dag']) retrieved from /home/ubuntu/.local/lib/python3.8/site-packages/airflow/example_dags/example_nested_branch_dag.py
[2022-09-05 11:17:54,136] {logging_mixin.py:115} INFO - [2022-09-05 11:17:54,136] {dag.py:2420} INFO - Sync 1 DAGs
[2022-09-05 11:17:54,156] {logging_mixin.py:115} INFO - [2022-09-05 11:17:54,155] {dag.py:2968} INFO - Setting next_dagrun for example_nested_branch_dag to 2022-09-04T00:00:00+00:00, run_after=2022-09-05T00:00:00+00:00
[2022-09-05 11:17:54,175] {processor.py:161} INFO - Processing /home/ubuntu/.local/lib/python3.8/site-packages/airflow/example_dags/example_nested_branch_dag.py took 0.069 seconds
[2022-09-05 11:18:29,275] {processor.py:153} INFO - Started process (PID=23388) to work on /home/ubuntu/.local/lib/python3.8/site-packages/airflow/example_dags/example_nested_branch_dag.py
[2022-09-05 11:18:29,276] {processor.py:641} INFO - Processing file /home/ubuntu/.local/lib/python3.8/site-packages/airflow/example_dags/example_nested_branch_dag.py for tasks to queue
[2022-09-05 11:18:29,277] {logging_mixin.py:115} INFO - [2022-09-05 11:18:29,277] {dagbag.py:508} INFO - Filling up the DagBag from /home/ubuntu/.local/lib/python3.8/site-packages/airflow/example_dags/example_nested_branch_dag.py
[2022-09-05 11:18:29,287] {processor.py:651} INFO - DAG(s) dict_keys(['example_nested_branch_dag']) retrieved from /home/ubuntu/.local/lib/python3.8/site-packages/airflow/example_dags/example_nested_branch_dag.py
[2022-09-05 11:18:29,301] {logging_mixin.py:115} INFO - [2022-09-05 11:18:29,301] {dag.py:2420} INFO - Sync 1 DAGs
[2022-09-05 11:18:29,320] {logging_mixin.py:115} INFO - [2022-09-05 11:18:29,320] {dag.py:2968} INFO - Setting next_dagrun for example_nested_branch_dag to 2022-09-04T00:00:00+00:00, run_after=2022-09-05T00:00:00+00:00
[2022-09-05 11:18:29,341] {processor.py:161} INFO - Processing /home/ubuntu/.local/lib/python3.8/site-packages/airflow/example_dags/example_nested_branch_dag.py took 0.069 seconds
[2022-09-05 11:19:02,956] {processor.py:153} INFO - Started process (PID=23447) to work on /home/ubuntu/.local/lib/python3.8/site-packages/airflow/example_dags/example_nested_branch_dag.py
[2022-09-05 11:19:02,957] {processor.py:641} INFO - Processing file /home/ubuntu/.local/lib/python3.8/site-packages/airflow/example_dags/example_nested_branch_dag.py for tasks to queue
[2022-09-05 11:19:02,958] {logging_mixin.py:115} INFO - [2022-09-05 11:19:02,957] {dagbag.py:508} INFO - Filling up the DagBag from /home/ubuntu/.local/lib/python3.8/site-packages/airflow/example_dags/example_nested_branch_dag.py
[2022-09-05 11:19:02,968] {processor.py:651} INFO - DAG(s) dict_keys(['example_nested_branch_dag']) retrieved from /home/ubuntu/.local/lib/python3.8/site-packages/airflow/example_dags/example_nested_branch_dag.py
[2022-09-05 11:19:02,985] {logging_mixin.py:115} INFO - [2022-09-05 11:19:02,985] {dag.py:2420} INFO - Sync 1 DAGs
[2022-09-05 11:19:03,006] {logging_mixin.py:115} INFO - [2022-09-05 11:19:03,005] {dag.py:2968} INFO - Setting next_dagrun for example_nested_branch_dag to 2022-09-04T00:00:00+00:00, run_after=2022-09-05T00:00:00+00:00
[2022-09-05 11:19:03,022] {processor.py:161} INFO - Processing /home/ubuntu/.local/lib/python3.8/site-packages/airflow/example_dags/example_nested_branch_dag.py took 0.070 seconds
[2022-09-05 11:19:38,257] {processor.py:153} INFO - Started process (PID=23490) to work on /home/ubuntu/.local/lib/python3.8/site-packages/airflow/example_dags/example_nested_branch_dag.py
[2022-09-05 11:19:38,259] {processor.py:641} INFO - Processing file /home/ubuntu/.local/lib/python3.8/site-packages/airflow/example_dags/example_nested_branch_dag.py for tasks to queue
[2022-09-05 11:19:38,259] {logging_mixin.py:115} INFO - [2022-09-05 11:19:38,259] {dagbag.py:508} INFO - Filling up the DagBag from /home/ubuntu/.local/lib/python3.8/site-packages/airflow/example_dags/example_nested_branch_dag.py
[2022-09-05 11:19:38,269] {processor.py:651} INFO - DAG(s) dict_keys(['example_nested_branch_dag']) retrieved from /home/ubuntu/.local/lib/python3.8/site-packages/airflow/example_dags/example_nested_branch_dag.py
[2022-09-05 11:19:38,285] {logging_mixin.py:115} INFO - [2022-09-05 11:19:38,285] {dag.py:2420} INFO - Sync 1 DAGs
[2022-09-05 11:19:38,304] {logging_mixin.py:115} INFO - [2022-09-05 11:19:38,304] {dag.py:2968} INFO - Setting next_dagrun for example_nested_branch_dag to 2022-09-04T00:00:00+00:00, run_after=2022-09-05T00:00:00+00:00
[2022-09-05 11:19:38,318] {processor.py:161} INFO - Processing /home/ubuntu/.local/lib/python3.8/site-packages/airflow/example_dags/example_nested_branch_dag.py took 0.065 seconds
[2022-09-05 11:22:02,407] {processor.py:153} INFO - Started process (PID=25167) to work on /home/ubuntu/.local/lib/python3.8/site-packages/airflow/example_dags/example_nested_branch_dag.py
[2022-09-05 11:22:02,409] {processor.py:641} INFO - Processing file /home/ubuntu/.local/lib/python3.8/site-packages/airflow/example_dags/example_nested_branch_dag.py for tasks to queue
[2022-09-05 11:22:02,409] {logging_mixin.py:115} INFO - [2022-09-05 11:22:02,409] {dagbag.py:508} INFO - Filling up the DagBag from /home/ubuntu/.local/lib/python3.8/site-packages/airflow/example_dags/example_nested_branch_dag.py
[2022-09-05 11:22:02,421] {processor.py:651} INFO - DAG(s) dict_keys(['example_nested_branch_dag']) retrieved from /home/ubuntu/.local/lib/python3.8/site-packages/airflow/example_dags/example_nested_branch_dag.py
[2022-09-05 11:22:02,440] {logging_mixin.py:115} INFO - [2022-09-05 11:22:02,440] {dag.py:2420} INFO - Sync 1 DAGs
[2022-09-05 11:22:02,458] {logging_mixin.py:115} INFO - [2022-09-05 11:22:02,458] {dag.py:2968} INFO - Setting next_dagrun for example_nested_branch_dag to 2022-09-04T00:00:00+00:00, run_after=2022-09-05T00:00:00+00:00
[2022-09-05 11:22:02,481] {processor.py:161} INFO - Processing /home/ubuntu/.local/lib/python3.8/site-packages/airflow/example_dags/example_nested_branch_dag.py took 0.078 seconds
[2022-09-05 11:22:36,637] {processor.py:153} INFO - Started process (PID=25242) to work on /home/ubuntu/.local/lib/python3.8/site-packages/airflow/example_dags/example_nested_branch_dag.py
[2022-09-05 11:22:36,638] {processor.py:641} INFO - Processing file /home/ubuntu/.local/lib/python3.8/site-packages/airflow/example_dags/example_nested_branch_dag.py for tasks to queue
[2022-09-05 11:22:36,638] {logging_mixin.py:115} INFO - [2022-09-05 11:22:36,638] {dagbag.py:508} INFO - Filling up the DagBag from /home/ubuntu/.local/lib/python3.8/site-packages/airflow/example_dags/example_nested_branch_dag.py
[2022-09-05 11:22:36,649] {processor.py:651} INFO - DAG(s) dict_keys(['example_nested_branch_dag']) retrieved from /home/ubuntu/.local/lib/python3.8/site-packages/airflow/example_dags/example_nested_branch_dag.py
[2022-09-05 11:22:36,668] {logging_mixin.py:115} INFO - [2022-09-05 11:22:36,668] {dag.py:2420} INFO - Sync 1 DAGs
[2022-09-05 11:22:36,685] {logging_mixin.py:115} INFO - [2022-09-05 11:22:36,684] {dag.py:2968} INFO - Setting next_dagrun for example_nested_branch_dag to 2022-09-04T00:00:00+00:00, run_after=2022-09-05T00:00:00+00:00
[2022-09-05 11:22:36,703] {processor.py:161} INFO - Processing /home/ubuntu/.local/lib/python3.8/site-packages/airflow/example_dags/example_nested_branch_dag.py took 0.070 seconds
[2022-09-05 11:23:14,173] {processor.py:153} INFO - Started process (PID=25587) to work on /home/ubuntu/.local/lib/python3.8/site-packages/airflow/example_dags/example_nested_branch_dag.py
[2022-09-05 11:23:14,174] {processor.py:641} INFO - Processing file /home/ubuntu/.local/lib/python3.8/site-packages/airflow/example_dags/example_nested_branch_dag.py for tasks to queue
[2022-09-05 11:23:14,175] {logging_mixin.py:115} INFO - [2022-09-05 11:23:14,175] {dagbag.py:508} INFO - Filling up the DagBag from /home/ubuntu/.local/lib/python3.8/site-packages/airflow/example_dags/example_nested_branch_dag.py
[2022-09-05 11:23:14,186] {processor.py:651} INFO - DAG(s) dict_keys(['example_nested_branch_dag']) retrieved from /home/ubuntu/.local/lib/python3.8/site-packages/airflow/example_dags/example_nested_branch_dag.py
[2022-09-05 11:23:14,206] {logging_mixin.py:115} INFO - [2022-09-05 11:23:14,206] {dag.py:2420} INFO - Sync 1 DAGs
[2022-09-05 11:23:14,223] {logging_mixin.py:115} INFO - [2022-09-05 11:23:14,223] {dag.py:2968} INFO - Setting next_dagrun for example_nested_branch_dag to 2022-09-04T00:00:00+00:00, run_after=2022-09-05T00:00:00+00:00
[2022-09-05 11:23:14,238] {processor.py:161} INFO - Processing /home/ubuntu/.local/lib/python3.8/site-packages/airflow/example_dags/example_nested_branch_dag.py took 0.069 seconds
[2022-09-05 11:23:49,527] {processor.py:153} INFO - Started process (PID=25825) to work on /home/ubuntu/.local/lib/python3.8/site-packages/airflow/example_dags/example_nested_branch_dag.py
[2022-09-05 11:23:49,528] {processor.py:641} INFO - Processing file /home/ubuntu/.local/lib/python3.8/site-packages/airflow/example_dags/example_nested_branch_dag.py for tasks to queue
[2022-09-05 11:23:49,528] {logging_mixin.py:115} INFO - [2022-09-05 11:23:49,528] {dagbag.py:508} INFO - Filling up the DagBag from /home/ubuntu/.local/lib/python3.8/site-packages/airflow/example_dags/example_nested_branch_dag.py
[2022-09-05 11:23:49,538] {processor.py:651} INFO - DAG(s) dict_keys(['example_nested_branch_dag']) retrieved from /home/ubuntu/.local/lib/python3.8/site-packages/airflow/example_dags/example_nested_branch_dag.py
[2022-09-05 11:23:49,556] {logging_mixin.py:115} INFO - [2022-09-05 11:23:49,556] {dag.py:2420} INFO - Sync 1 DAGs
[2022-09-05 11:23:49,573] {logging_mixin.py:115} INFO - [2022-09-05 11:23:49,573] {dag.py:2968} INFO - Setting next_dagrun for example_nested_branch_dag to 2022-09-04T00:00:00+00:00, run_after=2022-09-05T00:00:00+00:00
[2022-09-05 11:23:49,599] {processor.py:161} INFO - Processing /home/ubuntu/.local/lib/python3.8/site-packages/airflow/example_dags/example_nested_branch_dag.py took 0.075 seconds
[2022-09-05 11:24:23,761] {processor.py:153} INFO - Started process (PID=25993) to work on /home/ubuntu/.local/lib/python3.8/site-packages/airflow/example_dags/example_nested_branch_dag.py
[2022-09-05 11:24:23,762] {processor.py:641} INFO - Processing file /home/ubuntu/.local/lib/python3.8/site-packages/airflow/example_dags/example_nested_branch_dag.py for tasks to queue
[2022-09-05 11:24:23,763] {logging_mixin.py:115} INFO - [2022-09-05 11:24:23,762] {dagbag.py:508} INFO - Filling up the DagBag from /home/ubuntu/.local/lib/python3.8/site-packages/airflow/example_dags/example_nested_branch_dag.py
[2022-09-05 11:24:23,773] {processor.py:651} INFO - DAG(s) dict_keys(['example_nested_branch_dag']) retrieved from /home/ubuntu/.local/lib/python3.8/site-packages/airflow/example_dags/example_nested_branch_dag.py
[2022-09-05 11:24:23,790] {logging_mixin.py:115} INFO - [2022-09-05 11:24:23,790] {dag.py:2420} INFO - Sync 1 DAGs
[2022-09-05 11:24:23,806] {logging_mixin.py:115} INFO - [2022-09-05 11:24:23,806] {dag.py:2968} INFO - Setting next_dagrun for example_nested_branch_dag to 2022-09-04T00:00:00+00:00, run_after=2022-09-05T00:00:00+00:00
[2022-09-05 11:24:23,821] {processor.py:161} INFO - Processing /home/ubuntu/.local/lib/python3.8/site-packages/airflow/example_dags/example_nested_branch_dag.py took 0.063 seconds
[2022-09-05 11:24:56,339] {processor.py:153} INFO - Started process (PID=26055) to work on /home/ubuntu/.local/lib/python3.8/site-packages/airflow/example_dags/example_nested_branch_dag.py
[2022-09-05 11:24:56,341] {processor.py:641} INFO - Processing file /home/ubuntu/.local/lib/python3.8/site-packages/airflow/example_dags/example_nested_branch_dag.py for tasks to queue
[2022-09-05 11:24:56,341] {logging_mixin.py:115} INFO - [2022-09-05 11:24:56,341] {dagbag.py:508} INFO - Filling up the DagBag from /home/ubuntu/.local/lib/python3.8/site-packages/airflow/example_dags/example_nested_branch_dag.py
[2022-09-05 11:24:56,352] {processor.py:651} INFO - DAG(s) dict_keys(['example_nested_branch_dag']) retrieved from /home/ubuntu/.local/lib/python3.8/site-packages/airflow/example_dags/example_nested_branch_dag.py
[2022-09-05 11:24:56,371] {logging_mixin.py:115} INFO - [2022-09-05 11:24:56,370] {dag.py:2420} INFO - Sync 1 DAGs
[2022-09-05 11:24:56,387] {logging_mixin.py:115} INFO - [2022-09-05 11:24:56,387] {dag.py:2968} INFO - Setting next_dagrun for example_nested_branch_dag to 2022-09-04T00:00:00+00:00, run_after=2022-09-05T00:00:00+00:00
[2022-09-05 11:24:56,401] {processor.py:161} INFO - Processing /home/ubuntu/.local/lib/python3.8/site-packages/airflow/example_dags/example_nested_branch_dag.py took 0.066 seconds
[2022-09-05 11:25:29,178] {processor.py:153} INFO - Started process (PID=26105) to work on /home/ubuntu/.local/lib/python3.8/site-packages/airflow/example_dags/example_nested_branch_dag.py
[2022-09-05 11:25:29,180] {processor.py:641} INFO - Processing file /home/ubuntu/.local/lib/python3.8/site-packages/airflow/example_dags/example_nested_branch_dag.py for tasks to queue
[2022-09-05 11:25:29,181] {logging_mixin.py:115} INFO - [2022-09-05 11:25:29,181] {dagbag.py:508} INFO - Filling up the DagBag from /home/ubuntu/.local/lib/python3.8/site-packages/airflow/example_dags/example_nested_branch_dag.py
[2022-09-05 11:25:29,192] {processor.py:651} INFO - DAG(s) dict_keys(['example_nested_branch_dag']) retrieved from /home/ubuntu/.local/lib/python3.8/site-packages/airflow/example_dags/example_nested_branch_dag.py
[2022-09-05 11:25:29,211] {logging_mixin.py:115} INFO - [2022-09-05 11:25:29,211] {dag.py:2420} INFO - Sync 1 DAGs
[2022-09-05 11:25:29,229] {logging_mixin.py:115} INFO - [2022-09-05 11:25:29,229] {dag.py:2968} INFO - Setting next_dagrun for example_nested_branch_dag to 2022-09-04T00:00:00+00:00, run_after=2022-09-05T00:00:00+00:00
[2022-09-05 11:25:29,247] {processor.py:161} INFO - Processing /home/ubuntu/.local/lib/python3.8/site-packages/airflow/example_dags/example_nested_branch_dag.py took 0.072 seconds
[2022-09-05 11:26:01,999] {processor.py:153} INFO - Started process (PID=26306) to work on /home/ubuntu/.local/lib/python3.8/site-packages/airflow/example_dags/example_nested_branch_dag.py
[2022-09-05 11:26:02,001] {processor.py:641} INFO - Processing file /home/ubuntu/.local/lib/python3.8/site-packages/airflow/example_dags/example_nested_branch_dag.py for tasks to queue
[2022-09-05 11:26:02,002] {logging_mixin.py:115} INFO - [2022-09-05 11:26:02,002] {dagbag.py:508} INFO - Filling up the DagBag from /home/ubuntu/.local/lib/python3.8/site-packages/airflow/example_dags/example_nested_branch_dag.py
[2022-09-05 11:26:02,013] {processor.py:651} INFO - DAG(s) dict_keys(['example_nested_branch_dag']) retrieved from /home/ubuntu/.local/lib/python3.8/site-packages/airflow/example_dags/example_nested_branch_dag.py
[2022-09-05 11:26:02,032] {logging_mixin.py:115} INFO - [2022-09-05 11:26:02,032] {dag.py:2420} INFO - Sync 1 DAGs
[2022-09-05 11:26:02,049] {logging_mixin.py:115} INFO - [2022-09-05 11:26:02,049] {dag.py:2968} INFO - Setting next_dagrun for example_nested_branch_dag to 2022-09-04T00:00:00+00:00, run_after=2022-09-05T00:00:00+00:00
[2022-09-05 11:26:02,068] {processor.py:161} INFO - Processing /home/ubuntu/.local/lib/python3.8/site-packages/airflow/example_dags/example_nested_branch_dag.py took 0.073 seconds
[2022-09-05 11:26:36,786] {processor.py:153} INFO - Started process (PID=26351) to work on /home/ubuntu/.local/lib/python3.8/site-packages/airflow/example_dags/example_nested_branch_dag.py
[2022-09-05 11:26:36,787] {processor.py:641} INFO - Processing file /home/ubuntu/.local/lib/python3.8/site-packages/airflow/example_dags/example_nested_branch_dag.py for tasks to queue
[2022-09-05 11:26:36,787] {logging_mixin.py:115} INFO - [2022-09-05 11:26:36,787] {dagbag.py:508} INFO - Filling up the DagBag from /home/ubuntu/.local/lib/python3.8/site-packages/airflow/example_dags/example_nested_branch_dag.py
[2022-09-05 11:26:36,798] {processor.py:651} INFO - DAG(s) dict_keys(['example_nested_branch_dag']) retrieved from /home/ubuntu/.local/lib/python3.8/site-packages/airflow/example_dags/example_nested_branch_dag.py
[2022-09-05 11:26:36,816] {logging_mixin.py:115} INFO - [2022-09-05 11:26:36,816] {dag.py:2420} INFO - Sync 1 DAGs
[2022-09-05 11:26:36,833] {logging_mixin.py:115} INFO - [2022-09-05 11:26:36,832] {dag.py:2968} INFO - Setting next_dagrun for example_nested_branch_dag to 2022-09-04T00:00:00+00:00, run_after=2022-09-05T00:00:00+00:00
[2022-09-05 11:26:36,869] {processor.py:161} INFO - Processing /home/ubuntu/.local/lib/python3.8/site-packages/airflow/example_dags/example_nested_branch_dag.py took 0.087 seconds
[2022-09-05 11:27:09,768] {processor.py:153} INFO - Started process (PID=26395) to work on /home/ubuntu/.local/lib/python3.8/site-packages/airflow/example_dags/example_nested_branch_dag.py
[2022-09-05 11:27:09,769] {processor.py:641} INFO - Processing file /home/ubuntu/.local/lib/python3.8/site-packages/airflow/example_dags/example_nested_branch_dag.py for tasks to queue
[2022-09-05 11:27:09,770] {logging_mixin.py:115} INFO - [2022-09-05 11:27:09,769] {dagbag.py:508} INFO - Filling up the DagBag from /home/ubuntu/.local/lib/python3.8/site-packages/airflow/example_dags/example_nested_branch_dag.py
[2022-09-05 11:27:09,781] {processor.py:651} INFO - DAG(s) dict_keys(['example_nested_branch_dag']) retrieved from /home/ubuntu/.local/lib/python3.8/site-packages/airflow/example_dags/example_nested_branch_dag.py
[2022-09-05 11:27:09,799] {logging_mixin.py:115} INFO - [2022-09-05 11:27:09,799] {dag.py:2420} INFO - Sync 1 DAGs
[2022-09-05 11:27:09,817] {logging_mixin.py:115} INFO - [2022-09-05 11:27:09,817] {dag.py:2968} INFO - Setting next_dagrun for example_nested_branch_dag to 2022-09-04T00:00:00+00:00, run_after=2022-09-05T00:00:00+00:00
[2022-09-05 11:27:09,832] {processor.py:161} INFO - Processing /home/ubuntu/.local/lib/python3.8/site-packages/airflow/example_dags/example_nested_branch_dag.py took 0.067 seconds
[2022-09-05 11:27:43,040] {processor.py:153} INFO - Started process (PID=26436) to work on /home/ubuntu/.local/lib/python3.8/site-packages/airflow/example_dags/example_nested_branch_dag.py
[2022-09-05 11:27:43,042] {processor.py:641} INFO - Processing file /home/ubuntu/.local/lib/python3.8/site-packages/airflow/example_dags/example_nested_branch_dag.py for tasks to queue
[2022-09-05 11:27:43,043] {logging_mixin.py:115} INFO - [2022-09-05 11:27:43,043] {dagbag.py:508} INFO - Filling up the DagBag from /home/ubuntu/.local/lib/python3.8/site-packages/airflow/example_dags/example_nested_branch_dag.py
[2022-09-05 11:27:43,054] {processor.py:651} INFO - DAG(s) dict_keys(['example_nested_branch_dag']) retrieved from /home/ubuntu/.local/lib/python3.8/site-packages/airflow/example_dags/example_nested_branch_dag.py
[2022-09-05 11:27:43,073] {logging_mixin.py:115} INFO - [2022-09-05 11:27:43,072] {dag.py:2420} INFO - Sync 1 DAGs
[2022-09-05 11:27:43,089] {logging_mixin.py:115} INFO - [2022-09-05 11:27:43,089] {dag.py:2968} INFO - Setting next_dagrun for example_nested_branch_dag to 2022-09-04T00:00:00+00:00, run_after=2022-09-05T00:00:00+00:00
[2022-09-05 11:27:43,104] {processor.py:161} INFO - Processing /home/ubuntu/.local/lib/python3.8/site-packages/airflow/example_dags/example_nested_branch_dag.py took 0.067 seconds
[2022-09-05 11:28:14,343] {processor.py:153} INFO - Started process (PID=26701) to work on /home/ubuntu/.local/lib/python3.8/site-packages/airflow/example_dags/example_nested_branch_dag.py
[2022-09-05 11:28:14,343] {processor.py:641} INFO - Processing file /home/ubuntu/.local/lib/python3.8/site-packages/airflow/example_dags/example_nested_branch_dag.py for tasks to queue
[2022-09-05 11:28:14,344] {logging_mixin.py:115} INFO - [2022-09-05 11:28:14,344] {dagbag.py:508} INFO - Filling up the DagBag from /home/ubuntu/.local/lib/python3.8/site-packages/airflow/example_dags/example_nested_branch_dag.py
[2022-09-05 11:28:14,355] {processor.py:651} INFO - DAG(s) dict_keys(['example_nested_branch_dag']) retrieved from /home/ubuntu/.local/lib/python3.8/site-packages/airflow/example_dags/example_nested_branch_dag.py
[2022-09-05 11:28:14,373] {logging_mixin.py:115} INFO - [2022-09-05 11:28:14,373] {dag.py:2420} INFO - Sync 1 DAGs
[2022-09-05 11:28:14,391] {logging_mixin.py:115} INFO - [2022-09-05 11:28:14,391] {dag.py:2968} INFO - Setting next_dagrun for example_nested_branch_dag to 2022-09-04T00:00:00+00:00, run_after=2022-09-05T00:00:00+00:00
[2022-09-05 11:28:14,406] {processor.py:161} INFO - Processing /home/ubuntu/.local/lib/python3.8/site-packages/airflow/example_dags/example_nested_branch_dag.py took 0.067 seconds
[2022-09-05 11:28:47,989] {processor.py:153} INFO - Started process (PID=27013) to work on /home/ubuntu/.local/lib/python3.8/site-packages/airflow/example_dags/example_nested_branch_dag.py
[2022-09-05 11:28:47,991] {processor.py:641} INFO - Processing file /home/ubuntu/.local/lib/python3.8/site-packages/airflow/example_dags/example_nested_branch_dag.py for tasks to queue
[2022-09-05 11:28:47,992] {logging_mixin.py:115} INFO - [2022-09-05 11:28:47,992] {dagbag.py:508} INFO - Filling up the DagBag from /home/ubuntu/.local/lib/python3.8/site-packages/airflow/example_dags/example_nested_branch_dag.py
[2022-09-05 11:28:48,003] {processor.py:651} INFO - DAG(s) dict_keys(['example_nested_branch_dag']) retrieved from /home/ubuntu/.local/lib/python3.8/site-packages/airflow/example_dags/example_nested_branch_dag.py
[2022-09-05 11:28:48,024] {logging_mixin.py:115} INFO - [2022-09-05 11:28:48,024] {dag.py:2420} INFO - Sync 1 DAGs
[2022-09-05 11:28:48,044] {logging_mixin.py:115} INFO - [2022-09-05 11:28:48,043] {dag.py:2968} INFO - Setting next_dagrun for example_nested_branch_dag to 2022-09-04T00:00:00+00:00, run_after=2022-09-05T00:00:00+00:00
[2022-09-05 11:28:48,063] {processor.py:161} INFO - Processing /home/ubuntu/.local/lib/python3.8/site-packages/airflow/example_dags/example_nested_branch_dag.py took 0.078 seconds
[2022-09-05 11:29:21,697] {processor.py:153} INFO - Started process (PID=27062) to work on /home/ubuntu/.local/lib/python3.8/site-packages/airflow/example_dags/example_nested_branch_dag.py
[2022-09-05 11:29:21,698] {processor.py:641} INFO - Processing file /home/ubuntu/.local/lib/python3.8/site-packages/airflow/example_dags/example_nested_branch_dag.py for tasks to queue
[2022-09-05 11:29:21,699] {logging_mixin.py:115} INFO - [2022-09-05 11:29:21,699] {dagbag.py:508} INFO - Filling up the DagBag from /home/ubuntu/.local/lib/python3.8/site-packages/airflow/example_dags/example_nested_branch_dag.py
[2022-09-05 11:29:21,709] {processor.py:651} INFO - DAG(s) dict_keys(['example_nested_branch_dag']) retrieved from /home/ubuntu/.local/lib/python3.8/site-packages/airflow/example_dags/example_nested_branch_dag.py
[2022-09-05 11:29:21,729] {logging_mixin.py:115} INFO - [2022-09-05 11:29:21,729] {dag.py:2420} INFO - Sync 1 DAGs
[2022-09-05 11:29:21,746] {logging_mixin.py:115} INFO - [2022-09-05 11:29:21,746] {dag.py:2968} INFO - Setting next_dagrun for example_nested_branch_dag to 2022-09-04T00:00:00+00:00, run_after=2022-09-05T00:00:00+00:00
[2022-09-05 11:29:21,762] {processor.py:161} INFO - Processing /home/ubuntu/.local/lib/python3.8/site-packages/airflow/example_dags/example_nested_branch_dag.py took 0.068 seconds
[2022-09-05 11:30:41,446] {processor.py:153} INFO - Started process (PID=27371) to work on /home/ubuntu/.local/lib/python3.8/site-packages/airflow/example_dags/example_nested_branch_dag.py
[2022-09-05 11:30:41,448] {processor.py:641} INFO - Processing file /home/ubuntu/.local/lib/python3.8/site-packages/airflow/example_dags/example_nested_branch_dag.py for tasks to queue
[2022-09-05 11:30:41,448] {logging_mixin.py:115} INFO - [2022-09-05 11:30:41,448] {dagbag.py:508} INFO - Filling up the DagBag from /home/ubuntu/.local/lib/python3.8/site-packages/airflow/example_dags/example_nested_branch_dag.py
[2022-09-05 11:30:41,459] {processor.py:651} INFO - DAG(s) dict_keys(['example_nested_branch_dag']) retrieved from /home/ubuntu/.local/lib/python3.8/site-packages/airflow/example_dags/example_nested_branch_dag.py
[2022-09-05 11:30:41,476] {logging_mixin.py:115} INFO - [2022-09-05 11:30:41,476] {dag.py:2420} INFO - Sync 1 DAGs
[2022-09-05 11:30:41,494] {logging_mixin.py:115} INFO - [2022-09-05 11:30:41,494] {dag.py:2968} INFO - Setting next_dagrun for example_nested_branch_dag to 2022-09-04T00:00:00+00:00, run_after=2022-09-05T00:00:00+00:00
[2022-09-05 11:30:41,511] {processor.py:161} INFO - Processing /home/ubuntu/.local/lib/python3.8/site-packages/airflow/example_dags/example_nested_branch_dag.py took 0.069 seconds
[2022-09-05 11:32:01,753] {processor.py:153} INFO - Started process (PID=28907) to work on /home/ubuntu/.local/lib/python3.8/site-packages/airflow/example_dags/example_nested_branch_dag.py
[2022-09-05 11:32:01,756] {processor.py:641} INFO - Processing file /home/ubuntu/.local/lib/python3.8/site-packages/airflow/example_dags/example_nested_branch_dag.py for tasks to queue
[2022-09-05 11:32:01,756] {logging_mixin.py:115} INFO - [2022-09-05 11:32:01,756] {dagbag.py:508} INFO - Filling up the DagBag from /home/ubuntu/.local/lib/python3.8/site-packages/airflow/example_dags/example_nested_branch_dag.py
[2022-09-05 11:32:01,770] {processor.py:651} INFO - DAG(s) dict_keys(['example_nested_branch_dag']) retrieved from /home/ubuntu/.local/lib/python3.8/site-packages/airflow/example_dags/example_nested_branch_dag.py
[2022-09-05 11:32:01,785] {logging_mixin.py:115} INFO - [2022-09-05 11:32:01,785] {dag.py:2420} INFO - Sync 1 DAGs
[2022-09-05 11:32:01,802] {logging_mixin.py:115} INFO - [2022-09-05 11:32:01,802] {dag.py:2968} INFO - Setting next_dagrun for example_nested_branch_dag to 2022-09-04T00:00:00+00:00, run_after=2022-09-05T00:00:00+00:00
[2022-09-05 11:32:01,833] {processor.py:161} INFO - Processing /home/ubuntu/.local/lib/python3.8/site-packages/airflow/example_dags/example_nested_branch_dag.py took 0.084 seconds
[2022-09-05 11:32:34,785] {processor.py:153} INFO - Started process (PID=29059) to work on /home/ubuntu/.local/lib/python3.8/site-packages/airflow/example_dags/example_nested_branch_dag.py
[2022-09-05 11:32:34,786] {processor.py:641} INFO - Processing file /home/ubuntu/.local/lib/python3.8/site-packages/airflow/example_dags/example_nested_branch_dag.py for tasks to queue
[2022-09-05 11:32:34,786] {logging_mixin.py:115} INFO - [2022-09-05 11:32:34,786] {dagbag.py:508} INFO - Filling up the DagBag from /home/ubuntu/.local/lib/python3.8/site-packages/airflow/example_dags/example_nested_branch_dag.py
[2022-09-05 11:32:34,800] {processor.py:651} INFO - DAG(s) dict_keys(['example_nested_branch_dag']) retrieved from /home/ubuntu/.local/lib/python3.8/site-packages/airflow/example_dags/example_nested_branch_dag.py
[2022-09-05 11:32:34,815] {logging_mixin.py:115} INFO - [2022-09-05 11:32:34,814] {dag.py:2420} INFO - Sync 1 DAGs
[2022-09-05 11:32:34,831] {logging_mixin.py:115} INFO - [2022-09-05 11:32:34,831] {dag.py:2968} INFO - Setting next_dagrun for example_nested_branch_dag to 2022-09-04T00:00:00+00:00, run_after=2022-09-05T00:00:00+00:00
[2022-09-05 11:32:34,844] {processor.py:161} INFO - Processing /home/ubuntu/.local/lib/python3.8/site-packages/airflow/example_dags/example_nested_branch_dag.py took 0.063 seconds
[2022-09-05 11:33:11,924] {processor.py:153} INFO - Started process (PID=29343) to work on /home/ubuntu/.local/lib/python3.8/site-packages/airflow/example_dags/example_nested_branch_dag.py
[2022-09-05 11:33:11,925] {processor.py:641} INFO - Processing file /home/ubuntu/.local/lib/python3.8/site-packages/airflow/example_dags/example_nested_branch_dag.py for tasks to queue
[2022-09-05 11:33:11,926] {logging_mixin.py:115} INFO - [2022-09-05 11:33:11,926] {dagbag.py:508} INFO - Filling up the DagBag from /home/ubuntu/.local/lib/python3.8/site-packages/airflow/example_dags/example_nested_branch_dag.py
[2022-09-05 11:33:11,940] {processor.py:651} INFO - DAG(s) dict_keys(['example_nested_branch_dag']) retrieved from /home/ubuntu/.local/lib/python3.8/site-packages/airflow/example_dags/example_nested_branch_dag.py
[2022-09-05 11:33:11,956] {logging_mixin.py:115} INFO - [2022-09-05 11:33:11,956] {dag.py:2420} INFO - Sync 1 DAGs
[2022-09-05 11:33:11,973] {logging_mixin.py:115} INFO - [2022-09-05 11:33:11,973] {dag.py:2968} INFO - Setting next_dagrun for example_nested_branch_dag to 2022-09-04T00:00:00+00:00, run_after=2022-09-05T00:00:00+00:00
[2022-09-05 11:33:11,987] {processor.py:161} INFO - Processing /home/ubuntu/.local/lib/python3.8/site-packages/airflow/example_dags/example_nested_branch_dag.py took 0.067 seconds
[2022-09-05 11:33:57,080] {processor.py:153} INFO - Started process (PID=29614) to work on /home/ubuntu/.local/lib/python3.8/site-packages/airflow/example_dags/example_nested_branch_dag.py
[2022-09-05 11:33:57,081] {processor.py:641} INFO - Processing file /home/ubuntu/.local/lib/python3.8/site-packages/airflow/example_dags/example_nested_branch_dag.py for tasks to queue
[2022-09-05 11:33:57,081] {logging_mixin.py:115} INFO - [2022-09-05 11:33:57,081] {dagbag.py:508} INFO - Filling up the DagBag from /home/ubuntu/.local/lib/python3.8/site-packages/airflow/example_dags/example_nested_branch_dag.py
[2022-09-05 11:33:57,092] {processor.py:651} INFO - DAG(s) dict_keys(['example_nested_branch_dag']) retrieved from /home/ubuntu/.local/lib/python3.8/site-packages/airflow/example_dags/example_nested_branch_dag.py
[2022-09-05 11:33:57,108] {logging_mixin.py:115} INFO - [2022-09-05 11:33:57,108] {dag.py:2420} INFO - Sync 1 DAGs
[2022-09-05 11:33:57,127] {logging_mixin.py:115} INFO - [2022-09-05 11:33:57,127] {dag.py:2968} INFO - Setting next_dagrun for example_nested_branch_dag to 2022-09-04T00:00:00+00:00, run_after=2022-09-05T00:00:00+00:00
[2022-09-05 11:33:57,149] {processor.py:161} INFO - Processing /home/ubuntu/.local/lib/python3.8/site-packages/airflow/example_dags/example_nested_branch_dag.py took 0.073 seconds
[2022-09-05 11:34:31,435] {processor.py:153} INFO - Started process (PID=29695) to work on /home/ubuntu/.local/lib/python3.8/site-packages/airflow/example_dags/example_nested_branch_dag.py
[2022-09-05 11:34:31,437] {processor.py:641} INFO - Processing file /home/ubuntu/.local/lib/python3.8/site-packages/airflow/example_dags/example_nested_branch_dag.py for tasks to queue
[2022-09-05 11:34:31,437] {logging_mixin.py:115} INFO - [2022-09-05 11:34:31,437] {dagbag.py:508} INFO - Filling up the DagBag from /home/ubuntu/.local/lib/python3.8/site-packages/airflow/example_dags/example_nested_branch_dag.py
[2022-09-05 11:34:31,447] {processor.py:651} INFO - DAG(s) dict_keys(['example_nested_branch_dag']) retrieved from /home/ubuntu/.local/lib/python3.8/site-packages/airflow/example_dags/example_nested_branch_dag.py
[2022-09-05 11:34:31,463] {logging_mixin.py:115} INFO - [2022-09-05 11:34:31,462] {dag.py:2420} INFO - Sync 1 DAGs
[2022-09-05 11:34:31,482] {logging_mixin.py:115} INFO - [2022-09-05 11:34:31,482] {dag.py:2968} INFO - Setting next_dagrun for example_nested_branch_dag to 2022-09-04T00:00:00+00:00, run_after=2022-09-05T00:00:00+00:00
[2022-09-05 11:34:31,502] {processor.py:161} INFO - Processing /home/ubuntu/.local/lib/python3.8/site-packages/airflow/example_dags/example_nested_branch_dag.py took 0.070 seconds
[2022-09-05 11:35:04,379] {processor.py:153} INFO - Started process (PID=29780) to work on /home/ubuntu/.local/lib/python3.8/site-packages/airflow/example_dags/example_nested_branch_dag.py
[2022-09-05 11:35:04,380] {processor.py:641} INFO - Processing file /home/ubuntu/.local/lib/python3.8/site-packages/airflow/example_dags/example_nested_branch_dag.py for tasks to queue
[2022-09-05 11:35:04,380] {logging_mixin.py:115} INFO - [2022-09-05 11:35:04,380] {dagbag.py:508} INFO - Filling up the DagBag from /home/ubuntu/.local/lib/python3.8/site-packages/airflow/example_dags/example_nested_branch_dag.py
[2022-09-05 11:35:04,391] {processor.py:651} INFO - DAG(s) dict_keys(['example_nested_branch_dag']) retrieved from /home/ubuntu/.local/lib/python3.8/site-packages/airflow/example_dags/example_nested_branch_dag.py
[2022-09-05 11:35:04,407] {logging_mixin.py:115} INFO - [2022-09-05 11:35:04,407] {dag.py:2420} INFO - Sync 1 DAGs
[2022-09-05 11:35:04,426] {logging_mixin.py:115} INFO - [2022-09-05 11:35:04,426] {dag.py:2968} INFO - Setting next_dagrun for example_nested_branch_dag to 2022-09-04T00:00:00+00:00, run_after=2022-09-05T00:00:00+00:00
[2022-09-05 11:35:04,440] {processor.py:161} INFO - Processing /home/ubuntu/.local/lib/python3.8/site-packages/airflow/example_dags/example_nested_branch_dag.py took 0.064 seconds
[2022-09-05 11:35:40,194] {processor.py:153} INFO - Started process (PID=29865) to work on /home/ubuntu/.local/lib/python3.8/site-packages/airflow/example_dags/example_nested_branch_dag.py
[2022-09-05 11:35:40,195] {processor.py:641} INFO - Processing file /home/ubuntu/.local/lib/python3.8/site-packages/airflow/example_dags/example_nested_branch_dag.py for tasks to queue
[2022-09-05 11:35:40,196] {logging_mixin.py:115} INFO - [2022-09-05 11:35:40,196] {dagbag.py:508} INFO - Filling up the DagBag from /home/ubuntu/.local/lib/python3.8/site-packages/airflow/example_dags/example_nested_branch_dag.py
[2022-09-05 11:35:40,206] {processor.py:651} INFO - DAG(s) dict_keys(['example_nested_branch_dag']) retrieved from /home/ubuntu/.local/lib/python3.8/site-packages/airflow/example_dags/example_nested_branch_dag.py
[2022-09-05 11:35:40,222] {logging_mixin.py:115} INFO - [2022-09-05 11:35:40,222] {dag.py:2420} INFO - Sync 1 DAGs
[2022-09-05 11:35:40,242] {logging_mixin.py:115} INFO - [2022-09-05 11:35:40,242] {dag.py:2968} INFO - Setting next_dagrun for example_nested_branch_dag to 2022-09-04T00:00:00+00:00, run_after=2022-09-05T00:00:00+00:00
[2022-09-05 11:35:40,255] {processor.py:161} INFO - Processing /home/ubuntu/.local/lib/python3.8/site-packages/airflow/example_dags/example_nested_branch_dag.py took 0.065 seconds
[2022-09-05 11:36:15,671] {processor.py:153} INFO - Started process (PID=29951) to work on /home/ubuntu/.local/lib/python3.8/site-packages/airflow/example_dags/example_nested_branch_dag.py
[2022-09-05 11:36:15,672] {processor.py:641} INFO - Processing file /home/ubuntu/.local/lib/python3.8/site-packages/airflow/example_dags/example_nested_branch_dag.py for tasks to queue
[2022-09-05 11:36:15,673] {logging_mixin.py:115} INFO - [2022-09-05 11:36:15,673] {dagbag.py:508} INFO - Filling up the DagBag from /home/ubuntu/.local/lib/python3.8/site-packages/airflow/example_dags/example_nested_branch_dag.py
[2022-09-05 11:36:15,684] {processor.py:651} INFO - DAG(s) dict_keys(['example_nested_branch_dag']) retrieved from /home/ubuntu/.local/lib/python3.8/site-packages/airflow/example_dags/example_nested_branch_dag.py
[2022-09-05 11:36:15,700] {logging_mixin.py:115} INFO - [2022-09-05 11:36:15,700] {dag.py:2420} INFO - Sync 1 DAGs
[2022-09-05 11:36:15,720] {logging_mixin.py:115} INFO - [2022-09-05 11:36:15,720] {dag.py:2968} INFO - Setting next_dagrun for example_nested_branch_dag to 2022-09-04T00:00:00+00:00, run_after=2022-09-05T00:00:00+00:00
[2022-09-05 11:36:15,736] {processor.py:161} INFO - Processing /home/ubuntu/.local/lib/python3.8/site-packages/airflow/example_dags/example_nested_branch_dag.py took 0.068 seconds
[2022-09-05 11:36:50,434] {processor.py:153} INFO - Started process (PID=30038) to work on /home/ubuntu/.local/lib/python3.8/site-packages/airflow/example_dags/example_nested_branch_dag.py
[2022-09-05 11:36:50,435] {processor.py:641} INFO - Processing file /home/ubuntu/.local/lib/python3.8/site-packages/airflow/example_dags/example_nested_branch_dag.py for tasks to queue
[2022-09-05 11:36:50,436] {logging_mixin.py:115} INFO - [2022-09-05 11:36:50,435] {dagbag.py:508} INFO - Filling up the DagBag from /home/ubuntu/.local/lib/python3.8/site-packages/airflow/example_dags/example_nested_branch_dag.py
[2022-09-05 11:36:50,446] {processor.py:651} INFO - DAG(s) dict_keys(['example_nested_branch_dag']) retrieved from /home/ubuntu/.local/lib/python3.8/site-packages/airflow/example_dags/example_nested_branch_dag.py
[2022-09-05 11:36:50,463] {logging_mixin.py:115} INFO - [2022-09-05 11:36:50,462] {dag.py:2420} INFO - Sync 1 DAGs
[2022-09-05 11:36:50,483] {logging_mixin.py:115} INFO - [2022-09-05 11:36:50,483] {dag.py:2968} INFO - Setting next_dagrun for example_nested_branch_dag to 2022-09-04T00:00:00+00:00, run_after=2022-09-05T00:00:00+00:00
[2022-09-05 11:36:50,498] {processor.py:161} INFO - Processing /home/ubuntu/.local/lib/python3.8/site-packages/airflow/example_dags/example_nested_branch_dag.py took 0.068 seconds
[2022-09-05 11:37:24,841] {processor.py:153} INFO - Started process (PID=30120) to work on /home/ubuntu/.local/lib/python3.8/site-packages/airflow/example_dags/example_nested_branch_dag.py
[2022-09-05 11:37:24,842] {processor.py:641} INFO - Processing file /home/ubuntu/.local/lib/python3.8/site-packages/airflow/example_dags/example_nested_branch_dag.py for tasks to queue
[2022-09-05 11:37:24,842] {logging_mixin.py:115} INFO - [2022-09-05 11:37:24,842] {dagbag.py:508} INFO - Filling up the DagBag from /home/ubuntu/.local/lib/python3.8/site-packages/airflow/example_dags/example_nested_branch_dag.py
[2022-09-05 11:37:24,852] {processor.py:651} INFO - DAG(s) dict_keys(['example_nested_branch_dag']) retrieved from /home/ubuntu/.local/lib/python3.8/site-packages/airflow/example_dags/example_nested_branch_dag.py
[2022-09-05 11:37:24,868] {logging_mixin.py:115} INFO - [2022-09-05 11:37:24,868] {dag.py:2420} INFO - Sync 1 DAGs
[2022-09-05 11:37:24,888] {logging_mixin.py:115} INFO - [2022-09-05 11:37:24,888] {dag.py:2968} INFO - Setting next_dagrun for example_nested_branch_dag to 2022-09-04T00:00:00+00:00, run_after=2022-09-05T00:00:00+00:00
[2022-09-05 11:37:24,907] {processor.py:161} INFO - Processing /home/ubuntu/.local/lib/python3.8/site-packages/airflow/example_dags/example_nested_branch_dag.py took 0.069 seconds
[2022-09-05 11:37:58,725] {processor.py:153} INFO - Started process (PID=30203) to work on /home/ubuntu/.local/lib/python3.8/site-packages/airflow/example_dags/example_nested_branch_dag.py
[2022-09-05 11:37:58,727] {processor.py:641} INFO - Processing file /home/ubuntu/.local/lib/python3.8/site-packages/airflow/example_dags/example_nested_branch_dag.py for tasks to queue
[2022-09-05 11:37:58,728] {logging_mixin.py:115} INFO - [2022-09-05 11:37:58,728] {dagbag.py:508} INFO - Filling up the DagBag from /home/ubuntu/.local/lib/python3.8/site-packages/airflow/example_dags/example_nested_branch_dag.py
[2022-09-05 11:37:58,739] {processor.py:651} INFO - DAG(s) dict_keys(['example_nested_branch_dag']) retrieved from /home/ubuntu/.local/lib/python3.8/site-packages/airflow/example_dags/example_nested_branch_dag.py
[2022-09-05 11:37:58,755] {logging_mixin.py:115} INFO - [2022-09-05 11:37:58,755] {dag.py:2420} INFO - Sync 1 DAGs
[2022-09-05 11:37:58,774] {logging_mixin.py:115} INFO - [2022-09-05 11:37:58,774] {dag.py:2968} INFO - Setting next_dagrun for example_nested_branch_dag to 2022-09-04T00:00:00+00:00, run_after=2022-09-05T00:00:00+00:00
[2022-09-05 11:37:58,788] {processor.py:161} INFO - Processing /home/ubuntu/.local/lib/python3.8/site-packages/airflow/example_dags/example_nested_branch_dag.py took 0.066 seconds
[2022-09-05 11:38:31,645] {processor.py:153} INFO - Started process (PID=30303) to work on /home/ubuntu/.local/lib/python3.8/site-packages/airflow/example_dags/example_nested_branch_dag.py
[2022-09-05 11:38:31,645] {processor.py:641} INFO - Processing file /home/ubuntu/.local/lib/python3.8/site-packages/airflow/example_dags/example_nested_branch_dag.py for tasks to queue
[2022-09-05 11:38:31,646] {logging_mixin.py:115} INFO - [2022-09-05 11:38:31,646] {dagbag.py:508} INFO - Filling up the DagBag from /home/ubuntu/.local/lib/python3.8/site-packages/airflow/example_dags/example_nested_branch_dag.py
[2022-09-05 11:38:31,655] {processor.py:651} INFO - DAG(s) dict_keys(['example_nested_branch_dag']) retrieved from /home/ubuntu/.local/lib/python3.8/site-packages/airflow/example_dags/example_nested_branch_dag.py
[2022-09-05 11:38:31,671] {logging_mixin.py:115} INFO - [2022-09-05 11:38:31,671] {dag.py:2420} INFO - Sync 1 DAGs
[2022-09-05 11:38:31,689] {logging_mixin.py:115} INFO - [2022-09-05 11:38:31,689] {dag.py:2968} INFO - Setting next_dagrun for example_nested_branch_dag to 2022-09-04T00:00:00+00:00, run_after=2022-09-05T00:00:00+00:00
[2022-09-05 11:38:31,704] {processor.py:161} INFO - Processing /home/ubuntu/.local/lib/python3.8/site-packages/airflow/example_dags/example_nested_branch_dag.py took 0.063 seconds
[2022-09-05 11:39:06,023] {processor.py:153} INFO - Started process (PID=30458) to work on /home/ubuntu/.local/lib/python3.8/site-packages/airflow/example_dags/example_nested_branch_dag.py
[2022-09-05 11:39:06,024] {processor.py:641} INFO - Processing file /home/ubuntu/.local/lib/python3.8/site-packages/airflow/example_dags/example_nested_branch_dag.py for tasks to queue
[2022-09-05 11:39:06,025] {logging_mixin.py:115} INFO - [2022-09-05 11:39:06,025] {dagbag.py:508} INFO - Filling up the DagBag from /home/ubuntu/.local/lib/python3.8/site-packages/airflow/example_dags/example_nested_branch_dag.py
[2022-09-05 11:39:06,035] {processor.py:651} INFO - DAG(s) dict_keys(['example_nested_branch_dag']) retrieved from /home/ubuntu/.local/lib/python3.8/site-packages/airflow/example_dags/example_nested_branch_dag.py
[2022-09-05 11:39:06,054] {logging_mixin.py:115} INFO - [2022-09-05 11:39:06,054] {dag.py:2420} INFO - Sync 1 DAGs
[2022-09-05 11:39:06,072] {logging_mixin.py:115} INFO - [2022-09-05 11:39:06,072] {dag.py:2968} INFO - Setting next_dagrun for example_nested_branch_dag to 2022-09-04T00:00:00+00:00, run_after=2022-09-05T00:00:00+00:00
[2022-09-05 11:39:06,087] {processor.py:161} INFO - Processing /home/ubuntu/.local/lib/python3.8/site-packages/airflow/example_dags/example_nested_branch_dag.py took 0.068 seconds
[2022-09-05 11:39:40,904] {processor.py:153} INFO - Started process (PID=30552) to work on /home/ubuntu/.local/lib/python3.8/site-packages/airflow/example_dags/example_nested_branch_dag.py
[2022-09-05 11:39:40,905] {processor.py:641} INFO - Processing file /home/ubuntu/.local/lib/python3.8/site-packages/airflow/example_dags/example_nested_branch_dag.py for tasks to queue
[2022-09-05 11:39:40,906] {logging_mixin.py:115} INFO - [2022-09-05 11:39:40,906] {dagbag.py:508} INFO - Filling up the DagBag from /home/ubuntu/.local/lib/python3.8/site-packages/airflow/example_dags/example_nested_branch_dag.py
[2022-09-05 11:39:40,917] {processor.py:651} INFO - DAG(s) dict_keys(['example_nested_branch_dag']) retrieved from /home/ubuntu/.local/lib/python3.8/site-packages/airflow/example_dags/example_nested_branch_dag.py
[2022-09-05 11:39:40,936] {logging_mixin.py:115} INFO - [2022-09-05 11:39:40,936] {dag.py:2420} INFO - Sync 1 DAGs
[2022-09-05 11:39:40,954] {logging_mixin.py:115} INFO - [2022-09-05 11:39:40,953] {dag.py:2968} INFO - Setting next_dagrun for example_nested_branch_dag to 2022-09-04T00:00:00+00:00, run_after=2022-09-05T00:00:00+00:00
[2022-09-05 11:39:40,976] {processor.py:161} INFO - Processing /home/ubuntu/.local/lib/python3.8/site-packages/airflow/example_dags/example_nested_branch_dag.py took 0.075 seconds
[2022-09-05 16:30:06,793] {processor.py:153} INFO - Started process (PID=55235) to work on /home/ubuntu/.local/lib/python3.8/site-packages/airflow/example_dags/example_nested_branch_dag.py
[2022-09-05 16:30:06,795] {processor.py:641} INFO - Processing file /home/ubuntu/.local/lib/python3.8/site-packages/airflow/example_dags/example_nested_branch_dag.py for tasks to queue
[2022-09-05 16:30:06,796] {logging_mixin.py:115} INFO - [2022-09-05 16:30:06,796] {dagbag.py:508} INFO - Filling up the DagBag from /home/ubuntu/.local/lib/python3.8/site-packages/airflow/example_dags/example_nested_branch_dag.py
[2022-09-05 16:30:06,807] {processor.py:651} INFO - DAG(s) dict_keys(['example_nested_branch_dag']) retrieved from /home/ubuntu/.local/lib/python3.8/site-packages/airflow/example_dags/example_nested_branch_dag.py
[2022-09-05 16:30:06,822] {logging_mixin.py:115} INFO - [2022-09-05 16:30:06,822] {dag.py:2420} INFO - Sync 1 DAGs
[2022-09-05 16:30:06,836] {logging_mixin.py:115} INFO - [2022-09-05 16:30:06,836] {dag.py:2968} INFO - Setting next_dagrun for example_nested_branch_dag to 2022-09-04T00:00:00+00:00, run_after=2022-09-05T00:00:00+00:00
[2022-09-05 16:30:06,862] {processor.py:161} INFO - Processing /home/ubuntu/.local/lib/python3.8/site-packages/airflow/example_dags/example_nested_branch_dag.py took 0.073 seconds
