[2022-09-05 10:47:46,079] {processor.py:153} INFO - Started process (PID=12215) to work on /home/ubuntu/.local/lib/python3.8/site-packages/airflow/example_dags/example_latest_only.py
[2022-09-05 10:47:46,080] {processor.py:641} INFO - Processing file /home/ubuntu/.local/lib/python3.8/site-packages/airflow/example_dags/example_latest_only.py for tasks to queue
[2022-09-05 10:47:46,080] {logging_mixin.py:115} INFO - [2022-09-05 10:47:46,080] {dagbag.py:508} INFO - Filling up the DagBag from /home/ubuntu/.local/lib/python3.8/site-packages/airflow/example_dags/example_latest_only.py
[2022-09-05 10:47:46,086] {processor.py:651} INFO - DAG(s) dict_keys(['latest_only']) retrieved from /home/ubuntu/.local/lib/python3.8/site-packages/airflow/example_dags/example_latest_only.py
[2022-09-05 10:47:46,101] {logging_mixin.py:115} INFO - [2022-09-05 10:47:46,101] {dag.py:2420} INFO - Sync 1 DAGs
[2022-09-05 10:47:46,120] {logging_mixin.py:115} INFO - [2022-09-05 10:47:46,120] {dag.py:2968} INFO - Setting next_dagrun for latest_only to 2022-09-05T06:47:46.119820+00:00, run_after=2022-09-05T10:47:46.119820+00:00
[2022-09-05 10:47:46,134] {processor.py:161} INFO - Processing /home/ubuntu/.local/lib/python3.8/site-packages/airflow/example_dags/example_latest_only.py took 0.058 seconds
[2022-09-05 10:48:21,924] {processor.py:153} INFO - Started process (PID=12305) to work on /home/ubuntu/.local/lib/python3.8/site-packages/airflow/example_dags/example_latest_only.py
[2022-09-05 10:48:21,926] {processor.py:641} INFO - Processing file /home/ubuntu/.local/lib/python3.8/site-packages/airflow/example_dags/example_latest_only.py for tasks to queue
[2022-09-05 10:48:21,926] {logging_mixin.py:115} INFO - [2022-09-05 10:48:21,926] {dagbag.py:508} INFO - Filling up the DagBag from /home/ubuntu/.local/lib/python3.8/site-packages/airflow/example_dags/example_latest_only.py
[2022-09-05 10:48:21,931] {processor.py:651} INFO - DAG(s) dict_keys(['latest_only']) retrieved from /home/ubuntu/.local/lib/python3.8/site-packages/airflow/example_dags/example_latest_only.py
[2022-09-05 10:48:21,948] {logging_mixin.py:115} INFO - [2022-09-05 10:48:21,948] {dag.py:2420} INFO - Sync 1 DAGs
[2022-09-05 10:48:21,968] {logging_mixin.py:115} INFO - [2022-09-05 10:48:21,967] {dag.py:2968} INFO - Setting next_dagrun for latest_only to 2022-09-05T06:48:21.967629+00:00, run_after=2022-09-05T10:48:21.967629+00:00
[2022-09-05 10:48:21,986] {processor.py:161} INFO - Processing /home/ubuntu/.local/lib/python3.8/site-packages/airflow/example_dags/example_latest_only.py took 0.065 seconds
[2022-09-05 10:48:58,123] {processor.py:153} INFO - Started process (PID=12394) to work on /home/ubuntu/.local/lib/python3.8/site-packages/airflow/example_dags/example_latest_only.py
[2022-09-05 10:48:58,125] {processor.py:641} INFO - Processing file /home/ubuntu/.local/lib/python3.8/site-packages/airflow/example_dags/example_latest_only.py for tasks to queue
[2022-09-05 10:48:58,125] {logging_mixin.py:115} INFO - [2022-09-05 10:48:58,125] {dagbag.py:508} INFO - Filling up the DagBag from /home/ubuntu/.local/lib/python3.8/site-packages/airflow/example_dags/example_latest_only.py
[2022-09-05 10:48:58,130] {processor.py:651} INFO - DAG(s) dict_keys(['latest_only']) retrieved from /home/ubuntu/.local/lib/python3.8/site-packages/airflow/example_dags/example_latest_only.py
[2022-09-05 10:48:58,145] {logging_mixin.py:115} INFO - [2022-09-05 10:48:58,145] {dag.py:2420} INFO - Sync 1 DAGs
[2022-09-05 10:48:58,164] {logging_mixin.py:115} INFO - [2022-09-05 10:48:58,164] {dag.py:2968} INFO - Setting next_dagrun for latest_only to 2022-09-05T06:48:58.163900+00:00, run_after=2022-09-05T10:48:58.163900+00:00
[2022-09-05 10:48:58,182] {processor.py:161} INFO - Processing /home/ubuntu/.local/lib/python3.8/site-packages/airflow/example_dags/example_latest_only.py took 0.062 seconds
[2022-09-05 10:49:34,130] {processor.py:153} INFO - Started process (PID=12479) to work on /home/ubuntu/.local/lib/python3.8/site-packages/airflow/example_dags/example_latest_only.py
[2022-09-05 10:49:34,131] {processor.py:641} INFO - Processing file /home/ubuntu/.local/lib/python3.8/site-packages/airflow/example_dags/example_latest_only.py for tasks to queue
[2022-09-05 10:49:34,131] {logging_mixin.py:115} INFO - [2022-09-05 10:49:34,131] {dagbag.py:508} INFO - Filling up the DagBag from /home/ubuntu/.local/lib/python3.8/site-packages/airflow/example_dags/example_latest_only.py
[2022-09-05 10:49:34,137] {processor.py:651} INFO - DAG(s) dict_keys(['latest_only']) retrieved from /home/ubuntu/.local/lib/python3.8/site-packages/airflow/example_dags/example_latest_only.py
[2022-09-05 10:49:34,152] {logging_mixin.py:115} INFO - [2022-09-05 10:49:34,152] {dag.py:2420} INFO - Sync 1 DAGs
[2022-09-05 10:49:34,172] {logging_mixin.py:115} INFO - [2022-09-05 10:49:34,171] {dag.py:2968} INFO - Setting next_dagrun for latest_only to 2022-09-05T06:49:34.171598+00:00, run_after=2022-09-05T10:49:34.171598+00:00
[2022-09-05 10:49:34,192] {processor.py:161} INFO - Processing /home/ubuntu/.local/lib/python3.8/site-packages/airflow/example_dags/example_latest_only.py took 0.066 seconds
[2022-09-05 10:50:12,489] {processor.py:153} INFO - Started process (PID=12566) to work on /home/ubuntu/.local/lib/python3.8/site-packages/airflow/example_dags/example_latest_only.py
[2022-09-05 10:50:12,490] {processor.py:641} INFO - Processing file /home/ubuntu/.local/lib/python3.8/site-packages/airflow/example_dags/example_latest_only.py for tasks to queue
[2022-09-05 10:50:12,491] {logging_mixin.py:115} INFO - [2022-09-05 10:50:12,491] {dagbag.py:508} INFO - Filling up the DagBag from /home/ubuntu/.local/lib/python3.8/site-packages/airflow/example_dags/example_latest_only.py
[2022-09-05 10:50:12,495] {processor.py:651} INFO - DAG(s) dict_keys(['latest_only']) retrieved from /home/ubuntu/.local/lib/python3.8/site-packages/airflow/example_dags/example_latest_only.py
[2022-09-05 10:50:12,510] {logging_mixin.py:115} INFO - [2022-09-05 10:50:12,510] {dag.py:2420} INFO - Sync 1 DAGs
[2022-09-05 10:50:12,527] {logging_mixin.py:115} INFO - [2022-09-05 10:50:12,527] {dag.py:2968} INFO - Setting next_dagrun for latest_only to 2022-09-05T06:50:12.527040+00:00, run_after=2022-09-05T10:50:12.527040+00:00
[2022-09-05 10:50:12,549] {processor.py:161} INFO - Processing /home/ubuntu/.local/lib/python3.8/site-packages/airflow/example_dags/example_latest_only.py took 0.063 seconds
[2022-09-05 10:50:50,463] {processor.py:153} INFO - Started process (PID=12659) to work on /home/ubuntu/.local/lib/python3.8/site-packages/airflow/example_dags/example_latest_only.py
[2022-09-05 10:50:50,464] {processor.py:641} INFO - Processing file /home/ubuntu/.local/lib/python3.8/site-packages/airflow/example_dags/example_latest_only.py for tasks to queue
[2022-09-05 10:50:50,464] {logging_mixin.py:115} INFO - [2022-09-05 10:50:50,464] {dagbag.py:508} INFO - Filling up the DagBag from /home/ubuntu/.local/lib/python3.8/site-packages/airflow/example_dags/example_latest_only.py
[2022-09-05 10:50:50,469] {processor.py:651} INFO - DAG(s) dict_keys(['latest_only']) retrieved from /home/ubuntu/.local/lib/python3.8/site-packages/airflow/example_dags/example_latest_only.py
[2022-09-05 10:50:50,484] {logging_mixin.py:115} INFO - [2022-09-05 10:50:50,484] {dag.py:2420} INFO - Sync 1 DAGs
[2022-09-05 10:50:50,503] {logging_mixin.py:115} INFO - [2022-09-05 10:50:50,503] {dag.py:2968} INFO - Setting next_dagrun for latest_only to 2022-09-05T06:50:50.503111+00:00, run_after=2022-09-05T10:50:50.503111+00:00
[2022-09-05 10:50:50,518] {processor.py:161} INFO - Processing /home/ubuntu/.local/lib/python3.8/site-packages/airflow/example_dags/example_latest_only.py took 0.059 seconds
[2022-09-05 10:51:26,822] {processor.py:153} INFO - Started process (PID=12782) to work on /home/ubuntu/.local/lib/python3.8/site-packages/airflow/example_dags/example_latest_only.py
[2022-09-05 10:51:26,823] {processor.py:641} INFO - Processing file /home/ubuntu/.local/lib/python3.8/site-packages/airflow/example_dags/example_latest_only.py for tasks to queue
[2022-09-05 10:51:26,824] {logging_mixin.py:115} INFO - [2022-09-05 10:51:26,824] {dagbag.py:508} INFO - Filling up the DagBag from /home/ubuntu/.local/lib/python3.8/site-packages/airflow/example_dags/example_latest_only.py
[2022-09-05 10:51:26,829] {processor.py:651} INFO - DAG(s) dict_keys(['latest_only']) retrieved from /home/ubuntu/.local/lib/python3.8/site-packages/airflow/example_dags/example_latest_only.py
[2022-09-05 10:51:26,845] {logging_mixin.py:115} INFO - [2022-09-05 10:51:26,845] {dag.py:2420} INFO - Sync 1 DAGs
[2022-09-05 10:51:26,864] {logging_mixin.py:115} INFO - [2022-09-05 10:51:26,864] {dag.py:2968} INFO - Setting next_dagrun for latest_only to 2022-09-05T06:51:26.863885+00:00, run_after=2022-09-05T10:51:26.863885+00:00
[2022-09-05 10:51:26,880] {processor.py:161} INFO - Processing /home/ubuntu/.local/lib/python3.8/site-packages/airflow/example_dags/example_latest_only.py took 0.061 seconds
[2022-09-05 10:52:02,684] {processor.py:153} INFO - Started process (PID=13048) to work on /home/ubuntu/.local/lib/python3.8/site-packages/airflow/example_dags/example_latest_only.py
[2022-09-05 10:52:02,685] {processor.py:641} INFO - Processing file /home/ubuntu/.local/lib/python3.8/site-packages/airflow/example_dags/example_latest_only.py for tasks to queue
[2022-09-05 10:52:02,685] {logging_mixin.py:115} INFO - [2022-09-05 10:52:02,685] {dagbag.py:508} INFO - Filling up the DagBag from /home/ubuntu/.local/lib/python3.8/site-packages/airflow/example_dags/example_latest_only.py
[2022-09-05 10:52:02,691] {processor.py:651} INFO - DAG(s) dict_keys(['latest_only']) retrieved from /home/ubuntu/.local/lib/python3.8/site-packages/airflow/example_dags/example_latest_only.py
[2022-09-05 10:52:02,706] {logging_mixin.py:115} INFO - [2022-09-05 10:52:02,705] {dag.py:2420} INFO - Sync 1 DAGs
[2022-09-05 10:52:02,723] {logging_mixin.py:115} INFO - [2022-09-05 10:52:02,723] {dag.py:2968} INFO - Setting next_dagrun for latest_only to 2022-09-05T06:52:02.723295+00:00, run_after=2022-09-05T10:52:02.723295+00:00
[2022-09-05 10:52:02,741] {processor.py:161} INFO - Processing /home/ubuntu/.local/lib/python3.8/site-packages/airflow/example_dags/example_latest_only.py took 0.061 seconds
[2022-09-05 10:52:38,584] {processor.py:153} INFO - Started process (PID=13309) to work on /home/ubuntu/.local/lib/python3.8/site-packages/airflow/example_dags/example_latest_only.py
[2022-09-05 10:52:38,585] {processor.py:641} INFO - Processing file /home/ubuntu/.local/lib/python3.8/site-packages/airflow/example_dags/example_latest_only.py for tasks to queue
[2022-09-05 10:52:38,585] {logging_mixin.py:115} INFO - [2022-09-05 10:52:38,585] {dagbag.py:508} INFO - Filling up the DagBag from /home/ubuntu/.local/lib/python3.8/site-packages/airflow/example_dags/example_latest_only.py
[2022-09-05 10:52:38,591] {processor.py:651} INFO - DAG(s) dict_keys(['latest_only']) retrieved from /home/ubuntu/.local/lib/python3.8/site-packages/airflow/example_dags/example_latest_only.py
[2022-09-05 10:52:38,607] {logging_mixin.py:115} INFO - [2022-09-05 10:52:38,607] {dag.py:2420} INFO - Sync 1 DAGs
[2022-09-05 10:52:38,625] {logging_mixin.py:115} INFO - [2022-09-05 10:52:38,625] {dag.py:2968} INFO - Setting next_dagrun for latest_only to 2022-09-05T06:52:38.625379+00:00, run_after=2022-09-05T10:52:38.625379+00:00
[2022-09-05 10:52:38,641] {processor.py:161} INFO - Processing /home/ubuntu/.local/lib/python3.8/site-packages/airflow/example_dags/example_latest_only.py took 0.061 seconds
[2022-09-05 10:53:17,942] {processor.py:153} INFO - Started process (PID=13393) to work on /home/ubuntu/.local/lib/python3.8/site-packages/airflow/example_dags/example_latest_only.py
[2022-09-05 10:53:17,943] {processor.py:641} INFO - Processing file /home/ubuntu/.local/lib/python3.8/site-packages/airflow/example_dags/example_latest_only.py for tasks to queue
[2022-09-05 10:53:17,944] {logging_mixin.py:115} INFO - [2022-09-05 10:53:17,944] {dagbag.py:508} INFO - Filling up the DagBag from /home/ubuntu/.local/lib/python3.8/site-packages/airflow/example_dags/example_latest_only.py
[2022-09-05 10:53:17,949] {processor.py:651} INFO - DAG(s) dict_keys(['latest_only']) retrieved from /home/ubuntu/.local/lib/python3.8/site-packages/airflow/example_dags/example_latest_only.py
[2022-09-05 10:53:17,965] {logging_mixin.py:115} INFO - [2022-09-05 10:53:17,965] {dag.py:2420} INFO - Sync 1 DAGs
[2022-09-05 10:53:17,984] {logging_mixin.py:115} INFO - [2022-09-05 10:53:17,984] {dag.py:2968} INFO - Setting next_dagrun for latest_only to 2022-09-05T06:53:17.984548+00:00, run_after=2022-09-05T10:53:17.984548+00:00
[2022-09-05 10:53:18,005] {processor.py:161} INFO - Processing /home/ubuntu/.local/lib/python3.8/site-packages/airflow/example_dags/example_latest_only.py took 0.066 seconds
[2022-09-05 10:53:52,685] {processor.py:153} INFO - Started process (PID=13454) to work on /home/ubuntu/.local/lib/python3.8/site-packages/airflow/example_dags/example_latest_only.py
[2022-09-05 10:53:52,688] {processor.py:641} INFO - Processing file /home/ubuntu/.local/lib/python3.8/site-packages/airflow/example_dags/example_latest_only.py for tasks to queue
[2022-09-05 10:53:52,688] {logging_mixin.py:115} INFO - [2022-09-05 10:53:52,688] {dagbag.py:508} INFO - Filling up the DagBag from /home/ubuntu/.local/lib/python3.8/site-packages/airflow/example_dags/example_latest_only.py
[2022-09-05 10:53:52,694] {processor.py:651} INFO - DAG(s) dict_keys(['latest_only']) retrieved from /home/ubuntu/.local/lib/python3.8/site-packages/airflow/example_dags/example_latest_only.py
[2022-09-05 10:53:52,710] {logging_mixin.py:115} INFO - [2022-09-05 10:53:52,710] {dag.py:2420} INFO - Sync 1 DAGs
[2022-09-05 10:53:52,729] {logging_mixin.py:115} INFO - [2022-09-05 10:53:52,729] {dag.py:2968} INFO - Setting next_dagrun for latest_only to 2022-09-05T06:53:52.729451+00:00, run_after=2022-09-05T10:53:52.729451+00:00
[2022-09-05 10:53:52,745] {processor.py:161} INFO - Processing /home/ubuntu/.local/lib/python3.8/site-packages/airflow/example_dags/example_latest_only.py took 0.063 seconds
[2022-09-05 10:54:26,914] {processor.py:153} INFO - Started process (PID=13504) to work on /home/ubuntu/.local/lib/python3.8/site-packages/airflow/example_dags/example_latest_only.py
[2022-09-05 10:54:26,915] {processor.py:641} INFO - Processing file /home/ubuntu/.local/lib/python3.8/site-packages/airflow/example_dags/example_latest_only.py for tasks to queue
[2022-09-05 10:54:26,915] {logging_mixin.py:115} INFO - [2022-09-05 10:54:26,915] {dagbag.py:508} INFO - Filling up the DagBag from /home/ubuntu/.local/lib/python3.8/site-packages/airflow/example_dags/example_latest_only.py
[2022-09-05 10:54:26,921] {processor.py:651} INFO - DAG(s) dict_keys(['latest_only']) retrieved from /home/ubuntu/.local/lib/python3.8/site-packages/airflow/example_dags/example_latest_only.py
[2022-09-05 10:54:26,936] {logging_mixin.py:115} INFO - [2022-09-05 10:54:26,936] {dag.py:2420} INFO - Sync 1 DAGs
[2022-09-05 10:54:26,954] {logging_mixin.py:115} INFO - [2022-09-05 10:54:26,954] {dag.py:2968} INFO - Setting next_dagrun for latest_only to 2022-09-05T06:54:26.954394+00:00, run_after=2022-09-05T10:54:26.954394+00:00
[2022-09-05 10:54:26,968] {processor.py:161} INFO - Processing /home/ubuntu/.local/lib/python3.8/site-packages/airflow/example_dags/example_latest_only.py took 0.057 seconds
[2022-09-05 10:55:01,972] {processor.py:153} INFO - Started process (PID=13551) to work on /home/ubuntu/.local/lib/python3.8/site-packages/airflow/example_dags/example_latest_only.py
[2022-09-05 10:55:01,973] {processor.py:641} INFO - Processing file /home/ubuntu/.local/lib/python3.8/site-packages/airflow/example_dags/example_latest_only.py for tasks to queue
[2022-09-05 10:55:01,974] {logging_mixin.py:115} INFO - [2022-09-05 10:55:01,973] {dagbag.py:508} INFO - Filling up the DagBag from /home/ubuntu/.local/lib/python3.8/site-packages/airflow/example_dags/example_latest_only.py
[2022-09-05 10:55:01,979] {processor.py:651} INFO - DAG(s) dict_keys(['latest_only']) retrieved from /home/ubuntu/.local/lib/python3.8/site-packages/airflow/example_dags/example_latest_only.py
[2022-09-05 10:55:01,995] {logging_mixin.py:115} INFO - [2022-09-05 10:55:01,995] {dag.py:2420} INFO - Sync 1 DAGs
[2022-09-05 10:55:02,014] {logging_mixin.py:115} INFO - [2022-09-05 10:55:02,014] {dag.py:2968} INFO - Setting next_dagrun for latest_only to 2022-09-05T06:55:02.013817+00:00, run_after=2022-09-05T10:55:02.013817+00:00
[2022-09-05 10:55:02,038] {processor.py:161} INFO - Processing /home/ubuntu/.local/lib/python3.8/site-packages/airflow/example_dags/example_latest_only.py took 0.070 seconds
[2022-09-05 10:55:39,141] {processor.py:153} INFO - Started process (PID=13597) to work on /home/ubuntu/.local/lib/python3.8/site-packages/airflow/example_dags/example_latest_only.py
[2022-09-05 10:55:39,142] {processor.py:641} INFO - Processing file /home/ubuntu/.local/lib/python3.8/site-packages/airflow/example_dags/example_latest_only.py for tasks to queue
[2022-09-05 10:55:39,143] {logging_mixin.py:115} INFO - [2022-09-05 10:55:39,143] {dagbag.py:508} INFO - Filling up the DagBag from /home/ubuntu/.local/lib/python3.8/site-packages/airflow/example_dags/example_latest_only.py
[2022-09-05 10:55:39,148] {processor.py:651} INFO - DAG(s) dict_keys(['latest_only']) retrieved from /home/ubuntu/.local/lib/python3.8/site-packages/airflow/example_dags/example_latest_only.py
[2022-09-05 10:55:39,163] {logging_mixin.py:115} INFO - [2022-09-05 10:55:39,163] {dag.py:2420} INFO - Sync 1 DAGs
[2022-09-05 10:55:39,180] {logging_mixin.py:115} INFO - [2022-09-05 10:55:39,180] {dag.py:2968} INFO - Setting next_dagrun for latest_only to 2022-09-05T06:55:39.180523+00:00, run_after=2022-09-05T10:55:39.180523+00:00
[2022-09-05 10:55:39,195] {processor.py:161} INFO - Processing /home/ubuntu/.local/lib/python3.8/site-packages/airflow/example_dags/example_latest_only.py took 0.057 seconds
[2022-09-05 10:56:15,930] {processor.py:153} INFO - Started process (PID=13666) to work on /home/ubuntu/.local/lib/python3.8/site-packages/airflow/example_dags/example_latest_only.py
[2022-09-05 10:56:15,931] {processor.py:641} INFO - Processing file /home/ubuntu/.local/lib/python3.8/site-packages/airflow/example_dags/example_latest_only.py for tasks to queue
[2022-09-05 10:56:15,931] {logging_mixin.py:115} INFO - [2022-09-05 10:56:15,931] {dagbag.py:508} INFO - Filling up the DagBag from /home/ubuntu/.local/lib/python3.8/site-packages/airflow/example_dags/example_latest_only.py
[2022-09-05 10:56:15,937] {processor.py:651} INFO - DAG(s) dict_keys(['latest_only']) retrieved from /home/ubuntu/.local/lib/python3.8/site-packages/airflow/example_dags/example_latest_only.py
[2022-09-05 10:56:15,952] {logging_mixin.py:115} INFO - [2022-09-05 10:56:15,952] {dag.py:2420} INFO - Sync 1 DAGs
[2022-09-05 10:56:15,970] {logging_mixin.py:115} INFO - [2022-09-05 10:56:15,970] {dag.py:2968} INFO - Setting next_dagrun for latest_only to 2022-09-05T06:56:15.970169+00:00, run_after=2022-09-05T10:56:15.970169+00:00
[2022-09-05 10:56:15,993] {processor.py:161} INFO - Processing /home/ubuntu/.local/lib/python3.8/site-packages/airflow/example_dags/example_latest_only.py took 0.067 seconds
[2022-09-05 10:56:50,186] {processor.py:153} INFO - Started process (PID=13708) to work on /home/ubuntu/.local/lib/python3.8/site-packages/airflow/example_dags/example_latest_only.py
[2022-09-05 10:56:50,187] {processor.py:641} INFO - Processing file /home/ubuntu/.local/lib/python3.8/site-packages/airflow/example_dags/example_latest_only.py for tasks to queue
[2022-09-05 10:56:50,188] {logging_mixin.py:115} INFO - [2022-09-05 10:56:50,188] {dagbag.py:508} INFO - Filling up the DagBag from /home/ubuntu/.local/lib/python3.8/site-packages/airflow/example_dags/example_latest_only.py
[2022-09-05 10:56:50,193] {processor.py:651} INFO - DAG(s) dict_keys(['latest_only']) retrieved from /home/ubuntu/.local/lib/python3.8/site-packages/airflow/example_dags/example_latest_only.py
[2022-09-05 10:56:50,209] {logging_mixin.py:115} INFO - [2022-09-05 10:56:50,208] {dag.py:2420} INFO - Sync 1 DAGs
[2022-09-05 10:56:50,227] {logging_mixin.py:115} INFO - [2022-09-05 10:56:50,227] {dag.py:2968} INFO - Setting next_dagrun for latest_only to 2022-09-05T06:56:50.227052+00:00, run_after=2022-09-05T10:56:50.227052+00:00
[2022-09-05 10:56:50,254] {processor.py:161} INFO - Processing /home/ubuntu/.local/lib/python3.8/site-packages/airflow/example_dags/example_latest_only.py took 0.071 seconds
[2022-09-05 10:58:33,069] {processor.py:153} INFO - Started process (PID=14098) to work on /home/ubuntu/.local/lib/python3.8/site-packages/airflow/example_dags/example_latest_only.py
[2022-09-05 10:58:33,071] {processor.py:641} INFO - Processing file /home/ubuntu/.local/lib/python3.8/site-packages/airflow/example_dags/example_latest_only.py for tasks to queue
[2022-09-05 10:58:33,071] {logging_mixin.py:115} INFO - [2022-09-05 10:58:33,071] {dagbag.py:508} INFO - Filling up the DagBag from /home/ubuntu/.local/lib/python3.8/site-packages/airflow/example_dags/example_latest_only.py
[2022-09-05 10:58:33,077] {processor.py:651} INFO - DAG(s) dict_keys(['latest_only']) retrieved from /home/ubuntu/.local/lib/python3.8/site-packages/airflow/example_dags/example_latest_only.py
[2022-09-05 10:58:33,093] {logging_mixin.py:115} INFO - [2022-09-05 10:58:33,093] {dag.py:2420} INFO - Sync 1 DAGs
[2022-09-05 10:58:33,112] {logging_mixin.py:115} INFO - [2022-09-05 10:58:33,112] {dag.py:2968} INFO - Setting next_dagrun for latest_only to 2022-09-05T06:58:33.111917+00:00, run_after=2022-09-05T10:58:33.111917+00:00
[2022-09-05 10:58:33,127] {processor.py:161} INFO - Processing /home/ubuntu/.local/lib/python3.8/site-packages/airflow/example_dags/example_latest_only.py took 0.061 seconds
[2022-09-05 10:59:10,204] {processor.py:153} INFO - Started process (PID=14471) to work on /home/ubuntu/.local/lib/python3.8/site-packages/airflow/example_dags/example_latest_only.py
[2022-09-05 10:59:10,209] {processor.py:641} INFO - Processing file /home/ubuntu/.local/lib/python3.8/site-packages/airflow/example_dags/example_latest_only.py for tasks to queue
[2022-09-05 10:59:10,210] {logging_mixin.py:115} INFO - [2022-09-05 10:59:10,209] {dagbag.py:508} INFO - Filling up the DagBag from /home/ubuntu/.local/lib/python3.8/site-packages/airflow/example_dags/example_latest_only.py
[2022-09-05 10:59:10,215] {processor.py:651} INFO - DAG(s) dict_keys(['latest_only']) retrieved from /home/ubuntu/.local/lib/python3.8/site-packages/airflow/example_dags/example_latest_only.py
[2022-09-05 10:59:10,231] {logging_mixin.py:115} INFO - [2022-09-05 10:59:10,231] {dag.py:2420} INFO - Sync 1 DAGs
[2022-09-05 10:59:10,249] {logging_mixin.py:115} INFO - [2022-09-05 10:59:10,249] {dag.py:2968} INFO - Setting next_dagrun for latest_only to 2022-09-05T06:59:10.249141+00:00, run_after=2022-09-05T10:59:10.249141+00:00
[2022-09-05 10:59:10,264] {processor.py:161} INFO - Processing /home/ubuntu/.local/lib/python3.8/site-packages/airflow/example_dags/example_latest_only.py took 0.063 seconds
[2022-09-05 10:59:47,441] {processor.py:153} INFO - Started process (PID=14842) to work on /home/ubuntu/.local/lib/python3.8/site-packages/airflow/example_dags/example_latest_only.py
[2022-09-05 10:59:47,442] {processor.py:641} INFO - Processing file /home/ubuntu/.local/lib/python3.8/site-packages/airflow/example_dags/example_latest_only.py for tasks to queue
[2022-09-05 10:59:47,442] {logging_mixin.py:115} INFO - [2022-09-05 10:59:47,442] {dagbag.py:508} INFO - Filling up the DagBag from /home/ubuntu/.local/lib/python3.8/site-packages/airflow/example_dags/example_latest_only.py
[2022-09-05 10:59:47,448] {processor.py:651} INFO - DAG(s) dict_keys(['latest_only']) retrieved from /home/ubuntu/.local/lib/python3.8/site-packages/airflow/example_dags/example_latest_only.py
[2022-09-05 10:59:47,463] {logging_mixin.py:115} INFO - [2022-09-05 10:59:47,463] {dag.py:2420} INFO - Sync 1 DAGs
[2022-09-05 10:59:47,482] {logging_mixin.py:115} INFO - [2022-09-05 10:59:47,482] {dag.py:2968} INFO - Setting next_dagrun for latest_only to 2022-09-05T06:59:47.481824+00:00, run_after=2022-09-05T10:59:47.481824+00:00
[2022-09-05 10:59:47,497] {processor.py:161} INFO - Processing /home/ubuntu/.local/lib/python3.8/site-packages/airflow/example_dags/example_latest_only.py took 0.060 seconds
[2022-09-05 11:00:26,694] {processor.py:153} INFO - Started process (PID=15002) to work on /home/ubuntu/.local/lib/python3.8/site-packages/airflow/example_dags/example_latest_only.py
[2022-09-05 11:00:26,696] {processor.py:641} INFO - Processing file /home/ubuntu/.local/lib/python3.8/site-packages/airflow/example_dags/example_latest_only.py for tasks to queue
[2022-09-05 11:00:26,697] {logging_mixin.py:115} INFO - [2022-09-05 11:00:26,697] {dagbag.py:508} INFO - Filling up the DagBag from /home/ubuntu/.local/lib/python3.8/site-packages/airflow/example_dags/example_latest_only.py
[2022-09-05 11:00:26,702] {processor.py:651} INFO - DAG(s) dict_keys(['latest_only']) retrieved from /home/ubuntu/.local/lib/python3.8/site-packages/airflow/example_dags/example_latest_only.py
[2022-09-05 11:00:26,719] {logging_mixin.py:115} INFO - [2022-09-05 11:00:26,719] {dag.py:2420} INFO - Sync 1 DAGs
[2022-09-05 11:00:26,739] {logging_mixin.py:115} INFO - [2022-09-05 11:00:26,738] {dag.py:2968} INFO - Setting next_dagrun for latest_only to 2022-09-05T07:00:26.738614+00:00, run_after=2022-09-05T11:00:26.738614+00:00
[2022-09-05 11:00:26,769] {processor.py:161} INFO - Processing /home/ubuntu/.local/lib/python3.8/site-packages/airflow/example_dags/example_latest_only.py took 0.079 seconds
[2022-09-05 11:01:03,163] {processor.py:153} INFO - Started process (PID=15046) to work on /home/ubuntu/.local/lib/python3.8/site-packages/airflow/example_dags/example_latest_only.py
[2022-09-05 11:01:03,165] {processor.py:641} INFO - Processing file /home/ubuntu/.local/lib/python3.8/site-packages/airflow/example_dags/example_latest_only.py for tasks to queue
[2022-09-05 11:01:03,165] {logging_mixin.py:115} INFO - [2022-09-05 11:01:03,165] {dagbag.py:508} INFO - Filling up the DagBag from /home/ubuntu/.local/lib/python3.8/site-packages/airflow/example_dags/example_latest_only.py
[2022-09-05 11:01:03,170] {processor.py:651} INFO - DAG(s) dict_keys(['latest_only']) retrieved from /home/ubuntu/.local/lib/python3.8/site-packages/airflow/example_dags/example_latest_only.py
[2022-09-05 11:01:03,186] {logging_mixin.py:115} INFO - [2022-09-05 11:01:03,186] {dag.py:2420} INFO - Sync 1 DAGs
[2022-09-05 11:01:03,205] {logging_mixin.py:115} INFO - [2022-09-05 11:01:03,205] {dag.py:2968} INFO - Setting next_dagrun for latest_only to 2022-09-05T07:01:03.204781+00:00, run_after=2022-09-05T11:01:03.204781+00:00
[2022-09-05 11:01:03,224] {processor.py:161} INFO - Processing /home/ubuntu/.local/lib/python3.8/site-packages/airflow/example_dags/example_latest_only.py took 0.064 seconds
[2022-09-05 11:01:37,635] {processor.py:153} INFO - Started process (PID=15089) to work on /home/ubuntu/.local/lib/python3.8/site-packages/airflow/example_dags/example_latest_only.py
[2022-09-05 11:01:37,636] {processor.py:641} INFO - Processing file /home/ubuntu/.local/lib/python3.8/site-packages/airflow/example_dags/example_latest_only.py for tasks to queue
[2022-09-05 11:01:37,636] {logging_mixin.py:115} INFO - [2022-09-05 11:01:37,636] {dagbag.py:508} INFO - Filling up the DagBag from /home/ubuntu/.local/lib/python3.8/site-packages/airflow/example_dags/example_latest_only.py
[2022-09-05 11:01:37,642] {processor.py:651} INFO - DAG(s) dict_keys(['latest_only']) retrieved from /home/ubuntu/.local/lib/python3.8/site-packages/airflow/example_dags/example_latest_only.py
[2022-09-05 11:01:37,657] {logging_mixin.py:115} INFO - [2022-09-05 11:01:37,657] {dag.py:2420} INFO - Sync 1 DAGs
[2022-09-05 11:01:37,675] {logging_mixin.py:115} INFO - [2022-09-05 11:01:37,675] {dag.py:2968} INFO - Setting next_dagrun for latest_only to 2022-09-05T07:01:37.675462+00:00, run_after=2022-09-05T11:01:37.675462+00:00
[2022-09-05 11:01:37,691] {processor.py:161} INFO - Processing /home/ubuntu/.local/lib/python3.8/site-packages/airflow/example_dags/example_latest_only.py took 0.060 seconds
[2022-09-05 11:02:15,557] {processor.py:153} INFO - Started process (PID=15134) to work on /home/ubuntu/.local/lib/python3.8/site-packages/airflow/example_dags/example_latest_only.py
[2022-09-05 11:02:15,558] {processor.py:641} INFO - Processing file /home/ubuntu/.local/lib/python3.8/site-packages/airflow/example_dags/example_latest_only.py for tasks to queue
[2022-09-05 11:02:15,559] {logging_mixin.py:115} INFO - [2022-09-05 11:02:15,559] {dagbag.py:508} INFO - Filling up the DagBag from /home/ubuntu/.local/lib/python3.8/site-packages/airflow/example_dags/example_latest_only.py
[2022-09-05 11:02:15,564] {processor.py:651} INFO - DAG(s) dict_keys(['latest_only']) retrieved from /home/ubuntu/.local/lib/python3.8/site-packages/airflow/example_dags/example_latest_only.py
[2022-09-05 11:02:15,581] {logging_mixin.py:115} INFO - [2022-09-05 11:02:15,580] {dag.py:2420} INFO - Sync 1 DAGs
[2022-09-05 11:02:15,601] {logging_mixin.py:115} INFO - [2022-09-05 11:02:15,601] {dag.py:2968} INFO - Setting next_dagrun for latest_only to 2022-09-05T07:02:15.601123+00:00, run_after=2022-09-05T11:02:15.601123+00:00
[2022-09-05 11:02:15,617] {processor.py:161} INFO - Processing /home/ubuntu/.local/lib/python3.8/site-packages/airflow/example_dags/example_latest_only.py took 0.064 seconds
[2022-09-05 11:02:55,753] {processor.py:153} INFO - Started process (PID=15409) to work on /home/ubuntu/.local/lib/python3.8/site-packages/airflow/example_dags/example_latest_only.py
[2022-09-05 11:02:55,755] {processor.py:641} INFO - Processing file /home/ubuntu/.local/lib/python3.8/site-packages/airflow/example_dags/example_latest_only.py for tasks to queue
[2022-09-05 11:02:55,755] {logging_mixin.py:115} INFO - [2022-09-05 11:02:55,755] {dagbag.py:508} INFO - Filling up the DagBag from /home/ubuntu/.local/lib/python3.8/site-packages/airflow/example_dags/example_latest_only.py
[2022-09-05 11:02:55,760] {processor.py:651} INFO - DAG(s) dict_keys(['latest_only']) retrieved from /home/ubuntu/.local/lib/python3.8/site-packages/airflow/example_dags/example_latest_only.py
[2022-09-05 11:02:55,777] {logging_mixin.py:115} INFO - [2022-09-05 11:02:55,776] {dag.py:2420} INFO - Sync 1 DAGs
[2022-09-05 11:02:55,795] {logging_mixin.py:115} INFO - [2022-09-05 11:02:55,795] {dag.py:2968} INFO - Setting next_dagrun for latest_only to 2022-09-05T07:02:55.795138+00:00, run_after=2022-09-05T11:02:55.795138+00:00
[2022-09-05 11:02:55,820] {processor.py:161} INFO - Processing /home/ubuntu/.local/lib/python3.8/site-packages/airflow/example_dags/example_latest_only.py took 0.070 seconds
[2022-09-05 11:04:10,558] {processor.py:153} INFO - Started process (PID=15809) to work on /home/ubuntu/.local/lib/python3.8/site-packages/airflow/example_dags/example_latest_only.py
[2022-09-05 11:04:10,559] {processor.py:641} INFO - Processing file /home/ubuntu/.local/lib/python3.8/site-packages/airflow/example_dags/example_latest_only.py for tasks to queue
[2022-09-05 11:04:10,560] {logging_mixin.py:115} INFO - [2022-09-05 11:04:10,560] {dagbag.py:508} INFO - Filling up the DagBag from /home/ubuntu/.local/lib/python3.8/site-packages/airflow/example_dags/example_latest_only.py
[2022-09-05 11:04:10,565] {processor.py:651} INFO - DAG(s) dict_keys(['latest_only']) retrieved from /home/ubuntu/.local/lib/python3.8/site-packages/airflow/example_dags/example_latest_only.py
[2022-09-05 11:04:10,581] {logging_mixin.py:115} INFO - [2022-09-05 11:04:10,581] {dag.py:2420} INFO - Sync 1 DAGs
[2022-09-05 11:04:10,599] {logging_mixin.py:115} INFO - [2022-09-05 11:04:10,599] {dag.py:2968} INFO - Setting next_dagrun for latest_only to 2022-09-05T07:04:10.599283+00:00, run_after=2022-09-05T11:04:10.599283+00:00
[2022-09-05 11:04:10,615] {processor.py:161} INFO - Processing /home/ubuntu/.local/lib/python3.8/site-packages/airflow/example_dags/example_latest_only.py took 0.061 seconds
[2022-09-05 11:09:21,768] {processor.py:153} INFO - Started process (PID=20188) to work on /home/ubuntu/.local/lib/python3.8/site-packages/airflow/example_dags/example_latest_only.py
[2022-09-05 11:09:21,770] {processor.py:641} INFO - Processing file /home/ubuntu/.local/lib/python3.8/site-packages/airflow/example_dags/example_latest_only.py for tasks to queue
[2022-09-05 11:09:21,771] {logging_mixin.py:115} INFO - [2022-09-05 11:09:21,771] {dagbag.py:508} INFO - Filling up the DagBag from /home/ubuntu/.local/lib/python3.8/site-packages/airflow/example_dags/example_latest_only.py
[2022-09-05 11:09:21,777] {processor.py:651} INFO - DAG(s) dict_keys(['latest_only']) retrieved from /home/ubuntu/.local/lib/python3.8/site-packages/airflow/example_dags/example_latest_only.py
[2022-09-05 11:09:21,794] {logging_mixin.py:115} INFO - [2022-09-05 11:09:21,793] {dag.py:2420} INFO - Sync 1 DAGs
[2022-09-05 11:09:21,808] {logging_mixin.py:115} INFO - [2022-09-05 11:09:21,808] {dag.py:2968} INFO - Setting next_dagrun for latest_only to 2022-09-05T07:09:21.808124+00:00, run_after=2022-09-05T11:09:21.808124+00:00
[2022-09-05 11:09:21,826] {processor.py:161} INFO - Processing /home/ubuntu/.local/lib/python3.8/site-packages/airflow/example_dags/example_latest_only.py took 0.061 seconds
[2022-09-05 11:10:38,897] {processor.py:153} INFO - Started process (PID=20390) to work on /home/ubuntu/.local/lib/python3.8/site-packages/airflow/example_dags/example_latest_only.py
[2022-09-05 11:10:38,898] {processor.py:641} INFO - Processing file /home/ubuntu/.local/lib/python3.8/site-packages/airflow/example_dags/example_latest_only.py for tasks to queue
[2022-09-05 11:10:38,899] {logging_mixin.py:115} INFO - [2022-09-05 11:10:38,899] {dagbag.py:508} INFO - Filling up the DagBag from /home/ubuntu/.local/lib/python3.8/site-packages/airflow/example_dags/example_latest_only.py
[2022-09-05 11:10:38,904] {processor.py:651} INFO - DAG(s) dict_keys(['latest_only']) retrieved from /home/ubuntu/.local/lib/python3.8/site-packages/airflow/example_dags/example_latest_only.py
[2022-09-05 11:10:38,919] {logging_mixin.py:115} INFO - [2022-09-05 11:10:38,919] {dag.py:2420} INFO - Sync 1 DAGs
[2022-09-05 11:10:38,933] {logging_mixin.py:115} INFO - [2022-09-05 11:10:38,933] {dag.py:2968} INFO - Setting next_dagrun for latest_only to 2022-09-05T07:10:38.933152+00:00, run_after=2022-09-05T11:10:38.933152+00:00
[2022-09-05 11:10:38,949] {processor.py:161} INFO - Processing /home/ubuntu/.local/lib/python3.8/site-packages/airflow/example_dags/example_latest_only.py took 0.056 seconds
[2022-09-05 11:12:17,840] {processor.py:153} INFO - Started process (PID=22068) to work on /home/ubuntu/.local/lib/python3.8/site-packages/airflow/example_dags/example_latest_only.py
[2022-09-05 11:12:17,843] {processor.py:641} INFO - Processing file /home/ubuntu/.local/lib/python3.8/site-packages/airflow/example_dags/example_latest_only.py for tasks to queue
[2022-09-05 11:12:17,843] {logging_mixin.py:115} INFO - [2022-09-05 11:12:17,843] {dagbag.py:508} INFO - Filling up the DagBag from /home/ubuntu/.local/lib/python3.8/site-packages/airflow/example_dags/example_latest_only.py
[2022-09-05 11:12:17,849] {processor.py:651} INFO - DAG(s) dict_keys(['latest_only']) retrieved from /home/ubuntu/.local/lib/python3.8/site-packages/airflow/example_dags/example_latest_only.py
[2022-09-05 11:12:17,865] {logging_mixin.py:115} INFO - [2022-09-05 11:12:17,865] {dag.py:2420} INFO - Sync 1 DAGs
[2022-09-05 11:12:17,879] {logging_mixin.py:115} INFO - [2022-09-05 11:12:17,879] {dag.py:2968} INFO - Setting next_dagrun for latest_only to 2022-09-05T07:12:17.878926+00:00, run_after=2022-09-05T11:12:17.878926+00:00
[2022-09-05 11:12:17,895] {processor.py:161} INFO - Processing /home/ubuntu/.local/lib/python3.8/site-packages/airflow/example_dags/example_latest_only.py took 0.059 seconds
[2022-09-05 11:12:52,767] {processor.py:153} INFO - Started process (PID=22242) to work on /home/ubuntu/.local/lib/python3.8/site-packages/airflow/example_dags/example_latest_only.py
[2022-09-05 11:12:52,769] {processor.py:641} INFO - Processing file /home/ubuntu/.local/lib/python3.8/site-packages/airflow/example_dags/example_latest_only.py for tasks to queue
[2022-09-05 11:12:52,769] {logging_mixin.py:115} INFO - [2022-09-05 11:12:52,769] {dagbag.py:508} INFO - Filling up the DagBag from /home/ubuntu/.local/lib/python3.8/site-packages/airflow/example_dags/example_latest_only.py
[2022-09-05 11:12:52,775] {processor.py:651} INFO - DAG(s) dict_keys(['latest_only']) retrieved from /home/ubuntu/.local/lib/python3.8/site-packages/airflow/example_dags/example_latest_only.py
[2022-09-05 11:12:52,790] {logging_mixin.py:115} INFO - [2022-09-05 11:12:52,790] {dag.py:2420} INFO - Sync 1 DAGs
[2022-09-05 11:12:52,804] {logging_mixin.py:115} INFO - [2022-09-05 11:12:52,804] {dag.py:2968} INFO - Setting next_dagrun for latest_only to 2022-09-05T07:12:52.804481+00:00, run_after=2022-09-05T11:12:52.804481+00:00
[2022-09-05 11:12:52,828] {processor.py:161} INFO - Processing /home/ubuntu/.local/lib/python3.8/site-packages/airflow/example_dags/example_latest_only.py took 0.064 seconds
[2022-09-05 11:13:27,488] {processor.py:153} INFO - Started process (PID=22333) to work on /home/ubuntu/.local/lib/python3.8/site-packages/airflow/example_dags/example_latest_only.py
[2022-09-05 11:13:27,489] {processor.py:641} INFO - Processing file /home/ubuntu/.local/lib/python3.8/site-packages/airflow/example_dags/example_latest_only.py for tasks to queue
[2022-09-05 11:13:27,490] {logging_mixin.py:115} INFO - [2022-09-05 11:13:27,489] {dagbag.py:508} INFO - Filling up the DagBag from /home/ubuntu/.local/lib/python3.8/site-packages/airflow/example_dags/example_latest_only.py
[2022-09-05 11:13:27,495] {processor.py:651} INFO - DAG(s) dict_keys(['latest_only']) retrieved from /home/ubuntu/.local/lib/python3.8/site-packages/airflow/example_dags/example_latest_only.py
[2022-09-05 11:13:27,512] {logging_mixin.py:115} INFO - [2022-09-05 11:13:27,512] {dag.py:2420} INFO - Sync 1 DAGs
[2022-09-05 11:13:27,526] {logging_mixin.py:115} INFO - [2022-09-05 11:13:27,526] {dag.py:2968} INFO - Setting next_dagrun for latest_only to 2022-09-05T07:13:27.525798+00:00, run_after=2022-09-05T11:13:27.525798+00:00
[2022-09-05 11:13:27,542] {processor.py:161} INFO - Processing /home/ubuntu/.local/lib/python3.8/site-packages/airflow/example_dags/example_latest_only.py took 0.058 seconds
[2022-09-05 11:14:03,822] {processor.py:153} INFO - Started process (PID=22479) to work on /home/ubuntu/.local/lib/python3.8/site-packages/airflow/example_dags/example_latest_only.py
[2022-09-05 11:14:03,823] {processor.py:641} INFO - Processing file /home/ubuntu/.local/lib/python3.8/site-packages/airflow/example_dags/example_latest_only.py for tasks to queue
[2022-09-05 11:14:03,823] {logging_mixin.py:115} INFO - [2022-09-05 11:14:03,823] {dagbag.py:508} INFO - Filling up the DagBag from /home/ubuntu/.local/lib/python3.8/site-packages/airflow/example_dags/example_latest_only.py
[2022-09-05 11:14:03,829] {processor.py:651} INFO - DAG(s) dict_keys(['latest_only']) retrieved from /home/ubuntu/.local/lib/python3.8/site-packages/airflow/example_dags/example_latest_only.py
[2022-09-05 11:14:03,845] {logging_mixin.py:115} INFO - [2022-09-05 11:14:03,845] {dag.py:2420} INFO - Sync 1 DAGs
[2022-09-05 11:14:03,858] {logging_mixin.py:115} INFO - [2022-09-05 11:14:03,858] {dag.py:2968} INFO - Setting next_dagrun for latest_only to 2022-09-05T07:14:03.858154+00:00, run_after=2022-09-05T11:14:03.858154+00:00
[2022-09-05 11:14:03,873] {processor.py:161} INFO - Processing /home/ubuntu/.local/lib/python3.8/site-packages/airflow/example_dags/example_latest_only.py took 0.055 seconds
[2022-09-05 11:14:38,123] {processor.py:153} INFO - Started process (PID=22641) to work on /home/ubuntu/.local/lib/python3.8/site-packages/airflow/example_dags/example_latest_only.py
[2022-09-05 11:14:38,124] {processor.py:641} INFO - Processing file /home/ubuntu/.local/lib/python3.8/site-packages/airflow/example_dags/example_latest_only.py for tasks to queue
[2022-09-05 11:14:38,124] {logging_mixin.py:115} INFO - [2022-09-05 11:14:38,124] {dagbag.py:508} INFO - Filling up the DagBag from /home/ubuntu/.local/lib/python3.8/site-packages/airflow/example_dags/example_latest_only.py
[2022-09-05 11:14:38,130] {processor.py:651} INFO - DAG(s) dict_keys(['latest_only']) retrieved from /home/ubuntu/.local/lib/python3.8/site-packages/airflow/example_dags/example_latest_only.py
[2022-09-05 11:14:38,147] {logging_mixin.py:115} INFO - [2022-09-05 11:14:38,147] {dag.py:2420} INFO - Sync 1 DAGs
[2022-09-05 11:14:38,161] {logging_mixin.py:115} INFO - [2022-09-05 11:14:38,161] {dag.py:2968} INFO - Setting next_dagrun for latest_only to 2022-09-05T07:14:38.161353+00:00, run_after=2022-09-05T11:14:38.161353+00:00
[2022-09-05 11:14:38,177] {processor.py:161} INFO - Processing /home/ubuntu/.local/lib/python3.8/site-packages/airflow/example_dags/example_latest_only.py took 0.058 seconds
[2022-09-05 11:15:55,755] {processor.py:153} INFO - Started process (PID=23007) to work on /home/ubuntu/.local/lib/python3.8/site-packages/airflow/example_dags/example_latest_only.py
[2022-09-05 11:15:55,757] {processor.py:641} INFO - Processing file /home/ubuntu/.local/lib/python3.8/site-packages/airflow/example_dags/example_latest_only.py for tasks to queue
[2022-09-05 11:15:55,758] {logging_mixin.py:115} INFO - [2022-09-05 11:15:55,758] {dagbag.py:508} INFO - Filling up the DagBag from /home/ubuntu/.local/lib/python3.8/site-packages/airflow/example_dags/example_latest_only.py
[2022-09-05 11:15:55,763] {processor.py:651} INFO - DAG(s) dict_keys(['latest_only']) retrieved from /home/ubuntu/.local/lib/python3.8/site-packages/airflow/example_dags/example_latest_only.py
[2022-09-05 11:15:55,778] {logging_mixin.py:115} INFO - [2022-09-05 11:15:55,777] {dag.py:2420} INFO - Sync 1 DAGs
[2022-09-05 11:15:55,795] {logging_mixin.py:115} INFO - [2022-09-05 11:15:55,794] {dag.py:2968} INFO - Setting next_dagrun for latest_only to 2022-09-05T07:15:55.794702+00:00, run_after=2022-09-05T11:15:55.794702+00:00
[2022-09-05 11:15:55,812] {processor.py:161} INFO - Processing /home/ubuntu/.local/lib/python3.8/site-packages/airflow/example_dags/example_latest_only.py took 0.060 seconds
[2022-09-05 11:16:28,720] {processor.py:153} INFO - Started process (PID=23096) to work on /home/ubuntu/.local/lib/python3.8/site-packages/airflow/example_dags/example_latest_only.py
[2022-09-05 11:16:28,721] {processor.py:641} INFO - Processing file /home/ubuntu/.local/lib/python3.8/site-packages/airflow/example_dags/example_latest_only.py for tasks to queue
[2022-09-05 11:16:28,722] {logging_mixin.py:115} INFO - [2022-09-05 11:16:28,722] {dagbag.py:508} INFO - Filling up the DagBag from /home/ubuntu/.local/lib/python3.8/site-packages/airflow/example_dags/example_latest_only.py
[2022-09-05 11:16:28,727] {processor.py:651} INFO - DAG(s) dict_keys(['latest_only']) retrieved from /home/ubuntu/.local/lib/python3.8/site-packages/airflow/example_dags/example_latest_only.py
[2022-09-05 11:16:28,742] {logging_mixin.py:115} INFO - [2022-09-05 11:16:28,742] {dag.py:2420} INFO - Sync 1 DAGs
[2022-09-05 11:16:28,761] {logging_mixin.py:115} INFO - [2022-09-05 11:16:28,760] {dag.py:2968} INFO - Setting next_dagrun for latest_only to 2022-09-05T07:16:28.760709+00:00, run_after=2022-09-05T11:16:28.760709+00:00
[2022-09-05 11:16:28,775] {processor.py:161} INFO - Processing /home/ubuntu/.local/lib/python3.8/site-packages/airflow/example_dags/example_latest_only.py took 0.058 seconds
[2022-09-05 11:17:03,232] {processor.py:153} INFO - Started process (PID=23180) to work on /home/ubuntu/.local/lib/python3.8/site-packages/airflow/example_dags/example_latest_only.py
[2022-09-05 11:17:03,233] {processor.py:641} INFO - Processing file /home/ubuntu/.local/lib/python3.8/site-packages/airflow/example_dags/example_latest_only.py for tasks to queue
[2022-09-05 11:17:03,234] {logging_mixin.py:115} INFO - [2022-09-05 11:17:03,234] {dagbag.py:508} INFO - Filling up the DagBag from /home/ubuntu/.local/lib/python3.8/site-packages/airflow/example_dags/example_latest_only.py
[2022-09-05 11:17:03,239] {processor.py:651} INFO - DAG(s) dict_keys(['latest_only']) retrieved from /home/ubuntu/.local/lib/python3.8/site-packages/airflow/example_dags/example_latest_only.py
[2022-09-05 11:17:03,255] {logging_mixin.py:115} INFO - [2022-09-05 11:17:03,255] {dag.py:2420} INFO - Sync 1 DAGs
[2022-09-05 11:17:03,274] {logging_mixin.py:115} INFO - [2022-09-05 11:17:03,274] {dag.py:2968} INFO - Setting next_dagrun for latest_only to 2022-09-05T07:17:03.274049+00:00, run_after=2022-09-05T11:17:03.274049+00:00
[2022-09-05 11:17:03,292] {processor.py:161} INFO - Processing /home/ubuntu/.local/lib/python3.8/site-packages/airflow/example_dags/example_latest_only.py took 0.064 seconds
[2022-09-05 11:17:37,511] {processor.py:153} INFO - Started process (PID=23267) to work on /home/ubuntu/.local/lib/python3.8/site-packages/airflow/example_dags/example_latest_only.py
[2022-09-05 11:17:37,511] {processor.py:641} INFO - Processing file /home/ubuntu/.local/lib/python3.8/site-packages/airflow/example_dags/example_latest_only.py for tasks to queue
[2022-09-05 11:17:37,512] {logging_mixin.py:115} INFO - [2022-09-05 11:17:37,512] {dagbag.py:508} INFO - Filling up the DagBag from /home/ubuntu/.local/lib/python3.8/site-packages/airflow/example_dags/example_latest_only.py
[2022-09-05 11:17:37,517] {processor.py:651} INFO - DAG(s) dict_keys(['latest_only']) retrieved from /home/ubuntu/.local/lib/python3.8/site-packages/airflow/example_dags/example_latest_only.py
[2022-09-05 11:17:37,532] {logging_mixin.py:115} INFO - [2022-09-05 11:17:37,532] {dag.py:2420} INFO - Sync 1 DAGs
[2022-09-05 11:17:37,549] {logging_mixin.py:115} INFO - [2022-09-05 11:17:37,549] {dag.py:2968} INFO - Setting next_dagrun for latest_only to 2022-09-05T07:17:37.549476+00:00, run_after=2022-09-05T11:17:37.549476+00:00
[2022-09-05 11:17:37,565] {processor.py:161} INFO - Processing /home/ubuntu/.local/lib/python3.8/site-packages/airflow/example_dags/example_latest_only.py took 0.058 seconds
[2022-09-05 11:18:17,984] {processor.py:153} INFO - Started process (PID=23360) to work on /home/ubuntu/.local/lib/python3.8/site-packages/airflow/example_dags/example_latest_only.py
[2022-09-05 11:18:17,985] {processor.py:641} INFO - Processing file /home/ubuntu/.local/lib/python3.8/site-packages/airflow/example_dags/example_latest_only.py for tasks to queue
[2022-09-05 11:18:17,986] {logging_mixin.py:115} INFO - [2022-09-05 11:18:17,986] {dagbag.py:508} INFO - Filling up the DagBag from /home/ubuntu/.local/lib/python3.8/site-packages/airflow/example_dags/example_latest_only.py
[2022-09-05 11:18:17,991] {processor.py:651} INFO - DAG(s) dict_keys(['latest_only']) retrieved from /home/ubuntu/.local/lib/python3.8/site-packages/airflow/example_dags/example_latest_only.py
[2022-09-05 11:18:18,006] {logging_mixin.py:115} INFO - [2022-09-05 11:18:18,006] {dag.py:2420} INFO - Sync 1 DAGs
[2022-09-05 11:18:18,025] {logging_mixin.py:115} INFO - [2022-09-05 11:18:18,025] {dag.py:2968} INFO - Setting next_dagrun for latest_only to 2022-09-05T07:18:18.025519+00:00, run_after=2022-09-05T11:18:18.025519+00:00
[2022-09-05 11:18:18,041] {processor.py:161} INFO - Processing /home/ubuntu/.local/lib/python3.8/site-packages/airflow/example_dags/example_latest_only.py took 0.061 seconds
[2022-09-05 11:18:53,793] {processor.py:153} INFO - Started process (PID=23430) to work on /home/ubuntu/.local/lib/python3.8/site-packages/airflow/example_dags/example_latest_only.py
[2022-09-05 11:18:53,794] {processor.py:641} INFO - Processing file /home/ubuntu/.local/lib/python3.8/site-packages/airflow/example_dags/example_latest_only.py for tasks to queue
[2022-09-05 11:18:53,795] {logging_mixin.py:115} INFO - [2022-09-05 11:18:53,795] {dagbag.py:508} INFO - Filling up the DagBag from /home/ubuntu/.local/lib/python3.8/site-packages/airflow/example_dags/example_latest_only.py
[2022-09-05 11:18:53,800] {processor.py:651} INFO - DAG(s) dict_keys(['latest_only']) retrieved from /home/ubuntu/.local/lib/python3.8/site-packages/airflow/example_dags/example_latest_only.py
[2022-09-05 11:18:53,816] {logging_mixin.py:115} INFO - [2022-09-05 11:18:53,816] {dag.py:2420} INFO - Sync 1 DAGs
[2022-09-05 11:18:53,834] {logging_mixin.py:115} INFO - [2022-09-05 11:18:53,834] {dag.py:2968} INFO - Setting next_dagrun for latest_only to 2022-09-05T07:18:53.834439+00:00, run_after=2022-09-05T11:18:53.834439+00:00
[2022-09-05 11:18:53,849] {processor.py:161} INFO - Processing /home/ubuntu/.local/lib/python3.8/site-packages/airflow/example_dags/example_latest_only.py took 0.060 seconds
[2022-09-05 11:19:33,714] {processor.py:153} INFO - Started process (PID=23485) to work on /home/ubuntu/.local/lib/python3.8/site-packages/airflow/example_dags/example_latest_only.py
[2022-09-05 11:19:33,716] {processor.py:641} INFO - Processing file /home/ubuntu/.local/lib/python3.8/site-packages/airflow/example_dags/example_latest_only.py for tasks to queue
[2022-09-05 11:19:33,716] {logging_mixin.py:115} INFO - [2022-09-05 11:19:33,716] {dagbag.py:508} INFO - Filling up the DagBag from /home/ubuntu/.local/lib/python3.8/site-packages/airflow/example_dags/example_latest_only.py
[2022-09-05 11:19:33,721] {processor.py:651} INFO - DAG(s) dict_keys(['latest_only']) retrieved from /home/ubuntu/.local/lib/python3.8/site-packages/airflow/example_dags/example_latest_only.py
[2022-09-05 11:19:33,737] {logging_mixin.py:115} INFO - [2022-09-05 11:19:33,737] {dag.py:2420} INFO - Sync 1 DAGs
[2022-09-05 11:19:33,756] {logging_mixin.py:115} INFO - [2022-09-05 11:19:33,755] {dag.py:2968} INFO - Setting next_dagrun for latest_only to 2022-09-05T07:19:33.755648+00:00, run_after=2022-09-05T11:19:33.755648+00:00
[2022-09-05 11:19:33,772] {processor.py:161} INFO - Processing /home/ubuntu/.local/lib/python3.8/site-packages/airflow/example_dags/example_latest_only.py took 0.061 seconds
[2022-09-05 11:22:19,070] {processor.py:153} INFO - Started process (PID=25221) to work on /home/ubuntu/.local/lib/python3.8/site-packages/airflow/example_dags/example_latest_only.py
[2022-09-05 11:22:19,072] {processor.py:641} INFO - Processing file /home/ubuntu/.local/lib/python3.8/site-packages/airflow/example_dags/example_latest_only.py for tasks to queue
[2022-09-05 11:22:19,073] {logging_mixin.py:115} INFO - [2022-09-05 11:22:19,073] {dagbag.py:508} INFO - Filling up the DagBag from /home/ubuntu/.local/lib/python3.8/site-packages/airflow/example_dags/example_latest_only.py
[2022-09-05 11:22:19,078] {processor.py:651} INFO - DAG(s) dict_keys(['latest_only']) retrieved from /home/ubuntu/.local/lib/python3.8/site-packages/airflow/example_dags/example_latest_only.py
[2022-09-05 11:22:19,094] {logging_mixin.py:115} INFO - [2022-09-05 11:22:19,094] {dag.py:2420} INFO - Sync 1 DAGs
[2022-09-05 11:22:19,113] {logging_mixin.py:115} INFO - [2022-09-05 11:22:19,113] {dag.py:2968} INFO - Setting next_dagrun for latest_only to 2022-09-05T07:22:19.113169+00:00, run_after=2022-09-05T11:22:19.113169+00:00
[2022-09-05 11:22:19,135] {processor.py:161} INFO - Processing /home/ubuntu/.local/lib/python3.8/site-packages/airflow/example_dags/example_latest_only.py took 0.068 seconds
[2022-09-05 11:22:56,203] {processor.py:153} INFO - Started process (PID=25379) to work on /home/ubuntu/.local/lib/python3.8/site-packages/airflow/example_dags/example_latest_only.py
[2022-09-05 11:22:56,205] {processor.py:641} INFO - Processing file /home/ubuntu/.local/lib/python3.8/site-packages/airflow/example_dags/example_latest_only.py for tasks to queue
[2022-09-05 11:22:56,205] {logging_mixin.py:115} INFO - [2022-09-05 11:22:56,205] {dagbag.py:508} INFO - Filling up the DagBag from /home/ubuntu/.local/lib/python3.8/site-packages/airflow/example_dags/example_latest_only.py
[2022-09-05 11:22:56,211] {processor.py:651} INFO - DAG(s) dict_keys(['latest_only']) retrieved from /home/ubuntu/.local/lib/python3.8/site-packages/airflow/example_dags/example_latest_only.py
[2022-09-05 11:22:56,228] {logging_mixin.py:115} INFO - [2022-09-05 11:22:56,228] {dag.py:2420} INFO - Sync 1 DAGs
[2022-09-05 11:22:56,251] {logging_mixin.py:115} INFO - [2022-09-05 11:22:56,251] {dag.py:2968} INFO - Setting next_dagrun for latest_only to 2022-09-05T07:22:56.251499+00:00, run_after=2022-09-05T11:22:56.251499+00:00
[2022-09-05 11:22:56,271] {processor.py:161} INFO - Processing /home/ubuntu/.local/lib/python3.8/site-packages/airflow/example_dags/example_latest_only.py took 0.072 seconds
[2022-09-05 11:23:32,974] {processor.py:153} INFO - Started process (PID=25804) to work on /home/ubuntu/.local/lib/python3.8/site-packages/airflow/example_dags/example_latest_only.py
[2022-09-05 11:23:32,975] {processor.py:641} INFO - Processing file /home/ubuntu/.local/lib/python3.8/site-packages/airflow/example_dags/example_latest_only.py for tasks to queue
[2022-09-05 11:23:32,976] {logging_mixin.py:115} INFO - [2022-09-05 11:23:32,976] {dagbag.py:508} INFO - Filling up the DagBag from /home/ubuntu/.local/lib/python3.8/site-packages/airflow/example_dags/example_latest_only.py
[2022-09-05 11:23:32,981] {processor.py:651} INFO - DAG(s) dict_keys(['latest_only']) retrieved from /home/ubuntu/.local/lib/python3.8/site-packages/airflow/example_dags/example_latest_only.py
[2022-09-05 11:23:32,997] {logging_mixin.py:115} INFO - [2022-09-05 11:23:32,997] {dag.py:2420} INFO - Sync 1 DAGs
[2022-09-05 11:23:33,016] {logging_mixin.py:115} INFO - [2022-09-05 11:23:33,016] {dag.py:2968} INFO - Setting next_dagrun for latest_only to 2022-09-05T07:23:33.015740+00:00, run_after=2022-09-05T11:23:33.015740+00:00
[2022-09-05 11:23:33,031] {processor.py:161} INFO - Processing /home/ubuntu/.local/lib/python3.8/site-packages/airflow/example_dags/example_latest_only.py took 0.061 seconds
[2022-09-05 11:24:09,480] {processor.py:153} INFO - Started process (PID=25968) to work on /home/ubuntu/.local/lib/python3.8/site-packages/airflow/example_dags/example_latest_only.py
[2022-09-05 11:24:09,481] {processor.py:641} INFO - Processing file /home/ubuntu/.local/lib/python3.8/site-packages/airflow/example_dags/example_latest_only.py for tasks to queue
[2022-09-05 11:24:09,481] {logging_mixin.py:115} INFO - [2022-09-05 11:24:09,481] {dagbag.py:508} INFO - Filling up the DagBag from /home/ubuntu/.local/lib/python3.8/site-packages/airflow/example_dags/example_latest_only.py
[2022-09-05 11:24:09,486] {processor.py:651} INFO - DAG(s) dict_keys(['latest_only']) retrieved from /home/ubuntu/.local/lib/python3.8/site-packages/airflow/example_dags/example_latest_only.py
[2022-09-05 11:24:09,502] {logging_mixin.py:115} INFO - [2022-09-05 11:24:09,502] {dag.py:2420} INFO - Sync 1 DAGs
[2022-09-05 11:24:09,519] {logging_mixin.py:115} INFO - [2022-09-05 11:24:09,519] {dag.py:2968} INFO - Setting next_dagrun for latest_only to 2022-09-05T07:24:09.519444+00:00, run_after=2022-09-05T11:24:09.519444+00:00
[2022-09-05 11:24:09,548] {processor.py:161} INFO - Processing /home/ubuntu/.local/lib/python3.8/site-packages/airflow/example_dags/example_latest_only.py took 0.071 seconds
[2022-09-05 11:24:46,052] {processor.py:153} INFO - Started process (PID=26038) to work on /home/ubuntu/.local/lib/python3.8/site-packages/airflow/example_dags/example_latest_only.py
[2022-09-05 11:24:46,053] {processor.py:641} INFO - Processing file /home/ubuntu/.local/lib/python3.8/site-packages/airflow/example_dags/example_latest_only.py for tasks to queue
[2022-09-05 11:24:46,054] {logging_mixin.py:115} INFO - [2022-09-05 11:24:46,053] {dagbag.py:508} INFO - Filling up the DagBag from /home/ubuntu/.local/lib/python3.8/site-packages/airflow/example_dags/example_latest_only.py
[2022-09-05 11:24:46,059] {processor.py:651} INFO - DAG(s) dict_keys(['latest_only']) retrieved from /home/ubuntu/.local/lib/python3.8/site-packages/airflow/example_dags/example_latest_only.py
[2022-09-05 11:24:46,076] {logging_mixin.py:115} INFO - [2022-09-05 11:24:46,075] {dag.py:2420} INFO - Sync 1 DAGs
[2022-09-05 11:24:46,095] {logging_mixin.py:115} INFO - [2022-09-05 11:24:46,095] {dag.py:2968} INFO - Setting next_dagrun for latest_only to 2022-09-05T07:24:46.094928+00:00, run_after=2022-09-05T11:24:46.094928+00:00
[2022-09-05 11:24:46,109] {processor.py:161} INFO - Processing /home/ubuntu/.local/lib/python3.8/site-packages/airflow/example_dags/example_latest_only.py took 0.061 seconds
[2022-09-05 11:25:23,216] {processor.py:153} INFO - Started process (PID=26091) to work on /home/ubuntu/.local/lib/python3.8/site-packages/airflow/example_dags/example_latest_only.py
[2022-09-05 11:25:23,218] {processor.py:641} INFO - Processing file /home/ubuntu/.local/lib/python3.8/site-packages/airflow/example_dags/example_latest_only.py for tasks to queue
[2022-09-05 11:25:23,218] {logging_mixin.py:115} INFO - [2022-09-05 11:25:23,218] {dagbag.py:508} INFO - Filling up the DagBag from /home/ubuntu/.local/lib/python3.8/site-packages/airflow/example_dags/example_latest_only.py
[2022-09-05 11:25:23,223] {processor.py:651} INFO - DAG(s) dict_keys(['latest_only']) retrieved from /home/ubuntu/.local/lib/python3.8/site-packages/airflow/example_dags/example_latest_only.py
[2022-09-05 11:25:23,239] {logging_mixin.py:115} INFO - [2022-09-05 11:25:23,239] {dag.py:2420} INFO - Sync 1 DAGs
[2022-09-05 11:25:23,259] {logging_mixin.py:115} INFO - [2022-09-05 11:25:23,258] {dag.py:2968} INFO - Setting next_dagrun for latest_only to 2022-09-05T07:25:23.258600+00:00, run_after=2022-09-05T11:25:23.258600+00:00
[2022-09-05 11:25:23,273] {processor.py:161} INFO - Processing /home/ubuntu/.local/lib/python3.8/site-packages/airflow/example_dags/example_latest_only.py took 0.061 seconds
[2022-09-05 11:25:59,371] {processor.py:153} INFO - Started process (PID=26302) to work on /home/ubuntu/.local/lib/python3.8/site-packages/airflow/example_dags/example_latest_only.py
[2022-09-05 11:25:59,372] {processor.py:641} INFO - Processing file /home/ubuntu/.local/lib/python3.8/site-packages/airflow/example_dags/example_latest_only.py for tasks to queue
[2022-09-05 11:25:59,373] {logging_mixin.py:115} INFO - [2022-09-05 11:25:59,372] {dagbag.py:508} INFO - Filling up the DagBag from /home/ubuntu/.local/lib/python3.8/site-packages/airflow/example_dags/example_latest_only.py
[2022-09-05 11:25:59,378] {processor.py:651} INFO - DAG(s) dict_keys(['latest_only']) retrieved from /home/ubuntu/.local/lib/python3.8/site-packages/airflow/example_dags/example_latest_only.py
[2022-09-05 11:25:59,397] {logging_mixin.py:115} INFO - [2022-09-05 11:25:59,397] {dag.py:2420} INFO - Sync 1 DAGs
[2022-09-05 11:25:59,413] {logging_mixin.py:115} INFO - [2022-09-05 11:25:59,413] {dag.py:2968} INFO - Setting next_dagrun for latest_only to 2022-09-05T07:25:59.412747+00:00, run_after=2022-09-05T11:25:59.412747+00:00
[2022-09-05 11:25:59,437] {processor.py:161} INFO - Processing /home/ubuntu/.local/lib/python3.8/site-packages/airflow/example_dags/example_latest_only.py took 0.070 seconds
[2022-09-05 11:26:33,374] {processor.py:153} INFO - Started process (PID=26348) to work on /home/ubuntu/.local/lib/python3.8/site-packages/airflow/example_dags/example_latest_only.py
[2022-09-05 11:26:33,376] {processor.py:641} INFO - Processing file /home/ubuntu/.local/lib/python3.8/site-packages/airflow/example_dags/example_latest_only.py for tasks to queue
[2022-09-05 11:26:33,376] {logging_mixin.py:115} INFO - [2022-09-05 11:26:33,376] {dagbag.py:508} INFO - Filling up the DagBag from /home/ubuntu/.local/lib/python3.8/site-packages/airflow/example_dags/example_latest_only.py
[2022-09-05 11:26:33,382] {processor.py:651} INFO - DAG(s) dict_keys(['latest_only']) retrieved from /home/ubuntu/.local/lib/python3.8/site-packages/airflow/example_dags/example_latest_only.py
[2022-09-05 11:26:33,401] {logging_mixin.py:115} INFO - [2022-09-05 11:26:33,401] {dag.py:2420} INFO - Sync 1 DAGs
[2022-09-05 11:26:33,418] {logging_mixin.py:115} INFO - [2022-09-05 11:26:33,418] {dag.py:2968} INFO - Setting next_dagrun for latest_only to 2022-09-05T07:26:33.417913+00:00, run_after=2022-09-05T11:26:33.417913+00:00
[2022-09-05 11:26:33,434] {processor.py:161} INFO - Processing /home/ubuntu/.local/lib/python3.8/site-packages/airflow/example_dags/example_latest_only.py took 0.064 seconds
[2022-09-05 11:27:06,376] {processor.py:153} INFO - Started process (PID=26391) to work on /home/ubuntu/.local/lib/python3.8/site-packages/airflow/example_dags/example_latest_only.py
[2022-09-05 11:27:06,377] {processor.py:641} INFO - Processing file /home/ubuntu/.local/lib/python3.8/site-packages/airflow/example_dags/example_latest_only.py for tasks to queue
[2022-09-05 11:27:06,377] {logging_mixin.py:115} INFO - [2022-09-05 11:27:06,377] {dagbag.py:508} INFO - Filling up the DagBag from /home/ubuntu/.local/lib/python3.8/site-packages/airflow/example_dags/example_latest_only.py
[2022-09-05 11:27:06,383] {processor.py:651} INFO - DAG(s) dict_keys(['latest_only']) retrieved from /home/ubuntu/.local/lib/python3.8/site-packages/airflow/example_dags/example_latest_only.py
[2022-09-05 11:27:06,401] {logging_mixin.py:115} INFO - [2022-09-05 11:27:06,401] {dag.py:2420} INFO - Sync 1 DAGs
[2022-09-05 11:27:06,417] {logging_mixin.py:115} INFO - [2022-09-05 11:27:06,417] {dag.py:2968} INFO - Setting next_dagrun for latest_only to 2022-09-05T07:27:06.416738+00:00, run_after=2022-09-05T11:27:06.416738+00:00
[2022-09-05 11:27:06,432] {processor.py:161} INFO - Processing /home/ubuntu/.local/lib/python3.8/site-packages/airflow/example_dags/example_latest_only.py took 0.060 seconds
[2022-09-05 11:27:44,171] {processor.py:153} INFO - Started process (PID=26437) to work on /home/ubuntu/.local/lib/python3.8/site-packages/airflow/example_dags/example_latest_only.py
[2022-09-05 11:27:44,172] {processor.py:641} INFO - Processing file /home/ubuntu/.local/lib/python3.8/site-packages/airflow/example_dags/example_latest_only.py for tasks to queue
[2022-09-05 11:27:44,172] {logging_mixin.py:115} INFO - [2022-09-05 11:27:44,172] {dagbag.py:508} INFO - Filling up the DagBag from /home/ubuntu/.local/lib/python3.8/site-packages/airflow/example_dags/example_latest_only.py
[2022-09-05 11:27:44,178] {processor.py:651} INFO - DAG(s) dict_keys(['latest_only']) retrieved from /home/ubuntu/.local/lib/python3.8/site-packages/airflow/example_dags/example_latest_only.py
[2022-09-05 11:27:44,197] {logging_mixin.py:115} INFO - [2022-09-05 11:27:44,196] {dag.py:2420} INFO - Sync 1 DAGs
[2022-09-05 11:27:44,212] {logging_mixin.py:115} INFO - [2022-09-05 11:27:44,212] {dag.py:2968} INFO - Setting next_dagrun for latest_only to 2022-09-05T07:27:44.212455+00:00, run_after=2022-09-05T11:27:44.212455+00:00
[2022-09-05 11:27:44,229] {processor.py:161} INFO - Processing /home/ubuntu/.local/lib/python3.8/site-packages/airflow/example_dags/example_latest_only.py took 0.062 seconds
[2022-09-05 11:28:20,617] {processor.py:153} INFO - Started process (PID=26766) to work on /home/ubuntu/.local/lib/python3.8/site-packages/airflow/example_dags/example_latest_only.py
[2022-09-05 11:28:20,618] {processor.py:641} INFO - Processing file /home/ubuntu/.local/lib/python3.8/site-packages/airflow/example_dags/example_latest_only.py for tasks to queue
[2022-09-05 11:28:20,618] {logging_mixin.py:115} INFO - [2022-09-05 11:28:20,618] {dagbag.py:508} INFO - Filling up the DagBag from /home/ubuntu/.local/lib/python3.8/site-packages/airflow/example_dags/example_latest_only.py
[2022-09-05 11:28:20,624] {processor.py:651} INFO - DAG(s) dict_keys(['latest_only']) retrieved from /home/ubuntu/.local/lib/python3.8/site-packages/airflow/example_dags/example_latest_only.py
[2022-09-05 11:28:20,698] {logging_mixin.py:115} INFO - [2022-09-05 11:28:20,698] {dag.py:2420} INFO - Sync 1 DAGs
[2022-09-05 11:28:20,723] {logging_mixin.py:115} INFO - [2022-09-05 11:28:20,723] {dag.py:2968} INFO - Setting next_dagrun for latest_only to 2022-09-05T07:28:20.723155+00:00, run_after=2022-09-05T11:28:20.723155+00:00
[2022-09-05 11:28:20,755] {processor.py:161} INFO - Processing /home/ubuntu/.local/lib/python3.8/site-packages/airflow/example_dags/example_latest_only.py took 0.142 seconds
[2022-09-05 11:28:54,865] {processor.py:153} INFO - Started process (PID=27023) to work on /home/ubuntu/.local/lib/python3.8/site-packages/airflow/example_dags/example_latest_only.py
[2022-09-05 11:28:54,866] {processor.py:641} INFO - Processing file /home/ubuntu/.local/lib/python3.8/site-packages/airflow/example_dags/example_latest_only.py for tasks to queue
[2022-09-05 11:28:54,867] {logging_mixin.py:115} INFO - [2022-09-05 11:28:54,867] {dagbag.py:508} INFO - Filling up the DagBag from /home/ubuntu/.local/lib/python3.8/site-packages/airflow/example_dags/example_latest_only.py
[2022-09-05 11:28:54,873] {processor.py:651} INFO - DAG(s) dict_keys(['latest_only']) retrieved from /home/ubuntu/.local/lib/python3.8/site-packages/airflow/example_dags/example_latest_only.py
[2022-09-05 11:28:54,892] {logging_mixin.py:115} INFO - [2022-09-05 11:28:54,892] {dag.py:2420} INFO - Sync 1 DAGs
[2022-09-05 11:28:54,909] {logging_mixin.py:115} INFO - [2022-09-05 11:28:54,908] {dag.py:2968} INFO - Setting next_dagrun for latest_only to 2022-09-05T07:28:54.908641+00:00, run_after=2022-09-05T11:28:54.908641+00:00
[2022-09-05 11:28:54,924] {processor.py:161} INFO - Processing /home/ubuntu/.local/lib/python3.8/site-packages/airflow/example_dags/example_latest_only.py took 0.063 seconds
[2022-09-05 11:29:33,126] {processor.py:153} INFO - Started process (PID=27077) to work on /home/ubuntu/.local/lib/python3.8/site-packages/airflow/example_dags/example_latest_only.py
[2022-09-05 11:29:33,127] {processor.py:641} INFO - Processing file /home/ubuntu/.local/lib/python3.8/site-packages/airflow/example_dags/example_latest_only.py for tasks to queue
[2022-09-05 11:29:33,128] {logging_mixin.py:115} INFO - [2022-09-05 11:29:33,128] {dagbag.py:508} INFO - Filling up the DagBag from /home/ubuntu/.local/lib/python3.8/site-packages/airflow/example_dags/example_latest_only.py
[2022-09-05 11:29:33,133] {processor.py:651} INFO - DAG(s) dict_keys(['latest_only']) retrieved from /home/ubuntu/.local/lib/python3.8/site-packages/airflow/example_dags/example_latest_only.py
[2022-09-05 11:29:33,152] {logging_mixin.py:115} INFO - [2022-09-05 11:29:33,152] {dag.py:2420} INFO - Sync 1 DAGs
[2022-09-05 11:29:33,168] {logging_mixin.py:115} INFO - [2022-09-05 11:29:33,168] {dag.py:2968} INFO - Setting next_dagrun for latest_only to 2022-09-05T07:29:33.168223+00:00, run_after=2022-09-05T11:29:33.168223+00:00
[2022-09-05 11:29:33,188] {processor.py:161} INFO - Processing /home/ubuntu/.local/lib/python3.8/site-packages/airflow/example_dags/example_latest_only.py took 0.066 seconds
[2022-09-05 11:32:17,194] {processor.py:153} INFO - Started process (PID=28928) to work on /home/ubuntu/.local/lib/python3.8/site-packages/airflow/example_dags/example_latest_only.py
[2022-09-05 11:32:17,196] {processor.py:641} INFO - Processing file /home/ubuntu/.local/lib/python3.8/site-packages/airflow/example_dags/example_latest_only.py for tasks to queue
[2022-09-05 11:32:17,196] {logging_mixin.py:115} INFO - [2022-09-05 11:32:17,196] {dagbag.py:508} INFO - Filling up the DagBag from /home/ubuntu/.local/lib/python3.8/site-packages/airflow/example_dags/example_latest_only.py
[2022-09-05 11:32:17,201] {processor.py:651} INFO - DAG(s) dict_keys(['latest_only']) retrieved from /home/ubuntu/.local/lib/python3.8/site-packages/airflow/example_dags/example_latest_only.py
[2022-09-05 11:32:17,220] {logging_mixin.py:115} INFO - [2022-09-05 11:32:17,220] {dag.py:2420} INFO - Sync 1 DAGs
[2022-09-05 11:32:17,236] {logging_mixin.py:115} INFO - [2022-09-05 11:32:17,236] {dag.py:2968} INFO - Setting next_dagrun for latest_only to 2022-09-05T07:32:17.236308+00:00, run_after=2022-09-05T11:32:17.236308+00:00
[2022-09-05 11:32:17,256] {processor.py:161} INFO - Processing /home/ubuntu/.local/lib/python3.8/site-packages/airflow/example_dags/example_latest_only.py took 0.066 seconds
[2022-09-05 11:32:52,110] {processor.py:153} INFO - Started process (PID=29187) to work on /home/ubuntu/.local/lib/python3.8/site-packages/airflow/example_dags/example_latest_only.py
[2022-09-05 11:32:52,112] {processor.py:641} INFO - Processing file /home/ubuntu/.local/lib/python3.8/site-packages/airflow/example_dags/example_latest_only.py for tasks to queue
[2022-09-05 11:32:52,112] {logging_mixin.py:115} INFO - [2022-09-05 11:32:52,112] {dagbag.py:508} INFO - Filling up the DagBag from /home/ubuntu/.local/lib/python3.8/site-packages/airflow/example_dags/example_latest_only.py
[2022-09-05 11:32:52,118] {processor.py:651} INFO - DAG(s) dict_keys(['latest_only']) retrieved from /home/ubuntu/.local/lib/python3.8/site-packages/airflow/example_dags/example_latest_only.py
[2022-09-05 11:32:52,135] {logging_mixin.py:115} INFO - [2022-09-05 11:32:52,135] {dag.py:2420} INFO - Sync 1 DAGs
[2022-09-05 11:32:52,240] {logging_mixin.py:115} INFO - [2022-09-05 11:32:52,240] {dag.py:2968} INFO - Setting next_dagrun for latest_only to 2022-09-05T07:32:52.240177+00:00, run_after=2022-09-05T11:32:52.240177+00:00
[2022-09-05 11:32:52,312] {processor.py:161} INFO - Processing /home/ubuntu/.local/lib/python3.8/site-packages/airflow/example_dags/example_latest_only.py took 0.205 seconds
[2022-09-05 11:34:15,375] {processor.py:153} INFO - Started process (PID=29659) to work on /home/ubuntu/.local/lib/python3.8/site-packages/airflow/example_dags/example_latest_only.py
[2022-09-05 11:34:15,377] {processor.py:641} INFO - Processing file /home/ubuntu/.local/lib/python3.8/site-packages/airflow/example_dags/example_latest_only.py for tasks to queue
[2022-09-05 11:34:15,377] {logging_mixin.py:115} INFO - [2022-09-05 11:34:15,377] {dagbag.py:508} INFO - Filling up the DagBag from /home/ubuntu/.local/lib/python3.8/site-packages/airflow/example_dags/example_latest_only.py
[2022-09-05 11:34:15,383] {processor.py:651} INFO - DAG(s) dict_keys(['latest_only']) retrieved from /home/ubuntu/.local/lib/python3.8/site-packages/airflow/example_dags/example_latest_only.py
[2022-09-05 11:34:15,398] {logging_mixin.py:115} INFO - [2022-09-05 11:34:15,398] {dag.py:2420} INFO - Sync 1 DAGs
[2022-09-05 11:34:15,416] {logging_mixin.py:115} INFO - [2022-09-05 11:34:15,416] {dag.py:2968} INFO - Setting next_dagrun for latest_only to 2022-09-05T07:34:15.415941+00:00, run_after=2022-09-05T11:34:15.415941+00:00
[2022-09-05 11:34:15,445] {processor.py:161} INFO - Processing /home/ubuntu/.local/lib/python3.8/site-packages/airflow/example_dags/example_latest_only.py took 0.073 seconds
[2022-09-05 11:34:49,429] {processor.py:153} INFO - Started process (PID=29743) to work on /home/ubuntu/.local/lib/python3.8/site-packages/airflow/example_dags/example_latest_only.py
[2022-09-05 11:34:49,430] {processor.py:641} INFO - Processing file /home/ubuntu/.local/lib/python3.8/site-packages/airflow/example_dags/example_latest_only.py for tasks to queue
[2022-09-05 11:34:49,431] {logging_mixin.py:115} INFO - [2022-09-05 11:34:49,431] {dagbag.py:508} INFO - Filling up the DagBag from /home/ubuntu/.local/lib/python3.8/site-packages/airflow/example_dags/example_latest_only.py
[2022-09-05 11:34:49,436] {processor.py:651} INFO - DAG(s) dict_keys(['latest_only']) retrieved from /home/ubuntu/.local/lib/python3.8/site-packages/airflow/example_dags/example_latest_only.py
[2022-09-05 11:34:49,451] {logging_mixin.py:115} INFO - [2022-09-05 11:34:49,451] {dag.py:2420} INFO - Sync 1 DAGs
[2022-09-05 11:34:49,468] {logging_mixin.py:115} INFO - [2022-09-05 11:34:49,468] {dag.py:2968} INFO - Setting next_dagrun for latest_only to 2022-09-05T07:34:49.468332+00:00, run_after=2022-09-05T11:34:49.468332+00:00
[2022-09-05 11:34:49,481] {processor.py:161} INFO - Processing /home/ubuntu/.local/lib/python3.8/site-packages/airflow/example_dags/example_latest_only.py took 0.055 seconds
[2022-09-05 11:35:24,246] {processor.py:153} INFO - Started process (PID=29829) to work on /home/ubuntu/.local/lib/python3.8/site-packages/airflow/example_dags/example_latest_only.py
[2022-09-05 11:35:24,247] {processor.py:641} INFO - Processing file /home/ubuntu/.local/lib/python3.8/site-packages/airflow/example_dags/example_latest_only.py for tasks to queue
[2022-09-05 11:35:24,247] {logging_mixin.py:115} INFO - [2022-09-05 11:35:24,247] {dagbag.py:508} INFO - Filling up the DagBag from /home/ubuntu/.local/lib/python3.8/site-packages/airflow/example_dags/example_latest_only.py
[2022-09-05 11:35:24,252] {processor.py:651} INFO - DAG(s) dict_keys(['latest_only']) retrieved from /home/ubuntu/.local/lib/python3.8/site-packages/airflow/example_dags/example_latest_only.py
[2022-09-05 11:35:24,268] {logging_mixin.py:115} INFO - [2022-09-05 11:35:24,268] {dag.py:2420} INFO - Sync 1 DAGs
[2022-09-05 11:35:24,287] {logging_mixin.py:115} INFO - [2022-09-05 11:35:24,286] {dag.py:2968} INFO - Setting next_dagrun for latest_only to 2022-09-05T07:35:24.286649+00:00, run_after=2022-09-05T11:35:24.286649+00:00
[2022-09-05 11:35:24,301] {processor.py:161} INFO - Processing /home/ubuntu/.local/lib/python3.8/site-packages/airflow/example_dags/example_latest_only.py took 0.058 seconds
[2022-09-05 11:36:00,464] {processor.py:153} INFO - Started process (PID=29912) to work on /home/ubuntu/.local/lib/python3.8/site-packages/airflow/example_dags/example_latest_only.py
[2022-09-05 11:36:00,466] {processor.py:641} INFO - Processing file /home/ubuntu/.local/lib/python3.8/site-packages/airflow/example_dags/example_latest_only.py for tasks to queue
[2022-09-05 11:36:00,466] {logging_mixin.py:115} INFO - [2022-09-05 11:36:00,466] {dagbag.py:508} INFO - Filling up the DagBag from /home/ubuntu/.local/lib/python3.8/site-packages/airflow/example_dags/example_latest_only.py
[2022-09-05 11:36:00,472] {processor.py:651} INFO - DAG(s) dict_keys(['latest_only']) retrieved from /home/ubuntu/.local/lib/python3.8/site-packages/airflow/example_dags/example_latest_only.py
[2022-09-05 11:36:00,489] {logging_mixin.py:115} INFO - [2022-09-05 11:36:00,489] {dag.py:2420} INFO - Sync 1 DAGs
[2022-09-05 11:36:00,509] {logging_mixin.py:115} INFO - [2022-09-05 11:36:00,508] {dag.py:2968} INFO - Setting next_dagrun for latest_only to 2022-09-05T07:36:00.508588+00:00, run_after=2022-09-05T11:36:00.508588+00:00
[2022-09-05 11:36:00,526] {processor.py:161} INFO - Processing /home/ubuntu/.local/lib/python3.8/site-packages/airflow/example_dags/example_latest_only.py took 0.066 seconds
[2022-09-05 11:36:35,028] {processor.py:153} INFO - Started process (PID=30000) to work on /home/ubuntu/.local/lib/python3.8/site-packages/airflow/example_dags/example_latest_only.py
[2022-09-05 11:36:35,029] {processor.py:641} INFO - Processing file /home/ubuntu/.local/lib/python3.8/site-packages/airflow/example_dags/example_latest_only.py for tasks to queue
[2022-09-05 11:36:35,030] {logging_mixin.py:115} INFO - [2022-09-05 11:36:35,030] {dagbag.py:508} INFO - Filling up the DagBag from /home/ubuntu/.local/lib/python3.8/site-packages/airflow/example_dags/example_latest_only.py
[2022-09-05 11:36:35,036] {processor.py:651} INFO - DAG(s) dict_keys(['latest_only']) retrieved from /home/ubuntu/.local/lib/python3.8/site-packages/airflow/example_dags/example_latest_only.py
[2022-09-05 11:36:35,053] {logging_mixin.py:115} INFO - [2022-09-05 11:36:35,052] {dag.py:2420} INFO - Sync 1 DAGs
[2022-09-05 11:36:35,072] {logging_mixin.py:115} INFO - [2022-09-05 11:36:35,072] {dag.py:2968} INFO - Setting next_dagrun for latest_only to 2022-09-05T07:36:35.072540+00:00, run_after=2022-09-05T11:36:35.072540+00:00
[2022-09-05 11:36:35,093] {processor.py:161} INFO - Processing /home/ubuntu/.local/lib/python3.8/site-packages/airflow/example_dags/example_latest_only.py took 0.069 seconds
[2022-09-05 11:37:10,533] {processor.py:153} INFO - Started process (PID=30085) to work on /home/ubuntu/.local/lib/python3.8/site-packages/airflow/example_dags/example_latest_only.py
[2022-09-05 11:37:10,534] {processor.py:641} INFO - Processing file /home/ubuntu/.local/lib/python3.8/site-packages/airflow/example_dags/example_latest_only.py for tasks to queue
[2022-09-05 11:37:10,535] {logging_mixin.py:115} INFO - [2022-09-05 11:37:10,534] {dagbag.py:508} INFO - Filling up the DagBag from /home/ubuntu/.local/lib/python3.8/site-packages/airflow/example_dags/example_latest_only.py
[2022-09-05 11:37:10,540] {processor.py:651} INFO - DAG(s) dict_keys(['latest_only']) retrieved from /home/ubuntu/.local/lib/python3.8/site-packages/airflow/example_dags/example_latest_only.py
[2022-09-05 11:37:10,557] {logging_mixin.py:115} INFO - [2022-09-05 11:37:10,557] {dag.py:2420} INFO - Sync 1 DAGs
[2022-09-05 11:37:10,577] {logging_mixin.py:115} INFO - [2022-09-05 11:37:10,577] {dag.py:2968} INFO - Setting next_dagrun for latest_only to 2022-09-05T07:37:10.576969+00:00, run_after=2022-09-05T11:37:10.576969+00:00
[2022-09-05 11:37:10,607] {processor.py:161} INFO - Processing /home/ubuntu/.local/lib/python3.8/site-packages/airflow/example_dags/example_latest_only.py took 0.078 seconds
[2022-09-05 11:37:47,275] {processor.py:153} INFO - Started process (PID=30175) to work on /home/ubuntu/.local/lib/python3.8/site-packages/airflow/example_dags/example_latest_only.py
[2022-09-05 11:37:47,277] {processor.py:641} INFO - Processing file /home/ubuntu/.local/lib/python3.8/site-packages/airflow/example_dags/example_latest_only.py for tasks to queue
[2022-09-05 11:37:47,278] {logging_mixin.py:115} INFO - [2022-09-05 11:37:47,278] {dagbag.py:508} INFO - Filling up the DagBag from /home/ubuntu/.local/lib/python3.8/site-packages/airflow/example_dags/example_latest_only.py
[2022-09-05 11:37:47,284] {processor.py:651} INFO - DAG(s) dict_keys(['latest_only']) retrieved from /home/ubuntu/.local/lib/python3.8/site-packages/airflow/example_dags/example_latest_only.py
[2022-09-05 11:37:47,300] {logging_mixin.py:115} INFO - [2022-09-05 11:37:47,300] {dag.py:2420} INFO - Sync 1 DAGs
[2022-09-05 11:37:47,321] {logging_mixin.py:115} INFO - [2022-09-05 11:37:47,320] {dag.py:2968} INFO - Setting next_dagrun for latest_only to 2022-09-05T07:37:47.320676+00:00, run_after=2022-09-05T11:37:47.320676+00:00
[2022-09-05 11:37:47,336] {processor.py:161} INFO - Processing /home/ubuntu/.local/lib/python3.8/site-packages/airflow/example_dags/example_latest_only.py took 0.065 seconds
[2022-09-05 11:38:21,510] {processor.py:153} INFO - Started process (PID=30280) to work on /home/ubuntu/.local/lib/python3.8/site-packages/airflow/example_dags/example_latest_only.py
[2022-09-05 11:38:21,511] {processor.py:641} INFO - Processing file /home/ubuntu/.local/lib/python3.8/site-packages/airflow/example_dags/example_latest_only.py for tasks to queue
[2022-09-05 11:38:21,512] {logging_mixin.py:115} INFO - [2022-09-05 11:38:21,511] {dagbag.py:508} INFO - Filling up the DagBag from /home/ubuntu/.local/lib/python3.8/site-packages/airflow/example_dags/example_latest_only.py
[2022-09-05 11:38:21,517] {processor.py:651} INFO - DAG(s) dict_keys(['latest_only']) retrieved from /home/ubuntu/.local/lib/python3.8/site-packages/airflow/example_dags/example_latest_only.py
[2022-09-05 11:38:21,534] {logging_mixin.py:115} INFO - [2022-09-05 11:38:21,534] {dag.py:2420} INFO - Sync 1 DAGs
[2022-09-05 11:38:21,553] {logging_mixin.py:115} INFO - [2022-09-05 11:38:21,553] {dag.py:2968} INFO - Setting next_dagrun for latest_only to 2022-09-05T07:38:21.553503+00:00, run_after=2022-09-05T11:38:21.553503+00:00
[2022-09-05 11:38:21,572] {processor.py:161} INFO - Processing /home/ubuntu/.local/lib/python3.8/site-packages/airflow/example_dags/example_latest_only.py took 0.065 seconds
[2022-09-05 11:38:56,762] {processor.py:153} INFO - Started process (PID=30436) to work on /home/ubuntu/.local/lib/python3.8/site-packages/airflow/example_dags/example_latest_only.py
[2022-09-05 11:38:56,763] {processor.py:641} INFO - Processing file /home/ubuntu/.local/lib/python3.8/site-packages/airflow/example_dags/example_latest_only.py for tasks to queue
[2022-09-05 11:38:56,764] {logging_mixin.py:115} INFO - [2022-09-05 11:38:56,764] {dagbag.py:508} INFO - Filling up the DagBag from /home/ubuntu/.local/lib/python3.8/site-packages/airflow/example_dags/example_latest_only.py
[2022-09-05 11:38:56,769] {processor.py:651} INFO - DAG(s) dict_keys(['latest_only']) retrieved from /home/ubuntu/.local/lib/python3.8/site-packages/airflow/example_dags/example_latest_only.py
[2022-09-05 11:38:56,784] {logging_mixin.py:115} INFO - [2022-09-05 11:38:56,784] {dag.py:2420} INFO - Sync 1 DAGs
[2022-09-05 11:38:56,802] {logging_mixin.py:115} INFO - [2022-09-05 11:38:56,802] {dag.py:2968} INFO - Setting next_dagrun for latest_only to 2022-09-05T07:38:56.802005+00:00, run_after=2022-09-05T11:38:56.802005+00:00
[2022-09-05 11:38:56,820] {processor.py:161} INFO - Processing /home/ubuntu/.local/lib/python3.8/site-packages/airflow/example_dags/example_latest_only.py took 0.062 seconds
[2022-09-05 11:39:31,760] {processor.py:153} INFO - Started process (PID=30528) to work on /home/ubuntu/.local/lib/python3.8/site-packages/airflow/example_dags/example_latest_only.py
[2022-09-05 11:39:31,761] {processor.py:641} INFO - Processing file /home/ubuntu/.local/lib/python3.8/site-packages/airflow/example_dags/example_latest_only.py for tasks to queue
[2022-09-05 11:39:31,762] {logging_mixin.py:115} INFO - [2022-09-05 11:39:31,762] {dagbag.py:508} INFO - Filling up the DagBag from /home/ubuntu/.local/lib/python3.8/site-packages/airflow/example_dags/example_latest_only.py
[2022-09-05 11:39:31,768] {processor.py:651} INFO - DAG(s) dict_keys(['latest_only']) retrieved from /home/ubuntu/.local/lib/python3.8/site-packages/airflow/example_dags/example_latest_only.py
[2022-09-05 11:39:31,784] {logging_mixin.py:115} INFO - [2022-09-05 11:39:31,784] {dag.py:2420} INFO - Sync 1 DAGs
[2022-09-05 11:39:31,803] {logging_mixin.py:115} INFO - [2022-09-05 11:39:31,803] {dag.py:2968} INFO - Setting next_dagrun for latest_only to 2022-09-05T07:39:31.803230+00:00, run_after=2022-09-05T11:39:31.803230+00:00
[2022-09-05 11:39:31,834] {processor.py:161} INFO - Processing /home/ubuntu/.local/lib/python3.8/site-packages/airflow/example_dags/example_latest_only.py took 0.078 seconds
[2022-09-05 16:30:23,981] {processor.py:153} INFO - Started process (PID=55278) to work on /home/ubuntu/.local/lib/python3.8/site-packages/airflow/example_dags/example_latest_only.py
[2022-09-05 16:30:23,983] {processor.py:641} INFO - Processing file /home/ubuntu/.local/lib/python3.8/site-packages/airflow/example_dags/example_latest_only.py for tasks to queue
[2022-09-05 16:30:23,984] {logging_mixin.py:115} INFO - [2022-09-05 16:30:23,983] {dagbag.py:508} INFO - Filling up the DagBag from /home/ubuntu/.local/lib/python3.8/site-packages/airflow/example_dags/example_latest_only.py
[2022-09-05 16:30:23,989] {processor.py:651} INFO - DAG(s) dict_keys(['latest_only']) retrieved from /home/ubuntu/.local/lib/python3.8/site-packages/airflow/example_dags/example_latest_only.py
[2022-09-05 16:30:24,004] {logging_mixin.py:115} INFO - [2022-09-05 16:30:24,004] {dag.py:2420} INFO - Sync 1 DAGs
[2022-09-05 16:30:24,017] {logging_mixin.py:115} INFO - [2022-09-05 16:30:24,017] {dag.py:2968} INFO - Setting next_dagrun for latest_only to 2022-09-05T12:30:24.017285+00:00, run_after=2022-09-05T16:30:24.017285+00:00
[2022-09-05 16:30:24,032] {processor.py:161} INFO - Processing /home/ubuntu/.local/lib/python3.8/site-packages/airflow/example_dags/example_latest_only.py took 0.055 seconds
