[2022-09-05 10:47:39,764] {processor.py:153} INFO - Started process (PID=12201) to work on /home/ubuntu/.local/lib/python3.8/site-packages/airflow/example_dags/example_short_circuit_operator.py
[2022-09-05 10:47:39,765] {processor.py:641} INFO - Processing file /home/ubuntu/.local/lib/python3.8/site-packages/airflow/example_dags/example_short_circuit_operator.py for tasks to queue
[2022-09-05 10:47:39,765] {logging_mixin.py:115} INFO - [2022-09-05 10:47:39,765] {dagbag.py:508} INFO - Filling up the DagBag from /home/ubuntu/.local/lib/python3.8/site-packages/airflow/example_dags/example_short_circuit_operator.py
[2022-09-05 10:47:39,773] {processor.py:651} INFO - DAG(s) dict_keys(['example_short_circuit_operator']) retrieved from /home/ubuntu/.local/lib/python3.8/site-packages/airflow/example_dags/example_short_circuit_operator.py
[2022-09-05 10:47:39,789] {logging_mixin.py:115} INFO - [2022-09-05 10:47:39,789] {dag.py:2420} INFO - Sync 1 DAGs
[2022-09-05 10:47:39,806] {logging_mixin.py:115} INFO - [2022-09-05 10:47:39,806] {dag.py:2968} INFO - Setting next_dagrun for example_short_circuit_operator to 2022-09-04T10:47:39.806479+00:00, run_after=2022-09-05T10:47:39.806479+00:00
[2022-09-05 10:47:39,821] {processor.py:161} INFO - Processing /home/ubuntu/.local/lib/python3.8/site-packages/airflow/example_dags/example_short_circuit_operator.py took 0.060 seconds
[2022-09-05 10:48:15,749] {processor.py:153} INFO - Started process (PID=12285) to work on /home/ubuntu/.local/lib/python3.8/site-packages/airflow/example_dags/example_short_circuit_operator.py
[2022-09-05 10:48:15,751] {processor.py:641} INFO - Processing file /home/ubuntu/.local/lib/python3.8/site-packages/airflow/example_dags/example_short_circuit_operator.py for tasks to queue
[2022-09-05 10:48:15,751] {logging_mixin.py:115} INFO - [2022-09-05 10:48:15,751] {dagbag.py:508} INFO - Filling up the DagBag from /home/ubuntu/.local/lib/python3.8/site-packages/airflow/example_dags/example_short_circuit_operator.py
[2022-09-05 10:48:15,760] {processor.py:651} INFO - DAG(s) dict_keys(['example_short_circuit_operator']) retrieved from /home/ubuntu/.local/lib/python3.8/site-packages/airflow/example_dags/example_short_circuit_operator.py
[2022-09-05 10:48:15,776] {logging_mixin.py:115} INFO - [2022-09-05 10:48:15,776] {dag.py:2420} INFO - Sync 1 DAGs
[2022-09-05 10:48:15,794] {logging_mixin.py:115} INFO - [2022-09-05 10:48:15,794] {dag.py:2968} INFO - Setting next_dagrun for example_short_circuit_operator to 2022-09-04T10:48:15.794474+00:00, run_after=2022-09-05T10:48:15.794474+00:00
[2022-09-05 10:48:15,812] {processor.py:161} INFO - Processing /home/ubuntu/.local/lib/python3.8/site-packages/airflow/example_dags/example_short_circuit_operator.py took 0.066 seconds
[2022-09-05 10:48:51,271] {processor.py:153} INFO - Started process (PID=12373) to work on /home/ubuntu/.local/lib/python3.8/site-packages/airflow/example_dags/example_short_circuit_operator.py
[2022-09-05 10:48:51,272] {processor.py:641} INFO - Processing file /home/ubuntu/.local/lib/python3.8/site-packages/airflow/example_dags/example_short_circuit_operator.py for tasks to queue
[2022-09-05 10:48:51,273] {logging_mixin.py:115} INFO - [2022-09-05 10:48:51,273] {dagbag.py:508} INFO - Filling up the DagBag from /home/ubuntu/.local/lib/python3.8/site-packages/airflow/example_dags/example_short_circuit_operator.py
[2022-09-05 10:48:51,282] {processor.py:651} INFO - DAG(s) dict_keys(['example_short_circuit_operator']) retrieved from /home/ubuntu/.local/lib/python3.8/site-packages/airflow/example_dags/example_short_circuit_operator.py
[2022-09-05 10:48:51,299] {logging_mixin.py:115} INFO - [2022-09-05 10:48:51,299] {dag.py:2420} INFO - Sync 1 DAGs
[2022-09-05 10:48:51,318] {logging_mixin.py:115} INFO - [2022-09-05 10:48:51,318] {dag.py:2968} INFO - Setting next_dagrun for example_short_circuit_operator to 2022-09-04T10:48:51.318584+00:00, run_after=2022-09-05T10:48:51.318584+00:00
[2022-09-05 10:48:51,334] {processor.py:161} INFO - Processing /home/ubuntu/.local/lib/python3.8/site-packages/airflow/example_dags/example_short_circuit_operator.py took 0.066 seconds
[2022-09-05 10:49:27,364] {processor.py:153} INFO - Started process (PID=12460) to work on /home/ubuntu/.local/lib/python3.8/site-packages/airflow/example_dags/example_short_circuit_operator.py
[2022-09-05 10:49:27,366] {processor.py:641} INFO - Processing file /home/ubuntu/.local/lib/python3.8/site-packages/airflow/example_dags/example_short_circuit_operator.py for tasks to queue
[2022-09-05 10:49:27,366] {logging_mixin.py:115} INFO - [2022-09-05 10:49:27,366] {dagbag.py:508} INFO - Filling up the DagBag from /home/ubuntu/.local/lib/python3.8/site-packages/airflow/example_dags/example_short_circuit_operator.py
[2022-09-05 10:49:27,377] {processor.py:651} INFO - DAG(s) dict_keys(['example_short_circuit_operator']) retrieved from /home/ubuntu/.local/lib/python3.8/site-packages/airflow/example_dags/example_short_circuit_operator.py
[2022-09-05 10:49:27,395] {logging_mixin.py:115} INFO - [2022-09-05 10:49:27,394] {dag.py:2420} INFO - Sync 1 DAGs
[2022-09-05 10:49:27,413] {logging_mixin.py:115} INFO - [2022-09-05 10:49:27,412] {dag.py:2968} INFO - Setting next_dagrun for example_short_circuit_operator to 2022-09-04T10:49:27.412663+00:00, run_after=2022-09-05T10:49:27.412663+00:00
[2022-09-05 10:49:27,428] {processor.py:161} INFO - Processing /home/ubuntu/.local/lib/python3.8/site-packages/airflow/example_dags/example_short_circuit_operator.py took 0.067 seconds
[2022-09-05 10:50:03,885] {processor.py:153} INFO - Started process (PID=12549) to work on /home/ubuntu/.local/lib/python3.8/site-packages/airflow/example_dags/example_short_circuit_operator.py
[2022-09-05 10:50:03,886] {processor.py:641} INFO - Processing file /home/ubuntu/.local/lib/python3.8/site-packages/airflow/example_dags/example_short_circuit_operator.py for tasks to queue
[2022-09-05 10:50:03,887] {logging_mixin.py:115} INFO - [2022-09-05 10:50:03,887] {dagbag.py:508} INFO - Filling up the DagBag from /home/ubuntu/.local/lib/python3.8/site-packages/airflow/example_dags/example_short_circuit_operator.py
[2022-09-05 10:50:03,896] {processor.py:651} INFO - DAG(s) dict_keys(['example_short_circuit_operator']) retrieved from /home/ubuntu/.local/lib/python3.8/site-packages/airflow/example_dags/example_short_circuit_operator.py
[2022-09-05 10:50:03,912] {logging_mixin.py:115} INFO - [2022-09-05 10:50:03,912] {dag.py:2420} INFO - Sync 1 DAGs
[2022-09-05 10:50:03,931] {logging_mixin.py:115} INFO - [2022-09-05 10:50:03,930] {dag.py:2968} INFO - Setting next_dagrun for example_short_circuit_operator to 2022-09-04T10:50:03.930604+00:00, run_after=2022-09-05T10:50:03.930604+00:00
[2022-09-05 10:50:03,956] {processor.py:161} INFO - Processing /home/ubuntu/.local/lib/python3.8/site-packages/airflow/example_dags/example_short_circuit_operator.py took 0.074 seconds
[2022-09-05 10:50:39,274] {processor.py:153} INFO - Started process (PID=12635) to work on /home/ubuntu/.local/lib/python3.8/site-packages/airflow/example_dags/example_short_circuit_operator.py
[2022-09-05 10:50:39,275] {processor.py:641} INFO - Processing file /home/ubuntu/.local/lib/python3.8/site-packages/airflow/example_dags/example_short_circuit_operator.py for tasks to queue
[2022-09-05 10:50:39,276] {logging_mixin.py:115} INFO - [2022-09-05 10:50:39,276] {dagbag.py:508} INFO - Filling up the DagBag from /home/ubuntu/.local/lib/python3.8/site-packages/airflow/example_dags/example_short_circuit_operator.py
[2022-09-05 10:50:39,284] {processor.py:651} INFO - DAG(s) dict_keys(['example_short_circuit_operator']) retrieved from /home/ubuntu/.local/lib/python3.8/site-packages/airflow/example_dags/example_short_circuit_operator.py
[2022-09-05 10:50:39,302] {logging_mixin.py:115} INFO - [2022-09-05 10:50:39,302] {dag.py:2420} INFO - Sync 1 DAGs
[2022-09-05 10:50:39,320] {logging_mixin.py:115} INFO - [2022-09-05 10:50:39,320] {dag.py:2968} INFO - Setting next_dagrun for example_short_circuit_operator to 2022-09-04T10:50:39.320174+00:00, run_after=2022-09-05T10:50:39.320174+00:00
[2022-09-05 10:50:39,336] {processor.py:161} INFO - Processing /home/ubuntu/.local/lib/python3.8/site-packages/airflow/example_dags/example_short_circuit_operator.py took 0.065 seconds
[2022-09-05 10:51:18,200] {processor.py:153} INFO - Started process (PID=12717) to work on /home/ubuntu/.local/lib/python3.8/site-packages/airflow/example_dags/example_short_circuit_operator.py
[2022-09-05 10:51:18,201] {processor.py:641} INFO - Processing file /home/ubuntu/.local/lib/python3.8/site-packages/airflow/example_dags/example_short_circuit_operator.py for tasks to queue
[2022-09-05 10:51:18,202] {logging_mixin.py:115} INFO - [2022-09-05 10:51:18,202] {dagbag.py:508} INFO - Filling up the DagBag from /home/ubuntu/.local/lib/python3.8/site-packages/airflow/example_dags/example_short_circuit_operator.py
[2022-09-05 10:51:18,210] {processor.py:651} INFO - DAG(s) dict_keys(['example_short_circuit_operator']) retrieved from /home/ubuntu/.local/lib/python3.8/site-packages/airflow/example_dags/example_short_circuit_operator.py
[2022-09-05 10:51:18,227] {logging_mixin.py:115} INFO - [2022-09-05 10:51:18,227] {dag.py:2420} INFO - Sync 1 DAGs
[2022-09-05 10:51:18,245] {logging_mixin.py:115} INFO - [2022-09-05 10:51:18,245] {dag.py:2968} INFO - Setting next_dagrun for example_short_circuit_operator to 2022-09-04T10:51:18.245272+00:00, run_after=2022-09-05T10:51:18.245272+00:00
[2022-09-05 10:51:18,261] {processor.py:161} INFO - Processing /home/ubuntu/.local/lib/python3.8/site-packages/airflow/example_dags/example_short_circuit_operator.py took 0.065 seconds
[2022-09-05 10:51:54,059] {processor.py:153} INFO - Started process (PID=13032) to work on /home/ubuntu/.local/lib/python3.8/site-packages/airflow/example_dags/example_short_circuit_operator.py
[2022-09-05 10:51:54,061] {processor.py:641} INFO - Processing file /home/ubuntu/.local/lib/python3.8/site-packages/airflow/example_dags/example_short_circuit_operator.py for tasks to queue
[2022-09-05 10:51:54,061] {logging_mixin.py:115} INFO - [2022-09-05 10:51:54,061] {dagbag.py:508} INFO - Filling up the DagBag from /home/ubuntu/.local/lib/python3.8/site-packages/airflow/example_dags/example_short_circuit_operator.py
[2022-09-05 10:51:54,070] {processor.py:651} INFO - DAG(s) dict_keys(['example_short_circuit_operator']) retrieved from /home/ubuntu/.local/lib/python3.8/site-packages/airflow/example_dags/example_short_circuit_operator.py
[2022-09-05 10:51:54,086] {logging_mixin.py:115} INFO - [2022-09-05 10:51:54,086] {dag.py:2420} INFO - Sync 1 DAGs
[2022-09-05 10:51:54,104] {logging_mixin.py:115} INFO - [2022-09-05 10:51:54,104] {dag.py:2968} INFO - Setting next_dagrun for example_short_circuit_operator to 2022-09-04T10:51:54.103816+00:00, run_after=2022-09-05T10:51:54.103816+00:00
[2022-09-05 10:51:54,118] {processor.py:161} INFO - Processing /home/ubuntu/.local/lib/python3.8/site-packages/airflow/example_dags/example_short_circuit_operator.py took 0.062 seconds
[2022-09-05 10:52:30,627] {processor.py:153} INFO - Started process (PID=13257) to work on /home/ubuntu/.local/lib/python3.8/site-packages/airflow/example_dags/example_short_circuit_operator.py
[2022-09-05 10:52:30,628] {processor.py:641} INFO - Processing file /home/ubuntu/.local/lib/python3.8/site-packages/airflow/example_dags/example_short_circuit_operator.py for tasks to queue
[2022-09-05 10:52:30,628] {logging_mixin.py:115} INFO - [2022-09-05 10:52:30,628] {dagbag.py:508} INFO - Filling up the DagBag from /home/ubuntu/.local/lib/python3.8/site-packages/airflow/example_dags/example_short_circuit_operator.py
[2022-09-05 10:52:30,638] {processor.py:651} INFO - DAG(s) dict_keys(['example_short_circuit_operator']) retrieved from /home/ubuntu/.local/lib/python3.8/site-packages/airflow/example_dags/example_short_circuit_operator.py
[2022-09-05 10:52:30,659] {logging_mixin.py:115} INFO - [2022-09-05 10:52:30,659] {dag.py:2420} INFO - Sync 1 DAGs
[2022-09-05 10:52:30,675] {logging_mixin.py:115} INFO - [2022-09-05 10:52:30,675] {dag.py:2968} INFO - Setting next_dagrun for example_short_circuit_operator to 2022-09-04T10:52:30.675440+00:00, run_after=2022-09-05T10:52:30.675440+00:00
[2022-09-05 10:52:30,702] {processor.py:161} INFO - Processing /home/ubuntu/.local/lib/python3.8/site-packages/airflow/example_dags/example_short_circuit_operator.py took 0.079 seconds
[2022-09-05 10:53:05,738] {processor.py:153} INFO - Started process (PID=13371) to work on /home/ubuntu/.local/lib/python3.8/site-packages/airflow/example_dags/example_short_circuit_operator.py
[2022-09-05 10:53:05,739] {processor.py:641} INFO - Processing file /home/ubuntu/.local/lib/python3.8/site-packages/airflow/example_dags/example_short_circuit_operator.py for tasks to queue
[2022-09-05 10:53:05,739] {logging_mixin.py:115} INFO - [2022-09-05 10:53:05,739] {dagbag.py:508} INFO - Filling up the DagBag from /home/ubuntu/.local/lib/python3.8/site-packages/airflow/example_dags/example_short_circuit_operator.py
[2022-09-05 10:53:05,748] {processor.py:651} INFO - DAG(s) dict_keys(['example_short_circuit_operator']) retrieved from /home/ubuntu/.local/lib/python3.8/site-packages/airflow/example_dags/example_short_circuit_operator.py
[2022-09-05 10:53:05,767] {logging_mixin.py:115} INFO - [2022-09-05 10:53:05,767] {dag.py:2420} INFO - Sync 1 DAGs
[2022-09-05 10:53:05,782] {logging_mixin.py:115} INFO - [2022-09-05 10:53:05,782] {dag.py:2968} INFO - Setting next_dagrun for example_short_circuit_operator to 2022-09-04T10:53:05.781932+00:00, run_after=2022-09-05T10:53:05.781932+00:00
[2022-09-05 10:53:05,801] {processor.py:161} INFO - Processing /home/ubuntu/.local/lib/python3.8/site-packages/airflow/example_dags/example_short_circuit_operator.py took 0.067 seconds
[2022-09-05 10:53:40,123] {processor.py:153} INFO - Started process (PID=13432) to work on /home/ubuntu/.local/lib/python3.8/site-packages/airflow/example_dags/example_short_circuit_operator.py
[2022-09-05 10:53:40,125] {processor.py:641} INFO - Processing file /home/ubuntu/.local/lib/python3.8/site-packages/airflow/example_dags/example_short_circuit_operator.py for tasks to queue
[2022-09-05 10:53:40,126] {logging_mixin.py:115} INFO - [2022-09-05 10:53:40,126] {dagbag.py:508} INFO - Filling up the DagBag from /home/ubuntu/.local/lib/python3.8/site-packages/airflow/example_dags/example_short_circuit_operator.py
[2022-09-05 10:53:40,135] {processor.py:651} INFO - DAG(s) dict_keys(['example_short_circuit_operator']) retrieved from /home/ubuntu/.local/lib/python3.8/site-packages/airflow/example_dags/example_short_circuit_operator.py
[2022-09-05 10:53:40,156] {logging_mixin.py:115} INFO - [2022-09-05 10:53:40,155] {dag.py:2420} INFO - Sync 1 DAGs
[2022-09-05 10:53:40,173] {logging_mixin.py:115} INFO - [2022-09-05 10:53:40,172] {dag.py:2968} INFO - Setting next_dagrun for example_short_circuit_operator to 2022-09-04T10:53:40.172540+00:00, run_after=2022-09-05T10:53:40.172540+00:00
[2022-09-05 10:53:40,196] {processor.py:161} INFO - Processing /home/ubuntu/.local/lib/python3.8/site-packages/airflow/example_dags/example_short_circuit_operator.py took 0.077 seconds
[2022-09-05 10:54:14,888] {processor.py:153} INFO - Started process (PID=13480) to work on /home/ubuntu/.local/lib/python3.8/site-packages/airflow/example_dags/example_short_circuit_operator.py
[2022-09-05 10:54:14,890] {processor.py:641} INFO - Processing file /home/ubuntu/.local/lib/python3.8/site-packages/airflow/example_dags/example_short_circuit_operator.py for tasks to queue
[2022-09-05 10:54:14,890] {logging_mixin.py:115} INFO - [2022-09-05 10:54:14,890] {dagbag.py:508} INFO - Filling up the DagBag from /home/ubuntu/.local/lib/python3.8/site-packages/airflow/example_dags/example_short_circuit_operator.py
[2022-09-05 10:54:14,899] {processor.py:651} INFO - DAG(s) dict_keys(['example_short_circuit_operator']) retrieved from /home/ubuntu/.local/lib/python3.8/site-packages/airflow/example_dags/example_short_circuit_operator.py
[2022-09-05 10:54:14,919] {logging_mixin.py:115} INFO - [2022-09-05 10:54:14,919] {dag.py:2420} INFO - Sync 1 DAGs
[2022-09-05 10:54:14,935] {logging_mixin.py:115} INFO - [2022-09-05 10:54:14,935] {dag.py:2968} INFO - Setting next_dagrun for example_short_circuit_operator to 2022-09-04T10:54:14.935372+00:00, run_after=2022-09-05T10:54:14.935372+00:00
[2022-09-05 10:54:14,961] {processor.py:161} INFO - Processing /home/ubuntu/.local/lib/python3.8/site-packages/airflow/example_dags/example_short_circuit_operator.py took 0.077 seconds
[2022-09-05 10:54:49,735] {processor.py:153} INFO - Started process (PID=13532) to work on /home/ubuntu/.local/lib/python3.8/site-packages/airflow/example_dags/example_short_circuit_operator.py
[2022-09-05 10:54:49,737] {processor.py:641} INFO - Processing file /home/ubuntu/.local/lib/python3.8/site-packages/airflow/example_dags/example_short_circuit_operator.py for tasks to queue
[2022-09-05 10:54:49,737] {logging_mixin.py:115} INFO - [2022-09-05 10:54:49,737] {dagbag.py:508} INFO - Filling up the DagBag from /home/ubuntu/.local/lib/python3.8/site-packages/airflow/example_dags/example_short_circuit_operator.py
[2022-09-05 10:54:49,747] {processor.py:651} INFO - DAG(s) dict_keys(['example_short_circuit_operator']) retrieved from /home/ubuntu/.local/lib/python3.8/site-packages/airflow/example_dags/example_short_circuit_operator.py
[2022-09-05 10:54:49,767] {logging_mixin.py:115} INFO - [2022-09-05 10:54:49,767] {dag.py:2420} INFO - Sync 1 DAGs
[2022-09-05 10:54:49,783] {logging_mixin.py:115} INFO - [2022-09-05 10:54:49,783] {dag.py:2968} INFO - Setting next_dagrun for example_short_circuit_operator to 2022-09-04T10:54:49.783426+00:00, run_after=2022-09-05T10:54:49.783426+00:00
[2022-09-05 10:54:49,803] {processor.py:161} INFO - Processing /home/ubuntu/.local/lib/python3.8/site-packages/airflow/example_dags/example_short_circuit_operator.py took 0.072 seconds
[2022-09-05 10:55:25,641] {processor.py:153} INFO - Started process (PID=13581) to work on /home/ubuntu/.local/lib/python3.8/site-packages/airflow/example_dags/example_short_circuit_operator.py
[2022-09-05 10:55:25,643] {processor.py:641} INFO - Processing file /home/ubuntu/.local/lib/python3.8/site-packages/airflow/example_dags/example_short_circuit_operator.py for tasks to queue
[2022-09-05 10:55:25,643] {logging_mixin.py:115} INFO - [2022-09-05 10:55:25,643] {dagbag.py:508} INFO - Filling up the DagBag from /home/ubuntu/.local/lib/python3.8/site-packages/airflow/example_dags/example_short_circuit_operator.py
[2022-09-05 10:55:25,652] {processor.py:651} INFO - DAG(s) dict_keys(['example_short_circuit_operator']) retrieved from /home/ubuntu/.local/lib/python3.8/site-packages/airflow/example_dags/example_short_circuit_operator.py
[2022-09-05 10:55:25,672] {logging_mixin.py:115} INFO - [2022-09-05 10:55:25,672] {dag.py:2420} INFO - Sync 1 DAGs
[2022-09-05 10:55:25,688] {logging_mixin.py:115} INFO - [2022-09-05 10:55:25,688] {dag.py:2968} INFO - Setting next_dagrun for example_short_circuit_operator to 2022-09-04T10:55:25.687859+00:00, run_after=2022-09-05T10:55:25.687859+00:00
[2022-09-05 10:55:25,703] {processor.py:161} INFO - Processing /home/ubuntu/.local/lib/python3.8/site-packages/airflow/example_dags/example_short_circuit_operator.py took 0.066 seconds
[2022-09-05 10:55:59,888] {processor.py:153} INFO - Started process (PID=13638) to work on /home/ubuntu/.local/lib/python3.8/site-packages/airflow/example_dags/example_short_circuit_operator.py
[2022-09-05 10:55:59,890] {processor.py:641} INFO - Processing file /home/ubuntu/.local/lib/python3.8/site-packages/airflow/example_dags/example_short_circuit_operator.py for tasks to queue
[2022-09-05 10:55:59,891] {logging_mixin.py:115} INFO - [2022-09-05 10:55:59,891] {dagbag.py:508} INFO - Filling up the DagBag from /home/ubuntu/.local/lib/python3.8/site-packages/airflow/example_dags/example_short_circuit_operator.py
[2022-09-05 10:55:59,910] {processor.py:651} INFO - DAG(s) dict_keys(['example_short_circuit_operator']) retrieved from /home/ubuntu/.local/lib/python3.8/site-packages/airflow/example_dags/example_short_circuit_operator.py
[2022-09-05 10:55:59,937] {logging_mixin.py:115} INFO - [2022-09-05 10:55:59,936] {dag.py:2420} INFO - Sync 1 DAGs
[2022-09-05 10:55:59,952] {logging_mixin.py:115} INFO - [2022-09-05 10:55:59,952] {dag.py:2968} INFO - Setting next_dagrun for example_short_circuit_operator to 2022-09-04T10:55:59.952412+00:00, run_after=2022-09-05T10:55:59.952412+00:00
[2022-09-05 10:55:59,971] {processor.py:161} INFO - Processing /home/ubuntu/.local/lib/python3.8/site-packages/airflow/example_dags/example_short_circuit_operator.py took 0.087 seconds
[2022-09-05 10:56:35,060] {processor.py:153} INFO - Started process (PID=13689) to work on /home/ubuntu/.local/lib/python3.8/site-packages/airflow/example_dags/example_short_circuit_operator.py
[2022-09-05 10:56:35,061] {processor.py:641} INFO - Processing file /home/ubuntu/.local/lib/python3.8/site-packages/airflow/example_dags/example_short_circuit_operator.py for tasks to queue
[2022-09-05 10:56:35,062] {logging_mixin.py:115} INFO - [2022-09-05 10:56:35,062] {dagbag.py:508} INFO - Filling up the DagBag from /home/ubuntu/.local/lib/python3.8/site-packages/airflow/example_dags/example_short_circuit_operator.py
[2022-09-05 10:56:35,071] {processor.py:651} INFO - DAG(s) dict_keys(['example_short_circuit_operator']) retrieved from /home/ubuntu/.local/lib/python3.8/site-packages/airflow/example_dags/example_short_circuit_operator.py
[2022-09-05 10:56:35,089] {logging_mixin.py:115} INFO - [2022-09-05 10:56:35,089] {dag.py:2420} INFO - Sync 1 DAGs
[2022-09-05 10:56:35,105] {logging_mixin.py:115} INFO - [2022-09-05 10:56:35,105] {dag.py:2968} INFO - Setting next_dagrun for example_short_circuit_operator to 2022-09-04T10:56:35.104764+00:00, run_after=2022-09-05T10:56:35.104764+00:00
[2022-09-05 10:56:35,126] {processor.py:161} INFO - Processing /home/ubuntu/.local/lib/python3.8/site-packages/airflow/example_dags/example_short_circuit_operator.py took 0.069 seconds
[2022-09-05 10:57:10,791] {processor.py:153} INFO - Started process (PID=13755) to work on /home/ubuntu/.local/lib/python3.8/site-packages/airflow/example_dags/example_short_circuit_operator.py
[2022-09-05 10:57:10,793] {processor.py:641} INFO - Processing file /home/ubuntu/.local/lib/python3.8/site-packages/airflow/example_dags/example_short_circuit_operator.py for tasks to queue
[2022-09-05 10:57:10,793] {logging_mixin.py:115} INFO - [2022-09-05 10:57:10,793] {dagbag.py:508} INFO - Filling up the DagBag from /home/ubuntu/.local/lib/python3.8/site-packages/airflow/example_dags/example_short_circuit_operator.py
[2022-09-05 10:57:10,802] {processor.py:651} INFO - DAG(s) dict_keys(['example_short_circuit_operator']) retrieved from /home/ubuntu/.local/lib/python3.8/site-packages/airflow/example_dags/example_short_circuit_operator.py
[2022-09-05 10:57:10,820] {logging_mixin.py:115} INFO - [2022-09-05 10:57:10,820] {dag.py:2420} INFO - Sync 1 DAGs
[2022-09-05 10:57:10,835] {logging_mixin.py:115} INFO - [2022-09-05 10:57:10,834] {dag.py:2968} INFO - Setting next_dagrun for example_short_circuit_operator to 2022-09-04T10:57:10.834590+00:00, run_after=2022-09-05T10:57:10.834590+00:00
[2022-09-05 10:57:10,848] {processor.py:161} INFO - Processing /home/ubuntu/.local/lib/python3.8/site-packages/airflow/example_dags/example_short_circuit_operator.py took 0.060 seconds
[2022-09-05 10:58:26,182] {processor.py:153} INFO - Started process (PID=14090) to work on /home/ubuntu/.local/lib/python3.8/site-packages/airflow/example_dags/example_short_circuit_operator.py
[2022-09-05 10:58:26,184] {processor.py:641} INFO - Processing file /home/ubuntu/.local/lib/python3.8/site-packages/airflow/example_dags/example_short_circuit_operator.py for tasks to queue
[2022-09-05 10:58:26,185] {logging_mixin.py:115} INFO - [2022-09-05 10:58:26,185] {dagbag.py:508} INFO - Filling up the DagBag from /home/ubuntu/.local/lib/python3.8/site-packages/airflow/example_dags/example_short_circuit_operator.py
[2022-09-05 10:58:26,194] {processor.py:651} INFO - DAG(s) dict_keys(['example_short_circuit_operator']) retrieved from /home/ubuntu/.local/lib/python3.8/site-packages/airflow/example_dags/example_short_circuit_operator.py
[2022-09-05 10:58:26,210] {logging_mixin.py:115} INFO - [2022-09-05 10:58:26,210] {dag.py:2420} INFO - Sync 1 DAGs
[2022-09-05 10:58:26,228] {logging_mixin.py:115} INFO - [2022-09-05 10:58:26,228] {dag.py:2968} INFO - Setting next_dagrun for example_short_circuit_operator to 2022-09-04T10:58:26.227990+00:00, run_after=2022-09-05T10:58:26.227990+00:00
[2022-09-05 10:58:26,243] {processor.py:161} INFO - Processing /home/ubuntu/.local/lib/python3.8/site-packages/airflow/example_dags/example_short_circuit_operator.py took 0.064 seconds
[2022-09-05 10:59:02,620] {processor.py:153} INFO - Started process (PID=14377) to work on /home/ubuntu/.local/lib/python3.8/site-packages/airflow/example_dags/example_short_circuit_operator.py
[2022-09-05 10:59:02,622] {processor.py:641} INFO - Processing file /home/ubuntu/.local/lib/python3.8/site-packages/airflow/example_dags/example_short_circuit_operator.py for tasks to queue
[2022-09-05 10:59:02,622] {logging_mixin.py:115} INFO - [2022-09-05 10:59:02,622] {dagbag.py:508} INFO - Filling up the DagBag from /home/ubuntu/.local/lib/python3.8/site-packages/airflow/example_dags/example_short_circuit_operator.py
[2022-09-05 10:59:02,631] {processor.py:651} INFO - DAG(s) dict_keys(['example_short_circuit_operator']) retrieved from /home/ubuntu/.local/lib/python3.8/site-packages/airflow/example_dags/example_short_circuit_operator.py
[2022-09-05 10:59:02,648] {logging_mixin.py:115} INFO - [2022-09-05 10:59:02,648] {dag.py:2420} INFO - Sync 1 DAGs
[2022-09-05 10:59:02,667] {logging_mixin.py:115} INFO - [2022-09-05 10:59:02,667] {dag.py:2968} INFO - Setting next_dagrun for example_short_circuit_operator to 2022-09-04T10:59:02.667474+00:00, run_after=2022-09-05T10:59:02.667474+00:00
[2022-09-05 10:59:02,694] {processor.py:161} INFO - Processing /home/ubuntu/.local/lib/python3.8/site-packages/airflow/example_dags/example_short_circuit_operator.py took 0.077 seconds
[2022-09-05 10:59:41,139] {processor.py:153} INFO - Started process (PID=14833) to work on /home/ubuntu/.local/lib/python3.8/site-packages/airflow/example_dags/example_short_circuit_operator.py
[2022-09-05 10:59:41,140] {processor.py:641} INFO - Processing file /home/ubuntu/.local/lib/python3.8/site-packages/airflow/example_dags/example_short_circuit_operator.py for tasks to queue
[2022-09-05 10:59:41,140] {logging_mixin.py:115} INFO - [2022-09-05 10:59:41,140] {dagbag.py:508} INFO - Filling up the DagBag from /home/ubuntu/.local/lib/python3.8/site-packages/airflow/example_dags/example_short_circuit_operator.py
[2022-09-05 10:59:41,149] {processor.py:651} INFO - DAG(s) dict_keys(['example_short_circuit_operator']) retrieved from /home/ubuntu/.local/lib/python3.8/site-packages/airflow/example_dags/example_short_circuit_operator.py
[2022-09-05 10:59:41,166] {logging_mixin.py:115} INFO - [2022-09-05 10:59:41,166] {dag.py:2420} INFO - Sync 1 DAGs
[2022-09-05 10:59:41,184] {logging_mixin.py:115} INFO - [2022-09-05 10:59:41,184] {dag.py:2968} INFO - Setting next_dagrun for example_short_circuit_operator to 2022-09-04T10:59:41.184196+00:00, run_after=2022-09-05T10:59:41.184196+00:00
[2022-09-05 10:59:41,199] {processor.py:161} INFO - Processing /home/ubuntu/.local/lib/python3.8/site-packages/airflow/example_dags/example_short_circuit_operator.py took 0.064 seconds
[2022-09-05 11:00:19,992] {processor.py:153} INFO - Started process (PID=14994) to work on /home/ubuntu/.local/lib/python3.8/site-packages/airflow/example_dags/example_short_circuit_operator.py
[2022-09-05 11:00:19,993] {processor.py:641} INFO - Processing file /home/ubuntu/.local/lib/python3.8/site-packages/airflow/example_dags/example_short_circuit_operator.py for tasks to queue
[2022-09-05 11:00:19,994] {logging_mixin.py:115} INFO - [2022-09-05 11:00:19,994] {dagbag.py:508} INFO - Filling up the DagBag from /home/ubuntu/.local/lib/python3.8/site-packages/airflow/example_dags/example_short_circuit_operator.py
[2022-09-05 11:00:20,003] {processor.py:651} INFO - DAG(s) dict_keys(['example_short_circuit_operator']) retrieved from /home/ubuntu/.local/lib/python3.8/site-packages/airflow/example_dags/example_short_circuit_operator.py
[2022-09-05 11:00:20,019] {logging_mixin.py:115} INFO - [2022-09-05 11:00:20,019] {dag.py:2420} INFO - Sync 1 DAGs
[2022-09-05 11:00:20,036] {logging_mixin.py:115} INFO - [2022-09-05 11:00:20,036] {dag.py:2968} INFO - Setting next_dagrun for example_short_circuit_operator to 2022-09-04T11:00:20.036138+00:00, run_after=2022-09-05T11:00:20.036138+00:00
[2022-09-05 11:00:20,052] {processor.py:161} INFO - Processing /home/ubuntu/.local/lib/python3.8/site-packages/airflow/example_dags/example_short_circuit_operator.py took 0.063 seconds
[2022-09-05 11:00:55,999] {processor.py:153} INFO - Started process (PID=15038) to work on /home/ubuntu/.local/lib/python3.8/site-packages/airflow/example_dags/example_short_circuit_operator.py
[2022-09-05 11:00:56,000] {processor.py:641} INFO - Processing file /home/ubuntu/.local/lib/python3.8/site-packages/airflow/example_dags/example_short_circuit_operator.py for tasks to queue
[2022-09-05 11:00:56,000] {logging_mixin.py:115} INFO - [2022-09-05 11:00:56,000] {dagbag.py:508} INFO - Filling up the DagBag from /home/ubuntu/.local/lib/python3.8/site-packages/airflow/example_dags/example_short_circuit_operator.py
[2022-09-05 11:00:56,009] {processor.py:651} INFO - DAG(s) dict_keys(['example_short_circuit_operator']) retrieved from /home/ubuntu/.local/lib/python3.8/site-packages/airflow/example_dags/example_short_circuit_operator.py
[2022-09-05 11:00:56,025] {logging_mixin.py:115} INFO - [2022-09-05 11:00:56,025] {dag.py:2420} INFO - Sync 1 DAGs
[2022-09-05 11:00:56,043] {logging_mixin.py:115} INFO - [2022-09-05 11:00:56,043] {dag.py:2968} INFO - Setting next_dagrun for example_short_circuit_operator to 2022-09-04T11:00:56.043133+00:00, run_after=2022-09-05T11:00:56.043133+00:00
[2022-09-05 11:00:56,060] {processor.py:161} INFO - Processing /home/ubuntu/.local/lib/python3.8/site-packages/airflow/example_dags/example_short_circuit_operator.py took 0.064 seconds
[2022-09-05 11:01:31,510] {processor.py:153} INFO - Started process (PID=15081) to work on /home/ubuntu/.local/lib/python3.8/site-packages/airflow/example_dags/example_short_circuit_operator.py
[2022-09-05 11:01:31,511] {processor.py:641} INFO - Processing file /home/ubuntu/.local/lib/python3.8/site-packages/airflow/example_dags/example_short_circuit_operator.py for tasks to queue
[2022-09-05 11:01:31,512] {logging_mixin.py:115} INFO - [2022-09-05 11:01:31,512] {dagbag.py:508} INFO - Filling up the DagBag from /home/ubuntu/.local/lib/python3.8/site-packages/airflow/example_dags/example_short_circuit_operator.py
[2022-09-05 11:01:31,521] {processor.py:651} INFO - DAG(s) dict_keys(['example_short_circuit_operator']) retrieved from /home/ubuntu/.local/lib/python3.8/site-packages/airflow/example_dags/example_short_circuit_operator.py
[2022-09-05 11:01:31,537] {logging_mixin.py:115} INFO - [2022-09-05 11:01:31,537] {dag.py:2420} INFO - Sync 1 DAGs
[2022-09-05 11:01:31,555] {logging_mixin.py:115} INFO - [2022-09-05 11:01:31,555] {dag.py:2968} INFO - Setting next_dagrun for example_short_circuit_operator to 2022-09-04T11:01:31.555244+00:00, run_after=2022-09-05T11:01:31.555244+00:00
[2022-09-05 11:01:31,574] {processor.py:161} INFO - Processing /home/ubuntu/.local/lib/python3.8/site-packages/airflow/example_dags/example_short_circuit_operator.py took 0.067 seconds
[2022-09-05 11:02:05,823] {processor.py:153} INFO - Started process (PID=15123) to work on /home/ubuntu/.local/lib/python3.8/site-packages/airflow/example_dags/example_short_circuit_operator.py
[2022-09-05 11:02:05,824] {processor.py:641} INFO - Processing file /home/ubuntu/.local/lib/python3.8/site-packages/airflow/example_dags/example_short_circuit_operator.py for tasks to queue
[2022-09-05 11:02:05,825] {logging_mixin.py:115} INFO - [2022-09-05 11:02:05,825] {dagbag.py:508} INFO - Filling up the DagBag from /home/ubuntu/.local/lib/python3.8/site-packages/airflow/example_dags/example_short_circuit_operator.py
[2022-09-05 11:02:05,833] {processor.py:651} INFO - DAG(s) dict_keys(['example_short_circuit_operator']) retrieved from /home/ubuntu/.local/lib/python3.8/site-packages/airflow/example_dags/example_short_circuit_operator.py
[2022-09-05 11:02:05,850] {logging_mixin.py:115} INFO - [2022-09-05 11:02:05,850] {dag.py:2420} INFO - Sync 1 DAGs
[2022-09-05 11:02:05,869] {logging_mixin.py:115} INFO - [2022-09-05 11:02:05,869] {dag.py:2968} INFO - Setting next_dagrun for example_short_circuit_operator to 2022-09-04T11:02:05.869173+00:00, run_after=2022-09-05T11:02:05.869173+00:00
[2022-09-05 11:02:05,885] {processor.py:161} INFO - Processing /home/ubuntu/.local/lib/python3.8/site-packages/airflow/example_dags/example_short_circuit_operator.py took 0.065 seconds
[2022-09-05 11:02:41,953] {processor.py:153} INFO - Started process (PID=15226) to work on /home/ubuntu/.local/lib/python3.8/site-packages/airflow/example_dags/example_short_circuit_operator.py
[2022-09-05 11:02:41,955] {processor.py:641} INFO - Processing file /home/ubuntu/.local/lib/python3.8/site-packages/airflow/example_dags/example_short_circuit_operator.py for tasks to queue
[2022-09-05 11:02:41,955] {logging_mixin.py:115} INFO - [2022-09-05 11:02:41,955] {dagbag.py:508} INFO - Filling up the DagBag from /home/ubuntu/.local/lib/python3.8/site-packages/airflow/example_dags/example_short_circuit_operator.py
[2022-09-05 11:02:41,965] {processor.py:651} INFO - DAG(s) dict_keys(['example_short_circuit_operator']) retrieved from /home/ubuntu/.local/lib/python3.8/site-packages/airflow/example_dags/example_short_circuit_operator.py
[2022-09-05 11:02:41,982] {logging_mixin.py:115} INFO - [2022-09-05 11:02:41,982] {dag.py:2420} INFO - Sync 1 DAGs
[2022-09-05 11:02:42,000] {logging_mixin.py:115} INFO - [2022-09-05 11:02:42,000] {dag.py:2968} INFO - Setting next_dagrun for example_short_circuit_operator to 2022-09-04T11:02:42.000218+00:00, run_after=2022-09-05T11:02:42.000218+00:00
[2022-09-05 11:02:42,016] {processor.py:161} INFO - Processing /home/ubuntu/.local/lib/python3.8/site-packages/airflow/example_dags/example_short_circuit_operator.py took 0.066 seconds
[2022-09-05 11:03:17,811] {processor.py:153} INFO - Started process (PID=15519) to work on /home/ubuntu/.local/lib/python3.8/site-packages/airflow/example_dags/example_short_circuit_operator.py
[2022-09-05 11:03:17,813] {processor.py:641} INFO - Processing file /home/ubuntu/.local/lib/python3.8/site-packages/airflow/example_dags/example_short_circuit_operator.py for tasks to queue
[2022-09-05 11:03:17,813] {logging_mixin.py:115} INFO - [2022-09-05 11:03:17,813] {dagbag.py:508} INFO - Filling up the DagBag from /home/ubuntu/.local/lib/python3.8/site-packages/airflow/example_dags/example_short_circuit_operator.py
[2022-09-05 11:03:17,823] {processor.py:651} INFO - DAG(s) dict_keys(['example_short_circuit_operator']) retrieved from /home/ubuntu/.local/lib/python3.8/site-packages/airflow/example_dags/example_short_circuit_operator.py
[2022-09-05 11:03:17,843] {logging_mixin.py:115} INFO - [2022-09-05 11:03:17,843] {dag.py:2420} INFO - Sync 1 DAGs
[2022-09-05 11:03:17,858] {logging_mixin.py:115} INFO - [2022-09-05 11:03:17,858] {dag.py:2968} INFO - Setting next_dagrun for example_short_circuit_operator to 2022-09-04T11:03:17.858402+00:00, run_after=2022-09-05T11:03:17.858402+00:00
[2022-09-05 11:03:17,875] {processor.py:161} INFO - Processing /home/ubuntu/.local/lib/python3.8/site-packages/airflow/example_dags/example_short_circuit_operator.py took 0.068 seconds
[2022-09-05 11:04:03,077] {processor.py:153} INFO - Started process (PID=15800) to work on /home/ubuntu/.local/lib/python3.8/site-packages/airflow/example_dags/example_short_circuit_operator.py
[2022-09-05 11:04:03,079] {processor.py:641} INFO - Processing file /home/ubuntu/.local/lib/python3.8/site-packages/airflow/example_dags/example_short_circuit_operator.py for tasks to queue
[2022-09-05 11:04:03,079] {logging_mixin.py:115} INFO - [2022-09-05 11:04:03,079] {dagbag.py:508} INFO - Filling up the DagBag from /home/ubuntu/.local/lib/python3.8/site-packages/airflow/example_dags/example_short_circuit_operator.py
[2022-09-05 11:04:03,088] {processor.py:651} INFO - DAG(s) dict_keys(['example_short_circuit_operator']) retrieved from /home/ubuntu/.local/lib/python3.8/site-packages/airflow/example_dags/example_short_circuit_operator.py
[2022-09-05 11:04:03,104] {logging_mixin.py:115} INFO - [2022-09-05 11:04:03,104] {dag.py:2420} INFO - Sync 1 DAGs
[2022-09-05 11:04:03,122] {logging_mixin.py:115} INFO - [2022-09-05 11:04:03,122] {dag.py:2968} INFO - Setting next_dagrun for example_short_circuit_operator to 2022-09-04T11:04:03.121911+00:00, run_after=2022-09-05T11:04:03.121911+00:00
[2022-09-05 11:04:03,137] {processor.py:161} INFO - Processing /home/ubuntu/.local/lib/python3.8/site-packages/airflow/example_dags/example_short_circuit_operator.py took 0.063 seconds
[2022-09-05 11:09:14,359] {processor.py:153} INFO - Started process (PID=20169) to work on /home/ubuntu/.local/lib/python3.8/site-packages/airflow/example_dags/example_short_circuit_operator.py
[2022-09-05 11:09:14,362] {processor.py:641} INFO - Processing file /home/ubuntu/.local/lib/python3.8/site-packages/airflow/example_dags/example_short_circuit_operator.py for tasks to queue
[2022-09-05 11:09:14,363] {logging_mixin.py:115} INFO - [2022-09-05 11:09:14,363] {dagbag.py:508} INFO - Filling up the DagBag from /home/ubuntu/.local/lib/python3.8/site-packages/airflow/example_dags/example_short_circuit_operator.py
[2022-09-05 11:09:14,372] {processor.py:651} INFO - DAG(s) dict_keys(['example_short_circuit_operator']) retrieved from /home/ubuntu/.local/lib/python3.8/site-packages/airflow/example_dags/example_short_circuit_operator.py
[2022-09-05 11:09:14,390] {logging_mixin.py:115} INFO - [2022-09-05 11:09:14,390] {dag.py:2420} INFO - Sync 1 DAGs
[2022-09-05 11:09:14,404] {logging_mixin.py:115} INFO - [2022-09-05 11:09:14,404] {dag.py:2968} INFO - Setting next_dagrun for example_short_circuit_operator to 2022-09-04T11:09:14.404167+00:00, run_after=2022-09-05T11:09:14.404167+00:00
[2022-09-05 11:09:14,428] {processor.py:161} INFO - Processing /home/ubuntu/.local/lib/python3.8/site-packages/airflow/example_dags/example_short_circuit_operator.py took 0.072 seconds
[2022-09-05 11:09:51,608] {processor.py:153} INFO - Started process (PID=20233) to work on /home/ubuntu/.local/lib/python3.8/site-packages/airflow/example_dags/example_short_circuit_operator.py
[2022-09-05 11:09:51,609] {processor.py:641} INFO - Processing file /home/ubuntu/.local/lib/python3.8/site-packages/airflow/example_dags/example_short_circuit_operator.py for tasks to queue
[2022-09-05 11:09:51,610] {logging_mixin.py:115} INFO - [2022-09-05 11:09:51,610] {dagbag.py:508} INFO - Filling up the DagBag from /home/ubuntu/.local/lib/python3.8/site-packages/airflow/example_dags/example_short_circuit_operator.py
[2022-09-05 11:09:51,619] {processor.py:651} INFO - DAG(s) dict_keys(['example_short_circuit_operator']) retrieved from /home/ubuntu/.local/lib/python3.8/site-packages/airflow/example_dags/example_short_circuit_operator.py
[2022-09-05 11:09:51,637] {logging_mixin.py:115} INFO - [2022-09-05 11:09:51,637] {dag.py:2420} INFO - Sync 1 DAGs
[2022-09-05 11:09:51,651] {logging_mixin.py:115} INFO - [2022-09-05 11:09:51,650] {dag.py:2968} INFO - Setting next_dagrun for example_short_circuit_operator to 2022-09-04T11:09:51.650600+00:00, run_after=2022-09-05T11:09:51.650600+00:00
[2022-09-05 11:09:51,670] {processor.py:161} INFO - Processing /home/ubuntu/.local/lib/python3.8/site-packages/airflow/example_dags/example_short_circuit_operator.py took 0.065 seconds
[2022-09-05 11:12:11,130] {processor.py:153} INFO - Started process (PID=22059) to work on /home/ubuntu/.local/lib/python3.8/site-packages/airflow/example_dags/example_short_circuit_operator.py
[2022-09-05 11:12:11,132] {processor.py:641} INFO - Processing file /home/ubuntu/.local/lib/python3.8/site-packages/airflow/example_dags/example_short_circuit_operator.py for tasks to queue
[2022-09-05 11:12:11,132] {logging_mixin.py:115} INFO - [2022-09-05 11:12:11,132] {dagbag.py:508} INFO - Filling up the DagBag from /home/ubuntu/.local/lib/python3.8/site-packages/airflow/example_dags/example_short_circuit_operator.py
[2022-09-05 11:12:11,142] {processor.py:651} INFO - DAG(s) dict_keys(['example_short_circuit_operator']) retrieved from /home/ubuntu/.local/lib/python3.8/site-packages/airflow/example_dags/example_short_circuit_operator.py
[2022-09-05 11:12:11,159] {logging_mixin.py:115} INFO - [2022-09-05 11:12:11,159] {dag.py:2420} INFO - Sync 1 DAGs
[2022-09-05 11:12:11,173] {logging_mixin.py:115} INFO - [2022-09-05 11:12:11,172] {dag.py:2968} INFO - Setting next_dagrun for example_short_circuit_operator to 2022-09-04T11:12:11.172630+00:00, run_after=2022-09-05T11:12:11.172630+00:00
[2022-09-05 11:12:11,188] {processor.py:161} INFO - Processing /home/ubuntu/.local/lib/python3.8/site-packages/airflow/example_dags/example_short_circuit_operator.py took 0.062 seconds
[2022-09-05 11:12:46,303] {processor.py:153} INFO - Started process (PID=22218) to work on /home/ubuntu/.local/lib/python3.8/site-packages/airflow/example_dags/example_short_circuit_operator.py
[2022-09-05 11:12:46,304] {processor.py:641} INFO - Processing file /home/ubuntu/.local/lib/python3.8/site-packages/airflow/example_dags/example_short_circuit_operator.py for tasks to queue
[2022-09-05 11:12:46,304] {logging_mixin.py:115} INFO - [2022-09-05 11:12:46,304] {dagbag.py:508} INFO - Filling up the DagBag from /home/ubuntu/.local/lib/python3.8/site-packages/airflow/example_dags/example_short_circuit_operator.py
[2022-09-05 11:12:46,314] {processor.py:651} INFO - DAG(s) dict_keys(['example_short_circuit_operator']) retrieved from /home/ubuntu/.local/lib/python3.8/site-packages/airflow/example_dags/example_short_circuit_operator.py
[2022-09-05 11:12:46,331] {logging_mixin.py:115} INFO - [2022-09-05 11:12:46,331] {dag.py:2420} INFO - Sync 1 DAGs
[2022-09-05 11:12:46,344] {logging_mixin.py:115} INFO - [2022-09-05 11:12:46,344] {dag.py:2968} INFO - Setting next_dagrun for example_short_circuit_operator to 2022-09-04T11:12:46.344512+00:00, run_after=2022-09-05T11:12:46.344512+00:00
[2022-09-05 11:12:46,360] {processor.py:161} INFO - Processing /home/ubuntu/.local/lib/python3.8/site-packages/airflow/example_dags/example_short_circuit_operator.py took 0.061 seconds
[2022-09-05 11:13:21,211] {processor.py:153} INFO - Started process (PID=22319) to work on /home/ubuntu/.local/lib/python3.8/site-packages/airflow/example_dags/example_short_circuit_operator.py
[2022-09-05 11:13:21,212] {processor.py:641} INFO - Processing file /home/ubuntu/.local/lib/python3.8/site-packages/airflow/example_dags/example_short_circuit_operator.py for tasks to queue
[2022-09-05 11:13:21,213] {logging_mixin.py:115} INFO - [2022-09-05 11:13:21,213] {dagbag.py:508} INFO - Filling up the DagBag from /home/ubuntu/.local/lib/python3.8/site-packages/airflow/example_dags/example_short_circuit_operator.py
[2022-09-05 11:13:21,222] {processor.py:651} INFO - DAG(s) dict_keys(['example_short_circuit_operator']) retrieved from /home/ubuntu/.local/lib/python3.8/site-packages/airflow/example_dags/example_short_circuit_operator.py
[2022-09-05 11:13:21,240] {logging_mixin.py:115} INFO - [2022-09-05 11:13:21,240] {dag.py:2420} INFO - Sync 1 DAGs
[2022-09-05 11:13:21,253] {logging_mixin.py:115} INFO - [2022-09-05 11:13:21,253] {dag.py:2968} INFO - Setting next_dagrun for example_short_circuit_operator to 2022-09-04T11:13:21.253238+00:00, run_after=2022-09-05T11:13:21.253238+00:00
[2022-09-05 11:13:21,267] {processor.py:161} INFO - Processing /home/ubuntu/.local/lib/python3.8/site-packages/airflow/example_dags/example_short_circuit_operator.py took 0.060 seconds
[2022-09-05 11:13:56,692] {processor.py:153} INFO - Started process (PID=22402) to work on /home/ubuntu/.local/lib/python3.8/site-packages/airflow/example_dags/example_short_circuit_operator.py
[2022-09-05 11:13:56,694] {processor.py:641} INFO - Processing file /home/ubuntu/.local/lib/python3.8/site-packages/airflow/example_dags/example_short_circuit_operator.py for tasks to queue
[2022-09-05 11:13:56,694] {logging_mixin.py:115} INFO - [2022-09-05 11:13:56,694] {dagbag.py:508} INFO - Filling up the DagBag from /home/ubuntu/.local/lib/python3.8/site-packages/airflow/example_dags/example_short_circuit_operator.py
[2022-09-05 11:13:56,703] {processor.py:651} INFO - DAG(s) dict_keys(['example_short_circuit_operator']) retrieved from /home/ubuntu/.local/lib/python3.8/site-packages/airflow/example_dags/example_short_circuit_operator.py
[2022-09-05 11:13:56,722] {logging_mixin.py:115} INFO - [2022-09-05 11:13:56,722] {dag.py:2420} INFO - Sync 1 DAGs
[2022-09-05 11:13:56,736] {logging_mixin.py:115} INFO - [2022-09-05 11:13:56,736] {dag.py:2968} INFO - Setting next_dagrun for example_short_circuit_operator to 2022-09-04T11:13:56.735952+00:00, run_after=2022-09-05T11:13:56.735952+00:00
[2022-09-05 11:13:56,751] {processor.py:161} INFO - Processing /home/ubuntu/.local/lib/python3.8/site-packages/airflow/example_dags/example_short_circuit_operator.py took 0.062 seconds
[2022-09-05 11:14:31,245] {processor.py:153} INFO - Started process (PID=22630) to work on /home/ubuntu/.local/lib/python3.8/site-packages/airflow/example_dags/example_short_circuit_operator.py
[2022-09-05 11:14:31,247] {processor.py:641} INFO - Processing file /home/ubuntu/.local/lib/python3.8/site-packages/airflow/example_dags/example_short_circuit_operator.py for tasks to queue
[2022-09-05 11:14:31,248] {logging_mixin.py:115} INFO - [2022-09-05 11:14:31,248] {dagbag.py:508} INFO - Filling up the DagBag from /home/ubuntu/.local/lib/python3.8/site-packages/airflow/example_dags/example_short_circuit_operator.py
[2022-09-05 11:14:31,257] {processor.py:651} INFO - DAG(s) dict_keys(['example_short_circuit_operator']) retrieved from /home/ubuntu/.local/lib/python3.8/site-packages/airflow/example_dags/example_short_circuit_operator.py
[2022-09-05 11:14:31,273] {logging_mixin.py:115} INFO - [2022-09-05 11:14:31,273] {dag.py:2420} INFO - Sync 1 DAGs
[2022-09-05 11:14:31,286] {logging_mixin.py:115} INFO - [2022-09-05 11:14:31,286] {dag.py:2968} INFO - Setting next_dagrun for example_short_circuit_operator to 2022-09-04T11:14:31.286392+00:00, run_after=2022-09-05T11:14:31.286392+00:00
[2022-09-05 11:14:31,312] {processor.py:161} INFO - Processing /home/ubuntu/.local/lib/python3.8/site-packages/airflow/example_dags/example_short_circuit_operator.py took 0.071 seconds
[2022-09-05 11:15:04,989] {processor.py:153} INFO - Started process (PID=22676) to work on /home/ubuntu/.local/lib/python3.8/site-packages/airflow/example_dags/example_short_circuit_operator.py
[2022-09-05 11:15:04,990] {processor.py:641} INFO - Processing file /home/ubuntu/.local/lib/python3.8/site-packages/airflow/example_dags/example_short_circuit_operator.py for tasks to queue
[2022-09-05 11:15:04,991] {logging_mixin.py:115} INFO - [2022-09-05 11:15:04,991] {dagbag.py:508} INFO - Filling up the DagBag from /home/ubuntu/.local/lib/python3.8/site-packages/airflow/example_dags/example_short_circuit_operator.py
[2022-09-05 11:15:05,000] {processor.py:651} INFO - DAG(s) dict_keys(['example_short_circuit_operator']) retrieved from /home/ubuntu/.local/lib/python3.8/site-packages/airflow/example_dags/example_short_circuit_operator.py
[2022-09-05 11:15:05,017] {logging_mixin.py:115} INFO - [2022-09-05 11:15:05,017] {dag.py:2420} INFO - Sync 1 DAGs
[2022-09-05 11:15:05,029] {logging_mixin.py:115} INFO - [2022-09-05 11:15:05,029] {dag.py:2968} INFO - Setting next_dagrun for example_short_circuit_operator to 2022-09-04T11:15:05.029200+00:00, run_after=2022-09-05T11:15:05.029200+00:00
[2022-09-05 11:15:05,044] {processor.py:161} INFO - Processing /home/ubuntu/.local/lib/python3.8/site-packages/airflow/example_dags/example_short_circuit_operator.py took 0.058 seconds
[2022-09-05 11:15:48,336] {processor.py:153} INFO - Started process (PID=22993) to work on /home/ubuntu/.local/lib/python3.8/site-packages/airflow/example_dags/example_short_circuit_operator.py
[2022-09-05 11:15:48,337] {processor.py:641} INFO - Processing file /home/ubuntu/.local/lib/python3.8/site-packages/airflow/example_dags/example_short_circuit_operator.py for tasks to queue
[2022-09-05 11:15:48,337] {logging_mixin.py:115} INFO - [2022-09-05 11:15:48,337] {dagbag.py:508} INFO - Filling up the DagBag from /home/ubuntu/.local/lib/python3.8/site-packages/airflow/example_dags/example_short_circuit_operator.py
[2022-09-05 11:15:48,346] {processor.py:651} INFO - DAG(s) dict_keys(['example_short_circuit_operator']) retrieved from /home/ubuntu/.local/lib/python3.8/site-packages/airflow/example_dags/example_short_circuit_operator.py
[2022-09-05 11:15:48,363] {logging_mixin.py:115} INFO - [2022-09-05 11:15:48,363] {dag.py:2420} INFO - Sync 1 DAGs
[2022-09-05 11:15:48,381] {logging_mixin.py:115} INFO - [2022-09-05 11:15:48,381] {dag.py:2968} INFO - Setting next_dagrun for example_short_circuit_operator to 2022-09-04T11:15:48.381154+00:00, run_after=2022-09-05T11:15:48.381154+00:00
[2022-09-05 11:15:48,397] {processor.py:161} INFO - Processing /home/ubuntu/.local/lib/python3.8/site-packages/airflow/example_dags/example_short_circuit_operator.py took 0.064 seconds
[2022-09-05 11:16:22,701] {processor.py:153} INFO - Started process (PID=23081) to work on /home/ubuntu/.local/lib/python3.8/site-packages/airflow/example_dags/example_short_circuit_operator.py
[2022-09-05 11:16:22,702] {processor.py:641} INFO - Processing file /home/ubuntu/.local/lib/python3.8/site-packages/airflow/example_dags/example_short_circuit_operator.py for tasks to queue
[2022-09-05 11:16:22,702] {logging_mixin.py:115} INFO - [2022-09-05 11:16:22,702] {dagbag.py:508} INFO - Filling up the DagBag from /home/ubuntu/.local/lib/python3.8/site-packages/airflow/example_dags/example_short_circuit_operator.py
[2022-09-05 11:16:22,711] {processor.py:651} INFO - DAG(s) dict_keys(['example_short_circuit_operator']) retrieved from /home/ubuntu/.local/lib/python3.8/site-packages/airflow/example_dags/example_short_circuit_operator.py
[2022-09-05 11:16:22,727] {logging_mixin.py:115} INFO - [2022-09-05 11:16:22,727] {dag.py:2420} INFO - Sync 1 DAGs
[2022-09-05 11:16:22,745] {logging_mixin.py:115} INFO - [2022-09-05 11:16:22,745] {dag.py:2968} INFO - Setting next_dagrun for example_short_circuit_operator to 2022-09-04T11:16:22.745063+00:00, run_after=2022-09-05T11:16:22.745063+00:00
[2022-09-05 11:16:22,759] {processor.py:161} INFO - Processing /home/ubuntu/.local/lib/python3.8/site-packages/airflow/example_dags/example_short_circuit_operator.py took 0.061 seconds
[2022-09-05 11:16:56,952] {processor.py:153} INFO - Started process (PID=23163) to work on /home/ubuntu/.local/lib/python3.8/site-packages/airflow/example_dags/example_short_circuit_operator.py
[2022-09-05 11:16:56,954] {processor.py:641} INFO - Processing file /home/ubuntu/.local/lib/python3.8/site-packages/airflow/example_dags/example_short_circuit_operator.py for tasks to queue
[2022-09-05 11:16:56,954] {logging_mixin.py:115} INFO - [2022-09-05 11:16:56,954] {dagbag.py:508} INFO - Filling up the DagBag from /home/ubuntu/.local/lib/python3.8/site-packages/airflow/example_dags/example_short_circuit_operator.py
[2022-09-05 11:16:56,963] {processor.py:651} INFO - DAG(s) dict_keys(['example_short_circuit_operator']) retrieved from /home/ubuntu/.local/lib/python3.8/site-packages/airflow/example_dags/example_short_circuit_operator.py
[2022-09-05 11:16:56,979] {logging_mixin.py:115} INFO - [2022-09-05 11:16:56,979] {dag.py:2420} INFO - Sync 1 DAGs
[2022-09-05 11:16:56,996] {logging_mixin.py:115} INFO - [2022-09-05 11:16:56,996] {dag.py:2968} INFO - Setting next_dagrun for example_short_circuit_operator to 2022-09-04T11:16:56.996032+00:00, run_after=2022-09-05T11:16:56.996032+00:00
[2022-09-05 11:16:57,012] {processor.py:161} INFO - Processing /home/ubuntu/.local/lib/python3.8/site-packages/airflow/example_dags/example_short_circuit_operator.py took 0.063 seconds
[2022-09-05 11:17:30,747] {processor.py:153} INFO - Started process (PID=23247) to work on /home/ubuntu/.local/lib/python3.8/site-packages/airflow/example_dags/example_short_circuit_operator.py
[2022-09-05 11:17:30,748] {processor.py:641} INFO - Processing file /home/ubuntu/.local/lib/python3.8/site-packages/airflow/example_dags/example_short_circuit_operator.py for tasks to queue
[2022-09-05 11:17:30,749] {logging_mixin.py:115} INFO - [2022-09-05 11:17:30,749] {dagbag.py:508} INFO - Filling up the DagBag from /home/ubuntu/.local/lib/python3.8/site-packages/airflow/example_dags/example_short_circuit_operator.py
[2022-09-05 11:17:30,758] {processor.py:651} INFO - DAG(s) dict_keys(['example_short_circuit_operator']) retrieved from /home/ubuntu/.local/lib/python3.8/site-packages/airflow/example_dags/example_short_circuit_operator.py
[2022-09-05 11:17:30,774] {logging_mixin.py:115} INFO - [2022-09-05 11:17:30,774] {dag.py:2420} INFO - Sync 1 DAGs
[2022-09-05 11:17:30,792] {logging_mixin.py:115} INFO - [2022-09-05 11:17:30,791] {dag.py:2968} INFO - Setting next_dagrun for example_short_circuit_operator to 2022-09-04T11:17:30.791701+00:00, run_after=2022-09-05T11:17:30.791701+00:00
[2022-09-05 11:17:30,815] {processor.py:161} INFO - Processing /home/ubuntu/.local/lib/python3.8/site-packages/airflow/example_dags/example_short_circuit_operator.py took 0.072 seconds
[2022-09-05 11:18:07,896] {processor.py:153} INFO - Started process (PID=23336) to work on /home/ubuntu/.local/lib/python3.8/site-packages/airflow/example_dags/example_short_circuit_operator.py
[2022-09-05 11:18:07,897] {processor.py:641} INFO - Processing file /home/ubuntu/.local/lib/python3.8/site-packages/airflow/example_dags/example_short_circuit_operator.py for tasks to queue
[2022-09-05 11:18:07,898] {logging_mixin.py:115} INFO - [2022-09-05 11:18:07,898] {dagbag.py:508} INFO - Filling up the DagBag from /home/ubuntu/.local/lib/python3.8/site-packages/airflow/example_dags/example_short_circuit_operator.py
[2022-09-05 11:18:07,907] {processor.py:651} INFO - DAG(s) dict_keys(['example_short_circuit_operator']) retrieved from /home/ubuntu/.local/lib/python3.8/site-packages/airflow/example_dags/example_short_circuit_operator.py
[2022-09-05 11:18:07,924] {logging_mixin.py:115} INFO - [2022-09-05 11:18:07,924] {dag.py:2420} INFO - Sync 1 DAGs
[2022-09-05 11:18:07,943] {logging_mixin.py:115} INFO - [2022-09-05 11:18:07,943] {dag.py:2968} INFO - Setting next_dagrun for example_short_circuit_operator to 2022-09-04T11:18:07.943512+00:00, run_after=2022-09-05T11:18:07.943512+00:00
[2022-09-05 11:18:07,963] {processor.py:161} INFO - Processing /home/ubuntu/.local/lib/python3.8/site-packages/airflow/example_dags/example_short_circuit_operator.py took 0.071 seconds
[2022-09-05 11:18:42,840] {processor.py:153} INFO - Started process (PID=23416) to work on /home/ubuntu/.local/lib/python3.8/site-packages/airflow/example_dags/example_short_circuit_operator.py
[2022-09-05 11:18:42,841] {processor.py:641} INFO - Processing file /home/ubuntu/.local/lib/python3.8/site-packages/airflow/example_dags/example_short_circuit_operator.py for tasks to queue
[2022-09-05 11:18:42,841] {logging_mixin.py:115} INFO - [2022-09-05 11:18:42,841] {dagbag.py:508} INFO - Filling up the DagBag from /home/ubuntu/.local/lib/python3.8/site-packages/airflow/example_dags/example_short_circuit_operator.py
[2022-09-05 11:18:42,850] {processor.py:651} INFO - DAG(s) dict_keys(['example_short_circuit_operator']) retrieved from /home/ubuntu/.local/lib/python3.8/site-packages/airflow/example_dags/example_short_circuit_operator.py
[2022-09-05 11:18:42,866] {logging_mixin.py:115} INFO - [2022-09-05 11:18:42,866] {dag.py:2420} INFO - Sync 1 DAGs
[2022-09-05 11:18:42,883] {logging_mixin.py:115} INFO - [2022-09-05 11:18:42,883] {dag.py:2968} INFO - Setting next_dagrun for example_short_circuit_operator to 2022-09-04T11:18:42.882869+00:00, run_after=2022-09-05T11:18:42.882869+00:00
[2022-09-05 11:18:42,897] {processor.py:161} INFO - Processing /home/ubuntu/.local/lib/python3.8/site-packages/airflow/example_dags/example_short_circuit_operator.py took 0.061 seconds
[2022-09-05 11:19:19,629] {processor.py:153} INFO - Started process (PID=23468) to work on /home/ubuntu/.local/lib/python3.8/site-packages/airflow/example_dags/example_short_circuit_operator.py
[2022-09-05 11:19:19,630] {processor.py:641} INFO - Processing file /home/ubuntu/.local/lib/python3.8/site-packages/airflow/example_dags/example_short_circuit_operator.py for tasks to queue
[2022-09-05 11:19:19,631] {logging_mixin.py:115} INFO - [2022-09-05 11:19:19,631] {dagbag.py:508} INFO - Filling up the DagBag from /home/ubuntu/.local/lib/python3.8/site-packages/airflow/example_dags/example_short_circuit_operator.py
[2022-09-05 11:19:19,640] {processor.py:651} INFO - DAG(s) dict_keys(['example_short_circuit_operator']) retrieved from /home/ubuntu/.local/lib/python3.8/site-packages/airflow/example_dags/example_short_circuit_operator.py
[2022-09-05 11:19:19,656] {logging_mixin.py:115} INFO - [2022-09-05 11:19:19,656] {dag.py:2420} INFO - Sync 1 DAGs
[2022-09-05 11:19:19,674] {logging_mixin.py:115} INFO - [2022-09-05 11:19:19,674] {dag.py:2968} INFO - Setting next_dagrun for example_short_circuit_operator to 2022-09-04T11:19:19.674197+00:00, run_after=2022-09-05T11:19:19.674197+00:00
[2022-09-05 11:19:19,691] {processor.py:161} INFO - Processing /home/ubuntu/.local/lib/python3.8/site-packages/airflow/example_dags/example_short_circuit_operator.py took 0.066 seconds
[2022-09-05 11:19:56,338] {processor.py:153} INFO - Started process (PID=23511) to work on /home/ubuntu/.local/lib/python3.8/site-packages/airflow/example_dags/example_short_circuit_operator.py
[2022-09-05 11:19:56,340] {processor.py:641} INFO - Processing file /home/ubuntu/.local/lib/python3.8/site-packages/airflow/example_dags/example_short_circuit_operator.py for tasks to queue
[2022-09-05 11:19:56,340] {logging_mixin.py:115} INFO - [2022-09-05 11:19:56,340] {dagbag.py:508} INFO - Filling up the DagBag from /home/ubuntu/.local/lib/python3.8/site-packages/airflow/example_dags/example_short_circuit_operator.py
[2022-09-05 11:19:56,349] {processor.py:651} INFO - DAG(s) dict_keys(['example_short_circuit_operator']) retrieved from /home/ubuntu/.local/lib/python3.8/site-packages/airflow/example_dags/example_short_circuit_operator.py
[2022-09-05 11:19:56,366] {logging_mixin.py:115} INFO - [2022-09-05 11:19:56,366] {dag.py:2420} INFO - Sync 1 DAGs
[2022-09-05 11:19:56,386] {logging_mixin.py:115} INFO - [2022-09-05 11:19:56,386] {dag.py:2968} INFO - Setting next_dagrun for example_short_circuit_operator to 2022-09-04T11:19:56.385894+00:00, run_after=2022-09-05T11:19:56.385894+00:00
[2022-09-05 11:19:56,404] {processor.py:161} INFO - Processing /home/ubuntu/.local/lib/python3.8/site-packages/airflow/example_dags/example_short_circuit_operator.py took 0.069 seconds
[2022-09-05 11:22:13,925] {processor.py:153} INFO - Started process (PID=25212) to work on /home/ubuntu/.local/lib/python3.8/site-packages/airflow/example_dags/example_short_circuit_operator.py
[2022-09-05 11:22:13,927] {processor.py:641} INFO - Processing file /home/ubuntu/.local/lib/python3.8/site-packages/airflow/example_dags/example_short_circuit_operator.py for tasks to queue
[2022-09-05 11:22:13,928] {logging_mixin.py:115} INFO - [2022-09-05 11:22:13,928] {dagbag.py:508} INFO - Filling up the DagBag from /home/ubuntu/.local/lib/python3.8/site-packages/airflow/example_dags/example_short_circuit_operator.py
[2022-09-05 11:22:13,937] {processor.py:651} INFO - DAG(s) dict_keys(['example_short_circuit_operator']) retrieved from /home/ubuntu/.local/lib/python3.8/site-packages/airflow/example_dags/example_short_circuit_operator.py
[2022-09-05 11:22:13,957] {logging_mixin.py:115} INFO - [2022-09-05 11:22:13,957] {dag.py:2420} INFO - Sync 1 DAGs
[2022-09-05 11:22:13,973] {logging_mixin.py:115} INFO - [2022-09-05 11:22:13,973] {dag.py:2968} INFO - Setting next_dagrun for example_short_circuit_operator to 2022-09-04T11:22:13.972908+00:00, run_after=2022-09-05T11:22:13.972908+00:00
[2022-09-05 11:22:13,989] {processor.py:161} INFO - Processing /home/ubuntu/.local/lib/python3.8/site-packages/airflow/example_dags/example_short_circuit_operator.py took 0.067 seconds
[2022-09-05 11:22:49,929] {processor.py:153} INFO - Started process (PID=25288) to work on /home/ubuntu/.local/lib/python3.8/site-packages/airflow/example_dags/example_short_circuit_operator.py
[2022-09-05 11:22:49,931] {processor.py:641} INFO - Processing file /home/ubuntu/.local/lib/python3.8/site-packages/airflow/example_dags/example_short_circuit_operator.py for tasks to queue
[2022-09-05 11:22:49,931] {logging_mixin.py:115} INFO - [2022-09-05 11:22:49,931] {dagbag.py:508} INFO - Filling up the DagBag from /home/ubuntu/.local/lib/python3.8/site-packages/airflow/example_dags/example_short_circuit_operator.py
[2022-09-05 11:22:49,941] {processor.py:651} INFO - DAG(s) dict_keys(['example_short_circuit_operator']) retrieved from /home/ubuntu/.local/lib/python3.8/site-packages/airflow/example_dags/example_short_circuit_operator.py
[2022-09-05 11:22:49,963] {logging_mixin.py:115} INFO - [2022-09-05 11:22:49,963] {dag.py:2420} INFO - Sync 1 DAGs
[2022-09-05 11:22:49,980] {logging_mixin.py:115} INFO - [2022-09-05 11:22:49,980] {dag.py:2968} INFO - Setting next_dagrun for example_short_circuit_operator to 2022-09-04T11:22:49.979972+00:00, run_after=2022-09-05T11:22:49.979972+00:00
[2022-09-05 11:22:50,003] {processor.py:161} INFO - Processing /home/ubuntu/.local/lib/python3.8/site-packages/airflow/example_dags/example_short_circuit_operator.py took 0.078 seconds
[2022-09-05 11:23:27,042] {processor.py:153} INFO - Started process (PID=25743) to work on /home/ubuntu/.local/lib/python3.8/site-packages/airflow/example_dags/example_short_circuit_operator.py
[2022-09-05 11:23:27,043] {processor.py:641} INFO - Processing file /home/ubuntu/.local/lib/python3.8/site-packages/airflow/example_dags/example_short_circuit_operator.py for tasks to queue
[2022-09-05 11:23:27,044] {logging_mixin.py:115} INFO - [2022-09-05 11:23:27,044] {dagbag.py:508} INFO - Filling up the DagBag from /home/ubuntu/.local/lib/python3.8/site-packages/airflow/example_dags/example_short_circuit_operator.py
[2022-09-05 11:23:27,054] {processor.py:651} INFO - DAG(s) dict_keys(['example_short_circuit_operator']) retrieved from /home/ubuntu/.local/lib/python3.8/site-packages/airflow/example_dags/example_short_circuit_operator.py
[2022-09-05 11:23:27,074] {logging_mixin.py:115} INFO - [2022-09-05 11:23:27,074] {dag.py:2420} INFO - Sync 1 DAGs
[2022-09-05 11:23:27,090] {logging_mixin.py:115} INFO - [2022-09-05 11:23:27,090] {dag.py:2968} INFO - Setting next_dagrun for example_short_circuit_operator to 2022-09-04T11:23:27.090418+00:00, run_after=2022-09-05T11:23:27.090418+00:00
[2022-09-05 11:23:27,105] {processor.py:161} INFO - Processing /home/ubuntu/.local/lib/python3.8/site-packages/airflow/example_dags/example_short_circuit_operator.py took 0.067 seconds
[2022-09-05 11:24:00,960] {processor.py:153} INFO - Started process (PID=25845) to work on /home/ubuntu/.local/lib/python3.8/site-packages/airflow/example_dags/example_short_circuit_operator.py
[2022-09-05 11:24:00,961] {processor.py:641} INFO - Processing file /home/ubuntu/.local/lib/python3.8/site-packages/airflow/example_dags/example_short_circuit_operator.py for tasks to queue
[2022-09-05 11:24:00,961] {logging_mixin.py:115} INFO - [2022-09-05 11:24:00,961] {dagbag.py:508} INFO - Filling up the DagBag from /home/ubuntu/.local/lib/python3.8/site-packages/airflow/example_dags/example_short_circuit_operator.py
[2022-09-05 11:24:00,970] {processor.py:651} INFO - DAG(s) dict_keys(['example_short_circuit_operator']) retrieved from /home/ubuntu/.local/lib/python3.8/site-packages/airflow/example_dags/example_short_circuit_operator.py
[2022-09-05 11:24:00,998] {logging_mixin.py:115} INFO - [2022-09-05 11:24:00,998] {dag.py:2420} INFO - Sync 1 DAGs
[2022-09-05 11:24:01,015] {logging_mixin.py:115} INFO - [2022-09-05 11:24:01,015] {dag.py:2968} INFO - Setting next_dagrun for example_short_circuit_operator to 2022-09-04T11:24:01.014726+00:00, run_after=2022-09-05T11:24:01.014726+00:00
[2022-09-05 11:24:01,037] {processor.py:161} INFO - Processing /home/ubuntu/.local/lib/python3.8/site-packages/airflow/example_dags/example_short_circuit_operator.py took 0.081 seconds
[2022-09-05 11:24:36,325] {processor.py:153} INFO - Started process (PID=26022) to work on /home/ubuntu/.local/lib/python3.8/site-packages/airflow/example_dags/example_short_circuit_operator.py
[2022-09-05 11:24:36,329] {processor.py:641} INFO - Processing file /home/ubuntu/.local/lib/python3.8/site-packages/airflow/example_dags/example_short_circuit_operator.py for tasks to queue
[2022-09-05 11:24:36,329] {logging_mixin.py:115} INFO - [2022-09-05 11:24:36,329] {dagbag.py:508} INFO - Filling up the DagBag from /home/ubuntu/.local/lib/python3.8/site-packages/airflow/example_dags/example_short_circuit_operator.py
[2022-09-05 11:24:36,338] {processor.py:651} INFO - DAG(s) dict_keys(['example_short_circuit_operator']) retrieved from /home/ubuntu/.local/lib/python3.8/site-packages/airflow/example_dags/example_short_circuit_operator.py
[2022-09-05 11:24:36,358] {logging_mixin.py:115} INFO - [2022-09-05 11:24:36,358] {dag.py:2420} INFO - Sync 1 DAGs
[2022-09-05 11:24:36,373] {logging_mixin.py:115} INFO - [2022-09-05 11:24:36,373] {dag.py:2968} INFO - Setting next_dagrun for example_short_circuit_operator to 2022-09-04T11:24:36.373341+00:00, run_after=2022-09-05T11:24:36.373341+00:00
[2022-09-05 11:24:36,394] {processor.py:161} INFO - Processing /home/ubuntu/.local/lib/python3.8/site-packages/airflow/example_dags/example_short_circuit_operator.py took 0.073 seconds
[2022-09-05 11:25:10,653] {processor.py:153} INFO - Started process (PID=26076) to work on /home/ubuntu/.local/lib/python3.8/site-packages/airflow/example_dags/example_short_circuit_operator.py
[2022-09-05 11:25:10,654] {processor.py:641} INFO - Processing file /home/ubuntu/.local/lib/python3.8/site-packages/airflow/example_dags/example_short_circuit_operator.py for tasks to queue
[2022-09-05 11:25:10,655] {logging_mixin.py:115} INFO - [2022-09-05 11:25:10,655] {dagbag.py:508} INFO - Filling up the DagBag from /home/ubuntu/.local/lib/python3.8/site-packages/airflow/example_dags/example_short_circuit_operator.py
[2022-09-05 11:25:10,664] {processor.py:651} INFO - DAG(s) dict_keys(['example_short_circuit_operator']) retrieved from /home/ubuntu/.local/lib/python3.8/site-packages/airflow/example_dags/example_short_circuit_operator.py
[2022-09-05 11:25:10,684] {logging_mixin.py:115} INFO - [2022-09-05 11:25:10,684] {dag.py:2420} INFO - Sync 1 DAGs
[2022-09-05 11:25:10,700] {logging_mixin.py:115} INFO - [2022-09-05 11:25:10,700] {dag.py:2968} INFO - Setting next_dagrun for example_short_circuit_operator to 2022-09-04T11:25:10.700056+00:00, run_after=2022-09-05T11:25:10.700056+00:00
[2022-09-05 11:25:10,719] {processor.py:161} INFO - Processing /home/ubuntu/.local/lib/python3.8/site-packages/airflow/example_dags/example_short_circuit_operator.py took 0.070 seconds
[2022-09-05 11:25:50,575] {processor.py:153} INFO - Started process (PID=26292) to work on /home/ubuntu/.local/lib/python3.8/site-packages/airflow/example_dags/example_short_circuit_operator.py
[2022-09-05 11:25:50,576] {processor.py:641} INFO - Processing file /home/ubuntu/.local/lib/python3.8/site-packages/airflow/example_dags/example_short_circuit_operator.py for tasks to queue
[2022-09-05 11:25:50,577] {logging_mixin.py:115} INFO - [2022-09-05 11:25:50,577] {dagbag.py:508} INFO - Filling up the DagBag from /home/ubuntu/.local/lib/python3.8/site-packages/airflow/example_dags/example_short_circuit_operator.py
[2022-09-05 11:25:50,586] {processor.py:651} INFO - DAG(s) dict_keys(['example_short_circuit_operator']) retrieved from /home/ubuntu/.local/lib/python3.8/site-packages/airflow/example_dags/example_short_circuit_operator.py
[2022-09-05 11:25:50,604] {logging_mixin.py:115} INFO - [2022-09-05 11:25:50,604] {dag.py:2420} INFO - Sync 1 DAGs
[2022-09-05 11:25:50,619] {logging_mixin.py:115} INFO - [2022-09-05 11:25:50,619] {dag.py:2968} INFO - Setting next_dagrun for example_short_circuit_operator to 2022-09-04T11:25:50.619178+00:00, run_after=2022-09-05T11:25:50.619178+00:00
[2022-09-05 11:25:50,634] {processor.py:161} INFO - Processing /home/ubuntu/.local/lib/python3.8/site-packages/airflow/example_dags/example_short_circuit_operator.py took 0.062 seconds
[2022-09-05 11:26:25,366] {processor.py:153} INFO - Started process (PID=26335) to work on /home/ubuntu/.local/lib/python3.8/site-packages/airflow/example_dags/example_short_circuit_operator.py
[2022-09-05 11:26:25,367] {processor.py:641} INFO - Processing file /home/ubuntu/.local/lib/python3.8/site-packages/airflow/example_dags/example_short_circuit_operator.py for tasks to queue
[2022-09-05 11:26:25,368] {logging_mixin.py:115} INFO - [2022-09-05 11:26:25,368] {dagbag.py:508} INFO - Filling up the DagBag from /home/ubuntu/.local/lib/python3.8/site-packages/airflow/example_dags/example_short_circuit_operator.py
[2022-09-05 11:26:25,377] {processor.py:651} INFO - DAG(s) dict_keys(['example_short_circuit_operator']) retrieved from /home/ubuntu/.local/lib/python3.8/site-packages/airflow/example_dags/example_short_circuit_operator.py
[2022-09-05 11:26:25,396] {logging_mixin.py:115} INFO - [2022-09-05 11:26:25,396] {dag.py:2420} INFO - Sync 1 DAGs
[2022-09-05 11:26:25,412] {logging_mixin.py:115} INFO - [2022-09-05 11:26:25,412] {dag.py:2968} INFO - Setting next_dagrun for example_short_circuit_operator to 2022-09-04T11:26:25.411782+00:00, run_after=2022-09-05T11:26:25.411782+00:00
[2022-09-05 11:26:25,428] {processor.py:161} INFO - Processing /home/ubuntu/.local/lib/python3.8/site-packages/airflow/example_dags/example_short_circuit_operator.py took 0.066 seconds
[2022-09-05 11:26:58,352] {processor.py:153} INFO - Started process (PID=26380) to work on /home/ubuntu/.local/lib/python3.8/site-packages/airflow/example_dags/example_short_circuit_operator.py
[2022-09-05 11:26:58,353] {processor.py:641} INFO - Processing file /home/ubuntu/.local/lib/python3.8/site-packages/airflow/example_dags/example_short_circuit_operator.py for tasks to queue
[2022-09-05 11:26:58,354] {logging_mixin.py:115} INFO - [2022-09-05 11:26:58,354] {dagbag.py:508} INFO - Filling up the DagBag from /home/ubuntu/.local/lib/python3.8/site-packages/airflow/example_dags/example_short_circuit_operator.py
[2022-09-05 11:26:58,363] {processor.py:651} INFO - DAG(s) dict_keys(['example_short_circuit_operator']) retrieved from /home/ubuntu/.local/lib/python3.8/site-packages/airflow/example_dags/example_short_circuit_operator.py
[2022-09-05 11:26:58,381] {logging_mixin.py:115} INFO - [2022-09-05 11:26:58,381] {dag.py:2420} INFO - Sync 1 DAGs
[2022-09-05 11:26:58,397] {logging_mixin.py:115} INFO - [2022-09-05 11:26:58,397] {dag.py:2968} INFO - Setting next_dagrun for example_short_circuit_operator to 2022-09-04T11:26:58.397058+00:00, run_after=2022-09-05T11:26:58.397058+00:00
[2022-09-05 11:26:58,413] {processor.py:161} INFO - Processing /home/ubuntu/.local/lib/python3.8/site-packages/airflow/example_dags/example_short_circuit_operator.py took 0.064 seconds
[2022-09-05 11:27:34,035] {processor.py:153} INFO - Started process (PID=26426) to work on /home/ubuntu/.local/lib/python3.8/site-packages/airflow/example_dags/example_short_circuit_operator.py
[2022-09-05 11:27:34,037] {processor.py:641} INFO - Processing file /home/ubuntu/.local/lib/python3.8/site-packages/airflow/example_dags/example_short_circuit_operator.py for tasks to queue
[2022-09-05 11:27:34,038] {logging_mixin.py:115} INFO - [2022-09-05 11:27:34,038] {dagbag.py:508} INFO - Filling up the DagBag from /home/ubuntu/.local/lib/python3.8/site-packages/airflow/example_dags/example_short_circuit_operator.py
[2022-09-05 11:27:34,046] {processor.py:651} INFO - DAG(s) dict_keys(['example_short_circuit_operator']) retrieved from /home/ubuntu/.local/lib/python3.8/site-packages/airflow/example_dags/example_short_circuit_operator.py
[2022-09-05 11:27:34,065] {logging_mixin.py:115} INFO - [2022-09-05 11:27:34,065] {dag.py:2420} INFO - Sync 1 DAGs
[2022-09-05 11:27:34,080] {logging_mixin.py:115} INFO - [2022-09-05 11:27:34,080] {dag.py:2968} INFO - Setting next_dagrun for example_short_circuit_operator to 2022-09-04T11:27:34.079827+00:00, run_after=2022-09-05T11:27:34.079827+00:00
[2022-09-05 11:27:34,095] {processor.py:161} INFO - Processing /home/ubuntu/.local/lib/python3.8/site-packages/airflow/example_dags/example_short_circuit_operator.py took 0.062 seconds
[2022-09-05 11:28:12,778] {processor.py:153} INFO - Started process (PID=26666) to work on /home/ubuntu/.local/lib/python3.8/site-packages/airflow/example_dags/example_short_circuit_operator.py
[2022-09-05 11:28:12,779] {processor.py:641} INFO - Processing file /home/ubuntu/.local/lib/python3.8/site-packages/airflow/example_dags/example_short_circuit_operator.py for tasks to queue
[2022-09-05 11:28:12,780] {logging_mixin.py:115} INFO - [2022-09-05 11:28:12,780] {dagbag.py:508} INFO - Filling up the DagBag from /home/ubuntu/.local/lib/python3.8/site-packages/airflow/example_dags/example_short_circuit_operator.py
[2022-09-05 11:28:12,789] {processor.py:651} INFO - DAG(s) dict_keys(['example_short_circuit_operator']) retrieved from /home/ubuntu/.local/lib/python3.8/site-packages/airflow/example_dags/example_short_circuit_operator.py
[2022-09-05 11:28:12,809] {logging_mixin.py:115} INFO - [2022-09-05 11:28:12,809] {dag.py:2420} INFO - Sync 1 DAGs
[2022-09-05 11:28:12,824] {logging_mixin.py:115} INFO - [2022-09-05 11:28:12,824] {dag.py:2968} INFO - Setting next_dagrun for example_short_circuit_operator to 2022-09-04T11:28:12.824405+00:00, run_after=2022-09-05T11:28:12.824405+00:00
[2022-09-05 11:28:12,839] {processor.py:161} INFO - Processing /home/ubuntu/.local/lib/python3.8/site-packages/airflow/example_dags/example_short_circuit_operator.py took 0.065 seconds
[2022-09-05 11:28:49,122] {processor.py:153} INFO - Started process (PID=27016) to work on /home/ubuntu/.local/lib/python3.8/site-packages/airflow/example_dags/example_short_circuit_operator.py
[2022-09-05 11:28:49,123] {processor.py:641} INFO - Processing file /home/ubuntu/.local/lib/python3.8/site-packages/airflow/example_dags/example_short_circuit_operator.py for tasks to queue
[2022-09-05 11:28:49,123] {logging_mixin.py:115} INFO - [2022-09-05 11:28:49,123] {dagbag.py:508} INFO - Filling up the DagBag from /home/ubuntu/.local/lib/python3.8/site-packages/airflow/example_dags/example_short_circuit_operator.py
[2022-09-05 11:28:49,132] {processor.py:651} INFO - DAG(s) dict_keys(['example_short_circuit_operator']) retrieved from /home/ubuntu/.local/lib/python3.8/site-packages/airflow/example_dags/example_short_circuit_operator.py
[2022-09-05 11:28:49,152] {logging_mixin.py:115} INFO - [2022-09-05 11:28:49,152] {dag.py:2420} INFO - Sync 1 DAGs
[2022-09-05 11:28:49,168] {logging_mixin.py:115} INFO - [2022-09-05 11:28:49,168] {dag.py:2968} INFO - Setting next_dagrun for example_short_circuit_operator to 2022-09-04T11:28:49.168271+00:00, run_after=2022-09-05T11:28:49.168271+00:00
[2022-09-05 11:28:49,185] {processor.py:161} INFO - Processing /home/ubuntu/.local/lib/python3.8/site-packages/airflow/example_dags/example_short_circuit_operator.py took 0.067 seconds
[2022-09-05 11:29:22,841] {processor.py:153} INFO - Started process (PID=27063) to work on /home/ubuntu/.local/lib/python3.8/site-packages/airflow/example_dags/example_short_circuit_operator.py
[2022-09-05 11:29:22,843] {processor.py:641} INFO - Processing file /home/ubuntu/.local/lib/python3.8/site-packages/airflow/example_dags/example_short_circuit_operator.py for tasks to queue
[2022-09-05 11:29:22,844] {logging_mixin.py:115} INFO - [2022-09-05 11:29:22,843] {dagbag.py:508} INFO - Filling up the DagBag from /home/ubuntu/.local/lib/python3.8/site-packages/airflow/example_dags/example_short_circuit_operator.py
[2022-09-05 11:29:22,853] {processor.py:651} INFO - DAG(s) dict_keys(['example_short_circuit_operator']) retrieved from /home/ubuntu/.local/lib/python3.8/site-packages/airflow/example_dags/example_short_circuit_operator.py
[2022-09-05 11:29:22,873] {logging_mixin.py:115} INFO - [2022-09-05 11:29:22,873] {dag.py:2420} INFO - Sync 1 DAGs
[2022-09-05 11:29:22,889] {logging_mixin.py:115} INFO - [2022-09-05 11:29:22,889] {dag.py:2968} INFO - Setting next_dagrun for example_short_circuit_operator to 2022-09-04T11:29:22.889313+00:00, run_after=2022-09-05T11:29:22.889313+00:00
[2022-09-05 11:29:22,905] {processor.py:161} INFO - Processing /home/ubuntu/.local/lib/python3.8/site-packages/airflow/example_dags/example_short_circuit_operator.py took 0.068 seconds
[2022-09-05 11:31:51,612] {processor.py:153} INFO - Started process (PID=28786) to work on /home/ubuntu/.local/lib/python3.8/site-packages/airflow/example_dags/example_short_circuit_operator.py
[2022-09-05 11:31:51,615] {processor.py:641} INFO - Processing file /home/ubuntu/.local/lib/python3.8/site-packages/airflow/example_dags/example_short_circuit_operator.py for tasks to queue
[2022-09-05 11:31:51,616] {logging_mixin.py:115} INFO - [2022-09-05 11:31:51,615] {dagbag.py:508} INFO - Filling up the DagBag from /home/ubuntu/.local/lib/python3.8/site-packages/airflow/example_dags/example_short_circuit_operator.py
[2022-09-05 11:31:51,628] {processor.py:651} INFO - DAG(s) dict_keys(['example_short_circuit_operator']) retrieved from /home/ubuntu/.local/lib/python3.8/site-packages/airflow/example_dags/example_short_circuit_operator.py
[2022-09-05 11:31:51,643] {logging_mixin.py:115} INFO - [2022-09-05 11:31:51,643] {dag.py:2420} INFO - Sync 1 DAGs
[2022-09-05 11:31:51,659] {logging_mixin.py:115} INFO - [2022-09-05 11:31:51,658] {dag.py:2968} INFO - Setting next_dagrun for example_short_circuit_operator to 2022-09-04T11:31:51.658609+00:00, run_after=2022-09-05T11:31:51.658609+00:00
[2022-09-05 11:31:51,674] {processor.py:161} INFO - Processing /home/ubuntu/.local/lib/python3.8/site-packages/airflow/example_dags/example_short_circuit_operator.py took 0.065 seconds
[2022-09-05 11:32:24,719] {processor.py:153} INFO - Started process (PID=28937) to work on /home/ubuntu/.local/lib/python3.8/site-packages/airflow/example_dags/example_short_circuit_operator.py
[2022-09-05 11:32:24,720] {processor.py:641} INFO - Processing file /home/ubuntu/.local/lib/python3.8/site-packages/airflow/example_dags/example_short_circuit_operator.py for tasks to queue
[2022-09-05 11:32:24,721] {logging_mixin.py:115} INFO - [2022-09-05 11:32:24,720] {dagbag.py:508} INFO - Filling up the DagBag from /home/ubuntu/.local/lib/python3.8/site-packages/airflow/example_dags/example_short_circuit_operator.py
[2022-09-05 11:32:24,732] {processor.py:651} INFO - DAG(s) dict_keys(['example_short_circuit_operator']) retrieved from /home/ubuntu/.local/lib/python3.8/site-packages/airflow/example_dags/example_short_circuit_operator.py
[2022-09-05 11:32:24,747] {logging_mixin.py:115} INFO - [2022-09-05 11:32:24,747] {dag.py:2420} INFO - Sync 1 DAGs
[2022-09-05 11:32:24,762] {logging_mixin.py:115} INFO - [2022-09-05 11:32:24,762] {dag.py:2968} INFO - Setting next_dagrun for example_short_circuit_operator to 2022-09-04T11:32:24.762262+00:00, run_after=2022-09-05T11:32:24.762262+00:00
[2022-09-05 11:32:24,782] {processor.py:161} INFO - Processing /home/ubuntu/.local/lib/python3.8/site-packages/airflow/example_dags/example_short_circuit_operator.py took 0.067 seconds
[2022-09-05 11:32:55,360] {processor.py:153} INFO - Started process (PID=29244) to work on /home/ubuntu/.local/lib/python3.8/site-packages/airflow/example_dags/example_short_circuit_operator.py
[2022-09-05 11:32:55,361] {processor.py:641} INFO - Processing file /home/ubuntu/.local/lib/python3.8/site-packages/airflow/example_dags/example_short_circuit_operator.py for tasks to queue
[2022-09-05 11:32:55,361] {logging_mixin.py:115} INFO - [2022-09-05 11:32:55,361] {dagbag.py:508} INFO - Filling up the DagBag from /home/ubuntu/.local/lib/python3.8/site-packages/airflow/example_dags/example_short_circuit_operator.py
[2022-09-05 11:32:55,373] {processor.py:651} INFO - DAG(s) dict_keys(['example_short_circuit_operator']) retrieved from /home/ubuntu/.local/lib/python3.8/site-packages/airflow/example_dags/example_short_circuit_operator.py
[2022-09-05 11:32:55,389] {logging_mixin.py:115} INFO - [2022-09-05 11:32:55,389] {dag.py:2420} INFO - Sync 1 DAGs
[2022-09-05 11:32:55,405] {logging_mixin.py:115} INFO - [2022-09-05 11:32:55,405] {dag.py:2968} INFO - Setting next_dagrun for example_short_circuit_operator to 2022-09-04T11:32:55.405111+00:00, run_after=2022-09-05T11:32:55.405111+00:00
[2022-09-05 11:32:55,419] {processor.py:161} INFO - Processing /home/ubuntu/.local/lib/python3.8/site-packages/airflow/example_dags/example_short_circuit_operator.py took 0.062 seconds
[2022-09-05 11:34:07,958] {processor.py:153} INFO - Started process (PID=29643) to work on /home/ubuntu/.local/lib/python3.8/site-packages/airflow/example_dags/example_short_circuit_operator.py
[2022-09-05 11:34:07,960] {processor.py:641} INFO - Processing file /home/ubuntu/.local/lib/python3.8/site-packages/airflow/example_dags/example_short_circuit_operator.py for tasks to queue
[2022-09-05 11:34:07,960] {logging_mixin.py:115} INFO - [2022-09-05 11:34:07,960] {dagbag.py:508} INFO - Filling up the DagBag from /home/ubuntu/.local/lib/python3.8/site-packages/airflow/example_dags/example_short_circuit_operator.py
[2022-09-05 11:34:07,969] {processor.py:651} INFO - DAG(s) dict_keys(['example_short_circuit_operator']) retrieved from /home/ubuntu/.local/lib/python3.8/site-packages/airflow/example_dags/example_short_circuit_operator.py
[2022-09-05 11:34:07,985] {logging_mixin.py:115} INFO - [2022-09-05 11:34:07,985] {dag.py:2420} INFO - Sync 1 DAGs
[2022-09-05 11:34:08,002] {logging_mixin.py:115} INFO - [2022-09-05 11:34:08,002] {dag.py:2968} INFO - Setting next_dagrun for example_short_circuit_operator to 2022-09-04T11:34:08.002132+00:00, run_after=2022-09-05T11:34:08.002132+00:00
[2022-09-05 11:34:08,019] {processor.py:161} INFO - Processing /home/ubuntu/.local/lib/python3.8/site-packages/airflow/example_dags/example_short_circuit_operator.py took 0.064 seconds
[2022-09-05 11:34:42,965] {processor.py:153} INFO - Started process (PID=29727) to work on /home/ubuntu/.local/lib/python3.8/site-packages/airflow/example_dags/example_short_circuit_operator.py
[2022-09-05 11:34:42,966] {processor.py:641} INFO - Processing file /home/ubuntu/.local/lib/python3.8/site-packages/airflow/example_dags/example_short_circuit_operator.py for tasks to queue
[2022-09-05 11:34:42,967] {logging_mixin.py:115} INFO - [2022-09-05 11:34:42,966] {dagbag.py:508} INFO - Filling up the DagBag from /home/ubuntu/.local/lib/python3.8/site-packages/airflow/example_dags/example_short_circuit_operator.py
[2022-09-05 11:34:42,975] {processor.py:651} INFO - DAG(s) dict_keys(['example_short_circuit_operator']) retrieved from /home/ubuntu/.local/lib/python3.8/site-packages/airflow/example_dags/example_short_circuit_operator.py
[2022-09-05 11:34:42,992] {logging_mixin.py:115} INFO - [2022-09-05 11:34:42,992] {dag.py:2420} INFO - Sync 1 DAGs
[2022-09-05 11:34:43,010] {logging_mixin.py:115} INFO - [2022-09-05 11:34:43,010] {dag.py:2968} INFO - Setting next_dagrun for example_short_circuit_operator to 2022-09-04T11:34:43.010064+00:00, run_after=2022-09-05T11:34:43.010064+00:00
[2022-09-05 11:34:43,025] {processor.py:161} INFO - Processing /home/ubuntu/.local/lib/python3.8/site-packages/airflow/example_dags/example_short_circuit_operator.py took 0.064 seconds
[2022-09-05 11:35:17,970] {processor.py:153} INFO - Started process (PID=29815) to work on /home/ubuntu/.local/lib/python3.8/site-packages/airflow/example_dags/example_short_circuit_operator.py
[2022-09-05 11:35:17,971] {processor.py:641} INFO - Processing file /home/ubuntu/.local/lib/python3.8/site-packages/airflow/example_dags/example_short_circuit_operator.py for tasks to queue
[2022-09-05 11:35:17,971] {logging_mixin.py:115} INFO - [2022-09-05 11:35:17,971] {dagbag.py:508} INFO - Filling up the DagBag from /home/ubuntu/.local/lib/python3.8/site-packages/airflow/example_dags/example_short_circuit_operator.py
[2022-09-05 11:35:17,980] {processor.py:651} INFO - DAG(s) dict_keys(['example_short_circuit_operator']) retrieved from /home/ubuntu/.local/lib/python3.8/site-packages/airflow/example_dags/example_short_circuit_operator.py
[2022-09-05 11:35:17,997] {logging_mixin.py:115} INFO - [2022-09-05 11:35:17,997] {dag.py:2420} INFO - Sync 1 DAGs
[2022-09-05 11:35:18,015] {logging_mixin.py:115} INFO - [2022-09-05 11:35:18,015] {dag.py:2968} INFO - Setting next_dagrun for example_short_circuit_operator to 2022-09-04T11:35:18.015333+00:00, run_after=2022-09-05T11:35:18.015333+00:00
[2022-09-05 11:35:18,030] {processor.py:161} INFO - Processing /home/ubuntu/.local/lib/python3.8/site-packages/airflow/example_dags/example_short_circuit_operator.py took 0.064 seconds
[2022-09-05 11:35:53,858] {processor.py:153} INFO - Started process (PID=29898) to work on /home/ubuntu/.local/lib/python3.8/site-packages/airflow/example_dags/example_short_circuit_operator.py
[2022-09-05 11:35:53,859] {processor.py:641} INFO - Processing file /home/ubuntu/.local/lib/python3.8/site-packages/airflow/example_dags/example_short_circuit_operator.py for tasks to queue
[2022-09-05 11:35:53,860] {logging_mixin.py:115} INFO - [2022-09-05 11:35:53,860] {dagbag.py:508} INFO - Filling up the DagBag from /home/ubuntu/.local/lib/python3.8/site-packages/airflow/example_dags/example_short_circuit_operator.py
[2022-09-05 11:35:53,869] {processor.py:651} INFO - DAG(s) dict_keys(['example_short_circuit_operator']) retrieved from /home/ubuntu/.local/lib/python3.8/site-packages/airflow/example_dags/example_short_circuit_operator.py
[2022-09-05 11:35:53,887] {logging_mixin.py:115} INFO - [2022-09-05 11:35:53,886] {dag.py:2420} INFO - Sync 1 DAGs
[2022-09-05 11:35:53,906] {logging_mixin.py:115} INFO - [2022-09-05 11:35:53,906] {dag.py:2968} INFO - Setting next_dagrun for example_short_circuit_operator to 2022-09-04T11:35:53.906555+00:00, run_after=2022-09-05T11:35:53.906555+00:00
[2022-09-05 11:35:53,931] {processor.py:161} INFO - Processing /home/ubuntu/.local/lib/python3.8/site-packages/airflow/example_dags/example_short_circuit_operator.py took 0.077 seconds
[2022-09-05 11:36:28,230] {processor.py:153} INFO - Started process (PID=29984) to work on /home/ubuntu/.local/lib/python3.8/site-packages/airflow/example_dags/example_short_circuit_operator.py
[2022-09-05 11:36:28,231] {processor.py:641} INFO - Processing file /home/ubuntu/.local/lib/python3.8/site-packages/airflow/example_dags/example_short_circuit_operator.py for tasks to queue
[2022-09-05 11:36:28,232] {logging_mixin.py:115} INFO - [2022-09-05 11:36:28,232] {dagbag.py:508} INFO - Filling up the DagBag from /home/ubuntu/.local/lib/python3.8/site-packages/airflow/example_dags/example_short_circuit_operator.py
[2022-09-05 11:36:28,241] {processor.py:651} INFO - DAG(s) dict_keys(['example_short_circuit_operator']) retrieved from /home/ubuntu/.local/lib/python3.8/site-packages/airflow/example_dags/example_short_circuit_operator.py
[2022-09-05 11:36:28,258] {logging_mixin.py:115} INFO - [2022-09-05 11:36:28,258] {dag.py:2420} INFO - Sync 1 DAGs
[2022-09-05 11:36:28,277] {logging_mixin.py:115} INFO - [2022-09-05 11:36:28,277] {dag.py:2968} INFO - Setting next_dagrun for example_short_circuit_operator to 2022-09-04T11:36:28.277077+00:00, run_after=2022-09-05T11:36:28.277077+00:00
[2022-09-05 11:36:28,293] {processor.py:161} INFO - Processing /home/ubuntu/.local/lib/python3.8/site-packages/airflow/example_dags/example_short_circuit_operator.py took 0.067 seconds
[2022-09-05 11:37:03,114] {processor.py:153} INFO - Started process (PID=30064) to work on /home/ubuntu/.local/lib/python3.8/site-packages/airflow/example_dags/example_short_circuit_operator.py
[2022-09-05 11:37:03,116] {processor.py:641} INFO - Processing file /home/ubuntu/.local/lib/python3.8/site-packages/airflow/example_dags/example_short_circuit_operator.py for tasks to queue
[2022-09-05 11:37:03,116] {logging_mixin.py:115} INFO - [2022-09-05 11:37:03,116] {dagbag.py:508} INFO - Filling up the DagBag from /home/ubuntu/.local/lib/python3.8/site-packages/airflow/example_dags/example_short_circuit_operator.py
[2022-09-05 11:37:03,125] {processor.py:651} INFO - DAG(s) dict_keys(['example_short_circuit_operator']) retrieved from /home/ubuntu/.local/lib/python3.8/site-packages/airflow/example_dags/example_short_circuit_operator.py
[2022-09-05 11:37:03,143] {logging_mixin.py:115} INFO - [2022-09-05 11:37:03,143] {dag.py:2420} INFO - Sync 1 DAGs
[2022-09-05 11:37:03,161] {logging_mixin.py:115} INFO - [2022-09-05 11:37:03,161] {dag.py:2968} INFO - Setting next_dagrun for example_short_circuit_operator to 2022-09-04T11:37:03.161343+00:00, run_after=2022-09-05T11:37:03.161343+00:00
[2022-09-05 11:37:03,177] {processor.py:161} INFO - Processing /home/ubuntu/.local/lib/python3.8/site-packages/airflow/example_dags/example_short_circuit_operator.py took 0.066 seconds
[2022-09-05 11:37:40,385] {processor.py:153} INFO - Started process (PID=30161) to work on /home/ubuntu/.local/lib/python3.8/site-packages/airflow/example_dags/example_short_circuit_operator.py
[2022-09-05 11:37:40,386] {processor.py:641} INFO - Processing file /home/ubuntu/.local/lib/python3.8/site-packages/airflow/example_dags/example_short_circuit_operator.py for tasks to queue
[2022-09-05 11:37:40,386] {logging_mixin.py:115} INFO - [2022-09-05 11:37:40,386] {dagbag.py:508} INFO - Filling up the DagBag from /home/ubuntu/.local/lib/python3.8/site-packages/airflow/example_dags/example_short_circuit_operator.py
[2022-09-05 11:37:40,395] {processor.py:651} INFO - DAG(s) dict_keys(['example_short_circuit_operator']) retrieved from /home/ubuntu/.local/lib/python3.8/site-packages/airflow/example_dags/example_short_circuit_operator.py
[2022-09-05 11:37:40,412] {logging_mixin.py:115} INFO - [2022-09-05 11:37:40,412] {dag.py:2420} INFO - Sync 1 DAGs
[2022-09-05 11:37:40,431] {logging_mixin.py:115} INFO - [2022-09-05 11:37:40,431] {dag.py:2968} INFO - Setting next_dagrun for example_short_circuit_operator to 2022-09-04T11:37:40.430778+00:00, run_after=2022-09-05T11:37:40.430778+00:00
[2022-09-05 11:37:40,446] {processor.py:161} INFO - Processing /home/ubuntu/.local/lib/python3.8/site-packages/airflow/example_dags/example_short_circuit_operator.py took 0.064 seconds
[2022-09-05 11:38:15,297] {processor.py:153} INFO - Started process (PID=30263) to work on /home/ubuntu/.local/lib/python3.8/site-packages/airflow/example_dags/example_short_circuit_operator.py
[2022-09-05 11:38:15,298] {processor.py:641} INFO - Processing file /home/ubuntu/.local/lib/python3.8/site-packages/airflow/example_dags/example_short_circuit_operator.py for tasks to queue
[2022-09-05 11:38:15,299] {logging_mixin.py:115} INFO - [2022-09-05 11:38:15,298] {dagbag.py:508} INFO - Filling up the DagBag from /home/ubuntu/.local/lib/python3.8/site-packages/airflow/example_dags/example_short_circuit_operator.py
[2022-09-05 11:38:15,308] {processor.py:651} INFO - DAG(s) dict_keys(['example_short_circuit_operator']) retrieved from /home/ubuntu/.local/lib/python3.8/site-packages/airflow/example_dags/example_short_circuit_operator.py
[2022-09-05 11:38:15,325] {logging_mixin.py:115} INFO - [2022-09-05 11:38:15,325] {dag.py:2420} INFO - Sync 1 DAGs
[2022-09-05 11:38:15,344] {logging_mixin.py:115} INFO - [2022-09-05 11:38:15,344] {dag.py:2968} INFO - Setting next_dagrun for example_short_circuit_operator to 2022-09-04T11:38:15.343868+00:00, run_after=2022-09-05T11:38:15.343868+00:00
[2022-09-05 11:38:15,364] {processor.py:161} INFO - Processing /home/ubuntu/.local/lib/python3.8/site-packages/airflow/example_dags/example_short_circuit_operator.py took 0.071 seconds
[2022-09-05 11:38:50,489] {processor.py:153} INFO - Started process (PID=30422) to work on /home/ubuntu/.local/lib/python3.8/site-packages/airflow/example_dags/example_short_circuit_operator.py
[2022-09-05 11:38:50,491] {processor.py:641} INFO - Processing file /home/ubuntu/.local/lib/python3.8/site-packages/airflow/example_dags/example_short_circuit_operator.py for tasks to queue
[2022-09-05 11:38:50,491] {logging_mixin.py:115} INFO - [2022-09-05 11:38:50,491] {dagbag.py:508} INFO - Filling up the DagBag from /home/ubuntu/.local/lib/python3.8/site-packages/airflow/example_dags/example_short_circuit_operator.py
[2022-09-05 11:38:50,500] {processor.py:651} INFO - DAG(s) dict_keys(['example_short_circuit_operator']) retrieved from /home/ubuntu/.local/lib/python3.8/site-packages/airflow/example_dags/example_short_circuit_operator.py
[2022-09-05 11:38:50,518] {logging_mixin.py:115} INFO - [2022-09-05 11:38:50,517] {dag.py:2420} INFO - Sync 1 DAGs
[2022-09-05 11:38:50,533] {logging_mixin.py:115} INFO - [2022-09-05 11:38:50,533] {dag.py:2968} INFO - Setting next_dagrun for example_short_circuit_operator to 2022-09-04T11:38:50.533138+00:00, run_after=2022-09-05T11:38:50.533138+00:00
[2022-09-05 11:38:50,548] {processor.py:161} INFO - Processing /home/ubuntu/.local/lib/python3.8/site-packages/airflow/example_dags/example_short_circuit_operator.py took 0.062 seconds
[2022-09-05 11:39:24,649] {processor.py:153} INFO - Started process (PID=30507) to work on /home/ubuntu/.local/lib/python3.8/site-packages/airflow/example_dags/example_short_circuit_operator.py
[2022-09-05 11:39:24,651] {processor.py:641} INFO - Processing file /home/ubuntu/.local/lib/python3.8/site-packages/airflow/example_dags/example_short_circuit_operator.py for tasks to queue
[2022-09-05 11:39:24,651] {logging_mixin.py:115} INFO - [2022-09-05 11:39:24,651] {dagbag.py:508} INFO - Filling up the DagBag from /home/ubuntu/.local/lib/python3.8/site-packages/airflow/example_dags/example_short_circuit_operator.py
[2022-09-05 11:39:24,660] {processor.py:651} INFO - DAG(s) dict_keys(['example_short_circuit_operator']) retrieved from /home/ubuntu/.local/lib/python3.8/site-packages/airflow/example_dags/example_short_circuit_operator.py
[2022-09-05 11:39:24,681] {logging_mixin.py:115} INFO - [2022-09-05 11:39:24,681] {dag.py:2420} INFO - Sync 1 DAGs
[2022-09-05 11:39:24,697] {logging_mixin.py:115} INFO - [2022-09-05 11:39:24,697] {dag.py:2968} INFO - Setting next_dagrun for example_short_circuit_operator to 2022-09-04T11:39:24.697161+00:00, run_after=2022-09-05T11:39:24.697161+00:00
[2022-09-05 11:39:24,715] {processor.py:161} INFO - Processing /home/ubuntu/.local/lib/python3.8/site-packages/airflow/example_dags/example_short_circuit_operator.py took 0.070 seconds
[2022-09-05 16:30:18,256] {processor.py:153} INFO - Started process (PID=55265) to work on /home/ubuntu/.local/lib/python3.8/site-packages/airflow/example_dags/example_short_circuit_operator.py
[2022-09-05 16:30:18,258] {processor.py:641} INFO - Processing file /home/ubuntu/.local/lib/python3.8/site-packages/airflow/example_dags/example_short_circuit_operator.py for tasks to queue
[2022-09-05 16:30:18,259] {logging_mixin.py:115} INFO - [2022-09-05 16:30:18,259] {dagbag.py:508} INFO - Filling up the DagBag from /home/ubuntu/.local/lib/python3.8/site-packages/airflow/example_dags/example_short_circuit_operator.py
[2022-09-05 16:30:18,268] {processor.py:651} INFO - DAG(s) dict_keys(['example_short_circuit_operator']) retrieved from /home/ubuntu/.local/lib/python3.8/site-packages/airflow/example_dags/example_short_circuit_operator.py
[2022-09-05 16:30:18,286] {logging_mixin.py:115} INFO - [2022-09-05 16:30:18,285] {dag.py:2420} INFO - Sync 1 DAGs
[2022-09-05 16:30:18,299] {logging_mixin.py:115} INFO - [2022-09-05 16:30:18,299] {dag.py:2968} INFO - Setting next_dagrun for example_short_circuit_operator to 2022-09-04T16:30:18.299504+00:00, run_after=2022-09-05T16:30:18.299504+00:00
[2022-09-05 16:30:18,314] {processor.py:161} INFO - Processing /home/ubuntu/.local/lib/python3.8/site-packages/airflow/example_dags/example_short_circuit_operator.py took 0.061 seconds
