[2022-09-05 10:47:51,235] {processor.py:153} INFO - Started process (PID=12227) to work on /home/ubuntu/.local/lib/python3.8/site-packages/airflow/example_dags/example_sla_dag.py
[2022-09-05 10:47:51,236] {processor.py:641} INFO - Processing file /home/ubuntu/.local/lib/python3.8/site-packages/airflow/example_dags/example_sla_dag.py for tasks to queue
[2022-09-05 10:47:51,236] {logging_mixin.py:115} INFO - [2022-09-05 10:47:51,236] {dagbag.py:508} INFO - Filling up the DagBag from /home/ubuntu/.local/lib/python3.8/site-packages/airflow/example_dags/example_sla_dag.py
[2022-09-05 10:47:51,253] {processor.py:651} INFO - DAG(s) dict_keys(['example_sla_dag']) retrieved from /home/ubuntu/.local/lib/python3.8/site-packages/airflow/example_dags/example_sla_dag.py
[2022-09-05 10:47:51,269] {logging_mixin.py:115} INFO - [2022-09-05 10:47:51,269] {dag.py:2420} INFO - Sync 1 DAGs
[2022-09-05 10:47:51,287] {logging_mixin.py:115} INFO - [2022-09-05 10:47:51,287] {dag.py:2968} INFO - Setting next_dagrun for example_sla_dag to 2022-09-05T10:44:00+00:00, run_after=2022-09-05T10:46:00+00:00
[2022-09-05 10:47:51,304] {processor.py:161} INFO - Processing /home/ubuntu/.local/lib/python3.8/site-packages/airflow/example_dags/example_sla_dag.py took 0.071 seconds
[2022-09-05 10:48:27,088] {processor.py:153} INFO - Started process (PID=12318) to work on /home/ubuntu/.local/lib/python3.8/site-packages/airflow/example_dags/example_sla_dag.py
[2022-09-05 10:48:27,090] {processor.py:641} INFO - Processing file /home/ubuntu/.local/lib/python3.8/site-packages/airflow/example_dags/example_sla_dag.py for tasks to queue
[2022-09-05 10:48:27,091] {logging_mixin.py:115} INFO - [2022-09-05 10:48:27,091] {dagbag.py:508} INFO - Filling up the DagBag from /home/ubuntu/.local/lib/python3.8/site-packages/airflow/example_dags/example_sla_dag.py
[2022-09-05 10:48:27,109] {processor.py:651} INFO - DAG(s) dict_keys(['example_sla_dag']) retrieved from /home/ubuntu/.local/lib/python3.8/site-packages/airflow/example_dags/example_sla_dag.py
[2022-09-05 10:48:27,126] {logging_mixin.py:115} INFO - [2022-09-05 10:48:27,126] {dag.py:2420} INFO - Sync 1 DAGs
[2022-09-05 10:48:27,145] {logging_mixin.py:115} INFO - [2022-09-05 10:48:27,145] {dag.py:2968} INFO - Setting next_dagrun for example_sla_dag to 2022-09-05T10:46:00+00:00, run_after=2022-09-05T10:48:00+00:00
[2022-09-05 10:48:27,161] {processor.py:161} INFO - Processing /home/ubuntu/.local/lib/python3.8/site-packages/airflow/example_dags/example_sla_dag.py took 0.076 seconds
[2022-09-05 10:49:05,581] {processor.py:153} INFO - Started process (PID=12407) to work on /home/ubuntu/.local/lib/python3.8/site-packages/airflow/example_dags/example_sla_dag.py
[2022-09-05 10:49:05,582] {processor.py:641} INFO - Processing file /home/ubuntu/.local/lib/python3.8/site-packages/airflow/example_dags/example_sla_dag.py for tasks to queue
[2022-09-05 10:49:05,583] {logging_mixin.py:115} INFO - [2022-09-05 10:49:05,583] {dagbag.py:508} INFO - Filling up the DagBag from /home/ubuntu/.local/lib/python3.8/site-packages/airflow/example_dags/example_sla_dag.py
[2022-09-05 10:49:05,600] {processor.py:651} INFO - DAG(s) dict_keys(['example_sla_dag']) retrieved from /home/ubuntu/.local/lib/python3.8/site-packages/airflow/example_dags/example_sla_dag.py
[2022-09-05 10:49:05,617] {logging_mixin.py:115} INFO - [2022-09-05 10:49:05,617] {dag.py:2420} INFO - Sync 1 DAGs
[2022-09-05 10:49:05,635] {logging_mixin.py:115} INFO - [2022-09-05 10:49:05,635] {dag.py:2968} INFO - Setting next_dagrun for example_sla_dag to 2022-09-05T10:46:00+00:00, run_after=2022-09-05T10:48:00+00:00
[2022-09-05 10:49:05,648] {processor.py:161} INFO - Processing /home/ubuntu/.local/lib/python3.8/site-packages/airflow/example_dags/example_sla_dag.py took 0.071 seconds
[2022-09-05 10:49:44,457] {processor.py:153} INFO - Started process (PID=12501) to work on /home/ubuntu/.local/lib/python3.8/site-packages/airflow/example_dags/example_sla_dag.py
[2022-09-05 10:49:44,458] {processor.py:641} INFO - Processing file /home/ubuntu/.local/lib/python3.8/site-packages/airflow/example_dags/example_sla_dag.py for tasks to queue
[2022-09-05 10:49:44,458] {logging_mixin.py:115} INFO - [2022-09-05 10:49:44,458] {dagbag.py:508} INFO - Filling up the DagBag from /home/ubuntu/.local/lib/python3.8/site-packages/airflow/example_dags/example_sla_dag.py
[2022-09-05 10:49:44,475] {processor.py:651} INFO - DAG(s) dict_keys(['example_sla_dag']) retrieved from /home/ubuntu/.local/lib/python3.8/site-packages/airflow/example_dags/example_sla_dag.py
[2022-09-05 10:49:44,492] {logging_mixin.py:115} INFO - [2022-09-05 10:49:44,492] {dag.py:2420} INFO - Sync 1 DAGs
[2022-09-05 10:49:44,509] {logging_mixin.py:115} INFO - [2022-09-05 10:49:44,509] {dag.py:2968} INFO - Setting next_dagrun for example_sla_dag to 2022-09-05T10:46:00+00:00, run_after=2022-09-05T10:48:00+00:00
[2022-09-05 10:49:44,522] {processor.py:161} INFO - Processing /home/ubuntu/.local/lib/python3.8/site-packages/airflow/example_dags/example_sla_dag.py took 0.069 seconds
[2022-09-05 10:50:20,173] {processor.py:153} INFO - Started process (PID=12589) to work on /home/ubuntu/.local/lib/python3.8/site-packages/airflow/example_dags/example_sla_dag.py
[2022-09-05 10:50:20,174] {processor.py:641} INFO - Processing file /home/ubuntu/.local/lib/python3.8/site-packages/airflow/example_dags/example_sla_dag.py for tasks to queue
[2022-09-05 10:50:20,174] {logging_mixin.py:115} INFO - [2022-09-05 10:50:20,174] {dagbag.py:508} INFO - Filling up the DagBag from /home/ubuntu/.local/lib/python3.8/site-packages/airflow/example_dags/example_sla_dag.py
[2022-09-05 10:50:20,191] {processor.py:651} INFO - DAG(s) dict_keys(['example_sla_dag']) retrieved from /home/ubuntu/.local/lib/python3.8/site-packages/airflow/example_dags/example_sla_dag.py
[2022-09-05 10:50:20,208] {logging_mixin.py:115} INFO - [2022-09-05 10:50:20,208] {dag.py:2420} INFO - Sync 1 DAGs
[2022-09-05 10:50:20,225] {logging_mixin.py:115} INFO - [2022-09-05 10:50:20,225] {dag.py:2968} INFO - Setting next_dagrun for example_sla_dag to 2022-09-05T10:48:00+00:00, run_after=2022-09-05T10:50:00+00:00
[2022-09-05 10:50:20,238] {processor.py:161} INFO - Processing /home/ubuntu/.local/lib/python3.8/site-packages/airflow/example_dags/example_sla_dag.py took 0.069 seconds
[2022-09-05 10:50:59,463] {processor.py:153} INFO - Started process (PID=12681) to work on /home/ubuntu/.local/lib/python3.8/site-packages/airflow/example_dags/example_sla_dag.py
[2022-09-05 10:50:59,464] {processor.py:641} INFO - Processing file /home/ubuntu/.local/lib/python3.8/site-packages/airflow/example_dags/example_sla_dag.py for tasks to queue
[2022-09-05 10:50:59,464] {logging_mixin.py:115} INFO - [2022-09-05 10:50:59,464] {dagbag.py:508} INFO - Filling up the DagBag from /home/ubuntu/.local/lib/python3.8/site-packages/airflow/example_dags/example_sla_dag.py
[2022-09-05 10:50:59,481] {processor.py:651} INFO - DAG(s) dict_keys(['example_sla_dag']) retrieved from /home/ubuntu/.local/lib/python3.8/site-packages/airflow/example_dags/example_sla_dag.py
[2022-09-05 10:50:59,498] {logging_mixin.py:115} INFO - [2022-09-05 10:50:59,498] {dag.py:2420} INFO - Sync 1 DAGs
[2022-09-05 10:50:59,516] {logging_mixin.py:115} INFO - [2022-09-05 10:50:59,516] {dag.py:2968} INFO - Setting next_dagrun for example_sla_dag to 2022-09-05T10:48:00+00:00, run_after=2022-09-05T10:50:00+00:00
[2022-09-05 10:50:59,531] {processor.py:161} INFO - Processing /home/ubuntu/.local/lib/python3.8/site-packages/airflow/example_dags/example_sla_dag.py took 0.072 seconds
[2022-09-05 10:51:41,015] {processor.py:153} INFO - Started process (PID=12962) to work on /home/ubuntu/.local/lib/python3.8/site-packages/airflow/example_dags/example_sla_dag.py
[2022-09-05 10:51:41,017] {processor.py:641} INFO - Processing file /home/ubuntu/.local/lib/python3.8/site-packages/airflow/example_dags/example_sla_dag.py for tasks to queue
[2022-09-05 10:51:41,017] {logging_mixin.py:115} INFO - [2022-09-05 10:51:41,017] {dagbag.py:508} INFO - Filling up the DagBag from /home/ubuntu/.local/lib/python3.8/site-packages/airflow/example_dags/example_sla_dag.py
[2022-09-05 10:51:41,034] {processor.py:651} INFO - DAG(s) dict_keys(['example_sla_dag']) retrieved from /home/ubuntu/.local/lib/python3.8/site-packages/airflow/example_dags/example_sla_dag.py
[2022-09-05 10:51:41,052] {logging_mixin.py:115} INFO - [2022-09-05 10:51:41,051] {dag.py:2420} INFO - Sync 1 DAGs
[2022-09-05 10:51:41,069] {logging_mixin.py:115} INFO - [2022-09-05 10:51:41,069] {dag.py:2968} INFO - Setting next_dagrun for example_sla_dag to 2022-09-05T10:48:00+00:00, run_after=2022-09-05T10:50:00+00:00
[2022-09-05 10:51:41,086] {processor.py:161} INFO - Processing /home/ubuntu/.local/lib/python3.8/site-packages/airflow/example_dags/example_sla_dag.py took 0.075 seconds
[2022-09-05 10:52:16,992] {processor.py:153} INFO - Started process (PID=13148) to work on /home/ubuntu/.local/lib/python3.8/site-packages/airflow/example_dags/example_sla_dag.py
[2022-09-05 10:52:16,994] {processor.py:641} INFO - Processing file /home/ubuntu/.local/lib/python3.8/site-packages/airflow/example_dags/example_sla_dag.py for tasks to queue
[2022-09-05 10:52:16,994] {logging_mixin.py:115} INFO - [2022-09-05 10:52:16,994] {dagbag.py:508} INFO - Filling up the DagBag from /home/ubuntu/.local/lib/python3.8/site-packages/airflow/example_dags/example_sla_dag.py
[2022-09-05 10:52:17,018] {processor.py:651} INFO - DAG(s) dict_keys(['example_sla_dag']) retrieved from /home/ubuntu/.local/lib/python3.8/site-packages/airflow/example_dags/example_sla_dag.py
[2022-09-05 10:52:17,032] {logging_mixin.py:115} INFO - [2022-09-05 10:52:17,032] {dag.py:2420} INFO - Sync 1 DAGs
[2022-09-05 10:52:17,051] {logging_mixin.py:115} INFO - [2022-09-05 10:52:17,051] {dag.py:2968} INFO - Setting next_dagrun for example_sla_dag to 2022-09-05T10:50:00+00:00, run_after=2022-09-05T10:52:00+00:00
[2022-09-05 10:52:17,070] {processor.py:161} INFO - Processing /home/ubuntu/.local/lib/python3.8/site-packages/airflow/example_dags/example_sla_dag.py took 0.081 seconds
[2022-09-05 10:52:54,012] {processor.py:153} INFO - Started process (PID=13346) to work on /home/ubuntu/.local/lib/python3.8/site-packages/airflow/example_dags/example_sla_dag.py
[2022-09-05 10:52:54,014] {processor.py:641} INFO - Processing file /home/ubuntu/.local/lib/python3.8/site-packages/airflow/example_dags/example_sla_dag.py for tasks to queue
[2022-09-05 10:52:54,015] {logging_mixin.py:115} INFO - [2022-09-05 10:52:54,015] {dagbag.py:508} INFO - Filling up the DagBag from /home/ubuntu/.local/lib/python3.8/site-packages/airflow/example_dags/example_sla_dag.py
[2022-09-05 10:52:54,035] {processor.py:651} INFO - DAG(s) dict_keys(['example_sla_dag']) retrieved from /home/ubuntu/.local/lib/python3.8/site-packages/airflow/example_dags/example_sla_dag.py
[2022-09-05 10:52:54,049] {logging_mixin.py:115} INFO - [2022-09-05 10:52:54,049] {dag.py:2420} INFO - Sync 1 DAGs
[2022-09-05 10:52:54,067] {logging_mixin.py:115} INFO - [2022-09-05 10:52:54,067] {dag.py:2968} INFO - Setting next_dagrun for example_sla_dag to 2022-09-05T10:50:00+00:00, run_after=2022-09-05T10:52:00+00:00
[2022-09-05 10:52:54,087] {processor.py:161} INFO - Processing /home/ubuntu/.local/lib/python3.8/site-packages/airflow/example_dags/example_sla_dag.py took 0.078 seconds
[2022-09-05 10:53:31,414] {processor.py:153} INFO - Started process (PID=13415) to work on /home/ubuntu/.local/lib/python3.8/site-packages/airflow/example_dags/example_sla_dag.py
[2022-09-05 10:53:31,416] {processor.py:641} INFO - Processing file /home/ubuntu/.local/lib/python3.8/site-packages/airflow/example_dags/example_sla_dag.py for tasks to queue
[2022-09-05 10:53:31,416] {logging_mixin.py:115} INFO - [2022-09-05 10:53:31,416] {dagbag.py:508} INFO - Filling up the DagBag from /home/ubuntu/.local/lib/python3.8/site-packages/airflow/example_dags/example_sla_dag.py
[2022-09-05 10:53:31,437] {processor.py:651} INFO - DAG(s) dict_keys(['example_sla_dag']) retrieved from /home/ubuntu/.local/lib/python3.8/site-packages/airflow/example_dags/example_sla_dag.py
[2022-09-05 10:53:31,450] {logging_mixin.py:115} INFO - [2022-09-05 10:53:31,450] {dag.py:2420} INFO - Sync 1 DAGs
[2022-09-05 10:53:31,468] {logging_mixin.py:115} INFO - [2022-09-05 10:53:31,468] {dag.py:2968} INFO - Setting next_dagrun for example_sla_dag to 2022-09-05T10:50:00+00:00, run_after=2022-09-05T10:52:00+00:00
[2022-09-05 10:53:31,484] {processor.py:161} INFO - Processing /home/ubuntu/.local/lib/python3.8/site-packages/airflow/example_dags/example_sla_dag.py took 0.074 seconds
[2022-09-05 10:54:07,489] {processor.py:153} INFO - Started process (PID=13472) to work on /home/ubuntu/.local/lib/python3.8/site-packages/airflow/example_dags/example_sla_dag.py
[2022-09-05 10:54:07,491] {processor.py:641} INFO - Processing file /home/ubuntu/.local/lib/python3.8/site-packages/airflow/example_dags/example_sla_dag.py for tasks to queue
[2022-09-05 10:54:07,491] {logging_mixin.py:115} INFO - [2022-09-05 10:54:07,491] {dagbag.py:508} INFO - Filling up the DagBag from /home/ubuntu/.local/lib/python3.8/site-packages/airflow/example_dags/example_sla_dag.py
[2022-09-05 10:54:07,513] {processor.py:651} INFO - DAG(s) dict_keys(['example_sla_dag']) retrieved from /home/ubuntu/.local/lib/python3.8/site-packages/airflow/example_dags/example_sla_dag.py
[2022-09-05 10:54:07,527] {logging_mixin.py:115} INFO - [2022-09-05 10:54:07,527] {dag.py:2420} INFO - Sync 1 DAGs
[2022-09-05 10:54:07,546] {logging_mixin.py:115} INFO - [2022-09-05 10:54:07,546] {dag.py:2968} INFO - Setting next_dagrun for example_sla_dag to 2022-09-05T10:52:00+00:00, run_after=2022-09-05T10:54:00+00:00
[2022-09-05 10:54:07,569] {processor.py:161} INFO - Processing /home/ubuntu/.local/lib/python3.8/site-packages/airflow/example_dags/example_sla_dag.py took 0.083 seconds
[2022-09-05 10:54:41,708] {processor.py:153} INFO - Started process (PID=13520) to work on /home/ubuntu/.local/lib/python3.8/site-packages/airflow/example_dags/example_sla_dag.py
[2022-09-05 10:54:41,709] {processor.py:641} INFO - Processing file /home/ubuntu/.local/lib/python3.8/site-packages/airflow/example_dags/example_sla_dag.py for tasks to queue
[2022-09-05 10:54:41,710] {logging_mixin.py:115} INFO - [2022-09-05 10:54:41,709] {dagbag.py:508} INFO - Filling up the DagBag from /home/ubuntu/.local/lib/python3.8/site-packages/airflow/example_dags/example_sla_dag.py
[2022-09-05 10:54:41,731] {processor.py:651} INFO - DAG(s) dict_keys(['example_sla_dag']) retrieved from /home/ubuntu/.local/lib/python3.8/site-packages/airflow/example_dags/example_sla_dag.py
[2022-09-05 10:54:41,744] {logging_mixin.py:115} INFO - [2022-09-05 10:54:41,744] {dag.py:2420} INFO - Sync 1 DAGs
[2022-09-05 10:54:41,763] {logging_mixin.py:115} INFO - [2022-09-05 10:54:41,763] {dag.py:2968} INFO - Setting next_dagrun for example_sla_dag to 2022-09-05T10:52:00+00:00, run_after=2022-09-05T10:54:00+00:00
[2022-09-05 10:54:41,799] {processor.py:161} INFO - Processing /home/ubuntu/.local/lib/python3.8/site-packages/airflow/example_dags/example_sla_dag.py took 0.094 seconds
[2022-09-05 10:55:16,601] {processor.py:153} INFO - Started process (PID=13569) to work on /home/ubuntu/.local/lib/python3.8/site-packages/airflow/example_dags/example_sla_dag.py
[2022-09-05 10:55:16,602] {processor.py:641} INFO - Processing file /home/ubuntu/.local/lib/python3.8/site-packages/airflow/example_dags/example_sla_dag.py for tasks to queue
[2022-09-05 10:55:16,602] {logging_mixin.py:115} INFO - [2022-09-05 10:55:16,602] {dagbag.py:508} INFO - Filling up the DagBag from /home/ubuntu/.local/lib/python3.8/site-packages/airflow/example_dags/example_sla_dag.py
[2022-09-05 10:55:16,623] {processor.py:651} INFO - DAG(s) dict_keys(['example_sla_dag']) retrieved from /home/ubuntu/.local/lib/python3.8/site-packages/airflow/example_dags/example_sla_dag.py
[2022-09-05 10:55:16,638] {logging_mixin.py:115} INFO - [2022-09-05 10:55:16,638] {dag.py:2420} INFO - Sync 1 DAGs
[2022-09-05 10:55:16,656] {logging_mixin.py:115} INFO - [2022-09-05 10:55:16,656] {dag.py:2968} INFO - Setting next_dagrun for example_sla_dag to 2022-09-05T10:52:00+00:00, run_after=2022-09-05T10:54:00+00:00
[2022-09-05 10:55:16,673] {processor.py:161} INFO - Processing /home/ubuntu/.local/lib/python3.8/site-packages/airflow/example_dags/example_sla_dag.py took 0.075 seconds
[2022-09-05 10:55:52,015] {processor.py:153} INFO - Started process (PID=13623) to work on /home/ubuntu/.local/lib/python3.8/site-packages/airflow/example_dags/example_sla_dag.py
[2022-09-05 10:55:52,016] {processor.py:641} INFO - Processing file /home/ubuntu/.local/lib/python3.8/site-packages/airflow/example_dags/example_sla_dag.py for tasks to queue
[2022-09-05 10:55:52,017] {logging_mixin.py:115} INFO - [2022-09-05 10:55:52,017] {dagbag.py:508} INFO - Filling up the DagBag from /home/ubuntu/.local/lib/python3.8/site-packages/airflow/example_dags/example_sla_dag.py
[2022-09-05 10:55:52,037] {processor.py:651} INFO - DAG(s) dict_keys(['example_sla_dag']) retrieved from /home/ubuntu/.local/lib/python3.8/site-packages/airflow/example_dags/example_sla_dag.py
[2022-09-05 10:55:52,051] {logging_mixin.py:115} INFO - [2022-09-05 10:55:52,051] {dag.py:2420} INFO - Sync 1 DAGs
[2022-09-05 10:55:52,069] {logging_mixin.py:115} INFO - [2022-09-05 10:55:52,069] {dag.py:2968} INFO - Setting next_dagrun for example_sla_dag to 2022-09-05T10:52:00+00:00, run_after=2022-09-05T10:54:00+00:00
[2022-09-05 10:55:52,085] {processor.py:161} INFO - Processing /home/ubuntu/.local/lib/python3.8/site-packages/airflow/example_dags/example_sla_dag.py took 0.073 seconds
[2022-09-05 10:56:27,371] {processor.py:153} INFO - Started process (PID=13681) to work on /home/ubuntu/.local/lib/python3.8/site-packages/airflow/example_dags/example_sla_dag.py
[2022-09-05 10:56:27,372] {processor.py:641} INFO - Processing file /home/ubuntu/.local/lib/python3.8/site-packages/airflow/example_dags/example_sla_dag.py for tasks to queue
[2022-09-05 10:56:27,373] {logging_mixin.py:115} INFO - [2022-09-05 10:56:27,373] {dagbag.py:508} INFO - Filling up the DagBag from /home/ubuntu/.local/lib/python3.8/site-packages/airflow/example_dags/example_sla_dag.py
[2022-09-05 10:56:27,394] {processor.py:651} INFO - DAG(s) dict_keys(['example_sla_dag']) retrieved from /home/ubuntu/.local/lib/python3.8/site-packages/airflow/example_dags/example_sla_dag.py
[2022-09-05 10:56:27,407] {logging_mixin.py:115} INFO - [2022-09-05 10:56:27,407] {dag.py:2420} INFO - Sync 1 DAGs
[2022-09-05 10:56:27,426] {logging_mixin.py:115} INFO - [2022-09-05 10:56:27,426] {dag.py:2968} INFO - Setting next_dagrun for example_sla_dag to 2022-09-05T10:54:00+00:00, run_after=2022-09-05T10:56:00+00:00
[2022-09-05 10:56:27,444] {processor.py:161} INFO - Processing /home/ubuntu/.local/lib/python3.8/site-packages/airflow/example_dags/example_sla_dag.py took 0.077 seconds
[2022-09-05 10:57:05,455] {processor.py:153} INFO - Started process (PID=13742) to work on /home/ubuntu/.local/lib/python3.8/site-packages/airflow/example_dags/example_sla_dag.py
[2022-09-05 10:57:05,456] {processor.py:641} INFO - Processing file /home/ubuntu/.local/lib/python3.8/site-packages/airflow/example_dags/example_sla_dag.py for tasks to queue
[2022-09-05 10:57:05,457] {logging_mixin.py:115} INFO - [2022-09-05 10:57:05,456] {dagbag.py:508} INFO - Filling up the DagBag from /home/ubuntu/.local/lib/python3.8/site-packages/airflow/example_dags/example_sla_dag.py
[2022-09-05 10:57:05,477] {processor.py:651} INFO - DAG(s) dict_keys(['example_sla_dag']) retrieved from /home/ubuntu/.local/lib/python3.8/site-packages/airflow/example_dags/example_sla_dag.py
[2022-09-05 10:57:05,491] {logging_mixin.py:115} INFO - [2022-09-05 10:57:05,491] {dag.py:2420} INFO - Sync 1 DAGs
[2022-09-05 10:57:05,509] {logging_mixin.py:115} INFO - [2022-09-05 10:57:05,509] {dag.py:2968} INFO - Setting next_dagrun for example_sla_dag to 2022-09-05T10:54:00+00:00, run_after=2022-09-05T10:56:00+00:00
[2022-09-05 10:57:05,523] {processor.py:161} INFO - Processing /home/ubuntu/.local/lib/python3.8/site-packages/airflow/example_dags/example_sla_dag.py took 0.071 seconds
[2022-09-05 10:58:38,231] {processor.py:153} INFO - Started process (PID=14110) to work on /home/ubuntu/.local/lib/python3.8/site-packages/airflow/example_dags/example_sla_dag.py
[2022-09-05 10:58:38,234] {processor.py:641} INFO - Processing file /home/ubuntu/.local/lib/python3.8/site-packages/airflow/example_dags/example_sla_dag.py for tasks to queue
[2022-09-05 10:58:38,234] {logging_mixin.py:115} INFO - [2022-09-05 10:58:38,234] {dagbag.py:508} INFO - Filling up the DagBag from /home/ubuntu/.local/lib/python3.8/site-packages/airflow/example_dags/example_sla_dag.py
[2022-09-05 10:58:38,252] {processor.py:651} INFO - DAG(s) dict_keys(['example_sla_dag']) retrieved from /home/ubuntu/.local/lib/python3.8/site-packages/airflow/example_dags/example_sla_dag.py
[2022-09-05 10:58:38,270] {logging_mixin.py:115} INFO - [2022-09-05 10:58:38,270] {dag.py:2420} INFO - Sync 1 DAGs
[2022-09-05 10:58:38,288] {logging_mixin.py:115} INFO - [2022-09-05 10:58:38,288] {dag.py:2968} INFO - Setting next_dagrun for example_sla_dag to 2022-09-05T10:56:00+00:00, run_after=2022-09-05T10:58:00+00:00
[2022-09-05 10:58:38,306] {processor.py:161} INFO - Processing /home/ubuntu/.local/lib/python3.8/site-packages/airflow/example_dags/example_sla_dag.py took 0.078 seconds
[2022-09-05 10:59:14,203] {processor.py:153} INFO - Started process (PID=14530) to work on /home/ubuntu/.local/lib/python3.8/site-packages/airflow/example_dags/example_sla_dag.py
[2022-09-05 10:59:14,204] {processor.py:641} INFO - Processing file /home/ubuntu/.local/lib/python3.8/site-packages/airflow/example_dags/example_sla_dag.py for tasks to queue
[2022-09-05 10:59:14,204] {logging_mixin.py:115} INFO - [2022-09-05 10:59:14,204] {dagbag.py:508} INFO - Filling up the DagBag from /home/ubuntu/.local/lib/python3.8/site-packages/airflow/example_dags/example_sla_dag.py
[2022-09-05 10:59:14,222] {processor.py:651} INFO - DAG(s) dict_keys(['example_sla_dag']) retrieved from /home/ubuntu/.local/lib/python3.8/site-packages/airflow/example_dags/example_sla_dag.py
[2022-09-05 10:59:14,240] {logging_mixin.py:115} INFO - [2022-09-05 10:59:14,240] {dag.py:2420} INFO - Sync 1 DAGs
[2022-09-05 10:59:14,259] {logging_mixin.py:115} INFO - [2022-09-05 10:59:14,259] {dag.py:2968} INFO - Setting next_dagrun for example_sla_dag to 2022-09-05T10:56:00+00:00, run_after=2022-09-05T10:58:00+00:00
[2022-09-05 10:59:14,274] {processor.py:161} INFO - Processing /home/ubuntu/.local/lib/python3.8/site-packages/airflow/example_dags/example_sla_dag.py took 0.075 seconds
[2022-09-05 10:59:52,693] {processor.py:153} INFO - Started process (PID=14847) to work on /home/ubuntu/.local/lib/python3.8/site-packages/airflow/example_dags/example_sla_dag.py
[2022-09-05 10:59:52,694] {processor.py:641} INFO - Processing file /home/ubuntu/.local/lib/python3.8/site-packages/airflow/example_dags/example_sla_dag.py for tasks to queue
[2022-09-05 10:59:52,695] {logging_mixin.py:115} INFO - [2022-09-05 10:59:52,695] {dagbag.py:508} INFO - Filling up the DagBag from /home/ubuntu/.local/lib/python3.8/site-packages/airflow/example_dags/example_sla_dag.py
[2022-09-05 10:59:52,712] {processor.py:651} INFO - DAG(s) dict_keys(['example_sla_dag']) retrieved from /home/ubuntu/.local/lib/python3.8/site-packages/airflow/example_dags/example_sla_dag.py
[2022-09-05 10:59:52,729] {logging_mixin.py:115} INFO - [2022-09-05 10:59:52,729] {dag.py:2420} INFO - Sync 1 DAGs
[2022-09-05 10:59:52,747] {logging_mixin.py:115} INFO - [2022-09-05 10:59:52,746] {dag.py:2968} INFO - Setting next_dagrun for example_sla_dag to 2022-09-05T10:56:00+00:00, run_after=2022-09-05T10:58:00+00:00
[2022-09-05 10:59:52,762] {processor.py:161} INFO - Processing /home/ubuntu/.local/lib/python3.8/site-packages/airflow/example_dags/example_sla_dag.py took 0.072 seconds
[2022-09-05 11:00:31,714] {processor.py:153} INFO - Started process (PID=15008) to work on /home/ubuntu/.local/lib/python3.8/site-packages/airflow/example_dags/example_sla_dag.py
[2022-09-05 11:00:31,715] {processor.py:641} INFO - Processing file /home/ubuntu/.local/lib/python3.8/site-packages/airflow/example_dags/example_sla_dag.py for tasks to queue
[2022-09-05 11:00:31,716] {logging_mixin.py:115} INFO - [2022-09-05 11:00:31,715] {dagbag.py:508} INFO - Filling up the DagBag from /home/ubuntu/.local/lib/python3.8/site-packages/airflow/example_dags/example_sla_dag.py
[2022-09-05 11:00:31,734] {processor.py:651} INFO - DAG(s) dict_keys(['example_sla_dag']) retrieved from /home/ubuntu/.local/lib/python3.8/site-packages/airflow/example_dags/example_sla_dag.py
[2022-09-05 11:00:31,752] {logging_mixin.py:115} INFO - [2022-09-05 11:00:31,751] {dag.py:2420} INFO - Sync 1 DAGs
[2022-09-05 11:00:31,770] {logging_mixin.py:115} INFO - [2022-09-05 11:00:31,770] {dag.py:2968} INFO - Setting next_dagrun for example_sla_dag to 2022-09-05T10:58:00+00:00, run_after=2022-09-05T11:00:00+00:00
[2022-09-05 11:00:31,792] {processor.py:161} INFO - Processing /home/ubuntu/.local/lib/python3.8/site-packages/airflow/example_dags/example_sla_dag.py took 0.081 seconds
[2022-09-05 11:01:09,597] {processor.py:153} INFO - Started process (PID=15054) to work on /home/ubuntu/.local/lib/python3.8/site-packages/airflow/example_dags/example_sla_dag.py
[2022-09-05 11:01:09,598] {processor.py:641} INFO - Processing file /home/ubuntu/.local/lib/python3.8/site-packages/airflow/example_dags/example_sla_dag.py for tasks to queue
[2022-09-05 11:01:09,599] {logging_mixin.py:115} INFO - [2022-09-05 11:01:09,599] {dagbag.py:508} INFO - Filling up the DagBag from /home/ubuntu/.local/lib/python3.8/site-packages/airflow/example_dags/example_sla_dag.py
[2022-09-05 11:01:09,616] {processor.py:651} INFO - DAG(s) dict_keys(['example_sla_dag']) retrieved from /home/ubuntu/.local/lib/python3.8/site-packages/airflow/example_dags/example_sla_dag.py
[2022-09-05 11:01:09,634] {logging_mixin.py:115} INFO - [2022-09-05 11:01:09,634] {dag.py:2420} INFO - Sync 1 DAGs
[2022-09-05 11:01:09,653] {logging_mixin.py:115} INFO - [2022-09-05 11:01:09,653] {dag.py:2968} INFO - Setting next_dagrun for example_sla_dag to 2022-09-05T10:58:00+00:00, run_after=2022-09-05T11:00:00+00:00
[2022-09-05 11:01:09,703] {processor.py:161} INFO - Processing /home/ubuntu/.local/lib/python3.8/site-packages/airflow/example_dags/example_sla_dag.py took 0.110 seconds
[2022-09-05 11:01:48,932] {processor.py:153} INFO - Started process (PID=15101) to work on /home/ubuntu/.local/lib/python3.8/site-packages/airflow/example_dags/example_sla_dag.py
[2022-09-05 11:01:48,933] {processor.py:641} INFO - Processing file /home/ubuntu/.local/lib/python3.8/site-packages/airflow/example_dags/example_sla_dag.py for tasks to queue
[2022-09-05 11:01:48,934] {logging_mixin.py:115} INFO - [2022-09-05 11:01:48,934] {dagbag.py:508} INFO - Filling up the DagBag from /home/ubuntu/.local/lib/python3.8/site-packages/airflow/example_dags/example_sla_dag.py
[2022-09-05 11:01:48,951] {processor.py:651} INFO - DAG(s) dict_keys(['example_sla_dag']) retrieved from /home/ubuntu/.local/lib/python3.8/site-packages/airflow/example_dags/example_sla_dag.py
[2022-09-05 11:01:48,968] {logging_mixin.py:115} INFO - [2022-09-05 11:01:48,968] {dag.py:2420} INFO - Sync 1 DAGs
[2022-09-05 11:01:48,986] {logging_mixin.py:115} INFO - [2022-09-05 11:01:48,985] {dag.py:2968} INFO - Setting next_dagrun for example_sla_dag to 2022-09-05T10:58:00+00:00, run_after=2022-09-05T11:00:00+00:00
[2022-09-05 11:01:49,002] {processor.py:161} INFO - Processing /home/ubuntu/.local/lib/python3.8/site-packages/airflow/example_dags/example_sla_dag.py took 0.073 seconds
[2022-09-05 11:02:28,391] {processor.py:153} INFO - Started process (PID=15150) to work on /home/ubuntu/.local/lib/python3.8/site-packages/airflow/example_dags/example_sla_dag.py
[2022-09-05 11:02:28,393] {processor.py:641} INFO - Processing file /home/ubuntu/.local/lib/python3.8/site-packages/airflow/example_dags/example_sla_dag.py for tasks to queue
[2022-09-05 11:02:28,394] {logging_mixin.py:115} INFO - [2022-09-05 11:02:28,394] {dagbag.py:508} INFO - Filling up the DagBag from /home/ubuntu/.local/lib/python3.8/site-packages/airflow/example_dags/example_sla_dag.py
[2022-09-05 11:02:28,411] {processor.py:651} INFO - DAG(s) dict_keys(['example_sla_dag']) retrieved from /home/ubuntu/.local/lib/python3.8/site-packages/airflow/example_dags/example_sla_dag.py
[2022-09-05 11:02:28,429] {logging_mixin.py:115} INFO - [2022-09-05 11:02:28,429] {dag.py:2420} INFO - Sync 1 DAGs
[2022-09-05 11:02:28,448] {logging_mixin.py:115} INFO - [2022-09-05 11:02:28,448] {dag.py:2968} INFO - Setting next_dagrun for example_sla_dag to 2022-09-05T11:00:00+00:00, run_after=2022-09-05T11:02:00+00:00
[2022-09-05 11:02:28,465] {processor.py:161} INFO - Processing /home/ubuntu/.local/lib/python3.8/site-packages/airflow/example_dags/example_sla_dag.py took 0.077 seconds
[2022-09-05 11:03:07,109] {processor.py:153} INFO - Started process (PID=15491) to work on /home/ubuntu/.local/lib/python3.8/site-packages/airflow/example_dags/example_sla_dag.py
[2022-09-05 11:03:07,110] {processor.py:641} INFO - Processing file /home/ubuntu/.local/lib/python3.8/site-packages/airflow/example_dags/example_sla_dag.py for tasks to queue
[2022-09-05 11:03:07,110] {logging_mixin.py:115} INFO - [2022-09-05 11:03:07,110] {dagbag.py:508} INFO - Filling up the DagBag from /home/ubuntu/.local/lib/python3.8/site-packages/airflow/example_dags/example_sla_dag.py
[2022-09-05 11:03:07,131] {processor.py:651} INFO - DAG(s) dict_keys(['example_sla_dag']) retrieved from /home/ubuntu/.local/lib/python3.8/site-packages/airflow/example_dags/example_sla_dag.py
[2022-09-05 11:03:07,144] {logging_mixin.py:115} INFO - [2022-09-05 11:03:07,144] {dag.py:2420} INFO - Sync 1 DAGs
[2022-09-05 11:03:07,162] {logging_mixin.py:115} INFO - [2022-09-05 11:03:07,162] {dag.py:2968} INFO - Setting next_dagrun for example_sla_dag to 2022-09-05T11:00:00+00:00, run_after=2022-09-05T11:02:00+00:00
[2022-09-05 11:03:07,179] {processor.py:161} INFO - Processing /home/ubuntu/.local/lib/python3.8/site-packages/airflow/example_dags/example_sla_dag.py took 0.073 seconds
[2022-09-05 11:04:15,833] {processor.py:153} INFO - Started process (PID=15816) to work on /home/ubuntu/.local/lib/python3.8/site-packages/airflow/example_dags/example_sla_dag.py
[2022-09-05 11:04:15,834] {processor.py:641} INFO - Processing file /home/ubuntu/.local/lib/python3.8/site-packages/airflow/example_dags/example_sla_dag.py for tasks to queue
[2022-09-05 11:04:15,835] {logging_mixin.py:115} INFO - [2022-09-05 11:04:15,835] {dagbag.py:508} INFO - Filling up the DagBag from /home/ubuntu/.local/lib/python3.8/site-packages/airflow/example_dags/example_sla_dag.py
[2022-09-05 11:04:15,853] {processor.py:651} INFO - DAG(s) dict_keys(['example_sla_dag']) retrieved from /home/ubuntu/.local/lib/python3.8/site-packages/airflow/example_dags/example_sla_dag.py
[2022-09-05 11:04:15,870] {logging_mixin.py:115} INFO - [2022-09-05 11:04:15,870] {dag.py:2420} INFO - Sync 1 DAGs
[2022-09-05 11:04:15,888] {logging_mixin.py:115} INFO - [2022-09-05 11:04:15,888] {dag.py:2968} INFO - Setting next_dagrun for example_sla_dag to 2022-09-05T11:02:00+00:00, run_after=2022-09-05T11:04:00+00:00
[2022-09-05 11:04:15,903] {processor.py:161} INFO - Processing /home/ubuntu/.local/lib/python3.8/site-packages/airflow/example_dags/example_sla_dag.py took 0.074 seconds
[2022-09-05 11:09:26,818] {processor.py:153} INFO - Started process (PID=20198) to work on /home/ubuntu/.local/lib/python3.8/site-packages/airflow/example_dags/example_sla_dag.py
[2022-09-05 11:09:26,819] {processor.py:641} INFO - Processing file /home/ubuntu/.local/lib/python3.8/site-packages/airflow/example_dags/example_sla_dag.py for tasks to queue
[2022-09-05 11:09:26,820] {logging_mixin.py:115} INFO - [2022-09-05 11:09:26,820] {dagbag.py:508} INFO - Filling up the DagBag from /home/ubuntu/.local/lib/python3.8/site-packages/airflow/example_dags/example_sla_dag.py
[2022-09-05 11:09:26,838] {processor.py:651} INFO - DAG(s) dict_keys(['example_sla_dag']) retrieved from /home/ubuntu/.local/lib/python3.8/site-packages/airflow/example_dags/example_sla_dag.py
[2022-09-05 11:09:26,853] {logging_mixin.py:115} INFO - [2022-09-05 11:09:26,853] {dag.py:2420} INFO - Sync 1 DAGs
[2022-09-05 11:09:26,870] {logging_mixin.py:115} INFO - [2022-09-05 11:09:26,870] {dag.py:2968} INFO - Setting next_dagrun for example_sla_dag to 2022-09-05T11:06:00+00:00, run_after=2022-09-05T11:08:00+00:00
[2022-09-05 11:09:26,889] {processor.py:161} INFO - Processing /home/ubuntu/.local/lib/python3.8/site-packages/airflow/example_dags/example_sla_dag.py took 0.074 seconds
[2022-09-05 11:12:22,983] {processor.py:153} INFO - Started process (PID=22128) to work on /home/ubuntu/.local/lib/python3.8/site-packages/airflow/example_dags/example_sla_dag.py
[2022-09-05 11:12:22,984] {processor.py:641} INFO - Processing file /home/ubuntu/.local/lib/python3.8/site-packages/airflow/example_dags/example_sla_dag.py for tasks to queue
[2022-09-05 11:12:22,985] {logging_mixin.py:115} INFO - [2022-09-05 11:12:22,985] {dagbag.py:508} INFO - Filling up the DagBag from /home/ubuntu/.local/lib/python3.8/site-packages/airflow/example_dags/example_sla_dag.py
[2022-09-05 11:12:23,003] {processor.py:651} INFO - DAG(s) dict_keys(['example_sla_dag']) retrieved from /home/ubuntu/.local/lib/python3.8/site-packages/airflow/example_dags/example_sla_dag.py
[2022-09-05 11:12:23,017] {logging_mixin.py:115} INFO - [2022-09-05 11:12:23,017] {dag.py:2420} INFO - Sync 1 DAGs
[2022-09-05 11:12:23,032] {logging_mixin.py:115} INFO - [2022-09-05 11:12:23,032] {dag.py:2968} INFO - Setting next_dagrun for example_sla_dag to 2022-09-05T11:10:00+00:00, run_after=2022-09-05T11:12:00+00:00
[2022-09-05 11:12:23,049] {processor.py:161} INFO - Processing /home/ubuntu/.local/lib/python3.8/site-packages/airflow/example_dags/example_sla_dag.py took 0.070 seconds
[2022-09-05 11:12:57,722] {processor.py:153} INFO - Started process (PID=22261) to work on /home/ubuntu/.local/lib/python3.8/site-packages/airflow/example_dags/example_sla_dag.py
[2022-09-05 11:12:57,724] {processor.py:641} INFO - Processing file /home/ubuntu/.local/lib/python3.8/site-packages/airflow/example_dags/example_sla_dag.py for tasks to queue
[2022-09-05 11:12:57,724] {logging_mixin.py:115} INFO - [2022-09-05 11:12:57,724] {dagbag.py:508} INFO - Filling up the DagBag from /home/ubuntu/.local/lib/python3.8/site-packages/airflow/example_dags/example_sla_dag.py
[2022-09-05 11:12:57,742] {processor.py:651} INFO - DAG(s) dict_keys(['example_sla_dag']) retrieved from /home/ubuntu/.local/lib/python3.8/site-packages/airflow/example_dags/example_sla_dag.py
[2022-09-05 11:12:57,756] {logging_mixin.py:115} INFO - [2022-09-05 11:12:57,756] {dag.py:2420} INFO - Sync 1 DAGs
[2022-09-05 11:12:57,772] {logging_mixin.py:115} INFO - [2022-09-05 11:12:57,772] {dag.py:2968} INFO - Setting next_dagrun for example_sla_dag to 2022-09-05T11:10:00+00:00, run_after=2022-09-05T11:12:00+00:00
[2022-09-05 11:12:57,790] {processor.py:161} INFO - Processing /home/ubuntu/.local/lib/python3.8/site-packages/airflow/example_dags/example_sla_dag.py took 0.071 seconds
[2022-09-05 11:13:32,286] {processor.py:153} INFO - Started process (PID=22345) to work on /home/ubuntu/.local/lib/python3.8/site-packages/airflow/example_dags/example_sla_dag.py
[2022-09-05 11:13:32,287] {processor.py:641} INFO - Processing file /home/ubuntu/.local/lib/python3.8/site-packages/airflow/example_dags/example_sla_dag.py for tasks to queue
[2022-09-05 11:13:32,287] {logging_mixin.py:115} INFO - [2022-09-05 11:13:32,287] {dagbag.py:508} INFO - Filling up the DagBag from /home/ubuntu/.local/lib/python3.8/site-packages/airflow/example_dags/example_sla_dag.py
[2022-09-05 11:13:32,305] {processor.py:651} INFO - DAG(s) dict_keys(['example_sla_dag']) retrieved from /home/ubuntu/.local/lib/python3.8/site-packages/airflow/example_dags/example_sla_dag.py
[2022-09-05 11:13:32,320] {logging_mixin.py:115} INFO - [2022-09-05 11:13:32,320] {dag.py:2420} INFO - Sync 1 DAGs
[2022-09-05 11:13:32,338] {logging_mixin.py:115} INFO - [2022-09-05 11:13:32,338] {dag.py:2968} INFO - Setting next_dagrun for example_sla_dag to 2022-09-05T11:10:00+00:00, run_after=2022-09-05T11:12:00+00:00
[2022-09-05 11:13:32,352] {processor.py:161} INFO - Processing /home/ubuntu/.local/lib/python3.8/site-packages/airflow/example_dags/example_sla_dag.py took 0.070 seconds
[2022-09-05 11:14:10,771] {processor.py:153} INFO - Started process (PID=22495) to work on /home/ubuntu/.local/lib/python3.8/site-packages/airflow/example_dags/example_sla_dag.py
[2022-09-05 11:14:10,772] {processor.py:641} INFO - Processing file /home/ubuntu/.local/lib/python3.8/site-packages/airflow/example_dags/example_sla_dag.py for tasks to queue
[2022-09-05 11:14:10,772] {logging_mixin.py:115} INFO - [2022-09-05 11:14:10,772] {dagbag.py:508} INFO - Filling up the DagBag from /home/ubuntu/.local/lib/python3.8/site-packages/airflow/example_dags/example_sla_dag.py
[2022-09-05 11:14:10,791] {processor.py:651} INFO - DAG(s) dict_keys(['example_sla_dag']) retrieved from /home/ubuntu/.local/lib/python3.8/site-packages/airflow/example_dags/example_sla_dag.py
[2022-09-05 11:14:10,806] {logging_mixin.py:115} INFO - [2022-09-05 11:14:10,806] {dag.py:2420} INFO - Sync 1 DAGs
[2022-09-05 11:14:10,825] {logging_mixin.py:115} INFO - [2022-09-05 11:14:10,825] {dag.py:2968} INFO - Setting next_dagrun for example_sla_dag to 2022-09-05T11:12:00+00:00, run_after=2022-09-05T11:14:00+00:00
[2022-09-05 11:14:10,888] {processor.py:161} INFO - Processing /home/ubuntu/.local/lib/python3.8/site-packages/airflow/example_dags/example_sla_dag.py took 0.121 seconds
[2022-09-05 11:14:44,411] {processor.py:153} INFO - Started process (PID=22647) to work on /home/ubuntu/.local/lib/python3.8/site-packages/airflow/example_dags/example_sla_dag.py
[2022-09-05 11:14:44,412] {processor.py:641} INFO - Processing file /home/ubuntu/.local/lib/python3.8/site-packages/airflow/example_dags/example_sla_dag.py for tasks to queue
[2022-09-05 11:14:44,413] {logging_mixin.py:115} INFO - [2022-09-05 11:14:44,413] {dagbag.py:508} INFO - Filling up the DagBag from /home/ubuntu/.local/lib/python3.8/site-packages/airflow/example_dags/example_sla_dag.py
[2022-09-05 11:14:44,432] {processor.py:651} INFO - DAG(s) dict_keys(['example_sla_dag']) retrieved from /home/ubuntu/.local/lib/python3.8/site-packages/airflow/example_dags/example_sla_dag.py
[2022-09-05 11:14:44,447] {logging_mixin.py:115} INFO - [2022-09-05 11:14:44,447] {dag.py:2420} INFO - Sync 1 DAGs
[2022-09-05 11:14:44,467] {logging_mixin.py:115} INFO - [2022-09-05 11:14:44,467] {dag.py:2968} INFO - Setting next_dagrun for example_sla_dag to 2022-09-05T11:12:00+00:00, run_after=2022-09-05T11:14:00+00:00
[2022-09-05 11:14:44,482] {processor.py:161} INFO - Processing /home/ubuntu/.local/lib/python3.8/site-packages/airflow/example_dags/example_sla_dag.py took 0.074 seconds
[2022-09-05 11:15:58,623] {processor.py:153} INFO - Started process (PID=23019) to work on /home/ubuntu/.local/lib/python3.8/site-packages/airflow/example_dags/example_sla_dag.py
[2022-09-05 11:15:58,625] {processor.py:641} INFO - Processing file /home/ubuntu/.local/lib/python3.8/site-packages/airflow/example_dags/example_sla_dag.py for tasks to queue
[2022-09-05 11:15:58,626] {logging_mixin.py:115} INFO - [2022-09-05 11:15:58,626] {dagbag.py:508} INFO - Filling up the DagBag from /home/ubuntu/.local/lib/python3.8/site-packages/airflow/example_dags/example_sla_dag.py
[2022-09-05 11:15:58,643] {processor.py:651} INFO - DAG(s) dict_keys(['example_sla_dag']) retrieved from /home/ubuntu/.local/lib/python3.8/site-packages/airflow/example_dags/example_sla_dag.py
[2022-09-05 11:15:58,660] {logging_mixin.py:115} INFO - [2022-09-05 11:15:58,660] {dag.py:2420} INFO - Sync 1 DAGs
[2022-09-05 11:15:58,677] {logging_mixin.py:115} INFO - [2022-09-05 11:15:58,677] {dag.py:2968} INFO - Setting next_dagrun for example_sla_dag to 2022-09-05T11:12:00+00:00, run_after=2022-09-05T11:14:00+00:00
[2022-09-05 11:15:58,691] {processor.py:161} INFO - Processing /home/ubuntu/.local/lib/python3.8/site-packages/airflow/example_dags/example_sla_dag.py took 0.071 seconds
[2022-09-05 11:16:37,511] {processor.py:153} INFO - Started process (PID=23115) to work on /home/ubuntu/.local/lib/python3.8/site-packages/airflow/example_dags/example_sla_dag.py
[2022-09-05 11:16:37,512] {processor.py:641} INFO - Processing file /home/ubuntu/.local/lib/python3.8/site-packages/airflow/example_dags/example_sla_dag.py for tasks to queue
[2022-09-05 11:16:37,513] {logging_mixin.py:115} INFO - [2022-09-05 11:16:37,513] {dagbag.py:508} INFO - Filling up the DagBag from /home/ubuntu/.local/lib/python3.8/site-packages/airflow/example_dags/example_sla_dag.py
[2022-09-05 11:16:37,530] {processor.py:651} INFO - DAG(s) dict_keys(['example_sla_dag']) retrieved from /home/ubuntu/.local/lib/python3.8/site-packages/airflow/example_dags/example_sla_dag.py
[2022-09-05 11:16:37,547] {logging_mixin.py:115} INFO - [2022-09-05 11:16:37,546] {dag.py:2420} INFO - Sync 1 DAGs
[2022-09-05 11:16:37,564] {logging_mixin.py:115} INFO - [2022-09-05 11:16:37,564] {dag.py:2968} INFO - Setting next_dagrun for example_sla_dag to 2022-09-05T11:14:00+00:00, run_after=2022-09-05T11:16:00+00:00
[2022-09-05 11:16:37,580] {processor.py:161} INFO - Processing /home/ubuntu/.local/lib/python3.8/site-packages/airflow/example_dags/example_sla_dag.py took 0.072 seconds
[2022-09-05 11:17:11,758] {processor.py:153} INFO - Started process (PID=23196) to work on /home/ubuntu/.local/lib/python3.8/site-packages/airflow/example_dags/example_sla_dag.py
[2022-09-05 11:17:11,758] {processor.py:641} INFO - Processing file /home/ubuntu/.local/lib/python3.8/site-packages/airflow/example_dags/example_sla_dag.py for tasks to queue
[2022-09-05 11:17:11,759] {logging_mixin.py:115} INFO - [2022-09-05 11:17:11,759] {dagbag.py:508} INFO - Filling up the DagBag from /home/ubuntu/.local/lib/python3.8/site-packages/airflow/example_dags/example_sla_dag.py
[2022-09-05 11:17:11,777] {processor.py:651} INFO - DAG(s) dict_keys(['example_sla_dag']) retrieved from /home/ubuntu/.local/lib/python3.8/site-packages/airflow/example_dags/example_sla_dag.py
[2022-09-05 11:17:11,795] {logging_mixin.py:115} INFO - [2022-09-05 11:17:11,795] {dag.py:2420} INFO - Sync 1 DAGs
[2022-09-05 11:17:11,814] {logging_mixin.py:115} INFO - [2022-09-05 11:17:11,814] {dag.py:2968} INFO - Setting next_dagrun for example_sla_dag to 2022-09-05T11:14:00+00:00, run_after=2022-09-05T11:16:00+00:00
[2022-09-05 11:17:11,829] {processor.py:161} INFO - Processing /home/ubuntu/.local/lib/python3.8/site-packages/airflow/example_dags/example_sla_dag.py took 0.075 seconds
[2022-09-05 11:17:46,584] {processor.py:153} INFO - Started process (PID=23283) to work on /home/ubuntu/.local/lib/python3.8/site-packages/airflow/example_dags/example_sla_dag.py
[2022-09-05 11:17:46,586] {processor.py:641} INFO - Processing file /home/ubuntu/.local/lib/python3.8/site-packages/airflow/example_dags/example_sla_dag.py for tasks to queue
[2022-09-05 11:17:46,587] {logging_mixin.py:115} INFO - [2022-09-05 11:17:46,587] {dagbag.py:508} INFO - Filling up the DagBag from /home/ubuntu/.local/lib/python3.8/site-packages/airflow/example_dags/example_sla_dag.py
[2022-09-05 11:17:46,605] {processor.py:651} INFO - DAG(s) dict_keys(['example_sla_dag']) retrieved from /home/ubuntu/.local/lib/python3.8/site-packages/airflow/example_dags/example_sla_dag.py
[2022-09-05 11:17:46,623] {logging_mixin.py:115} INFO - [2022-09-05 11:17:46,623] {dag.py:2420} INFO - Sync 1 DAGs
[2022-09-05 11:17:46,643] {logging_mixin.py:115} INFO - [2022-09-05 11:17:46,642] {dag.py:2968} INFO - Setting next_dagrun for example_sla_dag to 2022-09-05T11:14:00+00:00, run_after=2022-09-05T11:16:00+00:00
[2022-09-05 11:17:46,659] {processor.py:161} INFO - Processing /home/ubuntu/.local/lib/python3.8/site-packages/airflow/example_dags/example_sla_dag.py took 0.079 seconds
[2022-09-05 11:18:27,010] {processor.py:153} INFO - Started process (PID=23379) to work on /home/ubuntu/.local/lib/python3.8/site-packages/airflow/example_dags/example_sla_dag.py
[2022-09-05 11:18:27,012] {processor.py:641} INFO - Processing file /home/ubuntu/.local/lib/python3.8/site-packages/airflow/example_dags/example_sla_dag.py for tasks to queue
[2022-09-05 11:18:27,012] {logging_mixin.py:115} INFO - [2022-09-05 11:18:27,012] {dagbag.py:508} INFO - Filling up the DagBag from /home/ubuntu/.local/lib/python3.8/site-packages/airflow/example_dags/example_sla_dag.py
[2022-09-05 11:18:27,030] {processor.py:651} INFO - DAG(s) dict_keys(['example_sla_dag']) retrieved from /home/ubuntu/.local/lib/python3.8/site-packages/airflow/example_dags/example_sla_dag.py
[2022-09-05 11:18:27,047] {logging_mixin.py:115} INFO - [2022-09-05 11:18:27,047] {dag.py:2420} INFO - Sync 1 DAGs
[2022-09-05 11:18:27,065] {logging_mixin.py:115} INFO - [2022-09-05 11:18:27,065] {dag.py:2968} INFO - Setting next_dagrun for example_sla_dag to 2022-09-05T11:16:00+00:00, run_after=2022-09-05T11:18:00+00:00
[2022-09-05 11:18:27,080] {processor.py:161} INFO - Processing /home/ubuntu/.local/lib/python3.8/site-packages/airflow/example_dags/example_sla_dag.py took 0.073 seconds
[2022-09-05 11:19:06,955] {processor.py:153} INFO - Started process (PID=23452) to work on /home/ubuntu/.local/lib/python3.8/site-packages/airflow/example_dags/example_sla_dag.py
[2022-09-05 11:19:06,957] {processor.py:641} INFO - Processing file /home/ubuntu/.local/lib/python3.8/site-packages/airflow/example_dags/example_sla_dag.py for tasks to queue
[2022-09-05 11:19:06,958] {logging_mixin.py:115} INFO - [2022-09-05 11:19:06,958] {dagbag.py:508} INFO - Filling up the DagBag from /home/ubuntu/.local/lib/python3.8/site-packages/airflow/example_dags/example_sla_dag.py
[2022-09-05 11:19:06,976] {processor.py:651} INFO - DAG(s) dict_keys(['example_sla_dag']) retrieved from /home/ubuntu/.local/lib/python3.8/site-packages/airflow/example_dags/example_sla_dag.py
[2022-09-05 11:19:06,995] {logging_mixin.py:115} INFO - [2022-09-05 11:19:06,995] {dag.py:2420} INFO - Sync 1 DAGs
[2022-09-05 11:19:07,015] {logging_mixin.py:115} INFO - [2022-09-05 11:19:07,015] {dag.py:2968} INFO - Setting next_dagrun for example_sla_dag to 2022-09-05T11:16:00+00:00, run_after=2022-09-05T11:18:00+00:00
[2022-09-05 11:19:07,033] {processor.py:161} INFO - Processing /home/ubuntu/.local/lib/python3.8/site-packages/airflow/example_dags/example_sla_dag.py took 0.081 seconds
[2022-09-05 11:19:43,849] {processor.py:153} INFO - Started process (PID=23496) to work on /home/ubuntu/.local/lib/python3.8/site-packages/airflow/example_dags/example_sla_dag.py
[2022-09-05 11:19:43,850] {processor.py:641} INFO - Processing file /home/ubuntu/.local/lib/python3.8/site-packages/airflow/example_dags/example_sla_dag.py for tasks to queue
[2022-09-05 11:19:43,850] {logging_mixin.py:115} INFO - [2022-09-05 11:19:43,850] {dagbag.py:508} INFO - Filling up the DagBag from /home/ubuntu/.local/lib/python3.8/site-packages/airflow/example_dags/example_sla_dag.py
[2022-09-05 11:19:43,867] {processor.py:651} INFO - DAG(s) dict_keys(['example_sla_dag']) retrieved from /home/ubuntu/.local/lib/python3.8/site-packages/airflow/example_dags/example_sla_dag.py
[2022-09-05 11:19:43,885] {logging_mixin.py:115} INFO - [2022-09-05 11:19:43,884] {dag.py:2420} INFO - Sync 1 DAGs
[2022-09-05 11:19:43,902] {logging_mixin.py:115} INFO - [2022-09-05 11:19:43,901] {dag.py:2968} INFO - Setting next_dagrun for example_sla_dag to 2022-09-05T11:16:00+00:00, run_after=2022-09-05T11:18:00+00:00
[2022-09-05 11:19:43,915] {processor.py:161} INFO - Processing /home/ubuntu/.local/lib/python3.8/site-packages/airflow/example_dags/example_sla_dag.py took 0.070 seconds
[2022-09-05 11:22:24,319] {processor.py:153} INFO - Started process (PID=25226) to work on /home/ubuntu/.local/lib/python3.8/site-packages/airflow/example_dags/example_sla_dag.py
[2022-09-05 11:22:24,321] {processor.py:641} INFO - Processing file /home/ubuntu/.local/lib/python3.8/site-packages/airflow/example_dags/example_sla_dag.py for tasks to queue
[2022-09-05 11:22:24,321] {logging_mixin.py:115} INFO - [2022-09-05 11:22:24,321] {dagbag.py:508} INFO - Filling up the DagBag from /home/ubuntu/.local/lib/python3.8/site-packages/airflow/example_dags/example_sla_dag.py
[2022-09-05 11:22:24,343] {processor.py:651} INFO - DAG(s) dict_keys(['example_sla_dag']) retrieved from /home/ubuntu/.local/lib/python3.8/site-packages/airflow/example_dags/example_sla_dag.py
[2022-09-05 11:22:24,358] {logging_mixin.py:115} INFO - [2022-09-05 11:22:24,358] {dag.py:2420} INFO - Sync 1 DAGs
[2022-09-05 11:22:24,377] {logging_mixin.py:115} INFO - [2022-09-05 11:22:24,377] {dag.py:2968} INFO - Setting next_dagrun for example_sla_dag to 2022-09-05T11:20:00+00:00, run_after=2022-09-05T11:22:00+00:00
[2022-09-05 11:22:24,395] {processor.py:161} INFO - Processing /home/ubuntu/.local/lib/python3.8/site-packages/airflow/example_dags/example_sla_dag.py took 0.080 seconds
[2022-09-05 11:23:01,321] {processor.py:153} INFO - Started process (PID=25439) to work on /home/ubuntu/.local/lib/python3.8/site-packages/airflow/example_dags/example_sla_dag.py
[2022-09-05 11:23:01,323] {processor.py:641} INFO - Processing file /home/ubuntu/.local/lib/python3.8/site-packages/airflow/example_dags/example_sla_dag.py for tasks to queue
[2022-09-05 11:23:01,324] {logging_mixin.py:115} INFO - [2022-09-05 11:23:01,324] {dagbag.py:508} INFO - Filling up the DagBag from /home/ubuntu/.local/lib/python3.8/site-packages/airflow/example_dags/example_sla_dag.py
[2022-09-05 11:23:01,347] {processor.py:651} INFO - DAG(s) dict_keys(['example_sla_dag']) retrieved from /home/ubuntu/.local/lib/python3.8/site-packages/airflow/example_dags/example_sla_dag.py
[2022-09-05 11:23:01,362] {logging_mixin.py:115} INFO - [2022-09-05 11:23:01,362] {dag.py:2420} INFO - Sync 1 DAGs
[2022-09-05 11:23:01,383] {logging_mixin.py:115} INFO - [2022-09-05 11:23:01,383] {dag.py:2968} INFO - Setting next_dagrun for example_sla_dag to 2022-09-05T11:20:00+00:00, run_after=2022-09-05T11:22:00+00:00
[2022-09-05 11:23:01,401] {processor.py:161} INFO - Processing /home/ubuntu/.local/lib/python3.8/site-packages/airflow/example_dags/example_sla_dag.py took 0.084 seconds
[2022-09-05 11:23:39,446] {processor.py:153} INFO - Started process (PID=25811) to work on /home/ubuntu/.local/lib/python3.8/site-packages/airflow/example_dags/example_sla_dag.py
[2022-09-05 11:23:39,447] {processor.py:641} INFO - Processing file /home/ubuntu/.local/lib/python3.8/site-packages/airflow/example_dags/example_sla_dag.py for tasks to queue
[2022-09-05 11:23:39,448] {logging_mixin.py:115} INFO - [2022-09-05 11:23:39,448] {dagbag.py:508} INFO - Filling up the DagBag from /home/ubuntu/.local/lib/python3.8/site-packages/airflow/example_dags/example_sla_dag.py
[2022-09-05 11:23:39,470] {processor.py:651} INFO - DAG(s) dict_keys(['example_sla_dag']) retrieved from /home/ubuntu/.local/lib/python3.8/site-packages/airflow/example_dags/example_sla_dag.py
[2022-09-05 11:23:39,484] {logging_mixin.py:115} INFO - [2022-09-05 11:23:39,484] {dag.py:2420} INFO - Sync 1 DAGs
[2022-09-05 11:23:39,504] {logging_mixin.py:115} INFO - [2022-09-05 11:23:39,504] {dag.py:2968} INFO - Setting next_dagrun for example_sla_dag to 2022-09-05T11:20:00+00:00, run_after=2022-09-05T11:22:00+00:00
[2022-09-05 11:23:39,520] {processor.py:161} INFO - Processing /home/ubuntu/.local/lib/python3.8/site-packages/airflow/example_dags/example_sla_dag.py took 0.078 seconds
[2022-09-05 11:24:16,880] {processor.py:153} INFO - Started process (PID=25978) to work on /home/ubuntu/.local/lib/python3.8/site-packages/airflow/example_dags/example_sla_dag.py
[2022-09-05 11:24:16,882] {processor.py:641} INFO - Processing file /home/ubuntu/.local/lib/python3.8/site-packages/airflow/example_dags/example_sla_dag.py for tasks to queue
[2022-09-05 11:24:16,883] {logging_mixin.py:115} INFO - [2022-09-05 11:24:16,882] {dagbag.py:508} INFO - Filling up the DagBag from /home/ubuntu/.local/lib/python3.8/site-packages/airflow/example_dags/example_sla_dag.py
[2022-09-05 11:24:16,903] {processor.py:651} INFO - DAG(s) dict_keys(['example_sla_dag']) retrieved from /home/ubuntu/.local/lib/python3.8/site-packages/airflow/example_dags/example_sla_dag.py
[2022-09-05 11:24:16,917] {logging_mixin.py:115} INFO - [2022-09-05 11:24:16,917] {dag.py:2420} INFO - Sync 1 DAGs
[2022-09-05 11:24:16,935] {logging_mixin.py:115} INFO - [2022-09-05 11:24:16,935] {dag.py:2968} INFO - Setting next_dagrun for example_sla_dag to 2022-09-05T11:22:00+00:00, run_after=2022-09-05T11:24:00+00:00
[2022-09-05 11:24:16,951] {processor.py:161} INFO - Processing /home/ubuntu/.local/lib/python3.8/site-packages/airflow/example_dags/example_sla_dag.py took 0.074 seconds
[2022-09-05 11:24:52,325] {processor.py:153} INFO - Started process (PID=26049) to work on /home/ubuntu/.local/lib/python3.8/site-packages/airflow/example_dags/example_sla_dag.py
[2022-09-05 11:24:52,326] {processor.py:641} INFO - Processing file /home/ubuntu/.local/lib/python3.8/site-packages/airflow/example_dags/example_sla_dag.py for tasks to queue
[2022-09-05 11:24:52,326] {logging_mixin.py:115} INFO - [2022-09-05 11:24:52,326] {dagbag.py:508} INFO - Filling up the DagBag from /home/ubuntu/.local/lib/python3.8/site-packages/airflow/example_dags/example_sla_dag.py
[2022-09-05 11:24:52,347] {processor.py:651} INFO - DAG(s) dict_keys(['example_sla_dag']) retrieved from /home/ubuntu/.local/lib/python3.8/site-packages/airflow/example_dags/example_sla_dag.py
[2022-09-05 11:24:52,362] {logging_mixin.py:115} INFO - [2022-09-05 11:24:52,361] {dag.py:2420} INFO - Sync 1 DAGs
[2022-09-05 11:24:52,379] {logging_mixin.py:115} INFO - [2022-09-05 11:24:52,379] {dag.py:2968} INFO - Setting next_dagrun for example_sla_dag to 2022-09-05T11:22:00+00:00, run_after=2022-09-05T11:24:00+00:00
[2022-09-05 11:24:52,402] {processor.py:161} INFO - Processing /home/ubuntu/.local/lib/python3.8/site-packages/airflow/example_dags/example_sla_dag.py took 0.080 seconds
[2022-09-05 11:25:31,231] {processor.py:153} INFO - Started process (PID=26107) to work on /home/ubuntu/.local/lib/python3.8/site-packages/airflow/example_dags/example_sla_dag.py
[2022-09-05 11:25:31,233] {processor.py:641} INFO - Processing file /home/ubuntu/.local/lib/python3.8/site-packages/airflow/example_dags/example_sla_dag.py for tasks to queue
[2022-09-05 11:25:31,234] {logging_mixin.py:115} INFO - [2022-09-05 11:25:31,234] {dagbag.py:508} INFO - Filling up the DagBag from /home/ubuntu/.local/lib/python3.8/site-packages/airflow/example_dags/example_sla_dag.py
[2022-09-05 11:25:31,255] {processor.py:651} INFO - DAG(s) dict_keys(['example_sla_dag']) retrieved from /home/ubuntu/.local/lib/python3.8/site-packages/airflow/example_dags/example_sla_dag.py
[2022-09-05 11:25:31,269] {logging_mixin.py:115} INFO - [2022-09-05 11:25:31,269] {dag.py:2420} INFO - Sync 1 DAGs
[2022-09-05 11:25:31,287] {logging_mixin.py:115} INFO - [2022-09-05 11:25:31,287] {dag.py:2968} INFO - Setting next_dagrun for example_sla_dag to 2022-09-05T11:22:00+00:00, run_after=2022-09-05T11:24:00+00:00
[2022-09-05 11:25:31,307] {processor.py:161} INFO - Processing /home/ubuntu/.local/lib/python3.8/site-packages/airflow/example_dags/example_sla_dag.py took 0.080 seconds
[2022-09-05 11:26:10,555] {processor.py:153} INFO - Started process (PID=26318) to work on /home/ubuntu/.local/lib/python3.8/site-packages/airflow/example_dags/example_sla_dag.py
[2022-09-05 11:26:10,556] {processor.py:641} INFO - Processing file /home/ubuntu/.local/lib/python3.8/site-packages/airflow/example_dags/example_sla_dag.py for tasks to queue
[2022-09-05 11:26:10,557] {logging_mixin.py:115} INFO - [2022-09-05 11:26:10,557] {dagbag.py:508} INFO - Filling up the DagBag from /home/ubuntu/.local/lib/python3.8/site-packages/airflow/example_dags/example_sla_dag.py
[2022-09-05 11:26:10,578] {processor.py:651} INFO - DAG(s) dict_keys(['example_sla_dag']) retrieved from /home/ubuntu/.local/lib/python3.8/site-packages/airflow/example_dags/example_sla_dag.py
[2022-09-05 11:26:10,592] {logging_mixin.py:115} INFO - [2022-09-05 11:26:10,592] {dag.py:2420} INFO - Sync 1 DAGs
[2022-09-05 11:26:10,609] {logging_mixin.py:115} INFO - [2022-09-05 11:26:10,609] {dag.py:2968} INFO - Setting next_dagrun for example_sla_dag to 2022-09-05T11:24:00+00:00, run_after=2022-09-05T11:26:00+00:00
[2022-09-05 11:26:10,624] {processor.py:161} INFO - Processing /home/ubuntu/.local/lib/python3.8/site-packages/airflow/example_dags/example_sla_dag.py took 0.073 seconds
[2022-09-05 11:26:43,637] {processor.py:153} INFO - Started process (PID=26360) to work on /home/ubuntu/.local/lib/python3.8/site-packages/airflow/example_dags/example_sla_dag.py
[2022-09-05 11:26:43,637] {processor.py:641} INFO - Processing file /home/ubuntu/.local/lib/python3.8/site-packages/airflow/example_dags/example_sla_dag.py for tasks to queue
[2022-09-05 11:26:43,638] {logging_mixin.py:115} INFO - [2022-09-05 11:26:43,638] {dagbag.py:508} INFO - Filling up the DagBag from /home/ubuntu/.local/lib/python3.8/site-packages/airflow/example_dags/example_sla_dag.py
[2022-09-05 11:26:43,660] {processor.py:651} INFO - DAG(s) dict_keys(['example_sla_dag']) retrieved from /home/ubuntu/.local/lib/python3.8/site-packages/airflow/example_dags/example_sla_dag.py
[2022-09-05 11:26:43,675] {logging_mixin.py:115} INFO - [2022-09-05 11:26:43,675] {dag.py:2420} INFO - Sync 1 DAGs
[2022-09-05 11:26:43,694] {logging_mixin.py:115} INFO - [2022-09-05 11:26:43,694] {dag.py:2968} INFO - Setting next_dagrun for example_sla_dag to 2022-09-05T11:24:00+00:00, run_after=2022-09-05T11:26:00+00:00
[2022-09-05 11:26:43,709] {processor.py:161} INFO - Processing /home/ubuntu/.local/lib/python3.8/site-packages/airflow/example_dags/example_sla_dag.py took 0.076 seconds
[2022-09-05 11:27:17,795] {processor.py:153} INFO - Started process (PID=26408) to work on /home/ubuntu/.local/lib/python3.8/site-packages/airflow/example_dags/example_sla_dag.py
[2022-09-05 11:27:17,797] {processor.py:641} INFO - Processing file /home/ubuntu/.local/lib/python3.8/site-packages/airflow/example_dags/example_sla_dag.py for tasks to queue
[2022-09-05 11:27:17,797] {logging_mixin.py:115} INFO - [2022-09-05 11:27:17,797] {dagbag.py:508} INFO - Filling up the DagBag from /home/ubuntu/.local/lib/python3.8/site-packages/airflow/example_dags/example_sla_dag.py
[2022-09-05 11:27:17,818] {processor.py:651} INFO - DAG(s) dict_keys(['example_sla_dag']) retrieved from /home/ubuntu/.local/lib/python3.8/site-packages/airflow/example_dags/example_sla_dag.py
[2022-09-05 11:27:17,832] {logging_mixin.py:115} INFO - [2022-09-05 11:27:17,832] {dag.py:2420} INFO - Sync 1 DAGs
[2022-09-05 11:27:17,850] {logging_mixin.py:115} INFO - [2022-09-05 11:27:17,850] {dag.py:2968} INFO - Setting next_dagrun for example_sla_dag to 2022-09-05T11:24:00+00:00, run_after=2022-09-05T11:26:00+00:00
[2022-09-05 11:27:17,865] {processor.py:161} INFO - Processing /home/ubuntu/.local/lib/python3.8/site-packages/airflow/example_dags/example_sla_dag.py took 0.074 seconds
[2022-09-05 11:27:54,302] {processor.py:153} INFO - Started process (PID=26458) to work on /home/ubuntu/.local/lib/python3.8/site-packages/airflow/example_dags/example_sla_dag.py
[2022-09-05 11:27:54,304] {processor.py:641} INFO - Processing file /home/ubuntu/.local/lib/python3.8/site-packages/airflow/example_dags/example_sla_dag.py for tasks to queue
[2022-09-05 11:27:54,304] {logging_mixin.py:115} INFO - [2022-09-05 11:27:54,304] {dagbag.py:508} INFO - Filling up the DagBag from /home/ubuntu/.local/lib/python3.8/site-packages/airflow/example_dags/example_sla_dag.py
[2022-09-05 11:27:54,325] {processor.py:651} INFO - DAG(s) dict_keys(['example_sla_dag']) retrieved from /home/ubuntu/.local/lib/python3.8/site-packages/airflow/example_dags/example_sla_dag.py
[2022-09-05 11:27:54,339] {logging_mixin.py:115} INFO - [2022-09-05 11:27:54,339] {dag.py:2420} INFO - Sync 1 DAGs
[2022-09-05 11:27:54,358] {logging_mixin.py:115} INFO - [2022-09-05 11:27:54,358] {dag.py:2968} INFO - Setting next_dagrun for example_sla_dag to 2022-09-05T11:24:00+00:00, run_after=2022-09-05T11:26:00+00:00
[2022-09-05 11:27:54,373] {processor.py:161} INFO - Processing /home/ubuntu/.local/lib/python3.8/site-packages/airflow/example_dags/example_sla_dag.py took 0.074 seconds
[2022-09-05 11:28:31,950] {processor.py:153} INFO - Started process (PID=26888) to work on /home/ubuntu/.local/lib/python3.8/site-packages/airflow/example_dags/example_sla_dag.py
[2022-09-05 11:28:31,952] {processor.py:641} INFO - Processing file /home/ubuntu/.local/lib/python3.8/site-packages/airflow/example_dags/example_sla_dag.py for tasks to queue
[2022-09-05 11:28:31,953] {logging_mixin.py:115} INFO - [2022-09-05 11:28:31,953] {dagbag.py:508} INFO - Filling up the DagBag from /home/ubuntu/.local/lib/python3.8/site-packages/airflow/example_dags/example_sla_dag.py
[2022-09-05 11:28:31,977] {processor.py:651} INFO - DAG(s) dict_keys(['example_sla_dag']) retrieved from /home/ubuntu/.local/lib/python3.8/site-packages/airflow/example_dags/example_sla_dag.py
[2022-09-05 11:28:31,996] {logging_mixin.py:115} INFO - [2022-09-05 11:28:31,996] {dag.py:2420} INFO - Sync 1 DAGs
[2022-09-05 11:28:32,020] {logging_mixin.py:115} INFO - [2022-09-05 11:28:32,020] {dag.py:2968} INFO - Setting next_dagrun for example_sla_dag to 2022-09-05T11:26:00+00:00, run_after=2022-09-05T11:28:00+00:00
[2022-09-05 11:28:32,042] {processor.py:161} INFO - Processing /home/ubuntu/.local/lib/python3.8/site-packages/airflow/example_dags/example_sla_dag.py took 0.097 seconds
[2022-09-05 11:29:07,405] {processor.py:153} INFO - Started process (PID=27040) to work on /home/ubuntu/.local/lib/python3.8/site-packages/airflow/example_dags/example_sla_dag.py
[2022-09-05 11:29:07,407] {processor.py:641} INFO - Processing file /home/ubuntu/.local/lib/python3.8/site-packages/airflow/example_dags/example_sla_dag.py for tasks to queue
[2022-09-05 11:29:07,407] {logging_mixin.py:115} INFO - [2022-09-05 11:29:07,407] {dagbag.py:508} INFO - Filling up the DagBag from /home/ubuntu/.local/lib/python3.8/site-packages/airflow/example_dags/example_sla_dag.py
[2022-09-05 11:29:07,428] {processor.py:651} INFO - DAG(s) dict_keys(['example_sla_dag']) retrieved from /home/ubuntu/.local/lib/python3.8/site-packages/airflow/example_dags/example_sla_dag.py
[2022-09-05 11:29:07,442] {logging_mixin.py:115} INFO - [2022-09-05 11:29:07,442] {dag.py:2420} INFO - Sync 1 DAGs
[2022-09-05 11:29:07,460] {logging_mixin.py:115} INFO - [2022-09-05 11:29:07,460] {dag.py:2968} INFO - Setting next_dagrun for example_sla_dag to 2022-09-05T11:26:00+00:00, run_after=2022-09-05T11:28:00+00:00
[2022-09-05 11:29:07,474] {processor.py:161} INFO - Processing /home/ubuntu/.local/lib/python3.8/site-packages/airflow/example_dags/example_sla_dag.py took 0.073 seconds
[2022-09-05 11:29:48,517] {processor.py:153} INFO - Started process (PID=27179) to work on /home/ubuntu/.local/lib/python3.8/site-packages/airflow/example_dags/example_sla_dag.py
[2022-09-05 11:29:48,519] {processor.py:641} INFO - Processing file /home/ubuntu/.local/lib/python3.8/site-packages/airflow/example_dags/example_sla_dag.py for tasks to queue
[2022-09-05 11:29:48,519] {logging_mixin.py:115} INFO - [2022-09-05 11:29:48,519] {dagbag.py:508} INFO - Filling up the DagBag from /home/ubuntu/.local/lib/python3.8/site-packages/airflow/example_dags/example_sla_dag.py
[2022-09-05 11:29:48,540] {processor.py:651} INFO - DAG(s) dict_keys(['example_sla_dag']) retrieved from /home/ubuntu/.local/lib/python3.8/site-packages/airflow/example_dags/example_sla_dag.py
[2022-09-05 11:29:48,556] {logging_mixin.py:115} INFO - [2022-09-05 11:29:48,555] {dag.py:2420} INFO - Sync 1 DAGs
[2022-09-05 11:29:48,574] {logging_mixin.py:115} INFO - [2022-09-05 11:29:48,574] {dag.py:2968} INFO - Setting next_dagrun for example_sla_dag to 2022-09-05T11:26:00+00:00, run_after=2022-09-05T11:28:00+00:00
[2022-09-05 11:29:48,588] {processor.py:161} INFO - Processing /home/ubuntu/.local/lib/python3.8/site-packages/airflow/example_dags/example_sla_dag.py took 0.075 seconds
[2022-09-05 11:32:21,975] {processor.py:153} INFO - Started process (PID=28934) to work on /home/ubuntu/.local/lib/python3.8/site-packages/airflow/example_dags/example_sla_dag.py
[2022-09-05 11:32:21,977] {processor.py:641} INFO - Processing file /home/ubuntu/.local/lib/python3.8/site-packages/airflow/example_dags/example_sla_dag.py for tasks to queue
[2022-09-05 11:32:21,977] {logging_mixin.py:115} INFO - [2022-09-05 11:32:21,977] {dagbag.py:508} INFO - Filling up the DagBag from /home/ubuntu/.local/lib/python3.8/site-packages/airflow/example_dags/example_sla_dag.py
[2022-09-05 11:32:21,999] {processor.py:651} INFO - DAG(s) dict_keys(['example_sla_dag']) retrieved from /home/ubuntu/.local/lib/python3.8/site-packages/airflow/example_dags/example_sla_dag.py
[2022-09-05 11:32:22,015] {logging_mixin.py:115} INFO - [2022-09-05 11:32:22,014] {dag.py:2420} INFO - Sync 1 DAGs
[2022-09-05 11:32:22,034] {logging_mixin.py:115} INFO - [2022-09-05 11:32:22,034] {dag.py:2968} INFO - Setting next_dagrun for example_sla_dag to 2022-09-05T11:30:00+00:00, run_after=2022-09-05T11:32:00+00:00
[2022-09-05 11:32:22,059] {processor.py:161} INFO - Processing /home/ubuntu/.local/lib/python3.8/site-packages/airflow/example_dags/example_sla_dag.py took 0.088 seconds
[2022-09-05 11:32:58,751] {processor.py:153} INFO - Started process (PID=29308) to work on /home/ubuntu/.local/lib/python3.8/site-packages/airflow/example_dags/example_sla_dag.py
[2022-09-05 11:32:58,752] {processor.py:641} INFO - Processing file /home/ubuntu/.local/lib/python3.8/site-packages/airflow/example_dags/example_sla_dag.py for tasks to queue
[2022-09-05 11:32:58,753] {logging_mixin.py:115} INFO - [2022-09-05 11:32:58,752] {dagbag.py:508} INFO - Filling up the DagBag from /home/ubuntu/.local/lib/python3.8/site-packages/airflow/example_dags/example_sla_dag.py
[2022-09-05 11:32:58,773] {processor.py:651} INFO - DAG(s) dict_keys(['example_sla_dag']) retrieved from /home/ubuntu/.local/lib/python3.8/site-packages/airflow/example_dags/example_sla_dag.py
[2022-09-05 11:32:58,787] {logging_mixin.py:115} INFO - [2022-09-05 11:32:58,787] {dag.py:2420} INFO - Sync 1 DAGs
[2022-09-05 11:32:58,804] {logging_mixin.py:115} INFO - [2022-09-05 11:32:58,804] {dag.py:2968} INFO - Setting next_dagrun for example_sla_dag to 2022-09-05T11:30:00+00:00, run_after=2022-09-05T11:32:00+00:00
[2022-09-05 11:32:58,822] {processor.py:161} INFO - Processing /home/ubuntu/.local/lib/python3.8/site-packages/airflow/example_dags/example_sla_dag.py took 0.075 seconds
[2022-09-05 11:34:19,490] {processor.py:153} INFO - Started process (PID=29671) to work on /home/ubuntu/.local/lib/python3.8/site-packages/airflow/example_dags/example_sla_dag.py
[2022-09-05 11:34:19,493] {processor.py:641} INFO - Processing file /home/ubuntu/.local/lib/python3.8/site-packages/airflow/example_dags/example_sla_dag.py for tasks to queue
[2022-09-05 11:34:19,493] {logging_mixin.py:115} INFO - [2022-09-05 11:34:19,493] {dagbag.py:508} INFO - Filling up the DagBag from /home/ubuntu/.local/lib/python3.8/site-packages/airflow/example_dags/example_sla_dag.py
[2022-09-05 11:34:19,510] {processor.py:651} INFO - DAG(s) dict_keys(['example_sla_dag']) retrieved from /home/ubuntu/.local/lib/python3.8/site-packages/airflow/example_dags/example_sla_dag.py
[2022-09-05 11:34:19,527] {logging_mixin.py:115} INFO - [2022-09-05 11:34:19,527] {dag.py:2420} INFO - Sync 1 DAGs
[2022-09-05 11:34:19,544] {logging_mixin.py:115} INFO - [2022-09-05 11:34:19,544] {dag.py:2968} INFO - Setting next_dagrun for example_sla_dag to 2022-09-05T11:32:00+00:00, run_after=2022-09-05T11:34:00+00:00
[2022-09-05 11:34:19,562] {processor.py:161} INFO - Processing /home/ubuntu/.local/lib/python3.8/site-packages/airflow/example_dags/example_sla_dag.py took 0.075 seconds
[2022-09-05 11:34:54,486] {processor.py:153} INFO - Started process (PID=29754) to work on /home/ubuntu/.local/lib/python3.8/site-packages/airflow/example_dags/example_sla_dag.py
[2022-09-05 11:34:54,486] {processor.py:641} INFO - Processing file /home/ubuntu/.local/lib/python3.8/site-packages/airflow/example_dags/example_sla_dag.py for tasks to queue
[2022-09-05 11:34:54,487] {logging_mixin.py:115} INFO - [2022-09-05 11:34:54,487] {dagbag.py:508} INFO - Filling up the DagBag from /home/ubuntu/.local/lib/python3.8/site-packages/airflow/example_dags/example_sla_dag.py
[2022-09-05 11:34:54,504] {processor.py:651} INFO - DAG(s) dict_keys(['example_sla_dag']) retrieved from /home/ubuntu/.local/lib/python3.8/site-packages/airflow/example_dags/example_sla_dag.py
[2022-09-05 11:34:54,520] {logging_mixin.py:115} INFO - [2022-09-05 11:34:54,520] {dag.py:2420} INFO - Sync 1 DAGs
[2022-09-05 11:34:54,537] {logging_mixin.py:115} INFO - [2022-09-05 11:34:54,537] {dag.py:2968} INFO - Setting next_dagrun for example_sla_dag to 2022-09-05T11:32:00+00:00, run_after=2022-09-05T11:34:00+00:00
[2022-09-05 11:34:54,550] {processor.py:161} INFO - Processing /home/ubuntu/.local/lib/python3.8/site-packages/airflow/example_dags/example_sla_dag.py took 0.068 seconds
[2022-09-05 11:35:28,928] {processor.py:153} INFO - Started process (PID=29842) to work on /home/ubuntu/.local/lib/python3.8/site-packages/airflow/example_dags/example_sla_dag.py
[2022-09-05 11:35:28,929] {processor.py:641} INFO - Processing file /home/ubuntu/.local/lib/python3.8/site-packages/airflow/example_dags/example_sla_dag.py for tasks to queue
[2022-09-05 11:35:28,929] {logging_mixin.py:115} INFO - [2022-09-05 11:35:28,929] {dagbag.py:508} INFO - Filling up the DagBag from /home/ubuntu/.local/lib/python3.8/site-packages/airflow/example_dags/example_sla_dag.py
[2022-09-05 11:35:28,947] {processor.py:651} INFO - DAG(s) dict_keys(['example_sla_dag']) retrieved from /home/ubuntu/.local/lib/python3.8/site-packages/airflow/example_dags/example_sla_dag.py
[2022-09-05 11:35:28,965] {logging_mixin.py:115} INFO - [2022-09-05 11:35:28,965] {dag.py:2420} INFO - Sync 1 DAGs
[2022-09-05 11:35:28,984] {logging_mixin.py:115} INFO - [2022-09-05 11:35:28,984] {dag.py:2968} INFO - Setting next_dagrun for example_sla_dag to 2022-09-05T11:32:00+00:00, run_after=2022-09-05T11:34:00+00:00
[2022-09-05 11:35:29,001] {processor.py:161} INFO - Processing /home/ubuntu/.local/lib/python3.8/site-packages/airflow/example_dags/example_sla_dag.py took 0.076 seconds
[2022-09-05 11:36:08,148] {processor.py:153} INFO - Started process (PID=29934) to work on /home/ubuntu/.local/lib/python3.8/site-packages/airflow/example_dags/example_sla_dag.py
[2022-09-05 11:36:08,150] {processor.py:641} INFO - Processing file /home/ubuntu/.local/lib/python3.8/site-packages/airflow/example_dags/example_sla_dag.py for tasks to queue
[2022-09-05 11:36:08,151] {logging_mixin.py:115} INFO - [2022-09-05 11:36:08,151] {dagbag.py:508} INFO - Filling up the DagBag from /home/ubuntu/.local/lib/python3.8/site-packages/airflow/example_dags/example_sla_dag.py
[2022-09-05 11:36:08,169] {processor.py:651} INFO - DAG(s) dict_keys(['example_sla_dag']) retrieved from /home/ubuntu/.local/lib/python3.8/site-packages/airflow/example_dags/example_sla_dag.py
[2022-09-05 11:36:08,187] {logging_mixin.py:115} INFO - [2022-09-05 11:36:08,187] {dag.py:2420} INFO - Sync 1 DAGs
[2022-09-05 11:36:08,206] {logging_mixin.py:115} INFO - [2022-09-05 11:36:08,206] {dag.py:2968} INFO - Setting next_dagrun for example_sla_dag to 2022-09-05T11:34:00+00:00, run_after=2022-09-05T11:36:00+00:00
[2022-09-05 11:36:08,228] {processor.py:161} INFO - Processing /home/ubuntu/.local/lib/python3.8/site-packages/airflow/example_dags/example_sla_dag.py took 0.083 seconds
[2022-09-05 11:36:43,654] {processor.py:153} INFO - Started process (PID=30020) to work on /home/ubuntu/.local/lib/python3.8/site-packages/airflow/example_dags/example_sla_dag.py
[2022-09-05 11:36:43,655] {processor.py:641} INFO - Processing file /home/ubuntu/.local/lib/python3.8/site-packages/airflow/example_dags/example_sla_dag.py for tasks to queue
[2022-09-05 11:36:43,655] {logging_mixin.py:115} INFO - [2022-09-05 11:36:43,655] {dagbag.py:508} INFO - Filling up the DagBag from /home/ubuntu/.local/lib/python3.8/site-packages/airflow/example_dags/example_sla_dag.py
[2022-09-05 11:36:43,673] {processor.py:651} INFO - DAG(s) dict_keys(['example_sla_dag']) retrieved from /home/ubuntu/.local/lib/python3.8/site-packages/airflow/example_dags/example_sla_dag.py
[2022-09-05 11:36:43,690] {logging_mixin.py:115} INFO - [2022-09-05 11:36:43,690] {dag.py:2420} INFO - Sync 1 DAGs
[2022-09-05 11:36:43,708] {logging_mixin.py:115} INFO - [2022-09-05 11:36:43,707] {dag.py:2968} INFO - Setting next_dagrun for example_sla_dag to 2022-09-05T11:34:00+00:00, run_after=2022-09-05T11:36:00+00:00
[2022-09-05 11:36:43,721] {processor.py:161} INFO - Processing /home/ubuntu/.local/lib/python3.8/site-packages/airflow/example_dags/example_sla_dag.py took 0.070 seconds
[2022-09-05 11:37:21,430] {processor.py:153} INFO - Started process (PID=30111) to work on /home/ubuntu/.local/lib/python3.8/site-packages/airflow/example_dags/example_sla_dag.py
[2022-09-05 11:37:21,432] {processor.py:641} INFO - Processing file /home/ubuntu/.local/lib/python3.8/site-packages/airflow/example_dags/example_sla_dag.py for tasks to queue
[2022-09-05 11:37:21,432] {logging_mixin.py:115} INFO - [2022-09-05 11:37:21,432] {dagbag.py:508} INFO - Filling up the DagBag from /home/ubuntu/.local/lib/python3.8/site-packages/airflow/example_dags/example_sla_dag.py
[2022-09-05 11:37:21,450] {processor.py:651} INFO - DAG(s) dict_keys(['example_sla_dag']) retrieved from /home/ubuntu/.local/lib/python3.8/site-packages/airflow/example_dags/example_sla_dag.py
[2022-09-05 11:37:21,468] {logging_mixin.py:115} INFO - [2022-09-05 11:37:21,468] {dag.py:2420} INFO - Sync 1 DAGs
[2022-09-05 11:37:21,487] {logging_mixin.py:115} INFO - [2022-09-05 11:37:21,487] {dag.py:2968} INFO - Setting next_dagrun for example_sla_dag to 2022-09-05T11:34:00+00:00, run_after=2022-09-05T11:36:00+00:00
[2022-09-05 11:37:21,504] {processor.py:161} INFO - Processing /home/ubuntu/.local/lib/python3.8/site-packages/airflow/example_dags/example_sla_dag.py took 0.077 seconds
[2022-09-05 11:38:00,990] {processor.py:153} INFO - Started process (PID=30214) to work on /home/ubuntu/.local/lib/python3.8/site-packages/airflow/example_dags/example_sla_dag.py
[2022-09-05 11:38:00,991] {processor.py:641} INFO - Processing file /home/ubuntu/.local/lib/python3.8/site-packages/airflow/example_dags/example_sla_dag.py for tasks to queue
[2022-09-05 11:38:00,991] {logging_mixin.py:115} INFO - [2022-09-05 11:38:00,991] {dagbag.py:508} INFO - Filling up the DagBag from /home/ubuntu/.local/lib/python3.8/site-packages/airflow/example_dags/example_sla_dag.py
[2022-09-05 11:38:01,009] {processor.py:651} INFO - DAG(s) dict_keys(['example_sla_dag']) retrieved from /home/ubuntu/.local/lib/python3.8/site-packages/airflow/example_dags/example_sla_dag.py
[2022-09-05 11:38:01,027] {logging_mixin.py:115} INFO - [2022-09-05 11:38:01,027] {dag.py:2420} INFO - Sync 1 DAGs
[2022-09-05 11:38:01,046] {logging_mixin.py:115} INFO - [2022-09-05 11:38:01,046] {dag.py:2968} INFO - Setting next_dagrun for example_sla_dag to 2022-09-05T11:36:00+00:00, run_after=2022-09-05T11:38:00+00:00
[2022-09-05 11:38:01,066] {processor.py:161} INFO - Processing /home/ubuntu/.local/lib/python3.8/site-packages/airflow/example_dags/example_sla_dag.py took 0.080 seconds
[2022-09-05 11:38:40,201] {processor.py:153} INFO - Started process (PID=30329) to work on /home/ubuntu/.local/lib/python3.8/site-packages/airflow/example_dags/example_sla_dag.py
[2022-09-05 11:38:40,202] {processor.py:641} INFO - Processing file /home/ubuntu/.local/lib/python3.8/site-packages/airflow/example_dags/example_sla_dag.py for tasks to queue
[2022-09-05 11:38:40,202] {logging_mixin.py:115} INFO - [2022-09-05 11:38:40,202] {dagbag.py:508} INFO - Filling up the DagBag from /home/ubuntu/.local/lib/python3.8/site-packages/airflow/example_dags/example_sla_dag.py
[2022-09-05 11:38:40,219] {processor.py:651} INFO - DAG(s) dict_keys(['example_sla_dag']) retrieved from /home/ubuntu/.local/lib/python3.8/site-packages/airflow/example_dags/example_sla_dag.py
[2022-09-05 11:38:40,236] {logging_mixin.py:115} INFO - [2022-09-05 11:38:40,236] {dag.py:2420} INFO - Sync 1 DAGs
[2022-09-05 11:38:40,253] {logging_mixin.py:115} INFO - [2022-09-05 11:38:40,253] {dag.py:2968} INFO - Setting next_dagrun for example_sla_dag to 2022-09-05T11:36:00+00:00, run_after=2022-09-05T11:38:00+00:00
[2022-09-05 11:38:40,271] {processor.py:161} INFO - Processing /home/ubuntu/.local/lib/python3.8/site-packages/airflow/example_dags/example_sla_dag.py took 0.074 seconds
[2022-09-05 11:39:17,448] {processor.py:153} INFO - Started process (PID=30489) to work on /home/ubuntu/.local/lib/python3.8/site-packages/airflow/example_dags/example_sla_dag.py
[2022-09-05 11:39:17,449] {processor.py:641} INFO - Processing file /home/ubuntu/.local/lib/python3.8/site-packages/airflow/example_dags/example_sla_dag.py for tasks to queue
[2022-09-05 11:39:17,450] {logging_mixin.py:115} INFO - [2022-09-05 11:39:17,450] {dagbag.py:508} INFO - Filling up the DagBag from /home/ubuntu/.local/lib/python3.8/site-packages/airflow/example_dags/example_sla_dag.py
[2022-09-05 11:39:17,471] {processor.py:651} INFO - DAG(s) dict_keys(['example_sla_dag']) retrieved from /home/ubuntu/.local/lib/python3.8/site-packages/airflow/example_dags/example_sla_dag.py
[2022-09-05 11:39:17,485] {logging_mixin.py:115} INFO - [2022-09-05 11:39:17,485] {dag.py:2420} INFO - Sync 1 DAGs
[2022-09-05 11:39:17,504] {logging_mixin.py:115} INFO - [2022-09-05 11:39:17,504] {dag.py:2968} INFO - Setting next_dagrun for example_sla_dag to 2022-09-05T11:36:00+00:00, run_after=2022-09-05T11:38:00+00:00
[2022-09-05 11:39:17,520] {processor.py:161} INFO - Processing /home/ubuntu/.local/lib/python3.8/site-packages/airflow/example_dags/example_sla_dag.py took 0.076 seconds
[2022-09-05 11:39:56,156] {processor.py:153} INFO - Started process (PID=30589) to work on /home/ubuntu/.local/lib/python3.8/site-packages/airflow/example_dags/example_sla_dag.py
[2022-09-05 11:39:56,157] {processor.py:641} INFO - Processing file /home/ubuntu/.local/lib/python3.8/site-packages/airflow/example_dags/example_sla_dag.py for tasks to queue
[2022-09-05 11:39:56,157] {logging_mixin.py:115} INFO - [2022-09-05 11:39:56,157] {dagbag.py:508} INFO - Filling up the DagBag from /home/ubuntu/.local/lib/python3.8/site-packages/airflow/example_dags/example_sla_dag.py
[2022-09-05 11:39:56,178] {processor.py:651} INFO - DAG(s) dict_keys(['example_sla_dag']) retrieved from /home/ubuntu/.local/lib/python3.8/site-packages/airflow/example_dags/example_sla_dag.py
[2022-09-05 11:39:56,192] {logging_mixin.py:115} INFO - [2022-09-05 11:39:56,192] {dag.py:2420} INFO - Sync 1 DAGs
[2022-09-05 11:39:56,210] {logging_mixin.py:115} INFO - [2022-09-05 11:39:56,210] {dag.py:2968} INFO - Setting next_dagrun for example_sla_dag to 2022-09-05T11:36:00+00:00, run_after=2022-09-05T11:38:00+00:00
[2022-09-05 11:39:56,229] {processor.py:161} INFO - Processing /home/ubuntu/.local/lib/python3.8/site-packages/airflow/example_dags/example_sla_dag.py took 0.076 seconds
[2022-09-05 16:30:29,144] {processor.py:153} INFO - Started process (PID=55292) to work on /home/ubuntu/.local/lib/python3.8/site-packages/airflow/example_dags/example_sla_dag.py
[2022-09-05 16:30:29,147] {processor.py:641} INFO - Processing file /home/ubuntu/.local/lib/python3.8/site-packages/airflow/example_dags/example_sla_dag.py for tasks to queue
[2022-09-05 16:30:29,147] {logging_mixin.py:115} INFO - [2022-09-05 16:30:29,147] {dagbag.py:508} INFO - Filling up the DagBag from /home/ubuntu/.local/lib/python3.8/site-packages/airflow/example_dags/example_sla_dag.py
[2022-09-05 16:30:29,165] {processor.py:651} INFO - DAG(s) dict_keys(['example_sla_dag']) retrieved from /home/ubuntu/.local/lib/python3.8/site-packages/airflow/example_dags/example_sla_dag.py
[2022-09-05 16:30:29,180] {logging_mixin.py:115} INFO - [2022-09-05 16:30:29,180] {dag.py:2420} INFO - Sync 1 DAGs
[2022-09-05 16:30:29,195] {logging_mixin.py:115} INFO - [2022-09-05 16:30:29,195] {dag.py:2968} INFO - Setting next_dagrun for example_sla_dag to 2022-09-05T16:28:00+00:00, run_after=2022-09-05T16:30:00+00:00
[2022-09-05 16:30:29,209] {processor.py:161} INFO - Processing /home/ubuntu/.local/lib/python3.8/site-packages/airflow/example_dags/example_sla_dag.py took 0.068 seconds
