[2022-09-05 10:47:39,294] {processor.py:153} INFO - Started process (PID=12200) to work on /home/ubuntu/.local/lib/python3.8/site-packages/airflow/example_dags/example_trigger_target_dag.py
[2022-09-05 10:47:39,294] {processor.py:641} INFO - Processing file /home/ubuntu/.local/lib/python3.8/site-packages/airflow/example_dags/example_trigger_target_dag.py for tasks to queue
[2022-09-05 10:47:39,295] {logging_mixin.py:115} INFO - [2022-09-05 10:47:39,294] {dagbag.py:508} INFO - Filling up the DagBag from /home/ubuntu/.local/lib/python3.8/site-packages/airflow/example_dags/example_trigger_target_dag.py
[2022-09-05 10:47:39,309] {processor.py:651} INFO - DAG(s) dict_keys(['example_trigger_target_dag']) retrieved from /home/ubuntu/.local/lib/python3.8/site-packages/airflow/example_dags/example_trigger_target_dag.py
[2022-09-05 10:47:39,326] {logging_mixin.py:115} INFO - [2022-09-05 10:47:39,325] {dag.py:2420} INFO - Sync 1 DAGs
[2022-09-05 10:47:39,339] {logging_mixin.py:115} INFO - [2022-09-05 10:47:39,339] {dag.py:2968} INFO - Setting next_dagrun for example_trigger_target_dag to None, run_after=None
[2022-09-05 10:47:39,363] {processor.py:161} INFO - Processing /home/ubuntu/.local/lib/python3.8/site-packages/airflow/example_dags/example_trigger_target_dag.py took 0.072 seconds
[2022-09-05 10:48:14,603] {processor.py:153} INFO - Started process (PID=12282) to work on /home/ubuntu/.local/lib/python3.8/site-packages/airflow/example_dags/example_trigger_target_dag.py
[2022-09-05 10:48:14,604] {processor.py:641} INFO - Processing file /home/ubuntu/.local/lib/python3.8/site-packages/airflow/example_dags/example_trigger_target_dag.py for tasks to queue
[2022-09-05 10:48:14,605] {logging_mixin.py:115} INFO - [2022-09-05 10:48:14,605] {dagbag.py:508} INFO - Filling up the DagBag from /home/ubuntu/.local/lib/python3.8/site-packages/airflow/example_dags/example_trigger_target_dag.py
[2022-09-05 10:48:14,620] {processor.py:651} INFO - DAG(s) dict_keys(['example_trigger_target_dag']) retrieved from /home/ubuntu/.local/lib/python3.8/site-packages/airflow/example_dags/example_trigger_target_dag.py
[2022-09-05 10:48:14,637] {logging_mixin.py:115} INFO - [2022-09-05 10:48:14,637] {dag.py:2420} INFO - Sync 1 DAGs
[2022-09-05 10:48:14,652] {logging_mixin.py:115} INFO - [2022-09-05 10:48:14,652] {dag.py:2968} INFO - Setting next_dagrun for example_trigger_target_dag to None, run_after=None
[2022-09-05 10:48:14,667] {processor.py:161} INFO - Processing /home/ubuntu/.local/lib/python3.8/site-packages/airflow/example_dags/example_trigger_target_dag.py took 0.068 seconds
[2022-09-05 10:48:50,120] {processor.py:153} INFO - Started process (PID=12372) to work on /home/ubuntu/.local/lib/python3.8/site-packages/airflow/example_dags/example_trigger_target_dag.py
[2022-09-05 10:48:50,121] {processor.py:641} INFO - Processing file /home/ubuntu/.local/lib/python3.8/site-packages/airflow/example_dags/example_trigger_target_dag.py for tasks to queue
[2022-09-05 10:48:50,122] {logging_mixin.py:115} INFO - [2022-09-05 10:48:50,122] {dagbag.py:508} INFO - Filling up the DagBag from /home/ubuntu/.local/lib/python3.8/site-packages/airflow/example_dags/example_trigger_target_dag.py
[2022-09-05 10:48:50,136] {processor.py:651} INFO - DAG(s) dict_keys(['example_trigger_target_dag']) retrieved from /home/ubuntu/.local/lib/python3.8/site-packages/airflow/example_dags/example_trigger_target_dag.py
[2022-09-05 10:48:50,153] {logging_mixin.py:115} INFO - [2022-09-05 10:48:50,153] {dag.py:2420} INFO - Sync 1 DAGs
[2022-09-05 10:48:50,167] {logging_mixin.py:115} INFO - [2022-09-05 10:48:50,167] {dag.py:2968} INFO - Setting next_dagrun for example_trigger_target_dag to None, run_after=None
[2022-09-05 10:48:50,183] {processor.py:161} INFO - Processing /home/ubuntu/.local/lib/python3.8/site-packages/airflow/example_dags/example_trigger_target_dag.py took 0.066 seconds
[2022-09-05 10:49:26,221] {processor.py:153} INFO - Started process (PID=12458) to work on /home/ubuntu/.local/lib/python3.8/site-packages/airflow/example_dags/example_trigger_target_dag.py
[2022-09-05 10:49:26,223] {processor.py:641} INFO - Processing file /home/ubuntu/.local/lib/python3.8/site-packages/airflow/example_dags/example_trigger_target_dag.py for tasks to queue
[2022-09-05 10:49:26,223] {logging_mixin.py:115} INFO - [2022-09-05 10:49:26,223] {dagbag.py:508} INFO - Filling up the DagBag from /home/ubuntu/.local/lib/python3.8/site-packages/airflow/example_dags/example_trigger_target_dag.py
[2022-09-05 10:49:26,238] {processor.py:651} INFO - DAG(s) dict_keys(['example_trigger_target_dag']) retrieved from /home/ubuntu/.local/lib/python3.8/site-packages/airflow/example_dags/example_trigger_target_dag.py
[2022-09-05 10:49:26,255] {logging_mixin.py:115} INFO - [2022-09-05 10:49:26,255] {dag.py:2420} INFO - Sync 1 DAGs
[2022-09-05 10:49:26,270] {logging_mixin.py:115} INFO - [2022-09-05 10:49:26,270] {dag.py:2968} INFO - Setting next_dagrun for example_trigger_target_dag to None, run_after=None
[2022-09-05 10:49:26,284] {processor.py:161} INFO - Processing /home/ubuntu/.local/lib/python3.8/site-packages/airflow/example_dags/example_trigger_target_dag.py took 0.066 seconds
[2022-09-05 10:50:02,738] {processor.py:153} INFO - Started process (PID=12542) to work on /home/ubuntu/.local/lib/python3.8/site-packages/airflow/example_dags/example_trigger_target_dag.py
[2022-09-05 10:50:02,739] {processor.py:641} INFO - Processing file /home/ubuntu/.local/lib/python3.8/site-packages/airflow/example_dags/example_trigger_target_dag.py for tasks to queue
[2022-09-05 10:50:02,740] {logging_mixin.py:115} INFO - [2022-09-05 10:50:02,740] {dagbag.py:508} INFO - Filling up the DagBag from /home/ubuntu/.local/lib/python3.8/site-packages/airflow/example_dags/example_trigger_target_dag.py
[2022-09-05 10:50:02,755] {processor.py:651} INFO - DAG(s) dict_keys(['example_trigger_target_dag']) retrieved from /home/ubuntu/.local/lib/python3.8/site-packages/airflow/example_dags/example_trigger_target_dag.py
[2022-09-05 10:50:02,773] {logging_mixin.py:115} INFO - [2022-09-05 10:50:02,773] {dag.py:2420} INFO - Sync 1 DAGs
[2022-09-05 10:50:02,788] {logging_mixin.py:115} INFO - [2022-09-05 10:50:02,788] {dag.py:2968} INFO - Setting next_dagrun for example_trigger_target_dag to None, run_after=None
[2022-09-05 10:50:02,804] {processor.py:161} INFO - Processing /home/ubuntu/.local/lib/python3.8/site-packages/airflow/example_dags/example_trigger_target_dag.py took 0.069 seconds
[2022-09-05 10:50:38,131] {processor.py:153} INFO - Started process (PID=12628) to work on /home/ubuntu/.local/lib/python3.8/site-packages/airflow/example_dags/example_trigger_target_dag.py
[2022-09-05 10:50:38,132] {processor.py:641} INFO - Processing file /home/ubuntu/.local/lib/python3.8/site-packages/airflow/example_dags/example_trigger_target_dag.py for tasks to queue
[2022-09-05 10:50:38,132] {logging_mixin.py:115} INFO - [2022-09-05 10:50:38,132] {dagbag.py:508} INFO - Filling up the DagBag from /home/ubuntu/.local/lib/python3.8/site-packages/airflow/example_dags/example_trigger_target_dag.py
[2022-09-05 10:50:38,148] {processor.py:651} INFO - DAG(s) dict_keys(['example_trigger_target_dag']) retrieved from /home/ubuntu/.local/lib/python3.8/site-packages/airflow/example_dags/example_trigger_target_dag.py
[2022-09-05 10:50:38,165] {logging_mixin.py:115} INFO - [2022-09-05 10:50:38,165] {dag.py:2420} INFO - Sync 1 DAGs
[2022-09-05 10:50:38,180] {logging_mixin.py:115} INFO - [2022-09-05 10:50:38,180] {dag.py:2968} INFO - Setting next_dagrun for example_trigger_target_dag to None, run_after=None
[2022-09-05 10:50:38,197] {processor.py:161} INFO - Processing /home/ubuntu/.local/lib/python3.8/site-packages/airflow/example_dags/example_trigger_target_dag.py took 0.070 seconds
[2022-09-05 10:51:17,603] {processor.py:153} INFO - Started process (PID=12716) to work on /home/ubuntu/.local/lib/python3.8/site-packages/airflow/example_dags/example_trigger_target_dag.py
[2022-09-05 10:51:17,606] {processor.py:641} INFO - Processing file /home/ubuntu/.local/lib/python3.8/site-packages/airflow/example_dags/example_trigger_target_dag.py for tasks to queue
[2022-09-05 10:51:17,606] {logging_mixin.py:115} INFO - [2022-09-05 10:51:17,606] {dagbag.py:508} INFO - Filling up the DagBag from /home/ubuntu/.local/lib/python3.8/site-packages/airflow/example_dags/example_trigger_target_dag.py
[2022-09-05 10:51:17,622] {processor.py:651} INFO - DAG(s) dict_keys(['example_trigger_target_dag']) retrieved from /home/ubuntu/.local/lib/python3.8/site-packages/airflow/example_dags/example_trigger_target_dag.py
[2022-09-05 10:51:17,639] {logging_mixin.py:115} INFO - [2022-09-05 10:51:17,639] {dag.py:2420} INFO - Sync 1 DAGs
[2022-09-05 10:51:17,654] {logging_mixin.py:115} INFO - [2022-09-05 10:51:17,654] {dag.py:2968} INFO - Setting next_dagrun for example_trigger_target_dag to None, run_after=None
[2022-09-05 10:51:17,670] {processor.py:161} INFO - Processing /home/ubuntu/.local/lib/python3.8/site-packages/airflow/example_dags/example_trigger_target_dag.py took 0.071 seconds
[2022-09-05 10:51:53,450] {processor.py:153} INFO - Started process (PID=13031) to work on /home/ubuntu/.local/lib/python3.8/site-packages/airflow/example_dags/example_trigger_target_dag.py
[2022-09-05 10:51:53,452] {processor.py:641} INFO - Processing file /home/ubuntu/.local/lib/python3.8/site-packages/airflow/example_dags/example_trigger_target_dag.py for tasks to queue
[2022-09-05 10:51:53,452] {logging_mixin.py:115} INFO - [2022-09-05 10:51:53,452] {dagbag.py:508} INFO - Filling up the DagBag from /home/ubuntu/.local/lib/python3.8/site-packages/airflow/example_dags/example_trigger_target_dag.py
[2022-09-05 10:51:53,466] {processor.py:651} INFO - DAG(s) dict_keys(['example_trigger_target_dag']) retrieved from /home/ubuntu/.local/lib/python3.8/site-packages/airflow/example_dags/example_trigger_target_dag.py
[2022-09-05 10:51:53,484] {logging_mixin.py:115} INFO - [2022-09-05 10:51:53,483] {dag.py:2420} INFO - Sync 1 DAGs
[2022-09-05 10:51:53,499] {logging_mixin.py:115} INFO - [2022-09-05 10:51:53,498] {dag.py:2968} INFO - Setting next_dagrun for example_trigger_target_dag to None, run_after=None
[2022-09-05 10:51:53,513] {processor.py:161} INFO - Processing /home/ubuntu/.local/lib/python3.8/site-packages/airflow/example_dags/example_trigger_target_dag.py took 0.066 seconds
[2022-09-05 10:52:29,494] {processor.py:153} INFO - Started process (PID=13233) to work on /home/ubuntu/.local/lib/python3.8/site-packages/airflow/example_dags/example_trigger_target_dag.py
[2022-09-05 10:52:29,495] {processor.py:641} INFO - Processing file /home/ubuntu/.local/lib/python3.8/site-packages/airflow/example_dags/example_trigger_target_dag.py for tasks to queue
[2022-09-05 10:52:29,496] {logging_mixin.py:115} INFO - [2022-09-05 10:52:29,496] {dagbag.py:508} INFO - Filling up the DagBag from /home/ubuntu/.local/lib/python3.8/site-packages/airflow/example_dags/example_trigger_target_dag.py
[2022-09-05 10:52:29,515] {processor.py:651} INFO - DAG(s) dict_keys(['example_trigger_target_dag']) retrieved from /home/ubuntu/.local/lib/python3.8/site-packages/airflow/example_dags/example_trigger_target_dag.py
[2022-09-05 10:52:29,529] {logging_mixin.py:115} INFO - [2022-09-05 10:52:29,529] {dag.py:2420} INFO - Sync 1 DAGs
[2022-09-05 10:52:29,544] {logging_mixin.py:115} INFO - [2022-09-05 10:52:29,544] {dag.py:2968} INFO - Setting next_dagrun for example_trigger_target_dag to None, run_after=None
[2022-09-05 10:52:29,561] {processor.py:161} INFO - Processing /home/ubuntu/.local/lib/python3.8/site-packages/airflow/example_dags/example_trigger_target_dag.py took 0.070 seconds
[2022-09-05 10:53:04,607] {processor.py:153} INFO - Started process (PID=13369) to work on /home/ubuntu/.local/lib/python3.8/site-packages/airflow/example_dags/example_trigger_target_dag.py
[2022-09-05 10:53:04,608] {processor.py:641} INFO - Processing file /home/ubuntu/.local/lib/python3.8/site-packages/airflow/example_dags/example_trigger_target_dag.py for tasks to queue
[2022-09-05 10:53:04,608] {logging_mixin.py:115} INFO - [2022-09-05 10:53:04,608] {dagbag.py:508} INFO - Filling up the DagBag from /home/ubuntu/.local/lib/python3.8/site-packages/airflow/example_dags/example_trigger_target_dag.py
[2022-09-05 10:53:04,626] {processor.py:651} INFO - DAG(s) dict_keys(['example_trigger_target_dag']) retrieved from /home/ubuntu/.local/lib/python3.8/site-packages/airflow/example_dags/example_trigger_target_dag.py
[2022-09-05 10:53:04,640] {logging_mixin.py:115} INFO - [2022-09-05 10:53:04,640] {dag.py:2420} INFO - Sync 1 DAGs
[2022-09-05 10:53:04,654] {logging_mixin.py:115} INFO - [2022-09-05 10:53:04,654] {dag.py:2968} INFO - Setting next_dagrun for example_trigger_target_dag to None, run_after=None
[2022-09-05 10:53:04,671] {processor.py:161} INFO - Processing /home/ubuntu/.local/lib/python3.8/site-packages/airflow/example_dags/example_trigger_target_dag.py took 0.067 seconds
[2022-09-05 10:53:39,511] {processor.py:153} INFO - Started process (PID=13431) to work on /home/ubuntu/.local/lib/python3.8/site-packages/airflow/example_dags/example_trigger_target_dag.py
[2022-09-05 10:53:39,514] {processor.py:641} INFO - Processing file /home/ubuntu/.local/lib/python3.8/site-packages/airflow/example_dags/example_trigger_target_dag.py for tasks to queue
[2022-09-05 10:53:39,514] {logging_mixin.py:115} INFO - [2022-09-05 10:53:39,514] {dagbag.py:508} INFO - Filling up the DagBag from /home/ubuntu/.local/lib/python3.8/site-packages/airflow/example_dags/example_trigger_target_dag.py
[2022-09-05 10:53:39,534] {processor.py:651} INFO - DAG(s) dict_keys(['example_trigger_target_dag']) retrieved from /home/ubuntu/.local/lib/python3.8/site-packages/airflow/example_dags/example_trigger_target_dag.py
[2022-09-05 10:53:39,549] {logging_mixin.py:115} INFO - [2022-09-05 10:53:39,549] {dag.py:2420} INFO - Sync 1 DAGs
[2022-09-05 10:53:39,565] {logging_mixin.py:115} INFO - [2022-09-05 10:53:39,565] {dag.py:2968} INFO - Setting next_dagrun for example_trigger_target_dag to None, run_after=None
[2022-09-05 10:53:39,580] {processor.py:161} INFO - Processing /home/ubuntu/.local/lib/python3.8/site-packages/airflow/example_dags/example_trigger_target_dag.py took 0.073 seconds
[2022-09-05 10:54:11,488] {processor.py:153} INFO - Started process (PID=13477) to work on /home/ubuntu/.local/lib/python3.8/site-packages/airflow/example_dags/example_trigger_target_dag.py
[2022-09-05 10:54:11,489] {processor.py:641} INFO - Processing file /home/ubuntu/.local/lib/python3.8/site-packages/airflow/example_dags/example_trigger_target_dag.py for tasks to queue
[2022-09-05 10:54:11,490] {logging_mixin.py:115} INFO - [2022-09-05 10:54:11,490] {dagbag.py:508} INFO - Filling up the DagBag from /home/ubuntu/.local/lib/python3.8/site-packages/airflow/example_dags/example_trigger_target_dag.py
[2022-09-05 10:54:11,508] {processor.py:651} INFO - DAG(s) dict_keys(['example_trigger_target_dag']) retrieved from /home/ubuntu/.local/lib/python3.8/site-packages/airflow/example_dags/example_trigger_target_dag.py
[2022-09-05 10:54:11,522] {logging_mixin.py:115} INFO - [2022-09-05 10:54:11,522] {dag.py:2420} INFO - Sync 1 DAGs
[2022-09-05 10:54:11,536] {logging_mixin.py:115} INFO - [2022-09-05 10:54:11,536] {dag.py:2968} INFO - Setting next_dagrun for example_trigger_target_dag to None, run_after=None
[2022-09-05 10:54:11,551] {processor.py:161} INFO - Processing /home/ubuntu/.local/lib/python3.8/site-packages/airflow/example_dags/example_trigger_target_dag.py took 0.067 seconds
[2022-09-05 10:54:45,722] {processor.py:153} INFO - Started process (PID=13525) to work on /home/ubuntu/.local/lib/python3.8/site-packages/airflow/example_dags/example_trigger_target_dag.py
[2022-09-05 10:54:45,723] {processor.py:641} INFO - Processing file /home/ubuntu/.local/lib/python3.8/site-packages/airflow/example_dags/example_trigger_target_dag.py for tasks to queue
[2022-09-05 10:54:45,724] {logging_mixin.py:115} INFO - [2022-09-05 10:54:45,724] {dagbag.py:508} INFO - Filling up the DagBag from /home/ubuntu/.local/lib/python3.8/site-packages/airflow/example_dags/example_trigger_target_dag.py
[2022-09-05 10:54:45,743] {processor.py:651} INFO - DAG(s) dict_keys(['example_trigger_target_dag']) retrieved from /home/ubuntu/.local/lib/python3.8/site-packages/airflow/example_dags/example_trigger_target_dag.py
[2022-09-05 10:54:45,757] {logging_mixin.py:115} INFO - [2022-09-05 10:54:45,757] {dag.py:2420} INFO - Sync 1 DAGs
[2022-09-05 10:54:45,773] {logging_mixin.py:115} INFO - [2022-09-05 10:54:45,773] {dag.py:2968} INFO - Setting next_dagrun for example_trigger_target_dag to None, run_after=None
[2022-09-05 10:54:45,793] {processor.py:161} INFO - Processing /home/ubuntu/.local/lib/python3.8/site-packages/airflow/example_dags/example_trigger_target_dag.py took 0.074 seconds
[2022-09-05 10:55:22,235] {processor.py:153} INFO - Started process (PID=13577) to work on /home/ubuntu/.local/lib/python3.8/site-packages/airflow/example_dags/example_trigger_target_dag.py
[2022-09-05 10:55:22,236] {processor.py:641} INFO - Processing file /home/ubuntu/.local/lib/python3.8/site-packages/airflow/example_dags/example_trigger_target_dag.py for tasks to queue
[2022-09-05 10:55:22,237] {logging_mixin.py:115} INFO - [2022-09-05 10:55:22,237] {dagbag.py:508} INFO - Filling up the DagBag from /home/ubuntu/.local/lib/python3.8/site-packages/airflow/example_dags/example_trigger_target_dag.py
[2022-09-05 10:55:22,256] {processor.py:651} INFO - DAG(s) dict_keys(['example_trigger_target_dag']) retrieved from /home/ubuntu/.local/lib/python3.8/site-packages/airflow/example_dags/example_trigger_target_dag.py
[2022-09-05 10:55:22,271] {logging_mixin.py:115} INFO - [2022-09-05 10:55:22,271] {dag.py:2420} INFO - Sync 1 DAGs
[2022-09-05 10:55:22,288] {logging_mixin.py:115} INFO - [2022-09-05 10:55:22,287] {dag.py:2968} INFO - Setting next_dagrun for example_trigger_target_dag to None, run_after=None
[2022-09-05 10:55:22,304] {processor.py:161} INFO - Processing /home/ubuntu/.local/lib/python3.8/site-packages/airflow/example_dags/example_trigger_target_dag.py took 0.073 seconds
[2022-09-05 10:55:57,621] {processor.py:153} INFO - Started process (PID=13636) to work on /home/ubuntu/.local/lib/python3.8/site-packages/airflow/example_dags/example_trigger_target_dag.py
[2022-09-05 10:55:57,621] {processor.py:641} INFO - Processing file /home/ubuntu/.local/lib/python3.8/site-packages/airflow/example_dags/example_trigger_target_dag.py for tasks to queue
[2022-09-05 10:55:57,622] {logging_mixin.py:115} INFO - [2022-09-05 10:55:57,622] {dagbag.py:508} INFO - Filling up the DagBag from /home/ubuntu/.local/lib/python3.8/site-packages/airflow/example_dags/example_trigger_target_dag.py
[2022-09-05 10:55:57,640] {processor.py:651} INFO - DAG(s) dict_keys(['example_trigger_target_dag']) retrieved from /home/ubuntu/.local/lib/python3.8/site-packages/airflow/example_dags/example_trigger_target_dag.py
[2022-09-05 10:55:57,654] {logging_mixin.py:115} INFO - [2022-09-05 10:55:57,654] {dag.py:2420} INFO - Sync 1 DAGs
[2022-09-05 10:55:57,669] {logging_mixin.py:115} INFO - [2022-09-05 10:55:57,669] {dag.py:2968} INFO - Setting next_dagrun for example_trigger_target_dag to None, run_after=None
[2022-09-05 10:55:57,685] {processor.py:161} INFO - Processing /home/ubuntu/.local/lib/python3.8/site-packages/airflow/example_dags/example_trigger_target_dag.py took 0.068 seconds
[2022-09-05 10:56:33,653] {processor.py:153} INFO - Started process (PID=13687) to work on /home/ubuntu/.local/lib/python3.8/site-packages/airflow/example_dags/example_trigger_target_dag.py
[2022-09-05 10:56:33,655] {processor.py:641} INFO - Processing file /home/ubuntu/.local/lib/python3.8/site-packages/airflow/example_dags/example_trigger_target_dag.py for tasks to queue
[2022-09-05 10:56:33,655] {logging_mixin.py:115} INFO - [2022-09-05 10:56:33,655] {dagbag.py:508} INFO - Filling up the DagBag from /home/ubuntu/.local/lib/python3.8/site-packages/airflow/example_dags/example_trigger_target_dag.py
[2022-09-05 10:56:33,674] {processor.py:651} INFO - DAG(s) dict_keys(['example_trigger_target_dag']) retrieved from /home/ubuntu/.local/lib/python3.8/site-packages/airflow/example_dags/example_trigger_target_dag.py
[2022-09-05 10:56:33,687] {logging_mixin.py:115} INFO - [2022-09-05 10:56:33,687] {dag.py:2420} INFO - Sync 1 DAGs
[2022-09-05 10:56:33,702] {logging_mixin.py:115} INFO - [2022-09-05 10:56:33,702] {dag.py:2968} INFO - Setting next_dagrun for example_trigger_target_dag to None, run_after=None
[2022-09-05 10:56:33,720] {processor.py:161} INFO - Processing /home/ubuntu/.local/lib/python3.8/site-packages/airflow/example_dags/example_trigger_target_dag.py took 0.070 seconds
[2022-09-05 10:57:09,662] {processor.py:153} INFO - Started process (PID=13754) to work on /home/ubuntu/.local/lib/python3.8/site-packages/airflow/example_dags/example_trigger_target_dag.py
[2022-09-05 10:57:09,664] {processor.py:641} INFO - Processing file /home/ubuntu/.local/lib/python3.8/site-packages/airflow/example_dags/example_trigger_target_dag.py for tasks to queue
[2022-09-05 10:57:09,664] {logging_mixin.py:115} INFO - [2022-09-05 10:57:09,664] {dagbag.py:508} INFO - Filling up the DagBag from /home/ubuntu/.local/lib/python3.8/site-packages/airflow/example_dags/example_trigger_target_dag.py
[2022-09-05 10:57:09,683] {processor.py:651} INFO - DAG(s) dict_keys(['example_trigger_target_dag']) retrieved from /home/ubuntu/.local/lib/python3.8/site-packages/airflow/example_dags/example_trigger_target_dag.py
[2022-09-05 10:57:09,697] {logging_mixin.py:115} INFO - [2022-09-05 10:57:09,697] {dag.py:2420} INFO - Sync 1 DAGs
[2022-09-05 10:57:09,712] {logging_mixin.py:115} INFO - [2022-09-05 10:57:09,712] {dag.py:2968} INFO - Setting next_dagrun for example_trigger_target_dag to None, run_after=None
[2022-09-05 10:57:09,726] {processor.py:161} INFO - Processing /home/ubuntu/.local/lib/python3.8/site-packages/airflow/example_dags/example_trigger_target_dag.py took 0.067 seconds
[2022-09-05 10:58:25,040] {processor.py:153} INFO - Started process (PID=14088) to work on /home/ubuntu/.local/lib/python3.8/site-packages/airflow/example_dags/example_trigger_target_dag.py
[2022-09-05 10:58:25,042] {processor.py:641} INFO - Processing file /home/ubuntu/.local/lib/python3.8/site-packages/airflow/example_dags/example_trigger_target_dag.py for tasks to queue
[2022-09-05 10:58:25,043] {logging_mixin.py:115} INFO - [2022-09-05 10:58:25,043] {dagbag.py:508} INFO - Filling up the DagBag from /home/ubuntu/.local/lib/python3.8/site-packages/airflow/example_dags/example_trigger_target_dag.py
[2022-09-05 10:58:25,058] {processor.py:651} INFO - DAG(s) dict_keys(['example_trigger_target_dag']) retrieved from /home/ubuntu/.local/lib/python3.8/site-packages/airflow/example_dags/example_trigger_target_dag.py
[2022-09-05 10:58:25,075] {logging_mixin.py:115} INFO - [2022-09-05 10:58:25,075] {dag.py:2420} INFO - Sync 1 DAGs
[2022-09-05 10:58:25,090] {logging_mixin.py:115} INFO - [2022-09-05 10:58:25,090] {dag.py:2968} INFO - Setting next_dagrun for example_trigger_target_dag to None, run_after=None
[2022-09-05 10:58:25,108] {processor.py:161} INFO - Processing /home/ubuntu/.local/lib/python3.8/site-packages/airflow/example_dags/example_trigger_target_dag.py took 0.071 seconds
[2022-09-05 10:59:02,293] {processor.py:153} INFO - Started process (PID=14353) to work on /home/ubuntu/.local/lib/python3.8/site-packages/airflow/example_dags/example_trigger_target_dag.py
[2022-09-05 10:59:02,295] {processor.py:641} INFO - Processing file /home/ubuntu/.local/lib/python3.8/site-packages/airflow/example_dags/example_trigger_target_dag.py for tasks to queue
[2022-09-05 10:59:02,296] {logging_mixin.py:115} INFO - [2022-09-05 10:59:02,296] {dagbag.py:508} INFO - Filling up the DagBag from /home/ubuntu/.local/lib/python3.8/site-packages/airflow/example_dags/example_trigger_target_dag.py
[2022-09-05 10:59:02,312] {processor.py:651} INFO - DAG(s) dict_keys(['example_trigger_target_dag']) retrieved from /home/ubuntu/.local/lib/python3.8/site-packages/airflow/example_dags/example_trigger_target_dag.py
[2022-09-05 10:59:02,365] {logging_mixin.py:115} INFO - [2022-09-05 10:59:02,364] {dag.py:2420} INFO - Sync 1 DAGs
[2022-09-05 10:59:02,381] {logging_mixin.py:115} INFO - [2022-09-05 10:59:02,381] {dag.py:2968} INFO - Setting next_dagrun for example_trigger_target_dag to None, run_after=None
[2022-09-05 10:59:02,465] {processor.py:161} INFO - Processing /home/ubuntu/.local/lib/python3.8/site-packages/airflow/example_dags/example_trigger_target_dag.py took 0.176 seconds
[2022-09-05 10:59:39,982] {processor.py:153} INFO - Started process (PID=14832) to work on /home/ubuntu/.local/lib/python3.8/site-packages/airflow/example_dags/example_trigger_target_dag.py
[2022-09-05 10:59:39,983] {processor.py:641} INFO - Processing file /home/ubuntu/.local/lib/python3.8/site-packages/airflow/example_dags/example_trigger_target_dag.py for tasks to queue
[2022-09-05 10:59:39,984] {logging_mixin.py:115} INFO - [2022-09-05 10:59:39,984] {dagbag.py:508} INFO - Filling up the DagBag from /home/ubuntu/.local/lib/python3.8/site-packages/airflow/example_dags/example_trigger_target_dag.py
[2022-09-05 10:59:39,999] {processor.py:651} INFO - DAG(s) dict_keys(['example_trigger_target_dag']) retrieved from /home/ubuntu/.local/lib/python3.8/site-packages/airflow/example_dags/example_trigger_target_dag.py
[2022-09-05 10:59:40,017] {logging_mixin.py:115} INFO - [2022-09-05 10:59:40,017] {dag.py:2420} INFO - Sync 1 DAGs
[2022-09-05 10:59:40,032] {logging_mixin.py:115} INFO - [2022-09-05 10:59:40,032] {dag.py:2968} INFO - Setting next_dagrun for example_trigger_target_dag to None, run_after=None
[2022-09-05 10:59:40,051] {processor.py:161} INFO - Processing /home/ubuntu/.local/lib/python3.8/site-packages/airflow/example_dags/example_trigger_target_dag.py took 0.072 seconds
[2022-09-05 11:00:18,841] {processor.py:153} INFO - Started process (PID=14993) to work on /home/ubuntu/.local/lib/python3.8/site-packages/airflow/example_dags/example_trigger_target_dag.py
[2022-09-05 11:00:18,842] {processor.py:641} INFO - Processing file /home/ubuntu/.local/lib/python3.8/site-packages/airflow/example_dags/example_trigger_target_dag.py for tasks to queue
[2022-09-05 11:00:18,843] {logging_mixin.py:115} INFO - [2022-09-05 11:00:18,842] {dagbag.py:508} INFO - Filling up the DagBag from /home/ubuntu/.local/lib/python3.8/site-packages/airflow/example_dags/example_trigger_target_dag.py
[2022-09-05 11:00:18,858] {processor.py:651} INFO - DAG(s) dict_keys(['example_trigger_target_dag']) retrieved from /home/ubuntu/.local/lib/python3.8/site-packages/airflow/example_dags/example_trigger_target_dag.py
[2022-09-05 11:00:18,876] {logging_mixin.py:115} INFO - [2022-09-05 11:00:18,876] {dag.py:2420} INFO - Sync 1 DAGs
[2022-09-05 11:00:18,891] {logging_mixin.py:115} INFO - [2022-09-05 11:00:18,891] {dag.py:2968} INFO - Setting next_dagrun for example_trigger_target_dag to None, run_after=None
[2022-09-05 11:00:18,912] {processor.py:161} INFO - Processing /home/ubuntu/.local/lib/python3.8/site-packages/airflow/example_dags/example_trigger_target_dag.py took 0.074 seconds
[2022-09-05 11:00:54,832] {processor.py:153} INFO - Started process (PID=15037) to work on /home/ubuntu/.local/lib/python3.8/site-packages/airflow/example_dags/example_trigger_target_dag.py
[2022-09-05 11:00:54,833] {processor.py:641} INFO - Processing file /home/ubuntu/.local/lib/python3.8/site-packages/airflow/example_dags/example_trigger_target_dag.py for tasks to queue
[2022-09-05 11:00:54,834] {logging_mixin.py:115} INFO - [2022-09-05 11:00:54,834] {dagbag.py:508} INFO - Filling up the DagBag from /home/ubuntu/.local/lib/python3.8/site-packages/airflow/example_dags/example_trigger_target_dag.py
[2022-09-05 11:00:54,849] {processor.py:651} INFO - DAG(s) dict_keys(['example_trigger_target_dag']) retrieved from /home/ubuntu/.local/lib/python3.8/site-packages/airflow/example_dags/example_trigger_target_dag.py
[2022-09-05 11:00:54,867] {logging_mixin.py:115} INFO - [2022-09-05 11:00:54,867] {dag.py:2420} INFO - Sync 1 DAGs
[2022-09-05 11:00:54,882] {logging_mixin.py:115} INFO - [2022-09-05 11:00:54,882] {dag.py:2968} INFO - Setting next_dagrun for example_trigger_target_dag to None, run_after=None
[2022-09-05 11:00:54,900] {processor.py:161} INFO - Processing /home/ubuntu/.local/lib/python3.8/site-packages/airflow/example_dags/example_trigger_target_dag.py took 0.071 seconds
[2022-09-05 11:01:30,339] {processor.py:153} INFO - Started process (PID=15080) to work on /home/ubuntu/.local/lib/python3.8/site-packages/airflow/example_dags/example_trigger_target_dag.py
[2022-09-05 11:01:30,341] {processor.py:641} INFO - Processing file /home/ubuntu/.local/lib/python3.8/site-packages/airflow/example_dags/example_trigger_target_dag.py for tasks to queue
[2022-09-05 11:01:30,341] {logging_mixin.py:115} INFO - [2022-09-05 11:01:30,341] {dagbag.py:508} INFO - Filling up the DagBag from /home/ubuntu/.local/lib/python3.8/site-packages/airflow/example_dags/example_trigger_target_dag.py
[2022-09-05 11:01:30,357] {processor.py:651} INFO - DAG(s) dict_keys(['example_trigger_target_dag']) retrieved from /home/ubuntu/.local/lib/python3.8/site-packages/airflow/example_dags/example_trigger_target_dag.py
[2022-09-05 11:01:30,375] {logging_mixin.py:115} INFO - [2022-09-05 11:01:30,375] {dag.py:2420} INFO - Sync 1 DAGs
[2022-09-05 11:01:30,390] {logging_mixin.py:115} INFO - [2022-09-05 11:01:30,390] {dag.py:2968} INFO - Setting next_dagrun for example_trigger_target_dag to None, run_after=None
[2022-09-05 11:01:30,415] {processor.py:161} INFO - Processing /home/ubuntu/.local/lib/python3.8/site-packages/airflow/example_dags/example_trigger_target_dag.py took 0.079 seconds
[2022-09-05 11:02:05,227] {processor.py:153} INFO - Started process (PID=15121) to work on /home/ubuntu/.local/lib/python3.8/site-packages/airflow/example_dags/example_trigger_target_dag.py
[2022-09-05 11:02:05,228] {processor.py:641} INFO - Processing file /home/ubuntu/.local/lib/python3.8/site-packages/airflow/example_dags/example_trigger_target_dag.py for tasks to queue
[2022-09-05 11:02:05,229] {logging_mixin.py:115} INFO - [2022-09-05 11:02:05,229] {dagbag.py:508} INFO - Filling up the DagBag from /home/ubuntu/.local/lib/python3.8/site-packages/airflow/example_dags/example_trigger_target_dag.py
[2022-09-05 11:02:05,244] {processor.py:651} INFO - DAG(s) dict_keys(['example_trigger_target_dag']) retrieved from /home/ubuntu/.local/lib/python3.8/site-packages/airflow/example_dags/example_trigger_target_dag.py
[2022-09-05 11:02:05,262] {logging_mixin.py:115} INFO - [2022-09-05 11:02:05,262] {dag.py:2420} INFO - Sync 1 DAGs
[2022-09-05 11:02:05,278] {logging_mixin.py:115} INFO - [2022-09-05 11:02:05,278] {dag.py:2968} INFO - Setting next_dagrun for example_trigger_target_dag to None, run_after=None
[2022-09-05 11:02:05,308] {processor.py:161} INFO - Processing /home/ubuntu/.local/lib/python3.8/site-packages/airflow/example_dags/example_trigger_target_dag.py took 0.085 seconds
[2022-09-05 11:02:40,947] {processor.py:153} INFO - Started process (PID=15225) to work on /home/ubuntu/.local/lib/python3.8/site-packages/airflow/example_dags/example_trigger_target_dag.py
[2022-09-05 11:02:40,949] {processor.py:641} INFO - Processing file /home/ubuntu/.local/lib/python3.8/site-packages/airflow/example_dags/example_trigger_target_dag.py for tasks to queue
[2022-09-05 11:02:40,950] {logging_mixin.py:115} INFO - [2022-09-05 11:02:40,950] {dagbag.py:508} INFO - Filling up the DagBag from /home/ubuntu/.local/lib/python3.8/site-packages/airflow/example_dags/example_trigger_target_dag.py
[2022-09-05 11:02:40,965] {processor.py:651} INFO - DAG(s) dict_keys(['example_trigger_target_dag']) retrieved from /home/ubuntu/.local/lib/python3.8/site-packages/airflow/example_dags/example_trigger_target_dag.py
[2022-09-05 11:02:40,983] {logging_mixin.py:115} INFO - [2022-09-05 11:02:40,983] {dag.py:2420} INFO - Sync 1 DAGs
[2022-09-05 11:02:40,998] {logging_mixin.py:115} INFO - [2022-09-05 11:02:40,998] {dag.py:2968} INFO - Setting next_dagrun for example_trigger_target_dag to None, run_after=None
[2022-09-05 11:02:41,014] {processor.py:161} INFO - Processing /home/ubuntu/.local/lib/python3.8/site-packages/airflow/example_dags/example_trigger_target_dag.py took 0.070 seconds
[2022-09-05 11:03:16,658] {processor.py:153} INFO - Started process (PID=15517) to work on /home/ubuntu/.local/lib/python3.8/site-packages/airflow/example_dags/example_trigger_target_dag.py
[2022-09-05 11:03:16,660] {processor.py:641} INFO - Processing file /home/ubuntu/.local/lib/python3.8/site-packages/airflow/example_dags/example_trigger_target_dag.py for tasks to queue
[2022-09-05 11:03:16,661] {logging_mixin.py:115} INFO - [2022-09-05 11:03:16,661] {dagbag.py:508} INFO - Filling up the DagBag from /home/ubuntu/.local/lib/python3.8/site-packages/airflow/example_dags/example_trigger_target_dag.py
[2022-09-05 11:03:16,681] {processor.py:651} INFO - DAG(s) dict_keys(['example_trigger_target_dag']) retrieved from /home/ubuntu/.local/lib/python3.8/site-packages/airflow/example_dags/example_trigger_target_dag.py
[2022-09-05 11:03:16,695] {logging_mixin.py:115} INFO - [2022-09-05 11:03:16,695] {dag.py:2420} INFO - Sync 1 DAGs
[2022-09-05 11:03:16,711] {logging_mixin.py:115} INFO - [2022-09-05 11:03:16,711] {dag.py:2968} INFO - Setting next_dagrun for example_trigger_target_dag to None, run_after=None
[2022-09-05 11:03:16,728] {processor.py:161} INFO - Processing /home/ubuntu/.local/lib/python3.8/site-packages/airflow/example_dags/example_trigger_target_dag.py took 0.073 seconds
[2022-09-05 11:04:02,626] {processor.py:153} INFO - Started process (PID=15799) to work on /home/ubuntu/.local/lib/python3.8/site-packages/airflow/example_dags/example_trigger_target_dag.py
[2022-09-05 11:04:02,628] {processor.py:641} INFO - Processing file /home/ubuntu/.local/lib/python3.8/site-packages/airflow/example_dags/example_trigger_target_dag.py for tasks to queue
[2022-09-05 11:04:02,628] {logging_mixin.py:115} INFO - [2022-09-05 11:04:02,628] {dagbag.py:508} INFO - Filling up the DagBag from /home/ubuntu/.local/lib/python3.8/site-packages/airflow/example_dags/example_trigger_target_dag.py
[2022-09-05 11:04:02,644] {processor.py:651} INFO - DAG(s) dict_keys(['example_trigger_target_dag']) retrieved from /home/ubuntu/.local/lib/python3.8/site-packages/airflow/example_dags/example_trigger_target_dag.py
[2022-09-05 11:04:02,661] {logging_mixin.py:115} INFO - [2022-09-05 11:04:02,661] {dag.py:2420} INFO - Sync 1 DAGs
[2022-09-05 11:04:02,676] {logging_mixin.py:115} INFO - [2022-09-05 11:04:02,676] {dag.py:2968} INFO - Setting next_dagrun for example_trigger_target_dag to None, run_after=None
[2022-09-05 11:04:02,697] {processor.py:161} INFO - Processing /home/ubuntu/.local/lib/python3.8/site-packages/airflow/example_dags/example_trigger_target_dag.py took 0.075 seconds
[2022-09-05 11:09:13,228] {processor.py:153} INFO - Started process (PID=20168) to work on /home/ubuntu/.local/lib/python3.8/site-packages/airflow/example_dags/example_trigger_target_dag.py
[2022-09-05 11:09:13,230] {processor.py:641} INFO - Processing file /home/ubuntu/.local/lib/python3.8/site-packages/airflow/example_dags/example_trigger_target_dag.py for tasks to queue
[2022-09-05 11:09:13,230] {logging_mixin.py:115} INFO - [2022-09-05 11:09:13,230] {dagbag.py:508} INFO - Filling up the DagBag from /home/ubuntu/.local/lib/python3.8/site-packages/airflow/example_dags/example_trigger_target_dag.py
[2022-09-05 11:09:13,246] {processor.py:651} INFO - DAG(s) dict_keys(['example_trigger_target_dag']) retrieved from /home/ubuntu/.local/lib/python3.8/site-packages/airflow/example_dags/example_trigger_target_dag.py
[2022-09-05 11:09:13,262] {logging_mixin.py:115} INFO - [2022-09-05 11:09:13,262] {dag.py:2420} INFO - Sync 1 DAGs
[2022-09-05 11:09:13,275] {logging_mixin.py:115} INFO - [2022-09-05 11:09:13,275] {dag.py:2968} INFO - Setting next_dagrun for example_trigger_target_dag to None, run_after=None
[2022-09-05 11:09:13,292] {processor.py:161} INFO - Processing /home/ubuntu/.local/lib/python3.8/site-packages/airflow/example_dags/example_trigger_target_dag.py took 0.069 seconds
[2022-09-05 11:09:50,476] {processor.py:153} INFO - Started process (PID=20232) to work on /home/ubuntu/.local/lib/python3.8/site-packages/airflow/example_dags/example_trigger_target_dag.py
[2022-09-05 11:09:50,477] {processor.py:641} INFO - Processing file /home/ubuntu/.local/lib/python3.8/site-packages/airflow/example_dags/example_trigger_target_dag.py for tasks to queue
[2022-09-05 11:09:50,478] {logging_mixin.py:115} INFO - [2022-09-05 11:09:50,478] {dagbag.py:508} INFO - Filling up the DagBag from /home/ubuntu/.local/lib/python3.8/site-packages/airflow/example_dags/example_trigger_target_dag.py
[2022-09-05 11:09:50,494] {processor.py:651} INFO - DAG(s) dict_keys(['example_trigger_target_dag']) retrieved from /home/ubuntu/.local/lib/python3.8/site-packages/airflow/example_dags/example_trigger_target_dag.py
[2022-09-05 11:09:50,510] {logging_mixin.py:115} INFO - [2022-09-05 11:09:50,510] {dag.py:2420} INFO - Sync 1 DAGs
[2022-09-05 11:09:50,524] {logging_mixin.py:115} INFO - [2022-09-05 11:09:50,523] {dag.py:2968} INFO - Setting next_dagrun for example_trigger_target_dag to None, run_after=None
[2022-09-05 11:09:50,548] {processor.py:161} INFO - Processing /home/ubuntu/.local/lib/python3.8/site-packages/airflow/example_dags/example_trigger_target_dag.py took 0.076 seconds
[2022-09-05 11:12:09,898] {processor.py:153} INFO - Started process (PID=22057) to work on /home/ubuntu/.local/lib/python3.8/site-packages/airflow/example_dags/example_trigger_target_dag.py
[2022-09-05 11:12:09,900] {processor.py:641} INFO - Processing file /home/ubuntu/.local/lib/python3.8/site-packages/airflow/example_dags/example_trigger_target_dag.py for tasks to queue
[2022-09-05 11:12:09,901] {logging_mixin.py:115} INFO - [2022-09-05 11:12:09,901] {dagbag.py:508} INFO - Filling up the DagBag from /home/ubuntu/.local/lib/python3.8/site-packages/airflow/example_dags/example_trigger_target_dag.py
[2022-09-05 11:12:09,917] {processor.py:651} INFO - DAG(s) dict_keys(['example_trigger_target_dag']) retrieved from /home/ubuntu/.local/lib/python3.8/site-packages/airflow/example_dags/example_trigger_target_dag.py
[2022-09-05 11:12:09,931] {logging_mixin.py:115} INFO - [2022-09-05 11:12:09,931] {dag.py:2420} INFO - Sync 1 DAGs
[2022-09-05 11:12:09,944] {logging_mixin.py:115} INFO - [2022-09-05 11:12:09,944] {dag.py:2968} INFO - Setting next_dagrun for example_trigger_target_dag to None, run_after=None
[2022-09-05 11:12:10,000] {processor.py:161} INFO - Processing /home/ubuntu/.local/lib/python3.8/site-packages/airflow/example_dags/example_trigger_target_dag.py took 0.106 seconds
[2022-09-05 11:12:45,171] {processor.py:153} INFO - Started process (PID=22214) to work on /home/ubuntu/.local/lib/python3.8/site-packages/airflow/example_dags/example_trigger_target_dag.py
[2022-09-05 11:12:45,173] {processor.py:641} INFO - Processing file /home/ubuntu/.local/lib/python3.8/site-packages/airflow/example_dags/example_trigger_target_dag.py for tasks to queue
[2022-09-05 11:12:45,174] {logging_mixin.py:115} INFO - [2022-09-05 11:12:45,174] {dagbag.py:508} INFO - Filling up the DagBag from /home/ubuntu/.local/lib/python3.8/site-packages/airflow/example_dags/example_trigger_target_dag.py
[2022-09-05 11:12:45,190] {processor.py:651} INFO - DAG(s) dict_keys(['example_trigger_target_dag']) retrieved from /home/ubuntu/.local/lib/python3.8/site-packages/airflow/example_dags/example_trigger_target_dag.py
[2022-09-05 11:12:45,206] {logging_mixin.py:115} INFO - [2022-09-05 11:12:45,206] {dag.py:2420} INFO - Sync 1 DAGs
[2022-09-05 11:12:45,219] {logging_mixin.py:115} INFO - [2022-09-05 11:12:45,219] {dag.py:2968} INFO - Setting next_dagrun for example_trigger_target_dag to None, run_after=None
[2022-09-05 11:12:45,238] {processor.py:161} INFO - Processing /home/ubuntu/.local/lib/python3.8/site-packages/airflow/example_dags/example_trigger_target_dag.py took 0.070 seconds
[2022-09-05 11:13:20,080] {processor.py:153} INFO - Started process (PID=22318) to work on /home/ubuntu/.local/lib/python3.8/site-packages/airflow/example_dags/example_trigger_target_dag.py
[2022-09-05 11:13:20,082] {processor.py:641} INFO - Processing file /home/ubuntu/.local/lib/python3.8/site-packages/airflow/example_dags/example_trigger_target_dag.py for tasks to queue
[2022-09-05 11:13:20,082] {logging_mixin.py:115} INFO - [2022-09-05 11:13:20,082] {dagbag.py:508} INFO - Filling up the DagBag from /home/ubuntu/.local/lib/python3.8/site-packages/airflow/example_dags/example_trigger_target_dag.py
[2022-09-05 11:13:20,098] {processor.py:651} INFO - DAG(s) dict_keys(['example_trigger_target_dag']) retrieved from /home/ubuntu/.local/lib/python3.8/site-packages/airflow/example_dags/example_trigger_target_dag.py
[2022-09-05 11:13:20,113] {logging_mixin.py:115} INFO - [2022-09-05 11:13:20,113] {dag.py:2420} INFO - Sync 1 DAGs
[2022-09-05 11:13:20,130] {logging_mixin.py:115} INFO - [2022-09-05 11:13:20,130] {dag.py:2968} INFO - Setting next_dagrun for example_trigger_target_dag to None, run_after=None
[2022-09-05 11:13:20,145] {processor.py:161} INFO - Processing /home/ubuntu/.local/lib/python3.8/site-packages/airflow/example_dags/example_trigger_target_dag.py took 0.068 seconds
[2022-09-05 11:13:56,061] {processor.py:153} INFO - Started process (PID=22401) to work on /home/ubuntu/.local/lib/python3.8/site-packages/airflow/example_dags/example_trigger_target_dag.py
[2022-09-05 11:13:56,062] {processor.py:641} INFO - Processing file /home/ubuntu/.local/lib/python3.8/site-packages/airflow/example_dags/example_trigger_target_dag.py for tasks to queue
[2022-09-05 11:13:56,063] {logging_mixin.py:115} INFO - [2022-09-05 11:13:56,063] {dagbag.py:508} INFO - Filling up the DagBag from /home/ubuntu/.local/lib/python3.8/site-packages/airflow/example_dags/example_trigger_target_dag.py
[2022-09-05 11:13:56,080] {processor.py:651} INFO - DAG(s) dict_keys(['example_trigger_target_dag']) retrieved from /home/ubuntu/.local/lib/python3.8/site-packages/airflow/example_dags/example_trigger_target_dag.py
[2022-09-05 11:13:56,095] {logging_mixin.py:115} INFO - [2022-09-05 11:13:56,095] {dag.py:2420} INFO - Sync 1 DAGs
[2022-09-05 11:13:56,112] {logging_mixin.py:115} INFO - [2022-09-05 11:13:56,112] {dag.py:2968} INFO - Setting next_dagrun for example_trigger_target_dag to None, run_after=None
[2022-09-05 11:13:56,127] {processor.py:161} INFO - Processing /home/ubuntu/.local/lib/python3.8/site-packages/airflow/example_dags/example_trigger_target_dag.py took 0.069 seconds
[2022-09-05 11:14:30,114] {processor.py:153} INFO - Started process (PID=22629) to work on /home/ubuntu/.local/lib/python3.8/site-packages/airflow/example_dags/example_trigger_target_dag.py
[2022-09-05 11:14:30,116] {processor.py:641} INFO - Processing file /home/ubuntu/.local/lib/python3.8/site-packages/airflow/example_dags/example_trigger_target_dag.py for tasks to queue
[2022-09-05 11:14:30,117] {logging_mixin.py:115} INFO - [2022-09-05 11:14:30,117] {dagbag.py:508} INFO - Filling up the DagBag from /home/ubuntu/.local/lib/python3.8/site-packages/airflow/example_dags/example_trigger_target_dag.py
[2022-09-05 11:14:30,133] {processor.py:651} INFO - DAG(s) dict_keys(['example_trigger_target_dag']) retrieved from /home/ubuntu/.local/lib/python3.8/site-packages/airflow/example_dags/example_trigger_target_dag.py
[2022-09-05 11:14:30,147] {logging_mixin.py:115} INFO - [2022-09-05 11:14:30,147] {dag.py:2420} INFO - Sync 1 DAGs
[2022-09-05 11:14:30,163] {logging_mixin.py:115} INFO - [2022-09-05 11:14:30,163] {dag.py:2968} INFO - Setting next_dagrun for example_trigger_target_dag to None, run_after=None
[2022-09-05 11:14:30,181] {processor.py:161} INFO - Processing /home/ubuntu/.local/lib/python3.8/site-packages/airflow/example_dags/example_trigger_target_dag.py took 0.071 seconds
[2022-09-05 11:15:03,845] {processor.py:153} INFO - Started process (PID=22675) to work on /home/ubuntu/.local/lib/python3.8/site-packages/airflow/example_dags/example_trigger_target_dag.py
[2022-09-05 11:15:03,846] {processor.py:641} INFO - Processing file /home/ubuntu/.local/lib/python3.8/site-packages/airflow/example_dags/example_trigger_target_dag.py for tasks to queue
[2022-09-05 11:15:03,847] {logging_mixin.py:115} INFO - [2022-09-05 11:15:03,847] {dagbag.py:508} INFO - Filling up the DagBag from /home/ubuntu/.local/lib/python3.8/site-packages/airflow/example_dags/example_trigger_target_dag.py
[2022-09-05 11:15:03,863] {processor.py:651} INFO - DAG(s) dict_keys(['example_trigger_target_dag']) retrieved from /home/ubuntu/.local/lib/python3.8/site-packages/airflow/example_dags/example_trigger_target_dag.py
[2022-09-05 11:15:03,877] {logging_mixin.py:115} INFO - [2022-09-05 11:15:03,877] {dag.py:2420} INFO - Sync 1 DAGs
[2022-09-05 11:15:03,893] {logging_mixin.py:115} INFO - [2022-09-05 11:15:03,893] {dag.py:2968} INFO - Setting next_dagrun for example_trigger_target_dag to None, run_after=None
[2022-09-05 11:15:03,906] {processor.py:161} INFO - Processing /home/ubuntu/.local/lib/python3.8/site-packages/airflow/example_dags/example_trigger_target_dag.py took 0.064 seconds
[2022-09-05 11:15:48,193] {processor.py:153} INFO - Started process (PID=22992) to work on /home/ubuntu/.local/lib/python3.8/site-packages/airflow/example_dags/example_trigger_target_dag.py
[2022-09-05 11:15:48,194] {processor.py:641} INFO - Processing file /home/ubuntu/.local/lib/python3.8/site-packages/airflow/example_dags/example_trigger_target_dag.py for tasks to queue
[2022-09-05 11:15:48,195] {logging_mixin.py:115} INFO - [2022-09-05 11:15:48,195] {dagbag.py:508} INFO - Filling up the DagBag from /home/ubuntu/.local/lib/python3.8/site-packages/airflow/example_dags/example_trigger_target_dag.py
[2022-09-05 11:15:48,211] {processor.py:651} INFO - DAG(s) dict_keys(['example_trigger_target_dag']) retrieved from /home/ubuntu/.local/lib/python3.8/site-packages/airflow/example_dags/example_trigger_target_dag.py
[2022-09-05 11:15:48,230] {logging_mixin.py:115} INFO - [2022-09-05 11:15:48,230] {dag.py:2420} INFO - Sync 1 DAGs
[2022-09-05 11:15:48,246] {logging_mixin.py:115} INFO - [2022-09-05 11:15:48,246] {dag.py:2968} INFO - Setting next_dagrun for example_trigger_target_dag to None, run_after=None
[2022-09-05 11:15:48,262] {processor.py:161} INFO - Processing /home/ubuntu/.local/lib/python3.8/site-packages/airflow/example_dags/example_trigger_target_dag.py took 0.072 seconds
[2022-09-05 11:16:21,571] {processor.py:153} INFO - Started process (PID=23080) to work on /home/ubuntu/.local/lib/python3.8/site-packages/airflow/example_dags/example_trigger_target_dag.py
[2022-09-05 11:16:21,572] {processor.py:641} INFO - Processing file /home/ubuntu/.local/lib/python3.8/site-packages/airflow/example_dags/example_trigger_target_dag.py for tasks to queue
[2022-09-05 11:16:21,573] {logging_mixin.py:115} INFO - [2022-09-05 11:16:21,573] {dagbag.py:508} INFO - Filling up the DagBag from /home/ubuntu/.local/lib/python3.8/site-packages/airflow/example_dags/example_trigger_target_dag.py
[2022-09-05 11:16:21,588] {processor.py:651} INFO - DAG(s) dict_keys(['example_trigger_target_dag']) retrieved from /home/ubuntu/.local/lib/python3.8/site-packages/airflow/example_dags/example_trigger_target_dag.py
[2022-09-05 11:16:21,606] {logging_mixin.py:115} INFO - [2022-09-05 11:16:21,605] {dag.py:2420} INFO - Sync 1 DAGs
[2022-09-05 11:16:21,620] {logging_mixin.py:115} INFO - [2022-09-05 11:16:21,620] {dag.py:2968} INFO - Setting next_dagrun for example_trigger_target_dag to None, run_after=None
[2022-09-05 11:16:21,638] {processor.py:161} INFO - Processing /home/ubuntu/.local/lib/python3.8/site-packages/airflow/example_dags/example_trigger_target_dag.py took 0.071 seconds
[2022-09-05 11:16:55,810] {processor.py:153} INFO - Started process (PID=23156) to work on /home/ubuntu/.local/lib/python3.8/site-packages/airflow/example_dags/example_trigger_target_dag.py
[2022-09-05 11:16:55,811] {processor.py:641} INFO - Processing file /home/ubuntu/.local/lib/python3.8/site-packages/airflow/example_dags/example_trigger_target_dag.py for tasks to queue
[2022-09-05 11:16:55,812] {logging_mixin.py:115} INFO - [2022-09-05 11:16:55,812] {dagbag.py:508} INFO - Filling up the DagBag from /home/ubuntu/.local/lib/python3.8/site-packages/airflow/example_dags/example_trigger_target_dag.py
[2022-09-05 11:16:55,827] {processor.py:651} INFO - DAG(s) dict_keys(['example_trigger_target_dag']) retrieved from /home/ubuntu/.local/lib/python3.8/site-packages/airflow/example_dags/example_trigger_target_dag.py
[2022-09-05 11:16:55,845] {logging_mixin.py:115} INFO - [2022-09-05 11:16:55,845] {dag.py:2420} INFO - Sync 1 DAGs
[2022-09-05 11:16:55,860] {logging_mixin.py:115} INFO - [2022-09-05 11:16:55,860] {dag.py:2968} INFO - Setting next_dagrun for example_trigger_target_dag to None, run_after=None
[2022-09-05 11:16:55,873] {processor.py:161} INFO - Processing /home/ubuntu/.local/lib/python3.8/site-packages/airflow/example_dags/example_trigger_target_dag.py took 0.066 seconds
[2022-09-05 11:17:29,615] {processor.py:153} INFO - Started process (PID=23246) to work on /home/ubuntu/.local/lib/python3.8/site-packages/airflow/example_dags/example_trigger_target_dag.py
[2022-09-05 11:17:29,616] {processor.py:641} INFO - Processing file /home/ubuntu/.local/lib/python3.8/site-packages/airflow/example_dags/example_trigger_target_dag.py for tasks to queue
[2022-09-05 11:17:29,616] {logging_mixin.py:115} INFO - [2022-09-05 11:17:29,616] {dagbag.py:508} INFO - Filling up the DagBag from /home/ubuntu/.local/lib/python3.8/site-packages/airflow/example_dags/example_trigger_target_dag.py
[2022-09-05 11:17:29,631] {processor.py:651} INFO - DAG(s) dict_keys(['example_trigger_target_dag']) retrieved from /home/ubuntu/.local/lib/python3.8/site-packages/airflow/example_dags/example_trigger_target_dag.py
[2022-09-05 11:17:29,647] {logging_mixin.py:115} INFO - [2022-09-05 11:17:29,647] {dag.py:2420} INFO - Sync 1 DAGs
[2022-09-05 11:17:29,660] {logging_mixin.py:115} INFO - [2022-09-05 11:17:29,660] {dag.py:2968} INFO - Setting next_dagrun for example_trigger_target_dag to None, run_after=None
[2022-09-05 11:17:29,685] {processor.py:161} INFO - Processing /home/ubuntu/.local/lib/python3.8/site-packages/airflow/example_dags/example_trigger_target_dag.py took 0.074 seconds
[2022-09-05 11:18:06,764] {processor.py:153} INFO - Started process (PID=23329) to work on /home/ubuntu/.local/lib/python3.8/site-packages/airflow/example_dags/example_trigger_target_dag.py
[2022-09-05 11:18:06,765] {processor.py:641} INFO - Processing file /home/ubuntu/.local/lib/python3.8/site-packages/airflow/example_dags/example_trigger_target_dag.py for tasks to queue
[2022-09-05 11:18:06,766] {logging_mixin.py:115} INFO - [2022-09-05 11:18:06,766] {dagbag.py:508} INFO - Filling up the DagBag from /home/ubuntu/.local/lib/python3.8/site-packages/airflow/example_dags/example_trigger_target_dag.py
[2022-09-05 11:18:06,782] {processor.py:651} INFO - DAG(s) dict_keys(['example_trigger_target_dag']) retrieved from /home/ubuntu/.local/lib/python3.8/site-packages/airflow/example_dags/example_trigger_target_dag.py
[2022-09-05 11:18:06,800] {logging_mixin.py:115} INFO - [2022-09-05 11:18:06,800] {dag.py:2420} INFO - Sync 1 DAGs
[2022-09-05 11:18:06,816] {logging_mixin.py:115} INFO - [2022-09-05 11:18:06,816] {dag.py:2968} INFO - Setting next_dagrun for example_trigger_target_dag to None, run_after=None
[2022-09-05 11:18:06,832] {processor.py:161} INFO - Processing /home/ubuntu/.local/lib/python3.8/site-packages/airflow/example_dags/example_trigger_target_dag.py took 0.072 seconds
[2022-09-05 11:18:41,709] {processor.py:153} INFO - Started process (PID=23415) to work on /home/ubuntu/.local/lib/python3.8/site-packages/airflow/example_dags/example_trigger_target_dag.py
[2022-09-05 11:18:41,710] {processor.py:641} INFO - Processing file /home/ubuntu/.local/lib/python3.8/site-packages/airflow/example_dags/example_trigger_target_dag.py for tasks to queue
[2022-09-05 11:18:41,711] {logging_mixin.py:115} INFO - [2022-09-05 11:18:41,711] {dagbag.py:508} INFO - Filling up the DagBag from /home/ubuntu/.local/lib/python3.8/site-packages/airflow/example_dags/example_trigger_target_dag.py
[2022-09-05 11:18:41,727] {processor.py:651} INFO - DAG(s) dict_keys(['example_trigger_target_dag']) retrieved from /home/ubuntu/.local/lib/python3.8/site-packages/airflow/example_dags/example_trigger_target_dag.py
[2022-09-05 11:18:41,745] {logging_mixin.py:115} INFO - [2022-09-05 11:18:41,744] {dag.py:2420} INFO - Sync 1 DAGs
[2022-09-05 11:18:41,759] {logging_mixin.py:115} INFO - [2022-09-05 11:18:41,759] {dag.py:2968} INFO - Setting next_dagrun for example_trigger_target_dag to None, run_after=None
[2022-09-05 11:18:41,773] {processor.py:161} INFO - Processing /home/ubuntu/.local/lib/python3.8/site-packages/airflow/example_dags/example_trigger_target_dag.py took 0.067 seconds
[2022-09-05 11:19:18,498] {processor.py:153} INFO - Started process (PID=23467) to work on /home/ubuntu/.local/lib/python3.8/site-packages/airflow/example_dags/example_trigger_target_dag.py
[2022-09-05 11:19:18,500] {processor.py:641} INFO - Processing file /home/ubuntu/.local/lib/python3.8/site-packages/airflow/example_dags/example_trigger_target_dag.py for tasks to queue
[2022-09-05 11:19:18,500] {logging_mixin.py:115} INFO - [2022-09-05 11:19:18,500] {dagbag.py:508} INFO - Filling up the DagBag from /home/ubuntu/.local/lib/python3.8/site-packages/airflow/example_dags/example_trigger_target_dag.py
[2022-09-05 11:19:18,515] {processor.py:651} INFO - DAG(s) dict_keys(['example_trigger_target_dag']) retrieved from /home/ubuntu/.local/lib/python3.8/site-packages/airflow/example_dags/example_trigger_target_dag.py
[2022-09-05 11:19:18,533] {logging_mixin.py:115} INFO - [2022-09-05 11:19:18,533] {dag.py:2420} INFO - Sync 1 DAGs
[2022-09-05 11:19:18,549] {logging_mixin.py:115} INFO - [2022-09-05 11:19:18,549] {dag.py:2968} INFO - Setting next_dagrun for example_trigger_target_dag to None, run_after=None
[2022-09-05 11:19:18,562] {processor.py:161} INFO - Processing /home/ubuntu/.local/lib/python3.8/site-packages/airflow/example_dags/example_trigger_target_dag.py took 0.068 seconds
[2022-09-05 11:19:51,715] {processor.py:153} INFO - Started process (PID=23508) to work on /home/ubuntu/.local/lib/python3.8/site-packages/airflow/example_dags/example_trigger_target_dag.py
[2022-09-05 11:19:51,716] {processor.py:641} INFO - Processing file /home/ubuntu/.local/lib/python3.8/site-packages/airflow/example_dags/example_trigger_target_dag.py for tasks to queue
[2022-09-05 11:19:51,717] {logging_mixin.py:115} INFO - [2022-09-05 11:19:51,716] {dagbag.py:508} INFO - Filling up the DagBag from /home/ubuntu/.local/lib/python3.8/site-packages/airflow/example_dags/example_trigger_target_dag.py
[2022-09-05 11:19:51,733] {processor.py:651} INFO - DAG(s) dict_keys(['example_trigger_target_dag']) retrieved from /home/ubuntu/.local/lib/python3.8/site-packages/airflow/example_dags/example_trigger_target_dag.py
[2022-09-05 11:19:51,751] {logging_mixin.py:115} INFO - [2022-09-05 11:19:51,751] {dag.py:2420} INFO - Sync 1 DAGs
[2022-09-05 11:19:51,767] {logging_mixin.py:115} INFO - [2022-09-05 11:19:51,767] {dag.py:2968} INFO - Setting next_dagrun for example_trigger_target_dag to None, run_after=None
[2022-09-05 11:19:51,784] {processor.py:161} INFO - Processing /home/ubuntu/.local/lib/python3.8/site-packages/airflow/example_dags/example_trigger_target_dag.py took 0.074 seconds
[2022-09-05 11:22:12,796] {processor.py:153} INFO - Started process (PID=25211) to work on /home/ubuntu/.local/lib/python3.8/site-packages/airflow/example_dags/example_trigger_target_dag.py
[2022-09-05 11:22:12,798] {processor.py:641} INFO - Processing file /home/ubuntu/.local/lib/python3.8/site-packages/airflow/example_dags/example_trigger_target_dag.py for tasks to queue
[2022-09-05 11:22:12,798] {logging_mixin.py:115} INFO - [2022-09-05 11:22:12,798] {dagbag.py:508} INFO - Filling up the DagBag from /home/ubuntu/.local/lib/python3.8/site-packages/airflow/example_dags/example_trigger_target_dag.py
[2022-09-05 11:22:12,817] {processor.py:651} INFO - DAG(s) dict_keys(['example_trigger_target_dag']) retrieved from /home/ubuntu/.local/lib/python3.8/site-packages/airflow/example_dags/example_trigger_target_dag.py
[2022-09-05 11:22:12,831] {logging_mixin.py:115} INFO - [2022-09-05 11:22:12,831] {dag.py:2420} INFO - Sync 1 DAGs
[2022-09-05 11:22:12,846] {logging_mixin.py:115} INFO - [2022-09-05 11:22:12,846] {dag.py:2968} INFO - Setting next_dagrun for example_trigger_target_dag to None, run_after=None
[2022-09-05 11:22:12,862] {processor.py:161} INFO - Processing /home/ubuntu/.local/lib/python3.8/site-packages/airflow/example_dags/example_trigger_target_dag.py took 0.069 seconds
[2022-09-05 11:22:48,778] {processor.py:153} INFO - Started process (PID=25263) to work on /home/ubuntu/.local/lib/python3.8/site-packages/airflow/example_dags/example_trigger_target_dag.py
[2022-09-05 11:22:48,780] {processor.py:641} INFO - Processing file /home/ubuntu/.local/lib/python3.8/site-packages/airflow/example_dags/example_trigger_target_dag.py for tasks to queue
[2022-09-05 11:22:48,785] {logging_mixin.py:115} INFO - [2022-09-05 11:22:48,785] {dagbag.py:508} INFO - Filling up the DagBag from /home/ubuntu/.local/lib/python3.8/site-packages/airflow/example_dags/example_trigger_target_dag.py
[2022-09-05 11:22:48,805] {processor.py:651} INFO - DAG(s) dict_keys(['example_trigger_target_dag']) retrieved from /home/ubuntu/.local/lib/python3.8/site-packages/airflow/example_dags/example_trigger_target_dag.py
[2022-09-05 11:22:48,825] {logging_mixin.py:115} INFO - [2022-09-05 11:22:48,825] {dag.py:2420} INFO - Sync 1 DAGs
[2022-09-05 11:22:48,850] {logging_mixin.py:115} INFO - [2022-09-05 11:22:48,850] {dag.py:2968} INFO - Setting next_dagrun for example_trigger_target_dag to None, run_after=None
[2022-09-05 11:22:48,865] {processor.py:161} INFO - Processing /home/ubuntu/.local/lib/python3.8/site-packages/airflow/example_dags/example_trigger_target_dag.py took 0.090 seconds
[2022-09-05 11:23:26,693] {processor.py:153} INFO - Started process (PID=25742) to work on /home/ubuntu/.local/lib/python3.8/site-packages/airflow/example_dags/example_trigger_target_dag.py
[2022-09-05 11:23:26,694] {processor.py:641} INFO - Processing file /home/ubuntu/.local/lib/python3.8/site-packages/airflow/example_dags/example_trigger_target_dag.py for tasks to queue
[2022-09-05 11:23:26,695] {logging_mixin.py:115} INFO - [2022-09-05 11:23:26,695] {dagbag.py:508} INFO - Filling up the DagBag from /home/ubuntu/.local/lib/python3.8/site-packages/airflow/example_dags/example_trigger_target_dag.py
[2022-09-05 11:23:26,715] {processor.py:651} INFO - DAG(s) dict_keys(['example_trigger_target_dag']) retrieved from /home/ubuntu/.local/lib/python3.8/site-packages/airflow/example_dags/example_trigger_target_dag.py
[2022-09-05 11:23:26,731] {logging_mixin.py:115} INFO - [2022-09-05 11:23:26,731] {dag.py:2420} INFO - Sync 1 DAGs
[2022-09-05 11:23:26,747] {logging_mixin.py:115} INFO - [2022-09-05 11:23:26,747] {dag.py:2968} INFO - Setting next_dagrun for example_trigger_target_dag to None, run_after=None
[2022-09-05 11:23:26,762] {processor.py:161} INFO - Processing /home/ubuntu/.local/lib/python3.8/site-packages/airflow/example_dags/example_trigger_target_dag.py took 0.072 seconds
[2022-09-05 11:23:59,830] {processor.py:153} INFO - Started process (PID=25844) to work on /home/ubuntu/.local/lib/python3.8/site-packages/airflow/example_dags/example_trigger_target_dag.py
[2022-09-05 11:23:59,830] {processor.py:641} INFO - Processing file /home/ubuntu/.local/lib/python3.8/site-packages/airflow/example_dags/example_trigger_target_dag.py for tasks to queue
[2022-09-05 11:23:59,831] {logging_mixin.py:115} INFO - [2022-09-05 11:23:59,831] {dagbag.py:508} INFO - Filling up the DagBag from /home/ubuntu/.local/lib/python3.8/site-packages/airflow/example_dags/example_trigger_target_dag.py
[2022-09-05 11:23:59,849] {processor.py:651} INFO - DAG(s) dict_keys(['example_trigger_target_dag']) retrieved from /home/ubuntu/.local/lib/python3.8/site-packages/airflow/example_dags/example_trigger_target_dag.py
[2022-09-05 11:23:59,864] {logging_mixin.py:115} INFO - [2022-09-05 11:23:59,864] {dag.py:2420} INFO - Sync 1 DAGs
[2022-09-05 11:23:59,879] {logging_mixin.py:115} INFO - [2022-09-05 11:23:59,879] {dag.py:2968} INFO - Setting next_dagrun for example_trigger_target_dag to None, run_after=None
[2022-09-05 11:23:59,898] {processor.py:161} INFO - Processing /home/ubuntu/.local/lib/python3.8/site-packages/airflow/example_dags/example_trigger_target_dag.py took 0.071 seconds
[2022-09-05 11:24:35,195] {processor.py:153} INFO - Started process (PID=26021) to work on /home/ubuntu/.local/lib/python3.8/site-packages/airflow/example_dags/example_trigger_target_dag.py
[2022-09-05 11:24:35,196] {processor.py:641} INFO - Processing file /home/ubuntu/.local/lib/python3.8/site-packages/airflow/example_dags/example_trigger_target_dag.py for tasks to queue
[2022-09-05 11:24:35,197] {logging_mixin.py:115} INFO - [2022-09-05 11:24:35,197] {dagbag.py:508} INFO - Filling up the DagBag from /home/ubuntu/.local/lib/python3.8/site-packages/airflow/example_dags/example_trigger_target_dag.py
[2022-09-05 11:24:35,216] {processor.py:651} INFO - DAG(s) dict_keys(['example_trigger_target_dag']) retrieved from /home/ubuntu/.local/lib/python3.8/site-packages/airflow/example_dags/example_trigger_target_dag.py
[2022-09-05 11:24:35,231] {logging_mixin.py:115} INFO - [2022-09-05 11:24:35,231] {dag.py:2420} INFO - Sync 1 DAGs
[2022-09-05 11:24:35,246] {logging_mixin.py:115} INFO - [2022-09-05 11:24:35,246] {dag.py:2968} INFO - Setting next_dagrun for example_trigger_target_dag to None, run_after=None
[2022-09-05 11:24:35,262] {processor.py:161} INFO - Processing /home/ubuntu/.local/lib/python3.8/site-packages/airflow/example_dags/example_trigger_target_dag.py took 0.071 seconds
[2022-09-05 11:25:10,150] {processor.py:153} INFO - Started process (PID=26075) to work on /home/ubuntu/.local/lib/python3.8/site-packages/airflow/example_dags/example_trigger_target_dag.py
[2022-09-05 11:25:10,152] {processor.py:641} INFO - Processing file /home/ubuntu/.local/lib/python3.8/site-packages/airflow/example_dags/example_trigger_target_dag.py for tasks to queue
[2022-09-05 11:25:10,153] {logging_mixin.py:115} INFO - [2022-09-05 11:25:10,152] {dagbag.py:508} INFO - Filling up the DagBag from /home/ubuntu/.local/lib/python3.8/site-packages/airflow/example_dags/example_trigger_target_dag.py
[2022-09-05 11:25:10,172] {processor.py:651} INFO - DAG(s) dict_keys(['example_trigger_target_dag']) retrieved from /home/ubuntu/.local/lib/python3.8/site-packages/airflow/example_dags/example_trigger_target_dag.py
[2022-09-05 11:25:10,186] {logging_mixin.py:115} INFO - [2022-09-05 11:25:10,186] {dag.py:2420} INFO - Sync 1 DAGs
[2022-09-05 11:25:10,202] {logging_mixin.py:115} INFO - [2022-09-05 11:25:10,202] {dag.py:2968} INFO - Setting next_dagrun for example_trigger_target_dag to None, run_after=None
[2022-09-05 11:25:10,217] {processor.py:161} INFO - Processing /home/ubuntu/.local/lib/python3.8/site-packages/airflow/example_dags/example_trigger_target_dag.py took 0.070 seconds
[2022-09-05 11:25:46,615] {processor.py:153} INFO - Started process (PID=26288) to work on /home/ubuntu/.local/lib/python3.8/site-packages/airflow/example_dags/example_trigger_target_dag.py
[2022-09-05 11:25:46,616] {processor.py:641} INFO - Processing file /home/ubuntu/.local/lib/python3.8/site-packages/airflow/example_dags/example_trigger_target_dag.py for tasks to queue
[2022-09-05 11:25:46,616] {logging_mixin.py:115} INFO - [2022-09-05 11:25:46,616] {dagbag.py:508} INFO - Filling up the DagBag from /home/ubuntu/.local/lib/python3.8/site-packages/airflow/example_dags/example_trigger_target_dag.py
[2022-09-05 11:25:46,635] {processor.py:651} INFO - DAG(s) dict_keys(['example_trigger_target_dag']) retrieved from /home/ubuntu/.local/lib/python3.8/site-packages/airflow/example_dags/example_trigger_target_dag.py
[2022-09-05 11:25:46,650] {logging_mixin.py:115} INFO - [2022-09-05 11:25:46,650] {dag.py:2420} INFO - Sync 1 DAGs
[2022-09-05 11:25:46,666] {logging_mixin.py:115} INFO - [2022-09-05 11:25:46,665] {dag.py:2968} INFO - Setting next_dagrun for example_trigger_target_dag to None, run_after=None
[2022-09-05 11:25:46,682] {processor.py:161} INFO - Processing /home/ubuntu/.local/lib/python3.8/site-packages/airflow/example_dags/example_trigger_target_dag.py took 0.071 seconds
[2022-09-05 11:26:20,841] {processor.py:153} INFO - Started process (PID=26332) to work on /home/ubuntu/.local/lib/python3.8/site-packages/airflow/example_dags/example_trigger_target_dag.py
[2022-09-05 11:26:20,842] {processor.py:641} INFO - Processing file /home/ubuntu/.local/lib/python3.8/site-packages/airflow/example_dags/example_trigger_target_dag.py for tasks to queue
[2022-09-05 11:26:20,843] {logging_mixin.py:115} INFO - [2022-09-05 11:26:20,843] {dagbag.py:508} INFO - Filling up the DagBag from /home/ubuntu/.local/lib/python3.8/site-packages/airflow/example_dags/example_trigger_target_dag.py
[2022-09-05 11:26:20,863] {processor.py:651} INFO - DAG(s) dict_keys(['example_trigger_target_dag']) retrieved from /home/ubuntu/.local/lib/python3.8/site-packages/airflow/example_dags/example_trigger_target_dag.py
[2022-09-05 11:26:20,878] {logging_mixin.py:115} INFO - [2022-09-05 11:26:20,878] {dag.py:2420} INFO - Sync 1 DAGs
[2022-09-05 11:26:20,894] {logging_mixin.py:115} INFO - [2022-09-05 11:26:20,894] {dag.py:2968} INFO - Setting next_dagrun for example_trigger_target_dag to None, run_after=None
[2022-09-05 11:26:20,911] {processor.py:161} INFO - Processing /home/ubuntu/.local/lib/python3.8/site-packages/airflow/example_dags/example_trigger_target_dag.py took 0.073 seconds
[2022-09-05 11:26:56,085] {processor.py:153} INFO - Started process (PID=26377) to work on /home/ubuntu/.local/lib/python3.8/site-packages/airflow/example_dags/example_trigger_target_dag.py
[2022-09-05 11:26:56,086] {processor.py:641} INFO - Processing file /home/ubuntu/.local/lib/python3.8/site-packages/airflow/example_dags/example_trigger_target_dag.py for tasks to queue
[2022-09-05 11:26:56,086] {logging_mixin.py:115} INFO - [2022-09-05 11:26:56,086] {dagbag.py:508} INFO - Filling up the DagBag from /home/ubuntu/.local/lib/python3.8/site-packages/airflow/example_dags/example_trigger_target_dag.py
[2022-09-05 11:26:56,107] {processor.py:651} INFO - DAG(s) dict_keys(['example_trigger_target_dag']) retrieved from /home/ubuntu/.local/lib/python3.8/site-packages/airflow/example_dags/example_trigger_target_dag.py
[2022-09-05 11:26:56,122] {logging_mixin.py:115} INFO - [2022-09-05 11:26:56,122] {dag.py:2420} INFO - Sync 1 DAGs
[2022-09-05 11:26:56,138] {logging_mixin.py:115} INFO - [2022-09-05 11:26:56,137] {dag.py:2968} INFO - Setting next_dagrun for example_trigger_target_dag to None, run_after=None
[2022-09-05 11:26:56,154] {processor.py:161} INFO - Processing /home/ubuntu/.local/lib/python3.8/site-packages/airflow/example_dags/example_trigger_target_dag.py took 0.073 seconds
[2022-09-05 11:27:29,049] {processor.py:153} INFO - Started process (PID=26421) to work on /home/ubuntu/.local/lib/python3.8/site-packages/airflow/example_dags/example_trigger_target_dag.py
[2022-09-05 11:27:29,050] {processor.py:641} INFO - Processing file /home/ubuntu/.local/lib/python3.8/site-packages/airflow/example_dags/example_trigger_target_dag.py for tasks to queue
[2022-09-05 11:27:29,051] {logging_mixin.py:115} INFO - [2022-09-05 11:27:29,051] {dagbag.py:508} INFO - Filling up the DagBag from /home/ubuntu/.local/lib/python3.8/site-packages/airflow/example_dags/example_trigger_target_dag.py
[2022-09-05 11:27:29,069] {processor.py:651} INFO - DAG(s) dict_keys(['example_trigger_target_dag']) retrieved from /home/ubuntu/.local/lib/python3.8/site-packages/airflow/example_dags/example_trigger_target_dag.py
[2022-09-05 11:27:29,083] {logging_mixin.py:115} INFO - [2022-09-05 11:27:29,083] {dag.py:2420} INFO - Sync 1 DAGs
[2022-09-05 11:27:29,098] {logging_mixin.py:115} INFO - [2022-09-05 11:27:29,098] {dag.py:2968} INFO - Setting next_dagrun for example_trigger_target_dag to None, run_after=None
[2022-09-05 11:27:29,115] {processor.py:161} INFO - Processing /home/ubuntu/.local/lib/python3.8/site-packages/airflow/example_dags/example_trigger_target_dag.py took 0.069 seconds
[2022-09-05 11:28:06,320] {processor.py:153} INFO - Started process (PID=26581) to work on /home/ubuntu/.local/lib/python3.8/site-packages/airflow/example_dags/example_trigger_target_dag.py
[2022-09-05 11:28:06,322] {processor.py:641} INFO - Processing file /home/ubuntu/.local/lib/python3.8/site-packages/airflow/example_dags/example_trigger_target_dag.py for tasks to queue
[2022-09-05 11:28:06,322] {logging_mixin.py:115} INFO - [2022-09-05 11:28:06,322] {dagbag.py:508} INFO - Filling up the DagBag from /home/ubuntu/.local/lib/python3.8/site-packages/airflow/example_dags/example_trigger_target_dag.py
[2022-09-05 11:28:06,342] {processor.py:651} INFO - DAG(s) dict_keys(['example_trigger_target_dag']) retrieved from /home/ubuntu/.local/lib/python3.8/site-packages/airflow/example_dags/example_trigger_target_dag.py
[2022-09-05 11:28:06,368] {logging_mixin.py:115} INFO - [2022-09-05 11:28:06,368] {dag.py:2420} INFO - Sync 1 DAGs
[2022-09-05 11:28:06,384] {logging_mixin.py:115} INFO - [2022-09-05 11:28:06,384] {dag.py:2968} INFO - Setting next_dagrun for example_trigger_target_dag to None, run_after=None
[2022-09-05 11:28:06,400] {processor.py:161} INFO - Processing /home/ubuntu/.local/lib/python3.8/site-packages/airflow/example_dags/example_trigger_target_dag.py took 0.083 seconds
[2022-09-05 11:28:43,970] {processor.py:153} INFO - Started process (PID=27007) to work on /home/ubuntu/.local/lib/python3.8/site-packages/airflow/example_dags/example_trigger_target_dag.py
[2022-09-05 11:28:43,972] {processor.py:641} INFO - Processing file /home/ubuntu/.local/lib/python3.8/site-packages/airflow/example_dags/example_trigger_target_dag.py for tasks to queue
[2022-09-05 11:28:43,973] {logging_mixin.py:115} INFO - [2022-09-05 11:28:43,973] {dagbag.py:508} INFO - Filling up the DagBag from /home/ubuntu/.local/lib/python3.8/site-packages/airflow/example_dags/example_trigger_target_dag.py
[2022-09-05 11:28:43,993] {processor.py:651} INFO - DAG(s) dict_keys(['example_trigger_target_dag']) retrieved from /home/ubuntu/.local/lib/python3.8/site-packages/airflow/example_dags/example_trigger_target_dag.py
[2022-09-05 11:28:44,008] {logging_mixin.py:115} INFO - [2022-09-05 11:28:44,008] {dag.py:2420} INFO - Sync 1 DAGs
[2022-09-05 11:28:44,024] {logging_mixin.py:115} INFO - [2022-09-05 11:28:44,023] {dag.py:2968} INFO - Setting next_dagrun for example_trigger_target_dag to None, run_after=None
[2022-09-05 11:28:44,038] {processor.py:161} INFO - Processing /home/ubuntu/.local/lib/python3.8/site-packages/airflow/example_dags/example_trigger_target_dag.py took 0.072 seconds
[2022-09-05 11:29:17,698] {processor.py:153} INFO - Started process (PID=27055) to work on /home/ubuntu/.local/lib/python3.8/site-packages/airflow/example_dags/example_trigger_target_dag.py
[2022-09-05 11:29:17,700] {processor.py:641} INFO - Processing file /home/ubuntu/.local/lib/python3.8/site-packages/airflow/example_dags/example_trigger_target_dag.py for tasks to queue
[2022-09-05 11:29:17,700] {logging_mixin.py:115} INFO - [2022-09-05 11:29:17,700] {dagbag.py:508} INFO - Filling up the DagBag from /home/ubuntu/.local/lib/python3.8/site-packages/airflow/example_dags/example_trigger_target_dag.py
[2022-09-05 11:29:17,719] {processor.py:651} INFO - DAG(s) dict_keys(['example_trigger_target_dag']) retrieved from /home/ubuntu/.local/lib/python3.8/site-packages/airflow/example_dags/example_trigger_target_dag.py
[2022-09-05 11:29:17,734] {logging_mixin.py:115} INFO - [2022-09-05 11:29:17,733] {dag.py:2420} INFO - Sync 1 DAGs
[2022-09-05 11:29:17,749] {logging_mixin.py:115} INFO - [2022-09-05 11:29:17,749] {dag.py:2968} INFO - Setting next_dagrun for example_trigger_target_dag to None, run_after=None
[2022-09-05 11:29:17,765] {processor.py:161} INFO - Processing /home/ubuntu/.local/lib/python3.8/site-packages/airflow/example_dags/example_trigger_target_dag.py took 0.071 seconds
[2022-09-05 11:29:53,660] {processor.py:153} INFO - Started process (PID=27215) to work on /home/ubuntu/.local/lib/python3.8/site-packages/airflow/example_dags/example_trigger_target_dag.py
[2022-09-05 11:29:53,662] {processor.py:641} INFO - Processing file /home/ubuntu/.local/lib/python3.8/site-packages/airflow/example_dags/example_trigger_target_dag.py for tasks to queue
[2022-09-05 11:29:53,663] {logging_mixin.py:115} INFO - [2022-09-05 11:29:53,662] {dagbag.py:508} INFO - Filling up the DagBag from /home/ubuntu/.local/lib/python3.8/site-packages/airflow/example_dags/example_trigger_target_dag.py
[2022-09-05 11:29:53,681] {processor.py:651} INFO - DAG(s) dict_keys(['example_trigger_target_dag']) retrieved from /home/ubuntu/.local/lib/python3.8/site-packages/airflow/example_dags/example_trigger_target_dag.py
[2022-09-05 11:29:53,696] {logging_mixin.py:115} INFO - [2022-09-05 11:29:53,695] {dag.py:2420} INFO - Sync 1 DAGs
[2022-09-05 11:29:53,711] {logging_mixin.py:115} INFO - [2022-09-05 11:29:53,711] {dag.py:2968} INFO - Setting next_dagrun for example_trigger_target_dag to None, run_after=None
[2022-09-05 11:29:53,728] {processor.py:161} INFO - Processing /home/ubuntu/.local/lib/python3.8/site-packages/airflow/example_dags/example_trigger_target_dag.py took 0.072 seconds
[2022-09-05 11:32:12,050] {processor.py:153} INFO - Started process (PID=28921) to work on /home/ubuntu/.local/lib/python3.8/site-packages/airflow/example_dags/example_trigger_target_dag.py
[2022-09-05 11:32:12,051] {processor.py:641} INFO - Processing file /home/ubuntu/.local/lib/python3.8/site-packages/airflow/example_dags/example_trigger_target_dag.py for tasks to queue
[2022-09-05 11:32:12,052] {logging_mixin.py:115} INFO - [2022-09-05 11:32:12,052] {dagbag.py:508} INFO - Filling up the DagBag from /home/ubuntu/.local/lib/python3.8/site-packages/airflow/example_dags/example_trigger_target_dag.py
[2022-09-05 11:32:12,071] {processor.py:651} INFO - DAG(s) dict_keys(['example_trigger_target_dag']) retrieved from /home/ubuntu/.local/lib/python3.8/site-packages/airflow/example_dags/example_trigger_target_dag.py
[2022-09-05 11:32:12,086] {logging_mixin.py:115} INFO - [2022-09-05 11:32:12,085] {dag.py:2420} INFO - Sync 1 DAGs
[2022-09-05 11:32:12,101] {logging_mixin.py:115} INFO - [2022-09-05 11:32:12,101] {dag.py:2968} INFO - Setting next_dagrun for example_trigger_target_dag to None, run_after=None
[2022-09-05 11:32:12,120] {processor.py:161} INFO - Processing /home/ubuntu/.local/lib/python3.8/site-packages/airflow/example_dags/example_trigger_target_dag.py took 0.074 seconds
[2022-09-05 11:32:47,432] {processor.py:153} INFO - Started process (PID=29181) to work on /home/ubuntu/.local/lib/python3.8/site-packages/airflow/example_dags/example_trigger_target_dag.py
[2022-09-05 11:32:47,433] {processor.py:641} INFO - Processing file /home/ubuntu/.local/lib/python3.8/site-packages/airflow/example_dags/example_trigger_target_dag.py for tasks to queue
[2022-09-05 11:32:47,433] {logging_mixin.py:115} INFO - [2022-09-05 11:32:47,433] {dagbag.py:508} INFO - Filling up the DagBag from /home/ubuntu/.local/lib/python3.8/site-packages/airflow/example_dags/example_trigger_target_dag.py
[2022-09-05 11:32:47,451] {processor.py:651} INFO - DAG(s) dict_keys(['example_trigger_target_dag']) retrieved from /home/ubuntu/.local/lib/python3.8/site-packages/airflow/example_dags/example_trigger_target_dag.py
[2022-09-05 11:32:47,466] {logging_mixin.py:115} INFO - [2022-09-05 11:32:47,466] {dag.py:2420} INFO - Sync 1 DAGs
[2022-09-05 11:32:47,481] {logging_mixin.py:115} INFO - [2022-09-05 11:32:47,481] {dag.py:2968} INFO - Setting next_dagrun for example_trigger_target_dag to None, run_after=None
[2022-09-05 11:32:47,500] {processor.py:161} INFO - Processing /home/ubuntu/.local/lib/python3.8/site-packages/airflow/example_dags/example_trigger_target_dag.py took 0.072 seconds
[2022-09-05 11:34:07,806] {processor.py:153} INFO - Started process (PID=29642) to work on /home/ubuntu/.local/lib/python3.8/site-packages/airflow/example_dags/example_trigger_target_dag.py
[2022-09-05 11:34:07,808] {processor.py:641} INFO - Processing file /home/ubuntu/.local/lib/python3.8/site-packages/airflow/example_dags/example_trigger_target_dag.py for tasks to queue
[2022-09-05 11:34:07,808] {logging_mixin.py:115} INFO - [2022-09-05 11:34:07,808] {dagbag.py:508} INFO - Filling up the DagBag from /home/ubuntu/.local/lib/python3.8/site-packages/airflow/example_dags/example_trigger_target_dag.py
[2022-09-05 11:34:07,823] {processor.py:651} INFO - DAG(s) dict_keys(['example_trigger_target_dag']) retrieved from /home/ubuntu/.local/lib/python3.8/site-packages/airflow/example_dags/example_trigger_target_dag.py
[2022-09-05 11:34:07,840] {logging_mixin.py:115} INFO - [2022-09-05 11:34:07,840] {dag.py:2420} INFO - Sync 1 DAGs
[2022-09-05 11:34:07,854] {logging_mixin.py:115} INFO - [2022-09-05 11:34:07,854] {dag.py:2968} INFO - Setting next_dagrun for example_trigger_target_dag to None, run_after=None
[2022-09-05 11:34:07,869] {processor.py:161} INFO - Processing /home/ubuntu/.local/lib/python3.8/site-packages/airflow/example_dags/example_trigger_target_dag.py took 0.066 seconds
[2022-09-05 11:34:41,833] {processor.py:153} INFO - Started process (PID=29726) to work on /home/ubuntu/.local/lib/python3.8/site-packages/airflow/example_dags/example_trigger_target_dag.py
[2022-09-05 11:34:41,834] {processor.py:641} INFO - Processing file /home/ubuntu/.local/lib/python3.8/site-packages/airflow/example_dags/example_trigger_target_dag.py for tasks to queue
[2022-09-05 11:34:41,835] {logging_mixin.py:115} INFO - [2022-09-05 11:34:41,835] {dagbag.py:508} INFO - Filling up the DagBag from /home/ubuntu/.local/lib/python3.8/site-packages/airflow/example_dags/example_trigger_target_dag.py
[2022-09-05 11:34:41,851] {processor.py:651} INFO - DAG(s) dict_keys(['example_trigger_target_dag']) retrieved from /home/ubuntu/.local/lib/python3.8/site-packages/airflow/example_dags/example_trigger_target_dag.py
[2022-09-05 11:34:41,869] {logging_mixin.py:115} INFO - [2022-09-05 11:34:41,869] {dag.py:2420} INFO - Sync 1 DAGs
[2022-09-05 11:34:41,885] {logging_mixin.py:115} INFO - [2022-09-05 11:34:41,885] {dag.py:2968} INFO - Setting next_dagrun for example_trigger_target_dag to None, run_after=None
[2022-09-05 11:34:41,901] {processor.py:161} INFO - Processing /home/ubuntu/.local/lib/python3.8/site-packages/airflow/example_dags/example_trigger_target_dag.py took 0.071 seconds
[2022-09-05 11:35:16,838] {processor.py:153} INFO - Started process (PID=29808) to work on /home/ubuntu/.local/lib/python3.8/site-packages/airflow/example_dags/example_trigger_target_dag.py
[2022-09-05 11:35:16,840] {processor.py:641} INFO - Processing file /home/ubuntu/.local/lib/python3.8/site-packages/airflow/example_dags/example_trigger_target_dag.py for tasks to queue
[2022-09-05 11:35:16,841] {logging_mixin.py:115} INFO - [2022-09-05 11:35:16,841] {dagbag.py:508} INFO - Filling up the DagBag from /home/ubuntu/.local/lib/python3.8/site-packages/airflow/example_dags/example_trigger_target_dag.py
[2022-09-05 11:35:16,857] {processor.py:651} INFO - DAG(s) dict_keys(['example_trigger_target_dag']) retrieved from /home/ubuntu/.local/lib/python3.8/site-packages/airflow/example_dags/example_trigger_target_dag.py
[2022-09-05 11:35:16,875] {logging_mixin.py:115} INFO - [2022-09-05 11:35:16,874] {dag.py:2420} INFO - Sync 1 DAGs
[2022-09-05 11:35:16,890] {logging_mixin.py:115} INFO - [2022-09-05 11:35:16,890] {dag.py:2968} INFO - Setting next_dagrun for example_trigger_target_dag to None, run_after=None
[2022-09-05 11:35:16,918] {processor.py:161} INFO - Processing /home/ubuntu/.local/lib/python3.8/site-packages/airflow/example_dags/example_trigger_target_dag.py took 0.083 seconds
[2022-09-05 11:35:52,699] {processor.py:153} INFO - Started process (PID=29897) to work on /home/ubuntu/.local/lib/python3.8/site-packages/airflow/example_dags/example_trigger_target_dag.py
[2022-09-05 11:35:52,701] {processor.py:641} INFO - Processing file /home/ubuntu/.local/lib/python3.8/site-packages/airflow/example_dags/example_trigger_target_dag.py for tasks to queue
[2022-09-05 11:35:52,701] {logging_mixin.py:115} INFO - [2022-09-05 11:35:52,701] {dagbag.py:508} INFO - Filling up the DagBag from /home/ubuntu/.local/lib/python3.8/site-packages/airflow/example_dags/example_trigger_target_dag.py
[2022-09-05 11:35:52,717] {processor.py:651} INFO - DAG(s) dict_keys(['example_trigger_target_dag']) retrieved from /home/ubuntu/.local/lib/python3.8/site-packages/airflow/example_dags/example_trigger_target_dag.py
[2022-09-05 11:35:52,736] {logging_mixin.py:115} INFO - [2022-09-05 11:35:52,736] {dag.py:2420} INFO - Sync 1 DAGs
[2022-09-05 11:35:52,752] {logging_mixin.py:115} INFO - [2022-09-05 11:35:52,751] {dag.py:2968} INFO - Setting next_dagrun for example_trigger_target_dag to None, run_after=None
[2022-09-05 11:35:52,782] {processor.py:161} INFO - Processing /home/ubuntu/.local/lib/python3.8/site-packages/airflow/example_dags/example_trigger_target_dag.py took 0.086 seconds
[2022-09-05 11:36:27,098] {processor.py:153} INFO - Started process (PID=29977) to work on /home/ubuntu/.local/lib/python3.8/site-packages/airflow/example_dags/example_trigger_target_dag.py
[2022-09-05 11:36:27,099] {processor.py:641} INFO - Processing file /home/ubuntu/.local/lib/python3.8/site-packages/airflow/example_dags/example_trigger_target_dag.py for tasks to queue
[2022-09-05 11:36:27,100] {logging_mixin.py:115} INFO - [2022-09-05 11:36:27,100] {dagbag.py:508} INFO - Filling up the DagBag from /home/ubuntu/.local/lib/python3.8/site-packages/airflow/example_dags/example_trigger_target_dag.py
[2022-09-05 11:36:27,116] {processor.py:651} INFO - DAG(s) dict_keys(['example_trigger_target_dag']) retrieved from /home/ubuntu/.local/lib/python3.8/site-packages/airflow/example_dags/example_trigger_target_dag.py
[2022-09-05 11:36:27,134] {logging_mixin.py:115} INFO - [2022-09-05 11:36:27,134] {dag.py:2420} INFO - Sync 1 DAGs
[2022-09-05 11:36:27,150] {logging_mixin.py:115} INFO - [2022-09-05 11:36:27,150] {dag.py:2968} INFO - Setting next_dagrun for example_trigger_target_dag to None, run_after=None
[2022-09-05 11:36:27,167] {processor.py:161} INFO - Processing /home/ubuntu/.local/lib/python3.8/site-packages/airflow/example_dags/example_trigger_target_dag.py took 0.072 seconds
[2022-09-05 11:37:01,982] {processor.py:153} INFO - Started process (PID=30063) to work on /home/ubuntu/.local/lib/python3.8/site-packages/airflow/example_dags/example_trigger_target_dag.py
[2022-09-05 11:37:01,984] {processor.py:641} INFO - Processing file /home/ubuntu/.local/lib/python3.8/site-packages/airflow/example_dags/example_trigger_target_dag.py for tasks to queue
[2022-09-05 11:37:01,984] {logging_mixin.py:115} INFO - [2022-09-05 11:37:01,984] {dagbag.py:508} INFO - Filling up the DagBag from /home/ubuntu/.local/lib/python3.8/site-packages/airflow/example_dags/example_trigger_target_dag.py
[2022-09-05 11:37:02,000] {processor.py:651} INFO - DAG(s) dict_keys(['example_trigger_target_dag']) retrieved from /home/ubuntu/.local/lib/python3.8/site-packages/airflow/example_dags/example_trigger_target_dag.py
[2022-09-05 11:37:02,019] {logging_mixin.py:115} INFO - [2022-09-05 11:37:02,019] {dag.py:2420} INFO - Sync 1 DAGs
[2022-09-05 11:37:02,035] {logging_mixin.py:115} INFO - [2022-09-05 11:37:02,034] {dag.py:2968} INFO - Setting next_dagrun for example_trigger_target_dag to None, run_after=None
[2022-09-05 11:37:02,051] {processor.py:161} INFO - Processing /home/ubuntu/.local/lib/python3.8/site-packages/airflow/example_dags/example_trigger_target_dag.py took 0.073 seconds
[2022-09-05 11:37:39,253] {processor.py:153} INFO - Started process (PID=30160) to work on /home/ubuntu/.local/lib/python3.8/site-packages/airflow/example_dags/example_trigger_target_dag.py
[2022-09-05 11:37:39,254] {processor.py:641} INFO - Processing file /home/ubuntu/.local/lib/python3.8/site-packages/airflow/example_dags/example_trigger_target_dag.py for tasks to queue
[2022-09-05 11:37:39,255] {logging_mixin.py:115} INFO - [2022-09-05 11:37:39,254] {dagbag.py:508} INFO - Filling up the DagBag from /home/ubuntu/.local/lib/python3.8/site-packages/airflow/example_dags/example_trigger_target_dag.py
[2022-09-05 11:37:39,270] {processor.py:651} INFO - DAG(s) dict_keys(['example_trigger_target_dag']) retrieved from /home/ubuntu/.local/lib/python3.8/site-packages/airflow/example_dags/example_trigger_target_dag.py
[2022-09-05 11:37:39,289] {logging_mixin.py:115} INFO - [2022-09-05 11:37:39,289] {dag.py:2420} INFO - Sync 1 DAGs
[2022-09-05 11:37:39,305] {logging_mixin.py:115} INFO - [2022-09-05 11:37:39,305] {dag.py:2968} INFO - Setting next_dagrun for example_trigger_target_dag to None, run_after=None
[2022-09-05 11:37:39,328] {processor.py:161} INFO - Processing /home/ubuntu/.local/lib/python3.8/site-packages/airflow/example_dags/example_trigger_target_dag.py took 0.078 seconds
[2022-09-05 11:38:14,160] {processor.py:153} INFO - Started process (PID=30249) to work on /home/ubuntu/.local/lib/python3.8/site-packages/airflow/example_dags/example_trigger_target_dag.py
[2022-09-05 11:38:14,162] {processor.py:641} INFO - Processing file /home/ubuntu/.local/lib/python3.8/site-packages/airflow/example_dags/example_trigger_target_dag.py for tasks to queue
[2022-09-05 11:38:14,162] {logging_mixin.py:115} INFO - [2022-09-05 11:38:14,162] {dagbag.py:508} INFO - Filling up the DagBag from /home/ubuntu/.local/lib/python3.8/site-packages/airflow/example_dags/example_trigger_target_dag.py
[2022-09-05 11:38:14,178] {processor.py:651} INFO - DAG(s) dict_keys(['example_trigger_target_dag']) retrieved from /home/ubuntu/.local/lib/python3.8/site-packages/airflow/example_dags/example_trigger_target_dag.py
[2022-09-05 11:38:14,197] {logging_mixin.py:115} INFO - [2022-09-05 11:38:14,197] {dag.py:2420} INFO - Sync 1 DAGs
[2022-09-05 11:38:14,213] {logging_mixin.py:115} INFO - [2022-09-05 11:38:14,213] {dag.py:2968} INFO - Setting next_dagrun for example_trigger_target_dag to None, run_after=None
[2022-09-05 11:38:14,228] {processor.py:161} INFO - Processing /home/ubuntu/.local/lib/python3.8/site-packages/airflow/example_dags/example_trigger_target_dag.py took 0.072 seconds
[2022-09-05 11:38:49,343] {processor.py:153} INFO - Started process (PID=30382) to work on /home/ubuntu/.local/lib/python3.8/site-packages/airflow/example_dags/example_trigger_target_dag.py
[2022-09-05 11:38:49,344] {processor.py:641} INFO - Processing file /home/ubuntu/.local/lib/python3.8/site-packages/airflow/example_dags/example_trigger_target_dag.py for tasks to queue
[2022-09-05 11:38:49,344] {logging_mixin.py:115} INFO - [2022-09-05 11:38:49,344] {dagbag.py:508} INFO - Filling up the DagBag from /home/ubuntu/.local/lib/python3.8/site-packages/airflow/example_dags/example_trigger_target_dag.py
[2022-09-05 11:38:49,362] {processor.py:651} INFO - DAG(s) dict_keys(['example_trigger_target_dag']) retrieved from /home/ubuntu/.local/lib/python3.8/site-packages/airflow/example_dags/example_trigger_target_dag.py
[2022-09-05 11:38:49,376] {logging_mixin.py:115} INFO - [2022-09-05 11:38:49,376] {dag.py:2420} INFO - Sync 1 DAGs
[2022-09-05 11:38:49,391] {logging_mixin.py:115} INFO - [2022-09-05 11:38:49,391] {dag.py:2968} INFO - Setting next_dagrun for example_trigger_target_dag to None, run_after=None
[2022-09-05 11:38:49,408] {processor.py:161} INFO - Processing /home/ubuntu/.local/lib/python3.8/site-packages/airflow/example_dags/example_trigger_target_dag.py took 0.069 seconds
[2022-09-05 11:39:23,517] {processor.py:153} INFO - Started process (PID=30506) to work on /home/ubuntu/.local/lib/python3.8/site-packages/airflow/example_dags/example_trigger_target_dag.py
[2022-09-05 11:39:23,519] {processor.py:641} INFO - Processing file /home/ubuntu/.local/lib/python3.8/site-packages/airflow/example_dags/example_trigger_target_dag.py for tasks to queue
[2022-09-05 11:39:23,519] {logging_mixin.py:115} INFO - [2022-09-05 11:39:23,519] {dagbag.py:508} INFO - Filling up the DagBag from /home/ubuntu/.local/lib/python3.8/site-packages/airflow/example_dags/example_trigger_target_dag.py
[2022-09-05 11:39:23,538] {processor.py:651} INFO - DAG(s) dict_keys(['example_trigger_target_dag']) retrieved from /home/ubuntu/.local/lib/python3.8/site-packages/airflow/example_dags/example_trigger_target_dag.py
[2022-09-05 11:39:23,553] {logging_mixin.py:115} INFO - [2022-09-05 11:39:23,553] {dag.py:2420} INFO - Sync 1 DAGs
[2022-09-05 11:39:23,569] {logging_mixin.py:115} INFO - [2022-09-05 11:39:23,568] {dag.py:2968} INFO - Setting next_dagrun for example_trigger_target_dag to None, run_after=None
[2022-09-05 11:39:23,585] {processor.py:161} INFO - Processing /home/ubuntu/.local/lib/python3.8/site-packages/airflow/example_dags/example_trigger_target_dag.py took 0.071 seconds
[2022-09-05 11:39:57,453] {processor.py:153} INFO - Started process (PID=30591) to work on /home/ubuntu/.local/lib/python3.8/site-packages/airflow/example_dags/example_trigger_target_dag.py
[2022-09-05 11:39:57,454] {processor.py:641} INFO - Processing file /home/ubuntu/.local/lib/python3.8/site-packages/airflow/example_dags/example_trigger_target_dag.py for tasks to queue
[2022-09-05 11:39:57,455] {logging_mixin.py:115} INFO - [2022-09-05 11:39:57,455] {dagbag.py:508} INFO - Filling up the DagBag from /home/ubuntu/.local/lib/python3.8/site-packages/airflow/example_dags/example_trigger_target_dag.py
[2022-09-05 11:39:57,474] {processor.py:651} INFO - DAG(s) dict_keys(['example_trigger_target_dag']) retrieved from /home/ubuntu/.local/lib/python3.8/site-packages/airflow/example_dags/example_trigger_target_dag.py
[2022-09-05 11:39:57,488] {logging_mixin.py:115} INFO - [2022-09-05 11:39:57,488] {dag.py:2420} INFO - Sync 1 DAGs
[2022-09-05 11:39:57,504] {logging_mixin.py:115} INFO - [2022-09-05 11:39:57,504] {dag.py:2968} INFO - Setting next_dagrun for example_trigger_target_dag to None, run_after=None
[2022-09-05 11:39:57,522] {processor.py:161} INFO - Processing /home/ubuntu/.local/lib/python3.8/site-packages/airflow/example_dags/example_trigger_target_dag.py took 0.072 seconds
[2022-09-05 16:30:17,111] {processor.py:153} INFO - Started process (PID=55264) to work on /home/ubuntu/.local/lib/python3.8/site-packages/airflow/example_dags/example_trigger_target_dag.py
[2022-09-05 16:30:17,114] {processor.py:641} INFO - Processing file /home/ubuntu/.local/lib/python3.8/site-packages/airflow/example_dags/example_trigger_target_dag.py for tasks to queue
[2022-09-05 16:30:17,114] {logging_mixin.py:115} INFO - [2022-09-05 16:30:17,114] {dagbag.py:508} INFO - Filling up the DagBag from /home/ubuntu/.local/lib/python3.8/site-packages/airflow/example_dags/example_trigger_target_dag.py
[2022-09-05 16:30:17,131] {processor.py:651} INFO - DAG(s) dict_keys(['example_trigger_target_dag']) retrieved from /home/ubuntu/.local/lib/python3.8/site-packages/airflow/example_dags/example_trigger_target_dag.py
[2022-09-05 16:30:17,147] {logging_mixin.py:115} INFO - [2022-09-05 16:30:17,147] {dag.py:2420} INFO - Sync 1 DAGs
[2022-09-05 16:30:17,161] {logging_mixin.py:115} INFO - [2022-09-05 16:30:17,161] {dag.py:2968} INFO - Setting next_dagrun for example_trigger_target_dag to None, run_after=None
[2022-09-05 16:30:17,178] {processor.py:161} INFO - Processing /home/ubuntu/.local/lib/python3.8/site-packages/airflow/example_dags/example_trigger_target_dag.py took 0.070 seconds
