[2022-09-05 10:47:38,049] {processor.py:153} INFO - Started process (PID=12199) to work on /home/ubuntu/.local/lib/python3.8/site-packages/airflow/example_dags/example_dag_decorator.py
[2022-09-05 10:47:38,050] {processor.py:641} INFO - Processing file /home/ubuntu/.local/lib/python3.8/site-packages/airflow/example_dags/example_dag_decorator.py for tasks to queue
[2022-09-05 10:47:38,050] {logging_mixin.py:115} INFO - [2022-09-05 10:47:38,050] {dagbag.py:508} INFO - Filling up the DagBag from /home/ubuntu/.local/lib/python3.8/site-packages/airflow/example_dags/example_dag_decorator.py
[2022-09-05 10:47:38,075] {processor.py:651} INFO - DAG(s) dict_keys(['example_dag_decorator']) retrieved from /home/ubuntu/.local/lib/python3.8/site-packages/airflow/example_dags/example_dag_decorator.py
[2022-09-05 10:47:38,113] {logging_mixin.py:115} INFO - [2022-09-05 10:47:38,113] {dag.py:2420} INFO - Sync 1 DAGs
[2022-09-05 10:47:38,128] {logging_mixin.py:115} INFO - [2022-09-05 10:47:38,128] {dag.py:2968} INFO - Setting next_dagrun for example_dag_decorator to None, run_after=None
[2022-09-05 10:47:38,149] {processor.py:161} INFO - Processing /home/ubuntu/.local/lib/python3.8/site-packages/airflow/example_dags/example_dag_decorator.py took 0.103 seconds
[2022-09-05 10:48:13,906] {processor.py:153} INFO - Started process (PID=12281) to work on /home/ubuntu/.local/lib/python3.8/site-packages/airflow/example_dags/example_dag_decorator.py
[2022-09-05 10:48:13,908] {processor.py:641} INFO - Processing file /home/ubuntu/.local/lib/python3.8/site-packages/airflow/example_dags/example_dag_decorator.py for tasks to queue
[2022-09-05 10:48:13,908] {logging_mixin.py:115} INFO - [2022-09-05 10:48:13,908] {dagbag.py:508} INFO - Filling up the DagBag from /home/ubuntu/.local/lib/python3.8/site-packages/airflow/example_dags/example_dag_decorator.py
[2022-09-05 10:48:13,933] {processor.py:651} INFO - DAG(s) dict_keys(['example_dag_decorator']) retrieved from /home/ubuntu/.local/lib/python3.8/site-packages/airflow/example_dags/example_dag_decorator.py
[2022-09-05 10:48:13,972] {logging_mixin.py:115} INFO - [2022-09-05 10:48:13,971] {dag.py:2420} INFO - Sync 1 DAGs
[2022-09-05 10:48:13,984] {logging_mixin.py:115} INFO - [2022-09-05 10:48:13,984] {dag.py:2968} INFO - Setting next_dagrun for example_dag_decorator to None, run_after=None
[2022-09-05 10:48:14,004] {processor.py:161} INFO - Processing /home/ubuntu/.local/lib/python3.8/site-packages/airflow/example_dags/example_dag_decorator.py took 0.101 seconds
[2022-09-05 10:48:48,870] {processor.py:153} INFO - Started process (PID=12371) to work on /home/ubuntu/.local/lib/python3.8/site-packages/airflow/example_dags/example_dag_decorator.py
[2022-09-05 10:48:48,871] {processor.py:641} INFO - Processing file /home/ubuntu/.local/lib/python3.8/site-packages/airflow/example_dags/example_dag_decorator.py for tasks to queue
[2022-09-05 10:48:48,871] {logging_mixin.py:115} INFO - [2022-09-05 10:48:48,871] {dagbag.py:508} INFO - Filling up the DagBag from /home/ubuntu/.local/lib/python3.8/site-packages/airflow/example_dags/example_dag_decorator.py
[2022-09-05 10:48:48,895] {processor.py:651} INFO - DAG(s) dict_keys(['example_dag_decorator']) retrieved from /home/ubuntu/.local/lib/python3.8/site-packages/airflow/example_dags/example_dag_decorator.py
[2022-09-05 10:48:48,932] {logging_mixin.py:115} INFO - [2022-09-05 10:48:48,932] {dag.py:2420} INFO - Sync 1 DAGs
[2022-09-05 10:48:48,945] {logging_mixin.py:115} INFO - [2022-09-05 10:48:48,945] {dag.py:2968} INFO - Setting next_dagrun for example_dag_decorator to None, run_after=None
[2022-09-05 10:48:48,964] {processor.py:161} INFO - Processing /home/ubuntu/.local/lib/python3.8/site-packages/airflow/example_dags/example_dag_decorator.py took 0.097 seconds
[2022-09-05 10:49:24,979] {processor.py:153} INFO - Started process (PID=12456) to work on /home/ubuntu/.local/lib/python3.8/site-packages/airflow/example_dags/example_dag_decorator.py
[2022-09-05 10:49:24,980] {processor.py:641} INFO - Processing file /home/ubuntu/.local/lib/python3.8/site-packages/airflow/example_dags/example_dag_decorator.py for tasks to queue
[2022-09-05 10:49:24,981] {logging_mixin.py:115} INFO - [2022-09-05 10:49:24,981] {dagbag.py:508} INFO - Filling up the DagBag from /home/ubuntu/.local/lib/python3.8/site-packages/airflow/example_dags/example_dag_decorator.py
[2022-09-05 10:49:25,006] {processor.py:651} INFO - DAG(s) dict_keys(['example_dag_decorator']) retrieved from /home/ubuntu/.local/lib/python3.8/site-packages/airflow/example_dags/example_dag_decorator.py
[2022-09-05 10:49:25,044] {logging_mixin.py:115} INFO - [2022-09-05 10:49:25,044] {dag.py:2420} INFO - Sync 1 DAGs
[2022-09-05 10:49:25,057] {logging_mixin.py:115} INFO - [2022-09-05 10:49:25,057] {dag.py:2968} INFO - Setting next_dagrun for example_dag_decorator to None, run_after=None
[2022-09-05 10:49:25,075] {processor.py:161} INFO - Processing /home/ubuntu/.local/lib/python3.8/site-packages/airflow/example_dags/example_dag_decorator.py took 0.099 seconds
[2022-09-05 10:50:02,263] {processor.py:153} INFO - Started process (PID=12541) to work on /home/ubuntu/.local/lib/python3.8/site-packages/airflow/example_dags/example_dag_decorator.py
[2022-09-05 10:50:02,265] {processor.py:641} INFO - Processing file /home/ubuntu/.local/lib/python3.8/site-packages/airflow/example_dags/example_dag_decorator.py for tasks to queue
[2022-09-05 10:50:02,265] {logging_mixin.py:115} INFO - [2022-09-05 10:50:02,265] {dagbag.py:508} INFO - Filling up the DagBag from /home/ubuntu/.local/lib/python3.8/site-packages/airflow/example_dags/example_dag_decorator.py
[2022-09-05 10:50:02,291] {processor.py:651} INFO - DAG(s) dict_keys(['example_dag_decorator']) retrieved from /home/ubuntu/.local/lib/python3.8/site-packages/airflow/example_dags/example_dag_decorator.py
[2022-09-05 10:50:02,305] {logging_mixin.py:115} INFO - [2022-09-05 10:50:02,305] {dag.py:2420} INFO - Sync 1 DAGs
[2022-09-05 10:50:02,320] {logging_mixin.py:115} INFO - [2022-09-05 10:50:02,320] {dag.py:2968} INFO - Setting next_dagrun for example_dag_decorator to None, run_after=None
[2022-09-05 10:50:02,350] {processor.py:161} INFO - Processing /home/ubuntu/.local/lib/python3.8/site-packages/airflow/example_dags/example_dag_decorator.py took 0.090 seconds
[2022-09-05 10:50:37,168] {processor.py:153} INFO - Started process (PID=12627) to work on /home/ubuntu/.local/lib/python3.8/site-packages/airflow/example_dags/example_dag_decorator.py
[2022-09-05 10:50:37,169] {processor.py:641} INFO - Processing file /home/ubuntu/.local/lib/python3.8/site-packages/airflow/example_dags/example_dag_decorator.py for tasks to queue
[2022-09-05 10:50:37,170] {logging_mixin.py:115} INFO - [2022-09-05 10:50:37,170] {dagbag.py:508} INFO - Filling up the DagBag from /home/ubuntu/.local/lib/python3.8/site-packages/airflow/example_dags/example_dag_decorator.py
[2022-09-05 10:50:37,195] {processor.py:651} INFO - DAG(s) dict_keys(['example_dag_decorator']) retrieved from /home/ubuntu/.local/lib/python3.8/site-packages/airflow/example_dags/example_dag_decorator.py
[2022-09-05 10:50:37,234] {logging_mixin.py:115} INFO - [2022-09-05 10:50:37,234] {dag.py:2420} INFO - Sync 1 DAGs
[2022-09-05 10:50:37,247] {logging_mixin.py:115} INFO - [2022-09-05 10:50:37,247] {dag.py:2968} INFO - Setting next_dagrun for example_dag_decorator to None, run_after=None
[2022-09-05 10:50:37,263] {processor.py:161} INFO - Processing /home/ubuntu/.local/lib/python3.8/site-packages/airflow/example_dags/example_dag_decorator.py took 0.098 seconds
[2022-09-05 10:51:14,201] {processor.py:153} INFO - Started process (PID=12711) to work on /home/ubuntu/.local/lib/python3.8/site-packages/airflow/example_dags/example_dag_decorator.py
[2022-09-05 10:51:14,202] {processor.py:641} INFO - Processing file /home/ubuntu/.local/lib/python3.8/site-packages/airflow/example_dags/example_dag_decorator.py for tasks to queue
[2022-09-05 10:51:14,202] {logging_mixin.py:115} INFO - [2022-09-05 10:51:14,202] {dagbag.py:508} INFO - Filling up the DagBag from /home/ubuntu/.local/lib/python3.8/site-packages/airflow/example_dags/example_dag_decorator.py
[2022-09-05 10:51:14,227] {processor.py:651} INFO - DAG(s) dict_keys(['example_dag_decorator']) retrieved from /home/ubuntu/.local/lib/python3.8/site-packages/airflow/example_dags/example_dag_decorator.py
[2022-09-05 10:51:14,265] {logging_mixin.py:115} INFO - [2022-09-05 10:51:14,265] {dag.py:2420} INFO - Sync 1 DAGs
[2022-09-05 10:51:14,277] {logging_mixin.py:115} INFO - [2022-09-05 10:51:14,277] {dag.py:2968} INFO - Setting next_dagrun for example_dag_decorator to None, run_after=None
[2022-09-05 10:51:14,293] {processor.py:161} INFO - Processing /home/ubuntu/.local/lib/python3.8/site-packages/airflow/example_dags/example_dag_decorator.py took 0.096 seconds
[2022-09-05 10:51:52,310] {processor.py:153} INFO - Started process (PID=13030) to work on /home/ubuntu/.local/lib/python3.8/site-packages/airflow/example_dags/example_dag_decorator.py
[2022-09-05 10:51:52,311] {processor.py:641} INFO - Processing file /home/ubuntu/.local/lib/python3.8/site-packages/airflow/example_dags/example_dag_decorator.py for tasks to queue
[2022-09-05 10:51:52,311] {logging_mixin.py:115} INFO - [2022-09-05 10:51:52,311] {dagbag.py:508} INFO - Filling up the DagBag from /home/ubuntu/.local/lib/python3.8/site-packages/airflow/example_dags/example_dag_decorator.py
[2022-09-05 10:51:52,336] {processor.py:651} INFO - DAG(s) dict_keys(['example_dag_decorator']) retrieved from /home/ubuntu/.local/lib/python3.8/site-packages/airflow/example_dags/example_dag_decorator.py
[2022-09-05 10:51:52,349] {logging_mixin.py:115} INFO - [2022-09-05 10:51:52,349] {dag.py:2420} INFO - Sync 1 DAGs
[2022-09-05 10:51:52,363] {logging_mixin.py:115} INFO - [2022-09-05 10:51:52,363] {dag.py:2968} INFO - Setting next_dagrun for example_dag_decorator to None, run_after=None
[2022-09-05 10:51:52,383] {processor.py:161} INFO - Processing /home/ubuntu/.local/lib/python3.8/site-packages/airflow/example_dags/example_dag_decorator.py took 0.077 seconds
[2022-09-05 10:52:27,192] {processor.py:153} INFO - Started process (PID=13230) to work on /home/ubuntu/.local/lib/python3.8/site-packages/airflow/example_dags/example_dag_decorator.py
[2022-09-05 10:52:27,192] {processor.py:641} INFO - Processing file /home/ubuntu/.local/lib/python3.8/site-packages/airflow/example_dags/example_dag_decorator.py for tasks to queue
[2022-09-05 10:52:27,193] {logging_mixin.py:115} INFO - [2022-09-05 10:52:27,193] {dagbag.py:508} INFO - Filling up the DagBag from /home/ubuntu/.local/lib/python3.8/site-packages/airflow/example_dags/example_dag_decorator.py
[2022-09-05 10:52:27,217] {processor.py:651} INFO - DAG(s) dict_keys(['example_dag_decorator']) retrieved from /home/ubuntu/.local/lib/python3.8/site-packages/airflow/example_dags/example_dag_decorator.py
[2022-09-05 10:52:27,254] {logging_mixin.py:115} INFO - [2022-09-05 10:52:27,254] {dag.py:2420} INFO - Sync 1 DAGs
[2022-09-05 10:52:27,267] {logging_mixin.py:115} INFO - [2022-09-05 10:52:27,267] {dag.py:2968} INFO - Setting next_dagrun for example_dag_decorator to None, run_after=None
[2022-09-05 10:52:27,284] {processor.py:161} INFO - Processing /home/ubuntu/.local/lib/python3.8/site-packages/airflow/example_dags/example_dag_decorator.py took 0.095 seconds
[2022-09-05 10:53:04,295] {processor.py:153} INFO - Started process (PID=13368) to work on /home/ubuntu/.local/lib/python3.8/site-packages/airflow/example_dags/example_dag_decorator.py
[2022-09-05 10:53:04,296] {processor.py:641} INFO - Processing file /home/ubuntu/.local/lib/python3.8/site-packages/airflow/example_dags/example_dag_decorator.py for tasks to queue
[2022-09-05 10:53:04,296] {logging_mixin.py:115} INFO - [2022-09-05 10:53:04,296] {dagbag.py:508} INFO - Filling up the DagBag from /home/ubuntu/.local/lib/python3.8/site-packages/airflow/example_dags/example_dag_decorator.py
[2022-09-05 10:53:04,320] {processor.py:651} INFO - DAG(s) dict_keys(['example_dag_decorator']) retrieved from /home/ubuntu/.local/lib/python3.8/site-packages/airflow/example_dags/example_dag_decorator.py
[2022-09-05 10:53:04,334] {logging_mixin.py:115} INFO - [2022-09-05 10:53:04,333] {dag.py:2420} INFO - Sync 1 DAGs
[2022-09-05 10:53:04,347] {logging_mixin.py:115} INFO - [2022-09-05 10:53:04,347] {dag.py:2968} INFO - Setting next_dagrun for example_dag_decorator to None, run_after=None
[2022-09-05 10:53:04,361] {processor.py:161} INFO - Processing /home/ubuntu/.local/lib/python3.8/site-packages/airflow/example_dags/example_dag_decorator.py took 0.069 seconds
[2022-09-05 10:53:38,381] {processor.py:153} INFO - Started process (PID=13430) to work on /home/ubuntu/.local/lib/python3.8/site-packages/airflow/example_dags/example_dag_decorator.py
[2022-09-05 10:53:38,383] {processor.py:641} INFO - Processing file /home/ubuntu/.local/lib/python3.8/site-packages/airflow/example_dags/example_dag_decorator.py for tasks to queue
[2022-09-05 10:53:38,383] {logging_mixin.py:115} INFO - [2022-09-05 10:53:38,383] {dagbag.py:508} INFO - Filling up the DagBag from /home/ubuntu/.local/lib/python3.8/site-packages/airflow/example_dags/example_dag_decorator.py
[2022-09-05 10:53:38,407] {processor.py:651} INFO - DAG(s) dict_keys(['example_dag_decorator']) retrieved from /home/ubuntu/.local/lib/python3.8/site-packages/airflow/example_dags/example_dag_decorator.py
[2022-09-05 10:53:38,421] {logging_mixin.py:115} INFO - [2022-09-05 10:53:38,421] {dag.py:2420} INFO - Sync 1 DAGs
[2022-09-05 10:53:38,435] {logging_mixin.py:115} INFO - [2022-09-05 10:53:38,435] {dag.py:2968} INFO - Setting next_dagrun for example_dag_decorator to None, run_after=None
[2022-09-05 10:53:38,450] {processor.py:161} INFO - Processing /home/ubuntu/.local/lib/python3.8/site-packages/airflow/example_dags/example_dag_decorator.py took 0.073 seconds
[2022-09-05 10:54:11,344] {processor.py:153} INFO - Started process (PID=13476) to work on /home/ubuntu/.local/lib/python3.8/site-packages/airflow/example_dags/example_dag_decorator.py
[2022-09-05 10:54:11,346] {processor.py:641} INFO - Processing file /home/ubuntu/.local/lib/python3.8/site-packages/airflow/example_dags/example_dag_decorator.py for tasks to queue
[2022-09-05 10:54:11,346] {logging_mixin.py:115} INFO - [2022-09-05 10:54:11,346] {dagbag.py:508} INFO - Filling up the DagBag from /home/ubuntu/.local/lib/python3.8/site-packages/airflow/example_dags/example_dag_decorator.py
[2022-09-05 10:54:11,370] {processor.py:651} INFO - DAG(s) dict_keys(['example_dag_decorator']) retrieved from /home/ubuntu/.local/lib/python3.8/site-packages/airflow/example_dags/example_dag_decorator.py
[2022-09-05 10:54:11,384] {logging_mixin.py:115} INFO - [2022-09-05 10:54:11,384] {dag.py:2420} INFO - Sync 1 DAGs
[2022-09-05 10:54:11,398] {logging_mixin.py:115} INFO - [2022-09-05 10:54:11,398] {dag.py:2968} INFO - Setting next_dagrun for example_dag_decorator to None, run_after=None
[2022-09-05 10:54:11,417] {processor.py:161} INFO - Processing /home/ubuntu/.local/lib/python3.8/site-packages/airflow/example_dags/example_dag_decorator.py took 0.076 seconds
[2022-09-05 10:54:44,593] {processor.py:153} INFO - Started process (PID=13523) to work on /home/ubuntu/.local/lib/python3.8/site-packages/airflow/example_dags/example_dag_decorator.py
[2022-09-05 10:54:44,594] {processor.py:641} INFO - Processing file /home/ubuntu/.local/lib/python3.8/site-packages/airflow/example_dags/example_dag_decorator.py for tasks to queue
[2022-09-05 10:54:44,594] {logging_mixin.py:115} INFO - [2022-09-05 10:54:44,594] {dagbag.py:508} INFO - Filling up the DagBag from /home/ubuntu/.local/lib/python3.8/site-packages/airflow/example_dags/example_dag_decorator.py
[2022-09-05 10:54:44,620] {processor.py:651} INFO - DAG(s) dict_keys(['example_dag_decorator']) retrieved from /home/ubuntu/.local/lib/python3.8/site-packages/airflow/example_dags/example_dag_decorator.py
[2022-09-05 10:54:44,635] {logging_mixin.py:115} INFO - [2022-09-05 10:54:44,634] {dag.py:2420} INFO - Sync 1 DAGs
[2022-09-05 10:54:44,650] {logging_mixin.py:115} INFO - [2022-09-05 10:54:44,650] {dag.py:2968} INFO - Setting next_dagrun for example_dag_decorator to None, run_after=None
[2022-09-05 10:54:44,666] {processor.py:161} INFO - Processing /home/ubuntu/.local/lib/python3.8/site-packages/airflow/example_dags/example_dag_decorator.py took 0.077 seconds
[2022-09-05 10:55:21,753] {processor.py:153} INFO - Started process (PID=13576) to work on /home/ubuntu/.local/lib/python3.8/site-packages/airflow/example_dags/example_dag_decorator.py
[2022-09-05 10:55:21,755] {processor.py:641} INFO - Processing file /home/ubuntu/.local/lib/python3.8/site-packages/airflow/example_dags/example_dag_decorator.py for tasks to queue
[2022-09-05 10:55:21,755] {logging_mixin.py:115} INFO - [2022-09-05 10:55:21,755] {dagbag.py:508} INFO - Filling up the DagBag from /home/ubuntu/.local/lib/python3.8/site-packages/airflow/example_dags/example_dag_decorator.py
[2022-09-05 10:55:21,781] {processor.py:651} INFO - DAG(s) dict_keys(['example_dag_decorator']) retrieved from /home/ubuntu/.local/lib/python3.8/site-packages/airflow/example_dags/example_dag_decorator.py
[2022-09-05 10:55:21,821] {logging_mixin.py:115} INFO - [2022-09-05 10:55:21,821] {dag.py:2420} INFO - Sync 1 DAGs
[2022-09-05 10:55:21,834] {logging_mixin.py:115} INFO - [2022-09-05 10:55:21,834] {dag.py:2968} INFO - Setting next_dagrun for example_dag_decorator to None, run_after=None
[2022-09-05 10:55:21,851] {processor.py:161} INFO - Processing /home/ubuntu/.local/lib/python3.8/site-packages/airflow/example_dags/example_dag_decorator.py took 0.102 seconds
[2022-09-05 10:55:56,491] {processor.py:153} INFO - Started process (PID=13634) to work on /home/ubuntu/.local/lib/python3.8/site-packages/airflow/example_dags/example_dag_decorator.py
[2022-09-05 10:55:56,493] {processor.py:641} INFO - Processing file /home/ubuntu/.local/lib/python3.8/site-packages/airflow/example_dags/example_dag_decorator.py for tasks to queue
[2022-09-05 10:55:56,493] {logging_mixin.py:115} INFO - [2022-09-05 10:55:56,493] {dagbag.py:508} INFO - Filling up the DagBag from /home/ubuntu/.local/lib/python3.8/site-packages/airflow/example_dags/example_dag_decorator.py
[2022-09-05 10:55:56,517] {processor.py:651} INFO - DAG(s) dict_keys(['example_dag_decorator']) retrieved from /home/ubuntu/.local/lib/python3.8/site-packages/airflow/example_dags/example_dag_decorator.py
[2022-09-05 10:55:56,531] {logging_mixin.py:115} INFO - [2022-09-05 10:55:56,531] {dag.py:2420} INFO - Sync 1 DAGs
[2022-09-05 10:55:56,546] {logging_mixin.py:115} INFO - [2022-09-05 10:55:56,546] {dag.py:2968} INFO - Setting next_dagrun for example_dag_decorator to None, run_after=None
[2022-09-05 10:55:56,564] {processor.py:161} INFO - Processing /home/ubuntu/.local/lib/python3.8/site-packages/airflow/example_dags/example_dag_decorator.py took 0.075 seconds
[2022-09-05 10:56:32,520] {processor.py:153} INFO - Started process (PID=13686) to work on /home/ubuntu/.local/lib/python3.8/site-packages/airflow/example_dags/example_dag_decorator.py
[2022-09-05 10:56:32,521] {processor.py:641} INFO - Processing file /home/ubuntu/.local/lib/python3.8/site-packages/airflow/example_dags/example_dag_decorator.py for tasks to queue
[2022-09-05 10:56:32,521] {logging_mixin.py:115} INFO - [2022-09-05 10:56:32,521] {dagbag.py:508} INFO - Filling up the DagBag from /home/ubuntu/.local/lib/python3.8/site-packages/airflow/example_dags/example_dag_decorator.py
[2022-09-05 10:56:32,545] {processor.py:651} INFO - DAG(s) dict_keys(['example_dag_decorator']) retrieved from /home/ubuntu/.local/lib/python3.8/site-packages/airflow/example_dags/example_dag_decorator.py
[2022-09-05 10:56:32,559] {logging_mixin.py:115} INFO - [2022-09-05 10:56:32,559] {dag.py:2420} INFO - Sync 1 DAGs
[2022-09-05 10:56:32,574] {logging_mixin.py:115} INFO - [2022-09-05 10:56:32,574] {dag.py:2968} INFO - Setting next_dagrun for example_dag_decorator to None, run_after=None
[2022-09-05 10:56:32,593] {processor.py:161} INFO - Processing /home/ubuntu/.local/lib/python3.8/site-packages/airflow/example_dags/example_dag_decorator.py took 0.077 seconds
[2022-09-05 10:57:08,533] {processor.py:153} INFO - Started process (PID=13753) to work on /home/ubuntu/.local/lib/python3.8/site-packages/airflow/example_dags/example_dag_decorator.py
[2022-09-05 10:57:08,535] {processor.py:641} INFO - Processing file /home/ubuntu/.local/lib/python3.8/site-packages/airflow/example_dags/example_dag_decorator.py for tasks to queue
[2022-09-05 10:57:08,535] {logging_mixin.py:115} INFO - [2022-09-05 10:57:08,535] {dagbag.py:508} INFO - Filling up the DagBag from /home/ubuntu/.local/lib/python3.8/site-packages/airflow/example_dags/example_dag_decorator.py
[2022-09-05 10:57:08,560] {processor.py:651} INFO - DAG(s) dict_keys(['example_dag_decorator']) retrieved from /home/ubuntu/.local/lib/python3.8/site-packages/airflow/example_dags/example_dag_decorator.py
[2022-09-05 10:57:08,573] {logging_mixin.py:115} INFO - [2022-09-05 10:57:08,573] {dag.py:2420} INFO - Sync 1 DAGs
[2022-09-05 10:57:08,588] {logging_mixin.py:115} INFO - [2022-09-05 10:57:08,587] {dag.py:2968} INFO - Setting next_dagrun for example_dag_decorator to None, run_after=None
[2022-09-05 10:57:08,603] {processor.py:161} INFO - Processing /home/ubuntu/.local/lib/python3.8/site-packages/airflow/example_dags/example_dag_decorator.py took 0.073 seconds
[2022-09-05 10:58:23,795] {processor.py:153} INFO - Started process (PID=14087) to work on /home/ubuntu/.local/lib/python3.8/site-packages/airflow/example_dags/example_dag_decorator.py
[2022-09-05 10:58:23,798] {processor.py:641} INFO - Processing file /home/ubuntu/.local/lib/python3.8/site-packages/airflow/example_dags/example_dag_decorator.py for tasks to queue
[2022-09-05 10:58:23,798] {logging_mixin.py:115} INFO - [2022-09-05 10:58:23,798] {dagbag.py:508} INFO - Filling up the DagBag from /home/ubuntu/.local/lib/python3.8/site-packages/airflow/example_dags/example_dag_decorator.py
[2022-09-05 10:58:23,824] {processor.py:651} INFO - DAG(s) dict_keys(['example_dag_decorator']) retrieved from /home/ubuntu/.local/lib/python3.8/site-packages/airflow/example_dags/example_dag_decorator.py
[2022-09-05 10:58:23,863] {logging_mixin.py:115} INFO - [2022-09-05 10:58:23,863] {dag.py:2420} INFO - Sync 1 DAGs
[2022-09-05 10:58:23,876] {logging_mixin.py:115} INFO - [2022-09-05 10:58:23,876] {dag.py:2968} INFO - Setting next_dagrun for example_dag_decorator to None, run_after=None
[2022-09-05 10:58:23,892] {processor.py:161} INFO - Processing /home/ubuntu/.local/lib/python3.8/site-packages/airflow/example_dags/example_dag_decorator.py took 0.101 seconds
[2022-09-05 10:59:01,044] {processor.py:153} INFO - Started process (PID=14352) to work on /home/ubuntu/.local/lib/python3.8/site-packages/airflow/example_dags/example_dag_decorator.py
[2022-09-05 10:59:01,045] {processor.py:641} INFO - Processing file /home/ubuntu/.local/lib/python3.8/site-packages/airflow/example_dags/example_dag_decorator.py for tasks to queue
[2022-09-05 10:59:01,046] {logging_mixin.py:115} INFO - [2022-09-05 10:59:01,046] {dagbag.py:508} INFO - Filling up the DagBag from /home/ubuntu/.local/lib/python3.8/site-packages/airflow/example_dags/example_dag_decorator.py
[2022-09-05 10:59:01,072] {processor.py:651} INFO - DAG(s) dict_keys(['example_dag_decorator']) retrieved from /home/ubuntu/.local/lib/python3.8/site-packages/airflow/example_dags/example_dag_decorator.py
[2022-09-05 10:59:01,110] {logging_mixin.py:115} INFO - [2022-09-05 10:59:01,110] {dag.py:2420} INFO - Sync 1 DAGs
[2022-09-05 10:59:01,123] {logging_mixin.py:115} INFO - [2022-09-05 10:59:01,123] {dag.py:2968} INFO - Setting next_dagrun for example_dag_decorator to None, run_after=None
[2022-09-05 10:59:01,149] {processor.py:161} INFO - Processing /home/ubuntu/.local/lib/python3.8/site-packages/airflow/example_dags/example_dag_decorator.py took 0.109 seconds
[2022-09-05 10:59:39,426] {processor.py:153} INFO - Started process (PID=14831) to work on /home/ubuntu/.local/lib/python3.8/site-packages/airflow/example_dags/example_dag_decorator.py
[2022-09-05 10:59:39,427] {processor.py:641} INFO - Processing file /home/ubuntu/.local/lib/python3.8/site-packages/airflow/example_dags/example_dag_decorator.py for tasks to queue
[2022-09-05 10:59:39,428] {logging_mixin.py:115} INFO - [2022-09-05 10:59:39,428] {dagbag.py:508} INFO - Filling up the DagBag from /home/ubuntu/.local/lib/python3.8/site-packages/airflow/example_dags/example_dag_decorator.py
[2022-09-05 10:59:39,453] {processor.py:651} INFO - DAG(s) dict_keys(['example_dag_decorator']) retrieved from /home/ubuntu/.local/lib/python3.8/site-packages/airflow/example_dags/example_dag_decorator.py
[2022-09-05 10:59:39,491] {logging_mixin.py:115} INFO - [2022-09-05 10:59:39,491] {dag.py:2420} INFO - Sync 1 DAGs
[2022-09-05 10:59:39,503] {logging_mixin.py:115} INFO - [2022-09-05 10:59:39,503] {dag.py:2968} INFO - Setting next_dagrun for example_dag_decorator to None, run_after=None
[2022-09-05 10:59:39,526] {processor.py:161} INFO - Processing /home/ubuntu/.local/lib/python3.8/site-packages/airflow/example_dags/example_dag_decorator.py took 0.104 seconds
[2022-09-05 11:00:17,694] {processor.py:153} INFO - Started process (PID=14992) to work on /home/ubuntu/.local/lib/python3.8/site-packages/airflow/example_dags/example_dag_decorator.py
[2022-09-05 11:00:17,695] {processor.py:641} INFO - Processing file /home/ubuntu/.local/lib/python3.8/site-packages/airflow/example_dags/example_dag_decorator.py for tasks to queue
[2022-09-05 11:00:17,696] {logging_mixin.py:115} INFO - [2022-09-05 11:00:17,695] {dagbag.py:508} INFO - Filling up the DagBag from /home/ubuntu/.local/lib/python3.8/site-packages/airflow/example_dags/example_dag_decorator.py
[2022-09-05 11:00:17,720] {processor.py:651} INFO - DAG(s) dict_keys(['example_dag_decorator']) retrieved from /home/ubuntu/.local/lib/python3.8/site-packages/airflow/example_dags/example_dag_decorator.py
[2022-09-05 11:00:17,758] {logging_mixin.py:115} INFO - [2022-09-05 11:00:17,758] {dag.py:2420} INFO - Sync 1 DAGs
[2022-09-05 11:00:17,770] {logging_mixin.py:115} INFO - [2022-09-05 11:00:17,770] {dag.py:2968} INFO - Setting next_dagrun for example_dag_decorator to None, run_after=None
[2022-09-05 11:00:17,788] {processor.py:161} INFO - Processing /home/ubuntu/.local/lib/python3.8/site-packages/airflow/example_dags/example_dag_decorator.py took 0.097 seconds
[2022-09-05 11:00:54,003] {processor.py:153} INFO - Started process (PID=15036) to work on /home/ubuntu/.local/lib/python3.8/site-packages/airflow/example_dags/example_dag_decorator.py
[2022-09-05 11:00:54,004] {processor.py:641} INFO - Processing file /home/ubuntu/.local/lib/python3.8/site-packages/airflow/example_dags/example_dag_decorator.py for tasks to queue
[2022-09-05 11:00:54,005] {logging_mixin.py:115} INFO - [2022-09-05 11:00:54,005] {dagbag.py:508} INFO - Filling up the DagBag from /home/ubuntu/.local/lib/python3.8/site-packages/airflow/example_dags/example_dag_decorator.py
[2022-09-05 11:00:54,030] {processor.py:651} INFO - DAG(s) dict_keys(['example_dag_decorator']) retrieved from /home/ubuntu/.local/lib/python3.8/site-packages/airflow/example_dags/example_dag_decorator.py
[2022-09-05 11:00:54,044] {logging_mixin.py:115} INFO - [2022-09-05 11:00:54,044] {dag.py:2420} INFO - Sync 1 DAGs
[2022-09-05 11:00:54,058] {logging_mixin.py:115} INFO - [2022-09-05 11:00:54,058] {dag.py:2968} INFO - Setting next_dagrun for example_dag_decorator to None, run_after=None
[2022-09-05 11:00:54,078] {processor.py:161} INFO - Processing /home/ubuntu/.local/lib/python3.8/site-packages/airflow/example_dags/example_dag_decorator.py took 0.078 seconds
[2022-09-05 11:01:29,182] {processor.py:153} INFO - Started process (PID=15079) to work on /home/ubuntu/.local/lib/python3.8/site-packages/airflow/example_dags/example_dag_decorator.py
[2022-09-05 11:01:29,183] {processor.py:641} INFO - Processing file /home/ubuntu/.local/lib/python3.8/site-packages/airflow/example_dags/example_dag_decorator.py for tasks to queue
[2022-09-05 11:01:29,184] {logging_mixin.py:115} INFO - [2022-09-05 11:01:29,184] {dagbag.py:508} INFO - Filling up the DagBag from /home/ubuntu/.local/lib/python3.8/site-packages/airflow/example_dags/example_dag_decorator.py
[2022-09-05 11:01:29,208] {processor.py:651} INFO - DAG(s) dict_keys(['example_dag_decorator']) retrieved from /home/ubuntu/.local/lib/python3.8/site-packages/airflow/example_dags/example_dag_decorator.py
[2022-09-05 11:01:29,245] {logging_mixin.py:115} INFO - [2022-09-05 11:01:29,245] {dag.py:2420} INFO - Sync 1 DAGs
[2022-09-05 11:01:29,257] {logging_mixin.py:115} INFO - [2022-09-05 11:01:29,257] {dag.py:2968} INFO - Setting next_dagrun for example_dag_decorator to None, run_after=None
[2022-09-05 11:01:29,272] {processor.py:161} INFO - Processing /home/ubuntu/.local/lib/python3.8/site-packages/airflow/example_dags/example_dag_decorator.py took 0.093 seconds
[2022-09-05 11:02:04,130] {processor.py:153} INFO - Started process (PID=15120) to work on /home/ubuntu/.local/lib/python3.8/site-packages/airflow/example_dags/example_dag_decorator.py
[2022-09-05 11:02:04,131] {processor.py:641} INFO - Processing file /home/ubuntu/.local/lib/python3.8/site-packages/airflow/example_dags/example_dag_decorator.py for tasks to queue
[2022-09-05 11:02:04,132] {logging_mixin.py:115} INFO - [2022-09-05 11:02:04,132] {dagbag.py:508} INFO - Filling up the DagBag from /home/ubuntu/.local/lib/python3.8/site-packages/airflow/example_dags/example_dag_decorator.py
[2022-09-05 11:02:04,157] {processor.py:651} INFO - DAG(s) dict_keys(['example_dag_decorator']) retrieved from /home/ubuntu/.local/lib/python3.8/site-packages/airflow/example_dags/example_dag_decorator.py
[2022-09-05 11:02:04,196] {logging_mixin.py:115} INFO - [2022-09-05 11:02:04,196] {dag.py:2420} INFO - Sync 1 DAGs
[2022-09-05 11:02:04,209] {logging_mixin.py:115} INFO - [2022-09-05 11:02:04,209] {dag.py:2968} INFO - Setting next_dagrun for example_dag_decorator to None, run_after=None
[2022-09-05 11:02:04,232] {processor.py:161} INFO - Processing /home/ubuntu/.local/lib/python3.8/site-packages/airflow/example_dags/example_dag_decorator.py took 0.105 seconds
[2022-09-05 11:02:39,698] {processor.py:153} INFO - Started process (PID=15224) to work on /home/ubuntu/.local/lib/python3.8/site-packages/airflow/example_dags/example_dag_decorator.py
[2022-09-05 11:02:39,700] {processor.py:641} INFO - Processing file /home/ubuntu/.local/lib/python3.8/site-packages/airflow/example_dags/example_dag_decorator.py for tasks to queue
[2022-09-05 11:02:39,701] {logging_mixin.py:115} INFO - [2022-09-05 11:02:39,701] {dagbag.py:508} INFO - Filling up the DagBag from /home/ubuntu/.local/lib/python3.8/site-packages/airflow/example_dags/example_dag_decorator.py
[2022-09-05 11:02:39,726] {processor.py:651} INFO - DAG(s) dict_keys(['example_dag_decorator']) retrieved from /home/ubuntu/.local/lib/python3.8/site-packages/airflow/example_dags/example_dag_decorator.py
[2022-09-05 11:02:39,775] {logging_mixin.py:115} INFO - [2022-09-05 11:02:39,774] {dag.py:2420} INFO - Sync 1 DAGs
[2022-09-05 11:02:39,787] {logging_mixin.py:115} INFO - [2022-09-05 11:02:39,787] {dag.py:2968} INFO - Setting next_dagrun for example_dag_decorator to None, run_after=None
[2022-09-05 11:02:39,807] {processor.py:161} INFO - Processing /home/ubuntu/.local/lib/python3.8/site-packages/airflow/example_dags/example_dag_decorator.py took 0.112 seconds
[2022-09-05 11:03:15,408] {processor.py:153} INFO - Started process (PID=15510) to work on /home/ubuntu/.local/lib/python3.8/site-packages/airflow/example_dags/example_dag_decorator.py
[2022-09-05 11:03:15,410] {processor.py:641} INFO - Processing file /home/ubuntu/.local/lib/python3.8/site-packages/airflow/example_dags/example_dag_decorator.py for tasks to queue
[2022-09-05 11:03:15,411] {logging_mixin.py:115} INFO - [2022-09-05 11:03:15,411] {dagbag.py:508} INFO - Filling up the DagBag from /home/ubuntu/.local/lib/python3.8/site-packages/airflow/example_dags/example_dag_decorator.py
[2022-09-05 11:03:15,440] {processor.py:651} INFO - DAG(s) dict_keys(['example_dag_decorator']) retrieved from /home/ubuntu/.local/lib/python3.8/site-packages/airflow/example_dags/example_dag_decorator.py
[2022-09-05 11:03:15,480] {logging_mixin.py:115} INFO - [2022-09-05 11:03:15,480] {dag.py:2420} INFO - Sync 1 DAGs
[2022-09-05 11:03:15,493] {logging_mixin.py:115} INFO - [2022-09-05 11:03:15,493] {dag.py:2968} INFO - Setting next_dagrun for example_dag_decorator to None, run_after=None
[2022-09-05 11:03:15,508] {processor.py:161} INFO - Processing /home/ubuntu/.local/lib/python3.8/site-packages/airflow/example_dags/example_dag_decorator.py took 0.105 seconds
[2022-09-05 11:04:01,377] {processor.py:153} INFO - Started process (PID=15798) to work on /home/ubuntu/.local/lib/python3.8/site-packages/airflow/example_dags/example_dag_decorator.py
[2022-09-05 11:04:01,379] {processor.py:641} INFO - Processing file /home/ubuntu/.local/lib/python3.8/site-packages/airflow/example_dags/example_dag_decorator.py for tasks to queue
[2022-09-05 11:04:01,380] {logging_mixin.py:115} INFO - [2022-09-05 11:04:01,380] {dagbag.py:508} INFO - Filling up the DagBag from /home/ubuntu/.local/lib/python3.8/site-packages/airflow/example_dags/example_dag_decorator.py
[2022-09-05 11:04:01,406] {processor.py:651} INFO - DAG(s) dict_keys(['example_dag_decorator']) retrieved from /home/ubuntu/.local/lib/python3.8/site-packages/airflow/example_dags/example_dag_decorator.py
[2022-09-05 11:04:01,444] {logging_mixin.py:115} INFO - [2022-09-05 11:04:01,444] {dag.py:2420} INFO - Sync 1 DAGs
[2022-09-05 11:04:01,457] {logging_mixin.py:115} INFO - [2022-09-05 11:04:01,457] {dag.py:2968} INFO - Setting next_dagrun for example_dag_decorator to None, run_after=None
[2022-09-05 11:04:01,473] {processor.py:161} INFO - Processing /home/ubuntu/.local/lib/python3.8/site-packages/airflow/example_dags/example_dag_decorator.py took 0.099 seconds
[2022-09-05 11:09:11,982] {processor.py:153} INFO - Started process (PID=20167) to work on /home/ubuntu/.local/lib/python3.8/site-packages/airflow/example_dags/example_dag_decorator.py
[2022-09-05 11:09:11,984] {processor.py:641} INFO - Processing file /home/ubuntu/.local/lib/python3.8/site-packages/airflow/example_dags/example_dag_decorator.py for tasks to queue
[2022-09-05 11:09:11,985] {logging_mixin.py:115} INFO - [2022-09-05 11:09:11,985] {dagbag.py:508} INFO - Filling up the DagBag from /home/ubuntu/.local/lib/python3.8/site-packages/airflow/example_dags/example_dag_decorator.py
[2022-09-05 11:09:12,009] {processor.py:651} INFO - DAG(s) dict_keys(['example_dag_decorator']) retrieved from /home/ubuntu/.local/lib/python3.8/site-packages/airflow/example_dags/example_dag_decorator.py
[2022-09-05 11:09:12,056] {logging_mixin.py:115} INFO - [2022-09-05 11:09:12,056] {dag.py:2420} INFO - Sync 1 DAGs
[2022-09-05 11:09:12,068] {logging_mixin.py:115} INFO - [2022-09-05 11:09:12,067] {dag.py:2968} INFO - Setting next_dagrun for example_dag_decorator to None, run_after=None
[2022-09-05 11:09:12,084] {processor.py:161} INFO - Processing /home/ubuntu/.local/lib/python3.8/site-packages/airflow/example_dags/example_dag_decorator.py took 0.106 seconds
[2022-09-05 11:09:49,245] {processor.py:153} INFO - Started process (PID=20231) to work on /home/ubuntu/.local/lib/python3.8/site-packages/airflow/example_dags/example_dag_decorator.py
[2022-09-05 11:09:49,247] {processor.py:641} INFO - Processing file /home/ubuntu/.local/lib/python3.8/site-packages/airflow/example_dags/example_dag_decorator.py for tasks to queue
[2022-09-05 11:09:49,247] {logging_mixin.py:115} INFO - [2022-09-05 11:09:49,247] {dagbag.py:508} INFO - Filling up the DagBag from /home/ubuntu/.local/lib/python3.8/site-packages/airflow/example_dags/example_dag_decorator.py
[2022-09-05 11:09:49,271] {processor.py:651} INFO - DAG(s) dict_keys(['example_dag_decorator']) retrieved from /home/ubuntu/.local/lib/python3.8/site-packages/airflow/example_dags/example_dag_decorator.py
[2022-09-05 11:09:49,315] {logging_mixin.py:115} INFO - [2022-09-05 11:09:49,315] {dag.py:2420} INFO - Sync 1 DAGs
[2022-09-05 11:09:49,326] {logging_mixin.py:115} INFO - [2022-09-05 11:09:49,326] {dag.py:2968} INFO - Setting next_dagrun for example_dag_decorator to None, run_after=None
[2022-09-05 11:09:49,348] {processor.py:161} INFO - Processing /home/ubuntu/.local/lib/python3.8/site-packages/airflow/example_dags/example_dag_decorator.py took 0.106 seconds
[2022-09-05 11:12:08,667] {processor.py:153} INFO - Started process (PID=22055) to work on /home/ubuntu/.local/lib/python3.8/site-packages/airflow/example_dags/example_dag_decorator.py
[2022-09-05 11:12:08,669] {processor.py:641} INFO - Processing file /home/ubuntu/.local/lib/python3.8/site-packages/airflow/example_dags/example_dag_decorator.py for tasks to queue
[2022-09-05 11:12:08,669] {logging_mixin.py:115} INFO - [2022-09-05 11:12:08,669] {dagbag.py:508} INFO - Filling up the DagBag from /home/ubuntu/.local/lib/python3.8/site-packages/airflow/example_dags/example_dag_decorator.py
[2022-09-05 11:12:08,693] {processor.py:651} INFO - DAG(s) dict_keys(['example_dag_decorator']) retrieved from /home/ubuntu/.local/lib/python3.8/site-packages/airflow/example_dags/example_dag_decorator.py
[2022-09-05 11:12:08,736] {logging_mixin.py:115} INFO - [2022-09-05 11:12:08,735] {dag.py:2420} INFO - Sync 1 DAGs
[2022-09-05 11:12:08,746] {logging_mixin.py:115} INFO - [2022-09-05 11:12:08,746] {dag.py:2968} INFO - Setting next_dagrun for example_dag_decorator to None, run_after=None
[2022-09-05 11:12:08,764] {processor.py:161} INFO - Processing /home/ubuntu/.local/lib/python3.8/site-packages/airflow/example_dags/example_dag_decorator.py took 0.101 seconds
[2022-09-05 11:12:43,940] {processor.py:153} INFO - Started process (PID=22213) to work on /home/ubuntu/.local/lib/python3.8/site-packages/airflow/example_dags/example_dag_decorator.py
[2022-09-05 11:12:43,941] {processor.py:641} INFO - Processing file /home/ubuntu/.local/lib/python3.8/site-packages/airflow/example_dags/example_dag_decorator.py for tasks to queue
[2022-09-05 11:12:43,941] {logging_mixin.py:115} INFO - [2022-09-05 11:12:43,941] {dagbag.py:508} INFO - Filling up the DagBag from /home/ubuntu/.local/lib/python3.8/site-packages/airflow/example_dags/example_dag_decorator.py
[2022-09-05 11:12:43,965] {processor.py:651} INFO - DAG(s) dict_keys(['example_dag_decorator']) retrieved from /home/ubuntu/.local/lib/python3.8/site-packages/airflow/example_dags/example_dag_decorator.py
[2022-09-05 11:12:44,008] {logging_mixin.py:115} INFO - [2022-09-05 11:12:44,008] {dag.py:2420} INFO - Sync 1 DAGs
[2022-09-05 11:12:44,018] {logging_mixin.py:115} INFO - [2022-09-05 11:12:44,018] {dag.py:2968} INFO - Setting next_dagrun for example_dag_decorator to None, run_after=None
[2022-09-05 11:12:44,034] {processor.py:161} INFO - Processing /home/ubuntu/.local/lib/python3.8/site-packages/airflow/example_dags/example_dag_decorator.py took 0.098 seconds
[2022-09-05 11:13:18,930] {processor.py:153} INFO - Started process (PID=22317) to work on /home/ubuntu/.local/lib/python3.8/site-packages/airflow/example_dags/example_dag_decorator.py
[2022-09-05 11:13:18,932] {processor.py:641} INFO - Processing file /home/ubuntu/.local/lib/python3.8/site-packages/airflow/example_dags/example_dag_decorator.py for tasks to queue
[2022-09-05 11:13:18,932] {logging_mixin.py:115} INFO - [2022-09-05 11:13:18,932] {dagbag.py:508} INFO - Filling up the DagBag from /home/ubuntu/.local/lib/python3.8/site-packages/airflow/example_dags/example_dag_decorator.py
[2022-09-05 11:13:18,955] {processor.py:651} INFO - DAG(s) dict_keys(['example_dag_decorator']) retrieved from /home/ubuntu/.local/lib/python3.8/site-packages/airflow/example_dags/example_dag_decorator.py
[2022-09-05 11:13:18,996] {logging_mixin.py:115} INFO - [2022-09-05 11:13:18,996] {dag.py:2420} INFO - Sync 1 DAGs
[2022-09-05 11:13:19,006] {logging_mixin.py:115} INFO - [2022-09-05 11:13:19,006] {dag.py:2968} INFO - Setting next_dagrun for example_dag_decorator to None, run_after=None
[2022-09-05 11:13:19,022] {processor.py:161} INFO - Processing /home/ubuntu/.local/lib/python3.8/site-packages/airflow/example_dags/example_dag_decorator.py took 0.096 seconds
[2022-09-05 11:13:54,825] {processor.py:153} INFO - Started process (PID=22400) to work on /home/ubuntu/.local/lib/python3.8/site-packages/airflow/example_dags/example_dag_decorator.py
[2022-09-05 11:13:54,826] {processor.py:641} INFO - Processing file /home/ubuntu/.local/lib/python3.8/site-packages/airflow/example_dags/example_dag_decorator.py for tasks to queue
[2022-09-05 11:13:54,827] {logging_mixin.py:115} INFO - [2022-09-05 11:13:54,827] {dagbag.py:508} INFO - Filling up the DagBag from /home/ubuntu/.local/lib/python3.8/site-packages/airflow/example_dags/example_dag_decorator.py
[2022-09-05 11:13:54,852] {processor.py:651} INFO - DAG(s) dict_keys(['example_dag_decorator']) retrieved from /home/ubuntu/.local/lib/python3.8/site-packages/airflow/example_dags/example_dag_decorator.py
[2022-09-05 11:13:54,897] {logging_mixin.py:115} INFO - [2022-09-05 11:13:54,897] {dag.py:2420} INFO - Sync 1 DAGs
[2022-09-05 11:13:54,908] {logging_mixin.py:115} INFO - [2022-09-05 11:13:54,908] {dag.py:2968} INFO - Setting next_dagrun for example_dag_decorator to None, run_after=None
[2022-09-05 11:13:54,924] {processor.py:161} INFO - Processing /home/ubuntu/.local/lib/python3.8/site-packages/airflow/example_dags/example_dag_decorator.py took 0.103 seconds
[2022-09-05 11:14:28,982] {processor.py:153} INFO - Started process (PID=22628) to work on /home/ubuntu/.local/lib/python3.8/site-packages/airflow/example_dags/example_dag_decorator.py
[2022-09-05 11:14:28,984] {processor.py:641} INFO - Processing file /home/ubuntu/.local/lib/python3.8/site-packages/airflow/example_dags/example_dag_decorator.py for tasks to queue
[2022-09-05 11:14:28,985] {logging_mixin.py:115} INFO - [2022-09-05 11:14:28,984] {dagbag.py:508} INFO - Filling up the DagBag from /home/ubuntu/.local/lib/python3.8/site-packages/airflow/example_dags/example_dag_decorator.py
[2022-09-05 11:14:29,007] {processor.py:651} INFO - DAG(s) dict_keys(['example_dag_decorator']) retrieved from /home/ubuntu/.local/lib/python3.8/site-packages/airflow/example_dags/example_dag_decorator.py
[2022-09-05 11:14:29,047] {logging_mixin.py:115} INFO - [2022-09-05 11:14:29,047] {dag.py:2420} INFO - Sync 1 DAGs
[2022-09-05 11:14:29,057] {logging_mixin.py:115} INFO - [2022-09-05 11:14:29,057] {dag.py:2968} INFO - Setting next_dagrun for example_dag_decorator to None, run_after=None
[2022-09-05 11:14:29,072] {processor.py:161} INFO - Processing /home/ubuntu/.local/lib/python3.8/site-packages/airflow/example_dags/example_dag_decorator.py took 0.094 seconds
[2022-09-05 11:15:03,492] {processor.py:153} INFO - Started process (PID=22674) to work on /home/ubuntu/.local/lib/python3.8/site-packages/airflow/example_dags/example_dag_decorator.py
[2022-09-05 11:15:03,494] {processor.py:641} INFO - Processing file /home/ubuntu/.local/lib/python3.8/site-packages/airflow/example_dags/example_dag_decorator.py for tasks to queue
[2022-09-05 11:15:03,494] {logging_mixin.py:115} INFO - [2022-09-05 11:15:03,494] {dagbag.py:508} INFO - Filling up the DagBag from /home/ubuntu/.local/lib/python3.8/site-packages/airflow/example_dags/example_dag_decorator.py
[2022-09-05 11:15:03,517] {processor.py:651} INFO - DAG(s) dict_keys(['example_dag_decorator']) retrieved from /home/ubuntu/.local/lib/python3.8/site-packages/airflow/example_dags/example_dag_decorator.py
[2022-09-05 11:15:03,531] {logging_mixin.py:115} INFO - [2022-09-05 11:15:03,531] {dag.py:2420} INFO - Sync 1 DAGs
[2022-09-05 11:15:03,546] {logging_mixin.py:115} INFO - [2022-09-05 11:15:03,546] {dag.py:2968} INFO - Setting next_dagrun for example_dag_decorator to None, run_after=None
[2022-09-05 11:15:03,566] {processor.py:161} INFO - Processing /home/ubuntu/.local/lib/python3.8/site-packages/airflow/example_dags/example_dag_decorator.py took 0.077 seconds
[2022-09-05 11:15:47,733] {processor.py:153} INFO - Started process (PID=22990) to work on /home/ubuntu/.local/lib/python3.8/site-packages/airflow/example_dags/example_dag_decorator.py
[2022-09-05 11:15:47,734] {processor.py:641} INFO - Processing file /home/ubuntu/.local/lib/python3.8/site-packages/airflow/example_dags/example_dag_decorator.py for tasks to queue
[2022-09-05 11:15:47,734] {logging_mixin.py:115} INFO - [2022-09-05 11:15:47,734] {dagbag.py:508} INFO - Filling up the DagBag from /home/ubuntu/.local/lib/python3.8/site-packages/airflow/example_dags/example_dag_decorator.py
[2022-09-05 11:15:47,760] {processor.py:651} INFO - DAG(s) dict_keys(['example_dag_decorator']) retrieved from /home/ubuntu/.local/lib/python3.8/site-packages/airflow/example_dags/example_dag_decorator.py
[2022-09-05 11:15:47,797] {logging_mixin.py:115} INFO - [2022-09-05 11:15:47,797] {dag.py:2420} INFO - Sync 1 DAGs
[2022-09-05 11:15:47,809] {logging_mixin.py:115} INFO - [2022-09-05 11:15:47,809] {dag.py:2968} INFO - Setting next_dagrun for example_dag_decorator to None, run_after=None
[2022-09-05 11:15:47,825] {processor.py:161} INFO - Processing /home/ubuntu/.local/lib/python3.8/site-packages/airflow/example_dags/example_dag_decorator.py took 0.096 seconds
[2022-09-05 11:16:20,340] {processor.py:153} INFO - Started process (PID=23073) to work on /home/ubuntu/.local/lib/python3.8/site-packages/airflow/example_dags/example_dag_decorator.py
[2022-09-05 11:16:20,342] {processor.py:641} INFO - Processing file /home/ubuntu/.local/lib/python3.8/site-packages/airflow/example_dags/example_dag_decorator.py for tasks to queue
[2022-09-05 11:16:20,342] {logging_mixin.py:115} INFO - [2022-09-05 11:16:20,342] {dagbag.py:508} INFO - Filling up the DagBag from /home/ubuntu/.local/lib/python3.8/site-packages/airflow/example_dags/example_dag_decorator.py
[2022-09-05 11:16:20,367] {processor.py:651} INFO - DAG(s) dict_keys(['example_dag_decorator']) retrieved from /home/ubuntu/.local/lib/python3.8/site-packages/airflow/example_dags/example_dag_decorator.py
[2022-09-05 11:16:20,403] {logging_mixin.py:115} INFO - [2022-09-05 11:16:20,403] {dag.py:2420} INFO - Sync 1 DAGs
[2022-09-05 11:16:20,415] {logging_mixin.py:115} INFO - [2022-09-05 11:16:20,415] {dag.py:2968} INFO - Setting next_dagrun for example_dag_decorator to None, run_after=None
[2022-09-05 11:16:20,446] {processor.py:161} INFO - Processing /home/ubuntu/.local/lib/python3.8/site-packages/airflow/example_dags/example_dag_decorator.py took 0.109 seconds
[2022-09-05 11:16:55,202] {processor.py:153} INFO - Started process (PID=23155) to work on /home/ubuntu/.local/lib/python3.8/site-packages/airflow/example_dags/example_dag_decorator.py
[2022-09-05 11:16:55,203] {processor.py:641} INFO - Processing file /home/ubuntu/.local/lib/python3.8/site-packages/airflow/example_dags/example_dag_decorator.py for tasks to queue
[2022-09-05 11:16:55,204] {logging_mixin.py:115} INFO - [2022-09-05 11:16:55,204] {dagbag.py:508} INFO - Filling up the DagBag from /home/ubuntu/.local/lib/python3.8/site-packages/airflow/example_dags/example_dag_decorator.py
[2022-09-05 11:16:55,230] {processor.py:651} INFO - DAG(s) dict_keys(['example_dag_decorator']) retrieved from /home/ubuntu/.local/lib/python3.8/site-packages/airflow/example_dags/example_dag_decorator.py
[2022-09-05 11:16:55,269] {logging_mixin.py:115} INFO - [2022-09-05 11:16:55,269] {dag.py:2420} INFO - Sync 1 DAGs
[2022-09-05 11:16:55,282] {logging_mixin.py:115} INFO - [2022-09-05 11:16:55,282] {dag.py:2968} INFO - Setting next_dagrun for example_dag_decorator to None, run_after=None
[2022-09-05 11:16:55,298] {processor.py:161} INFO - Processing /home/ubuntu/.local/lib/python3.8/site-packages/airflow/example_dags/example_dag_decorator.py took 0.100 seconds
[2022-09-05 11:17:28,987] {processor.py:153} INFO - Started process (PID=23245) to work on /home/ubuntu/.local/lib/python3.8/site-packages/airflow/example_dags/example_dag_decorator.py
[2022-09-05 11:17:28,988] {processor.py:641} INFO - Processing file /home/ubuntu/.local/lib/python3.8/site-packages/airflow/example_dags/example_dag_decorator.py for tasks to queue
[2022-09-05 11:17:28,989] {logging_mixin.py:115} INFO - [2022-09-05 11:17:28,989] {dagbag.py:508} INFO - Filling up the DagBag from /home/ubuntu/.local/lib/python3.8/site-packages/airflow/example_dags/example_dag_decorator.py
[2022-09-05 11:17:29,014] {processor.py:651} INFO - DAG(s) dict_keys(['example_dag_decorator']) retrieved from /home/ubuntu/.local/lib/python3.8/site-packages/airflow/example_dags/example_dag_decorator.py
[2022-09-05 11:17:29,050] {logging_mixin.py:115} INFO - [2022-09-05 11:17:29,049] {dag.py:2420} INFO - Sync 1 DAGs
[2022-09-05 11:17:29,061] {logging_mixin.py:115} INFO - [2022-09-05 11:17:29,061] {dag.py:2968} INFO - Setting next_dagrun for example_dag_decorator to None, run_after=None
[2022-09-05 11:17:29,081] {processor.py:161} INFO - Processing /home/ubuntu/.local/lib/python3.8/site-packages/airflow/example_dags/example_dag_decorator.py took 0.098 seconds
[2022-09-05 11:18:05,532] {processor.py:153} INFO - Started process (PID=23327) to work on /home/ubuntu/.local/lib/python3.8/site-packages/airflow/example_dags/example_dag_decorator.py
[2022-09-05 11:18:05,534] {processor.py:641} INFO - Processing file /home/ubuntu/.local/lib/python3.8/site-packages/airflow/example_dags/example_dag_decorator.py for tasks to queue
[2022-09-05 11:18:05,534] {logging_mixin.py:115} INFO - [2022-09-05 11:18:05,534] {dagbag.py:508} INFO - Filling up the DagBag from /home/ubuntu/.local/lib/python3.8/site-packages/airflow/example_dags/example_dag_decorator.py
[2022-09-05 11:18:05,561] {processor.py:651} INFO - DAG(s) dict_keys(['example_dag_decorator']) retrieved from /home/ubuntu/.local/lib/python3.8/site-packages/airflow/example_dags/example_dag_decorator.py
[2022-09-05 11:18:05,600] {logging_mixin.py:115} INFO - [2022-09-05 11:18:05,600] {dag.py:2420} INFO - Sync 1 DAGs
[2022-09-05 11:18:05,613] {logging_mixin.py:115} INFO - [2022-09-05 11:18:05,613] {dag.py:2968} INFO - Setting next_dagrun for example_dag_decorator to None, run_after=None
[2022-09-05 11:18:05,633] {processor.py:161} INFO - Processing /home/ubuntu/.local/lib/python3.8/site-packages/airflow/example_dags/example_dag_decorator.py took 0.105 seconds
[2022-09-05 11:18:40,475] {processor.py:153} INFO - Started process (PID=23414) to work on /home/ubuntu/.local/lib/python3.8/site-packages/airflow/example_dags/example_dag_decorator.py
[2022-09-05 11:18:40,476] {processor.py:641} INFO - Processing file /home/ubuntu/.local/lib/python3.8/site-packages/airflow/example_dags/example_dag_decorator.py for tasks to queue
[2022-09-05 11:18:40,477] {logging_mixin.py:115} INFO - [2022-09-05 11:18:40,477] {dagbag.py:508} INFO - Filling up the DagBag from /home/ubuntu/.local/lib/python3.8/site-packages/airflow/example_dags/example_dag_decorator.py
[2022-09-05 11:18:40,502] {processor.py:651} INFO - DAG(s) dict_keys(['example_dag_decorator']) retrieved from /home/ubuntu/.local/lib/python3.8/site-packages/airflow/example_dags/example_dag_decorator.py
[2022-09-05 11:18:40,540] {logging_mixin.py:115} INFO - [2022-09-05 11:18:40,539] {dag.py:2420} INFO - Sync 1 DAGs
[2022-09-05 11:18:40,552] {logging_mixin.py:115} INFO - [2022-09-05 11:18:40,552] {dag.py:2968} INFO - Setting next_dagrun for example_dag_decorator to None, run_after=None
[2022-09-05 11:18:40,569] {processor.py:161} INFO - Processing /home/ubuntu/.local/lib/python3.8/site-packages/airflow/example_dags/example_dag_decorator.py took 0.097 seconds
[2022-09-05 11:19:17,254] {processor.py:153} INFO - Started process (PID=23465) to work on /home/ubuntu/.local/lib/python3.8/site-packages/airflow/example_dags/example_dag_decorator.py
[2022-09-05 11:19:17,255] {processor.py:641} INFO - Processing file /home/ubuntu/.local/lib/python3.8/site-packages/airflow/example_dags/example_dag_decorator.py for tasks to queue
[2022-09-05 11:19:17,256] {logging_mixin.py:115} INFO - [2022-09-05 11:19:17,256] {dagbag.py:508} INFO - Filling up the DagBag from /home/ubuntu/.local/lib/python3.8/site-packages/airflow/example_dags/example_dag_decorator.py
[2022-09-05 11:19:17,282] {processor.py:651} INFO - DAG(s) dict_keys(['example_dag_decorator']) retrieved from /home/ubuntu/.local/lib/python3.8/site-packages/airflow/example_dags/example_dag_decorator.py
[2022-09-05 11:19:17,322] {logging_mixin.py:115} INFO - [2022-09-05 11:19:17,322] {dag.py:2420} INFO - Sync 1 DAGs
[2022-09-05 11:19:17,335] {logging_mixin.py:115} INFO - [2022-09-05 11:19:17,335] {dag.py:2968} INFO - Setting next_dagrun for example_dag_decorator to None, run_after=None
[2022-09-05 11:19:17,352] {processor.py:161} INFO - Processing /home/ubuntu/.local/lib/python3.8/site-packages/airflow/example_dags/example_dag_decorator.py took 0.102 seconds
[2022-09-05 11:19:51,437] {processor.py:153} INFO - Started process (PID=23507) to work on /home/ubuntu/.local/lib/python3.8/site-packages/airflow/example_dags/example_dag_decorator.py
[2022-09-05 11:19:51,438] {processor.py:641} INFO - Processing file /home/ubuntu/.local/lib/python3.8/site-packages/airflow/example_dags/example_dag_decorator.py for tasks to queue
[2022-09-05 11:19:51,439] {logging_mixin.py:115} INFO - [2022-09-05 11:19:51,439] {dagbag.py:508} INFO - Filling up the DagBag from /home/ubuntu/.local/lib/python3.8/site-packages/airflow/example_dags/example_dag_decorator.py
[2022-09-05 11:19:51,465] {processor.py:651} INFO - DAG(s) dict_keys(['example_dag_decorator']) retrieved from /home/ubuntu/.local/lib/python3.8/site-packages/airflow/example_dags/example_dag_decorator.py
[2022-09-05 11:19:51,505] {logging_mixin.py:115} INFO - [2022-09-05 11:19:51,505] {dag.py:2420} INFO - Sync 1 DAGs
[2022-09-05 11:19:51,518] {logging_mixin.py:115} INFO - [2022-09-05 11:19:51,518] {dag.py:2968} INFO - Setting next_dagrun for example_dag_decorator to None, run_after=None
[2022-09-05 11:19:51,536] {processor.py:161} INFO - Processing /home/ubuntu/.local/lib/python3.8/site-packages/airflow/example_dags/example_dag_decorator.py took 0.103 seconds
[2022-09-05 11:22:11,552] {processor.py:153} INFO - Started process (PID=25210) to work on /home/ubuntu/.local/lib/python3.8/site-packages/airflow/example_dags/example_dag_decorator.py
[2022-09-05 11:22:11,556] {processor.py:641} INFO - Processing file /home/ubuntu/.local/lib/python3.8/site-packages/airflow/example_dags/example_dag_decorator.py for tasks to queue
[2022-09-05 11:22:11,557] {logging_mixin.py:115} INFO - [2022-09-05 11:22:11,557] {dagbag.py:508} INFO - Filling up the DagBag from /home/ubuntu/.local/lib/python3.8/site-packages/airflow/example_dags/example_dag_decorator.py
[2022-09-05 11:22:11,581] {processor.py:651} INFO - DAG(s) dict_keys(['example_dag_decorator']) retrieved from /home/ubuntu/.local/lib/python3.8/site-packages/airflow/example_dags/example_dag_decorator.py
[2022-09-05 11:22:11,620] {logging_mixin.py:115} INFO - [2022-09-05 11:22:11,620] {dag.py:2420} INFO - Sync 1 DAGs
[2022-09-05 11:22:11,633] {logging_mixin.py:115} INFO - [2022-09-05 11:22:11,633] {dag.py:2968} INFO - Setting next_dagrun for example_dag_decorator to None, run_after=None
[2022-09-05 11:22:11,652] {processor.py:161} INFO - Processing /home/ubuntu/.local/lib/python3.8/site-packages/airflow/example_dags/example_dag_decorator.py took 0.104 seconds
[2022-09-05 11:22:47,904] {processor.py:153} INFO - Started process (PID=25261) to work on /home/ubuntu/.local/lib/python3.8/site-packages/airflow/example_dags/example_dag_decorator.py
[2022-09-05 11:22:47,905] {processor.py:641} INFO - Processing file /home/ubuntu/.local/lib/python3.8/site-packages/airflow/example_dags/example_dag_decorator.py for tasks to queue
[2022-09-05 11:22:47,906] {logging_mixin.py:115} INFO - [2022-09-05 11:22:47,905] {dagbag.py:508} INFO - Filling up the DagBag from /home/ubuntu/.local/lib/python3.8/site-packages/airflow/example_dags/example_dag_decorator.py
[2022-09-05 11:22:47,932] {processor.py:651} INFO - DAG(s) dict_keys(['example_dag_decorator']) retrieved from /home/ubuntu/.local/lib/python3.8/site-packages/airflow/example_dags/example_dag_decorator.py
[2022-09-05 11:22:47,946] {logging_mixin.py:115} INFO - [2022-09-05 11:22:47,946] {dag.py:2420} INFO - Sync 1 DAGs
[2022-09-05 11:22:47,961] {logging_mixin.py:115} INFO - [2022-09-05 11:22:47,961] {dag.py:2968} INFO - Setting next_dagrun for example_dag_decorator to None, run_after=None
[2022-09-05 11:22:47,978] {processor.py:161} INFO - Processing /home/ubuntu/.local/lib/python3.8/site-packages/airflow/example_dags/example_dag_decorator.py took 0.077 seconds
[2022-09-05 11:23:25,547] {processor.py:153} INFO - Started process (PID=25740) to work on /home/ubuntu/.local/lib/python3.8/site-packages/airflow/example_dags/example_dag_decorator.py
[2022-09-05 11:23:25,549] {processor.py:641} INFO - Processing file /home/ubuntu/.local/lib/python3.8/site-packages/airflow/example_dags/example_dag_decorator.py for tasks to queue
[2022-09-05 11:23:25,550] {logging_mixin.py:115} INFO - [2022-09-05 11:23:25,550] {dagbag.py:508} INFO - Filling up the DagBag from /home/ubuntu/.local/lib/python3.8/site-packages/airflow/example_dags/example_dag_decorator.py
[2022-09-05 11:23:25,576] {processor.py:651} INFO - DAG(s) dict_keys(['example_dag_decorator']) retrieved from /home/ubuntu/.local/lib/python3.8/site-packages/airflow/example_dags/example_dag_decorator.py
[2022-09-05 11:23:25,592] {logging_mixin.py:115} INFO - [2022-09-05 11:23:25,592] {dag.py:2420} INFO - Sync 1 DAGs
[2022-09-05 11:23:25,607] {logging_mixin.py:115} INFO - [2022-09-05 11:23:25,607] {dag.py:2968} INFO - Setting next_dagrun for example_dag_decorator to None, run_after=None
[2022-09-05 11:23:25,622] {processor.py:161} INFO - Processing /home/ubuntu/.local/lib/python3.8/site-packages/airflow/example_dags/example_dag_decorator.py took 0.078 seconds
[2022-09-05 11:23:58,698] {processor.py:153} INFO - Started process (PID=25843) to work on /home/ubuntu/.local/lib/python3.8/site-packages/airflow/example_dags/example_dag_decorator.py
[2022-09-05 11:23:58,699] {processor.py:641} INFO - Processing file /home/ubuntu/.local/lib/python3.8/site-packages/airflow/example_dags/example_dag_decorator.py for tasks to queue
[2022-09-05 11:23:58,700] {logging_mixin.py:115} INFO - [2022-09-05 11:23:58,699] {dagbag.py:508} INFO - Filling up the DagBag from /home/ubuntu/.local/lib/python3.8/site-packages/airflow/example_dags/example_dag_decorator.py
[2022-09-05 11:23:58,725] {processor.py:651} INFO - DAG(s) dict_keys(['example_dag_decorator']) retrieved from /home/ubuntu/.local/lib/python3.8/site-packages/airflow/example_dags/example_dag_decorator.py
[2022-09-05 11:23:58,739] {logging_mixin.py:115} INFO - [2022-09-05 11:23:58,739] {dag.py:2420} INFO - Sync 1 DAGs
[2022-09-05 11:23:58,754] {logging_mixin.py:115} INFO - [2022-09-05 11:23:58,754] {dag.py:2968} INFO - Setting next_dagrun for example_dag_decorator to None, run_after=None
[2022-09-05 11:23:58,770] {processor.py:161} INFO - Processing /home/ubuntu/.local/lib/python3.8/site-packages/airflow/example_dags/example_dag_decorator.py took 0.075 seconds
[2022-09-05 11:24:34,050] {processor.py:153} INFO - Started process (PID=26020) to work on /home/ubuntu/.local/lib/python3.8/site-packages/airflow/example_dags/example_dag_decorator.py
[2022-09-05 11:24:34,051] {processor.py:641} INFO - Processing file /home/ubuntu/.local/lib/python3.8/site-packages/airflow/example_dags/example_dag_decorator.py for tasks to queue
[2022-09-05 11:24:34,052] {logging_mixin.py:115} INFO - [2022-09-05 11:24:34,052] {dagbag.py:508} INFO - Filling up the DagBag from /home/ubuntu/.local/lib/python3.8/site-packages/airflow/example_dags/example_dag_decorator.py
[2022-09-05 11:24:34,078] {processor.py:651} INFO - DAG(s) dict_keys(['example_dag_decorator']) retrieved from /home/ubuntu/.local/lib/python3.8/site-packages/airflow/example_dags/example_dag_decorator.py
[2022-09-05 11:24:34,092] {logging_mixin.py:115} INFO - [2022-09-05 11:24:34,092] {dag.py:2420} INFO - Sync 1 DAGs
[2022-09-05 11:24:34,106] {logging_mixin.py:115} INFO - [2022-09-05 11:24:34,106] {dag.py:2968} INFO - Setting next_dagrun for example_dag_decorator to None, run_after=None
[2022-09-05 11:24:34,123] {processor.py:161} INFO - Processing /home/ubuntu/.local/lib/python3.8/site-packages/airflow/example_dags/example_dag_decorator.py took 0.077 seconds
[2022-09-05 11:25:08,920] {processor.py:153} INFO - Started process (PID=26074) to work on /home/ubuntu/.local/lib/python3.8/site-packages/airflow/example_dags/example_dag_decorator.py
[2022-09-05 11:25:08,921] {processor.py:641} INFO - Processing file /home/ubuntu/.local/lib/python3.8/site-packages/airflow/example_dags/example_dag_decorator.py for tasks to queue
[2022-09-05 11:25:08,922] {logging_mixin.py:115} INFO - [2022-09-05 11:25:08,922] {dagbag.py:508} INFO - Filling up the DagBag from /home/ubuntu/.local/lib/python3.8/site-packages/airflow/example_dags/example_dag_decorator.py
[2022-09-05 11:25:08,949] {processor.py:651} INFO - DAG(s) dict_keys(['example_dag_decorator']) retrieved from /home/ubuntu/.local/lib/python3.8/site-packages/airflow/example_dags/example_dag_decorator.py
[2022-09-05 11:25:08,990] {logging_mixin.py:115} INFO - [2022-09-05 11:25:08,990] {dag.py:2420} INFO - Sync 1 DAGs
[2022-09-05 11:25:09,003] {logging_mixin.py:115} INFO - [2022-09-05 11:25:09,003] {dag.py:2968} INFO - Setting next_dagrun for example_dag_decorator to None, run_after=None
[2022-09-05 11:25:09,023] {processor.py:161} INFO - Processing /home/ubuntu/.local/lib/python3.8/site-packages/airflow/example_dags/example_dag_decorator.py took 0.107 seconds
[2022-09-05 11:25:45,385] {processor.py:153} INFO - Started process (PID=26272) to work on /home/ubuntu/.local/lib/python3.8/site-packages/airflow/example_dags/example_dag_decorator.py
[2022-09-05 11:25:45,386] {processor.py:641} INFO - Processing file /home/ubuntu/.local/lib/python3.8/site-packages/airflow/example_dags/example_dag_decorator.py for tasks to queue
[2022-09-05 11:25:45,387] {logging_mixin.py:115} INFO - [2022-09-05 11:25:45,387] {dagbag.py:508} INFO - Filling up the DagBag from /home/ubuntu/.local/lib/python3.8/site-packages/airflow/example_dags/example_dag_decorator.py
[2022-09-05 11:25:45,413] {processor.py:651} INFO - DAG(s) dict_keys(['example_dag_decorator']) retrieved from /home/ubuntu/.local/lib/python3.8/site-packages/airflow/example_dags/example_dag_decorator.py
[2022-09-05 11:25:45,452] {logging_mixin.py:115} INFO - [2022-09-05 11:25:45,452] {dag.py:2420} INFO - Sync 1 DAGs
[2022-09-05 11:25:45,466] {logging_mixin.py:115} INFO - [2022-09-05 11:25:45,466] {dag.py:2968} INFO - Setting next_dagrun for example_dag_decorator to None, run_after=None
[2022-09-05 11:25:45,483] {processor.py:161} INFO - Processing /home/ubuntu/.local/lib/python3.8/site-packages/airflow/example_dags/example_dag_decorator.py took 0.102 seconds
[2022-09-05 11:26:19,710] {processor.py:153} INFO - Started process (PID=26331) to work on /home/ubuntu/.local/lib/python3.8/site-packages/airflow/example_dags/example_dag_decorator.py
[2022-09-05 11:26:19,711] {processor.py:641} INFO - Processing file /home/ubuntu/.local/lib/python3.8/site-packages/airflow/example_dags/example_dag_decorator.py for tasks to queue
[2022-09-05 11:26:19,712] {logging_mixin.py:115} INFO - [2022-09-05 11:26:19,712] {dagbag.py:508} INFO - Filling up the DagBag from /home/ubuntu/.local/lib/python3.8/site-packages/airflow/example_dags/example_dag_decorator.py
[2022-09-05 11:26:19,737] {processor.py:651} INFO - DAG(s) dict_keys(['example_dag_decorator']) retrieved from /home/ubuntu/.local/lib/python3.8/site-packages/airflow/example_dags/example_dag_decorator.py
[2022-09-05 11:26:19,751] {logging_mixin.py:115} INFO - [2022-09-05 11:26:19,751] {dag.py:2420} INFO - Sync 1 DAGs
[2022-09-05 11:26:19,766] {logging_mixin.py:115} INFO - [2022-09-05 11:26:19,766] {dag.py:2968} INFO - Setting next_dagrun for example_dag_decorator to None, run_after=None
[2022-09-05 11:26:19,781] {processor.py:161} INFO - Processing /home/ubuntu/.local/lib/python3.8/site-packages/airflow/example_dags/example_dag_decorator.py took 0.074 seconds
[2022-09-05 11:26:52,374] {processor.py:153} INFO - Started process (PID=26372) to work on /home/ubuntu/.local/lib/python3.8/site-packages/airflow/example_dags/example_dag_decorator.py
[2022-09-05 11:26:52,375] {processor.py:641} INFO - Processing file /home/ubuntu/.local/lib/python3.8/site-packages/airflow/example_dags/example_dag_decorator.py for tasks to queue
[2022-09-05 11:26:52,375] {logging_mixin.py:115} INFO - [2022-09-05 11:26:52,375] {dagbag.py:508} INFO - Filling up the DagBag from /home/ubuntu/.local/lib/python3.8/site-packages/airflow/example_dags/example_dag_decorator.py
[2022-09-05 11:26:52,401] {processor.py:651} INFO - DAG(s) dict_keys(['example_dag_decorator']) retrieved from /home/ubuntu/.local/lib/python3.8/site-packages/airflow/example_dags/example_dag_decorator.py
[2022-09-05 11:26:52,415] {logging_mixin.py:115} INFO - [2022-09-05 11:26:52,415] {dag.py:2420} INFO - Sync 1 DAGs
[2022-09-05 11:26:52,429] {logging_mixin.py:115} INFO - [2022-09-05 11:26:52,429] {dag.py:2968} INFO - Setting next_dagrun for example_dag_decorator to None, run_after=None
[2022-09-05 11:26:52,443] {processor.py:161} INFO - Processing /home/ubuntu/.local/lib/python3.8/site-packages/airflow/example_dags/example_dag_decorator.py took 0.073 seconds
[2022-09-05 11:27:25,810] {processor.py:153} INFO - Started process (PID=26417) to work on /home/ubuntu/.local/lib/python3.8/site-packages/airflow/example_dags/example_dag_decorator.py
[2022-09-05 11:27:25,810] {processor.py:641} INFO - Processing file /home/ubuntu/.local/lib/python3.8/site-packages/airflow/example_dags/example_dag_decorator.py for tasks to queue
[2022-09-05 11:27:25,811] {logging_mixin.py:115} INFO - [2022-09-05 11:27:25,810] {dagbag.py:508} INFO - Filling up the DagBag from /home/ubuntu/.local/lib/python3.8/site-packages/airflow/example_dags/example_dag_decorator.py
[2022-09-05 11:27:25,836] {processor.py:651} INFO - DAG(s) dict_keys(['example_dag_decorator']) retrieved from /home/ubuntu/.local/lib/python3.8/site-packages/airflow/example_dags/example_dag_decorator.py
[2022-09-05 11:27:25,850] {logging_mixin.py:115} INFO - [2022-09-05 11:27:25,850] {dag.py:2420} INFO - Sync 1 DAGs
[2022-09-05 11:27:25,865] {logging_mixin.py:115} INFO - [2022-09-05 11:27:25,865] {dag.py:2968} INFO - Setting next_dagrun for example_dag_decorator to None, run_after=None
[2022-09-05 11:27:25,882] {processor.py:161} INFO - Processing /home/ubuntu/.local/lib/python3.8/site-packages/airflow/example_dags/example_dag_decorator.py took 0.076 seconds
[2022-09-05 11:28:05,189] {processor.py:153} INFO - Started process (PID=26579) to work on /home/ubuntu/.local/lib/python3.8/site-packages/airflow/example_dags/example_dag_decorator.py
[2022-09-05 11:28:05,192] {processor.py:641} INFO - Processing file /home/ubuntu/.local/lib/python3.8/site-packages/airflow/example_dags/example_dag_decorator.py for tasks to queue
[2022-09-05 11:28:05,192] {logging_mixin.py:115} INFO - [2022-09-05 11:28:05,192] {dagbag.py:508} INFO - Filling up the DagBag from /home/ubuntu/.local/lib/python3.8/site-packages/airflow/example_dags/example_dag_decorator.py
[2022-09-05 11:28:05,219] {processor.py:651} INFO - DAG(s) dict_keys(['example_dag_decorator']) retrieved from /home/ubuntu/.local/lib/python3.8/site-packages/airflow/example_dags/example_dag_decorator.py
[2022-09-05 11:28:05,234] {logging_mixin.py:115} INFO - [2022-09-05 11:28:05,234] {dag.py:2420} INFO - Sync 1 DAGs
[2022-09-05 11:28:05,249] {logging_mixin.py:115} INFO - [2022-09-05 11:28:05,249] {dag.py:2968} INFO - Setting next_dagrun for example_dag_decorator to None, run_after=None
[2022-09-05 11:28:05,264] {processor.py:161} INFO - Processing /home/ubuntu/.local/lib/python3.8/site-packages/airflow/example_dags/example_dag_decorator.py took 0.078 seconds
[2022-09-05 11:28:42,839] {processor.py:153} INFO - Started process (PID=27006) to work on /home/ubuntu/.local/lib/python3.8/site-packages/airflow/example_dags/example_dag_decorator.py
[2022-09-05 11:28:42,841] {processor.py:641} INFO - Processing file /home/ubuntu/.local/lib/python3.8/site-packages/airflow/example_dags/example_dag_decorator.py for tasks to queue
[2022-09-05 11:28:42,842] {logging_mixin.py:115} INFO - [2022-09-05 11:28:42,841] {dagbag.py:508} INFO - Filling up the DagBag from /home/ubuntu/.local/lib/python3.8/site-packages/airflow/example_dags/example_dag_decorator.py
[2022-09-05 11:28:42,866] {processor.py:651} INFO - DAG(s) dict_keys(['example_dag_decorator']) retrieved from /home/ubuntu/.local/lib/python3.8/site-packages/airflow/example_dags/example_dag_decorator.py
[2022-09-05 11:28:42,880] {logging_mixin.py:115} INFO - [2022-09-05 11:28:42,880] {dag.py:2420} INFO - Sync 1 DAGs
[2022-09-05 11:28:42,895] {logging_mixin.py:115} INFO - [2022-09-05 11:28:42,895] {dag.py:2968} INFO - Setting next_dagrun for example_dag_decorator to None, run_after=None
[2022-09-05 11:28:42,913] {processor.py:161} INFO - Processing /home/ubuntu/.local/lib/python3.8/site-packages/airflow/example_dags/example_dag_decorator.py took 0.078 seconds
[2022-09-05 11:29:16,554] {processor.py:153} INFO - Started process (PID=27052) to work on /home/ubuntu/.local/lib/python3.8/site-packages/airflow/example_dags/example_dag_decorator.py
[2022-09-05 11:29:16,556] {processor.py:641} INFO - Processing file /home/ubuntu/.local/lib/python3.8/site-packages/airflow/example_dags/example_dag_decorator.py for tasks to queue
[2022-09-05 11:29:16,557] {logging_mixin.py:115} INFO - [2022-09-05 11:29:16,557] {dagbag.py:508} INFO - Filling up the DagBag from /home/ubuntu/.local/lib/python3.8/site-packages/airflow/example_dags/example_dag_decorator.py
[2022-09-05 11:29:16,582] {processor.py:651} INFO - DAG(s) dict_keys(['example_dag_decorator']) retrieved from /home/ubuntu/.local/lib/python3.8/site-packages/airflow/example_dags/example_dag_decorator.py
[2022-09-05 11:29:16,597] {logging_mixin.py:115} INFO - [2022-09-05 11:29:16,597] {dag.py:2420} INFO - Sync 1 DAGs
[2022-09-05 11:29:16,611] {logging_mixin.py:115} INFO - [2022-09-05 11:29:16,611] {dag.py:2968} INFO - Setting next_dagrun for example_dag_decorator to None, run_after=None
[2022-09-05 11:29:16,628] {processor.py:161} INFO - Processing /home/ubuntu/.local/lib/python3.8/site-packages/airflow/example_dags/example_dag_decorator.py took 0.077 seconds
[2022-09-05 11:29:53,052] {processor.py:153} INFO - Started process (PID=27214) to work on /home/ubuntu/.local/lib/python3.8/site-packages/airflow/example_dags/example_dag_decorator.py
[2022-09-05 11:29:53,053] {processor.py:641} INFO - Processing file /home/ubuntu/.local/lib/python3.8/site-packages/airflow/example_dags/example_dag_decorator.py for tasks to queue
[2022-09-05 11:29:53,054] {logging_mixin.py:115} INFO - [2022-09-05 11:29:53,054] {dagbag.py:508} INFO - Filling up the DagBag from /home/ubuntu/.local/lib/python3.8/site-packages/airflow/example_dags/example_dag_decorator.py
[2022-09-05 11:29:53,078] {processor.py:651} INFO - DAG(s) dict_keys(['example_dag_decorator']) retrieved from /home/ubuntu/.local/lib/python3.8/site-packages/airflow/example_dags/example_dag_decorator.py
[2022-09-05 11:29:53,116] {logging_mixin.py:115} INFO - [2022-09-05 11:29:53,116] {dag.py:2420} INFO - Sync 1 DAGs
[2022-09-05 11:29:53,128] {logging_mixin.py:115} INFO - [2022-09-05 11:29:53,128] {dag.py:2968} INFO - Setting next_dagrun for example_dag_decorator to None, run_after=None
[2022-09-05 11:29:53,147] {processor.py:161} INFO - Processing /home/ubuntu/.local/lib/python3.8/site-packages/airflow/example_dags/example_dag_decorator.py took 0.099 seconds
[2022-09-05 11:32:11,741] {processor.py:153} INFO - Started process (PID=28920) to work on /home/ubuntu/.local/lib/python3.8/site-packages/airflow/example_dags/example_dag_decorator.py
[2022-09-05 11:32:11,743] {processor.py:641} INFO - Processing file /home/ubuntu/.local/lib/python3.8/site-packages/airflow/example_dags/example_dag_decorator.py for tasks to queue
[2022-09-05 11:32:11,743] {logging_mixin.py:115} INFO - [2022-09-05 11:32:11,743] {dagbag.py:508} INFO - Filling up the DagBag from /home/ubuntu/.local/lib/python3.8/site-packages/airflow/example_dags/example_dag_decorator.py
[2022-09-05 11:32:11,769] {processor.py:651} INFO - DAG(s) dict_keys(['example_dag_decorator']) retrieved from /home/ubuntu/.local/lib/python3.8/site-packages/airflow/example_dags/example_dag_decorator.py
[2022-09-05 11:32:11,807] {logging_mixin.py:115} INFO - [2022-09-05 11:32:11,807] {dag.py:2420} INFO - Sync 1 DAGs
[2022-09-05 11:32:11,819] {logging_mixin.py:115} INFO - [2022-09-05 11:32:11,819] {dag.py:2968} INFO - Setting next_dagrun for example_dag_decorator to None, run_after=None
[2022-09-05 11:32:11,839] {processor.py:161} INFO - Processing /home/ubuntu/.local/lib/python3.8/site-packages/airflow/example_dags/example_dag_decorator.py took 0.102 seconds
[2022-09-05 11:32:46,201] {processor.py:153} INFO - Started process (PID=29180) to work on /home/ubuntu/.local/lib/python3.8/site-packages/airflow/example_dags/example_dag_decorator.py
[2022-09-05 11:32:46,202] {processor.py:641} INFO - Processing file /home/ubuntu/.local/lib/python3.8/site-packages/airflow/example_dags/example_dag_decorator.py for tasks to queue
[2022-09-05 11:32:46,203] {logging_mixin.py:115} INFO - [2022-09-05 11:32:46,203] {dagbag.py:508} INFO - Filling up the DagBag from /home/ubuntu/.local/lib/python3.8/site-packages/airflow/example_dags/example_dag_decorator.py
[2022-09-05 11:32:46,229] {processor.py:651} INFO - DAG(s) dict_keys(['example_dag_decorator']) retrieved from /home/ubuntu/.local/lib/python3.8/site-packages/airflow/example_dags/example_dag_decorator.py
[2022-09-05 11:32:46,271] {logging_mixin.py:115} INFO - [2022-09-05 11:32:46,271] {dag.py:2420} INFO - Sync 1 DAGs
[2022-09-05 11:32:46,284] {logging_mixin.py:115} INFO - [2022-09-05 11:32:46,284] {dag.py:2968} INFO - Setting next_dagrun for example_dag_decorator to None, run_after=None
[2022-09-05 11:32:46,304] {processor.py:161} INFO - Processing /home/ubuntu/.local/lib/python3.8/site-packages/airflow/example_dags/example_dag_decorator.py took 0.107 seconds
[2022-09-05 11:34:07,352] {processor.py:153} INFO - Started process (PID=29641) to work on /home/ubuntu/.local/lib/python3.8/site-packages/airflow/example_dags/example_dag_decorator.py
[2022-09-05 11:34:07,354] {processor.py:641} INFO - Processing file /home/ubuntu/.local/lib/python3.8/site-packages/airflow/example_dags/example_dag_decorator.py for tasks to queue
[2022-09-05 11:34:07,354] {logging_mixin.py:115} INFO - [2022-09-05 11:34:07,354] {dagbag.py:508} INFO - Filling up the DagBag from /home/ubuntu/.local/lib/python3.8/site-packages/airflow/example_dags/example_dag_decorator.py
[2022-09-05 11:34:07,379] {processor.py:651} INFO - DAG(s) dict_keys(['example_dag_decorator']) retrieved from /home/ubuntu/.local/lib/python3.8/site-packages/airflow/example_dags/example_dag_decorator.py
[2022-09-05 11:34:07,415] {logging_mixin.py:115} INFO - [2022-09-05 11:34:07,415] {dag.py:2420} INFO - Sync 1 DAGs
[2022-09-05 11:34:07,427] {logging_mixin.py:115} INFO - [2022-09-05 11:34:07,427] {dag.py:2968} INFO - Setting next_dagrun for example_dag_decorator to None, run_after=None
[2022-09-05 11:34:07,441] {processor.py:161} INFO - Processing /home/ubuntu/.local/lib/python3.8/site-packages/airflow/example_dags/example_dag_decorator.py took 0.092 seconds
[2022-09-05 11:34:40,602] {processor.py:153} INFO - Started process (PID=29719) to work on /home/ubuntu/.local/lib/python3.8/site-packages/airflow/example_dags/example_dag_decorator.py
[2022-09-05 11:34:40,602] {processor.py:641} INFO - Processing file /home/ubuntu/.local/lib/python3.8/site-packages/airflow/example_dags/example_dag_decorator.py for tasks to queue
[2022-09-05 11:34:40,603] {logging_mixin.py:115} INFO - [2022-09-05 11:34:40,603] {dagbag.py:508} INFO - Filling up the DagBag from /home/ubuntu/.local/lib/python3.8/site-packages/airflow/example_dags/example_dag_decorator.py
[2022-09-05 11:34:40,631] {processor.py:651} INFO - DAG(s) dict_keys(['example_dag_decorator']) retrieved from /home/ubuntu/.local/lib/python3.8/site-packages/airflow/example_dags/example_dag_decorator.py
[2022-09-05 11:34:40,673] {logging_mixin.py:115} INFO - [2022-09-05 11:34:40,673] {dag.py:2420} INFO - Sync 1 DAGs
[2022-09-05 11:34:40,687] {logging_mixin.py:115} INFO - [2022-09-05 11:34:40,687] {dag.py:2968} INFO - Setting next_dagrun for example_dag_decorator to None, run_after=None
[2022-09-05 11:34:40,707] {processor.py:161} INFO - Processing /home/ubuntu/.local/lib/python3.8/site-packages/airflow/example_dags/example_dag_decorator.py took 0.109 seconds
[2022-09-05 11:35:15,596] {processor.py:153} INFO - Started process (PID=29807) to work on /home/ubuntu/.local/lib/python3.8/site-packages/airflow/example_dags/example_dag_decorator.py
[2022-09-05 11:35:15,597] {processor.py:641} INFO - Processing file /home/ubuntu/.local/lib/python3.8/site-packages/airflow/example_dags/example_dag_decorator.py for tasks to queue
[2022-09-05 11:35:15,598] {logging_mixin.py:115} INFO - [2022-09-05 11:35:15,597] {dagbag.py:508} INFO - Filling up the DagBag from /home/ubuntu/.local/lib/python3.8/site-packages/airflow/example_dags/example_dag_decorator.py
[2022-09-05 11:35:15,623] {processor.py:651} INFO - DAG(s) dict_keys(['example_dag_decorator']) retrieved from /home/ubuntu/.local/lib/python3.8/site-packages/airflow/example_dags/example_dag_decorator.py
[2022-09-05 11:35:15,661] {logging_mixin.py:115} INFO - [2022-09-05 11:35:15,661] {dag.py:2420} INFO - Sync 1 DAGs
[2022-09-05 11:35:15,673] {logging_mixin.py:115} INFO - [2022-09-05 11:35:15,673] {dag.py:2968} INFO - Setting next_dagrun for example_dag_decorator to None, run_after=None
[2022-09-05 11:35:15,689] {processor.py:161} INFO - Processing /home/ubuntu/.local/lib/python3.8/site-packages/airflow/example_dags/example_dag_decorator.py took 0.097 seconds
[2022-09-05 11:35:51,467] {processor.py:153} INFO - Started process (PID=29890) to work on /home/ubuntu/.local/lib/python3.8/site-packages/airflow/example_dags/example_dag_decorator.py
[2022-09-05 11:35:51,468] {processor.py:641} INFO - Processing file /home/ubuntu/.local/lib/python3.8/site-packages/airflow/example_dags/example_dag_decorator.py for tasks to queue
[2022-09-05 11:35:51,469] {logging_mixin.py:115} INFO - [2022-09-05 11:35:51,469] {dagbag.py:508} INFO - Filling up the DagBag from /home/ubuntu/.local/lib/python3.8/site-packages/airflow/example_dags/example_dag_decorator.py
[2022-09-05 11:35:51,495] {processor.py:651} INFO - DAG(s) dict_keys(['example_dag_decorator']) retrieved from /home/ubuntu/.local/lib/python3.8/site-packages/airflow/example_dags/example_dag_decorator.py
[2022-09-05 11:35:51,535] {logging_mixin.py:115} INFO - [2022-09-05 11:35:51,535] {dag.py:2420} INFO - Sync 1 DAGs
[2022-09-05 11:35:51,549] {logging_mixin.py:115} INFO - [2022-09-05 11:35:51,548] {dag.py:2968} INFO - Setting next_dagrun for example_dag_decorator to None, run_after=None
[2022-09-05 11:35:51,567] {processor.py:161} INFO - Processing /home/ubuntu/.local/lib/python3.8/site-packages/airflow/example_dags/example_dag_decorator.py took 0.103 seconds
[2022-09-05 11:36:25,865] {processor.py:153} INFO - Started process (PID=29975) to work on /home/ubuntu/.local/lib/python3.8/site-packages/airflow/example_dags/example_dag_decorator.py
[2022-09-05 11:36:25,866] {processor.py:641} INFO - Processing file /home/ubuntu/.local/lib/python3.8/site-packages/airflow/example_dags/example_dag_decorator.py for tasks to queue
[2022-09-05 11:36:25,867] {logging_mixin.py:115} INFO - [2022-09-05 11:36:25,867] {dagbag.py:508} INFO - Filling up the DagBag from /home/ubuntu/.local/lib/python3.8/site-packages/airflow/example_dags/example_dag_decorator.py
[2022-09-05 11:36:25,892] {processor.py:651} INFO - DAG(s) dict_keys(['example_dag_decorator']) retrieved from /home/ubuntu/.local/lib/python3.8/site-packages/airflow/example_dags/example_dag_decorator.py
[2022-09-05 11:36:25,932] {logging_mixin.py:115} INFO - [2022-09-05 11:36:25,931] {dag.py:2420} INFO - Sync 1 DAGs
[2022-09-05 11:36:25,945] {logging_mixin.py:115} INFO - [2022-09-05 11:36:25,945] {dag.py:2968} INFO - Setting next_dagrun for example_dag_decorator to None, run_after=None
[2022-09-05 11:36:25,963] {processor.py:161} INFO - Processing /home/ubuntu/.local/lib/python3.8/site-packages/airflow/example_dags/example_dag_decorator.py took 0.101 seconds
[2022-09-05 11:37:00,723] {processor.py:153} INFO - Started process (PID=30062) to work on /home/ubuntu/.local/lib/python3.8/site-packages/airflow/example_dags/example_dag_decorator.py
[2022-09-05 11:37:00,724] {processor.py:641} INFO - Processing file /home/ubuntu/.local/lib/python3.8/site-packages/airflow/example_dags/example_dag_decorator.py for tasks to queue
[2022-09-05 11:37:00,725] {logging_mixin.py:115} INFO - [2022-09-05 11:37:00,725] {dagbag.py:508} INFO - Filling up the DagBag from /home/ubuntu/.local/lib/python3.8/site-packages/airflow/example_dags/example_dag_decorator.py
[2022-09-05 11:37:00,751] {processor.py:651} INFO - DAG(s) dict_keys(['example_dag_decorator']) retrieved from /home/ubuntu/.local/lib/python3.8/site-packages/airflow/example_dags/example_dag_decorator.py
[2022-09-05 11:37:00,791] {logging_mixin.py:115} INFO - [2022-09-05 11:37:00,791] {dag.py:2420} INFO - Sync 1 DAGs
[2022-09-05 11:37:00,804] {logging_mixin.py:115} INFO - [2022-09-05 11:37:00,804] {dag.py:2968} INFO - Setting next_dagrun for example_dag_decorator to None, run_after=None
[2022-09-05 11:37:00,823] {processor.py:161} INFO - Processing /home/ubuntu/.local/lib/python3.8/site-packages/airflow/example_dags/example_dag_decorator.py took 0.103 seconds
[2022-09-05 11:37:38,019] {processor.py:153} INFO - Started process (PID=30152) to work on /home/ubuntu/.local/lib/python3.8/site-packages/airflow/example_dags/example_dag_decorator.py
[2022-09-05 11:37:38,021] {processor.py:641} INFO - Processing file /home/ubuntu/.local/lib/python3.8/site-packages/airflow/example_dags/example_dag_decorator.py for tasks to queue
[2022-09-05 11:37:38,021] {logging_mixin.py:115} INFO - [2022-09-05 11:37:38,021] {dagbag.py:508} INFO - Filling up the DagBag from /home/ubuntu/.local/lib/python3.8/site-packages/airflow/example_dags/example_dag_decorator.py
[2022-09-05 11:37:38,046] {processor.py:651} INFO - DAG(s) dict_keys(['example_dag_decorator']) retrieved from /home/ubuntu/.local/lib/python3.8/site-packages/airflow/example_dags/example_dag_decorator.py
[2022-09-05 11:37:38,085] {logging_mixin.py:115} INFO - [2022-09-05 11:37:38,085] {dag.py:2420} INFO - Sync 1 DAGs
[2022-09-05 11:37:38,098] {logging_mixin.py:115} INFO - [2022-09-05 11:37:38,098] {dag.py:2968} INFO - Setting next_dagrun for example_dag_decorator to None, run_after=None
[2022-09-05 11:37:38,114] {processor.py:161} INFO - Processing /home/ubuntu/.local/lib/python3.8/site-packages/airflow/example_dags/example_dag_decorator.py took 0.098 seconds
[2022-09-05 11:38:13,014] {processor.py:153} INFO - Started process (PID=30248) to work on /home/ubuntu/.local/lib/python3.8/site-packages/airflow/example_dags/example_dag_decorator.py
[2022-09-05 11:38:13,015] {processor.py:641} INFO - Processing file /home/ubuntu/.local/lib/python3.8/site-packages/airflow/example_dags/example_dag_decorator.py for tasks to queue
[2022-09-05 11:38:13,015] {logging_mixin.py:115} INFO - [2022-09-05 11:38:13,015] {dagbag.py:508} INFO - Filling up the DagBag from /home/ubuntu/.local/lib/python3.8/site-packages/airflow/example_dags/example_dag_decorator.py
[2022-09-05 11:38:13,040] {processor.py:651} INFO - DAG(s) dict_keys(['example_dag_decorator']) retrieved from /home/ubuntu/.local/lib/python3.8/site-packages/airflow/example_dags/example_dag_decorator.py
[2022-09-05 11:38:13,077] {logging_mixin.py:115} INFO - [2022-09-05 11:38:13,077] {dag.py:2420} INFO - Sync 1 DAGs
[2022-09-05 11:38:13,089] {logging_mixin.py:115} INFO - [2022-09-05 11:38:13,089] {dag.py:2968} INFO - Setting next_dagrun for example_dag_decorator to None, run_after=None
[2022-09-05 11:38:13,106] {processor.py:161} INFO - Processing /home/ubuntu/.local/lib/python3.8/site-packages/airflow/example_dags/example_dag_decorator.py took 0.095 seconds
[2022-09-05 11:38:48,815] {processor.py:153} INFO - Started process (PID=30357) to work on /home/ubuntu/.local/lib/python3.8/site-packages/airflow/example_dags/example_dag_decorator.py
[2022-09-05 11:38:48,816] {processor.py:641} INFO - Processing file /home/ubuntu/.local/lib/python3.8/site-packages/airflow/example_dags/example_dag_decorator.py for tasks to queue
[2022-09-05 11:38:48,817] {logging_mixin.py:115} INFO - [2022-09-05 11:38:48,817] {dagbag.py:508} INFO - Filling up the DagBag from /home/ubuntu/.local/lib/python3.8/site-packages/airflow/example_dags/example_dag_decorator.py
[2022-09-05 11:38:48,843] {processor.py:651} INFO - DAG(s) dict_keys(['example_dag_decorator']) retrieved from /home/ubuntu/.local/lib/python3.8/site-packages/airflow/example_dags/example_dag_decorator.py
[2022-09-05 11:38:48,881] {logging_mixin.py:115} INFO - [2022-09-05 11:38:48,881] {dag.py:2420} INFO - Sync 1 DAGs
[2022-09-05 11:38:48,894] {logging_mixin.py:115} INFO - [2022-09-05 11:38:48,894] {dag.py:2968} INFO - Setting next_dagrun for example_dag_decorator to None, run_after=None
[2022-09-05 11:38:48,916] {processor.py:161} INFO - Processing /home/ubuntu/.local/lib/python3.8/site-packages/airflow/example_dags/example_dag_decorator.py took 0.104 seconds
[2022-09-05 11:39:22,281] {processor.py:153} INFO - Started process (PID=30505) to work on /home/ubuntu/.local/lib/python3.8/site-packages/airflow/example_dags/example_dag_decorator.py
[2022-09-05 11:39:22,282] {processor.py:641} INFO - Processing file /home/ubuntu/.local/lib/python3.8/site-packages/airflow/example_dags/example_dag_decorator.py for tasks to queue
[2022-09-05 11:39:22,282] {logging_mixin.py:115} INFO - [2022-09-05 11:39:22,282] {dagbag.py:508} INFO - Filling up the DagBag from /home/ubuntu/.local/lib/python3.8/site-packages/airflow/example_dags/example_dag_decorator.py
[2022-09-05 11:39:22,308] {processor.py:651} INFO - DAG(s) dict_keys(['example_dag_decorator']) retrieved from /home/ubuntu/.local/lib/python3.8/site-packages/airflow/example_dags/example_dag_decorator.py
[2022-09-05 11:39:22,348] {logging_mixin.py:115} INFO - [2022-09-05 11:39:22,347] {dag.py:2420} INFO - Sync 1 DAGs
[2022-09-05 11:39:22,361] {logging_mixin.py:115} INFO - [2022-09-05 11:39:22,360] {dag.py:2968} INFO - Setting next_dagrun for example_dag_decorator to None, run_after=None
[2022-09-05 11:39:22,378] {processor.py:161} INFO - Processing /home/ubuntu/.local/lib/python3.8/site-packages/airflow/example_dags/example_dag_decorator.py took 0.101 seconds
[2022-09-05 11:39:56,310] {processor.py:153} INFO - Started process (PID=30590) to work on /home/ubuntu/.local/lib/python3.8/site-packages/airflow/example_dags/example_dag_decorator.py
[2022-09-05 11:39:56,311] {processor.py:641} INFO - Processing file /home/ubuntu/.local/lib/python3.8/site-packages/airflow/example_dags/example_dag_decorator.py for tasks to queue
[2022-09-05 11:39:56,312] {logging_mixin.py:115} INFO - [2022-09-05 11:39:56,312] {dagbag.py:508} INFO - Filling up the DagBag from /home/ubuntu/.local/lib/python3.8/site-packages/airflow/example_dags/example_dag_decorator.py
[2022-09-05 11:39:56,337] {processor.py:651} INFO - DAG(s) dict_keys(['example_dag_decorator']) retrieved from /home/ubuntu/.local/lib/python3.8/site-packages/airflow/example_dags/example_dag_decorator.py
[2022-09-05 11:39:56,351] {logging_mixin.py:115} INFO - [2022-09-05 11:39:56,351] {dag.py:2420} INFO - Sync 1 DAGs
[2022-09-05 11:39:56,365] {logging_mixin.py:115} INFO - [2022-09-05 11:39:56,365] {dag.py:2968} INFO - Setting next_dagrun for example_dag_decorator to None, run_after=None
[2022-09-05 11:39:56,384] {processor.py:161} INFO - Processing /home/ubuntu/.local/lib/python3.8/site-packages/airflow/example_dags/example_dag_decorator.py took 0.077 seconds
[2022-09-05 16:30:15,962] {processor.py:153} INFO - Started process (PID=55255) to work on /home/ubuntu/.local/lib/python3.8/site-packages/airflow/example_dags/example_dag_decorator.py
[2022-09-05 16:30:15,964] {processor.py:641} INFO - Processing file /home/ubuntu/.local/lib/python3.8/site-packages/airflow/example_dags/example_dag_decorator.py for tasks to queue
[2022-09-05 16:30:15,964] {logging_mixin.py:115} INFO - [2022-09-05 16:30:15,964] {dagbag.py:508} INFO - Filling up the DagBag from /home/ubuntu/.local/lib/python3.8/site-packages/airflow/example_dags/example_dag_decorator.py
[2022-09-05 16:30:15,986] {processor.py:651} INFO - DAG(s) dict_keys(['example_dag_decorator']) retrieved from /home/ubuntu/.local/lib/python3.8/site-packages/airflow/example_dags/example_dag_decorator.py
[2022-09-05 16:30:16,026] {logging_mixin.py:115} INFO - [2022-09-05 16:30:16,026] {dag.py:2420} INFO - Sync 1 DAGs
[2022-09-05 16:30:16,037] {logging_mixin.py:115} INFO - [2022-09-05 16:30:16,036] {dag.py:2968} INFO - Setting next_dagrun for example_dag_decorator to None, run_after=None
[2022-09-05 16:30:16,053] {processor.py:161} INFO - Processing /home/ubuntu/.local/lib/python3.8/site-packages/airflow/example_dags/example_dag_decorator.py took 0.094 seconds
