[2022-09-05 10:47:53,517] {processor.py:153} INFO - Started process (PID=12235) to work on /home/ubuntu/.local/lib/python3.8/site-packages/airflow/example_dags/example_task_group_decorator.py
[2022-09-05 10:47:53,518] {processor.py:641} INFO - Processing file /home/ubuntu/.local/lib/python3.8/site-packages/airflow/example_dags/example_task_group_decorator.py for tasks to queue
[2022-09-05 10:47:53,518] {logging_mixin.py:115} INFO - [2022-09-05 10:47:53,518] {dagbag.py:508} INFO - Filling up the DagBag from /home/ubuntu/.local/lib/python3.8/site-packages/airflow/example_dags/example_task_group_decorator.py
[2022-09-05 10:47:53,540] {processor.py:651} INFO - DAG(s) dict_keys(['example_task_group_decorator']) retrieved from /home/ubuntu/.local/lib/python3.8/site-packages/airflow/example_dags/example_task_group_decorator.py
[2022-09-05 10:47:53,582] {logging_mixin.py:115} INFO - [2022-09-05 10:47:53,582] {dag.py:2420} INFO - Sync 1 DAGs
[2022-09-05 10:47:53,595] {logging_mixin.py:115} INFO - [2022-09-05 10:47:53,595] {dag.py:2968} INFO - Setting next_dagrun for example_task_group_decorator to 2022-09-04T10:47:53.595422+00:00, run_after=2022-09-05T10:47:53.595422+00:00
[2022-09-05 10:47:53,617] {processor.py:161} INFO - Processing /home/ubuntu/.local/lib/python3.8/site-packages/airflow/example_dags/example_task_group_decorator.py took 0.103 seconds
[2022-09-05 10:48:29,385] {processor.py:153} INFO - Started process (PID=12320) to work on /home/ubuntu/.local/lib/python3.8/site-packages/airflow/example_dags/example_task_group_decorator.py
[2022-09-05 10:48:29,386] {processor.py:641} INFO - Processing file /home/ubuntu/.local/lib/python3.8/site-packages/airflow/example_dags/example_task_group_decorator.py for tasks to queue
[2022-09-05 10:48:29,387] {logging_mixin.py:115} INFO - [2022-09-05 10:48:29,387] {dagbag.py:508} INFO - Filling up the DagBag from /home/ubuntu/.local/lib/python3.8/site-packages/airflow/example_dags/example_task_group_decorator.py
[2022-09-05 10:48:29,409] {processor.py:651} INFO - DAG(s) dict_keys(['example_task_group_decorator']) retrieved from /home/ubuntu/.local/lib/python3.8/site-packages/airflow/example_dags/example_task_group_decorator.py
[2022-09-05 10:48:29,450] {logging_mixin.py:115} INFO - [2022-09-05 10:48:29,450] {dag.py:2420} INFO - Sync 1 DAGs
[2022-09-05 10:48:29,463] {logging_mixin.py:115} INFO - [2022-09-05 10:48:29,462] {dag.py:2968} INFO - Setting next_dagrun for example_task_group_decorator to 2022-09-04T10:48:29.462610+00:00, run_after=2022-09-05T10:48:29.462610+00:00
[2022-09-05 10:48:29,477] {processor.py:161} INFO - Processing /home/ubuntu/.local/lib/python3.8/site-packages/airflow/example_dags/example_task_group_decorator.py took 0.096 seconds
[2022-09-05 10:49:07,202] {processor.py:153} INFO - Started process (PID=12410) to work on /home/ubuntu/.local/lib/python3.8/site-packages/airflow/example_dags/example_task_group_decorator.py
[2022-09-05 10:49:07,203] {processor.py:641} INFO - Processing file /home/ubuntu/.local/lib/python3.8/site-packages/airflow/example_dags/example_task_group_decorator.py for tasks to queue
[2022-09-05 10:49:07,204] {logging_mixin.py:115} INFO - [2022-09-05 10:49:07,203] {dagbag.py:508} INFO - Filling up the DagBag from /home/ubuntu/.local/lib/python3.8/site-packages/airflow/example_dags/example_task_group_decorator.py
[2022-09-05 10:49:07,227] {processor.py:651} INFO - DAG(s) dict_keys(['example_task_group_decorator']) retrieved from /home/ubuntu/.local/lib/python3.8/site-packages/airflow/example_dags/example_task_group_decorator.py
[2022-09-05 10:49:07,246] {logging_mixin.py:115} INFO - [2022-09-05 10:49:07,246] {dag.py:2420} INFO - Sync 1 DAGs
[2022-09-05 10:49:07,261] {logging_mixin.py:115} INFO - [2022-09-05 10:49:07,261] {dag.py:2968} INFO - Setting next_dagrun for example_task_group_decorator to 2022-09-04T10:49:07.261284+00:00, run_after=2022-09-05T10:49:07.261284+00:00
[2022-09-05 10:49:07,276] {processor.py:161} INFO - Processing /home/ubuntu/.local/lib/python3.8/site-packages/airflow/example_dags/example_task_group_decorator.py took 0.077 seconds
[2022-09-05 10:49:46,764] {processor.py:153} INFO - Started process (PID=12504) to work on /home/ubuntu/.local/lib/python3.8/site-packages/airflow/example_dags/example_task_group_decorator.py
[2022-09-05 10:49:46,765] {processor.py:641} INFO - Processing file /home/ubuntu/.local/lib/python3.8/site-packages/airflow/example_dags/example_task_group_decorator.py for tasks to queue
[2022-09-05 10:49:46,766] {logging_mixin.py:115} INFO - [2022-09-05 10:49:46,766] {dagbag.py:508} INFO - Filling up the DagBag from /home/ubuntu/.local/lib/python3.8/site-packages/airflow/example_dags/example_task_group_decorator.py
[2022-09-05 10:49:46,788] {processor.py:651} INFO - DAG(s) dict_keys(['example_task_group_decorator']) retrieved from /home/ubuntu/.local/lib/python3.8/site-packages/airflow/example_dags/example_task_group_decorator.py
[2022-09-05 10:49:46,829] {logging_mixin.py:115} INFO - [2022-09-05 10:49:46,829] {dag.py:2420} INFO - Sync 1 DAGs
[2022-09-05 10:49:46,842] {logging_mixin.py:115} INFO - [2022-09-05 10:49:46,842] {dag.py:2968} INFO - Setting next_dagrun for example_task_group_decorator to 2022-09-04T10:49:46.842404+00:00, run_after=2022-09-05T10:49:46.842404+00:00
[2022-09-05 10:49:46,865] {processor.py:161} INFO - Processing /home/ubuntu/.local/lib/python3.8/site-packages/airflow/example_dags/example_task_group_decorator.py took 0.105 seconds
[2022-09-05 10:50:25,113] {processor.py:153} INFO - Started process (PID=12600) to work on /home/ubuntu/.local/lib/python3.8/site-packages/airflow/example_dags/example_task_group_decorator.py
[2022-09-05 10:50:25,114] {processor.py:641} INFO - Processing file /home/ubuntu/.local/lib/python3.8/site-packages/airflow/example_dags/example_task_group_decorator.py for tasks to queue
[2022-09-05 10:50:25,115] {logging_mixin.py:115} INFO - [2022-09-05 10:50:25,115] {dagbag.py:508} INFO - Filling up the DagBag from /home/ubuntu/.local/lib/python3.8/site-packages/airflow/example_dags/example_task_group_decorator.py
[2022-09-05 10:50:25,138] {processor.py:651} INFO - DAG(s) dict_keys(['example_task_group_decorator']) retrieved from /home/ubuntu/.local/lib/python3.8/site-packages/airflow/example_dags/example_task_group_decorator.py
[2022-09-05 10:50:25,181] {logging_mixin.py:115} INFO - [2022-09-05 10:50:25,181] {dag.py:2420} INFO - Sync 1 DAGs
[2022-09-05 10:50:25,195] {logging_mixin.py:115} INFO - [2022-09-05 10:50:25,194] {dag.py:2968} INFO - Setting next_dagrun for example_task_group_decorator to 2022-09-04T10:50:25.194516+00:00, run_after=2022-09-05T10:50:25.194516+00:00
[2022-09-05 10:50:25,212] {processor.py:161} INFO - Processing /home/ubuntu/.local/lib/python3.8/site-packages/airflow/example_dags/example_task_group_decorator.py took 0.102 seconds
[2022-09-05 10:51:06,771] {processor.py:153} INFO - Started process (PID=12697) to work on /home/ubuntu/.local/lib/python3.8/site-packages/airflow/example_dags/example_task_group_decorator.py
[2022-09-05 10:51:06,772] {processor.py:641} INFO - Processing file /home/ubuntu/.local/lib/python3.8/site-packages/airflow/example_dags/example_task_group_decorator.py for tasks to queue
[2022-09-05 10:51:06,772] {logging_mixin.py:115} INFO - [2022-09-05 10:51:06,772] {dagbag.py:508} INFO - Filling up the DagBag from /home/ubuntu/.local/lib/python3.8/site-packages/airflow/example_dags/example_task_group_decorator.py
[2022-09-05 10:51:06,796] {processor.py:651} INFO - DAG(s) dict_keys(['example_task_group_decorator']) retrieved from /home/ubuntu/.local/lib/python3.8/site-packages/airflow/example_dags/example_task_group_decorator.py
[2022-09-05 10:51:06,840] {logging_mixin.py:115} INFO - [2022-09-05 10:51:06,840] {dag.py:2420} INFO - Sync 1 DAGs
[2022-09-05 10:51:06,854] {logging_mixin.py:115} INFO - [2022-09-05 10:51:06,854] {dag.py:2968} INFO - Setting next_dagrun for example_task_group_decorator to 2022-09-04T10:51:06.854246+00:00, run_after=2022-09-05T10:51:06.854246+00:00
[2022-09-05 10:51:06,871] {processor.py:161} INFO - Processing /home/ubuntu/.local/lib/python3.8/site-packages/airflow/example_dags/example_task_group_decorator.py took 0.104 seconds
[2022-09-05 10:51:48,783] {processor.py:153} INFO - Started process (PID=13028) to work on /home/ubuntu/.local/lib/python3.8/site-packages/airflow/example_dags/example_task_group_decorator.py
[2022-09-05 10:51:48,785] {processor.py:641} INFO - Processing file /home/ubuntu/.local/lib/python3.8/site-packages/airflow/example_dags/example_task_group_decorator.py for tasks to queue
[2022-09-05 10:51:48,785] {logging_mixin.py:115} INFO - [2022-09-05 10:51:48,785] {dagbag.py:508} INFO - Filling up the DagBag from /home/ubuntu/.local/lib/python3.8/site-packages/airflow/example_dags/example_task_group_decorator.py
[2022-09-05 10:51:48,808] {processor.py:651} INFO - DAG(s) dict_keys(['example_task_group_decorator']) retrieved from /home/ubuntu/.local/lib/python3.8/site-packages/airflow/example_dags/example_task_group_decorator.py
[2022-09-05 10:51:48,852] {logging_mixin.py:115} INFO - [2022-09-05 10:51:48,852] {dag.py:2420} INFO - Sync 1 DAGs
[2022-09-05 10:51:48,865] {logging_mixin.py:115} INFO - [2022-09-05 10:51:48,865] {dag.py:2968} INFO - Setting next_dagrun for example_task_group_decorator to 2022-09-04T10:51:48.865220+00:00, run_after=2022-09-05T10:51:48.865220+00:00
[2022-09-05 10:51:48,882] {processor.py:161} INFO - Processing /home/ubuntu/.local/lib/python3.8/site-packages/airflow/example_dags/example_task_group_decorator.py took 0.102 seconds
[2022-09-05 10:52:22,155] {processor.py:153} INFO - Started process (PID=13161) to work on /home/ubuntu/.local/lib/python3.8/site-packages/airflow/example_dags/example_task_group_decorator.py
[2022-09-05 10:52:22,157] {processor.py:641} INFO - Processing file /home/ubuntu/.local/lib/python3.8/site-packages/airflow/example_dags/example_task_group_decorator.py for tasks to queue
[2022-09-05 10:52:22,158] {logging_mixin.py:115} INFO - [2022-09-05 10:52:22,158] {dagbag.py:508} INFO - Filling up the DagBag from /home/ubuntu/.local/lib/python3.8/site-packages/airflow/example_dags/example_task_group_decorator.py
[2022-09-05 10:52:22,183] {processor.py:651} INFO - DAG(s) dict_keys(['example_task_group_decorator']) retrieved from /home/ubuntu/.local/lib/python3.8/site-packages/airflow/example_dags/example_task_group_decorator.py
[2022-09-05 10:52:22,223] {logging_mixin.py:115} INFO - [2022-09-05 10:52:22,223] {dag.py:2420} INFO - Sync 1 DAGs
[2022-09-05 10:52:22,236] {logging_mixin.py:115} INFO - [2022-09-05 10:52:22,236] {dag.py:2968} INFO - Setting next_dagrun for example_task_group_decorator to 2022-09-04T10:52:22.236064+00:00, run_after=2022-09-05T10:52:22.236064+00:00
[2022-09-05 10:52:22,254] {processor.py:161} INFO - Processing /home/ubuntu/.local/lib/python3.8/site-packages/airflow/example_dags/example_task_group_decorator.py took 0.102 seconds
[2022-09-05 10:53:02,150] {processor.py:153} INFO - Started process (PID=13366) to work on /home/ubuntu/.local/lib/python3.8/site-packages/airflow/example_dags/example_task_group_decorator.py
[2022-09-05 10:53:02,152] {processor.py:641} INFO - Processing file /home/ubuntu/.local/lib/python3.8/site-packages/airflow/example_dags/example_task_group_decorator.py for tasks to queue
[2022-09-05 10:53:02,152] {logging_mixin.py:115} INFO - [2022-09-05 10:53:02,152] {dagbag.py:508} INFO - Filling up the DagBag from /home/ubuntu/.local/lib/python3.8/site-packages/airflow/example_dags/example_task_group_decorator.py
[2022-09-05 10:53:02,180] {processor.py:651} INFO - DAG(s) dict_keys(['example_task_group_decorator']) retrieved from /home/ubuntu/.local/lib/python3.8/site-packages/airflow/example_dags/example_task_group_decorator.py
[2022-09-05 10:53:02,197] {logging_mixin.py:115} INFO - [2022-09-05 10:53:02,197] {dag.py:2420} INFO - Sync 1 DAGs
[2022-09-05 10:53:02,213] {logging_mixin.py:115} INFO - [2022-09-05 10:53:02,213] {dag.py:2968} INFO - Setting next_dagrun for example_task_group_decorator to 2022-09-04T10:53:02.212806+00:00, run_after=2022-09-05T10:53:02.212806+00:00
[2022-09-05 10:53:02,230] {processor.py:161} INFO - Processing /home/ubuntu/.local/lib/python3.8/site-packages/airflow/example_dags/example_task_group_decorator.py took 0.083 seconds
[2022-09-05 10:53:37,252] {processor.py:153} INFO - Started process (PID=13428) to work on /home/ubuntu/.local/lib/python3.8/site-packages/airflow/example_dags/example_task_group_decorator.py
[2022-09-05 10:53:37,253] {processor.py:641} INFO - Processing file /home/ubuntu/.local/lib/python3.8/site-packages/airflow/example_dags/example_task_group_decorator.py for tasks to queue
[2022-09-05 10:53:37,254] {logging_mixin.py:115} INFO - [2022-09-05 10:53:37,254] {dagbag.py:508} INFO - Filling up the DagBag from /home/ubuntu/.local/lib/python3.8/site-packages/airflow/example_dags/example_task_group_decorator.py
[2022-09-05 10:53:37,279] {processor.py:651} INFO - DAG(s) dict_keys(['example_task_group_decorator']) retrieved from /home/ubuntu/.local/lib/python3.8/site-packages/airflow/example_dags/example_task_group_decorator.py
[2022-09-05 10:53:37,295] {logging_mixin.py:115} INFO - [2022-09-05 10:53:37,295] {dag.py:2420} INFO - Sync 1 DAGs
[2022-09-05 10:53:37,310] {logging_mixin.py:115} INFO - [2022-09-05 10:53:37,310] {dag.py:2968} INFO - Setting next_dagrun for example_task_group_decorator to 2022-09-04T10:53:37.309755+00:00, run_after=2022-09-05T10:53:37.309755+00:00
[2022-09-05 10:53:37,324] {processor.py:161} INFO - Processing /home/ubuntu/.local/lib/python3.8/site-packages/airflow/example_dags/example_task_group_decorator.py took 0.075 seconds
[2022-09-05 10:54:12,628] {processor.py:153} INFO - Started process (PID=13478) to work on /home/ubuntu/.local/lib/python3.8/site-packages/airflow/example_dags/example_task_group_decorator.py
[2022-09-05 10:54:12,630] {processor.py:641} INFO - Processing file /home/ubuntu/.local/lib/python3.8/site-packages/airflow/example_dags/example_task_group_decorator.py for tasks to queue
[2022-09-05 10:54:12,630] {logging_mixin.py:115} INFO - [2022-09-05 10:54:12,630] {dagbag.py:508} INFO - Filling up the DagBag from /home/ubuntu/.local/lib/python3.8/site-packages/airflow/example_dags/example_task_group_decorator.py
[2022-09-05 10:54:12,657] {processor.py:651} INFO - DAG(s) dict_keys(['example_task_group_decorator']) retrieved from /home/ubuntu/.local/lib/python3.8/site-packages/airflow/example_dags/example_task_group_decorator.py
[2022-09-05 10:54:12,673] {logging_mixin.py:115} INFO - [2022-09-05 10:54:12,673] {dag.py:2420} INFO - Sync 1 DAGs
[2022-09-05 10:54:12,688] {logging_mixin.py:115} INFO - [2022-09-05 10:54:12,688] {dag.py:2968} INFO - Setting next_dagrun for example_task_group_decorator to 2022-09-04T10:54:12.688184+00:00, run_after=2022-09-05T10:54:12.688184+00:00
[2022-09-05 10:54:12,708] {processor.py:161} INFO - Processing /home/ubuntu/.local/lib/python3.8/site-packages/airflow/example_dags/example_task_group_decorator.py took 0.083 seconds
[2022-09-05 10:54:46,852] {processor.py:153} INFO - Started process (PID=13526) to work on /home/ubuntu/.local/lib/python3.8/site-packages/airflow/example_dags/example_task_group_decorator.py
[2022-09-05 10:54:46,854] {processor.py:641} INFO - Processing file /home/ubuntu/.local/lib/python3.8/site-packages/airflow/example_dags/example_task_group_decorator.py for tasks to queue
[2022-09-05 10:54:46,854] {logging_mixin.py:115} INFO - [2022-09-05 10:54:46,854] {dagbag.py:508} INFO - Filling up the DagBag from /home/ubuntu/.local/lib/python3.8/site-packages/airflow/example_dags/example_task_group_decorator.py
[2022-09-05 10:54:46,882] {processor.py:651} INFO - DAG(s) dict_keys(['example_task_group_decorator']) retrieved from /home/ubuntu/.local/lib/python3.8/site-packages/airflow/example_dags/example_task_group_decorator.py
[2022-09-05 10:54:46,899] {logging_mixin.py:115} INFO - [2022-09-05 10:54:46,899] {dag.py:2420} INFO - Sync 1 DAGs
[2022-09-05 10:54:46,915] {logging_mixin.py:115} INFO - [2022-09-05 10:54:46,915] {dag.py:2968} INFO - Setting next_dagrun for example_task_group_decorator to 2022-09-04T10:54:46.915309+00:00, run_after=2022-09-05T10:54:46.915309+00:00
[2022-09-05 10:54:46,936] {processor.py:161} INFO - Processing /home/ubuntu/.local/lib/python3.8/site-packages/airflow/example_dags/example_task_group_decorator.py took 0.087 seconds
[2022-09-05 10:55:23,367] {processor.py:153} INFO - Started process (PID=13578) to work on /home/ubuntu/.local/lib/python3.8/site-packages/airflow/example_dags/example_task_group_decorator.py
[2022-09-05 10:55:23,369] {processor.py:641} INFO - Processing file /home/ubuntu/.local/lib/python3.8/site-packages/airflow/example_dags/example_task_group_decorator.py for tasks to queue
[2022-09-05 10:55:23,369] {logging_mixin.py:115} INFO - [2022-09-05 10:55:23,369] {dagbag.py:508} INFO - Filling up the DagBag from /home/ubuntu/.local/lib/python3.8/site-packages/airflow/example_dags/example_task_group_decorator.py
[2022-09-05 10:55:23,396] {processor.py:651} INFO - DAG(s) dict_keys(['example_task_group_decorator']) retrieved from /home/ubuntu/.local/lib/python3.8/site-packages/airflow/example_dags/example_task_group_decorator.py
[2022-09-05 10:55:23,413] {logging_mixin.py:115} INFO - [2022-09-05 10:55:23,412] {dag.py:2420} INFO - Sync 1 DAGs
[2022-09-05 10:55:23,428] {logging_mixin.py:115} INFO - [2022-09-05 10:55:23,428] {dag.py:2968} INFO - Setting next_dagrun for example_task_group_decorator to 2022-09-04T10:55:23.428103+00:00, run_after=2022-09-05T10:55:23.428103+00:00
[2022-09-05 10:55:23,453] {processor.py:161} INFO - Processing /home/ubuntu/.local/lib/python3.8/site-packages/airflow/example_dags/example_task_group_decorator.py took 0.089 seconds
[2022-09-05 10:56:02,777] {processor.py:153} INFO - Started process (PID=13647) to work on /home/ubuntu/.local/lib/python3.8/site-packages/airflow/example_dags/example_task_group_decorator.py
[2022-09-05 10:56:02,779] {processor.py:641} INFO - Processing file /home/ubuntu/.local/lib/python3.8/site-packages/airflow/example_dags/example_task_group_decorator.py for tasks to queue
[2022-09-05 10:56:02,779] {logging_mixin.py:115} INFO - [2022-09-05 10:56:02,779] {dagbag.py:508} INFO - Filling up the DagBag from /home/ubuntu/.local/lib/python3.8/site-packages/airflow/example_dags/example_task_group_decorator.py
[2022-09-05 10:56:02,805] {processor.py:651} INFO - DAG(s) dict_keys(['example_task_group_decorator']) retrieved from /home/ubuntu/.local/lib/python3.8/site-packages/airflow/example_dags/example_task_group_decorator.py
[2022-09-05 10:56:02,820] {logging_mixin.py:115} INFO - [2022-09-05 10:56:02,820] {dag.py:2420} INFO - Sync 1 DAGs
[2022-09-05 10:56:02,835] {logging_mixin.py:115} INFO - [2022-09-05 10:56:02,835] {dag.py:2968} INFO - Setting next_dagrun for example_task_group_decorator to 2022-09-04T10:56:02.835377+00:00, run_after=2022-09-05T10:56:02.835377+00:00
[2022-09-05 10:56:02,851] {processor.py:161} INFO - Processing /home/ubuntu/.local/lib/python3.8/site-packages/airflow/example_dags/example_task_group_decorator.py took 0.077 seconds
[2022-09-05 10:56:37,659] {processor.py:153} INFO - Started process (PID=13693) to work on /home/ubuntu/.local/lib/python3.8/site-packages/airflow/example_dags/example_task_group_decorator.py
[2022-09-05 10:56:37,660] {processor.py:641} INFO - Processing file /home/ubuntu/.local/lib/python3.8/site-packages/airflow/example_dags/example_task_group_decorator.py for tasks to queue
[2022-09-05 10:56:37,661] {logging_mixin.py:115} INFO - [2022-09-05 10:56:37,661] {dagbag.py:508} INFO - Filling up the DagBag from /home/ubuntu/.local/lib/python3.8/site-packages/airflow/example_dags/example_task_group_decorator.py
[2022-09-05 10:56:37,687] {processor.py:651} INFO - DAG(s) dict_keys(['example_task_group_decorator']) retrieved from /home/ubuntu/.local/lib/python3.8/site-packages/airflow/example_dags/example_task_group_decorator.py
[2022-09-05 10:56:37,703] {logging_mixin.py:115} INFO - [2022-09-05 10:56:37,703] {dag.py:2420} INFO - Sync 1 DAGs
[2022-09-05 10:56:37,717] {logging_mixin.py:115} INFO - [2022-09-05 10:56:37,717] {dag.py:2968} INFO - Setting next_dagrun for example_task_group_decorator to 2022-09-04T10:56:37.717528+00:00, run_after=2022-09-05T10:56:37.717528+00:00
[2022-09-05 10:56:37,738] {processor.py:161} INFO - Processing /home/ubuntu/.local/lib/python3.8/site-packages/airflow/example_dags/example_task_group_decorator.py took 0.082 seconds
[2022-09-05 10:58:40,535] {processor.py:153} INFO - Started process (PID=14112) to work on /home/ubuntu/.local/lib/python3.8/site-packages/airflow/example_dags/example_task_group_decorator.py
[2022-09-05 10:58:40,537] {processor.py:641} INFO - Processing file /home/ubuntu/.local/lib/python3.8/site-packages/airflow/example_dags/example_task_group_decorator.py for tasks to queue
[2022-09-05 10:58:40,537] {logging_mixin.py:115} INFO - [2022-09-05 10:58:40,537] {dagbag.py:508} INFO - Filling up the DagBag from /home/ubuntu/.local/lib/python3.8/site-packages/airflow/example_dags/example_task_group_decorator.py
[2022-09-05 10:58:40,562] {processor.py:651} INFO - DAG(s) dict_keys(['example_task_group_decorator']) retrieved from /home/ubuntu/.local/lib/python3.8/site-packages/airflow/example_dags/example_task_group_decorator.py
[2022-09-05 10:58:40,608] {logging_mixin.py:115} INFO - [2022-09-05 10:58:40,608] {dag.py:2420} INFO - Sync 1 DAGs
[2022-09-05 10:58:40,622] {logging_mixin.py:115} INFO - [2022-09-05 10:58:40,622] {dag.py:2968} INFO - Setting next_dagrun for example_task_group_decorator to 2022-09-04T10:58:40.622289+00:00, run_after=2022-09-05T10:58:40.622289+00:00
[2022-09-05 10:58:40,639] {processor.py:161} INFO - Processing /home/ubuntu/.local/lib/python3.8/site-packages/airflow/example_dags/example_task_group_decorator.py took 0.108 seconds
[2022-09-05 10:59:22,895] {processor.py:153} INFO - Started process (PID=14618) to work on /home/ubuntu/.local/lib/python3.8/site-packages/airflow/example_dags/example_task_group_decorator.py
[2022-09-05 10:59:22,897] {processor.py:641} INFO - Processing file /home/ubuntu/.local/lib/python3.8/site-packages/airflow/example_dags/example_task_group_decorator.py for tasks to queue
[2022-09-05 10:59:22,897] {logging_mixin.py:115} INFO - [2022-09-05 10:59:22,897] {dagbag.py:508} INFO - Filling up the DagBag from /home/ubuntu/.local/lib/python3.8/site-packages/airflow/example_dags/example_task_group_decorator.py
[2022-09-05 10:59:22,920] {processor.py:651} INFO - DAG(s) dict_keys(['example_task_group_decorator']) retrieved from /home/ubuntu/.local/lib/python3.8/site-packages/airflow/example_dags/example_task_group_decorator.py
[2022-09-05 10:59:22,965] {logging_mixin.py:115} INFO - [2022-09-05 10:59:22,965] {dag.py:2420} INFO - Sync 1 DAGs
[2022-09-05 10:59:22,979] {logging_mixin.py:115} INFO - [2022-09-05 10:59:22,979] {dag.py:2968} INFO - Setting next_dagrun for example_task_group_decorator to 2022-09-04T10:59:22.978905+00:00, run_after=2022-09-05T10:59:22.978905+00:00
[2022-09-05 10:59:22,994] {processor.py:161} INFO - Processing /home/ubuntu/.local/lib/python3.8/site-packages/airflow/example_dags/example_task_group_decorator.py took 0.103 seconds
[2022-09-05 11:00:05,119] {processor.py:153} INFO - Started process (PID=14975) to work on /home/ubuntu/.local/lib/python3.8/site-packages/airflow/example_dags/example_task_group_decorator.py
[2022-09-05 11:00:05,121] {processor.py:641} INFO - Processing file /home/ubuntu/.local/lib/python3.8/site-packages/airflow/example_dags/example_task_group_decorator.py for tasks to queue
[2022-09-05 11:00:05,121] {logging_mixin.py:115} INFO - [2022-09-05 11:00:05,121] {dagbag.py:508} INFO - Filling up the DagBag from /home/ubuntu/.local/lib/python3.8/site-packages/airflow/example_dags/example_task_group_decorator.py
[2022-09-05 11:00:05,144] {processor.py:651} INFO - DAG(s) dict_keys(['example_task_group_decorator']) retrieved from /home/ubuntu/.local/lib/python3.8/site-packages/airflow/example_dags/example_task_group_decorator.py
[2022-09-05 11:00:05,187] {logging_mixin.py:115} INFO - [2022-09-05 11:00:05,187] {dag.py:2420} INFO - Sync 1 DAGs
[2022-09-05 11:00:05,201] {logging_mixin.py:115} INFO - [2022-09-05 11:00:05,201] {dag.py:2968} INFO - Setting next_dagrun for example_task_group_decorator to 2022-09-04T11:00:05.200715+00:00, run_after=2022-09-05T11:00:05.200715+00:00
[2022-09-05 11:00:05,223] {processor.py:161} INFO - Processing /home/ubuntu/.local/lib/python3.8/site-packages/airflow/example_dags/example_task_group_decorator.py took 0.108 seconds
[2022-09-05 11:00:44,578] {processor.py:153} INFO - Started process (PID=15023) to work on /home/ubuntu/.local/lib/python3.8/site-packages/airflow/example_dags/example_task_group_decorator.py
[2022-09-05 11:00:44,580] {processor.py:641} INFO - Processing file /home/ubuntu/.local/lib/python3.8/site-packages/airflow/example_dags/example_task_group_decorator.py for tasks to queue
[2022-09-05 11:00:44,580] {logging_mixin.py:115} INFO - [2022-09-05 11:00:44,580] {dagbag.py:508} INFO - Filling up the DagBag from /home/ubuntu/.local/lib/python3.8/site-packages/airflow/example_dags/example_task_group_decorator.py
[2022-09-05 11:00:44,603] {processor.py:651} INFO - DAG(s) dict_keys(['example_task_group_decorator']) retrieved from /home/ubuntu/.local/lib/python3.8/site-packages/airflow/example_dags/example_task_group_decorator.py
[2022-09-05 11:00:44,648] {logging_mixin.py:115} INFO - [2022-09-05 11:00:44,648] {dag.py:2420} INFO - Sync 1 DAGs
[2022-09-05 11:00:44,662] {logging_mixin.py:115} INFO - [2022-09-05 11:00:44,662] {dag.py:2968} INFO - Setting next_dagrun for example_task_group_decorator to 2022-09-04T11:00:44.662099+00:00, run_after=2022-09-05T11:00:44.662099+00:00
[2022-09-05 11:00:44,679] {processor.py:161} INFO - Processing /home/ubuntu/.local/lib/python3.8/site-packages/airflow/example_dags/example_task_group_decorator.py took 0.104 seconds
[2022-09-05 11:01:22,188] {processor.py:153} INFO - Started process (PID=15070) to work on /home/ubuntu/.local/lib/python3.8/site-packages/airflow/example_dags/example_task_group_decorator.py
[2022-09-05 11:01:22,189] {processor.py:641} INFO - Processing file /home/ubuntu/.local/lib/python3.8/site-packages/airflow/example_dags/example_task_group_decorator.py for tasks to queue
[2022-09-05 11:01:22,190] {logging_mixin.py:115} INFO - [2022-09-05 11:01:22,190] {dagbag.py:508} INFO - Filling up the DagBag from /home/ubuntu/.local/lib/python3.8/site-packages/airflow/example_dags/example_task_group_decorator.py
[2022-09-05 11:01:22,213] {processor.py:651} INFO - DAG(s) dict_keys(['example_task_group_decorator']) retrieved from /home/ubuntu/.local/lib/python3.8/site-packages/airflow/example_dags/example_task_group_decorator.py
[2022-09-05 11:01:22,257] {logging_mixin.py:115} INFO - [2022-09-05 11:01:22,257] {dag.py:2420} INFO - Sync 1 DAGs
[2022-09-05 11:01:22,271] {logging_mixin.py:115} INFO - [2022-09-05 11:01:22,270] {dag.py:2968} INFO - Setting next_dagrun for example_task_group_decorator to 2022-09-04T11:01:22.270588+00:00, run_after=2022-09-05T11:01:22.270588+00:00
[2022-09-05 11:01:22,322] {processor.py:161} INFO - Processing /home/ubuntu/.local/lib/python3.8/site-packages/airflow/example_dags/example_task_group_decorator.py took 0.137 seconds
[2022-09-05 11:02:00,555] {processor.py:153} INFO - Started process (PID=15117) to work on /home/ubuntu/.local/lib/python3.8/site-packages/airflow/example_dags/example_task_group_decorator.py
[2022-09-05 11:02:00,557] {processor.py:641} INFO - Processing file /home/ubuntu/.local/lib/python3.8/site-packages/airflow/example_dags/example_task_group_decorator.py for tasks to queue
[2022-09-05 11:02:00,558] {logging_mixin.py:115} INFO - [2022-09-05 11:02:00,558] {dagbag.py:508} INFO - Filling up the DagBag from /home/ubuntu/.local/lib/python3.8/site-packages/airflow/example_dags/example_task_group_decorator.py
[2022-09-05 11:02:00,581] {processor.py:651} INFO - DAG(s) dict_keys(['example_task_group_decorator']) retrieved from /home/ubuntu/.local/lib/python3.8/site-packages/airflow/example_dags/example_task_group_decorator.py
[2022-09-05 11:02:00,626] {logging_mixin.py:115} INFO - [2022-09-05 11:02:00,626] {dag.py:2420} INFO - Sync 1 DAGs
[2022-09-05 11:02:00,640] {logging_mixin.py:115} INFO - [2022-09-05 11:02:00,640] {dag.py:2968} INFO - Setting next_dagrun for example_task_group_decorator to 2022-09-04T11:02:00.640194+00:00, run_after=2022-09-05T11:02:00.640194+00:00
[2022-09-05 11:02:00,669] {processor.py:161} INFO - Processing /home/ubuntu/.local/lib/python3.8/site-packages/airflow/example_dags/example_task_group_decorator.py took 0.117 seconds
[2022-09-05 11:02:44,274] {processor.py:153} INFO - Started process (PID=15251) to work on /home/ubuntu/.local/lib/python3.8/site-packages/airflow/example_dags/example_task_group_decorator.py
[2022-09-05 11:02:44,275] {processor.py:641} INFO - Processing file /home/ubuntu/.local/lib/python3.8/site-packages/airflow/example_dags/example_task_group_decorator.py for tasks to queue
[2022-09-05 11:02:44,276] {logging_mixin.py:115} INFO - [2022-09-05 11:02:44,276] {dagbag.py:508} INFO - Filling up the DagBag from /home/ubuntu/.local/lib/python3.8/site-packages/airflow/example_dags/example_task_group_decorator.py
[2022-09-05 11:02:44,300] {processor.py:651} INFO - DAG(s) dict_keys(['example_task_group_decorator']) retrieved from /home/ubuntu/.local/lib/python3.8/site-packages/airflow/example_dags/example_task_group_decorator.py
[2022-09-05 11:02:44,347] {logging_mixin.py:115} INFO - [2022-09-05 11:02:44,347] {dag.py:2420} INFO - Sync 1 DAGs
[2022-09-05 11:02:44,380] {logging_mixin.py:115} INFO - [2022-09-05 11:02:44,380] {dag.py:2968} INFO - Setting next_dagrun for example_task_group_decorator to 2022-09-04T11:02:44.380150+00:00, run_after=2022-09-05T11:02:44.380150+00:00
[2022-09-05 11:02:44,400] {processor.py:161} INFO - Processing /home/ubuntu/.local/lib/python3.8/site-packages/airflow/example_dags/example_task_group_decorator.py took 0.130 seconds
[2022-09-05 11:03:18,217] {processor.py:153} INFO - Started process (PID=15521) to work on /home/ubuntu/.local/lib/python3.8/site-packages/airflow/example_dags/example_task_group_decorator.py
[2022-09-05 11:03:18,219] {processor.py:641} INFO - Processing file /home/ubuntu/.local/lib/python3.8/site-packages/airflow/example_dags/example_task_group_decorator.py for tasks to queue
[2022-09-05 11:03:18,219] {logging_mixin.py:115} INFO - [2022-09-05 11:03:18,219] {dagbag.py:508} INFO - Filling up the DagBag from /home/ubuntu/.local/lib/python3.8/site-packages/airflow/example_dags/example_task_group_decorator.py
[2022-09-05 11:03:18,249] {processor.py:651} INFO - DAG(s) dict_keys(['example_task_group_decorator']) retrieved from /home/ubuntu/.local/lib/python3.8/site-packages/airflow/example_dags/example_task_group_decorator.py
[2022-09-05 11:03:18,292] {logging_mixin.py:115} INFO - [2022-09-05 11:03:18,292] {dag.py:2420} INFO - Sync 1 DAGs
[2022-09-05 11:03:18,306] {logging_mixin.py:115} INFO - [2022-09-05 11:03:18,306] {dag.py:2968} INFO - Setting next_dagrun for example_task_group_decorator to 2022-09-04T11:03:18.305706+00:00, run_after=2022-09-05T11:03:18.305706+00:00
[2022-09-05 11:03:18,324] {processor.py:161} INFO - Processing /home/ubuntu/.local/lib/python3.8/site-packages/airflow/example_dags/example_task_group_decorator.py took 0.110 seconds
[2022-09-05 11:04:18,135] {processor.py:153} INFO - Started process (PID=15819) to work on /home/ubuntu/.local/lib/python3.8/site-packages/airflow/example_dags/example_task_group_decorator.py
[2022-09-05 11:04:18,137] {processor.py:641} INFO - Processing file /home/ubuntu/.local/lib/python3.8/site-packages/airflow/example_dags/example_task_group_decorator.py for tasks to queue
[2022-09-05 11:04:18,137] {logging_mixin.py:115} INFO - [2022-09-05 11:04:18,137] {dagbag.py:508} INFO - Filling up the DagBag from /home/ubuntu/.local/lib/python3.8/site-packages/airflow/example_dags/example_task_group_decorator.py
[2022-09-05 11:04:18,160] {processor.py:651} INFO - DAG(s) dict_keys(['example_task_group_decorator']) retrieved from /home/ubuntu/.local/lib/python3.8/site-packages/airflow/example_dags/example_task_group_decorator.py
[2022-09-05 11:04:18,204] {logging_mixin.py:115} INFO - [2022-09-05 11:04:18,204] {dag.py:2420} INFO - Sync 1 DAGs
[2022-09-05 11:04:18,217] {logging_mixin.py:115} INFO - [2022-09-05 11:04:18,217] {dag.py:2968} INFO - Setting next_dagrun for example_task_group_decorator to 2022-09-04T11:04:18.217147+00:00, run_after=2022-09-05T11:04:18.217147+00:00
[2022-09-05 11:04:18,236] {processor.py:161} INFO - Processing /home/ubuntu/.local/lib/python3.8/site-packages/airflow/example_dags/example_task_group_decorator.py took 0.104 seconds
[2022-09-05 11:09:28,664] {processor.py:153} INFO - Started process (PID=20201) to work on /home/ubuntu/.local/lib/python3.8/site-packages/airflow/example_dags/example_task_group_decorator.py
[2022-09-05 11:09:28,666] {processor.py:641} INFO - Processing file /home/ubuntu/.local/lib/python3.8/site-packages/airflow/example_dags/example_task_group_decorator.py for tasks to queue
[2022-09-05 11:09:28,667] {logging_mixin.py:115} INFO - [2022-09-05 11:09:28,667] {dagbag.py:508} INFO - Filling up the DagBag from /home/ubuntu/.local/lib/python3.8/site-packages/airflow/example_dags/example_task_group_decorator.py
[2022-09-05 11:09:28,691] {processor.py:651} INFO - DAG(s) dict_keys(['example_task_group_decorator']) retrieved from /home/ubuntu/.local/lib/python3.8/site-packages/airflow/example_dags/example_task_group_decorator.py
[2022-09-05 11:09:28,738] {logging_mixin.py:115} INFO - [2022-09-05 11:09:28,738] {dag.py:2420} INFO - Sync 1 DAGs
[2022-09-05 11:09:28,750] {logging_mixin.py:115} INFO - [2022-09-05 11:09:28,750] {dag.py:2968} INFO - Setting next_dagrun for example_task_group_decorator to 2022-09-04T11:09:28.749889+00:00, run_after=2022-09-05T11:09:28.749889+00:00
[2022-09-05 11:09:28,768] {processor.py:161} INFO - Processing /home/ubuntu/.local/lib/python3.8/site-packages/airflow/example_dags/example_task_group_decorator.py took 0.107 seconds
[2022-09-05 11:12:25,249] {processor.py:153} INFO - Started process (PID=22154) to work on /home/ubuntu/.local/lib/python3.8/site-packages/airflow/example_dags/example_task_group_decorator.py
[2022-09-05 11:12:25,251] {processor.py:641} INFO - Processing file /home/ubuntu/.local/lib/python3.8/site-packages/airflow/example_dags/example_task_group_decorator.py for tasks to queue
[2022-09-05 11:12:25,251] {logging_mixin.py:115} INFO - [2022-09-05 11:12:25,251] {dagbag.py:508} INFO - Filling up the DagBag from /home/ubuntu/.local/lib/python3.8/site-packages/airflow/example_dags/example_task_group_decorator.py
[2022-09-05 11:12:25,276] {processor.py:651} INFO - DAG(s) dict_keys(['example_task_group_decorator']) retrieved from /home/ubuntu/.local/lib/python3.8/site-packages/airflow/example_dags/example_task_group_decorator.py
[2022-09-05 11:12:25,321] {logging_mixin.py:115} INFO - [2022-09-05 11:12:25,321] {dag.py:2420} INFO - Sync 1 DAGs
[2022-09-05 11:12:25,332] {logging_mixin.py:115} INFO - [2022-09-05 11:12:25,332] {dag.py:2968} INFO - Setting next_dagrun for example_task_group_decorator to 2022-09-04T11:12:25.331910+00:00, run_after=2022-09-05T11:12:25.331910+00:00
[2022-09-05 11:12:25,348] {processor.py:161} INFO - Processing /home/ubuntu/.local/lib/python3.8/site-packages/airflow/example_dags/example_task_group_decorator.py took 0.103 seconds
[2022-09-05 11:12:59,477] {processor.py:153} INFO - Started process (PID=22264) to work on /home/ubuntu/.local/lib/python3.8/site-packages/airflow/example_dags/example_task_group_decorator.py
[2022-09-05 11:12:59,478] {processor.py:641} INFO - Processing file /home/ubuntu/.local/lib/python3.8/site-packages/airflow/example_dags/example_task_group_decorator.py for tasks to queue
[2022-09-05 11:12:59,479] {logging_mixin.py:115} INFO - [2022-09-05 11:12:59,479] {dagbag.py:508} INFO - Filling up the DagBag from /home/ubuntu/.local/lib/python3.8/site-packages/airflow/example_dags/example_task_group_decorator.py
[2022-09-05 11:12:59,502] {processor.py:651} INFO - DAG(s) dict_keys(['example_task_group_decorator']) retrieved from /home/ubuntu/.local/lib/python3.8/site-packages/airflow/example_dags/example_task_group_decorator.py
[2022-09-05 11:12:59,520] {logging_mixin.py:115} INFO - [2022-09-05 11:12:59,520] {dag.py:2420} INFO - Sync 1 DAGs
[2022-09-05 11:12:59,536] {logging_mixin.py:115} INFO - [2022-09-05 11:12:59,536] {dag.py:2968} INFO - Setting next_dagrun for example_task_group_decorator to 2022-09-04T11:12:59.536570+00:00, run_after=2022-09-05T11:12:59.536570+00:00
[2022-09-05 11:12:59,558] {processor.py:161} INFO - Processing /home/ubuntu/.local/lib/python3.8/site-packages/airflow/example_dags/example_task_group_decorator.py took 0.084 seconds
[2022-09-05 11:13:40,120] {processor.py:153} INFO - Started process (PID=22364) to work on /home/ubuntu/.local/lib/python3.8/site-packages/airflow/example_dags/example_task_group_decorator.py
[2022-09-05 11:13:40,122] {processor.py:641} INFO - Processing file /home/ubuntu/.local/lib/python3.8/site-packages/airflow/example_dags/example_task_group_decorator.py for tasks to queue
[2022-09-05 11:13:40,122] {logging_mixin.py:115} INFO - [2022-09-05 11:13:40,122] {dagbag.py:508} INFO - Filling up the DagBag from /home/ubuntu/.local/lib/python3.8/site-packages/airflow/example_dags/example_task_group_decorator.py
[2022-09-05 11:13:40,147] {processor.py:651} INFO - DAG(s) dict_keys(['example_task_group_decorator']) retrieved from /home/ubuntu/.local/lib/python3.8/site-packages/airflow/example_dags/example_task_group_decorator.py
[2022-09-05 11:13:40,192] {logging_mixin.py:115} INFO - [2022-09-05 11:13:40,192] {dag.py:2420} INFO - Sync 1 DAGs
[2022-09-05 11:13:40,203] {logging_mixin.py:115} INFO - [2022-09-05 11:13:40,203] {dag.py:2968} INFO - Setting next_dagrun for example_task_group_decorator to 2022-09-04T11:13:40.203182+00:00, run_after=2022-09-05T11:13:40.203182+00:00
[2022-09-05 11:13:40,233] {processor.py:161} INFO - Processing /home/ubuntu/.local/lib/python3.8/site-packages/airflow/example_dags/example_task_group_decorator.py took 0.116 seconds
[2022-09-05 11:14:17,447] {processor.py:153} INFO - Started process (PID=22581) to work on /home/ubuntu/.local/lib/python3.8/site-packages/airflow/example_dags/example_task_group_decorator.py
[2022-09-05 11:14:17,449] {processor.py:641} INFO - Processing file /home/ubuntu/.local/lib/python3.8/site-packages/airflow/example_dags/example_task_group_decorator.py for tasks to queue
[2022-09-05 11:14:17,450] {logging_mixin.py:115} INFO - [2022-09-05 11:14:17,449] {dagbag.py:508} INFO - Filling up the DagBag from /home/ubuntu/.local/lib/python3.8/site-packages/airflow/example_dags/example_task_group_decorator.py
[2022-09-05 11:14:17,474] {processor.py:651} INFO - DAG(s) dict_keys(['example_task_group_decorator']) retrieved from /home/ubuntu/.local/lib/python3.8/site-packages/airflow/example_dags/example_task_group_decorator.py
[2022-09-05 11:14:17,520] {logging_mixin.py:115} INFO - [2022-09-05 11:14:17,520] {dag.py:2420} INFO - Sync 1 DAGs
[2022-09-05 11:14:17,532] {logging_mixin.py:115} INFO - [2022-09-05 11:14:17,532] {dag.py:2968} INFO - Setting next_dagrun for example_task_group_decorator to 2022-09-04T11:14:17.531969+00:00, run_after=2022-09-05T11:14:17.531969+00:00
[2022-09-05 11:14:17,548] {processor.py:161} INFO - Processing /home/ubuntu/.local/lib/python3.8/site-packages/airflow/example_dags/example_task_group_decorator.py took 0.105 seconds
[2022-09-05 11:14:53,258] {processor.py:153} INFO - Started process (PID=22658) to work on /home/ubuntu/.local/lib/python3.8/site-packages/airflow/example_dags/example_task_group_decorator.py
[2022-09-05 11:14:53,259] {processor.py:641} INFO - Processing file /home/ubuntu/.local/lib/python3.8/site-packages/airflow/example_dags/example_task_group_decorator.py for tasks to queue
[2022-09-05 11:14:53,260] {logging_mixin.py:115} INFO - [2022-09-05 11:14:53,260] {dagbag.py:508} INFO - Filling up the DagBag from /home/ubuntu/.local/lib/python3.8/site-packages/airflow/example_dags/example_task_group_decorator.py
[2022-09-05 11:14:53,285] {processor.py:651} INFO - DAG(s) dict_keys(['example_task_group_decorator']) retrieved from /home/ubuntu/.local/lib/python3.8/site-packages/airflow/example_dags/example_task_group_decorator.py
[2022-09-05 11:14:53,332] {logging_mixin.py:115} INFO - [2022-09-05 11:14:53,332] {dag.py:2420} INFO - Sync 1 DAGs
[2022-09-05 11:14:53,344] {logging_mixin.py:115} INFO - [2022-09-05 11:14:53,344] {dag.py:2968} INFO - Setting next_dagrun for example_task_group_decorator to 2022-09-04T11:14:53.343755+00:00, run_after=2022-09-05T11:14:53.343755+00:00
[2022-09-05 11:14:53,387] {processor.py:161} INFO - Processing /home/ubuntu/.local/lib/python3.8/site-packages/airflow/example_dags/example_task_group_decorator.py took 0.133 seconds
[2022-09-05 11:16:00,904] {processor.py:153} INFO - Started process (PID=23021) to work on /home/ubuntu/.local/lib/python3.8/site-packages/airflow/example_dags/example_task_group_decorator.py
[2022-09-05 11:16:00,908] {processor.py:641} INFO - Processing file /home/ubuntu/.local/lib/python3.8/site-packages/airflow/example_dags/example_task_group_decorator.py for tasks to queue
[2022-09-05 11:16:00,908] {logging_mixin.py:115} INFO - [2022-09-05 11:16:00,908] {dagbag.py:508} INFO - Filling up the DagBag from /home/ubuntu/.local/lib/python3.8/site-packages/airflow/example_dags/example_task_group_decorator.py
[2022-09-05 11:16:00,932] {processor.py:651} INFO - DAG(s) dict_keys(['example_task_group_decorator']) retrieved from /home/ubuntu/.local/lib/python3.8/site-packages/airflow/example_dags/example_task_group_decorator.py
[2022-09-05 11:16:00,976] {logging_mixin.py:115} INFO - [2022-09-05 11:16:00,976] {dag.py:2420} INFO - Sync 1 DAGs
[2022-09-05 11:16:00,990] {logging_mixin.py:115} INFO - [2022-09-05 11:16:00,989] {dag.py:2968} INFO - Setting next_dagrun for example_task_group_decorator to 2022-09-04T11:16:00.989501+00:00, run_after=2022-09-05T11:16:00.989501+00:00
[2022-09-05 11:16:01,016] {processor.py:161} INFO - Processing /home/ubuntu/.local/lib/python3.8/site-packages/airflow/example_dags/example_task_group_decorator.py took 0.115 seconds
[2022-09-05 11:16:38,856] {processor.py:153} INFO - Started process (PID=23118) to work on /home/ubuntu/.local/lib/python3.8/site-packages/airflow/example_dags/example_task_group_decorator.py
[2022-09-05 11:16:38,858] {processor.py:641} INFO - Processing file /home/ubuntu/.local/lib/python3.8/site-packages/airflow/example_dags/example_task_group_decorator.py for tasks to queue
[2022-09-05 11:16:38,858] {logging_mixin.py:115} INFO - [2022-09-05 11:16:38,858] {dagbag.py:508} INFO - Filling up the DagBag from /home/ubuntu/.local/lib/python3.8/site-packages/airflow/example_dags/example_task_group_decorator.py
[2022-09-05 11:16:38,888] {processor.py:651} INFO - DAG(s) dict_keys(['example_task_group_decorator']) retrieved from /home/ubuntu/.local/lib/python3.8/site-packages/airflow/example_dags/example_task_group_decorator.py
[2022-09-05 11:16:38,933] {logging_mixin.py:115} INFO - [2022-09-05 11:16:38,933] {dag.py:2420} INFO - Sync 1 DAGs
[2022-09-05 11:16:38,947] {logging_mixin.py:115} INFO - [2022-09-05 11:16:38,947] {dag.py:2968} INFO - Setting next_dagrun for example_task_group_decorator to 2022-09-04T11:16:38.947128+00:00, run_after=2022-09-05T11:16:38.947128+00:00
[2022-09-05 11:16:38,964] {processor.py:161} INFO - Processing /home/ubuntu/.local/lib/python3.8/site-packages/airflow/example_dags/example_task_group_decorator.py took 0.113 seconds
[2022-09-05 11:17:13,848] {processor.py:153} INFO - Started process (PID=23204) to work on /home/ubuntu/.local/lib/python3.8/site-packages/airflow/example_dags/example_task_group_decorator.py
[2022-09-05 11:17:13,850] {processor.py:641} INFO - Processing file /home/ubuntu/.local/lib/python3.8/site-packages/airflow/example_dags/example_task_group_decorator.py for tasks to queue
[2022-09-05 11:17:13,850] {logging_mixin.py:115} INFO - [2022-09-05 11:17:13,850] {dagbag.py:508} INFO - Filling up the DagBag from /home/ubuntu/.local/lib/python3.8/site-packages/airflow/example_dags/example_task_group_decorator.py
[2022-09-05 11:17:13,872] {processor.py:651} INFO - DAG(s) dict_keys(['example_task_group_decorator']) retrieved from /home/ubuntu/.local/lib/python3.8/site-packages/airflow/example_dags/example_task_group_decorator.py
[2022-09-05 11:17:13,914] {logging_mixin.py:115} INFO - [2022-09-05 11:17:13,914] {dag.py:2420} INFO - Sync 1 DAGs
[2022-09-05 11:17:13,926] {logging_mixin.py:115} INFO - [2022-09-05 11:17:13,926] {dag.py:2968} INFO - Setting next_dagrun for example_task_group_decorator to 2022-09-04T11:17:13.926294+00:00, run_after=2022-09-05T11:17:13.926294+00:00
[2022-09-05 11:17:13,941] {processor.py:161} INFO - Processing /home/ubuntu/.local/lib/python3.8/site-packages/airflow/example_dags/example_task_group_decorator.py took 0.096 seconds
[2022-09-05 11:17:52,075] {processor.py:153} INFO - Started process (PID=23295) to work on /home/ubuntu/.local/lib/python3.8/site-packages/airflow/example_dags/example_task_group_decorator.py
[2022-09-05 11:17:52,077] {processor.py:641} INFO - Processing file /home/ubuntu/.local/lib/python3.8/site-packages/airflow/example_dags/example_task_group_decorator.py for tasks to queue
[2022-09-05 11:17:52,078] {logging_mixin.py:115} INFO - [2022-09-05 11:17:52,078] {dagbag.py:508} INFO - Filling up the DagBag from /home/ubuntu/.local/lib/python3.8/site-packages/airflow/example_dags/example_task_group_decorator.py
[2022-09-05 11:17:52,101] {processor.py:651} INFO - DAG(s) dict_keys(['example_task_group_decorator']) retrieved from /home/ubuntu/.local/lib/python3.8/site-packages/airflow/example_dags/example_task_group_decorator.py
[2022-09-05 11:17:52,146] {logging_mixin.py:115} INFO - [2022-09-05 11:17:52,145] {dag.py:2420} INFO - Sync 1 DAGs
[2022-09-05 11:17:52,159] {logging_mixin.py:115} INFO - [2022-09-05 11:17:52,159] {dag.py:2968} INFO - Setting next_dagrun for example_task_group_decorator to 2022-09-04T11:17:52.158934+00:00, run_after=2022-09-05T11:17:52.158934+00:00
[2022-09-05 11:17:52,175] {processor.py:161} INFO - Processing /home/ubuntu/.local/lib/python3.8/site-packages/airflow/example_dags/example_task_group_decorator.py took 0.103 seconds
[2022-09-05 11:18:32,607] {processor.py:153} INFO - Started process (PID=23393) to work on /home/ubuntu/.local/lib/python3.8/site-packages/airflow/example_dags/example_task_group_decorator.py
[2022-09-05 11:18:32,609] {processor.py:641} INFO - Processing file /home/ubuntu/.local/lib/python3.8/site-packages/airflow/example_dags/example_task_group_decorator.py for tasks to queue
[2022-09-05 11:18:32,609] {logging_mixin.py:115} INFO - [2022-09-05 11:18:32,609] {dagbag.py:508} INFO - Filling up the DagBag from /home/ubuntu/.local/lib/python3.8/site-packages/airflow/example_dags/example_task_group_decorator.py
[2022-09-05 11:18:32,633] {processor.py:651} INFO - DAG(s) dict_keys(['example_task_group_decorator']) retrieved from /home/ubuntu/.local/lib/python3.8/site-packages/airflow/example_dags/example_task_group_decorator.py
[2022-09-05 11:18:32,678] {logging_mixin.py:115} INFO - [2022-09-05 11:18:32,678] {dag.py:2420} INFO - Sync 1 DAGs
[2022-09-05 11:18:32,692] {logging_mixin.py:115} INFO - [2022-09-05 11:18:32,692] {dag.py:2968} INFO - Setting next_dagrun for example_task_group_decorator to 2022-09-04T11:18:32.692237+00:00, run_after=2022-09-05T11:18:32.692237+00:00
[2022-09-05 11:18:32,718] {processor.py:161} INFO - Processing /home/ubuntu/.local/lib/python3.8/site-packages/airflow/example_dags/example_task_group_decorator.py took 0.114 seconds
[2022-09-05 11:19:14,386] {processor.py:153} INFO - Started process (PID=23460) to work on /home/ubuntu/.local/lib/python3.8/site-packages/airflow/example_dags/example_task_group_decorator.py
[2022-09-05 11:19:14,390] {processor.py:641} INFO - Processing file /home/ubuntu/.local/lib/python3.8/site-packages/airflow/example_dags/example_task_group_decorator.py for tasks to queue
[2022-09-05 11:19:14,391] {logging_mixin.py:115} INFO - [2022-09-05 11:19:14,391] {dagbag.py:508} INFO - Filling up the DagBag from /home/ubuntu/.local/lib/python3.8/site-packages/airflow/example_dags/example_task_group_decorator.py
[2022-09-05 11:19:14,416] {processor.py:651} INFO - DAG(s) dict_keys(['example_task_group_decorator']) retrieved from /home/ubuntu/.local/lib/python3.8/site-packages/airflow/example_dags/example_task_group_decorator.py
[2022-09-05 11:19:14,464] {logging_mixin.py:115} INFO - [2022-09-05 11:19:14,464] {dag.py:2420} INFO - Sync 1 DAGs
[2022-09-05 11:19:14,481] {logging_mixin.py:115} INFO - [2022-09-05 11:19:14,480] {dag.py:2968} INFO - Setting next_dagrun for example_task_group_decorator to 2022-09-04T11:19:14.480560+00:00, run_after=2022-09-05T11:19:14.480560+00:00
[2022-09-05 11:19:14,502] {processor.py:161} INFO - Processing /home/ubuntu/.local/lib/python3.8/site-packages/airflow/example_dags/example_task_group_decorator.py took 0.120 seconds
[2022-09-05 11:19:52,851] {processor.py:153} INFO - Started process (PID=23509) to work on /home/ubuntu/.local/lib/python3.8/site-packages/airflow/example_dags/example_task_group_decorator.py
[2022-09-05 11:19:52,852] {processor.py:641} INFO - Processing file /home/ubuntu/.local/lib/python3.8/site-packages/airflow/example_dags/example_task_group_decorator.py for tasks to queue
[2022-09-05 11:19:52,853] {logging_mixin.py:115} INFO - [2022-09-05 11:19:52,853] {dagbag.py:508} INFO - Filling up the DagBag from /home/ubuntu/.local/lib/python3.8/site-packages/airflow/example_dags/example_task_group_decorator.py
[2022-09-05 11:19:52,877] {processor.py:651} INFO - DAG(s) dict_keys(['example_task_group_decorator']) retrieved from /home/ubuntu/.local/lib/python3.8/site-packages/airflow/example_dags/example_task_group_decorator.py
[2022-09-05 11:19:52,923] {logging_mixin.py:115} INFO - [2022-09-05 11:19:52,922] {dag.py:2420} INFO - Sync 1 DAGs
[2022-09-05 11:19:52,936] {logging_mixin.py:115} INFO - [2022-09-05 11:19:52,936] {dag.py:2968} INFO - Setting next_dagrun for example_task_group_decorator to 2022-09-04T11:19:52.935862+00:00, run_after=2022-09-05T11:19:52.935862+00:00
[2022-09-05 11:19:52,956] {processor.py:161} INFO - Processing /home/ubuntu/.local/lib/python3.8/site-packages/airflow/example_dags/example_task_group_decorator.py took 0.109 seconds
[2022-09-05 11:22:26,397] {processor.py:153} INFO - Started process (PID=25229) to work on /home/ubuntu/.local/lib/python3.8/site-packages/airflow/example_dags/example_task_group_decorator.py
[2022-09-05 11:22:26,399] {processor.py:641} INFO - Processing file /home/ubuntu/.local/lib/python3.8/site-packages/airflow/example_dags/example_task_group_decorator.py for tasks to queue
[2022-09-05 11:22:26,399] {logging_mixin.py:115} INFO - [2022-09-05 11:22:26,399] {dagbag.py:508} INFO - Filling up the DagBag from /home/ubuntu/.local/lib/python3.8/site-packages/airflow/example_dags/example_task_group_decorator.py
[2022-09-05 11:22:26,427] {processor.py:651} INFO - DAG(s) dict_keys(['example_task_group_decorator']) retrieved from /home/ubuntu/.local/lib/python3.8/site-packages/airflow/example_dags/example_task_group_decorator.py
[2022-09-05 11:22:26,468] {logging_mixin.py:115} INFO - [2022-09-05 11:22:26,468] {dag.py:2420} INFO - Sync 1 DAGs
[2022-09-05 11:22:26,482] {logging_mixin.py:115} INFO - [2022-09-05 11:22:26,482] {dag.py:2968} INFO - Setting next_dagrun for example_task_group_decorator to 2022-09-04T11:22:26.481690+00:00, run_after=2022-09-05T11:22:26.481690+00:00
[2022-09-05 11:22:26,500] {processor.py:161} INFO - Processing /home/ubuntu/.local/lib/python3.8/site-packages/airflow/example_dags/example_task_group_decorator.py took 0.107 seconds
[2022-09-05 11:23:11,109] {processor.py:153} INFO - Started process (PID=25561) to work on /home/ubuntu/.local/lib/python3.8/site-packages/airflow/example_dags/example_task_group_decorator.py
[2022-09-05 11:23:11,111] {processor.py:641} INFO - Processing file /home/ubuntu/.local/lib/python3.8/site-packages/airflow/example_dags/example_task_group_decorator.py for tasks to queue
[2022-09-05 11:23:11,111] {logging_mixin.py:115} INFO - [2022-09-05 11:23:11,111] {dagbag.py:508} INFO - Filling up the DagBag from /home/ubuntu/.local/lib/python3.8/site-packages/airflow/example_dags/example_task_group_decorator.py
[2022-09-05 11:23:11,138] {processor.py:651} INFO - DAG(s) dict_keys(['example_task_group_decorator']) retrieved from /home/ubuntu/.local/lib/python3.8/site-packages/airflow/example_dags/example_task_group_decorator.py
[2022-09-05 11:23:11,154] {logging_mixin.py:115} INFO - [2022-09-05 11:23:11,153] {dag.py:2420} INFO - Sync 1 DAGs
[2022-09-05 11:23:11,169] {logging_mixin.py:115} INFO - [2022-09-05 11:23:11,169] {dag.py:2968} INFO - Setting next_dagrun for example_task_group_decorator to 2022-09-04T11:23:11.168867+00:00, run_after=2022-09-05T11:23:11.168867+00:00
[2022-09-05 11:23:11,184] {processor.py:161} INFO - Processing /home/ubuntu/.local/lib/python3.8/site-packages/airflow/example_dags/example_task_group_decorator.py took 0.078 seconds
[2022-09-05 11:23:46,628] {processor.py:153} INFO - Started process (PID=25821) to work on /home/ubuntu/.local/lib/python3.8/site-packages/airflow/example_dags/example_task_group_decorator.py
[2022-09-05 11:23:46,629] {processor.py:641} INFO - Processing file /home/ubuntu/.local/lib/python3.8/site-packages/airflow/example_dags/example_task_group_decorator.py for tasks to queue
[2022-09-05 11:23:46,629] {logging_mixin.py:115} INFO - [2022-09-05 11:23:46,629] {dagbag.py:508} INFO - Filling up the DagBag from /home/ubuntu/.local/lib/python3.8/site-packages/airflow/example_dags/example_task_group_decorator.py
[2022-09-05 11:23:46,655] {processor.py:651} INFO - DAG(s) dict_keys(['example_task_group_decorator']) retrieved from /home/ubuntu/.local/lib/python3.8/site-packages/airflow/example_dags/example_task_group_decorator.py
[2022-09-05 11:23:46,672] {logging_mixin.py:115} INFO - [2022-09-05 11:23:46,672] {dag.py:2420} INFO - Sync 1 DAGs
[2022-09-05 11:23:46,687] {logging_mixin.py:115} INFO - [2022-09-05 11:23:46,687] {dag.py:2968} INFO - Setting next_dagrun for example_task_group_decorator to 2022-09-04T11:23:46.687369+00:00, run_after=2022-09-05T11:23:46.687369+00:00
[2022-09-05 11:23:46,706] {processor.py:161} INFO - Processing /home/ubuntu/.local/lib/python3.8/site-packages/airflow/example_dags/example_task_group_decorator.py took 0.081 seconds
[2022-09-05 11:24:22,021] {processor.py:153} INFO - Started process (PID=25985) to work on /home/ubuntu/.local/lib/python3.8/site-packages/airflow/example_dags/example_task_group_decorator.py
[2022-09-05 11:24:22,023] {processor.py:641} INFO - Processing file /home/ubuntu/.local/lib/python3.8/site-packages/airflow/example_dags/example_task_group_decorator.py for tasks to queue
[2022-09-05 11:24:22,024] {logging_mixin.py:115} INFO - [2022-09-05 11:24:22,023] {dagbag.py:508} INFO - Filling up the DagBag from /home/ubuntu/.local/lib/python3.8/site-packages/airflow/example_dags/example_task_group_decorator.py
[2022-09-05 11:24:22,050] {processor.py:651} INFO - DAG(s) dict_keys(['example_task_group_decorator']) retrieved from /home/ubuntu/.local/lib/python3.8/site-packages/airflow/example_dags/example_task_group_decorator.py
[2022-09-05 11:24:22,067] {logging_mixin.py:115} INFO - [2022-09-05 11:24:22,067] {dag.py:2420} INFO - Sync 1 DAGs
[2022-09-05 11:24:22,082] {logging_mixin.py:115} INFO - [2022-09-05 11:24:22,082] {dag.py:2968} INFO - Setting next_dagrun for example_task_group_decorator to 2022-09-04T11:24:22.082041+00:00, run_after=2022-09-05T11:24:22.082041+00:00
[2022-09-05 11:24:22,096] {processor.py:161} INFO - Processing /home/ubuntu/.local/lib/python3.8/site-packages/airflow/example_dags/example_task_group_decorator.py took 0.078 seconds
[2022-09-05 11:24:57,772] {processor.py:153} INFO - Started process (PID=26057) to work on /home/ubuntu/.local/lib/python3.8/site-packages/airflow/example_dags/example_task_group_decorator.py
[2022-09-05 11:24:57,774] {processor.py:641} INFO - Processing file /home/ubuntu/.local/lib/python3.8/site-packages/airflow/example_dags/example_task_group_decorator.py for tasks to queue
[2022-09-05 11:24:57,774] {logging_mixin.py:115} INFO - [2022-09-05 11:24:57,774] {dagbag.py:508} INFO - Filling up the DagBag from /home/ubuntu/.local/lib/python3.8/site-packages/airflow/example_dags/example_task_group_decorator.py
[2022-09-05 11:24:57,800] {processor.py:651} INFO - DAG(s) dict_keys(['example_task_group_decorator']) retrieved from /home/ubuntu/.local/lib/python3.8/site-packages/airflow/example_dags/example_task_group_decorator.py
[2022-09-05 11:24:57,816] {logging_mixin.py:115} INFO - [2022-09-05 11:24:57,816] {dag.py:2420} INFO - Sync 1 DAGs
[2022-09-05 11:24:57,831] {logging_mixin.py:115} INFO - [2022-09-05 11:24:57,831] {dag.py:2968} INFO - Setting next_dagrun for example_task_group_decorator to 2022-09-04T11:24:57.831314+00:00, run_after=2022-09-05T11:24:57.831314+00:00
[2022-09-05 11:24:57,848] {processor.py:161} INFO - Processing /home/ubuntu/.local/lib/python3.8/site-packages/airflow/example_dags/example_task_group_decorator.py took 0.079 seconds
[2022-09-05 11:25:39,788] {processor.py:153} INFO - Started process (PID=26225) to work on /home/ubuntu/.local/lib/python3.8/site-packages/airflow/example_dags/example_task_group_decorator.py
[2022-09-05 11:25:39,791] {processor.py:641} INFO - Processing file /home/ubuntu/.local/lib/python3.8/site-packages/airflow/example_dags/example_task_group_decorator.py for tasks to queue
[2022-09-05 11:25:39,791] {logging_mixin.py:115} INFO - [2022-09-05 11:25:39,791] {dagbag.py:508} INFO - Filling up the DagBag from /home/ubuntu/.local/lib/python3.8/site-packages/airflow/example_dags/example_task_group_decorator.py
[2022-09-05 11:25:39,819] {processor.py:651} INFO - DAG(s) dict_keys(['example_task_group_decorator']) retrieved from /home/ubuntu/.local/lib/python3.8/site-packages/airflow/example_dags/example_task_group_decorator.py
[2022-09-05 11:25:39,836] {logging_mixin.py:115} INFO - [2022-09-05 11:25:39,836] {dag.py:2420} INFO - Sync 1 DAGs
[2022-09-05 11:25:39,852] {logging_mixin.py:115} INFO - [2022-09-05 11:25:39,852] {dag.py:2968} INFO - Setting next_dagrun for example_task_group_decorator to 2022-09-04T11:25:39.852088+00:00, run_after=2022-09-05T11:25:39.852088+00:00
[2022-09-05 11:25:39,871] {processor.py:161} INFO - Processing /home/ubuntu/.local/lib/python3.8/site-packages/airflow/example_dags/example_task_group_decorator.py took 0.088 seconds
[2022-09-05 11:26:15,735] {processor.py:153} INFO - Started process (PID=26326) to work on /home/ubuntu/.local/lib/python3.8/site-packages/airflow/example_dags/example_task_group_decorator.py
[2022-09-05 11:26:15,736] {processor.py:641} INFO - Processing file /home/ubuntu/.local/lib/python3.8/site-packages/airflow/example_dags/example_task_group_decorator.py for tasks to queue
[2022-09-05 11:26:15,737] {logging_mixin.py:115} INFO - [2022-09-05 11:26:15,736] {dagbag.py:508} INFO - Filling up the DagBag from /home/ubuntu/.local/lib/python3.8/site-packages/airflow/example_dags/example_task_group_decorator.py
[2022-09-05 11:26:15,763] {processor.py:651} INFO - DAG(s) dict_keys(['example_task_group_decorator']) retrieved from /home/ubuntu/.local/lib/python3.8/site-packages/airflow/example_dags/example_task_group_decorator.py
[2022-09-05 11:26:15,804] {logging_mixin.py:115} INFO - [2022-09-05 11:26:15,804] {dag.py:2420} INFO - Sync 1 DAGs
[2022-09-05 11:26:15,818] {logging_mixin.py:115} INFO - [2022-09-05 11:26:15,817] {dag.py:2968} INFO - Setting next_dagrun for example_task_group_decorator to 2022-09-04T11:26:15.817701+00:00, run_after=2022-09-05T11:26:15.817701+00:00
[2022-09-05 11:26:15,835] {processor.py:161} INFO - Processing /home/ubuntu/.local/lib/python3.8/site-packages/airflow/example_dags/example_task_group_decorator.py took 0.104 seconds
[2022-09-05 11:26:53,503] {processor.py:153} INFO - Started process (PID=26373) to work on /home/ubuntu/.local/lib/python3.8/site-packages/airflow/example_dags/example_task_group_decorator.py
[2022-09-05 11:26:53,504] {processor.py:641} INFO - Processing file /home/ubuntu/.local/lib/python3.8/site-packages/airflow/example_dags/example_task_group_decorator.py for tasks to queue
[2022-09-05 11:26:53,505] {logging_mixin.py:115} INFO - [2022-09-05 11:26:53,505] {dagbag.py:508} INFO - Filling up the DagBag from /home/ubuntu/.local/lib/python3.8/site-packages/airflow/example_dags/example_task_group_decorator.py
[2022-09-05 11:26:53,531] {processor.py:651} INFO - DAG(s) dict_keys(['example_task_group_decorator']) retrieved from /home/ubuntu/.local/lib/python3.8/site-packages/airflow/example_dags/example_task_group_decorator.py
[2022-09-05 11:26:53,548] {logging_mixin.py:115} INFO - [2022-09-05 11:26:53,548] {dag.py:2420} INFO - Sync 1 DAGs
[2022-09-05 11:26:53,563] {logging_mixin.py:115} INFO - [2022-09-05 11:26:53,563] {dag.py:2968} INFO - Setting next_dagrun for example_task_group_decorator to 2022-09-04T11:26:53.562960+00:00, run_after=2022-09-05T11:26:53.562960+00:00
[2022-09-05 11:26:53,579] {processor.py:161} INFO - Processing /home/ubuntu/.local/lib/python3.8/site-packages/airflow/example_dags/example_task_group_decorator.py took 0.079 seconds
[2022-09-05 11:27:30,186] {processor.py:153} INFO - Started process (PID=26422) to work on /home/ubuntu/.local/lib/python3.8/site-packages/airflow/example_dags/example_task_group_decorator.py
[2022-09-05 11:27:30,187] {processor.py:641} INFO - Processing file /home/ubuntu/.local/lib/python3.8/site-packages/airflow/example_dags/example_task_group_decorator.py for tasks to queue
[2022-09-05 11:27:30,188] {logging_mixin.py:115} INFO - [2022-09-05 11:27:30,187] {dagbag.py:508} INFO - Filling up the DagBag from /home/ubuntu/.local/lib/python3.8/site-packages/airflow/example_dags/example_task_group_decorator.py
[2022-09-05 11:27:30,214] {processor.py:651} INFO - DAG(s) dict_keys(['example_task_group_decorator']) retrieved from /home/ubuntu/.local/lib/python3.8/site-packages/airflow/example_dags/example_task_group_decorator.py
[2022-09-05 11:27:30,231] {logging_mixin.py:115} INFO - [2022-09-05 11:27:30,230] {dag.py:2420} INFO - Sync 1 DAGs
[2022-09-05 11:27:30,246] {logging_mixin.py:115} INFO - [2022-09-05 11:27:30,246] {dag.py:2968} INFO - Setting next_dagrun for example_task_group_decorator to 2022-09-04T11:27:30.246310+00:00, run_after=2022-09-05T11:27:30.246310+00:00
[2022-09-05 11:27:30,266] {processor.py:161} INFO - Processing /home/ubuntu/.local/lib/python3.8/site-packages/airflow/example_dags/example_task_group_decorator.py took 0.084 seconds
[2022-09-05 11:28:07,507] {processor.py:153} INFO - Started process (PID=26582) to work on /home/ubuntu/.local/lib/python3.8/site-packages/airflow/example_dags/example_task_group_decorator.py
[2022-09-05 11:28:07,509] {processor.py:641} INFO - Processing file /home/ubuntu/.local/lib/python3.8/site-packages/airflow/example_dags/example_task_group_decorator.py for tasks to queue
[2022-09-05 11:28:07,509] {logging_mixin.py:115} INFO - [2022-09-05 11:28:07,509] {dagbag.py:508} INFO - Filling up the DagBag from /home/ubuntu/.local/lib/python3.8/site-packages/airflow/example_dags/example_task_group_decorator.py
[2022-09-05 11:28:07,537] {processor.py:651} INFO - DAG(s) dict_keys(['example_task_group_decorator']) retrieved from /home/ubuntu/.local/lib/python3.8/site-packages/airflow/example_dags/example_task_group_decorator.py
[2022-09-05 11:28:07,554] {logging_mixin.py:115} INFO - [2022-09-05 11:28:07,554] {dag.py:2420} INFO - Sync 1 DAGs
[2022-09-05 11:28:07,570] {logging_mixin.py:115} INFO - [2022-09-05 11:28:07,570] {dag.py:2968} INFO - Setting next_dagrun for example_task_group_decorator to 2022-09-04T11:28:07.570270+00:00, run_after=2022-09-05T11:28:07.570270+00:00
[2022-09-05 11:28:07,587] {processor.py:161} INFO - Processing /home/ubuntu/.local/lib/python3.8/site-packages/airflow/example_dags/example_task_group_decorator.py took 0.084 seconds
[2022-09-05 11:28:44,429] {processor.py:153} INFO - Started process (PID=27008) to work on /home/ubuntu/.local/lib/python3.8/site-packages/airflow/example_dags/example_task_group_decorator.py
[2022-09-05 11:28:44,431] {processor.py:641} INFO - Processing file /home/ubuntu/.local/lib/python3.8/site-packages/airflow/example_dags/example_task_group_decorator.py for tasks to queue
[2022-09-05 11:28:44,432] {logging_mixin.py:115} INFO - [2022-09-05 11:28:44,432] {dagbag.py:508} INFO - Filling up the DagBag from /home/ubuntu/.local/lib/python3.8/site-packages/airflow/example_dags/example_task_group_decorator.py
[2022-09-05 11:28:44,459] {processor.py:651} INFO - DAG(s) dict_keys(['example_task_group_decorator']) retrieved from /home/ubuntu/.local/lib/python3.8/site-packages/airflow/example_dags/example_task_group_decorator.py
[2022-09-05 11:28:44,477] {logging_mixin.py:115} INFO - [2022-09-05 11:28:44,477] {dag.py:2420} INFO - Sync 1 DAGs
[2022-09-05 11:28:44,493] {logging_mixin.py:115} INFO - [2022-09-05 11:28:44,493] {dag.py:2968} INFO - Setting next_dagrun for example_task_group_decorator to 2022-09-04T11:28:44.493388+00:00, run_after=2022-09-05T11:28:44.493388+00:00
[2022-09-05 11:28:44,516] {processor.py:161} INFO - Processing /home/ubuntu/.local/lib/python3.8/site-packages/airflow/example_dags/example_task_group_decorator.py took 0.091 seconds
[2022-09-05 11:29:18,829] {processor.py:153} INFO - Started process (PID=27058) to work on /home/ubuntu/.local/lib/python3.8/site-packages/airflow/example_dags/example_task_group_decorator.py
[2022-09-05 11:29:18,831] {processor.py:641} INFO - Processing file /home/ubuntu/.local/lib/python3.8/site-packages/airflow/example_dags/example_task_group_decorator.py for tasks to queue
[2022-09-05 11:29:18,831] {logging_mixin.py:115} INFO - [2022-09-05 11:29:18,831] {dagbag.py:508} INFO - Filling up the DagBag from /home/ubuntu/.local/lib/python3.8/site-packages/airflow/example_dags/example_task_group_decorator.py
[2022-09-05 11:29:18,858] {processor.py:651} INFO - DAG(s) dict_keys(['example_task_group_decorator']) retrieved from /home/ubuntu/.local/lib/python3.8/site-packages/airflow/example_dags/example_task_group_decorator.py
[2022-09-05 11:29:18,874] {logging_mixin.py:115} INFO - [2022-09-05 11:29:18,874] {dag.py:2420} INFO - Sync 1 DAGs
[2022-09-05 11:29:18,889] {logging_mixin.py:115} INFO - [2022-09-05 11:29:18,889] {dag.py:2968} INFO - Setting next_dagrun for example_task_group_decorator to 2022-09-04T11:29:18.889054+00:00, run_after=2022-09-05T11:29:18.889054+00:00
[2022-09-05 11:29:18,907] {processor.py:161} INFO - Processing /home/ubuntu/.local/lib/python3.8/site-packages/airflow/example_dags/example_task_group_decorator.py took 0.082 seconds
[2022-09-05 11:29:55,226] {processor.py:153} INFO - Started process (PID=27217) to work on /home/ubuntu/.local/lib/python3.8/site-packages/airflow/example_dags/example_task_group_decorator.py
[2022-09-05 11:29:55,227] {processor.py:641} INFO - Processing file /home/ubuntu/.local/lib/python3.8/site-packages/airflow/example_dags/example_task_group_decorator.py for tasks to queue
[2022-09-05 11:29:55,228] {logging_mixin.py:115} INFO - [2022-09-05 11:29:55,228] {dagbag.py:508} INFO - Filling up the DagBag from /home/ubuntu/.local/lib/python3.8/site-packages/airflow/example_dags/example_task_group_decorator.py
[2022-09-05 11:29:55,253] {processor.py:651} INFO - DAG(s) dict_keys(['example_task_group_decorator']) retrieved from /home/ubuntu/.local/lib/python3.8/site-packages/airflow/example_dags/example_task_group_decorator.py
[2022-09-05 11:29:55,291] {logging_mixin.py:115} INFO - [2022-09-05 11:29:55,291] {dag.py:2420} INFO - Sync 1 DAGs
[2022-09-05 11:29:55,304] {logging_mixin.py:115} INFO - [2022-09-05 11:29:55,304] {dag.py:2968} INFO - Setting next_dagrun for example_task_group_decorator to 2022-09-04T11:29:55.304081+00:00, run_after=2022-09-05T11:29:55.304081+00:00
[2022-09-05 11:29:55,328] {processor.py:161} INFO - Processing /home/ubuntu/.local/lib/python3.8/site-packages/airflow/example_dags/example_task_group_decorator.py took 0.105 seconds
[2022-09-05 11:32:23,487] {processor.py:153} INFO - Started process (PID=28936) to work on /home/ubuntu/.local/lib/python3.8/site-packages/airflow/example_dags/example_task_group_decorator.py
[2022-09-05 11:32:23,489] {processor.py:641} INFO - Processing file /home/ubuntu/.local/lib/python3.8/site-packages/airflow/example_dags/example_task_group_decorator.py for tasks to queue
[2022-09-05 11:32:23,490] {logging_mixin.py:115} INFO - [2022-09-05 11:32:23,490] {dagbag.py:508} INFO - Filling up the DagBag from /home/ubuntu/.local/lib/python3.8/site-packages/airflow/example_dags/example_task_group_decorator.py
[2022-09-05 11:32:23,516] {processor.py:651} INFO - DAG(s) dict_keys(['example_task_group_decorator']) retrieved from /home/ubuntu/.local/lib/python3.8/site-packages/airflow/example_dags/example_task_group_decorator.py
[2022-09-05 11:32:23,555] {logging_mixin.py:115} INFO - [2022-09-05 11:32:23,555] {dag.py:2420} INFO - Sync 1 DAGs
[2022-09-05 11:32:23,568] {logging_mixin.py:115} INFO - [2022-09-05 11:32:23,568] {dag.py:2968} INFO - Setting next_dagrun for example_task_group_decorator to 2022-09-04T11:32:23.568217+00:00, run_after=2022-09-05T11:32:23.568217+00:00
[2022-09-05 11:32:23,589] {processor.py:161} INFO - Processing /home/ubuntu/.local/lib/python3.8/site-packages/airflow/example_dags/example_task_group_decorator.py took 0.105 seconds
[2022-09-05 11:33:00,507] {processor.py:153} INFO - Started process (PID=29316) to work on /home/ubuntu/.local/lib/python3.8/site-packages/airflow/example_dags/example_task_group_decorator.py
[2022-09-05 11:33:00,508] {processor.py:641} INFO - Processing file /home/ubuntu/.local/lib/python3.8/site-packages/airflow/example_dags/example_task_group_decorator.py for tasks to queue
[2022-09-05 11:33:00,509] {logging_mixin.py:115} INFO - [2022-09-05 11:33:00,509] {dagbag.py:508} INFO - Filling up the DagBag from /home/ubuntu/.local/lib/python3.8/site-packages/airflow/example_dags/example_task_group_decorator.py
[2022-09-05 11:33:00,536] {processor.py:651} INFO - DAG(s) dict_keys(['example_task_group_decorator']) retrieved from /home/ubuntu/.local/lib/python3.8/site-packages/airflow/example_dags/example_task_group_decorator.py
[2022-09-05 11:33:00,553] {logging_mixin.py:115} INFO - [2022-09-05 11:33:00,553] {dag.py:2420} INFO - Sync 1 DAGs
[2022-09-05 11:33:00,570] {logging_mixin.py:115} INFO - [2022-09-05 11:33:00,570] {dag.py:2968} INFO - Setting next_dagrun for example_task_group_decorator to 2022-09-04T11:33:00.569804+00:00, run_after=2022-09-05T11:33:00.569804+00:00
[2022-09-05 11:33:00,593] {processor.py:161} INFO - Processing /home/ubuntu/.local/lib/python3.8/site-packages/airflow/example_dags/example_task_group_decorator.py took 0.089 seconds
[2022-09-05 11:34:21,756] {processor.py:153} INFO - Started process (PID=29679) to work on /home/ubuntu/.local/lib/python3.8/site-packages/airflow/example_dags/example_task_group_decorator.py
[2022-09-05 11:34:21,758] {processor.py:641} INFO - Processing file /home/ubuntu/.local/lib/python3.8/site-packages/airflow/example_dags/example_task_group_decorator.py for tasks to queue
[2022-09-05 11:34:21,758] {logging_mixin.py:115} INFO - [2022-09-05 11:34:21,758] {dagbag.py:508} INFO - Filling up the DagBag from /home/ubuntu/.local/lib/python3.8/site-packages/airflow/example_dags/example_task_group_decorator.py
[2022-09-05 11:34:21,782] {processor.py:651} INFO - DAG(s) dict_keys(['example_task_group_decorator']) retrieved from /home/ubuntu/.local/lib/python3.8/site-packages/airflow/example_dags/example_task_group_decorator.py
[2022-09-05 11:34:21,827] {logging_mixin.py:115} INFO - [2022-09-05 11:34:21,827] {dag.py:2420} INFO - Sync 1 DAGs
[2022-09-05 11:34:21,841] {logging_mixin.py:115} INFO - [2022-09-05 11:34:21,841] {dag.py:2968} INFO - Setting next_dagrun for example_task_group_decorator to 2022-09-04T11:34:21.840687+00:00, run_after=2022-09-05T11:34:21.840687+00:00
[2022-09-05 11:34:21,863] {processor.py:161} INFO - Processing /home/ubuntu/.local/lib/python3.8/site-packages/airflow/example_dags/example_task_group_decorator.py took 0.110 seconds
[2022-09-05 11:34:56,133] {processor.py:153} INFO - Started process (PID=29756) to work on /home/ubuntu/.local/lib/python3.8/site-packages/airflow/example_dags/example_task_group_decorator.py
[2022-09-05 11:34:56,134] {processor.py:641} INFO - Processing file /home/ubuntu/.local/lib/python3.8/site-packages/airflow/example_dags/example_task_group_decorator.py for tasks to queue
[2022-09-05 11:34:56,135] {logging_mixin.py:115} INFO - [2022-09-05 11:34:56,135] {dagbag.py:508} INFO - Filling up the DagBag from /home/ubuntu/.local/lib/python3.8/site-packages/airflow/example_dags/example_task_group_decorator.py
[2022-09-05 11:34:56,156] {processor.py:651} INFO - DAG(s) dict_keys(['example_task_group_decorator']) retrieved from /home/ubuntu/.local/lib/python3.8/site-packages/airflow/example_dags/example_task_group_decorator.py
[2022-09-05 11:34:56,198] {logging_mixin.py:115} INFO - [2022-09-05 11:34:56,198] {dag.py:2420} INFO - Sync 1 DAGs
[2022-09-05 11:34:56,210] {logging_mixin.py:115} INFO - [2022-09-05 11:34:56,210] {dag.py:2968} INFO - Setting next_dagrun for example_task_group_decorator to 2022-09-04T11:34:56.210072+00:00, run_after=2022-09-05T11:34:56.210072+00:00
[2022-09-05 11:34:56,225] {processor.py:161} INFO - Processing /home/ubuntu/.local/lib/python3.8/site-packages/airflow/example_dags/example_task_group_decorator.py took 0.095 seconds
[2022-09-05 11:35:36,780] {processor.py:153} INFO - Started process (PID=29854) to work on /home/ubuntu/.local/lib/python3.8/site-packages/airflow/example_dags/example_task_group_decorator.py
[2022-09-05 11:35:36,781] {processor.py:641} INFO - Processing file /home/ubuntu/.local/lib/python3.8/site-packages/airflow/example_dags/example_task_group_decorator.py for tasks to queue
[2022-09-05 11:35:36,782] {logging_mixin.py:115} INFO - [2022-09-05 11:35:36,782] {dagbag.py:508} INFO - Filling up the DagBag from /home/ubuntu/.local/lib/python3.8/site-packages/airflow/example_dags/example_task_group_decorator.py
[2022-09-05 11:35:36,805] {processor.py:651} INFO - DAG(s) dict_keys(['example_task_group_decorator']) retrieved from /home/ubuntu/.local/lib/python3.8/site-packages/airflow/example_dags/example_task_group_decorator.py
[2022-09-05 11:35:36,825] {logging_mixin.py:115} INFO - [2022-09-05 11:35:36,825] {dag.py:2420} INFO - Sync 1 DAGs
[2022-09-05 11:35:36,841] {logging_mixin.py:115} INFO - [2022-09-05 11:35:36,841] {dag.py:2968} INFO - Setting next_dagrun for example_task_group_decorator to 2022-09-04T11:35:36.840930+00:00, run_after=2022-09-05T11:35:36.840930+00:00
[2022-09-05 11:35:36,859] {processor.py:161} INFO - Processing /home/ubuntu/.local/lib/python3.8/site-packages/airflow/example_dags/example_task_group_decorator.py took 0.082 seconds
[2022-09-05 11:36:14,439] {processor.py:153} INFO - Started process (PID=29948) to work on /home/ubuntu/.local/lib/python3.8/site-packages/airflow/example_dags/example_task_group_decorator.py
[2022-09-05 11:36:14,441] {processor.py:641} INFO - Processing file /home/ubuntu/.local/lib/python3.8/site-packages/airflow/example_dags/example_task_group_decorator.py for tasks to queue
[2022-09-05 11:36:14,441] {logging_mixin.py:115} INFO - [2022-09-05 11:36:14,441] {dagbag.py:508} INFO - Filling up the DagBag from /home/ubuntu/.local/lib/python3.8/site-packages/airflow/example_dags/example_task_group_decorator.py
[2022-09-05 11:36:14,465] {processor.py:651} INFO - DAG(s) dict_keys(['example_task_group_decorator']) retrieved from /home/ubuntu/.local/lib/python3.8/site-packages/airflow/example_dags/example_task_group_decorator.py
[2022-09-05 11:36:14,511] {logging_mixin.py:115} INFO - [2022-09-05 11:36:14,511] {dag.py:2420} INFO - Sync 1 DAGs
[2022-09-05 11:36:14,525] {logging_mixin.py:115} INFO - [2022-09-05 11:36:14,525] {dag.py:2968} INFO - Setting next_dagrun for example_task_group_decorator to 2022-09-04T11:36:14.525428+00:00, run_after=2022-09-05T11:36:14.525428+00:00
[2022-09-05 11:36:14,544] {processor.py:161} INFO - Processing /home/ubuntu/.local/lib/python3.8/site-packages/airflow/example_dags/example_task_group_decorator.py took 0.109 seconds
[2022-09-05 11:36:50,162] {processor.py:153} INFO - Started process (PID=30037) to work on /home/ubuntu/.local/lib/python3.8/site-packages/airflow/example_dags/example_task_group_decorator.py
[2022-09-05 11:36:50,163] {processor.py:641} INFO - Processing file /home/ubuntu/.local/lib/python3.8/site-packages/airflow/example_dags/example_task_group_decorator.py for tasks to queue
[2022-09-05 11:36:50,163] {logging_mixin.py:115} INFO - [2022-09-05 11:36:50,163] {dagbag.py:508} INFO - Filling up the DagBag from /home/ubuntu/.local/lib/python3.8/site-packages/airflow/example_dags/example_task_group_decorator.py
[2022-09-05 11:36:50,187] {processor.py:651} INFO - DAG(s) dict_keys(['example_task_group_decorator']) retrieved from /home/ubuntu/.local/lib/python3.8/site-packages/airflow/example_dags/example_task_group_decorator.py
[2022-09-05 11:36:50,233] {logging_mixin.py:115} INFO - [2022-09-05 11:36:50,233] {dag.py:2420} INFO - Sync 1 DAGs
[2022-09-05 11:36:50,248] {logging_mixin.py:115} INFO - [2022-09-05 11:36:50,248] {dag.py:2968} INFO - Setting next_dagrun for example_task_group_decorator to 2022-09-04T11:36:50.248042+00:00, run_after=2022-09-05T11:36:50.248042+00:00
[2022-09-05 11:36:50,268] {processor.py:161} INFO - Processing /home/ubuntu/.local/lib/python3.8/site-packages/airflow/example_dags/example_task_group_decorator.py took 0.110 seconds
[2022-09-05 11:37:27,722] {processor.py:153} INFO - Started process (PID=30124) to work on /home/ubuntu/.local/lib/python3.8/site-packages/airflow/example_dags/example_task_group_decorator.py
[2022-09-05 11:37:27,723] {processor.py:641} INFO - Processing file /home/ubuntu/.local/lib/python3.8/site-packages/airflow/example_dags/example_task_group_decorator.py for tasks to queue
[2022-09-05 11:37:27,723] {logging_mixin.py:115} INFO - [2022-09-05 11:37:27,723] {dagbag.py:508} INFO - Filling up the DagBag from /home/ubuntu/.local/lib/python3.8/site-packages/airflow/example_dags/example_task_group_decorator.py
[2022-09-05 11:37:27,746] {processor.py:651} INFO - DAG(s) dict_keys(['example_task_group_decorator']) retrieved from /home/ubuntu/.local/lib/python3.8/site-packages/airflow/example_dags/example_task_group_decorator.py
[2022-09-05 11:37:27,790] {logging_mixin.py:115} INFO - [2022-09-05 11:37:27,789] {dag.py:2420} INFO - Sync 1 DAGs
[2022-09-05 11:37:27,803] {logging_mixin.py:115} INFO - [2022-09-05 11:37:27,803] {dag.py:2968} INFO - Setting next_dagrun for example_task_group_decorator to 2022-09-04T11:37:27.802736+00:00, run_after=2022-09-05T11:37:27.802736+00:00
[2022-09-05 11:37:27,822] {processor.py:161} INFO - Processing /home/ubuntu/.local/lib/python3.8/site-packages/airflow/example_dags/example_task_group_decorator.py took 0.104 seconds
[2022-09-05 11:38:05,901] {processor.py:153} INFO - Started process (PID=30229) to work on /home/ubuntu/.local/lib/python3.8/site-packages/airflow/example_dags/example_task_group_decorator.py
[2022-09-05 11:38:05,902] {processor.py:641} INFO - Processing file /home/ubuntu/.local/lib/python3.8/site-packages/airflow/example_dags/example_task_group_decorator.py for tasks to queue
[2022-09-05 11:38:05,902] {logging_mixin.py:115} INFO - [2022-09-05 11:38:05,902] {dagbag.py:508} INFO - Filling up the DagBag from /home/ubuntu/.local/lib/python3.8/site-packages/airflow/example_dags/example_task_group_decorator.py
[2022-09-05 11:38:05,926] {processor.py:651} INFO - DAG(s) dict_keys(['example_task_group_decorator']) retrieved from /home/ubuntu/.local/lib/python3.8/site-packages/airflow/example_dags/example_task_group_decorator.py
[2022-09-05 11:38:05,971] {logging_mixin.py:115} INFO - [2022-09-05 11:38:05,970] {dag.py:2420} INFO - Sync 1 DAGs
[2022-09-05 11:38:05,985] {logging_mixin.py:115} INFO - [2022-09-05 11:38:05,985] {dag.py:2968} INFO - Setting next_dagrun for example_task_group_decorator to 2022-09-04T11:38:05.984752+00:00, run_after=2022-09-05T11:38:05.984752+00:00
[2022-09-05 11:38:06,003] {processor.py:161} INFO - Processing /home/ubuntu/.local/lib/python3.8/site-packages/airflow/example_dags/example_task_group_decorator.py took 0.105 seconds
[2022-09-05 11:38:45,346] {processor.py:153} INFO - Started process (PID=30344) to work on /home/ubuntu/.local/lib/python3.8/site-packages/airflow/example_dags/example_task_group_decorator.py
[2022-09-05 11:38:45,347] {processor.py:641} INFO - Processing file /home/ubuntu/.local/lib/python3.8/site-packages/airflow/example_dags/example_task_group_decorator.py for tasks to queue
[2022-09-05 11:38:45,348] {logging_mixin.py:115} INFO - [2022-09-05 11:38:45,347] {dagbag.py:508} INFO - Filling up the DagBag from /home/ubuntu/.local/lib/python3.8/site-packages/airflow/example_dags/example_task_group_decorator.py
[2022-09-05 11:38:45,370] {processor.py:651} INFO - DAG(s) dict_keys(['example_task_group_decorator']) retrieved from /home/ubuntu/.local/lib/python3.8/site-packages/airflow/example_dags/example_task_group_decorator.py
[2022-09-05 11:38:45,414] {logging_mixin.py:115} INFO - [2022-09-05 11:38:45,414] {dag.py:2420} INFO - Sync 1 DAGs
[2022-09-05 11:38:45,428] {logging_mixin.py:115} INFO - [2022-09-05 11:38:45,428] {dag.py:2968} INFO - Setting next_dagrun for example_task_group_decorator to 2022-09-04T11:38:45.427854+00:00, run_after=2022-09-05T11:38:45.427854+00:00
[2022-09-05 11:38:45,448] {processor.py:161} INFO - Processing /home/ubuntu/.local/lib/python3.8/site-packages/airflow/example_dags/example_task_group_decorator.py took 0.106 seconds
[2022-09-05 11:39:21,596] {processor.py:153} INFO - Started process (PID=30504) to work on /home/ubuntu/.local/lib/python3.8/site-packages/airflow/example_dags/example_task_group_decorator.py
[2022-09-05 11:39:21,597] {processor.py:641} INFO - Processing file /home/ubuntu/.local/lib/python3.8/site-packages/airflow/example_dags/example_task_group_decorator.py for tasks to queue
[2022-09-05 11:39:21,598] {logging_mixin.py:115} INFO - [2022-09-05 11:39:21,598] {dagbag.py:508} INFO - Filling up the DagBag from /home/ubuntu/.local/lib/python3.8/site-packages/airflow/example_dags/example_task_group_decorator.py
[2022-09-05 11:39:21,626] {processor.py:651} INFO - DAG(s) dict_keys(['example_task_group_decorator']) retrieved from /home/ubuntu/.local/lib/python3.8/site-packages/airflow/example_dags/example_task_group_decorator.py
[2022-09-05 11:39:21,671] {logging_mixin.py:115} INFO - [2022-09-05 11:39:21,670] {dag.py:2420} INFO - Sync 1 DAGs
[2022-09-05 11:39:21,686] {logging_mixin.py:115} INFO - [2022-09-05 11:39:21,686] {dag.py:2968} INFO - Setting next_dagrun for example_task_group_decorator to 2022-09-04T11:39:21.685847+00:00, run_after=2022-09-05T11:39:21.685847+00:00
[2022-09-05 11:39:21,706] {processor.py:161} INFO - Processing /home/ubuntu/.local/lib/python3.8/site-packages/airflow/example_dags/example_task_group_decorator.py took 0.114 seconds
[2022-09-05 16:30:31,457] {processor.py:153} INFO - Started process (PID=55295) to work on /home/ubuntu/.local/lib/python3.8/site-packages/airflow/example_dags/example_task_group_decorator.py
[2022-09-05 16:30:31,463] {processor.py:641} INFO - Processing file /home/ubuntu/.local/lib/python3.8/site-packages/airflow/example_dags/example_task_group_decorator.py for tasks to queue
[2022-09-05 16:30:31,463] {logging_mixin.py:115} INFO - [2022-09-05 16:30:31,463] {dagbag.py:508} INFO - Filling up the DagBag from /home/ubuntu/.local/lib/python3.8/site-packages/airflow/example_dags/example_task_group_decorator.py
[2022-09-05 16:30:31,488] {processor.py:651} INFO - DAG(s) dict_keys(['example_task_group_decorator']) retrieved from /home/ubuntu/.local/lib/python3.8/site-packages/airflow/example_dags/example_task_group_decorator.py
[2022-09-05 16:30:31,534] {logging_mixin.py:115} INFO - [2022-09-05 16:30:31,533] {dag.py:2420} INFO - Sync 1 DAGs
[2022-09-05 16:30:31,545] {logging_mixin.py:115} INFO - [2022-09-05 16:30:31,545] {dag.py:2968} INFO - Setting next_dagrun for example_task_group_decorator to 2022-09-04T16:30:31.544915+00:00, run_after=2022-09-05T16:30:31.544915+00:00
[2022-09-05 16:30:31,579] {processor.py:161} INFO - Processing /home/ubuntu/.local/lib/python3.8/site-packages/airflow/example_dags/example_task_group_decorator.py took 0.125 seconds
