[2022-09-05 10:47:48,366] {processor.py:153} INFO - Started process (PID=12224) to work on /home/ubuntu/.local/lib/python3.8/site-packages/airflow/example_dags/example_complex.py
[2022-09-05 10:47:48,366] {processor.py:641} INFO - Processing file /home/ubuntu/.local/lib/python3.8/site-packages/airflow/example_dags/example_complex.py for tasks to queue
[2022-09-05 10:47:48,367] {logging_mixin.py:115} INFO - [2022-09-05 10:47:48,366] {dagbag.py:508} INFO - Filling up the DagBag from /home/ubuntu/.local/lib/python3.8/site-packages/airflow/example_dags/example_complex.py
[2022-09-05 10:47:48,379] {processor.py:651} INFO - DAG(s) dict_keys(['example_complex']) retrieved from /home/ubuntu/.local/lib/python3.8/site-packages/airflow/example_dags/example_complex.py
[2022-09-05 10:47:48,399] {logging_mixin.py:115} INFO - [2022-09-05 10:47:48,399] {dag.py:2420} INFO - Sync 1 DAGs
[2022-09-05 10:47:48,415] {logging_mixin.py:115} INFO - [2022-09-05 10:47:48,415] {dag.py:2968} INFO - Setting next_dagrun for example_complex to None, run_after=None
[2022-09-05 10:47:48,432] {processor.py:161} INFO - Processing /home/ubuntu/.local/lib/python3.8/site-packages/airflow/example_dags/example_complex.py took 0.069 seconds
[2022-09-05 10:48:24,232] {processor.py:153} INFO - Started process (PID=12307) to work on /home/ubuntu/.local/lib/python3.8/site-packages/airflow/example_dags/example_complex.py
[2022-09-05 10:48:24,234] {processor.py:641} INFO - Processing file /home/ubuntu/.local/lib/python3.8/site-packages/airflow/example_dags/example_complex.py for tasks to queue
[2022-09-05 10:48:24,234] {logging_mixin.py:115} INFO - [2022-09-05 10:48:24,234] {dagbag.py:508} INFO - Filling up the DagBag from /home/ubuntu/.local/lib/python3.8/site-packages/airflow/example_dags/example_complex.py
[2022-09-05 10:48:24,247] {processor.py:651} INFO - DAG(s) dict_keys(['example_complex']) retrieved from /home/ubuntu/.local/lib/python3.8/site-packages/airflow/example_dags/example_complex.py
[2022-09-05 10:48:24,269] {logging_mixin.py:115} INFO - [2022-09-05 10:48:24,269] {dag.py:2420} INFO - Sync 1 DAGs
[2022-09-05 10:48:24,285] {logging_mixin.py:115} INFO - [2022-09-05 10:48:24,285] {dag.py:2968} INFO - Setting next_dagrun for example_complex to None, run_after=None
[2022-09-05 10:48:24,302] {processor.py:161} INFO - Processing /home/ubuntu/.local/lib/python3.8/site-packages/airflow/example_dags/example_complex.py took 0.073 seconds
[2022-09-05 10:49:00,420] {processor.py:153} INFO - Started process (PID=12396) to work on /home/ubuntu/.local/lib/python3.8/site-packages/airflow/example_dags/example_complex.py
[2022-09-05 10:49:00,422] {processor.py:641} INFO - Processing file /home/ubuntu/.local/lib/python3.8/site-packages/airflow/example_dags/example_complex.py for tasks to queue
[2022-09-05 10:49:00,422] {logging_mixin.py:115} INFO - [2022-09-05 10:49:00,422] {dagbag.py:508} INFO - Filling up the DagBag from /home/ubuntu/.local/lib/python3.8/site-packages/airflow/example_dags/example_complex.py
[2022-09-05 10:49:00,434] {processor.py:651} INFO - DAG(s) dict_keys(['example_complex']) retrieved from /home/ubuntu/.local/lib/python3.8/site-packages/airflow/example_dags/example_complex.py
[2022-09-05 10:49:00,455] {logging_mixin.py:115} INFO - [2022-09-05 10:49:00,455] {dag.py:2420} INFO - Sync 1 DAGs
[2022-09-05 10:49:00,471] {logging_mixin.py:115} INFO - [2022-09-05 10:49:00,471] {dag.py:2968} INFO - Setting next_dagrun for example_complex to None, run_after=None
[2022-09-05 10:49:00,495] {processor.py:161} INFO - Processing /home/ubuntu/.local/lib/python3.8/site-packages/airflow/example_dags/example_complex.py took 0.078 seconds
[2022-09-05 10:49:38,585] {processor.py:153} INFO - Started process (PID=12489) to work on /home/ubuntu/.local/lib/python3.8/site-packages/airflow/example_dags/example_complex.py
[2022-09-05 10:49:38,586] {processor.py:641} INFO - Processing file /home/ubuntu/.local/lib/python3.8/site-packages/airflow/example_dags/example_complex.py for tasks to queue
[2022-09-05 10:49:38,586] {logging_mixin.py:115} INFO - [2022-09-05 10:49:38,586] {dagbag.py:508} INFO - Filling up the DagBag from /home/ubuntu/.local/lib/python3.8/site-packages/airflow/example_dags/example_complex.py
[2022-09-05 10:49:38,597] {processor.py:651} INFO - DAG(s) dict_keys(['example_complex']) retrieved from /home/ubuntu/.local/lib/python3.8/site-packages/airflow/example_dags/example_complex.py
[2022-09-05 10:49:38,617] {logging_mixin.py:115} INFO - [2022-09-05 10:49:38,617] {dag.py:2420} INFO - Sync 1 DAGs
[2022-09-05 10:49:38,632] {logging_mixin.py:115} INFO - [2022-09-05 10:49:38,632] {dag.py:2968} INFO - Setting next_dagrun for example_complex to None, run_after=None
[2022-09-05 10:49:38,647] {processor.py:161} INFO - Processing /home/ubuntu/.local/lib/python3.8/site-packages/airflow/example_dags/example_complex.py took 0.065 seconds
[2022-09-05 10:50:14,778] {processor.py:153} INFO - Started process (PID=12574) to work on /home/ubuntu/.local/lib/python3.8/site-packages/airflow/example_dags/example_complex.py
[2022-09-05 10:50:14,780] {processor.py:641} INFO - Processing file /home/ubuntu/.local/lib/python3.8/site-packages/airflow/example_dags/example_complex.py for tasks to queue
[2022-09-05 10:50:14,780] {logging_mixin.py:115} INFO - [2022-09-05 10:50:14,780] {dagbag.py:508} INFO - Filling up the DagBag from /home/ubuntu/.local/lib/python3.8/site-packages/airflow/example_dags/example_complex.py
[2022-09-05 10:50:14,790] {processor.py:651} INFO - DAG(s) dict_keys(['example_complex']) retrieved from /home/ubuntu/.local/lib/python3.8/site-packages/airflow/example_dags/example_complex.py
[2022-09-05 10:50:14,810] {logging_mixin.py:115} INFO - [2022-09-05 10:50:14,810] {dag.py:2420} INFO - Sync 1 DAGs
[2022-09-05 10:50:14,824] {logging_mixin.py:115} INFO - [2022-09-05 10:50:14,824] {dag.py:2968} INFO - Setting next_dagrun for example_complex to None, run_after=None
[2022-09-05 10:50:14,838] {processor.py:161} INFO - Processing /home/ubuntu/.local/lib/python3.8/site-packages/airflow/example_dags/example_complex.py took 0.062 seconds
[2022-09-05 10:50:52,585] {processor.py:153} INFO - Started process (PID=12661) to work on /home/ubuntu/.local/lib/python3.8/site-packages/airflow/example_dags/example_complex.py
[2022-09-05 10:50:52,586] {processor.py:641} INFO - Processing file /home/ubuntu/.local/lib/python3.8/site-packages/airflow/example_dags/example_complex.py for tasks to queue
[2022-09-05 10:50:52,586] {logging_mixin.py:115} INFO - [2022-09-05 10:50:52,586] {dagbag.py:508} INFO - Filling up the DagBag from /home/ubuntu/.local/lib/python3.8/site-packages/airflow/example_dags/example_complex.py
[2022-09-05 10:50:52,597] {processor.py:651} INFO - DAG(s) dict_keys(['example_complex']) retrieved from /home/ubuntu/.local/lib/python3.8/site-packages/airflow/example_dags/example_complex.py
[2022-09-05 10:50:52,620] {logging_mixin.py:115} INFO - [2022-09-05 10:50:52,619] {dag.py:2420} INFO - Sync 1 DAGs
[2022-09-05 10:50:52,635] {logging_mixin.py:115} INFO - [2022-09-05 10:50:52,635] {dag.py:2968} INFO - Setting next_dagrun for example_complex to None, run_after=None
[2022-09-05 10:50:52,652] {processor.py:161} INFO - Processing /home/ubuntu/.local/lib/python3.8/site-packages/airflow/example_dags/example_complex.py took 0.071 seconds
[2022-09-05 10:51:33,268] {processor.py:153} INFO - Started process (PID=12899) to work on /home/ubuntu/.local/lib/python3.8/site-packages/airflow/example_dags/example_complex.py
[2022-09-05 10:51:33,270] {processor.py:641} INFO - Processing file /home/ubuntu/.local/lib/python3.8/site-packages/airflow/example_dags/example_complex.py for tasks to queue
[2022-09-05 10:51:33,271] {logging_mixin.py:115} INFO - [2022-09-05 10:51:33,271] {dagbag.py:508} INFO - Filling up the DagBag from /home/ubuntu/.local/lib/python3.8/site-packages/airflow/example_dags/example_complex.py
[2022-09-05 10:51:33,281] {processor.py:651} INFO - DAG(s) dict_keys(['example_complex']) retrieved from /home/ubuntu/.local/lib/python3.8/site-packages/airflow/example_dags/example_complex.py
[2022-09-05 10:51:33,303] {logging_mixin.py:115} INFO - [2022-09-05 10:51:33,303] {dag.py:2420} INFO - Sync 1 DAGs
[2022-09-05 10:51:33,318] {logging_mixin.py:115} INFO - [2022-09-05 10:51:33,318] {dag.py:2968} INFO - Setting next_dagrun for example_complex to None, run_after=None
[2022-09-05 10:51:33,334] {processor.py:161} INFO - Processing /home/ubuntu/.local/lib/python3.8/site-packages/airflow/example_dags/example_complex.py took 0.068 seconds
[2022-09-05 10:52:07,809] {processor.py:153} INFO - Started process (PID=13065) to work on /home/ubuntu/.local/lib/python3.8/site-packages/airflow/example_dags/example_complex.py
[2022-09-05 10:52:07,814] {processor.py:641} INFO - Processing file /home/ubuntu/.local/lib/python3.8/site-packages/airflow/example_dags/example_complex.py for tasks to queue
[2022-09-05 10:52:07,814] {logging_mixin.py:115} INFO - [2022-09-05 10:52:07,814] {dagbag.py:508} INFO - Filling up the DagBag from /home/ubuntu/.local/lib/python3.8/site-packages/airflow/example_dags/example_complex.py
[2022-09-05 10:52:07,825] {processor.py:651} INFO - DAG(s) dict_keys(['example_complex']) retrieved from /home/ubuntu/.local/lib/python3.8/site-packages/airflow/example_dags/example_complex.py
[2022-09-05 10:52:07,846] {logging_mixin.py:115} INFO - [2022-09-05 10:52:07,846] {dag.py:2420} INFO - Sync 1 DAGs
[2022-09-05 10:52:07,861] {logging_mixin.py:115} INFO - [2022-09-05 10:52:07,861] {dag.py:2968} INFO - Setting next_dagrun for example_complex to None, run_after=None
[2022-09-05 10:52:07,883] {processor.py:161} INFO - Processing /home/ubuntu/.local/lib/python3.8/site-packages/airflow/example_dags/example_complex.py took 0.077 seconds
[2022-09-05 10:52:47,111] {processor.py:153} INFO - Started process (PID=13331) to work on /home/ubuntu/.local/lib/python3.8/site-packages/airflow/example_dags/example_complex.py
[2022-09-05 10:52:47,112] {processor.py:641} INFO - Processing file /home/ubuntu/.local/lib/python3.8/site-packages/airflow/example_dags/example_complex.py for tasks to queue
[2022-09-05 10:52:47,112] {logging_mixin.py:115} INFO - [2022-09-05 10:52:47,112] {dagbag.py:508} INFO - Filling up the DagBag from /home/ubuntu/.local/lib/python3.8/site-packages/airflow/example_dags/example_complex.py
[2022-09-05 10:52:47,123] {processor.py:651} INFO - DAG(s) dict_keys(['example_complex']) retrieved from /home/ubuntu/.local/lib/python3.8/site-packages/airflow/example_dags/example_complex.py
[2022-09-05 10:52:47,145] {logging_mixin.py:115} INFO - [2022-09-05 10:52:47,145] {dag.py:2420} INFO - Sync 1 DAGs
[2022-09-05 10:52:47,161] {logging_mixin.py:115} INFO - [2022-09-05 10:52:47,160] {dag.py:2968} INFO - Setting next_dagrun for example_complex to None, run_after=None
[2022-09-05 10:52:47,176] {processor.py:161} INFO - Processing /home/ubuntu/.local/lib/python3.8/site-packages/airflow/example_dags/example_complex.py took 0.069 seconds
[2022-09-05 10:53:21,283] {processor.py:153} INFO - Started process (PID=13397) to work on /home/ubuntu/.local/lib/python3.8/site-packages/airflow/example_dags/example_complex.py
[2022-09-05 10:53:21,284] {processor.py:641} INFO - Processing file /home/ubuntu/.local/lib/python3.8/site-packages/airflow/example_dags/example_complex.py for tasks to queue
[2022-09-05 10:53:21,285] {logging_mixin.py:115} INFO - [2022-09-05 10:53:21,284] {dagbag.py:508} INFO - Filling up the DagBag from /home/ubuntu/.local/lib/python3.8/site-packages/airflow/example_dags/example_complex.py
[2022-09-05 10:53:21,296] {processor.py:651} INFO - DAG(s) dict_keys(['example_complex']) retrieved from /home/ubuntu/.local/lib/python3.8/site-packages/airflow/example_dags/example_complex.py
[2022-09-05 10:53:21,318] {logging_mixin.py:115} INFO - [2022-09-05 10:53:21,318] {dag.py:2420} INFO - Sync 1 DAGs
[2022-09-05 10:53:21,333] {logging_mixin.py:115} INFO - [2022-09-05 10:53:21,333] {dag.py:2968} INFO - Setting next_dagrun for example_complex to None, run_after=None
[2022-09-05 10:53:21,348] {processor.py:161} INFO - Processing /home/ubuntu/.local/lib/python3.8/site-packages/airflow/example_dags/example_complex.py took 0.068 seconds
[2022-09-05 10:53:57,825] {processor.py:153} INFO - Started process (PID=13460) to work on /home/ubuntu/.local/lib/python3.8/site-packages/airflow/example_dags/example_complex.py
[2022-09-05 10:53:57,827] {processor.py:641} INFO - Processing file /home/ubuntu/.local/lib/python3.8/site-packages/airflow/example_dags/example_complex.py for tasks to queue
[2022-09-05 10:53:57,827] {logging_mixin.py:115} INFO - [2022-09-05 10:53:57,827] {dagbag.py:508} INFO - Filling up the DagBag from /home/ubuntu/.local/lib/python3.8/site-packages/airflow/example_dags/example_complex.py
[2022-09-05 10:53:57,839] {processor.py:651} INFO - DAG(s) dict_keys(['example_complex']) retrieved from /home/ubuntu/.local/lib/python3.8/site-packages/airflow/example_dags/example_complex.py
[2022-09-05 10:53:57,861] {logging_mixin.py:115} INFO - [2022-09-05 10:53:57,861] {dag.py:2420} INFO - Sync 1 DAGs
[2022-09-05 10:53:57,877] {logging_mixin.py:115} INFO - [2022-09-05 10:53:57,877] {dag.py:2968} INFO - Setting next_dagrun for example_complex to None, run_after=None
[2022-09-05 10:53:57,894] {processor.py:161} INFO - Processing /home/ubuntu/.local/lib/python3.8/site-packages/airflow/example_dags/example_complex.py took 0.073 seconds
[2022-09-05 10:54:31,448] {processor.py:153} INFO - Started process (PID=13509) to work on /home/ubuntu/.local/lib/python3.8/site-packages/airflow/example_dags/example_complex.py
[2022-09-05 10:54:31,449] {processor.py:641} INFO - Processing file /home/ubuntu/.local/lib/python3.8/site-packages/airflow/example_dags/example_complex.py for tasks to queue
[2022-09-05 10:54:31,449] {logging_mixin.py:115} INFO - [2022-09-05 10:54:31,449] {dagbag.py:508} INFO - Filling up the DagBag from /home/ubuntu/.local/lib/python3.8/site-packages/airflow/example_dags/example_complex.py
[2022-09-05 10:54:31,461] {processor.py:651} INFO - DAG(s) dict_keys(['example_complex']) retrieved from /home/ubuntu/.local/lib/python3.8/site-packages/airflow/example_dags/example_complex.py
[2022-09-05 10:54:31,483] {logging_mixin.py:115} INFO - [2022-09-05 10:54:31,482] {dag.py:2420} INFO - Sync 1 DAGs
[2022-09-05 10:54:31,498] {logging_mixin.py:115} INFO - [2022-09-05 10:54:31,498] {dag.py:2968} INFO - Setting next_dagrun for example_complex to None, run_after=None
[2022-09-05 10:54:31,525] {processor.py:161} INFO - Processing /home/ubuntu/.local/lib/python3.8/site-packages/airflow/example_dags/example_complex.py took 0.081 seconds
[2022-09-05 10:55:05,589] {processor.py:153} INFO - Started process (PID=13556) to work on /home/ubuntu/.local/lib/python3.8/site-packages/airflow/example_dags/example_complex.py
[2022-09-05 10:55:05,589] {processor.py:641} INFO - Processing file /home/ubuntu/.local/lib/python3.8/site-packages/airflow/example_dags/example_complex.py for tasks to queue
[2022-09-05 10:55:05,590] {logging_mixin.py:115} INFO - [2022-09-05 10:55:05,590] {dagbag.py:508} INFO - Filling up the DagBag from /home/ubuntu/.local/lib/python3.8/site-packages/airflow/example_dags/example_complex.py
[2022-09-05 10:55:05,601] {processor.py:651} INFO - DAG(s) dict_keys(['example_complex']) retrieved from /home/ubuntu/.local/lib/python3.8/site-packages/airflow/example_dags/example_complex.py
[2022-09-05 10:55:05,623] {logging_mixin.py:115} INFO - [2022-09-05 10:55:05,623] {dag.py:2420} INFO - Sync 1 DAGs
[2022-09-05 10:55:05,638] {logging_mixin.py:115} INFO - [2022-09-05 10:55:05,638] {dag.py:2968} INFO - Setting next_dagrun for example_complex to None, run_after=None
[2022-09-05 10:55:05,654] {processor.py:161} INFO - Processing /home/ubuntu/.local/lib/python3.8/site-packages/airflow/example_dags/example_complex.py took 0.069 seconds
[2022-09-05 10:55:41,066] {processor.py:153} INFO - Started process (PID=13599) to work on /home/ubuntu/.local/lib/python3.8/site-packages/airflow/example_dags/example_complex.py
[2022-09-05 10:55:41,067] {processor.py:641} INFO - Processing file /home/ubuntu/.local/lib/python3.8/site-packages/airflow/example_dags/example_complex.py for tasks to queue
[2022-09-05 10:55:41,068] {logging_mixin.py:115} INFO - [2022-09-05 10:55:41,068] {dagbag.py:508} INFO - Filling up the DagBag from /home/ubuntu/.local/lib/python3.8/site-packages/airflow/example_dags/example_complex.py
[2022-09-05 10:55:41,079] {processor.py:651} INFO - DAG(s) dict_keys(['example_complex']) retrieved from /home/ubuntu/.local/lib/python3.8/site-packages/airflow/example_dags/example_complex.py
[2022-09-05 10:55:41,100] {logging_mixin.py:115} INFO - [2022-09-05 10:55:41,100] {dag.py:2420} INFO - Sync 1 DAGs
[2022-09-05 10:55:41,115] {logging_mixin.py:115} INFO - [2022-09-05 10:55:41,115] {dag.py:2968} INFO - Setting next_dagrun for example_complex to None, run_after=None
[2022-09-05 10:55:41,134] {processor.py:161} INFO - Processing /home/ubuntu/.local/lib/python3.8/site-packages/airflow/example_dags/example_complex.py took 0.072 seconds
[2022-09-05 10:56:18,216] {processor.py:153} INFO - Started process (PID=13669) to work on /home/ubuntu/.local/lib/python3.8/site-packages/airflow/example_dags/example_complex.py
[2022-09-05 10:56:18,217] {processor.py:641} INFO - Processing file /home/ubuntu/.local/lib/python3.8/site-packages/airflow/example_dags/example_complex.py for tasks to queue
[2022-09-05 10:56:18,218] {logging_mixin.py:115} INFO - [2022-09-05 10:56:18,218] {dagbag.py:508} INFO - Filling up the DagBag from /home/ubuntu/.local/lib/python3.8/site-packages/airflow/example_dags/example_complex.py
[2022-09-05 10:56:18,229] {processor.py:651} INFO - DAG(s) dict_keys(['example_complex']) retrieved from /home/ubuntu/.local/lib/python3.8/site-packages/airflow/example_dags/example_complex.py
[2022-09-05 10:56:18,250] {logging_mixin.py:115} INFO - [2022-09-05 10:56:18,249] {dag.py:2420} INFO - Sync 1 DAGs
[2022-09-05 10:56:18,264] {logging_mixin.py:115} INFO - [2022-09-05 10:56:18,264] {dag.py:2968} INFO - Setting next_dagrun for example_complex to None, run_after=None
[2022-09-05 10:56:18,279] {processor.py:161} INFO - Processing /home/ubuntu/.local/lib/python3.8/site-packages/airflow/example_dags/example_complex.py took 0.066 seconds
[2022-09-05 10:56:55,322] {processor.py:153} INFO - Started process (PID=13719) to work on /home/ubuntu/.local/lib/python3.8/site-packages/airflow/example_dags/example_complex.py
[2022-09-05 10:56:55,323] {processor.py:641} INFO - Processing file /home/ubuntu/.local/lib/python3.8/site-packages/airflow/example_dags/example_complex.py for tasks to queue
[2022-09-05 10:56:55,324] {logging_mixin.py:115} INFO - [2022-09-05 10:56:55,324] {dagbag.py:508} INFO - Filling up the DagBag from /home/ubuntu/.local/lib/python3.8/site-packages/airflow/example_dags/example_complex.py
[2022-09-05 10:56:55,334] {processor.py:651} INFO - DAG(s) dict_keys(['example_complex']) retrieved from /home/ubuntu/.local/lib/python3.8/site-packages/airflow/example_dags/example_complex.py
[2022-09-05 10:56:55,353] {logging_mixin.py:115} INFO - [2022-09-05 10:56:55,353] {dag.py:2420} INFO - Sync 1 DAGs
[2022-09-05 10:56:55,367] {logging_mixin.py:115} INFO - [2022-09-05 10:56:55,367] {dag.py:2968} INFO - Setting next_dagrun for example_complex to None, run_after=None
[2022-09-05 10:56:55,380] {processor.py:161} INFO - Processing /home/ubuntu/.local/lib/python3.8/site-packages/airflow/example_dags/example_complex.py took 0.061 seconds
[2022-09-05 10:58:35,375] {processor.py:153} INFO - Started process (PID=14100) to work on /home/ubuntu/.local/lib/python3.8/site-packages/airflow/example_dags/example_complex.py
[2022-09-05 10:58:35,378] {processor.py:641} INFO - Processing file /home/ubuntu/.local/lib/python3.8/site-packages/airflow/example_dags/example_complex.py for tasks to queue
[2022-09-05 10:58:35,378] {logging_mixin.py:115} INFO - [2022-09-05 10:58:35,378] {dagbag.py:508} INFO - Filling up the DagBag from /home/ubuntu/.local/lib/python3.8/site-packages/airflow/example_dags/example_complex.py
[2022-09-05 10:58:35,391] {processor.py:651} INFO - DAG(s) dict_keys(['example_complex']) retrieved from /home/ubuntu/.local/lib/python3.8/site-packages/airflow/example_dags/example_complex.py
[2022-09-05 10:58:35,413] {logging_mixin.py:115} INFO - [2022-09-05 10:58:35,413] {dag.py:2420} INFO - Sync 1 DAGs
[2022-09-05 10:58:35,428] {logging_mixin.py:115} INFO - [2022-09-05 10:58:35,428] {dag.py:2968} INFO - Setting next_dagrun for example_complex to None, run_after=None
[2022-09-05 10:58:35,447] {processor.py:161} INFO - Processing /home/ubuntu/.local/lib/python3.8/site-packages/airflow/example_dags/example_complex.py took 0.075 seconds
[2022-09-05 10:59:12,554] {processor.py:153} INFO - Started process (PID=14496) to work on /home/ubuntu/.local/lib/python3.8/site-packages/airflow/example_dags/example_complex.py
[2022-09-05 10:59:12,555] {processor.py:641} INFO - Processing file /home/ubuntu/.local/lib/python3.8/site-packages/airflow/example_dags/example_complex.py for tasks to queue
[2022-09-05 10:59:12,556] {logging_mixin.py:115} INFO - [2022-09-05 10:59:12,556] {dagbag.py:508} INFO - Filling up the DagBag from /home/ubuntu/.local/lib/python3.8/site-packages/airflow/example_dags/example_complex.py
[2022-09-05 10:59:12,569] {processor.py:651} INFO - DAG(s) dict_keys(['example_complex']) retrieved from /home/ubuntu/.local/lib/python3.8/site-packages/airflow/example_dags/example_complex.py
[2022-09-05 10:59:12,591] {logging_mixin.py:115} INFO - [2022-09-05 10:59:12,591] {dag.py:2420} INFO - Sync 1 DAGs
[2022-09-05 10:59:12,607] {logging_mixin.py:115} INFO - [2022-09-05 10:59:12,607] {dag.py:2968} INFO - Setting next_dagrun for example_complex to None, run_after=None
[2022-09-05 10:59:12,629] {processor.py:161} INFO - Processing /home/ubuntu/.local/lib/python3.8/site-packages/airflow/example_dags/example_complex.py took 0.079 seconds
[2022-09-05 10:59:49,739] {processor.py:153} INFO - Started process (PID=14844) to work on /home/ubuntu/.local/lib/python3.8/site-packages/airflow/example_dags/example_complex.py
[2022-09-05 10:59:49,740] {processor.py:641} INFO - Processing file /home/ubuntu/.local/lib/python3.8/site-packages/airflow/example_dags/example_complex.py for tasks to queue
[2022-09-05 10:59:49,741] {logging_mixin.py:115} INFO - [2022-09-05 10:59:49,741] {dagbag.py:508} INFO - Filling up the DagBag from /home/ubuntu/.local/lib/python3.8/site-packages/airflow/example_dags/example_complex.py
[2022-09-05 10:59:49,752] {processor.py:651} INFO - DAG(s) dict_keys(['example_complex']) retrieved from /home/ubuntu/.local/lib/python3.8/site-packages/airflow/example_dags/example_complex.py
[2022-09-05 10:59:49,774] {logging_mixin.py:115} INFO - [2022-09-05 10:59:49,774] {dag.py:2420} INFO - Sync 1 DAGs
[2022-09-05 10:59:49,789] {logging_mixin.py:115} INFO - [2022-09-05 10:59:49,789] {dag.py:2968} INFO - Setting next_dagrun for example_complex to None, run_after=None
[2022-09-05 10:59:49,804] {processor.py:161} INFO - Processing /home/ubuntu/.local/lib/python3.8/site-packages/airflow/example_dags/example_complex.py took 0.069 seconds
[2022-09-05 11:00:28,140] {processor.py:153} INFO - Started process (PID=15005) to work on /home/ubuntu/.local/lib/python3.8/site-packages/airflow/example_dags/example_complex.py
[2022-09-05 11:00:28,141] {processor.py:641} INFO - Processing file /home/ubuntu/.local/lib/python3.8/site-packages/airflow/example_dags/example_complex.py for tasks to queue
[2022-09-05 11:00:28,142] {logging_mixin.py:115} INFO - [2022-09-05 11:00:28,142] {dagbag.py:508} INFO - Filling up the DagBag from /home/ubuntu/.local/lib/python3.8/site-packages/airflow/example_dags/example_complex.py
[2022-09-05 11:00:28,153] {processor.py:651} INFO - DAG(s) dict_keys(['example_complex']) retrieved from /home/ubuntu/.local/lib/python3.8/site-packages/airflow/example_dags/example_complex.py
[2022-09-05 11:00:28,176] {logging_mixin.py:115} INFO - [2022-09-05 11:00:28,175] {dag.py:2420} INFO - Sync 1 DAGs
[2022-09-05 11:00:28,192] {logging_mixin.py:115} INFO - [2022-09-05 11:00:28,192] {dag.py:2968} INFO - Setting next_dagrun for example_complex to None, run_after=None
[2022-09-05 11:00:28,211] {processor.py:161} INFO - Processing /home/ubuntu/.local/lib/python3.8/site-packages/airflow/example_dags/example_complex.py took 0.074 seconds
[2022-09-05 11:01:04,726] {processor.py:153} INFO - Started process (PID=15048) to work on /home/ubuntu/.local/lib/python3.8/site-packages/airflow/example_dags/example_complex.py
[2022-09-05 11:01:04,727] {processor.py:641} INFO - Processing file /home/ubuntu/.local/lib/python3.8/site-packages/airflow/example_dags/example_complex.py for tasks to queue
[2022-09-05 11:01:04,727] {logging_mixin.py:115} INFO - [2022-09-05 11:01:04,727] {dagbag.py:508} INFO - Filling up the DagBag from /home/ubuntu/.local/lib/python3.8/site-packages/airflow/example_dags/example_complex.py
[2022-09-05 11:01:04,738] {processor.py:651} INFO - DAG(s) dict_keys(['example_complex']) retrieved from /home/ubuntu/.local/lib/python3.8/site-packages/airflow/example_dags/example_complex.py
[2022-09-05 11:01:04,759] {logging_mixin.py:115} INFO - [2022-09-05 11:01:04,759] {dag.py:2420} INFO - Sync 1 DAGs
[2022-09-05 11:01:04,774] {logging_mixin.py:115} INFO - [2022-09-05 11:01:04,774] {dag.py:2968} INFO - Setting next_dagrun for example_complex to None, run_after=None
[2022-09-05 11:01:04,788] {processor.py:161} INFO - Processing /home/ubuntu/.local/lib/python3.8/site-packages/airflow/example_dags/example_complex.py took 0.066 seconds
[2022-09-05 11:01:42,227] {processor.py:153} INFO - Started process (PID=15092) to work on /home/ubuntu/.local/lib/python3.8/site-packages/airflow/example_dags/example_complex.py
[2022-09-05 11:01:42,230] {processor.py:641} INFO - Processing file /home/ubuntu/.local/lib/python3.8/site-packages/airflow/example_dags/example_complex.py for tasks to queue
[2022-09-05 11:01:42,230] {logging_mixin.py:115} INFO - [2022-09-05 11:01:42,230] {dagbag.py:508} INFO - Filling up the DagBag from /home/ubuntu/.local/lib/python3.8/site-packages/airflow/example_dags/example_complex.py
[2022-09-05 11:01:42,241] {processor.py:651} INFO - DAG(s) dict_keys(['example_complex']) retrieved from /home/ubuntu/.local/lib/python3.8/site-packages/airflow/example_dags/example_complex.py
[2022-09-05 11:01:42,262] {logging_mixin.py:115} INFO - [2022-09-05 11:01:42,262] {dag.py:2420} INFO - Sync 1 DAGs
[2022-09-05 11:01:42,277] {logging_mixin.py:115} INFO - [2022-09-05 11:01:42,277] {dag.py:2968} INFO - Setting next_dagrun for example_complex to None, run_after=None
[2022-09-05 11:01:42,292] {processor.py:161} INFO - Processing /home/ubuntu/.local/lib/python3.8/site-packages/airflow/example_dags/example_complex.py took 0.068 seconds
[2022-09-05 11:02:17,089] {processor.py:153} INFO - Started process (PID=15136) to work on /home/ubuntu/.local/lib/python3.8/site-packages/airflow/example_dags/example_complex.py
[2022-09-05 11:02:17,091] {processor.py:641} INFO - Processing file /home/ubuntu/.local/lib/python3.8/site-packages/airflow/example_dags/example_complex.py for tasks to queue
[2022-09-05 11:02:17,091] {logging_mixin.py:115} INFO - [2022-09-05 11:02:17,091] {dagbag.py:508} INFO - Filling up the DagBag from /home/ubuntu/.local/lib/python3.8/site-packages/airflow/example_dags/example_complex.py
[2022-09-05 11:02:17,102] {processor.py:651} INFO - DAG(s) dict_keys(['example_complex']) retrieved from /home/ubuntu/.local/lib/python3.8/site-packages/airflow/example_dags/example_complex.py
[2022-09-05 11:02:17,124] {logging_mixin.py:115} INFO - [2022-09-05 11:02:17,124] {dag.py:2420} INFO - Sync 1 DAGs
[2022-09-05 11:02:17,139] {logging_mixin.py:115} INFO - [2022-09-05 11:02:17,139] {dag.py:2968} INFO - Setting next_dagrun for example_complex to None, run_after=None
[2022-09-05 11:02:17,155] {processor.py:161} INFO - Processing /home/ubuntu/.local/lib/python3.8/site-packages/airflow/example_dags/example_complex.py took 0.069 seconds
[2022-09-05 11:02:57,455] {processor.py:153} INFO - Started process (PID=15411) to work on /home/ubuntu/.local/lib/python3.8/site-packages/airflow/example_dags/example_complex.py
[2022-09-05 11:02:57,456] {processor.py:641} INFO - Processing file /home/ubuntu/.local/lib/python3.8/site-packages/airflow/example_dags/example_complex.py for tasks to queue
[2022-09-05 11:02:57,457] {logging_mixin.py:115} INFO - [2022-09-05 11:02:57,457] {dagbag.py:508} INFO - Filling up the DagBag from /home/ubuntu/.local/lib/python3.8/site-packages/airflow/example_dags/example_complex.py
[2022-09-05 11:02:57,468] {processor.py:651} INFO - DAG(s) dict_keys(['example_complex']) retrieved from /home/ubuntu/.local/lib/python3.8/site-packages/airflow/example_dags/example_complex.py
[2022-09-05 11:02:57,491] {logging_mixin.py:115} INFO - [2022-09-05 11:02:57,491] {dag.py:2420} INFO - Sync 1 DAGs
[2022-09-05 11:02:57,506] {logging_mixin.py:115} INFO - [2022-09-05 11:02:57,506] {dag.py:2968} INFO - Setting next_dagrun for example_complex to None, run_after=None
[2022-09-05 11:02:57,523] {processor.py:161} INFO - Processing /home/ubuntu/.local/lib/python3.8/site-packages/airflow/example_dags/example_complex.py took 0.071 seconds
[2022-09-05 11:04:12,748] {processor.py:153} INFO - Started process (PID=15811) to work on /home/ubuntu/.local/lib/python3.8/site-packages/airflow/example_dags/example_complex.py
[2022-09-05 11:04:12,750] {processor.py:641} INFO - Processing file /home/ubuntu/.local/lib/python3.8/site-packages/airflow/example_dags/example_complex.py for tasks to queue
[2022-09-05 11:04:12,750] {logging_mixin.py:115} INFO - [2022-09-05 11:04:12,750] {dagbag.py:508} INFO - Filling up the DagBag from /home/ubuntu/.local/lib/python3.8/site-packages/airflow/example_dags/example_complex.py
[2022-09-05 11:04:12,762] {processor.py:651} INFO - DAG(s) dict_keys(['example_complex']) retrieved from /home/ubuntu/.local/lib/python3.8/site-packages/airflow/example_dags/example_complex.py
[2022-09-05 11:04:12,784] {logging_mixin.py:115} INFO - [2022-09-05 11:04:12,784] {dag.py:2420} INFO - Sync 1 DAGs
[2022-09-05 11:04:12,800] {logging_mixin.py:115} INFO - [2022-09-05 11:04:12,800] {dag.py:2968} INFO - Setting next_dagrun for example_complex to None, run_after=None
[2022-09-05 11:04:12,815] {processor.py:161} INFO - Processing /home/ubuntu/.local/lib/python3.8/site-packages/airflow/example_dags/example_complex.py took 0.071 seconds
[2022-09-05 11:09:23,520] {processor.py:153} INFO - Started process (PID=20190) to work on /home/ubuntu/.local/lib/python3.8/site-packages/airflow/example_dags/example_complex.py
[2022-09-05 11:09:23,522] {processor.py:641} INFO - Processing file /home/ubuntu/.local/lib/python3.8/site-packages/airflow/example_dags/example_complex.py for tasks to queue
[2022-09-05 11:09:23,522] {logging_mixin.py:115} INFO - [2022-09-05 11:09:23,522] {dagbag.py:508} INFO - Filling up the DagBag from /home/ubuntu/.local/lib/python3.8/site-packages/airflow/example_dags/example_complex.py
[2022-09-05 11:09:23,534] {processor.py:651} INFO - DAG(s) dict_keys(['example_complex']) retrieved from /home/ubuntu/.local/lib/python3.8/site-packages/airflow/example_dags/example_complex.py
[2022-09-05 11:09:23,553] {logging_mixin.py:115} INFO - [2022-09-05 11:09:23,553] {dag.py:2420} INFO - Sync 1 DAGs
[2022-09-05 11:09:23,567] {logging_mixin.py:115} INFO - [2022-09-05 11:09:23,567] {dag.py:2968} INFO - Setting next_dagrun for example_complex to None, run_after=None
[2022-09-05 11:09:23,582] {processor.py:161} INFO - Processing /home/ubuntu/.local/lib/python3.8/site-packages/airflow/example_dags/example_complex.py took 0.066 seconds
[2022-09-05 11:12:20,103] {processor.py:153} INFO - Started process (PID=22094) to work on /home/ubuntu/.local/lib/python3.8/site-packages/airflow/example_dags/example_complex.py
[2022-09-05 11:12:20,105] {processor.py:641} INFO - Processing file /home/ubuntu/.local/lib/python3.8/site-packages/airflow/example_dags/example_complex.py for tasks to queue
[2022-09-05 11:12:20,105] {logging_mixin.py:115} INFO - [2022-09-05 11:12:20,105] {dagbag.py:508} INFO - Filling up the DagBag from /home/ubuntu/.local/lib/python3.8/site-packages/airflow/example_dags/example_complex.py
[2022-09-05 11:12:20,117] {processor.py:651} INFO - DAG(s) dict_keys(['example_complex']) retrieved from /home/ubuntu/.local/lib/python3.8/site-packages/airflow/example_dags/example_complex.py
[2022-09-05 11:12:20,136] {logging_mixin.py:115} INFO - [2022-09-05 11:12:20,136] {dag.py:2420} INFO - Sync 1 DAGs
[2022-09-05 11:12:20,149] {logging_mixin.py:115} INFO - [2022-09-05 11:12:20,149] {dag.py:2968} INFO - Setting next_dagrun for example_complex to None, run_after=None
[2022-09-05 11:12:20,165] {processor.py:161} INFO - Processing /home/ubuntu/.local/lib/python3.8/site-packages/airflow/example_dags/example_complex.py took 0.067 seconds
[2022-09-05 11:12:54,330] {processor.py:153} INFO - Started process (PID=22246) to work on /home/ubuntu/.local/lib/python3.8/site-packages/airflow/example_dags/example_complex.py
[2022-09-05 11:12:54,331] {processor.py:641} INFO - Processing file /home/ubuntu/.local/lib/python3.8/site-packages/airflow/example_dags/example_complex.py for tasks to queue
[2022-09-05 11:12:54,331] {logging_mixin.py:115} INFO - [2022-09-05 11:12:54,331] {dagbag.py:508} INFO - Filling up the DagBag from /home/ubuntu/.local/lib/python3.8/site-packages/airflow/example_dags/example_complex.py
[2022-09-05 11:12:54,343] {processor.py:651} INFO - DAG(s) dict_keys(['example_complex']) retrieved from /home/ubuntu/.local/lib/python3.8/site-packages/airflow/example_dags/example_complex.py
[2022-09-05 11:12:54,362] {logging_mixin.py:115} INFO - [2022-09-05 11:12:54,362] {dag.py:2420} INFO - Sync 1 DAGs
[2022-09-05 11:12:54,375] {logging_mixin.py:115} INFO - [2022-09-05 11:12:54,375] {dag.py:2968} INFO - Setting next_dagrun for example_complex to None, run_after=None
[2022-09-05 11:12:54,390] {processor.py:161} INFO - Processing /home/ubuntu/.local/lib/python3.8/site-packages/airflow/example_dags/example_complex.py took 0.064 seconds
[2022-09-05 11:13:29,221] {processor.py:153} INFO - Started process (PID=22342) to work on /home/ubuntu/.local/lib/python3.8/site-packages/airflow/example_dags/example_complex.py
[2022-09-05 11:13:29,222] {processor.py:641} INFO - Processing file /home/ubuntu/.local/lib/python3.8/site-packages/airflow/example_dags/example_complex.py for tasks to queue
[2022-09-05 11:13:29,222] {logging_mixin.py:115} INFO - [2022-09-05 11:13:29,222] {dagbag.py:508} INFO - Filling up the DagBag from /home/ubuntu/.local/lib/python3.8/site-packages/airflow/example_dags/example_complex.py
[2022-09-05 11:13:29,234] {processor.py:651} INFO - DAG(s) dict_keys(['example_complex']) retrieved from /home/ubuntu/.local/lib/python3.8/site-packages/airflow/example_dags/example_complex.py
[2022-09-05 11:13:29,252] {logging_mixin.py:115} INFO - [2022-09-05 11:13:29,252] {dag.py:2420} INFO - Sync 1 DAGs
[2022-09-05 11:13:29,266] {logging_mixin.py:115} INFO - [2022-09-05 11:13:29,266] {dag.py:2968} INFO - Setting next_dagrun for example_complex to None, run_after=None
[2022-09-05 11:13:29,283] {processor.py:161} INFO - Processing /home/ubuntu/.local/lib/python3.8/site-packages/airflow/example_dags/example_complex.py took 0.066 seconds
[2022-09-05 11:14:06,085] {processor.py:153} INFO - Started process (PID=22482) to work on /home/ubuntu/.local/lib/python3.8/site-packages/airflow/example_dags/example_complex.py
[2022-09-05 11:14:06,086] {processor.py:641} INFO - Processing file /home/ubuntu/.local/lib/python3.8/site-packages/airflow/example_dags/example_complex.py for tasks to queue
[2022-09-05 11:14:06,087] {logging_mixin.py:115} INFO - [2022-09-05 11:14:06,087] {dagbag.py:508} INFO - Filling up the DagBag from /home/ubuntu/.local/lib/python3.8/site-packages/airflow/example_dags/example_complex.py
[2022-09-05 11:14:06,098] {processor.py:651} INFO - DAG(s) dict_keys(['example_complex']) retrieved from /home/ubuntu/.local/lib/python3.8/site-packages/airflow/example_dags/example_complex.py
[2022-09-05 11:14:06,117] {logging_mixin.py:115} INFO - [2022-09-05 11:14:06,117] {dag.py:2420} INFO - Sync 1 DAGs
[2022-09-05 11:14:06,129] {logging_mixin.py:115} INFO - [2022-09-05 11:14:06,129] {dag.py:2968} INFO - Setting next_dagrun for example_complex to None, run_after=None
[2022-09-05 11:14:06,143] {processor.py:161} INFO - Processing /home/ubuntu/.local/lib/python3.8/site-packages/airflow/example_dags/example_complex.py took 0.062 seconds
[2022-09-05 11:14:40,401] {processor.py:153} INFO - Started process (PID=22643) to work on /home/ubuntu/.local/lib/python3.8/site-packages/airflow/example_dags/example_complex.py
[2022-09-05 11:14:40,402] {processor.py:641} INFO - Processing file /home/ubuntu/.local/lib/python3.8/site-packages/airflow/example_dags/example_complex.py for tasks to queue
[2022-09-05 11:14:40,403] {logging_mixin.py:115} INFO - [2022-09-05 11:14:40,402] {dagbag.py:508} INFO - Filling up the DagBag from /home/ubuntu/.local/lib/python3.8/site-packages/airflow/example_dags/example_complex.py
[2022-09-05 11:14:40,414] {processor.py:651} INFO - DAG(s) dict_keys(['example_complex']) retrieved from /home/ubuntu/.local/lib/python3.8/site-packages/airflow/example_dags/example_complex.py
[2022-09-05 11:14:40,434] {logging_mixin.py:115} INFO - [2022-09-05 11:14:40,434] {dag.py:2420} INFO - Sync 1 DAGs
[2022-09-05 11:14:40,448] {logging_mixin.py:115} INFO - [2022-09-05 11:14:40,448] {dag.py:2968} INFO - Setting next_dagrun for example_complex to None, run_after=None
[2022-09-05 11:14:40,463] {processor.py:161} INFO - Processing /home/ubuntu/.local/lib/python3.8/site-packages/airflow/example_dags/example_complex.py took 0.066 seconds
[2022-09-05 11:15:58,016] {processor.py:153} INFO - Started process (PID=23016) to work on /home/ubuntu/.local/lib/python3.8/site-packages/airflow/example_dags/example_complex.py
[2022-09-05 11:15:58,018] {processor.py:641} INFO - Processing file /home/ubuntu/.local/lib/python3.8/site-packages/airflow/example_dags/example_complex.py for tasks to queue
[2022-09-05 11:15:58,018] {logging_mixin.py:115} INFO - [2022-09-05 11:15:58,018] {dagbag.py:508} INFO - Filling up the DagBag from /home/ubuntu/.local/lib/python3.8/site-packages/airflow/example_dags/example_complex.py
[2022-09-05 11:15:58,031] {processor.py:651} INFO - DAG(s) dict_keys(['example_complex']) retrieved from /home/ubuntu/.local/lib/python3.8/site-packages/airflow/example_dags/example_complex.py
[2022-09-05 11:15:58,053] {logging_mixin.py:115} INFO - [2022-09-05 11:15:58,053] {dag.py:2420} INFO - Sync 1 DAGs
[2022-09-05 11:15:58,069] {logging_mixin.py:115} INFO - [2022-09-05 11:15:58,069] {dag.py:2968} INFO - Setting next_dagrun for example_complex to None, run_after=None
[2022-09-05 11:15:58,084] {processor.py:161} INFO - Processing /home/ubuntu/.local/lib/python3.8/site-packages/airflow/example_dags/example_complex.py took 0.071 seconds
[2022-09-05 11:16:30,727] {processor.py:153} INFO - Started process (PID=23098) to work on /home/ubuntu/.local/lib/python3.8/site-packages/airflow/example_dags/example_complex.py
[2022-09-05 11:16:30,728] {processor.py:641} INFO - Processing file /home/ubuntu/.local/lib/python3.8/site-packages/airflow/example_dags/example_complex.py for tasks to queue
[2022-09-05 11:16:30,728] {logging_mixin.py:115} INFO - [2022-09-05 11:16:30,728] {dagbag.py:508} INFO - Filling up the DagBag from /home/ubuntu/.local/lib/python3.8/site-packages/airflow/example_dags/example_complex.py
[2022-09-05 11:16:30,742] {processor.py:651} INFO - DAG(s) dict_keys(['example_complex']) retrieved from /home/ubuntu/.local/lib/python3.8/site-packages/airflow/example_dags/example_complex.py
[2022-09-05 11:16:30,763] {logging_mixin.py:115} INFO - [2022-09-05 11:16:30,763] {dag.py:2420} INFO - Sync 1 DAGs
[2022-09-05 11:16:30,779] {logging_mixin.py:115} INFO - [2022-09-05 11:16:30,779] {dag.py:2968} INFO - Setting next_dagrun for example_complex to None, run_after=None
[2022-09-05 11:16:30,804] {processor.py:161} INFO - Processing /home/ubuntu/.local/lib/python3.8/site-packages/airflow/example_dags/example_complex.py took 0.081 seconds
[2022-09-05 11:17:07,758] {processor.py:153} INFO - Started process (PID=23190) to work on /home/ubuntu/.local/lib/python3.8/site-packages/airflow/example_dags/example_complex.py
[2022-09-05 11:17:07,759] {processor.py:641} INFO - Processing file /home/ubuntu/.local/lib/python3.8/site-packages/airflow/example_dags/example_complex.py for tasks to queue
[2022-09-05 11:17:07,759] {logging_mixin.py:115} INFO - [2022-09-05 11:17:07,759] {dagbag.py:508} INFO - Filling up the DagBag from /home/ubuntu/.local/lib/python3.8/site-packages/airflow/example_dags/example_complex.py
[2022-09-05 11:17:07,770] {processor.py:651} INFO - DAG(s) dict_keys(['example_complex']) retrieved from /home/ubuntu/.local/lib/python3.8/site-packages/airflow/example_dags/example_complex.py
[2022-09-05 11:17:07,792] {logging_mixin.py:115} INFO - [2022-09-05 11:17:07,792] {dag.py:2420} INFO - Sync 1 DAGs
[2022-09-05 11:17:07,808] {logging_mixin.py:115} INFO - [2022-09-05 11:17:07,807] {dag.py:2968} INFO - Setting next_dagrun for example_complex to None, run_after=None
[2022-09-05 11:17:07,825] {processor.py:161} INFO - Processing /home/ubuntu/.local/lib/python3.8/site-packages/airflow/example_dags/example_complex.py took 0.071 seconds
[2022-09-05 11:17:41,941] {processor.py:153} INFO - Started process (PID=23271) to work on /home/ubuntu/.local/lib/python3.8/site-packages/airflow/example_dags/example_complex.py
[2022-09-05 11:17:41,942] {processor.py:641} INFO - Processing file /home/ubuntu/.local/lib/python3.8/site-packages/airflow/example_dags/example_complex.py for tasks to queue
[2022-09-05 11:17:41,942] {logging_mixin.py:115} INFO - [2022-09-05 11:17:41,942] {dagbag.py:508} INFO - Filling up the DagBag from /home/ubuntu/.local/lib/python3.8/site-packages/airflow/example_dags/example_complex.py
[2022-09-05 11:17:41,953] {processor.py:651} INFO - DAG(s) dict_keys(['example_complex']) retrieved from /home/ubuntu/.local/lib/python3.8/site-packages/airflow/example_dags/example_complex.py
[2022-09-05 11:17:41,975] {logging_mixin.py:115} INFO - [2022-09-05 11:17:41,975] {dag.py:2420} INFO - Sync 1 DAGs
[2022-09-05 11:17:41,991] {logging_mixin.py:115} INFO - [2022-09-05 11:17:41,991] {dag.py:2968} INFO - Setting next_dagrun for example_complex to None, run_after=None
[2022-09-05 11:17:42,008] {processor.py:161} INFO - Processing /home/ubuntu/.local/lib/python3.8/site-packages/airflow/example_dags/example_complex.py took 0.070 seconds
[2022-09-05 11:18:19,721] {processor.py:153} INFO - Started process (PID=23365) to work on /home/ubuntu/.local/lib/python3.8/site-packages/airflow/example_dags/example_complex.py
[2022-09-05 11:18:19,723] {processor.py:641} INFO - Processing file /home/ubuntu/.local/lib/python3.8/site-packages/airflow/example_dags/example_complex.py for tasks to queue
[2022-09-05 11:18:19,724] {logging_mixin.py:115} INFO - [2022-09-05 11:18:19,724] {dagbag.py:508} INFO - Filling up the DagBag from /home/ubuntu/.local/lib/python3.8/site-packages/airflow/example_dags/example_complex.py
[2022-09-05 11:18:19,735] {processor.py:651} INFO - DAG(s) dict_keys(['example_complex']) retrieved from /home/ubuntu/.local/lib/python3.8/site-packages/airflow/example_dags/example_complex.py
[2022-09-05 11:18:19,756] {logging_mixin.py:115} INFO - [2022-09-05 11:18:19,756] {dag.py:2420} INFO - Sync 1 DAGs
[2022-09-05 11:18:19,771] {logging_mixin.py:115} INFO - [2022-09-05 11:18:19,771] {dag.py:2968} INFO - Setting next_dagrun for example_complex to None, run_after=None
[2022-09-05 11:18:19,785] {processor.py:161} INFO - Processing /home/ubuntu/.local/lib/python3.8/site-packages/airflow/example_dags/example_complex.py took 0.068 seconds
[2022-09-05 11:18:56,056] {processor.py:153} INFO - Started process (PID=23438) to work on /home/ubuntu/.local/lib/python3.8/site-packages/airflow/example_dags/example_complex.py
[2022-09-05 11:18:56,057] {processor.py:641} INFO - Processing file /home/ubuntu/.local/lib/python3.8/site-packages/airflow/example_dags/example_complex.py for tasks to queue
[2022-09-05 11:18:56,058] {logging_mixin.py:115} INFO - [2022-09-05 11:18:56,058] {dagbag.py:508} INFO - Filling up the DagBag from /home/ubuntu/.local/lib/python3.8/site-packages/airflow/example_dags/example_complex.py
[2022-09-05 11:18:56,074] {processor.py:651} INFO - DAG(s) dict_keys(['example_complex']) retrieved from /home/ubuntu/.local/lib/python3.8/site-packages/airflow/example_dags/example_complex.py
[2022-09-05 11:18:56,096] {logging_mixin.py:115} INFO - [2022-09-05 11:18:56,096] {dag.py:2420} INFO - Sync 1 DAGs
[2022-09-05 11:18:56,111] {logging_mixin.py:115} INFO - [2022-09-05 11:18:56,111] {dag.py:2968} INFO - Setting next_dagrun for example_complex to None, run_after=None
[2022-09-05 11:18:56,128] {processor.py:161} INFO - Processing /home/ubuntu/.local/lib/python3.8/site-packages/airflow/example_dags/example_complex.py took 0.076 seconds
[2022-09-05 11:19:35,993] {processor.py:153} INFO - Started process (PID=23487) to work on /home/ubuntu/.local/lib/python3.8/site-packages/airflow/example_dags/example_complex.py
[2022-09-05 11:19:35,995] {processor.py:641} INFO - Processing file /home/ubuntu/.local/lib/python3.8/site-packages/airflow/example_dags/example_complex.py for tasks to queue
[2022-09-05 11:19:35,996] {logging_mixin.py:115} INFO - [2022-09-05 11:19:35,996] {dagbag.py:508} INFO - Filling up the DagBag from /home/ubuntu/.local/lib/python3.8/site-packages/airflow/example_dags/example_complex.py
[2022-09-05 11:19:36,007] {processor.py:651} INFO - DAG(s) dict_keys(['example_complex']) retrieved from /home/ubuntu/.local/lib/python3.8/site-packages/airflow/example_dags/example_complex.py
[2022-09-05 11:19:36,029] {logging_mixin.py:115} INFO - [2022-09-05 11:19:36,029] {dag.py:2420} INFO - Sync 1 DAGs
[2022-09-05 11:19:36,045] {logging_mixin.py:115} INFO - [2022-09-05 11:19:36,045] {dag.py:2968} INFO - Setting next_dagrun for example_complex to None, run_after=None
[2022-09-05 11:19:36,064] {processor.py:161} INFO - Processing /home/ubuntu/.local/lib/python3.8/site-packages/airflow/example_dags/example_complex.py took 0.075 seconds
[2022-09-05 11:22:21,332] {processor.py:153} INFO - Started process (PID=25223) to work on /home/ubuntu/.local/lib/python3.8/site-packages/airflow/example_dags/example_complex.py
[2022-09-05 11:22:21,334] {processor.py:641} INFO - Processing file /home/ubuntu/.local/lib/python3.8/site-packages/airflow/example_dags/example_complex.py for tasks to queue
[2022-09-05 11:22:21,334] {logging_mixin.py:115} INFO - [2022-09-05 11:22:21,334] {dagbag.py:508} INFO - Filling up the DagBag from /home/ubuntu/.local/lib/python3.8/site-packages/airflow/example_dags/example_complex.py
[2022-09-05 11:22:21,346] {processor.py:651} INFO - DAG(s) dict_keys(['example_complex']) retrieved from /home/ubuntu/.local/lib/python3.8/site-packages/airflow/example_dags/example_complex.py
[2022-09-05 11:22:21,368] {logging_mixin.py:115} INFO - [2022-09-05 11:22:21,368] {dag.py:2420} INFO - Sync 1 DAGs
[2022-09-05 11:22:21,384] {logging_mixin.py:115} INFO - [2022-09-05 11:22:21,384] {dag.py:2968} INFO - Setting next_dagrun for example_complex to None, run_after=None
[2022-09-05 11:22:21,400] {processor.py:161} INFO - Processing /home/ubuntu/.local/lib/python3.8/site-packages/airflow/example_dags/example_complex.py took 0.072 seconds
[2022-09-05 11:22:57,913] {processor.py:153} INFO - Started process (PID=25381) to work on /home/ubuntu/.local/lib/python3.8/site-packages/airflow/example_dags/example_complex.py
[2022-09-05 11:22:57,915] {processor.py:641} INFO - Processing file /home/ubuntu/.local/lib/python3.8/site-packages/airflow/example_dags/example_complex.py for tasks to queue
[2022-09-05 11:22:57,916] {logging_mixin.py:115} INFO - [2022-09-05 11:22:57,916] {dagbag.py:508} INFO - Filling up the DagBag from /home/ubuntu/.local/lib/python3.8/site-packages/airflow/example_dags/example_complex.py
[2022-09-05 11:22:57,927] {processor.py:651} INFO - DAG(s) dict_keys(['example_complex']) retrieved from /home/ubuntu/.local/lib/python3.8/site-packages/airflow/example_dags/example_complex.py
[2022-09-05 11:22:57,951] {logging_mixin.py:115} INFO - [2022-09-05 11:22:57,950] {dag.py:2420} INFO - Sync 1 DAGs
[2022-09-05 11:22:57,967] {logging_mixin.py:115} INFO - [2022-09-05 11:22:57,967] {dag.py:2968} INFO - Setting next_dagrun for example_complex to None, run_after=None
[2022-09-05 11:22:57,983] {processor.py:161} INFO - Processing /home/ubuntu/.local/lib/python3.8/site-packages/airflow/example_dags/example_complex.py took 0.074 seconds
[2022-09-05 11:23:35,237] {processor.py:153} INFO - Started process (PID=25806) to work on /home/ubuntu/.local/lib/python3.8/site-packages/airflow/example_dags/example_complex.py
[2022-09-05 11:23:35,238] {processor.py:641} INFO - Processing file /home/ubuntu/.local/lib/python3.8/site-packages/airflow/example_dags/example_complex.py for tasks to queue
[2022-09-05 11:23:35,238] {logging_mixin.py:115} INFO - [2022-09-05 11:23:35,238] {dagbag.py:508} INFO - Filling up the DagBag from /home/ubuntu/.local/lib/python3.8/site-packages/airflow/example_dags/example_complex.py
[2022-09-05 11:23:35,249] {processor.py:651} INFO - DAG(s) dict_keys(['example_complex']) retrieved from /home/ubuntu/.local/lib/python3.8/site-packages/airflow/example_dags/example_complex.py
[2022-09-05 11:23:35,272] {logging_mixin.py:115} INFO - [2022-09-05 11:23:35,271] {dag.py:2420} INFO - Sync 1 DAGs
[2022-09-05 11:23:35,288] {logging_mixin.py:115} INFO - [2022-09-05 11:23:35,288] {dag.py:2968} INFO - Setting next_dagrun for example_complex to None, run_after=None
[2022-09-05 11:23:35,305] {processor.py:161} INFO - Processing /home/ubuntu/.local/lib/python3.8/site-packages/airflow/example_dags/example_complex.py took 0.072 seconds
[2022-09-05 11:24:11,741] {processor.py:153} INFO - Started process (PID=25971) to work on /home/ubuntu/.local/lib/python3.8/site-packages/airflow/example_dags/example_complex.py
[2022-09-05 11:24:11,742] {processor.py:641} INFO - Processing file /home/ubuntu/.local/lib/python3.8/site-packages/airflow/example_dags/example_complex.py for tasks to queue
[2022-09-05 11:24:11,743] {logging_mixin.py:115} INFO - [2022-09-05 11:24:11,743] {dagbag.py:508} INFO - Filling up the DagBag from /home/ubuntu/.local/lib/python3.8/site-packages/airflow/example_dags/example_complex.py
[2022-09-05 11:24:11,754] {processor.py:651} INFO - DAG(s) dict_keys(['example_complex']) retrieved from /home/ubuntu/.local/lib/python3.8/site-packages/airflow/example_dags/example_complex.py
[2022-09-05 11:24:11,777] {logging_mixin.py:115} INFO - [2022-09-05 11:24:11,777] {dag.py:2420} INFO - Sync 1 DAGs
[2022-09-05 11:24:11,793] {logging_mixin.py:115} INFO - [2022-09-05 11:24:11,793] {dag.py:2968} INFO - Setting next_dagrun for example_complex to None, run_after=None
[2022-09-05 11:24:11,811] {processor.py:161} INFO - Processing /home/ubuntu/.local/lib/python3.8/site-packages/airflow/example_dags/example_complex.py took 0.074 seconds
[2022-09-05 11:24:48,313] {processor.py:153} INFO - Started process (PID=26044) to work on /home/ubuntu/.local/lib/python3.8/site-packages/airflow/example_dags/example_complex.py
[2022-09-05 11:24:48,315] {processor.py:641} INFO - Processing file /home/ubuntu/.local/lib/python3.8/site-packages/airflow/example_dags/example_complex.py for tasks to queue
[2022-09-05 11:24:48,315] {logging_mixin.py:115} INFO - [2022-09-05 11:24:48,315] {dagbag.py:508} INFO - Filling up the DagBag from /home/ubuntu/.local/lib/python3.8/site-packages/airflow/example_dags/example_complex.py
[2022-09-05 11:24:48,326] {processor.py:651} INFO - DAG(s) dict_keys(['example_complex']) retrieved from /home/ubuntu/.local/lib/python3.8/site-packages/airflow/example_dags/example_complex.py
[2022-09-05 11:24:48,347] {logging_mixin.py:115} INFO - [2022-09-05 11:24:48,347] {dag.py:2420} INFO - Sync 1 DAGs
[2022-09-05 11:24:48,362] {logging_mixin.py:115} INFO - [2022-09-05 11:24:48,362] {dag.py:2968} INFO - Setting next_dagrun for example_complex to None, run_after=None
[2022-09-05 11:24:48,381] {processor.py:161} INFO - Processing /home/ubuntu/.local/lib/python3.8/site-packages/airflow/example_dags/example_complex.py took 0.071 seconds
[2022-09-05 11:25:25,477] {processor.py:153} INFO - Started process (PID=26093) to work on /home/ubuntu/.local/lib/python3.8/site-packages/airflow/example_dags/example_complex.py
[2022-09-05 11:25:25,478] {processor.py:641} INFO - Processing file /home/ubuntu/.local/lib/python3.8/site-packages/airflow/example_dags/example_complex.py for tasks to queue
[2022-09-05 11:25:25,479] {logging_mixin.py:115} INFO - [2022-09-05 11:25:25,478] {dagbag.py:508} INFO - Filling up the DagBag from /home/ubuntu/.local/lib/python3.8/site-packages/airflow/example_dags/example_complex.py
[2022-09-05 11:25:25,490] {processor.py:651} INFO - DAG(s) dict_keys(['example_complex']) retrieved from /home/ubuntu/.local/lib/python3.8/site-packages/airflow/example_dags/example_complex.py
[2022-09-05 11:25:25,512] {logging_mixin.py:115} INFO - [2022-09-05 11:25:25,511] {dag.py:2420} INFO - Sync 1 DAGs
[2022-09-05 11:25:25,527] {logging_mixin.py:115} INFO - [2022-09-05 11:25:25,527] {dag.py:2968} INFO - Setting next_dagrun for example_complex to None, run_after=None
[2022-09-05 11:25:25,542] {processor.py:161} INFO - Processing /home/ubuntu/.local/lib/python3.8/site-packages/airflow/example_dags/example_complex.py took 0.069 seconds
[2022-09-05 11:26:03,154] {processor.py:153} INFO - Started process (PID=26307) to work on /home/ubuntu/.local/lib/python3.8/site-packages/airflow/example_dags/example_complex.py
[2022-09-05 11:26:03,155] {processor.py:641} INFO - Processing file /home/ubuntu/.local/lib/python3.8/site-packages/airflow/example_dags/example_complex.py for tasks to queue
[2022-09-05 11:26:03,156] {logging_mixin.py:115} INFO - [2022-09-05 11:26:03,156] {dagbag.py:508} INFO - Filling up the DagBag from /home/ubuntu/.local/lib/python3.8/site-packages/airflow/example_dags/example_complex.py
[2022-09-05 11:26:03,167] {processor.py:651} INFO - DAG(s) dict_keys(['example_complex']) retrieved from /home/ubuntu/.local/lib/python3.8/site-packages/airflow/example_dags/example_complex.py
[2022-09-05 11:26:03,189] {logging_mixin.py:115} INFO - [2022-09-05 11:26:03,189] {dag.py:2420} INFO - Sync 1 DAGs
[2022-09-05 11:26:03,205] {logging_mixin.py:115} INFO - [2022-09-05 11:26:03,205] {dag.py:2968} INFO - Setting next_dagrun for example_complex to None, run_after=None
[2022-09-05 11:26:03,219] {processor.py:161} INFO - Processing /home/ubuntu/.local/lib/python3.8/site-packages/airflow/example_dags/example_complex.py took 0.069 seconds
[2022-09-05 11:26:37,916] {processor.py:153} INFO - Started process (PID=26352) to work on /home/ubuntu/.local/lib/python3.8/site-packages/airflow/example_dags/example_complex.py
[2022-09-05 11:26:37,917] {processor.py:641} INFO - Processing file /home/ubuntu/.local/lib/python3.8/site-packages/airflow/example_dags/example_complex.py for tasks to queue
[2022-09-05 11:26:37,918] {logging_mixin.py:115} INFO - [2022-09-05 11:26:37,918] {dagbag.py:508} INFO - Filling up the DagBag from /home/ubuntu/.local/lib/python3.8/site-packages/airflow/example_dags/example_complex.py
[2022-09-05 11:26:37,929] {processor.py:651} INFO - DAG(s) dict_keys(['example_complex']) retrieved from /home/ubuntu/.local/lib/python3.8/site-packages/airflow/example_dags/example_complex.py
[2022-09-05 11:26:37,951] {logging_mixin.py:115} INFO - [2022-09-05 11:26:37,951] {dag.py:2420} INFO - Sync 1 DAGs
[2022-09-05 11:26:37,966] {logging_mixin.py:115} INFO - [2022-09-05 11:26:37,966] {dag.py:2968} INFO - Setting next_dagrun for example_complex to None, run_after=None
[2022-09-05 11:26:37,980] {processor.py:161} INFO - Processing /home/ubuntu/.local/lib/python3.8/site-packages/airflow/example_dags/example_complex.py took 0.067 seconds
[2022-09-05 11:27:10,375] {processor.py:153} INFO - Started process (PID=26396) to work on /home/ubuntu/.local/lib/python3.8/site-packages/airflow/example_dags/example_complex.py
[2022-09-05 11:27:10,376] {processor.py:641} INFO - Processing file /home/ubuntu/.local/lib/python3.8/site-packages/airflow/example_dags/example_complex.py for tasks to queue
[2022-09-05 11:27:10,376] {logging_mixin.py:115} INFO - [2022-09-05 11:27:10,376] {dagbag.py:508} INFO - Filling up the DagBag from /home/ubuntu/.local/lib/python3.8/site-packages/airflow/example_dags/example_complex.py
[2022-09-05 11:27:10,388] {processor.py:651} INFO - DAG(s) dict_keys(['example_complex']) retrieved from /home/ubuntu/.local/lib/python3.8/site-packages/airflow/example_dags/example_complex.py
[2022-09-05 11:27:10,410] {logging_mixin.py:115} INFO - [2022-09-05 11:27:10,410] {dag.py:2420} INFO - Sync 1 DAGs
[2022-09-05 11:27:10,425] {logging_mixin.py:115} INFO - [2022-09-05 11:27:10,425] {dag.py:2968} INFO - Setting next_dagrun for example_complex to None, run_after=None
[2022-09-05 11:27:10,440] {processor.py:161} INFO - Processing /home/ubuntu/.local/lib/python3.8/site-packages/airflow/example_dags/example_complex.py took 0.068 seconds
[2022-09-05 11:27:46,390] {processor.py:153} INFO - Started process (PID=26440) to work on /home/ubuntu/.local/lib/python3.8/site-packages/airflow/example_dags/example_complex.py
[2022-09-05 11:27:46,393] {processor.py:641} INFO - Processing file /home/ubuntu/.local/lib/python3.8/site-packages/airflow/example_dags/example_complex.py for tasks to queue
[2022-09-05 11:27:46,394] {logging_mixin.py:115} INFO - [2022-09-05 11:27:46,394] {dagbag.py:508} INFO - Filling up the DagBag from /home/ubuntu/.local/lib/python3.8/site-packages/airflow/example_dags/example_complex.py
[2022-09-05 11:27:46,405] {processor.py:651} INFO - DAG(s) dict_keys(['example_complex']) retrieved from /home/ubuntu/.local/lib/python3.8/site-packages/airflow/example_dags/example_complex.py
[2022-09-05 11:27:46,427] {logging_mixin.py:115} INFO - [2022-09-05 11:27:46,427] {dag.py:2420} INFO - Sync 1 DAGs
[2022-09-05 11:27:46,442] {logging_mixin.py:115} INFO - [2022-09-05 11:27:46,442] {dag.py:2968} INFO - Setting next_dagrun for example_complex to None, run_after=None
[2022-09-05 11:27:46,460] {processor.py:161} INFO - Processing /home/ubuntu/.local/lib/python3.8/site-packages/airflow/example_dags/example_complex.py took 0.073 seconds
[2022-09-05 11:28:22,976] {processor.py:153} INFO - Started process (PID=26791) to work on /home/ubuntu/.local/lib/python3.8/site-packages/airflow/example_dags/example_complex.py
[2022-09-05 11:28:22,978] {processor.py:641} INFO - Processing file /home/ubuntu/.local/lib/python3.8/site-packages/airflow/example_dags/example_complex.py for tasks to queue
[2022-09-05 11:28:22,978] {logging_mixin.py:115} INFO - [2022-09-05 11:28:22,978] {dagbag.py:508} INFO - Filling up the DagBag from /home/ubuntu/.local/lib/python3.8/site-packages/airflow/example_dags/example_complex.py
[2022-09-05 11:28:22,989] {processor.py:651} INFO - DAG(s) dict_keys(['example_complex']) retrieved from /home/ubuntu/.local/lib/python3.8/site-packages/airflow/example_dags/example_complex.py
[2022-09-05 11:28:23,011] {logging_mixin.py:115} INFO - [2022-09-05 11:28:23,011] {dag.py:2420} INFO - Sync 1 DAGs
[2022-09-05 11:28:23,027] {logging_mixin.py:115} INFO - [2022-09-05 11:28:23,027] {dag.py:2968} INFO - Setting next_dagrun for example_complex to None, run_after=None
[2022-09-05 11:28:23,041] {processor.py:161} INFO - Processing /home/ubuntu/.local/lib/python3.8/site-packages/airflow/example_dags/example_complex.py took 0.069 seconds
[2022-09-05 11:28:59,727] {processor.py:153} INFO - Started process (PID=27029) to work on /home/ubuntu/.local/lib/python3.8/site-packages/airflow/example_dags/example_complex.py
[2022-09-05 11:28:59,728] {processor.py:641} INFO - Processing file /home/ubuntu/.local/lib/python3.8/site-packages/airflow/example_dags/example_complex.py for tasks to queue
[2022-09-05 11:28:59,729] {logging_mixin.py:115} INFO - [2022-09-05 11:28:59,728] {dagbag.py:508} INFO - Filling up the DagBag from /home/ubuntu/.local/lib/python3.8/site-packages/airflow/example_dags/example_complex.py
[2022-09-05 11:28:59,740] {processor.py:651} INFO - DAG(s) dict_keys(['example_complex']) retrieved from /home/ubuntu/.local/lib/python3.8/site-packages/airflow/example_dags/example_complex.py
[2022-09-05 11:28:59,763] {logging_mixin.py:115} INFO - [2022-09-05 11:28:59,763] {dag.py:2420} INFO - Sync 1 DAGs
[2022-09-05 11:28:59,780] {logging_mixin.py:115} INFO - [2022-09-05 11:28:59,780] {dag.py:2968} INFO - Setting next_dagrun for example_complex to None, run_after=None
[2022-09-05 11:28:59,795] {processor.py:161} INFO - Processing /home/ubuntu/.local/lib/python3.8/site-packages/airflow/example_dags/example_complex.py took 0.073 seconds
[2022-09-05 11:29:35,086] {processor.py:153} INFO - Started process (PID=27079) to work on /home/ubuntu/.local/lib/python3.8/site-packages/airflow/example_dags/example_complex.py
[2022-09-05 11:29:35,088] {processor.py:641} INFO - Processing file /home/ubuntu/.local/lib/python3.8/site-packages/airflow/example_dags/example_complex.py for tasks to queue
[2022-09-05 11:29:35,088] {logging_mixin.py:115} INFO - [2022-09-05 11:29:35,088] {dagbag.py:508} INFO - Filling up the DagBag from /home/ubuntu/.local/lib/python3.8/site-packages/airflow/example_dags/example_complex.py
[2022-09-05 11:29:35,100] {processor.py:651} INFO - DAG(s) dict_keys(['example_complex']) retrieved from /home/ubuntu/.local/lib/python3.8/site-packages/airflow/example_dags/example_complex.py
[2022-09-05 11:29:35,122] {logging_mixin.py:115} INFO - [2022-09-05 11:29:35,122] {dag.py:2420} INFO - Sync 1 DAGs
[2022-09-05 11:29:35,137] {logging_mixin.py:115} INFO - [2022-09-05 11:29:35,137] {dag.py:2968} INFO - Setting next_dagrun for example_complex to None, run_after=None
[2022-09-05 11:29:35,156] {processor.py:161} INFO - Processing /home/ubuntu/.local/lib/python3.8/site-packages/airflow/example_dags/example_complex.py took 0.074 seconds
[2022-09-05 11:32:19,467] {processor.py:153} INFO - Started process (PID=28931) to work on /home/ubuntu/.local/lib/python3.8/site-packages/airflow/example_dags/example_complex.py
[2022-09-05 11:32:19,469] {processor.py:641} INFO - Processing file /home/ubuntu/.local/lib/python3.8/site-packages/airflow/example_dags/example_complex.py for tasks to queue
[2022-09-05 11:32:19,470] {logging_mixin.py:115} INFO - [2022-09-05 11:32:19,470] {dagbag.py:508} INFO - Filling up the DagBag from /home/ubuntu/.local/lib/python3.8/site-packages/airflow/example_dags/example_complex.py
[2022-09-05 11:32:19,485] {processor.py:651} INFO - DAG(s) dict_keys(['example_complex']) retrieved from /home/ubuntu/.local/lib/python3.8/site-packages/airflow/example_dags/example_complex.py
[2022-09-05 11:32:19,503] {logging_mixin.py:115} INFO - [2022-09-05 11:32:19,503] {dag.py:2420} INFO - Sync 1 DAGs
[2022-09-05 11:32:19,518] {logging_mixin.py:115} INFO - [2022-09-05 11:32:19,518] {dag.py:2968} INFO - Setting next_dagrun for example_complex to None, run_after=None
[2022-09-05 11:32:19,533] {processor.py:161} INFO - Processing /home/ubuntu/.local/lib/python3.8/site-packages/airflow/example_dags/example_complex.py took 0.070 seconds
[2022-09-05 11:32:54,212] {processor.py:153} INFO - Started process (PID=29243) to work on /home/ubuntu/.local/lib/python3.8/site-packages/airflow/example_dags/example_complex.py
[2022-09-05 11:32:54,213] {processor.py:641} INFO - Processing file /home/ubuntu/.local/lib/python3.8/site-packages/airflow/example_dags/example_complex.py for tasks to queue
[2022-09-05 11:32:54,213] {logging_mixin.py:115} INFO - [2022-09-05 11:32:54,213] {dagbag.py:508} INFO - Filling up the DagBag from /home/ubuntu/.local/lib/python3.8/site-packages/airflow/example_dags/example_complex.py
[2022-09-05 11:32:54,228] {processor.py:651} INFO - DAG(s) dict_keys(['example_complex']) retrieved from /home/ubuntu/.local/lib/python3.8/site-packages/airflow/example_dags/example_complex.py
[2022-09-05 11:32:54,245] {logging_mixin.py:115} INFO - [2022-09-05 11:32:54,245] {dag.py:2420} INFO - Sync 1 DAGs
[2022-09-05 11:32:54,259] {logging_mixin.py:115} INFO - [2022-09-05 11:32:54,259] {dag.py:2968} INFO - Setting next_dagrun for example_complex to None, run_after=None
[2022-09-05 11:32:54,281] {processor.py:161} INFO - Processing /home/ubuntu/.local/lib/python3.8/site-packages/airflow/example_dags/example_complex.py took 0.073 seconds
[2022-09-05 11:34:17,637] {processor.py:153} INFO - Started process (PID=29667) to work on /home/ubuntu/.local/lib/python3.8/site-packages/airflow/example_dags/example_complex.py
[2022-09-05 11:34:17,640] {processor.py:641} INFO - Processing file /home/ubuntu/.local/lib/python3.8/site-packages/airflow/example_dags/example_complex.py for tasks to queue
[2022-09-05 11:34:17,640] {logging_mixin.py:115} INFO - [2022-09-05 11:34:17,640] {dagbag.py:508} INFO - Filling up the DagBag from /home/ubuntu/.local/lib/python3.8/site-packages/airflow/example_dags/example_complex.py
[2022-09-05 11:34:17,653] {processor.py:651} INFO - DAG(s) dict_keys(['example_complex']) retrieved from /home/ubuntu/.local/lib/python3.8/site-packages/airflow/example_dags/example_complex.py
[2022-09-05 11:34:17,674] {logging_mixin.py:115} INFO - [2022-09-05 11:34:17,674] {dag.py:2420} INFO - Sync 1 DAGs
[2022-09-05 11:34:17,689] {logging_mixin.py:115} INFO - [2022-09-05 11:34:17,689] {dag.py:2968} INFO - Setting next_dagrun for example_complex to None, run_after=None
[2022-09-05 11:34:17,711] {processor.py:161} INFO - Processing /home/ubuntu/.local/lib/python3.8/site-packages/airflow/example_dags/example_complex.py took 0.077 seconds
[2022-09-05 11:34:50,992] {processor.py:153} INFO - Started process (PID=29745) to work on /home/ubuntu/.local/lib/python3.8/site-packages/airflow/example_dags/example_complex.py
[2022-09-05 11:34:50,993] {processor.py:641} INFO - Processing file /home/ubuntu/.local/lib/python3.8/site-packages/airflow/example_dags/example_complex.py for tasks to queue
[2022-09-05 11:34:50,993] {logging_mixin.py:115} INFO - [2022-09-05 11:34:50,993] {dagbag.py:508} INFO - Filling up the DagBag from /home/ubuntu/.local/lib/python3.8/site-packages/airflow/example_dags/example_complex.py
[2022-09-05 11:34:51,006] {processor.py:651} INFO - DAG(s) dict_keys(['example_complex']) retrieved from /home/ubuntu/.local/lib/python3.8/site-packages/airflow/example_dags/example_complex.py
[2022-09-05 11:34:51,027] {logging_mixin.py:115} INFO - [2022-09-05 11:34:51,027] {dag.py:2420} INFO - Sync 1 DAGs
[2022-09-05 11:34:51,041] {logging_mixin.py:115} INFO - [2022-09-05 11:34:51,041] {dag.py:2968} INFO - Setting next_dagrun for example_complex to None, run_after=None
[2022-09-05 11:34:51,057] {processor.py:161} INFO - Processing /home/ubuntu/.local/lib/python3.8/site-packages/airflow/example_dags/example_complex.py took 0.068 seconds
[2022-09-05 11:35:25,983] {processor.py:153} INFO - Started process (PID=29831) to work on /home/ubuntu/.local/lib/python3.8/site-packages/airflow/example_dags/example_complex.py
[2022-09-05 11:35:25,985] {processor.py:641} INFO - Processing file /home/ubuntu/.local/lib/python3.8/site-packages/airflow/example_dags/example_complex.py for tasks to queue
[2022-09-05 11:35:25,985] {logging_mixin.py:115} INFO - [2022-09-05 11:35:25,985] {dagbag.py:508} INFO - Filling up the DagBag from /home/ubuntu/.local/lib/python3.8/site-packages/airflow/example_dags/example_complex.py
[2022-09-05 11:35:25,996] {processor.py:651} INFO - DAG(s) dict_keys(['example_complex']) retrieved from /home/ubuntu/.local/lib/python3.8/site-packages/airflow/example_dags/example_complex.py
[2022-09-05 11:35:26,018] {logging_mixin.py:115} INFO - [2022-09-05 11:35:26,018] {dag.py:2420} INFO - Sync 1 DAGs
[2022-09-05 11:35:26,034] {logging_mixin.py:115} INFO - [2022-09-05 11:35:26,034] {dag.py:2968} INFO - Setting next_dagrun for example_complex to None, run_after=None
[2022-09-05 11:35:26,051] {processor.py:161} INFO - Processing /home/ubuntu/.local/lib/python3.8/site-packages/airflow/example_dags/example_complex.py took 0.071 seconds
[2022-09-05 11:36:02,728] {processor.py:153} INFO - Started process (PID=29920) to work on /home/ubuntu/.local/lib/python3.8/site-packages/airflow/example_dags/example_complex.py
[2022-09-05 11:36:02,730] {processor.py:641} INFO - Processing file /home/ubuntu/.local/lib/python3.8/site-packages/airflow/example_dags/example_complex.py for tasks to queue
[2022-09-05 11:36:02,731] {logging_mixin.py:115} INFO - [2022-09-05 11:36:02,731] {dagbag.py:508} INFO - Filling up the DagBag from /home/ubuntu/.local/lib/python3.8/site-packages/airflow/example_dags/example_complex.py
[2022-09-05 11:36:02,742] {processor.py:651} INFO - DAG(s) dict_keys(['example_complex']) retrieved from /home/ubuntu/.local/lib/python3.8/site-packages/airflow/example_dags/example_complex.py
[2022-09-05 11:36:02,765] {logging_mixin.py:115} INFO - [2022-09-05 11:36:02,765] {dag.py:2420} INFO - Sync 1 DAGs
[2022-09-05 11:36:02,781] {logging_mixin.py:115} INFO - [2022-09-05 11:36:02,781] {dag.py:2968} INFO - Setting next_dagrun for example_complex to None, run_after=None
[2022-09-05 11:36:02,803] {processor.py:161} INFO - Processing /home/ubuntu/.local/lib/python3.8/site-packages/airflow/example_dags/example_complex.py took 0.078 seconds
[2022-09-05 11:36:37,294] {processor.py:153} INFO - Started process (PID=30002) to work on /home/ubuntu/.local/lib/python3.8/site-packages/airflow/example_dags/example_complex.py
[2022-09-05 11:36:37,296] {processor.py:641} INFO - Processing file /home/ubuntu/.local/lib/python3.8/site-packages/airflow/example_dags/example_complex.py for tasks to queue
[2022-09-05 11:36:37,296] {logging_mixin.py:115} INFO - [2022-09-05 11:36:37,296] {dagbag.py:508} INFO - Filling up the DagBag from /home/ubuntu/.local/lib/python3.8/site-packages/airflow/example_dags/example_complex.py
[2022-09-05 11:36:37,308] {processor.py:651} INFO - DAG(s) dict_keys(['example_complex']) retrieved from /home/ubuntu/.local/lib/python3.8/site-packages/airflow/example_dags/example_complex.py
[2022-09-05 11:36:37,330] {logging_mixin.py:115} INFO - [2022-09-05 11:36:37,330] {dag.py:2420} INFO - Sync 1 DAGs
[2022-09-05 11:36:37,347] {logging_mixin.py:115} INFO - [2022-09-05 11:36:37,347] {dag.py:2968} INFO - Setting next_dagrun for example_complex to None, run_after=None
[2022-09-05 11:36:37,363] {processor.py:161} INFO - Processing /home/ubuntu/.local/lib/python3.8/site-packages/airflow/example_dags/example_complex.py took 0.073 seconds
[2022-09-05 11:37:15,650] {processor.py:153} INFO - Started process (PID=30097) to work on /home/ubuntu/.local/lib/python3.8/site-packages/airflow/example_dags/example_complex.py
[2022-09-05 11:37:15,653] {processor.py:641} INFO - Processing file /home/ubuntu/.local/lib/python3.8/site-packages/airflow/example_dags/example_complex.py for tasks to queue
[2022-09-05 11:37:15,653] {logging_mixin.py:115} INFO - [2022-09-05 11:37:15,653] {dagbag.py:508} INFO - Filling up the DagBag from /home/ubuntu/.local/lib/python3.8/site-packages/airflow/example_dags/example_complex.py
[2022-09-05 11:37:15,665] {processor.py:651} INFO - DAG(s) dict_keys(['example_complex']) retrieved from /home/ubuntu/.local/lib/python3.8/site-packages/airflow/example_dags/example_complex.py
[2022-09-05 11:37:15,687] {logging_mixin.py:115} INFO - [2022-09-05 11:37:15,687] {dag.py:2420} INFO - Sync 1 DAGs
[2022-09-05 11:37:15,703] {logging_mixin.py:115} INFO - [2022-09-05 11:37:15,703] {dag.py:2968} INFO - Setting next_dagrun for example_complex to None, run_after=None
[2022-09-05 11:37:15,717] {processor.py:161} INFO - Processing /home/ubuntu/.local/lib/python3.8/site-packages/airflow/example_dags/example_complex.py took 0.071 seconds
[2022-09-05 11:37:53,575] {processor.py:153} INFO - Started process (PID=30191) to work on /home/ubuntu/.local/lib/python3.8/site-packages/airflow/example_dags/example_complex.py
[2022-09-05 11:37:53,578] {processor.py:641} INFO - Processing file /home/ubuntu/.local/lib/python3.8/site-packages/airflow/example_dags/example_complex.py for tasks to queue
[2022-09-05 11:37:53,578] {logging_mixin.py:115} INFO - [2022-09-05 11:37:53,578] {dagbag.py:508} INFO - Filling up the DagBag from /home/ubuntu/.local/lib/python3.8/site-packages/airflow/example_dags/example_complex.py
[2022-09-05 11:37:53,590] {processor.py:651} INFO - DAG(s) dict_keys(['example_complex']) retrieved from /home/ubuntu/.local/lib/python3.8/site-packages/airflow/example_dags/example_complex.py
[2022-09-05 11:37:53,612] {logging_mixin.py:115} INFO - [2022-09-05 11:37:53,612] {dag.py:2420} INFO - Sync 1 DAGs
[2022-09-05 11:37:53,627] {logging_mixin.py:115} INFO - [2022-09-05 11:37:53,627] {dag.py:2968} INFO - Setting next_dagrun for example_complex to None, run_after=None
[2022-09-05 11:37:53,644] {processor.py:161} INFO - Processing /home/ubuntu/.local/lib/python3.8/site-packages/airflow/example_dags/example_complex.py took 0.072 seconds
[2022-09-05 11:38:32,777] {processor.py:153} INFO - Started process (PID=30304) to work on /home/ubuntu/.local/lib/python3.8/site-packages/airflow/example_dags/example_complex.py
[2022-09-05 11:38:32,778] {processor.py:641} INFO - Processing file /home/ubuntu/.local/lib/python3.8/site-packages/airflow/example_dags/example_complex.py for tasks to queue
[2022-09-05 11:38:32,778] {logging_mixin.py:115} INFO - [2022-09-05 11:38:32,778] {dagbag.py:508} INFO - Filling up the DagBag from /home/ubuntu/.local/lib/python3.8/site-packages/airflow/example_dags/example_complex.py
[2022-09-05 11:38:32,788] {processor.py:651} INFO - DAG(s) dict_keys(['example_complex']) retrieved from /home/ubuntu/.local/lib/python3.8/site-packages/airflow/example_dags/example_complex.py
[2022-09-05 11:38:32,809] {logging_mixin.py:115} INFO - [2022-09-05 11:38:32,809] {dag.py:2420} INFO - Sync 1 DAGs
[2022-09-05 11:38:32,823] {logging_mixin.py:115} INFO - [2022-09-05 11:38:32,823] {dag.py:2968} INFO - Setting next_dagrun for example_complex to None, run_after=None
[2022-09-05 11:38:32,839] {processor.py:161} INFO - Processing /home/ubuntu/.local/lib/python3.8/site-packages/airflow/example_dags/example_complex.py took 0.066 seconds
[2022-09-05 11:39:07,596] {processor.py:153} INFO - Started process (PID=30461) to work on /home/ubuntu/.local/lib/python3.8/site-packages/airflow/example_dags/example_complex.py
[2022-09-05 11:39:07,598] {processor.py:641} INFO - Processing file /home/ubuntu/.local/lib/python3.8/site-packages/airflow/example_dags/example_complex.py for tasks to queue
[2022-09-05 11:39:07,598] {logging_mixin.py:115} INFO - [2022-09-05 11:39:07,598] {dagbag.py:508} INFO - Filling up the DagBag from /home/ubuntu/.local/lib/python3.8/site-packages/airflow/example_dags/example_complex.py
[2022-09-05 11:39:07,610] {processor.py:651} INFO - DAG(s) dict_keys(['example_complex']) retrieved from /home/ubuntu/.local/lib/python3.8/site-packages/airflow/example_dags/example_complex.py
[2022-09-05 11:39:07,631] {logging_mixin.py:115} INFO - [2022-09-05 11:39:07,631] {dag.py:2420} INFO - Sync 1 DAGs
[2022-09-05 11:39:07,647] {logging_mixin.py:115} INFO - [2022-09-05 11:39:07,647] {dag.py:2968} INFO - Setting next_dagrun for example_complex to None, run_after=None
[2022-09-05 11:39:07,662] {processor.py:161} INFO - Processing /home/ubuntu/.local/lib/python3.8/site-packages/airflow/example_dags/example_complex.py took 0.069 seconds
[2022-09-05 11:39:43,181] {processor.py:153} INFO - Started process (PID=30554) to work on /home/ubuntu/.local/lib/python3.8/site-packages/airflow/example_dags/example_complex.py
[2022-09-05 11:39:43,182] {processor.py:641} INFO - Processing file /home/ubuntu/.local/lib/python3.8/site-packages/airflow/example_dags/example_complex.py for tasks to queue
[2022-09-05 11:39:43,182] {logging_mixin.py:115} INFO - [2022-09-05 11:39:43,182] {dagbag.py:508} INFO - Filling up the DagBag from /home/ubuntu/.local/lib/python3.8/site-packages/airflow/example_dags/example_complex.py
[2022-09-05 11:39:43,194] {processor.py:651} INFO - DAG(s) dict_keys(['example_complex']) retrieved from /home/ubuntu/.local/lib/python3.8/site-packages/airflow/example_dags/example_complex.py
[2022-09-05 11:39:43,215] {logging_mixin.py:115} INFO - [2022-09-05 11:39:43,215] {dag.py:2420} INFO - Sync 1 DAGs
[2022-09-05 11:39:43,230] {logging_mixin.py:115} INFO - [2022-09-05 11:39:43,230] {dag.py:2968} INFO - Setting next_dagrun for example_complex to None, run_after=None
[2022-09-05 11:39:43,244] {processor.py:161} INFO - Processing /home/ubuntu/.local/lib/python3.8/site-packages/airflow/example_dags/example_complex.py took 0.068 seconds
[2022-09-05 16:30:26,286] {processor.py:153} INFO - Started process (PID=55282) to work on /home/ubuntu/.local/lib/python3.8/site-packages/airflow/example_dags/example_complex.py
[2022-09-05 16:30:26,288] {processor.py:641} INFO - Processing file /home/ubuntu/.local/lib/python3.8/site-packages/airflow/example_dags/example_complex.py for tasks to queue
[2022-09-05 16:30:26,289] {logging_mixin.py:115} INFO - [2022-09-05 16:30:26,289] {dagbag.py:508} INFO - Filling up the DagBag from /home/ubuntu/.local/lib/python3.8/site-packages/airflow/example_dags/example_complex.py
[2022-09-05 16:30:26,300] {processor.py:651} INFO - DAG(s) dict_keys(['example_complex']) retrieved from /home/ubuntu/.local/lib/python3.8/site-packages/airflow/example_dags/example_complex.py
[2022-09-05 16:30:26,318] {logging_mixin.py:115} INFO - [2022-09-05 16:30:26,318] {dag.py:2420} INFO - Sync 1 DAGs
[2022-09-05 16:30:26,331] {logging_mixin.py:115} INFO - [2022-09-05 16:30:26,330] {dag.py:2968} INFO - Setting next_dagrun for example_complex to None, run_after=None
[2022-09-05 16:30:26,344] {processor.py:161} INFO - Processing /home/ubuntu/.local/lib/python3.8/site-packages/airflow/example_dags/example_complex.py took 0.061 seconds
