[2022-09-05 10:47:29,428] {processor.py:153} INFO - Started process (PID=12175) to work on /home/ubuntu/.local/lib/python3.8/site-packages/airflow/example_dags/example_bash_operator.py
[2022-09-05 10:47:29,428] {processor.py:641} INFO - Processing file /home/ubuntu/.local/lib/python3.8/site-packages/airflow/example_dags/example_bash_operator.py for tasks to queue
[2022-09-05 10:47:29,429] {logging_mixin.py:115} INFO - [2022-09-05 10:47:29,429] {dagbag.py:508} INFO - Filling up the DagBag from /home/ubuntu/.local/lib/python3.8/site-packages/airflow/example_dags/example_bash_operator.py
[2022-09-05 10:47:29,440] {processor.py:651} INFO - DAG(s) dict_keys(['example_bash_operator']) retrieved from /home/ubuntu/.local/lib/python3.8/site-packages/airflow/example_dags/example_bash_operator.py
[2022-09-05 10:47:29,454] {logging_mixin.py:115} INFO - [2022-09-05 10:47:29,454] {dag.py:2420} INFO - Sync 1 DAGs
[2022-09-05 10:47:29,471] {logging_mixin.py:115} INFO - [2022-09-05 10:47:29,471] {dag.py:2968} INFO - Setting next_dagrun for example_bash_operator to 2022-09-04T00:00:00+00:00, run_after=2022-09-05T00:00:00+00:00
[2022-09-05 10:47:29,502] {processor.py:161} INFO - Processing /home/ubuntu/.local/lib/python3.8/site-packages/airflow/example_dags/example_bash_operator.py took 0.077 seconds
[2022-09-05 10:48:05,872] {processor.py:153} INFO - Started process (PID=12259) to work on /home/ubuntu/.local/lib/python3.8/site-packages/airflow/example_dags/example_bash_operator.py
[2022-09-05 10:48:05,874] {processor.py:641} INFO - Processing file /home/ubuntu/.local/lib/python3.8/site-packages/airflow/example_dags/example_bash_operator.py for tasks to queue
[2022-09-05 10:48:05,875] {logging_mixin.py:115} INFO - [2022-09-05 10:48:05,874] {dagbag.py:508} INFO - Filling up the DagBag from /home/ubuntu/.local/lib/python3.8/site-packages/airflow/example_dags/example_bash_operator.py
[2022-09-05 10:48:05,886] {processor.py:651} INFO - DAG(s) dict_keys(['example_bash_operator']) retrieved from /home/ubuntu/.local/lib/python3.8/site-packages/airflow/example_dags/example_bash_operator.py
[2022-09-05 10:48:05,902] {logging_mixin.py:115} INFO - [2022-09-05 10:48:05,901] {dag.py:2420} INFO - Sync 1 DAGs
[2022-09-05 10:48:05,920] {logging_mixin.py:115} INFO - [2022-09-05 10:48:05,920] {dag.py:2968} INFO - Setting next_dagrun for example_bash_operator to 2022-09-04T00:00:00+00:00, run_after=2022-09-05T00:00:00+00:00
[2022-09-05 10:48:05,933] {processor.py:161} INFO - Processing /home/ubuntu/.local/lib/python3.8/site-packages/airflow/example_dags/example_bash_operator.py took 0.064 seconds
[2022-09-05 10:48:39,698] {processor.py:153} INFO - Started process (PID=12346) to work on /home/ubuntu/.local/lib/python3.8/site-packages/airflow/example_dags/example_bash_operator.py
[2022-09-05 10:48:39,699] {processor.py:641} INFO - Processing file /home/ubuntu/.local/lib/python3.8/site-packages/airflow/example_dags/example_bash_operator.py for tasks to queue
[2022-09-05 10:48:39,700] {logging_mixin.py:115} INFO - [2022-09-05 10:48:39,700] {dagbag.py:508} INFO - Filling up the DagBag from /home/ubuntu/.local/lib/python3.8/site-packages/airflow/example_dags/example_bash_operator.py
[2022-09-05 10:48:39,711] {processor.py:651} INFO - DAG(s) dict_keys(['example_bash_operator']) retrieved from /home/ubuntu/.local/lib/python3.8/site-packages/airflow/example_dags/example_bash_operator.py
[2022-09-05 10:48:39,726] {logging_mixin.py:115} INFO - [2022-09-05 10:48:39,726] {dag.py:2420} INFO - Sync 1 DAGs
[2022-09-05 10:48:39,744] {logging_mixin.py:115} INFO - [2022-09-05 10:48:39,744] {dag.py:2968} INFO - Setting next_dagrun for example_bash_operator to 2022-09-04T00:00:00+00:00, run_after=2022-09-05T00:00:00+00:00
[2022-09-05 10:48:39,758] {processor.py:161} INFO - Processing /home/ubuntu/.local/lib/python3.8/site-packages/airflow/example_dags/example_bash_operator.py took 0.062 seconds
[2022-09-05 10:49:16,953] {processor.py:153} INFO - Started process (PID=12433) to work on /home/ubuntu/.local/lib/python3.8/site-packages/airflow/example_dags/example_bash_operator.py
[2022-09-05 10:49:16,954] {processor.py:641} INFO - Processing file /home/ubuntu/.local/lib/python3.8/site-packages/airflow/example_dags/example_bash_operator.py for tasks to queue
[2022-09-05 10:49:16,955] {logging_mixin.py:115} INFO - [2022-09-05 10:49:16,954] {dagbag.py:508} INFO - Filling up the DagBag from /home/ubuntu/.local/lib/python3.8/site-packages/airflow/example_dags/example_bash_operator.py
[2022-09-05 10:49:16,966] {processor.py:651} INFO - DAG(s) dict_keys(['example_bash_operator']) retrieved from /home/ubuntu/.local/lib/python3.8/site-packages/airflow/example_dags/example_bash_operator.py
[2022-09-05 10:49:16,981] {logging_mixin.py:115} INFO - [2022-09-05 10:49:16,981] {dag.py:2420} INFO - Sync 1 DAGs
[2022-09-05 10:49:16,999] {logging_mixin.py:115} INFO - [2022-09-05 10:49:16,999] {dag.py:2968} INFO - Setting next_dagrun for example_bash_operator to 2022-09-04T00:00:00+00:00, run_after=2022-09-05T00:00:00+00:00
[2022-09-05 10:49:17,013] {processor.py:161} INFO - Processing /home/ubuntu/.local/lib/python3.8/site-packages/airflow/example_dags/example_bash_operator.py took 0.064 seconds
[2022-09-05 10:49:53,067] {processor.py:153} INFO - Started process (PID=12525) to work on /home/ubuntu/.local/lib/python3.8/site-packages/airflow/example_dags/example_bash_operator.py
[2022-09-05 10:49:53,068] {processor.py:641} INFO - Processing file /home/ubuntu/.local/lib/python3.8/site-packages/airflow/example_dags/example_bash_operator.py for tasks to queue
[2022-09-05 10:49:53,069] {logging_mixin.py:115} INFO - [2022-09-05 10:49:53,069] {dagbag.py:508} INFO - Filling up the DagBag from /home/ubuntu/.local/lib/python3.8/site-packages/airflow/example_dags/example_bash_operator.py
[2022-09-05 10:49:53,080] {processor.py:651} INFO - DAG(s) dict_keys(['example_bash_operator']) retrieved from /home/ubuntu/.local/lib/python3.8/site-packages/airflow/example_dags/example_bash_operator.py
[2022-09-05 10:49:53,096] {logging_mixin.py:115} INFO - [2022-09-05 10:49:53,096] {dag.py:2420} INFO - Sync 1 DAGs
[2022-09-05 10:49:53,116] {logging_mixin.py:115} INFO - [2022-09-05 10:49:53,116] {dag.py:2968} INFO - Setting next_dagrun for example_bash_operator to 2022-09-04T00:00:00+00:00, run_after=2022-09-05T00:00:00+00:00
[2022-09-05 10:49:53,135] {processor.py:161} INFO - Processing /home/ubuntu/.local/lib/python3.8/site-packages/airflow/example_dags/example_bash_operator.py took 0.071 seconds
[2022-09-05 10:50:27,985] {processor.py:153} INFO - Started process (PID=12605) to work on /home/ubuntu/.local/lib/python3.8/site-packages/airflow/example_dags/example_bash_operator.py
[2022-09-05 10:50:27,986] {processor.py:641} INFO - Processing file /home/ubuntu/.local/lib/python3.8/site-packages/airflow/example_dags/example_bash_operator.py for tasks to queue
[2022-09-05 10:50:27,986] {logging_mixin.py:115} INFO - [2022-09-05 10:50:27,986] {dagbag.py:508} INFO - Filling up the DagBag from /home/ubuntu/.local/lib/python3.8/site-packages/airflow/example_dags/example_bash_operator.py
[2022-09-05 10:50:27,998] {processor.py:651} INFO - DAG(s) dict_keys(['example_bash_operator']) retrieved from /home/ubuntu/.local/lib/python3.8/site-packages/airflow/example_dags/example_bash_operator.py
[2022-09-05 10:50:28,013] {logging_mixin.py:115} INFO - [2022-09-05 10:50:28,013] {dag.py:2420} INFO - Sync 1 DAGs
[2022-09-05 10:50:28,031] {logging_mixin.py:115} INFO - [2022-09-05 10:50:28,031] {dag.py:2968} INFO - Setting next_dagrun for example_bash_operator to 2022-09-04T00:00:00+00:00, run_after=2022-09-05T00:00:00+00:00
[2022-09-05 10:50:28,049] {processor.py:161} INFO - Processing /home/ubuntu/.local/lib/python3.8/site-packages/airflow/example_dags/example_bash_operator.py took 0.068 seconds
[2022-09-05 10:51:02,899] {processor.py:153} INFO - Started process (PID=12684) to work on /home/ubuntu/.local/lib/python3.8/site-packages/airflow/example_dags/example_bash_operator.py
[2022-09-05 10:51:02,900] {processor.py:641} INFO - Processing file /home/ubuntu/.local/lib/python3.8/site-packages/airflow/example_dags/example_bash_operator.py for tasks to queue
[2022-09-05 10:51:02,901] {logging_mixin.py:115} INFO - [2022-09-05 10:51:02,901] {dagbag.py:508} INFO - Filling up the DagBag from /home/ubuntu/.local/lib/python3.8/site-packages/airflow/example_dags/example_bash_operator.py
[2022-09-05 10:51:02,913] {processor.py:651} INFO - DAG(s) dict_keys(['example_bash_operator']) retrieved from /home/ubuntu/.local/lib/python3.8/site-packages/airflow/example_dags/example_bash_operator.py
[2022-09-05 10:51:02,929] {logging_mixin.py:115} INFO - [2022-09-05 10:51:02,929] {dag.py:2420} INFO - Sync 1 DAGs
[2022-09-05 10:51:02,949] {logging_mixin.py:115} INFO - [2022-09-05 10:51:02,949] {dag.py:2968} INFO - Setting next_dagrun for example_bash_operator to 2022-09-04T00:00:00+00:00, run_after=2022-09-05T00:00:00+00:00
[2022-09-05 10:51:02,967] {processor.py:161} INFO - Processing /home/ubuntu/.local/lib/python3.8/site-packages/airflow/example_dags/example_bash_operator.py took 0.071 seconds
[2022-09-05 10:51:38,223] {processor.py:153} INFO - Started process (PID=12959) to work on /home/ubuntu/.local/lib/python3.8/site-packages/airflow/example_dags/example_bash_operator.py
[2022-09-05 10:51:38,224] {processor.py:641} INFO - Processing file /home/ubuntu/.local/lib/python3.8/site-packages/airflow/example_dags/example_bash_operator.py for tasks to queue
[2022-09-05 10:51:38,225] {logging_mixin.py:115} INFO - [2022-09-05 10:51:38,225] {dagbag.py:508} INFO - Filling up the DagBag from /home/ubuntu/.local/lib/python3.8/site-packages/airflow/example_dags/example_bash_operator.py
[2022-09-05 10:51:38,236] {processor.py:651} INFO - DAG(s) dict_keys(['example_bash_operator']) retrieved from /home/ubuntu/.local/lib/python3.8/site-packages/airflow/example_dags/example_bash_operator.py
[2022-09-05 10:51:38,252] {logging_mixin.py:115} INFO - [2022-09-05 10:51:38,252] {dag.py:2420} INFO - Sync 1 DAGs
[2022-09-05 10:51:38,271] {logging_mixin.py:115} INFO - [2022-09-05 10:51:38,271] {dag.py:2968} INFO - Setting next_dagrun for example_bash_operator to 2022-09-04T00:00:00+00:00, run_after=2022-09-05T00:00:00+00:00
[2022-09-05 10:51:38,300] {processor.py:161} INFO - Processing /home/ubuntu/.local/lib/python3.8/site-packages/airflow/example_dags/example_bash_operator.py took 0.080 seconds
[2022-09-05 10:52:10,679] {processor.py:153} INFO - Started process (PID=13072) to work on /home/ubuntu/.local/lib/python3.8/site-packages/airflow/example_dags/example_bash_operator.py
[2022-09-05 10:52:10,679] {processor.py:641} INFO - Processing file /home/ubuntu/.local/lib/python3.8/site-packages/airflow/example_dags/example_bash_operator.py for tasks to queue
[2022-09-05 10:52:10,679] {logging_mixin.py:115} INFO - [2022-09-05 10:52:10,679] {dagbag.py:508} INFO - Filling up the DagBag from /home/ubuntu/.local/lib/python3.8/site-packages/airflow/example_dags/example_bash_operator.py
[2022-09-05 10:52:10,690] {processor.py:651} INFO - DAG(s) dict_keys(['example_bash_operator']) retrieved from /home/ubuntu/.local/lib/python3.8/site-packages/airflow/example_dags/example_bash_operator.py
[2022-09-05 10:52:10,705] {logging_mixin.py:115} INFO - [2022-09-05 10:52:10,705] {dag.py:2420} INFO - Sync 1 DAGs
[2022-09-05 10:52:10,723] {logging_mixin.py:115} INFO - [2022-09-05 10:52:10,723] {dag.py:2968} INFO - Setting next_dagrun for example_bash_operator to 2022-09-04T00:00:00+00:00, run_after=2022-09-05T00:00:00+00:00
[2022-09-05 10:52:10,744] {processor.py:161} INFO - Processing /home/ubuntu/.local/lib/python3.8/site-packages/airflow/example_dags/example_bash_operator.py took 0.068 seconds
[2022-09-05 10:52:48,866] {processor.py:153} INFO - Started process (PID=13334) to work on /home/ubuntu/.local/lib/python3.8/site-packages/airflow/example_dags/example_bash_operator.py
[2022-09-05 10:52:48,868] {processor.py:641} INFO - Processing file /home/ubuntu/.local/lib/python3.8/site-packages/airflow/example_dags/example_bash_operator.py for tasks to queue
[2022-09-05 10:52:48,869] {logging_mixin.py:115} INFO - [2022-09-05 10:52:48,868] {dagbag.py:508} INFO - Filling up the DagBag from /home/ubuntu/.local/lib/python3.8/site-packages/airflow/example_dags/example_bash_operator.py
[2022-09-05 10:52:48,879] {processor.py:651} INFO - DAG(s) dict_keys(['example_bash_operator']) retrieved from /home/ubuntu/.local/lib/python3.8/site-packages/airflow/example_dags/example_bash_operator.py
[2022-09-05 10:52:48,896] {logging_mixin.py:115} INFO - [2022-09-05 10:52:48,896] {dag.py:2420} INFO - Sync 1 DAGs
[2022-09-05 10:52:48,912] {logging_mixin.py:115} INFO - [2022-09-05 10:52:48,912] {dag.py:2968} INFO - Setting next_dagrun for example_bash_operator to 2022-09-04T00:00:00+00:00, run_after=2022-09-05T00:00:00+00:00
[2022-09-05 10:52:48,926] {processor.py:161} INFO - Processing /home/ubuntu/.local/lib/python3.8/site-packages/airflow/example_dags/example_bash_operator.py took 0.063 seconds
[2022-09-05 10:53:23,540] {processor.py:153} INFO - Started process (PID=13399) to work on /home/ubuntu/.local/lib/python3.8/site-packages/airflow/example_dags/example_bash_operator.py
[2022-09-05 10:53:23,541] {processor.py:641} INFO - Processing file /home/ubuntu/.local/lib/python3.8/site-packages/airflow/example_dags/example_bash_operator.py for tasks to queue
[2022-09-05 10:53:23,541] {logging_mixin.py:115} INFO - [2022-09-05 10:53:23,541] {dagbag.py:508} INFO - Filling up the DagBag from /home/ubuntu/.local/lib/python3.8/site-packages/airflow/example_dags/example_bash_operator.py
[2022-09-05 10:53:23,553] {processor.py:651} INFO - DAG(s) dict_keys(['example_bash_operator']) retrieved from /home/ubuntu/.local/lib/python3.8/site-packages/airflow/example_dags/example_bash_operator.py
[2022-09-05 10:53:23,570] {logging_mixin.py:115} INFO - [2022-09-05 10:53:23,570] {dag.py:2420} INFO - Sync 1 DAGs
[2022-09-05 10:53:23,585] {logging_mixin.py:115} INFO - [2022-09-05 10:53:23,585] {dag.py:2968} INFO - Setting next_dagrun for example_bash_operator to 2022-09-04T00:00:00+00:00, run_after=2022-09-05T00:00:00+00:00
[2022-09-05 10:53:23,603] {processor.py:161} INFO - Processing /home/ubuntu/.local/lib/python3.8/site-packages/airflow/example_dags/example_bash_operator.py took 0.066 seconds
[2022-09-05 10:53:54,946] {processor.py:153} INFO - Started process (PID=13456) to work on /home/ubuntu/.local/lib/python3.8/site-packages/airflow/example_dags/example_bash_operator.py
[2022-09-05 10:53:54,947] {processor.py:641} INFO - Processing file /home/ubuntu/.local/lib/python3.8/site-packages/airflow/example_dags/example_bash_operator.py for tasks to queue
[2022-09-05 10:53:54,948] {logging_mixin.py:115} INFO - [2022-09-05 10:53:54,948] {dagbag.py:508} INFO - Filling up the DagBag from /home/ubuntu/.local/lib/python3.8/site-packages/airflow/example_dags/example_bash_operator.py
[2022-09-05 10:53:54,960] {processor.py:651} INFO - DAG(s) dict_keys(['example_bash_operator']) retrieved from /home/ubuntu/.local/lib/python3.8/site-packages/airflow/example_dags/example_bash_operator.py
[2022-09-05 10:53:54,978] {logging_mixin.py:115} INFO - [2022-09-05 10:53:54,978] {dag.py:2420} INFO - Sync 1 DAGs
[2022-09-05 10:53:54,995] {logging_mixin.py:115} INFO - [2022-09-05 10:53:54,995] {dag.py:2968} INFO - Setting next_dagrun for example_bash_operator to 2022-09-04T00:00:00+00:00, run_after=2022-09-05T00:00:00+00:00
[2022-09-05 10:53:55,019] {processor.py:161} INFO - Processing /home/ubuntu/.local/lib/python3.8/site-packages/airflow/example_dags/example_bash_operator.py took 0.076 seconds
[2022-09-05 10:54:26,304] {processor.py:153} INFO - Started process (PID=13503) to work on /home/ubuntu/.local/lib/python3.8/site-packages/airflow/example_dags/example_bash_operator.py
[2022-09-05 10:54:26,305] {processor.py:641} INFO - Processing file /home/ubuntu/.local/lib/python3.8/site-packages/airflow/example_dags/example_bash_operator.py for tasks to queue
[2022-09-05 10:54:26,306] {logging_mixin.py:115} INFO - [2022-09-05 10:54:26,306] {dagbag.py:508} INFO - Filling up the DagBag from /home/ubuntu/.local/lib/python3.8/site-packages/airflow/example_dags/example_bash_operator.py
[2022-09-05 10:54:26,317] {processor.py:651} INFO - DAG(s) dict_keys(['example_bash_operator']) retrieved from /home/ubuntu/.local/lib/python3.8/site-packages/airflow/example_dags/example_bash_operator.py
[2022-09-05 10:54:26,336] {logging_mixin.py:115} INFO - [2022-09-05 10:54:26,336] {dag.py:2420} INFO - Sync 1 DAGs
[2022-09-05 10:54:26,352] {logging_mixin.py:115} INFO - [2022-09-05 10:54:26,352] {dag.py:2968} INFO - Setting next_dagrun for example_bash_operator to 2022-09-04T00:00:00+00:00, run_after=2022-09-05T00:00:00+00:00
[2022-09-05 10:54:26,369] {processor.py:161} INFO - Processing /home/ubuntu/.local/lib/python3.8/site-packages/airflow/example_dags/example_bash_operator.py took 0.068 seconds
[2022-09-05 10:55:01,152] {processor.py:153} INFO - Started process (PID=13547) to work on /home/ubuntu/.local/lib/python3.8/site-packages/airflow/example_dags/example_bash_operator.py
[2022-09-05 10:55:01,153] {processor.py:641} INFO - Processing file /home/ubuntu/.local/lib/python3.8/site-packages/airflow/example_dags/example_bash_operator.py for tasks to queue
[2022-09-05 10:55:01,154] {logging_mixin.py:115} INFO - [2022-09-05 10:55:01,154] {dagbag.py:508} INFO - Filling up the DagBag from /home/ubuntu/.local/lib/python3.8/site-packages/airflow/example_dags/example_bash_operator.py
[2022-09-05 10:55:01,166] {processor.py:651} INFO - DAG(s) dict_keys(['example_bash_operator']) retrieved from /home/ubuntu/.local/lib/python3.8/site-packages/airflow/example_dags/example_bash_operator.py
[2022-09-05 10:55:01,185] {logging_mixin.py:115} INFO - [2022-09-05 10:55:01,185] {dag.py:2420} INFO - Sync 1 DAGs
[2022-09-05 10:55:01,203] {logging_mixin.py:115} INFO - [2022-09-05 10:55:01,203] {dag.py:2968} INFO - Setting next_dagrun for example_bash_operator to 2022-09-04T00:00:00+00:00, run_after=2022-09-05T00:00:00+00:00
[2022-09-05 10:55:01,219] {processor.py:161} INFO - Processing /home/ubuntu/.local/lib/python3.8/site-packages/airflow/example_dags/example_bash_operator.py took 0.071 seconds
[2022-09-05 10:55:35,753] {processor.py:153} INFO - Started process (PID=13593) to work on /home/ubuntu/.local/lib/python3.8/site-packages/airflow/example_dags/example_bash_operator.py
[2022-09-05 10:55:35,754] {processor.py:641} INFO - Processing file /home/ubuntu/.local/lib/python3.8/site-packages/airflow/example_dags/example_bash_operator.py for tasks to queue
[2022-09-05 10:55:35,754] {logging_mixin.py:115} INFO - [2022-09-05 10:55:35,754] {dagbag.py:508} INFO - Filling up the DagBag from /home/ubuntu/.local/lib/python3.8/site-packages/airflow/example_dags/example_bash_operator.py
[2022-09-05 10:55:35,766] {processor.py:651} INFO - DAG(s) dict_keys(['example_bash_operator']) retrieved from /home/ubuntu/.local/lib/python3.8/site-packages/airflow/example_dags/example_bash_operator.py
[2022-09-05 10:55:35,784] {logging_mixin.py:115} INFO - [2022-09-05 10:55:35,784] {dag.py:2420} INFO - Sync 1 DAGs
[2022-09-05 10:55:35,800] {logging_mixin.py:115} INFO - [2022-09-05 10:55:35,800] {dag.py:2968} INFO - Setting next_dagrun for example_bash_operator to 2022-09-04T00:00:00+00:00, run_after=2022-09-05T00:00:00+00:00
[2022-09-05 10:55:35,815] {processor.py:161} INFO - Processing /home/ubuntu/.local/lib/python3.8/site-packages/airflow/example_dags/example_bash_operator.py took 0.066 seconds
[2022-09-05 10:56:09,406] {processor.py:153} INFO - Started process (PID=13658) to work on /home/ubuntu/.local/lib/python3.8/site-packages/airflow/example_dags/example_bash_operator.py
[2022-09-05 10:56:09,407] {processor.py:641} INFO - Processing file /home/ubuntu/.local/lib/python3.8/site-packages/airflow/example_dags/example_bash_operator.py for tasks to queue
[2022-09-05 10:56:09,408] {logging_mixin.py:115} INFO - [2022-09-05 10:56:09,408] {dagbag.py:508} INFO - Filling up the DagBag from /home/ubuntu/.local/lib/python3.8/site-packages/airflow/example_dags/example_bash_operator.py
[2022-09-05 10:56:09,419] {processor.py:651} INFO - DAG(s) dict_keys(['example_bash_operator']) retrieved from /home/ubuntu/.local/lib/python3.8/site-packages/airflow/example_dags/example_bash_operator.py
[2022-09-05 10:56:09,436] {logging_mixin.py:115} INFO - [2022-09-05 10:56:09,436] {dag.py:2420} INFO - Sync 1 DAGs
[2022-09-05 10:56:09,453] {logging_mixin.py:115} INFO - [2022-09-05 10:56:09,453] {dag.py:2968} INFO - Setting next_dagrun for example_bash_operator to 2022-09-04T00:00:00+00:00, run_after=2022-09-05T00:00:00+00:00
[2022-09-05 10:56:09,468] {processor.py:161} INFO - Processing /home/ubuntu/.local/lib/python3.8/site-packages/airflow/example_dags/example_bash_operator.py took 0.065 seconds
[2022-09-05 10:56:43,933] {processor.py:153} INFO - Started process (PID=13700) to work on /home/ubuntu/.local/lib/python3.8/site-packages/airflow/example_dags/example_bash_operator.py
[2022-09-05 10:56:43,934] {processor.py:641} INFO - Processing file /home/ubuntu/.local/lib/python3.8/site-packages/airflow/example_dags/example_bash_operator.py for tasks to queue
[2022-09-05 10:56:43,935] {logging_mixin.py:115} INFO - [2022-09-05 10:56:43,935] {dagbag.py:508} INFO - Filling up the DagBag from /home/ubuntu/.local/lib/python3.8/site-packages/airflow/example_dags/example_bash_operator.py
[2022-09-05 10:56:43,947] {processor.py:651} INFO - DAG(s) dict_keys(['example_bash_operator']) retrieved from /home/ubuntu/.local/lib/python3.8/site-packages/airflow/example_dags/example_bash_operator.py
[2022-09-05 10:56:43,965] {logging_mixin.py:115} INFO - [2022-09-05 10:56:43,965] {dag.py:2420} INFO - Sync 1 DAGs
[2022-09-05 10:56:43,983] {logging_mixin.py:115} INFO - [2022-09-05 10:56:43,982] {dag.py:2968} INFO - Setting next_dagrun for example_bash_operator to 2022-09-04T00:00:00+00:00, run_after=2022-09-05T00:00:00+00:00
[2022-09-05 10:56:44,000] {processor.py:161} INFO - Processing /home/ubuntu/.local/lib/python3.8/site-packages/airflow/example_dags/example_bash_operator.py took 0.070 seconds
[2022-09-05 10:58:14,627] {processor.py:153} INFO - Started process (PID=14075) to work on /home/ubuntu/.local/lib/python3.8/site-packages/airflow/example_dags/example_bash_operator.py
[2022-09-05 10:58:14,630] {processor.py:641} INFO - Processing file /home/ubuntu/.local/lib/python3.8/site-packages/airflow/example_dags/example_bash_operator.py for tasks to queue
[2022-09-05 10:58:14,631] {logging_mixin.py:115} INFO - [2022-09-05 10:58:14,631] {dagbag.py:508} INFO - Filling up the DagBag from /home/ubuntu/.local/lib/python3.8/site-packages/airflow/example_dags/example_bash_operator.py
[2022-09-05 10:58:14,643] {processor.py:651} INFO - DAG(s) dict_keys(['example_bash_operator']) retrieved from /home/ubuntu/.local/lib/python3.8/site-packages/airflow/example_dags/example_bash_operator.py
[2022-09-05 10:58:14,659] {logging_mixin.py:115} INFO - [2022-09-05 10:58:14,659] {dag.py:2420} INFO - Sync 1 DAGs
[2022-09-05 10:58:14,678] {logging_mixin.py:115} INFO - [2022-09-05 10:58:14,678] {dag.py:2968} INFO - Setting next_dagrun for example_bash_operator to 2022-09-04T00:00:00+00:00, run_after=2022-09-05T00:00:00+00:00
[2022-09-05 10:58:14,704] {processor.py:161} INFO - Processing /home/ubuntu/.local/lib/python3.8/site-packages/airflow/example_dags/example_bash_operator.py took 0.080 seconds
[2022-09-05 10:58:51,851] {processor.py:153} INFO - Started process (PID=14232) to work on /home/ubuntu/.local/lib/python3.8/site-packages/airflow/example_dags/example_bash_operator.py
[2022-09-05 10:58:51,852] {processor.py:641} INFO - Processing file /home/ubuntu/.local/lib/python3.8/site-packages/airflow/example_dags/example_bash_operator.py for tasks to queue
[2022-09-05 10:58:51,853] {logging_mixin.py:115} INFO - [2022-09-05 10:58:51,853] {dagbag.py:508} INFO - Filling up the DagBag from /home/ubuntu/.local/lib/python3.8/site-packages/airflow/example_dags/example_bash_operator.py
[2022-09-05 10:58:51,865] {processor.py:651} INFO - DAG(s) dict_keys(['example_bash_operator']) retrieved from /home/ubuntu/.local/lib/python3.8/site-packages/airflow/example_dags/example_bash_operator.py
[2022-09-05 10:58:51,881] {logging_mixin.py:115} INFO - [2022-09-05 10:58:51,881] {dag.py:2420} INFO - Sync 1 DAGs
[2022-09-05 10:58:51,901] {logging_mixin.py:115} INFO - [2022-09-05 10:58:51,900] {dag.py:2968} INFO - Setting next_dagrun for example_bash_operator to 2022-09-04T00:00:00+00:00, run_after=2022-09-05T00:00:00+00:00
[2022-09-05 10:58:51,929] {processor.py:161} INFO - Processing /home/ubuntu/.local/lib/python3.8/site-packages/airflow/example_dags/example_bash_operator.py took 0.081 seconds
[2022-09-05 10:59:27,941] {processor.py:153} INFO - Started process (PID=14679) to work on /home/ubuntu/.local/lib/python3.8/site-packages/airflow/example_dags/example_bash_operator.py
[2022-09-05 10:59:27,942] {processor.py:641} INFO - Processing file /home/ubuntu/.local/lib/python3.8/site-packages/airflow/example_dags/example_bash_operator.py for tasks to queue
[2022-09-05 10:59:27,943] {logging_mixin.py:115} INFO - [2022-09-05 10:59:27,943] {dagbag.py:508} INFO - Filling up the DagBag from /home/ubuntu/.local/lib/python3.8/site-packages/airflow/example_dags/example_bash_operator.py
[2022-09-05 10:59:27,954] {processor.py:651} INFO - DAG(s) dict_keys(['example_bash_operator']) retrieved from /home/ubuntu/.local/lib/python3.8/site-packages/airflow/example_dags/example_bash_operator.py
[2022-09-05 10:59:27,970] {logging_mixin.py:115} INFO - [2022-09-05 10:59:27,970] {dag.py:2420} INFO - Sync 1 DAGs
[2022-09-05 10:59:27,989] {logging_mixin.py:115} INFO - [2022-09-05 10:59:27,989] {dag.py:2968} INFO - Setting next_dagrun for example_bash_operator to 2022-09-04T00:00:00+00:00, run_after=2022-09-05T00:00:00+00:00
[2022-09-05 10:59:28,006] {processor.py:161} INFO - Processing /home/ubuntu/.local/lib/python3.8/site-packages/airflow/example_dags/example_bash_operator.py took 0.068 seconds
[2022-09-05 11:00:08,628] {processor.py:153} INFO - Started process (PID=14980) to work on /home/ubuntu/.local/lib/python3.8/site-packages/airflow/example_dags/example_bash_operator.py
[2022-09-05 11:00:08,629] {processor.py:641} INFO - Processing file /home/ubuntu/.local/lib/python3.8/site-packages/airflow/example_dags/example_bash_operator.py for tasks to queue
[2022-09-05 11:00:08,629] {logging_mixin.py:115} INFO - [2022-09-05 11:00:08,629] {dagbag.py:508} INFO - Filling up the DagBag from /home/ubuntu/.local/lib/python3.8/site-packages/airflow/example_dags/example_bash_operator.py
[2022-09-05 11:00:08,641] {processor.py:651} INFO - DAG(s) dict_keys(['example_bash_operator']) retrieved from /home/ubuntu/.local/lib/python3.8/site-packages/airflow/example_dags/example_bash_operator.py
[2022-09-05 11:00:08,656] {logging_mixin.py:115} INFO - [2022-09-05 11:00:08,656] {dag.py:2420} INFO - Sync 1 DAGs
[2022-09-05 11:00:08,675] {logging_mixin.py:115} INFO - [2022-09-05 11:00:08,675] {dag.py:2968} INFO - Setting next_dagrun for example_bash_operator to 2022-09-04T00:00:00+00:00, run_after=2022-09-05T00:00:00+00:00
[2022-09-05 11:00:08,704] {processor.py:161} INFO - Processing /home/ubuntu/.local/lib/python3.8/site-packages/airflow/example_dags/example_bash_operator.py took 0.080 seconds
[2022-09-05 11:00:43,652] {processor.py:153} INFO - Started process (PID=15022) to work on /home/ubuntu/.local/lib/python3.8/site-packages/airflow/example_dags/example_bash_operator.py
[2022-09-05 11:00:43,654] {processor.py:641} INFO - Processing file /home/ubuntu/.local/lib/python3.8/site-packages/airflow/example_dags/example_bash_operator.py for tasks to queue
[2022-09-05 11:00:43,654] {logging_mixin.py:115} INFO - [2022-09-05 11:00:43,654] {dagbag.py:508} INFO - Filling up the DagBag from /home/ubuntu/.local/lib/python3.8/site-packages/airflow/example_dags/example_bash_operator.py
[2022-09-05 11:00:43,666] {processor.py:651} INFO - DAG(s) dict_keys(['example_bash_operator']) retrieved from /home/ubuntu/.local/lib/python3.8/site-packages/airflow/example_dags/example_bash_operator.py
[2022-09-05 11:00:43,681] {logging_mixin.py:115} INFO - [2022-09-05 11:00:43,681] {dag.py:2420} INFO - Sync 1 DAGs
[2022-09-05 11:00:43,700] {logging_mixin.py:115} INFO - [2022-09-05 11:00:43,700] {dag.py:2968} INFO - Setting next_dagrun for example_bash_operator to 2022-09-04T00:00:00+00:00, run_after=2022-09-05T00:00:00+00:00
[2022-09-05 11:00:43,719] {processor.py:161} INFO - Processing /home/ubuntu/.local/lib/python3.8/site-packages/airflow/example_dags/example_bash_operator.py took 0.070 seconds
[2022-09-05 11:01:18,859] {processor.py:153} INFO - Started process (PID=15067) to work on /home/ubuntu/.local/lib/python3.8/site-packages/airflow/example_dags/example_bash_operator.py
[2022-09-05 11:01:18,860] {processor.py:641} INFO - Processing file /home/ubuntu/.local/lib/python3.8/site-packages/airflow/example_dags/example_bash_operator.py for tasks to queue
[2022-09-05 11:01:18,861] {logging_mixin.py:115} INFO - [2022-09-05 11:01:18,860] {dagbag.py:508} INFO - Filling up the DagBag from /home/ubuntu/.local/lib/python3.8/site-packages/airflow/example_dags/example_bash_operator.py
[2022-09-05 11:01:18,872] {processor.py:651} INFO - DAG(s) dict_keys(['example_bash_operator']) retrieved from /home/ubuntu/.local/lib/python3.8/site-packages/airflow/example_dags/example_bash_operator.py
[2022-09-05 11:01:18,888] {logging_mixin.py:115} INFO - [2022-09-05 11:01:18,888] {dag.py:2420} INFO - Sync 1 DAGs
[2022-09-05 11:01:18,908] {logging_mixin.py:115} INFO - [2022-09-05 11:01:18,908] {dag.py:2968} INFO - Setting next_dagrun for example_bash_operator to 2022-09-04T00:00:00+00:00, run_after=2022-09-05T00:00:00+00:00
[2022-09-05 11:01:18,928] {processor.py:161} INFO - Processing /home/ubuntu/.local/lib/python3.8/site-packages/airflow/example_dags/example_bash_operator.py took 0.073 seconds
[2022-09-05 11:01:54,843] {processor.py:153} INFO - Started process (PID=15107) to work on /home/ubuntu/.local/lib/python3.8/site-packages/airflow/example_dags/example_bash_operator.py
[2022-09-05 11:01:54,845] {processor.py:641} INFO - Processing file /home/ubuntu/.local/lib/python3.8/site-packages/airflow/example_dags/example_bash_operator.py for tasks to queue
[2022-09-05 11:01:54,845] {logging_mixin.py:115} INFO - [2022-09-05 11:01:54,845] {dagbag.py:508} INFO - Filling up the DagBag from /home/ubuntu/.local/lib/python3.8/site-packages/airflow/example_dags/example_bash_operator.py
[2022-09-05 11:01:54,857] {processor.py:651} INFO - DAG(s) dict_keys(['example_bash_operator']) retrieved from /home/ubuntu/.local/lib/python3.8/site-packages/airflow/example_dags/example_bash_operator.py
[2022-09-05 11:01:54,873] {logging_mixin.py:115} INFO - [2022-09-05 11:01:54,873] {dag.py:2420} INFO - Sync 1 DAGs
[2022-09-05 11:01:54,892] {logging_mixin.py:115} INFO - [2022-09-05 11:01:54,892] {dag.py:2968} INFO - Setting next_dagrun for example_bash_operator to 2022-09-04T00:00:00+00:00, run_after=2022-09-05T00:00:00+00:00
[2022-09-05 11:01:54,910] {processor.py:161} INFO - Processing /home/ubuntu/.local/lib/python3.8/site-packages/airflow/example_dags/example_bash_operator.py took 0.070 seconds
[2022-09-05 11:02:30,692] {processor.py:153} INFO - Started process (PID=15152) to work on /home/ubuntu/.local/lib/python3.8/site-packages/airflow/example_dags/example_bash_operator.py
[2022-09-05 11:02:30,693] {processor.py:641} INFO - Processing file /home/ubuntu/.local/lib/python3.8/site-packages/airflow/example_dags/example_bash_operator.py for tasks to queue
[2022-09-05 11:02:30,694] {logging_mixin.py:115} INFO - [2022-09-05 11:02:30,694] {dagbag.py:508} INFO - Filling up the DagBag from /home/ubuntu/.local/lib/python3.8/site-packages/airflow/example_dags/example_bash_operator.py
[2022-09-05 11:02:30,705] {processor.py:651} INFO - DAG(s) dict_keys(['example_bash_operator']) retrieved from /home/ubuntu/.local/lib/python3.8/site-packages/airflow/example_dags/example_bash_operator.py
[2022-09-05 11:02:30,721] {logging_mixin.py:115} INFO - [2022-09-05 11:02:30,721] {dag.py:2420} INFO - Sync 1 DAGs
[2022-09-05 11:02:30,741] {logging_mixin.py:115} INFO - [2022-09-05 11:02:30,741] {dag.py:2968} INFO - Setting next_dagrun for example_bash_operator to 2022-09-04T00:00:00+00:00, run_after=2022-09-05T00:00:00+00:00
[2022-09-05 11:02:30,759] {processor.py:161} INFO - Processing /home/ubuntu/.local/lib/python3.8/site-packages/airflow/example_dags/example_bash_operator.py took 0.070 seconds
[2022-09-05 11:03:03,895] {processor.py:153} INFO - Started process (PID=15481) to work on /home/ubuntu/.local/lib/python3.8/site-packages/airflow/example_dags/example_bash_operator.py
[2022-09-05 11:03:03,896] {processor.py:641} INFO - Processing file /home/ubuntu/.local/lib/python3.8/site-packages/airflow/example_dags/example_bash_operator.py for tasks to queue
[2022-09-05 11:03:03,897] {logging_mixin.py:115} INFO - [2022-09-05 11:03:03,897] {dagbag.py:508} INFO - Filling up the DagBag from /home/ubuntu/.local/lib/python3.8/site-packages/airflow/example_dags/example_bash_operator.py
[2022-09-05 11:03:03,908] {processor.py:651} INFO - DAG(s) dict_keys(['example_bash_operator']) retrieved from /home/ubuntu/.local/lib/python3.8/site-packages/airflow/example_dags/example_bash_operator.py
[2022-09-05 11:03:03,926] {logging_mixin.py:115} INFO - [2022-09-05 11:03:03,926] {dag.py:2420} INFO - Sync 1 DAGs
[2022-09-05 11:03:03,942] {logging_mixin.py:115} INFO - [2022-09-05 11:03:03,942] {dag.py:2968} INFO - Setting next_dagrun for example_bash_operator to 2022-09-04T00:00:00+00:00, run_after=2022-09-05T00:00:00+00:00
[2022-09-05 11:03:03,961] {processor.py:161} INFO - Processing /home/ubuntu/.local/lib/python3.8/site-packages/airflow/example_dags/example_bash_operator.py took 0.069 seconds
[2022-09-05 11:03:52,756] {processor.py:153} INFO - Started process (PID=15788) to work on /home/ubuntu/.local/lib/python3.8/site-packages/airflow/example_dags/example_bash_operator.py
[2022-09-05 11:03:52,757] {processor.py:641} INFO - Processing file /home/ubuntu/.local/lib/python3.8/site-packages/airflow/example_dags/example_bash_operator.py for tasks to queue
[2022-09-05 11:03:52,758] {logging_mixin.py:115} INFO - [2022-09-05 11:03:52,758] {dagbag.py:508} INFO - Filling up the DagBag from /home/ubuntu/.local/lib/python3.8/site-packages/airflow/example_dags/example_bash_operator.py
[2022-09-05 11:03:52,769] {processor.py:651} INFO - DAG(s) dict_keys(['example_bash_operator']) retrieved from /home/ubuntu/.local/lib/python3.8/site-packages/airflow/example_dags/example_bash_operator.py
[2022-09-05 11:03:52,785] {logging_mixin.py:115} INFO - [2022-09-05 11:03:52,785] {dag.py:2420} INFO - Sync 1 DAGs
[2022-09-05 11:03:52,803] {logging_mixin.py:115} INFO - [2022-09-05 11:03:52,803] {dag.py:2968} INFO - Setting next_dagrun for example_bash_operator to 2022-09-04T00:00:00+00:00, run_after=2022-09-05T00:00:00+00:00
[2022-09-05 11:03:52,817] {processor.py:161} INFO - Processing /home/ubuntu/.local/lib/python3.8/site-packages/airflow/example_dags/example_bash_operator.py took 0.064 seconds
[2022-09-05 11:04:29,049] {processor.py:153} INFO - Started process (PID=15831) to work on /home/ubuntu/.local/lib/python3.8/site-packages/airflow/example_dags/example_bash_operator.py
[2022-09-05 11:04:29,051] {processor.py:641} INFO - Processing file /home/ubuntu/.local/lib/python3.8/site-packages/airflow/example_dags/example_bash_operator.py for tasks to queue
[2022-09-05 11:04:29,051] {logging_mixin.py:115} INFO - [2022-09-05 11:04:29,051] {dagbag.py:508} INFO - Filling up the DagBag from /home/ubuntu/.local/lib/python3.8/site-packages/airflow/example_dags/example_bash_operator.py
[2022-09-05 11:04:29,063] {processor.py:651} INFO - DAG(s) dict_keys(['example_bash_operator']) retrieved from /home/ubuntu/.local/lib/python3.8/site-packages/airflow/example_dags/example_bash_operator.py
[2022-09-05 11:04:29,079] {logging_mixin.py:115} INFO - [2022-09-05 11:04:29,079] {dag.py:2420} INFO - Sync 1 DAGs
[2022-09-05 11:04:29,099] {logging_mixin.py:115} INFO - [2022-09-05 11:04:29,099] {dag.py:2968} INFO - Setting next_dagrun for example_bash_operator to 2022-09-04T00:00:00+00:00, run_after=2022-09-05T00:00:00+00:00
[2022-09-05 11:04:29,114] {processor.py:161} INFO - Processing /home/ubuntu/.local/lib/python3.8/site-packages/airflow/example_dags/example_bash_operator.py took 0.068 seconds
[2022-09-05 11:09:05,099] {processor.py:153} INFO - Started process (PID=20154) to work on /home/ubuntu/.local/lib/python3.8/site-packages/airflow/example_dags/example_bash_operator.py
[2022-09-05 11:09:05,102] {processor.py:641} INFO - Processing file /home/ubuntu/.local/lib/python3.8/site-packages/airflow/example_dags/example_bash_operator.py for tasks to queue
[2022-09-05 11:09:05,102] {logging_mixin.py:115} INFO - [2022-09-05 11:09:05,102] {dagbag.py:508} INFO - Filling up the DagBag from /home/ubuntu/.local/lib/python3.8/site-packages/airflow/example_dags/example_bash_operator.py
[2022-09-05 11:09:05,115] {processor.py:651} INFO - DAG(s) dict_keys(['example_bash_operator']) retrieved from /home/ubuntu/.local/lib/python3.8/site-packages/airflow/example_dags/example_bash_operator.py
[2022-09-05 11:09:05,131] {logging_mixin.py:115} INFO - [2022-09-05 11:09:05,131] {dag.py:2420} INFO - Sync 1 DAGs
[2022-09-05 11:09:05,146] {logging_mixin.py:115} INFO - [2022-09-05 11:09:05,146] {dag.py:2968} INFO - Setting next_dagrun for example_bash_operator to 2022-09-04T00:00:00+00:00, run_after=2022-09-05T00:00:00+00:00
[2022-09-05 11:09:05,162] {processor.py:161} INFO - Processing /home/ubuntu/.local/lib/python3.8/site-packages/airflow/example_dags/example_bash_operator.py took 0.067 seconds
[2022-09-05 11:09:40,085] {processor.py:153} INFO - Started process (PID=20215) to work on /home/ubuntu/.local/lib/python3.8/site-packages/airflow/example_dags/example_bash_operator.py
[2022-09-05 11:09:40,086] {processor.py:641} INFO - Processing file /home/ubuntu/.local/lib/python3.8/site-packages/airflow/example_dags/example_bash_operator.py for tasks to queue
[2022-09-05 11:09:40,087] {logging_mixin.py:115} INFO - [2022-09-05 11:09:40,086] {dagbag.py:508} INFO - Filling up the DagBag from /home/ubuntu/.local/lib/python3.8/site-packages/airflow/example_dags/example_bash_operator.py
[2022-09-05 11:09:40,100] {processor.py:651} INFO - DAG(s) dict_keys(['example_bash_operator']) retrieved from /home/ubuntu/.local/lib/python3.8/site-packages/airflow/example_dags/example_bash_operator.py
[2022-09-05 11:09:40,115] {logging_mixin.py:115} INFO - [2022-09-05 11:09:40,115] {dag.py:2420} INFO - Sync 1 DAGs
[2022-09-05 11:09:40,130] {logging_mixin.py:115} INFO - [2022-09-05 11:09:40,130] {dag.py:2968} INFO - Setting next_dagrun for example_bash_operator to 2022-09-04T00:00:00+00:00, run_after=2022-09-05T00:00:00+00:00
[2022-09-05 11:09:40,147] {processor.py:161} INFO - Processing /home/ubuntu/.local/lib/python3.8/site-packages/airflow/example_dags/example_bash_operator.py took 0.066 seconds
[2022-09-05 11:12:01,097] {processor.py:153} INFO - Started process (PID=21937) to work on /home/ubuntu/.local/lib/python3.8/site-packages/airflow/example_dags/example_bash_operator.py
[2022-09-05 11:12:01,099] {processor.py:641} INFO - Processing file /home/ubuntu/.local/lib/python3.8/site-packages/airflow/example_dags/example_bash_operator.py for tasks to queue
[2022-09-05 11:12:01,100] {logging_mixin.py:115} INFO - [2022-09-05 11:12:01,100] {dagbag.py:508} INFO - Filling up the DagBag from /home/ubuntu/.local/lib/python3.8/site-packages/airflow/example_dags/example_bash_operator.py
[2022-09-05 11:12:01,113] {processor.py:651} INFO - DAG(s) dict_keys(['example_bash_operator']) retrieved from /home/ubuntu/.local/lib/python3.8/site-packages/airflow/example_dags/example_bash_operator.py
[2022-09-05 11:12:01,138] {logging_mixin.py:115} INFO - [2022-09-05 11:12:01,138] {dag.py:2420} INFO - Sync 1 DAGs
[2022-09-05 11:12:01,154] {logging_mixin.py:115} INFO - [2022-09-05 11:12:01,154] {dag.py:2968} INFO - Setting next_dagrun for example_bash_operator to 2022-09-04T00:00:00+00:00, run_after=2022-09-05T00:00:00+00:00
[2022-09-05 11:12:01,182] {processor.py:161} INFO - Processing /home/ubuntu/.local/lib/python3.8/site-packages/airflow/example_dags/example_bash_operator.py took 0.089 seconds
[2022-09-05 11:12:36,365] {processor.py:153} INFO - Started process (PID=22197) to work on /home/ubuntu/.local/lib/python3.8/site-packages/airflow/example_dags/example_bash_operator.py
[2022-09-05 11:12:36,366] {processor.py:641} INFO - Processing file /home/ubuntu/.local/lib/python3.8/site-packages/airflow/example_dags/example_bash_operator.py for tasks to queue
[2022-09-05 11:12:36,367] {logging_mixin.py:115} INFO - [2022-09-05 11:12:36,367] {dagbag.py:508} INFO - Filling up the DagBag from /home/ubuntu/.local/lib/python3.8/site-packages/airflow/example_dags/example_bash_operator.py
[2022-09-05 11:12:36,380] {processor.py:651} INFO - DAG(s) dict_keys(['example_bash_operator']) retrieved from /home/ubuntu/.local/lib/python3.8/site-packages/airflow/example_dags/example_bash_operator.py
[2022-09-05 11:12:36,396] {logging_mixin.py:115} INFO - [2022-09-05 11:12:36,396] {dag.py:2420} INFO - Sync 1 DAGs
[2022-09-05 11:12:36,411] {logging_mixin.py:115} INFO - [2022-09-05 11:12:36,411] {dag.py:2968} INFO - Setting next_dagrun for example_bash_operator to 2022-09-04T00:00:00+00:00, run_after=2022-09-05T00:00:00+00:00
[2022-09-05 11:12:36,428] {processor.py:161} INFO - Processing /home/ubuntu/.local/lib/python3.8/site-packages/airflow/example_dags/example_bash_operator.py took 0.067 seconds
[2022-09-05 11:13:09,785] {processor.py:153} INFO - Started process (PID=22293) to work on /home/ubuntu/.local/lib/python3.8/site-packages/airflow/example_dags/example_bash_operator.py
[2022-09-05 11:13:09,786] {processor.py:641} INFO - Processing file /home/ubuntu/.local/lib/python3.8/site-packages/airflow/example_dags/example_bash_operator.py for tasks to queue
[2022-09-05 11:13:09,786] {logging_mixin.py:115} INFO - [2022-09-05 11:13:09,786] {dagbag.py:508} INFO - Filling up the DagBag from /home/ubuntu/.local/lib/python3.8/site-packages/airflow/example_dags/example_bash_operator.py
[2022-09-05 11:13:09,799] {processor.py:651} INFO - DAG(s) dict_keys(['example_bash_operator']) retrieved from /home/ubuntu/.local/lib/python3.8/site-packages/airflow/example_dags/example_bash_operator.py
[2022-09-05 11:13:09,815] {logging_mixin.py:115} INFO - [2022-09-05 11:13:09,815] {dag.py:2420} INFO - Sync 1 DAGs
[2022-09-05 11:13:09,831] {logging_mixin.py:115} INFO - [2022-09-05 11:13:09,831] {dag.py:2968} INFO - Setting next_dagrun for example_bash_operator to 2022-09-04T00:00:00+00:00, run_after=2022-09-05T00:00:00+00:00
[2022-09-05 11:13:09,866] {processor.py:161} INFO - Processing /home/ubuntu/.local/lib/python3.8/site-packages/airflow/example_dags/example_bash_operator.py took 0.084 seconds
[2022-09-05 11:13:45,768] {processor.py:153} INFO - Started process (PID=22377) to work on /home/ubuntu/.local/lib/python3.8/site-packages/airflow/example_dags/example_bash_operator.py
[2022-09-05 11:13:45,771] {processor.py:641} INFO - Processing file /home/ubuntu/.local/lib/python3.8/site-packages/airflow/example_dags/example_bash_operator.py for tasks to queue
[2022-09-05 11:13:45,772] {logging_mixin.py:115} INFO - [2022-09-05 11:13:45,772] {dagbag.py:508} INFO - Filling up the DagBag from /home/ubuntu/.local/lib/python3.8/site-packages/airflow/example_dags/example_bash_operator.py
[2022-09-05 11:13:45,785] {processor.py:651} INFO - DAG(s) dict_keys(['example_bash_operator']) retrieved from /home/ubuntu/.local/lib/python3.8/site-packages/airflow/example_dags/example_bash_operator.py
[2022-09-05 11:13:45,801] {logging_mixin.py:115} INFO - [2022-09-05 11:13:45,801] {dag.py:2420} INFO - Sync 1 DAGs
[2022-09-05 11:13:45,816] {logging_mixin.py:115} INFO - [2022-09-05 11:13:45,816] {dag.py:2968} INFO - Setting next_dagrun for example_bash_operator to 2022-09-04T00:00:00+00:00, run_after=2022-09-05T00:00:00+00:00
[2022-09-05 11:13:45,833] {processor.py:161} INFO - Processing /home/ubuntu/.local/lib/python3.8/site-packages/airflow/example_dags/example_bash_operator.py took 0.069 seconds
[2022-09-05 11:14:22,092] {processor.py:153} INFO - Started process (PID=22617) to work on /home/ubuntu/.local/lib/python3.8/site-packages/airflow/example_dags/example_bash_operator.py
[2022-09-05 11:14:22,096] {processor.py:641} INFO - Processing file /home/ubuntu/.local/lib/python3.8/site-packages/airflow/example_dags/example_bash_operator.py for tasks to queue
[2022-09-05 11:14:22,097] {logging_mixin.py:115} INFO - [2022-09-05 11:14:22,096] {dagbag.py:508} INFO - Filling up the DagBag from /home/ubuntu/.local/lib/python3.8/site-packages/airflow/example_dags/example_bash_operator.py
[2022-09-05 11:14:22,109] {processor.py:651} INFO - DAG(s) dict_keys(['example_bash_operator']) retrieved from /home/ubuntu/.local/lib/python3.8/site-packages/airflow/example_dags/example_bash_operator.py
[2022-09-05 11:14:22,124] {logging_mixin.py:115} INFO - [2022-09-05 11:14:22,124] {dag.py:2420} INFO - Sync 1 DAGs
[2022-09-05 11:14:22,139] {logging_mixin.py:115} INFO - [2022-09-05 11:14:22,139] {dag.py:2968} INFO - Setting next_dagrun for example_bash_operator to 2022-09-04T00:00:00+00:00, run_after=2022-09-05T00:00:00+00:00
[2022-09-05 11:14:22,158] {processor.py:161} INFO - Processing /home/ubuntu/.local/lib/python3.8/site-packages/airflow/example_dags/example_bash_operator.py took 0.070 seconds
[2022-09-05 11:14:54,702] {processor.py:153} INFO - Started process (PID=22660) to work on /home/ubuntu/.local/lib/python3.8/site-packages/airflow/example_dags/example_bash_operator.py
[2022-09-05 11:14:54,703] {processor.py:641} INFO - Processing file /home/ubuntu/.local/lib/python3.8/site-packages/airflow/example_dags/example_bash_operator.py for tasks to queue
[2022-09-05 11:14:54,703] {logging_mixin.py:115} INFO - [2022-09-05 11:14:54,703] {dagbag.py:508} INFO - Filling up the DagBag from /home/ubuntu/.local/lib/python3.8/site-packages/airflow/example_dags/example_bash_operator.py
[2022-09-05 11:14:54,716] {processor.py:651} INFO - DAG(s) dict_keys(['example_bash_operator']) retrieved from /home/ubuntu/.local/lib/python3.8/site-packages/airflow/example_dags/example_bash_operator.py
[2022-09-05 11:14:54,732] {logging_mixin.py:115} INFO - [2022-09-05 11:14:54,731] {dag.py:2420} INFO - Sync 1 DAGs
[2022-09-05 11:14:54,746] {logging_mixin.py:115} INFO - [2022-09-05 11:14:54,746] {dag.py:2968} INFO - Setting next_dagrun for example_bash_operator to 2022-09-04T00:00:00+00:00, run_after=2022-09-05T00:00:00+00:00
[2022-09-05 11:14:54,761] {processor.py:161} INFO - Processing /home/ubuntu/.local/lib/python3.8/site-packages/airflow/example_dags/example_bash_operator.py took 0.063 seconds
[2022-09-05 11:15:39,195] {processor.py:153} INFO - Started process (PID=22966) to work on /home/ubuntu/.local/lib/python3.8/site-packages/airflow/example_dags/example_bash_operator.py
[2022-09-05 11:15:39,197] {processor.py:641} INFO - Processing file /home/ubuntu/.local/lib/python3.8/site-packages/airflow/example_dags/example_bash_operator.py for tasks to queue
[2022-09-05 11:15:39,198] {logging_mixin.py:115} INFO - [2022-09-05 11:15:39,198] {dagbag.py:508} INFO - Filling up the DagBag from /home/ubuntu/.local/lib/python3.8/site-packages/airflow/example_dags/example_bash_operator.py
[2022-09-05 11:15:39,210] {processor.py:651} INFO - DAG(s) dict_keys(['example_bash_operator']) retrieved from /home/ubuntu/.local/lib/python3.8/site-packages/airflow/example_dags/example_bash_operator.py
[2022-09-05 11:15:39,226] {logging_mixin.py:115} INFO - [2022-09-05 11:15:39,226] {dag.py:2420} INFO - Sync 1 DAGs
[2022-09-05 11:15:39,245] {logging_mixin.py:115} INFO - [2022-09-05 11:15:39,245] {dag.py:2968} INFO - Setting next_dagrun for example_bash_operator to 2022-09-04T00:00:00+00:00, run_after=2022-09-05T00:00:00+00:00
[2022-09-05 11:15:39,259] {processor.py:161} INFO - Processing /home/ubuntu/.local/lib/python3.8/site-packages/airflow/example_dags/example_bash_operator.py took 0.067 seconds
[2022-09-05 11:16:11,188] {processor.py:153} INFO - Started process (PID=23046) to work on /home/ubuntu/.local/lib/python3.8/site-packages/airflow/example_dags/example_bash_operator.py
[2022-09-05 11:16:11,189] {processor.py:641} INFO - Processing file /home/ubuntu/.local/lib/python3.8/site-packages/airflow/example_dags/example_bash_operator.py for tasks to queue
[2022-09-05 11:16:11,190] {logging_mixin.py:115} INFO - [2022-09-05 11:16:11,189] {dagbag.py:508} INFO - Filling up the DagBag from /home/ubuntu/.local/lib/python3.8/site-packages/airflow/example_dags/example_bash_operator.py
[2022-09-05 11:16:11,201] {processor.py:651} INFO - DAG(s) dict_keys(['example_bash_operator']) retrieved from /home/ubuntu/.local/lib/python3.8/site-packages/airflow/example_dags/example_bash_operator.py
[2022-09-05 11:16:11,217] {logging_mixin.py:115} INFO - [2022-09-05 11:16:11,216] {dag.py:2420} INFO - Sync 1 DAGs
[2022-09-05 11:16:11,236] {logging_mixin.py:115} INFO - [2022-09-05 11:16:11,236] {dag.py:2968} INFO - Setting next_dagrun for example_bash_operator to 2022-09-04T00:00:00+00:00, run_after=2022-09-05T00:00:00+00:00
[2022-09-05 11:16:11,256] {processor.py:161} INFO - Processing /home/ubuntu/.local/lib/python3.8/site-packages/airflow/example_dags/example_bash_operator.py took 0.071 seconds
[2022-09-05 11:16:46,666] {processor.py:153} INFO - Started process (PID=23139) to work on /home/ubuntu/.local/lib/python3.8/site-packages/airflow/example_dags/example_bash_operator.py
[2022-09-05 11:16:46,668] {processor.py:641} INFO - Processing file /home/ubuntu/.local/lib/python3.8/site-packages/airflow/example_dags/example_bash_operator.py for tasks to queue
[2022-09-05 11:16:46,668] {logging_mixin.py:115} INFO - [2022-09-05 11:16:46,668] {dagbag.py:508} INFO - Filling up the DagBag from /home/ubuntu/.local/lib/python3.8/site-packages/airflow/example_dags/example_bash_operator.py
[2022-09-05 11:16:46,679] {processor.py:651} INFO - DAG(s) dict_keys(['example_bash_operator']) retrieved from /home/ubuntu/.local/lib/python3.8/site-packages/airflow/example_dags/example_bash_operator.py
[2022-09-05 11:16:46,694] {logging_mixin.py:115} INFO - [2022-09-05 11:16:46,694] {dag.py:2420} INFO - Sync 1 DAGs
[2022-09-05 11:16:46,712] {logging_mixin.py:115} INFO - [2022-09-05 11:16:46,712] {dag.py:2968} INFO - Setting next_dagrun for example_bash_operator to 2022-09-04T00:00:00+00:00, run_after=2022-09-05T00:00:00+00:00
[2022-09-05 11:16:46,728] {processor.py:161} INFO - Processing /home/ubuntu/.local/lib/python3.8/site-packages/airflow/example_dags/example_bash_operator.py took 0.065 seconds
[2022-09-05 11:17:20,616] {processor.py:153} INFO - Started process (PID=23222) to work on /home/ubuntu/.local/lib/python3.8/site-packages/airflow/example_dags/example_bash_operator.py
[2022-09-05 11:17:20,617] {processor.py:641} INFO - Processing file /home/ubuntu/.local/lib/python3.8/site-packages/airflow/example_dags/example_bash_operator.py for tasks to queue
[2022-09-05 11:17:20,618] {logging_mixin.py:115} INFO - [2022-09-05 11:17:20,618] {dagbag.py:508} INFO - Filling up the DagBag from /home/ubuntu/.local/lib/python3.8/site-packages/airflow/example_dags/example_bash_operator.py
[2022-09-05 11:17:20,630] {processor.py:651} INFO - DAG(s) dict_keys(['example_bash_operator']) retrieved from /home/ubuntu/.local/lib/python3.8/site-packages/airflow/example_dags/example_bash_operator.py
[2022-09-05 11:17:20,646] {logging_mixin.py:115} INFO - [2022-09-05 11:17:20,646] {dag.py:2420} INFO - Sync 1 DAGs
[2022-09-05 11:17:20,665] {logging_mixin.py:115} INFO - [2022-09-05 11:17:20,665] {dag.py:2968} INFO - Setting next_dagrun for example_bash_operator to 2022-09-04T00:00:00+00:00, run_after=2022-09-05T00:00:00+00:00
[2022-09-05 11:17:20,680] {processor.py:161} INFO - Processing /home/ubuntu/.local/lib/python3.8/site-packages/airflow/example_dags/example_bash_operator.py took 0.068 seconds
[2022-09-05 11:17:56,371] {processor.py:153} INFO - Started process (PID=23305) to work on /home/ubuntu/.local/lib/python3.8/site-packages/airflow/example_dags/example_bash_operator.py
[2022-09-05 11:17:56,372] {processor.py:641} INFO - Processing file /home/ubuntu/.local/lib/python3.8/site-packages/airflow/example_dags/example_bash_operator.py for tasks to queue
[2022-09-05 11:17:56,372] {logging_mixin.py:115} INFO - [2022-09-05 11:17:56,372] {dagbag.py:508} INFO - Filling up the DagBag from /home/ubuntu/.local/lib/python3.8/site-packages/airflow/example_dags/example_bash_operator.py
[2022-09-05 11:17:56,384] {processor.py:651} INFO - DAG(s) dict_keys(['example_bash_operator']) retrieved from /home/ubuntu/.local/lib/python3.8/site-packages/airflow/example_dags/example_bash_operator.py
[2022-09-05 11:17:56,400] {logging_mixin.py:115} INFO - [2022-09-05 11:17:56,400] {dag.py:2420} INFO - Sync 1 DAGs
[2022-09-05 11:17:56,419] {logging_mixin.py:115} INFO - [2022-09-05 11:17:56,419] {dag.py:2968} INFO - Setting next_dagrun for example_bash_operator to 2022-09-04T00:00:00+00:00, run_after=2022-09-05T00:00:00+00:00
[2022-09-05 11:17:56,435] {processor.py:161} INFO - Processing /home/ubuntu/.local/lib/python3.8/site-packages/airflow/example_dags/example_bash_operator.py took 0.067 seconds
[2022-09-05 11:18:29,879] {processor.py:153} INFO - Started process (PID=23390) to work on /home/ubuntu/.local/lib/python3.8/site-packages/airflow/example_dags/example_bash_operator.py
[2022-09-05 11:18:29,880] {processor.py:641} INFO - Processing file /home/ubuntu/.local/lib/python3.8/site-packages/airflow/example_dags/example_bash_operator.py for tasks to queue
[2022-09-05 11:18:29,881] {logging_mixin.py:115} INFO - [2022-09-05 11:18:29,881] {dagbag.py:508} INFO - Filling up the DagBag from /home/ubuntu/.local/lib/python3.8/site-packages/airflow/example_dags/example_bash_operator.py
[2022-09-05 11:18:29,892] {processor.py:651} INFO - DAG(s) dict_keys(['example_bash_operator']) retrieved from /home/ubuntu/.local/lib/python3.8/site-packages/airflow/example_dags/example_bash_operator.py
[2022-09-05 11:18:29,907] {logging_mixin.py:115} INFO - [2022-09-05 11:18:29,906] {dag.py:2420} INFO - Sync 1 DAGs
[2022-09-05 11:18:29,926] {logging_mixin.py:115} INFO - [2022-09-05 11:18:29,925] {dag.py:2968} INFO - Setting next_dagrun for example_bash_operator to 2022-09-04T00:00:00+00:00, run_after=2022-09-05T00:00:00+00:00
[2022-09-05 11:18:29,940] {processor.py:161} INFO - Processing /home/ubuntu/.local/lib/python3.8/site-packages/airflow/example_dags/example_bash_operator.py took 0.065 seconds
[2022-09-05 11:19:05,223] {processor.py:153} INFO - Started process (PID=23449) to work on /home/ubuntu/.local/lib/python3.8/site-packages/airflow/example_dags/example_bash_operator.py
[2022-09-05 11:19:05,225] {processor.py:641} INFO - Processing file /home/ubuntu/.local/lib/python3.8/site-packages/airflow/example_dags/example_bash_operator.py for tasks to queue
[2022-09-05 11:19:05,225] {logging_mixin.py:115} INFO - [2022-09-05 11:19:05,225] {dagbag.py:508} INFO - Filling up the DagBag from /home/ubuntu/.local/lib/python3.8/site-packages/airflow/example_dags/example_bash_operator.py
[2022-09-05 11:19:05,237] {processor.py:651} INFO - DAG(s) dict_keys(['example_bash_operator']) retrieved from /home/ubuntu/.local/lib/python3.8/site-packages/airflow/example_dags/example_bash_operator.py
[2022-09-05 11:19:05,253] {logging_mixin.py:115} INFO - [2022-09-05 11:19:05,253] {dag.py:2420} INFO - Sync 1 DAGs
[2022-09-05 11:19:05,272] {logging_mixin.py:115} INFO - [2022-09-05 11:19:05,272] {dag.py:2968} INFO - Setting next_dagrun for example_bash_operator to 2022-09-04T00:00:00+00:00, run_after=2022-09-05T00:00:00+00:00
[2022-09-05 11:19:05,290] {processor.py:161} INFO - Processing /home/ubuntu/.local/lib/python3.8/site-packages/airflow/example_dags/example_bash_operator.py took 0.071 seconds
[2022-09-05 11:19:40,007] {processor.py:153} INFO - Started process (PID=23492) to work on /home/ubuntu/.local/lib/python3.8/site-packages/airflow/example_dags/example_bash_operator.py
[2022-09-05 11:19:40,008] {processor.py:641} INFO - Processing file /home/ubuntu/.local/lib/python3.8/site-packages/airflow/example_dags/example_bash_operator.py for tasks to queue
[2022-09-05 11:19:40,008] {logging_mixin.py:115} INFO - [2022-09-05 11:19:40,008] {dagbag.py:508} INFO - Filling up the DagBag from /home/ubuntu/.local/lib/python3.8/site-packages/airflow/example_dags/example_bash_operator.py
[2022-09-05 11:19:40,020] {processor.py:651} INFO - DAG(s) dict_keys(['example_bash_operator']) retrieved from /home/ubuntu/.local/lib/python3.8/site-packages/airflow/example_dags/example_bash_operator.py
[2022-09-05 11:19:40,037] {logging_mixin.py:115} INFO - [2022-09-05 11:19:40,037] {dag.py:2420} INFO - Sync 1 DAGs
[2022-09-05 11:19:40,057] {logging_mixin.py:115} INFO - [2022-09-05 11:19:40,056] {dag.py:2968} INFO - Setting next_dagrun for example_bash_operator to 2022-09-04T00:00:00+00:00, run_after=2022-09-05T00:00:00+00:00
[2022-09-05 11:19:40,086] {processor.py:161} INFO - Processing /home/ubuntu/.local/lib/python3.8/site-packages/airflow/example_dags/example_bash_operator.py took 0.083 seconds
[2022-09-05 11:22:04,671] {processor.py:153} INFO - Started process (PID=25200) to work on /home/ubuntu/.local/lib/python3.8/site-packages/airflow/example_dags/example_bash_operator.py
[2022-09-05 11:22:04,673] {processor.py:641} INFO - Processing file /home/ubuntu/.local/lib/python3.8/site-packages/airflow/example_dags/example_bash_operator.py for tasks to queue
[2022-09-05 11:22:04,673] {logging_mixin.py:115} INFO - [2022-09-05 11:22:04,673] {dagbag.py:508} INFO - Filling up the DagBag from /home/ubuntu/.local/lib/python3.8/site-packages/airflow/example_dags/example_bash_operator.py
[2022-09-05 11:22:04,685] {processor.py:651} INFO - DAG(s) dict_keys(['example_bash_operator']) retrieved from /home/ubuntu/.local/lib/python3.8/site-packages/airflow/example_dags/example_bash_operator.py
[2022-09-05 11:22:04,704] {logging_mixin.py:115} INFO - [2022-09-05 11:22:04,703] {dag.py:2420} INFO - Sync 1 DAGs
[2022-09-05 11:22:04,720] {logging_mixin.py:115} INFO - [2022-09-05 11:22:04,720] {dag.py:2968} INFO - Setting next_dagrun for example_bash_operator to 2022-09-04T00:00:00+00:00, run_after=2022-09-05T00:00:00+00:00
[2022-09-05 11:22:04,734] {processor.py:161} INFO - Processing /home/ubuntu/.local/lib/python3.8/site-packages/airflow/example_dags/example_bash_operator.py took 0.067 seconds
[2022-09-05 11:22:38,481] {processor.py:153} INFO - Started process (PID=25245) to work on /home/ubuntu/.local/lib/python3.8/site-packages/airflow/example_dags/example_bash_operator.py
[2022-09-05 11:22:38,482] {processor.py:641} INFO - Processing file /home/ubuntu/.local/lib/python3.8/site-packages/airflow/example_dags/example_bash_operator.py for tasks to queue
[2022-09-05 11:22:38,482] {logging_mixin.py:115} INFO - [2022-09-05 11:22:38,482] {dagbag.py:508} INFO - Filling up the DagBag from /home/ubuntu/.local/lib/python3.8/site-packages/airflow/example_dags/example_bash_operator.py
[2022-09-05 11:22:38,494] {processor.py:651} INFO - DAG(s) dict_keys(['example_bash_operator']) retrieved from /home/ubuntu/.local/lib/python3.8/site-packages/airflow/example_dags/example_bash_operator.py
[2022-09-05 11:22:38,513] {logging_mixin.py:115} INFO - [2022-09-05 11:22:38,513] {dag.py:2420} INFO - Sync 1 DAGs
[2022-09-05 11:22:38,530] {logging_mixin.py:115} INFO - [2022-09-05 11:22:38,530] {dag.py:2968} INFO - Setting next_dagrun for example_bash_operator to 2022-09-04T00:00:00+00:00, run_after=2022-09-05T00:00:00+00:00
[2022-09-05 11:22:38,546] {processor.py:161} INFO - Processing /home/ubuntu/.local/lib/python3.8/site-packages/airflow/example_dags/example_bash_operator.py took 0.069 seconds
[2022-09-05 11:23:16,257] {processor.py:153} INFO - Started process (PID=25622) to work on /home/ubuntu/.local/lib/python3.8/site-packages/airflow/example_dags/example_bash_operator.py
[2022-09-05 11:23:16,260] {processor.py:641} INFO - Processing file /home/ubuntu/.local/lib/python3.8/site-packages/airflow/example_dags/example_bash_operator.py for tasks to queue
[2022-09-05 11:23:16,260] {logging_mixin.py:115} INFO - [2022-09-05 11:23:16,260] {dagbag.py:508} INFO - Filling up the DagBag from /home/ubuntu/.local/lib/python3.8/site-packages/airflow/example_dags/example_bash_operator.py
[2022-09-05 11:23:16,272] {processor.py:651} INFO - DAG(s) dict_keys(['example_bash_operator']) retrieved from /home/ubuntu/.local/lib/python3.8/site-packages/airflow/example_dags/example_bash_operator.py
[2022-09-05 11:23:16,291] {logging_mixin.py:115} INFO - [2022-09-05 11:23:16,291] {dag.py:2420} INFO - Sync 1 DAGs
[2022-09-05 11:23:16,308] {logging_mixin.py:115} INFO - [2022-09-05 11:23:16,308] {dag.py:2968} INFO - Setting next_dagrun for example_bash_operator to 2022-09-04T00:00:00+00:00, run_after=2022-09-05T00:00:00+00:00
[2022-09-05 11:23:16,324] {processor.py:161} INFO - Processing /home/ubuntu/.local/lib/python3.8/site-packages/airflow/example_dags/example_bash_operator.py took 0.070 seconds
[2022-09-05 11:23:51,787] {processor.py:153} INFO - Started process (PID=25833) to work on /home/ubuntu/.local/lib/python3.8/site-packages/airflow/example_dags/example_bash_operator.py
[2022-09-05 11:23:51,788] {processor.py:641} INFO - Processing file /home/ubuntu/.local/lib/python3.8/site-packages/airflow/example_dags/example_bash_operator.py for tasks to queue
[2022-09-05 11:23:51,789] {logging_mixin.py:115} INFO - [2022-09-05 11:23:51,789] {dagbag.py:508} INFO - Filling up the DagBag from /home/ubuntu/.local/lib/python3.8/site-packages/airflow/example_dags/example_bash_operator.py
[2022-09-05 11:23:51,800] {processor.py:651} INFO - DAG(s) dict_keys(['example_bash_operator']) retrieved from /home/ubuntu/.local/lib/python3.8/site-packages/airflow/example_dags/example_bash_operator.py
[2022-09-05 11:23:51,819] {logging_mixin.py:115} INFO - [2022-09-05 11:23:51,819] {dag.py:2420} INFO - Sync 1 DAGs
[2022-09-05 11:23:51,836] {logging_mixin.py:115} INFO - [2022-09-05 11:23:51,836] {dag.py:2968} INFO - Setting next_dagrun for example_bash_operator to 2022-09-04T00:00:00+00:00, run_after=2022-09-05T00:00:00+00:00
[2022-09-05 11:23:51,865] {processor.py:161} INFO - Processing /home/ubuntu/.local/lib/python3.8/site-packages/airflow/example_dags/example_bash_operator.py took 0.081 seconds
[2022-09-05 11:24:26,039] {processor.py:153} INFO - Started process (PID=25996) to work on /home/ubuntu/.local/lib/python3.8/site-packages/airflow/example_dags/example_bash_operator.py
[2022-09-05 11:24:26,040] {processor.py:641} INFO - Processing file /home/ubuntu/.local/lib/python3.8/site-packages/airflow/example_dags/example_bash_operator.py for tasks to queue
[2022-09-05 11:24:26,040] {logging_mixin.py:115} INFO - [2022-09-05 11:24:26,040] {dagbag.py:508} INFO - Filling up the DagBag from /home/ubuntu/.local/lib/python3.8/site-packages/airflow/example_dags/example_bash_operator.py
[2022-09-05 11:24:26,052] {processor.py:651} INFO - DAG(s) dict_keys(['example_bash_operator']) retrieved from /home/ubuntu/.local/lib/python3.8/site-packages/airflow/example_dags/example_bash_operator.py
[2022-09-05 11:24:26,070] {logging_mixin.py:115} INFO - [2022-09-05 11:24:26,070] {dag.py:2420} INFO - Sync 1 DAGs
[2022-09-05 11:24:26,085] {logging_mixin.py:115} INFO - [2022-09-05 11:24:26,085] {dag.py:2968} INFO - Setting next_dagrun for example_bash_operator to 2022-09-04T00:00:00+00:00, run_after=2022-09-05T00:00:00+00:00
[2022-09-05 11:24:26,099] {processor.py:161} INFO - Processing /home/ubuntu/.local/lib/python3.8/site-packages/airflow/example_dags/example_bash_operator.py took 0.064 seconds
[2022-09-05 11:25:00,029] {processor.py:153} INFO - Started process (PID=26060) to work on /home/ubuntu/.local/lib/python3.8/site-packages/airflow/example_dags/example_bash_operator.py
[2022-09-05 11:25:00,032] {processor.py:641} INFO - Processing file /home/ubuntu/.local/lib/python3.8/site-packages/airflow/example_dags/example_bash_operator.py for tasks to queue
[2022-09-05 11:25:00,033] {logging_mixin.py:115} INFO - [2022-09-05 11:25:00,033] {dagbag.py:508} INFO - Filling up the DagBag from /home/ubuntu/.local/lib/python3.8/site-packages/airflow/example_dags/example_bash_operator.py
[2022-09-05 11:25:00,045] {processor.py:651} INFO - DAG(s) dict_keys(['example_bash_operator']) retrieved from /home/ubuntu/.local/lib/python3.8/site-packages/airflow/example_dags/example_bash_operator.py
[2022-09-05 11:25:00,064] {logging_mixin.py:115} INFO - [2022-09-05 11:25:00,064] {dag.py:2420} INFO - Sync 1 DAGs
[2022-09-05 11:25:00,081] {logging_mixin.py:115} INFO - [2022-09-05 11:25:00,080] {dag.py:2968} INFO - Setting next_dagrun for example_bash_operator to 2022-09-04T00:00:00+00:00, run_after=2022-09-05T00:00:00+00:00
[2022-09-05 11:25:00,109] {processor.py:161} INFO - Processing /home/ubuntu/.local/lib/python3.8/site-packages/airflow/example_dags/example_bash_operator.py took 0.084 seconds
[2022-09-05 11:25:34,844] {processor.py:153} INFO - Started process (PID=26165) to work on /home/ubuntu/.local/lib/python3.8/site-packages/airflow/example_dags/example_bash_operator.py
[2022-09-05 11:25:34,845] {processor.py:641} INFO - Processing file /home/ubuntu/.local/lib/python3.8/site-packages/airflow/example_dags/example_bash_operator.py for tasks to queue
[2022-09-05 11:25:34,846] {logging_mixin.py:115} INFO - [2022-09-05 11:25:34,846] {dagbag.py:508} INFO - Filling up the DagBag from /home/ubuntu/.local/lib/python3.8/site-packages/airflow/example_dags/example_bash_operator.py
[2022-09-05 11:25:34,857] {processor.py:651} INFO - DAG(s) dict_keys(['example_bash_operator']) retrieved from /home/ubuntu/.local/lib/python3.8/site-packages/airflow/example_dags/example_bash_operator.py
[2022-09-05 11:25:34,875] {logging_mixin.py:115} INFO - [2022-09-05 11:25:34,875] {dag.py:2420} INFO - Sync 1 DAGs
[2022-09-05 11:25:34,892] {logging_mixin.py:115} INFO - [2022-09-05 11:25:34,892] {dag.py:2968} INFO - Setting next_dagrun for example_bash_operator to 2022-09-04T00:00:00+00:00, run_after=2022-09-05T00:00:00+00:00
[2022-09-05 11:25:34,907] {processor.py:161} INFO - Processing /home/ubuntu/.local/lib/python3.8/site-packages/airflow/example_dags/example_bash_operator.py took 0.066 seconds
[2022-09-05 11:26:07,153] {processor.py:153} INFO - Started process (PID=26314) to work on /home/ubuntu/.local/lib/python3.8/site-packages/airflow/example_dags/example_bash_operator.py
[2022-09-05 11:26:07,155] {processor.py:641} INFO - Processing file /home/ubuntu/.local/lib/python3.8/site-packages/airflow/example_dags/example_bash_operator.py for tasks to queue
[2022-09-05 11:26:07,155] {logging_mixin.py:115} INFO - [2022-09-05 11:26:07,155] {dagbag.py:508} INFO - Filling up the DagBag from /home/ubuntu/.local/lib/python3.8/site-packages/airflow/example_dags/example_bash_operator.py
[2022-09-05 11:26:07,167] {processor.py:651} INFO - DAG(s) dict_keys(['example_bash_operator']) retrieved from /home/ubuntu/.local/lib/python3.8/site-packages/airflow/example_dags/example_bash_operator.py
[2022-09-05 11:26:07,186] {logging_mixin.py:115} INFO - [2022-09-05 11:26:07,186] {dag.py:2420} INFO - Sync 1 DAGs
[2022-09-05 11:26:07,202] {logging_mixin.py:115} INFO - [2022-09-05 11:26:07,202] {dag.py:2968} INFO - Setting next_dagrun for example_bash_operator to 2022-09-04T00:00:00+00:00, run_after=2022-09-05T00:00:00+00:00
[2022-09-05 11:26:07,217] {processor.py:161} INFO - Processing /home/ubuntu/.local/lib/python3.8/site-packages/airflow/example_dags/example_bash_operator.py took 0.067 seconds
[2022-09-05 11:26:41,108] {processor.py:153} INFO - Started process (PID=26357) to work on /home/ubuntu/.local/lib/python3.8/site-packages/airflow/example_dags/example_bash_operator.py
[2022-09-05 11:26:41,109] {processor.py:641} INFO - Processing file /home/ubuntu/.local/lib/python3.8/site-packages/airflow/example_dags/example_bash_operator.py for tasks to queue
[2022-09-05 11:26:41,110] {logging_mixin.py:115} INFO - [2022-09-05 11:26:41,110] {dagbag.py:508} INFO - Filling up the DagBag from /home/ubuntu/.local/lib/python3.8/site-packages/airflow/example_dags/example_bash_operator.py
[2022-09-05 11:26:41,122] {processor.py:651} INFO - DAG(s) dict_keys(['example_bash_operator']) retrieved from /home/ubuntu/.local/lib/python3.8/site-packages/airflow/example_dags/example_bash_operator.py
[2022-09-05 11:26:41,141] {logging_mixin.py:115} INFO - [2022-09-05 11:26:41,140] {dag.py:2420} INFO - Sync 1 DAGs
[2022-09-05 11:26:41,158] {logging_mixin.py:115} INFO - [2022-09-05 11:26:41,158] {dag.py:2968} INFO - Setting next_dagrun for example_bash_operator to 2022-09-04T00:00:00+00:00, run_after=2022-09-05T00:00:00+00:00
[2022-09-05 11:26:41,174] {processor.py:161} INFO - Processing /home/ubuntu/.local/lib/python3.8/site-packages/airflow/example_dags/example_bash_operator.py took 0.070 seconds
[2022-09-05 11:27:13,772] {processor.py:153} INFO - Started process (PID=26401) to work on /home/ubuntu/.local/lib/python3.8/site-packages/airflow/example_dags/example_bash_operator.py
[2022-09-05 11:27:13,773] {processor.py:641} INFO - Processing file /home/ubuntu/.local/lib/python3.8/site-packages/airflow/example_dags/example_bash_operator.py for tasks to queue
[2022-09-05 11:27:13,773] {logging_mixin.py:115} INFO - [2022-09-05 11:27:13,773] {dagbag.py:508} INFO - Filling up the DagBag from /home/ubuntu/.local/lib/python3.8/site-packages/airflow/example_dags/example_bash_operator.py
[2022-09-05 11:27:13,785] {processor.py:651} INFO - DAG(s) dict_keys(['example_bash_operator']) retrieved from /home/ubuntu/.local/lib/python3.8/site-packages/airflow/example_dags/example_bash_operator.py
[2022-09-05 11:27:13,804] {logging_mixin.py:115} INFO - [2022-09-05 11:27:13,803] {dag.py:2420} INFO - Sync 1 DAGs
[2022-09-05 11:27:13,820] {logging_mixin.py:115} INFO - [2022-09-05 11:27:13,820] {dag.py:2968} INFO - Setting next_dagrun for example_bash_operator to 2022-09-04T00:00:00+00:00, run_after=2022-09-05T00:00:00+00:00
[2022-09-05 11:27:13,839] {processor.py:161} INFO - Processing /home/ubuntu/.local/lib/python3.8/site-packages/airflow/example_dags/example_bash_operator.py took 0.070 seconds
[2022-09-05 11:27:49,798] {processor.py:153} INFO - Started process (PID=26446) to work on /home/ubuntu/.local/lib/python3.8/site-packages/airflow/example_dags/example_bash_operator.py
[2022-09-05 11:27:49,801] {processor.py:641} INFO - Processing file /home/ubuntu/.local/lib/python3.8/site-packages/airflow/example_dags/example_bash_operator.py for tasks to queue
[2022-09-05 11:27:49,802] {logging_mixin.py:115} INFO - [2022-09-05 11:27:49,802] {dagbag.py:508} INFO - Filling up the DagBag from /home/ubuntu/.local/lib/python3.8/site-packages/airflow/example_dags/example_bash_operator.py
[2022-09-05 11:27:49,814] {processor.py:651} INFO - DAG(s) dict_keys(['example_bash_operator']) retrieved from /home/ubuntu/.local/lib/python3.8/site-packages/airflow/example_dags/example_bash_operator.py
[2022-09-05 11:27:49,834] {logging_mixin.py:115} INFO - [2022-09-05 11:27:49,834] {dag.py:2420} INFO - Sync 1 DAGs
[2022-09-05 11:27:49,851] {logging_mixin.py:115} INFO - [2022-09-05 11:27:49,851] {dag.py:2968} INFO - Setting next_dagrun for example_bash_operator to 2022-09-04T00:00:00+00:00, run_after=2022-09-05T00:00:00+00:00
[2022-09-05 11:27:49,867] {processor.py:161} INFO - Processing /home/ubuntu/.local/lib/python3.8/site-packages/airflow/example_dags/example_bash_operator.py took 0.072 seconds
[2022-09-05 11:28:23,484] {processor.py:153} INFO - Started process (PID=26793) to work on /home/ubuntu/.local/lib/python3.8/site-packages/airflow/example_dags/example_bash_operator.py
[2022-09-05 11:28:23,485] {processor.py:641} INFO - Processing file /home/ubuntu/.local/lib/python3.8/site-packages/airflow/example_dags/example_bash_operator.py for tasks to queue
[2022-09-05 11:28:23,486] {logging_mixin.py:115} INFO - [2022-09-05 11:28:23,486] {dagbag.py:508} INFO - Filling up the DagBag from /home/ubuntu/.local/lib/python3.8/site-packages/airflow/example_dags/example_bash_operator.py
[2022-09-05 11:28:23,498] {processor.py:651} INFO - DAG(s) dict_keys(['example_bash_operator']) retrieved from /home/ubuntu/.local/lib/python3.8/site-packages/airflow/example_dags/example_bash_operator.py
[2022-09-05 11:28:23,515] {logging_mixin.py:115} INFO - [2022-09-05 11:28:23,515] {dag.py:2420} INFO - Sync 1 DAGs
[2022-09-05 11:28:23,530] {logging_mixin.py:115} INFO - [2022-09-05 11:28:23,530] {dag.py:2968} INFO - Setting next_dagrun for example_bash_operator to 2022-09-04T00:00:00+00:00, run_after=2022-09-05T00:00:00+00:00
[2022-09-05 11:28:23,545] {processor.py:161} INFO - Processing /home/ubuntu/.local/lib/python3.8/site-packages/airflow/example_dags/example_bash_operator.py took 0.064 seconds
[2022-09-05 11:28:56,009] {processor.py:153} INFO - Started process (PID=27024) to work on /home/ubuntu/.local/lib/python3.8/site-packages/airflow/example_dags/example_bash_operator.py
[2022-09-05 11:28:56,010] {processor.py:641} INFO - Processing file /home/ubuntu/.local/lib/python3.8/site-packages/airflow/example_dags/example_bash_operator.py for tasks to queue
[2022-09-05 11:28:56,011] {logging_mixin.py:115} INFO - [2022-09-05 11:28:56,011] {dagbag.py:508} INFO - Filling up the DagBag from /home/ubuntu/.local/lib/python3.8/site-packages/airflow/example_dags/example_bash_operator.py
[2022-09-05 11:28:56,023] {processor.py:651} INFO - DAG(s) dict_keys(['example_bash_operator']) retrieved from /home/ubuntu/.local/lib/python3.8/site-packages/airflow/example_dags/example_bash_operator.py
[2022-09-05 11:28:56,041] {logging_mixin.py:115} INFO - [2022-09-05 11:28:56,040] {dag.py:2420} INFO - Sync 1 DAGs
[2022-09-05 11:28:56,057] {logging_mixin.py:115} INFO - [2022-09-05 11:28:56,056] {dag.py:2968} INFO - Setting next_dagrun for example_bash_operator to 2022-09-04T00:00:00+00:00, run_after=2022-09-05T00:00:00+00:00
[2022-09-05 11:28:56,071] {processor.py:161} INFO - Processing /home/ubuntu/.local/lib/python3.8/site-packages/airflow/example_dags/example_bash_operator.py took 0.066 seconds
[2022-09-05 11:29:29,955] {processor.py:153} INFO - Started process (PID=27072) to work on /home/ubuntu/.local/lib/python3.8/site-packages/airflow/example_dags/example_bash_operator.py
[2022-09-05 11:29:29,958] {processor.py:641} INFO - Processing file /home/ubuntu/.local/lib/python3.8/site-packages/airflow/example_dags/example_bash_operator.py for tasks to queue
[2022-09-05 11:29:29,958] {logging_mixin.py:115} INFO - [2022-09-05 11:29:29,958] {dagbag.py:508} INFO - Filling up the DagBag from /home/ubuntu/.local/lib/python3.8/site-packages/airflow/example_dags/example_bash_operator.py
[2022-09-05 11:29:29,970] {processor.py:651} INFO - DAG(s) dict_keys(['example_bash_operator']) retrieved from /home/ubuntu/.local/lib/python3.8/site-packages/airflow/example_dags/example_bash_operator.py
[2022-09-05 11:29:29,988] {logging_mixin.py:115} INFO - [2022-09-05 11:29:29,988] {dag.py:2420} INFO - Sync 1 DAGs
[2022-09-05 11:29:30,004] {logging_mixin.py:115} INFO - [2022-09-05 11:29:30,004] {dag.py:2968} INFO - Setting next_dagrun for example_bash_operator to 2022-09-04T00:00:00+00:00, run_after=2022-09-05T00:00:00+00:00
[2022-09-05 11:29:30,021] {processor.py:161} INFO - Processing /home/ubuntu/.local/lib/python3.8/site-packages/airflow/example_dags/example_bash_operator.py took 0.069 seconds
[2022-09-05 11:32:04,037] {processor.py:153} INFO - Started process (PID=28909) to work on /home/ubuntu/.local/lib/python3.8/site-packages/airflow/example_dags/example_bash_operator.py
[2022-09-05 11:32:04,040] {processor.py:641} INFO - Processing file /home/ubuntu/.local/lib/python3.8/site-packages/airflow/example_dags/example_bash_operator.py for tasks to queue
[2022-09-05 11:32:04,040] {logging_mixin.py:115} INFO - [2022-09-05 11:32:04,040] {dagbag.py:508} INFO - Filling up the DagBag from /home/ubuntu/.local/lib/python3.8/site-packages/airflow/example_dags/example_bash_operator.py
[2022-09-05 11:32:04,055] {processor.py:651} INFO - DAG(s) dict_keys(['example_bash_operator']) retrieved from /home/ubuntu/.local/lib/python3.8/site-packages/airflow/example_dags/example_bash_operator.py
[2022-09-05 11:32:04,070] {logging_mixin.py:115} INFO - [2022-09-05 11:32:04,070] {dag.py:2420} INFO - Sync 1 DAGs
[2022-09-05 11:32:04,086] {logging_mixin.py:115} INFO - [2022-09-05 11:32:04,086] {dag.py:2968} INFO - Setting next_dagrun for example_bash_operator to 2022-09-04T00:00:00+00:00, run_after=2022-09-05T00:00:00+00:00
[2022-09-05 11:32:04,101] {processor.py:161} INFO - Processing /home/ubuntu/.local/lib/python3.8/site-packages/airflow/example_dags/example_bash_operator.py took 0.067 seconds
[2022-09-05 11:32:36,966] {processor.py:153} INFO - Started process (PID=29061) to work on /home/ubuntu/.local/lib/python3.8/site-packages/airflow/example_dags/example_bash_operator.py
[2022-09-05 11:32:36,967] {processor.py:641} INFO - Processing file /home/ubuntu/.local/lib/python3.8/site-packages/airflow/example_dags/example_bash_operator.py for tasks to queue
[2022-09-05 11:32:36,967] {logging_mixin.py:115} INFO - [2022-09-05 11:32:36,967] {dagbag.py:508} INFO - Filling up the DagBag from /home/ubuntu/.local/lib/python3.8/site-packages/airflow/example_dags/example_bash_operator.py
[2022-09-05 11:32:36,982] {processor.py:651} INFO - DAG(s) dict_keys(['example_bash_operator']) retrieved from /home/ubuntu/.local/lib/python3.8/site-packages/airflow/example_dags/example_bash_operator.py
[2022-09-05 11:32:36,997] {logging_mixin.py:115} INFO - [2022-09-05 11:32:36,997] {dag.py:2420} INFO - Sync 1 DAGs
[2022-09-05 11:32:37,013] {logging_mixin.py:115} INFO - [2022-09-05 11:32:37,013] {dag.py:2968} INFO - Setting next_dagrun for example_bash_operator to 2022-09-04T00:00:00+00:00, run_after=2022-09-05T00:00:00+00:00
[2022-09-05 11:32:37,034] {processor.py:161} INFO - Processing /home/ubuntu/.local/lib/python3.8/site-packages/airflow/example_dags/example_bash_operator.py took 0.071 seconds
[2022-09-05 11:33:14,004] {processor.py:153} INFO - Started process (PID=29345) to work on /home/ubuntu/.local/lib/python3.8/site-packages/airflow/example_dags/example_bash_operator.py
[2022-09-05 11:33:14,006] {processor.py:641} INFO - Processing file /home/ubuntu/.local/lib/python3.8/site-packages/airflow/example_dags/example_bash_operator.py for tasks to queue
[2022-09-05 11:33:14,007] {logging_mixin.py:115} INFO - [2022-09-05 11:33:14,007] {dagbag.py:508} INFO - Filling up the DagBag from /home/ubuntu/.local/lib/python3.8/site-packages/airflow/example_dags/example_bash_operator.py
[2022-09-05 11:33:14,021] {processor.py:651} INFO - DAG(s) dict_keys(['example_bash_operator']) retrieved from /home/ubuntu/.local/lib/python3.8/site-packages/airflow/example_dags/example_bash_operator.py
[2022-09-05 11:33:14,035] {logging_mixin.py:115} INFO - [2022-09-05 11:33:14,035] {dag.py:2420} INFO - Sync 1 DAGs
[2022-09-05 11:33:14,050] {logging_mixin.py:115} INFO - [2022-09-05 11:33:14,050] {dag.py:2968} INFO - Setting next_dagrun for example_bash_operator to 2022-09-04T00:00:00+00:00, run_after=2022-09-05T00:00:00+00:00
[2022-09-05 11:33:14,064] {processor.py:161} INFO - Processing /home/ubuntu/.local/lib/python3.8/site-packages/airflow/example_dags/example_bash_operator.py took 0.063 seconds
[2022-09-05 11:33:58,809] {processor.py:153} INFO - Started process (PID=29617) to work on /home/ubuntu/.local/lib/python3.8/site-packages/airflow/example_dags/example_bash_operator.py
[2022-09-05 11:33:58,810] {processor.py:641} INFO - Processing file /home/ubuntu/.local/lib/python3.8/site-packages/airflow/example_dags/example_bash_operator.py for tasks to queue
[2022-09-05 11:33:58,810] {logging_mixin.py:115} INFO - [2022-09-05 11:33:58,810] {dagbag.py:508} INFO - Filling up the DagBag from /home/ubuntu/.local/lib/python3.8/site-packages/airflow/example_dags/example_bash_operator.py
[2022-09-05 11:33:58,822] {processor.py:651} INFO - DAG(s) dict_keys(['example_bash_operator']) retrieved from /home/ubuntu/.local/lib/python3.8/site-packages/airflow/example_dags/example_bash_operator.py
[2022-09-05 11:33:58,838] {logging_mixin.py:115} INFO - [2022-09-05 11:33:58,837] {dag.py:2420} INFO - Sync 1 DAGs
[2022-09-05 11:33:58,856] {logging_mixin.py:115} INFO - [2022-09-05 11:33:58,856] {dag.py:2968} INFO - Setting next_dagrun for example_bash_operator to 2022-09-04T00:00:00+00:00, run_after=2022-09-05T00:00:00+00:00
[2022-09-05 11:33:58,884] {processor.py:161} INFO - Processing /home/ubuntu/.local/lib/python3.8/site-packages/airflow/example_dags/example_bash_operator.py took 0.078 seconds
[2022-09-05 11:34:33,026] {processor.py:153} INFO - Started process (PID=29703) to work on /home/ubuntu/.local/lib/python3.8/site-packages/airflow/example_dags/example_bash_operator.py
[2022-09-05 11:34:33,027] {processor.py:641} INFO - Processing file /home/ubuntu/.local/lib/python3.8/site-packages/airflow/example_dags/example_bash_operator.py for tasks to queue
[2022-09-05 11:34:33,028] {logging_mixin.py:115} INFO - [2022-09-05 11:34:33,027] {dagbag.py:508} INFO - Filling up the DagBag from /home/ubuntu/.local/lib/python3.8/site-packages/airflow/example_dags/example_bash_operator.py
[2022-09-05 11:34:33,039] {processor.py:651} INFO - DAG(s) dict_keys(['example_bash_operator']) retrieved from /home/ubuntu/.local/lib/python3.8/site-packages/airflow/example_dags/example_bash_operator.py
[2022-09-05 11:34:33,058] {logging_mixin.py:115} INFO - [2022-09-05 11:34:33,058] {dag.py:2420} INFO - Sync 1 DAGs
[2022-09-05 11:34:33,076] {logging_mixin.py:115} INFO - [2022-09-05 11:34:33,076] {dag.py:2968} INFO - Setting next_dagrun for example_bash_operator to 2022-09-04T00:00:00+00:00, run_after=2022-09-05T00:00:00+00:00
[2022-09-05 11:34:33,090] {processor.py:161} INFO - Processing /home/ubuntu/.local/lib/python3.8/site-packages/airflow/example_dags/example_bash_operator.py took 0.067 seconds
[2022-09-05 11:35:06,449] {processor.py:153} INFO - Started process (PID=29783) to work on /home/ubuntu/.local/lib/python3.8/site-packages/airflow/example_dags/example_bash_operator.py
[2022-09-05 11:35:06,450] {processor.py:641} INFO - Processing file /home/ubuntu/.local/lib/python3.8/site-packages/airflow/example_dags/example_bash_operator.py for tasks to queue
[2022-09-05 11:35:06,451] {logging_mixin.py:115} INFO - [2022-09-05 11:35:06,451] {dagbag.py:508} INFO - Filling up the DagBag from /home/ubuntu/.local/lib/python3.8/site-packages/airflow/example_dags/example_bash_operator.py
[2022-09-05 11:35:06,463] {processor.py:651} INFO - DAG(s) dict_keys(['example_bash_operator']) retrieved from /home/ubuntu/.local/lib/python3.8/site-packages/airflow/example_dags/example_bash_operator.py
[2022-09-05 11:35:06,479] {logging_mixin.py:115} INFO - [2022-09-05 11:35:06,479] {dag.py:2420} INFO - Sync 1 DAGs
[2022-09-05 11:35:06,498] {logging_mixin.py:115} INFO - [2022-09-05 11:35:06,498] {dag.py:2968} INFO - Setting next_dagrun for example_bash_operator to 2022-09-04T00:00:00+00:00, run_after=2022-09-05T00:00:00+00:00
[2022-09-05 11:35:06,516] {processor.py:161} INFO - Processing /home/ubuntu/.local/lib/python3.8/site-packages/airflow/example_dags/example_bash_operator.py took 0.071 seconds
[2022-09-05 11:35:42,458] {processor.py:153} INFO - Started process (PID=29873) to work on /home/ubuntu/.local/lib/python3.8/site-packages/airflow/example_dags/example_bash_operator.py
[2022-09-05 11:35:42,459] {processor.py:641} INFO - Processing file /home/ubuntu/.local/lib/python3.8/site-packages/airflow/example_dags/example_bash_operator.py for tasks to queue
[2022-09-05 11:35:42,460] {logging_mixin.py:115} INFO - [2022-09-05 11:35:42,460] {dagbag.py:508} INFO - Filling up the DagBag from /home/ubuntu/.local/lib/python3.8/site-packages/airflow/example_dags/example_bash_operator.py
[2022-09-05 11:35:42,472] {processor.py:651} INFO - DAG(s) dict_keys(['example_bash_operator']) retrieved from /home/ubuntu/.local/lib/python3.8/site-packages/airflow/example_dags/example_bash_operator.py
[2022-09-05 11:35:42,489] {logging_mixin.py:115} INFO - [2022-09-05 11:35:42,489] {dag.py:2420} INFO - Sync 1 DAGs
[2022-09-05 11:35:42,510] {logging_mixin.py:115} INFO - [2022-09-05 11:35:42,510] {dag.py:2968} INFO - Setting next_dagrun for example_bash_operator to 2022-09-04T00:00:00+00:00, run_after=2022-09-05T00:00:00+00:00
[2022-09-05 11:35:42,529] {processor.py:161} INFO - Processing /home/ubuntu/.local/lib/python3.8/site-packages/airflow/example_dags/example_bash_operator.py took 0.074 seconds
[2022-09-05 11:36:17,935] {processor.py:153} INFO - Started process (PID=29959) to work on /home/ubuntu/.local/lib/python3.8/site-packages/airflow/example_dags/example_bash_operator.py
[2022-09-05 11:36:17,936] {processor.py:641} INFO - Processing file /home/ubuntu/.local/lib/python3.8/site-packages/airflow/example_dags/example_bash_operator.py for tasks to queue
[2022-09-05 11:36:17,937] {logging_mixin.py:115} INFO - [2022-09-05 11:36:17,937] {dagbag.py:508} INFO - Filling up the DagBag from /home/ubuntu/.local/lib/python3.8/site-packages/airflow/example_dags/example_bash_operator.py
[2022-09-05 11:36:17,949] {processor.py:651} INFO - DAG(s) dict_keys(['example_bash_operator']) retrieved from /home/ubuntu/.local/lib/python3.8/site-packages/airflow/example_dags/example_bash_operator.py
[2022-09-05 11:36:17,966] {logging_mixin.py:115} INFO - [2022-09-05 11:36:17,966] {dag.py:2420} INFO - Sync 1 DAGs
[2022-09-05 11:36:17,987] {logging_mixin.py:115} INFO - [2022-09-05 11:36:17,987] {dag.py:2968} INFO - Setting next_dagrun for example_bash_operator to 2022-09-04T00:00:00+00:00, run_after=2022-09-05T00:00:00+00:00
[2022-09-05 11:36:18,009] {processor.py:161} INFO - Processing /home/ubuntu/.local/lib/python3.8/site-packages/airflow/example_dags/example_bash_operator.py took 0.077 seconds
[2022-09-05 11:36:52,714] {processor.py:153} INFO - Started process (PID=30040) to work on /home/ubuntu/.local/lib/python3.8/site-packages/airflow/example_dags/example_bash_operator.py
[2022-09-05 11:36:52,716] {processor.py:641} INFO - Processing file /home/ubuntu/.local/lib/python3.8/site-packages/airflow/example_dags/example_bash_operator.py for tasks to queue
[2022-09-05 11:36:52,716] {logging_mixin.py:115} INFO - [2022-09-05 11:36:52,716] {dagbag.py:508} INFO - Filling up the DagBag from /home/ubuntu/.local/lib/python3.8/site-packages/airflow/example_dags/example_bash_operator.py
[2022-09-05 11:36:52,728] {processor.py:651} INFO - DAG(s) dict_keys(['example_bash_operator']) retrieved from /home/ubuntu/.local/lib/python3.8/site-packages/airflow/example_dags/example_bash_operator.py
[2022-09-05 11:36:52,744] {logging_mixin.py:115} INFO - [2022-09-05 11:36:52,744] {dag.py:2420} INFO - Sync 1 DAGs
[2022-09-05 11:36:52,764] {logging_mixin.py:115} INFO - [2022-09-05 11:36:52,764] {dag.py:2968} INFO - Setting next_dagrun for example_bash_operator to 2022-09-04T00:00:00+00:00, run_after=2022-09-05T00:00:00+00:00
[2022-09-05 11:36:52,781] {processor.py:161} INFO - Processing /home/ubuntu/.local/lib/python3.8/site-packages/airflow/example_dags/example_bash_operator.py took 0.070 seconds
[2022-09-05 11:37:28,954] {processor.py:153} INFO - Started process (PID=30132) to work on /home/ubuntu/.local/lib/python3.8/site-packages/airflow/example_dags/example_bash_operator.py
[2022-09-05 11:37:28,955] {processor.py:641} INFO - Processing file /home/ubuntu/.local/lib/python3.8/site-packages/airflow/example_dags/example_bash_operator.py for tasks to queue
[2022-09-05 11:37:28,955] {logging_mixin.py:115} INFO - [2022-09-05 11:37:28,955] {dagbag.py:508} INFO - Filling up the DagBag from /home/ubuntu/.local/lib/python3.8/site-packages/airflow/example_dags/example_bash_operator.py
[2022-09-05 11:37:28,967] {processor.py:651} INFO - DAG(s) dict_keys(['example_bash_operator']) retrieved from /home/ubuntu/.local/lib/python3.8/site-packages/airflow/example_dags/example_bash_operator.py
[2022-09-05 11:37:28,982] {logging_mixin.py:115} INFO - [2022-09-05 11:37:28,982] {dag.py:2420} INFO - Sync 1 DAGs
[2022-09-05 11:37:29,000] {logging_mixin.py:115} INFO - [2022-09-05 11:37:29,000] {dag.py:2968} INFO - Setting next_dagrun for example_bash_operator to 2022-09-04T00:00:00+00:00, run_after=2022-09-05T00:00:00+00:00
[2022-09-05 11:37:29,018] {processor.py:161} INFO - Processing /home/ubuntu/.local/lib/python3.8/site-packages/airflow/example_dags/example_bash_operator.py took 0.068 seconds
[2022-09-05 11:38:02,386] {processor.py:153} INFO - Started process (PID=30216) to work on /home/ubuntu/.local/lib/python3.8/site-packages/airflow/example_dags/example_bash_operator.py
[2022-09-05 11:38:02,387] {processor.py:641} INFO - Processing file /home/ubuntu/.local/lib/python3.8/site-packages/airflow/example_dags/example_bash_operator.py for tasks to queue
[2022-09-05 11:38:02,387] {logging_mixin.py:115} INFO - [2022-09-05 11:38:02,387] {dagbag.py:508} INFO - Filling up the DagBag from /home/ubuntu/.local/lib/python3.8/site-packages/airflow/example_dags/example_bash_operator.py
[2022-09-05 11:38:02,399] {processor.py:651} INFO - DAG(s) dict_keys(['example_bash_operator']) retrieved from /home/ubuntu/.local/lib/python3.8/site-packages/airflow/example_dags/example_bash_operator.py
[2022-09-05 11:38:02,415] {logging_mixin.py:115} INFO - [2022-09-05 11:38:02,415] {dag.py:2420} INFO - Sync 1 DAGs
[2022-09-05 11:38:02,434] {logging_mixin.py:115} INFO - [2022-09-05 11:38:02,434] {dag.py:2968} INFO - Setting next_dagrun for example_bash_operator to 2022-09-04T00:00:00+00:00, run_after=2022-09-05T00:00:00+00:00
[2022-09-05 11:38:02,458] {processor.py:161} INFO - Processing /home/ubuntu/.local/lib/python3.8/site-packages/airflow/example_dags/example_bash_operator.py took 0.076 seconds
[2022-09-05 11:38:36,187] {processor.py:153} INFO - Started process (PID=30317) to work on /home/ubuntu/.local/lib/python3.8/site-packages/airflow/example_dags/example_bash_operator.py
[2022-09-05 11:38:36,188] {processor.py:641} INFO - Processing file /home/ubuntu/.local/lib/python3.8/site-packages/airflow/example_dags/example_bash_operator.py for tasks to queue
[2022-09-05 11:38:36,189] {logging_mixin.py:115} INFO - [2022-09-05 11:38:36,189] {dagbag.py:508} INFO - Filling up the DagBag from /home/ubuntu/.local/lib/python3.8/site-packages/airflow/example_dags/example_bash_operator.py
[2022-09-05 11:38:36,200] {processor.py:651} INFO - DAG(s) dict_keys(['example_bash_operator']) retrieved from /home/ubuntu/.local/lib/python3.8/site-packages/airflow/example_dags/example_bash_operator.py
[2022-09-05 11:38:36,220] {logging_mixin.py:115} INFO - [2022-09-05 11:38:36,220] {dag.py:2420} INFO - Sync 1 DAGs
[2022-09-05 11:38:36,240] {logging_mixin.py:115} INFO - [2022-09-05 11:38:36,240] {dag.py:2968} INFO - Setting next_dagrun for example_bash_operator to 2022-09-04T00:00:00+00:00, run_after=2022-09-05T00:00:00+00:00
[2022-09-05 11:38:36,259] {processor.py:161} INFO - Processing /home/ubuntu/.local/lib/python3.8/site-packages/airflow/example_dags/example_bash_operator.py took 0.075 seconds
[2022-09-05 11:39:09,862] {processor.py:153} INFO - Started process (PID=30467) to work on /home/ubuntu/.local/lib/python3.8/site-packages/airflow/example_dags/example_bash_operator.py
[2022-09-05 11:39:09,864] {processor.py:641} INFO - Processing file /home/ubuntu/.local/lib/python3.8/site-packages/airflow/example_dags/example_bash_operator.py for tasks to queue
[2022-09-05 11:39:09,864] {logging_mixin.py:115} INFO - [2022-09-05 11:39:09,864] {dagbag.py:508} INFO - Filling up the DagBag from /home/ubuntu/.local/lib/python3.8/site-packages/airflow/example_dags/example_bash_operator.py
[2022-09-05 11:39:09,877] {processor.py:651} INFO - DAG(s) dict_keys(['example_bash_operator']) retrieved from /home/ubuntu/.local/lib/python3.8/site-packages/airflow/example_dags/example_bash_operator.py
[2022-09-05 11:39:09,896] {logging_mixin.py:115} INFO - [2022-09-05 11:39:09,896] {dag.py:2420} INFO - Sync 1 DAGs
[2022-09-05 11:39:09,913] {logging_mixin.py:115} INFO - [2022-09-05 11:39:09,913] {dag.py:2968} INFO - Setting next_dagrun for example_bash_operator to 2022-09-04T00:00:00+00:00, run_after=2022-09-05T00:00:00+00:00
[2022-09-05 11:39:09,929] {processor.py:161} INFO - Processing /home/ubuntu/.local/lib/python3.8/site-packages/airflow/example_dags/example_bash_operator.py took 0.071 seconds
[2022-09-05 11:39:44,888] {processor.py:153} INFO - Started process (PID=30556) to work on /home/ubuntu/.local/lib/python3.8/site-packages/airflow/example_dags/example_bash_operator.py
[2022-09-05 11:39:44,889] {processor.py:641} INFO - Processing file /home/ubuntu/.local/lib/python3.8/site-packages/airflow/example_dags/example_bash_operator.py for tasks to queue
[2022-09-05 11:39:44,889] {logging_mixin.py:115} INFO - [2022-09-05 11:39:44,889] {dagbag.py:508} INFO - Filling up the DagBag from /home/ubuntu/.local/lib/python3.8/site-packages/airflow/example_dags/example_bash_operator.py
[2022-09-05 11:39:44,902] {processor.py:651} INFO - DAG(s) dict_keys(['example_bash_operator']) retrieved from /home/ubuntu/.local/lib/python3.8/site-packages/airflow/example_dags/example_bash_operator.py
[2022-09-05 11:39:44,921] {logging_mixin.py:115} INFO - [2022-09-05 11:39:44,921] {dag.py:2420} INFO - Sync 1 DAGs
[2022-09-05 11:39:44,938] {logging_mixin.py:115} INFO - [2022-09-05 11:39:44,938] {dag.py:2968} INFO - Setting next_dagrun for example_bash_operator to 2022-09-04T00:00:00+00:00, run_after=2022-09-05T00:00:00+00:00
[2022-09-05 11:39:44,957] {processor.py:161} INFO - Processing /home/ubuntu/.local/lib/python3.8/site-packages/airflow/example_dags/example_bash_operator.py took 0.073 seconds
[2022-09-05 16:30:08,345] {processor.py:153} INFO - Started process (PID=55237) to work on /home/ubuntu/.local/lib/python3.8/site-packages/airflow/example_dags/example_bash_operator.py
[2022-09-05 16:30:08,348] {processor.py:641} INFO - Processing file /home/ubuntu/.local/lib/python3.8/site-packages/airflow/example_dags/example_bash_operator.py for tasks to queue
[2022-09-05 16:30:08,348] {logging_mixin.py:115} INFO - [2022-09-05 16:30:08,348] {dagbag.py:508} INFO - Filling up the DagBag from /home/ubuntu/.local/lib/python3.8/site-packages/airflow/example_dags/example_bash_operator.py
[2022-09-05 16:30:08,360] {processor.py:651} INFO - DAG(s) dict_keys(['example_bash_operator']) retrieved from /home/ubuntu/.local/lib/python3.8/site-packages/airflow/example_dags/example_bash_operator.py
[2022-09-05 16:30:08,374] {logging_mixin.py:115} INFO - [2022-09-05 16:30:08,374] {dag.py:2420} INFO - Sync 1 DAGs
[2022-09-05 16:30:08,388] {logging_mixin.py:115} INFO - [2022-09-05 16:30:08,388] {dag.py:2968} INFO - Setting next_dagrun for example_bash_operator to 2022-09-04T00:00:00+00:00, run_after=2022-09-05T00:00:00+00:00
[2022-09-05 16:30:08,403] {processor.py:161} INFO - Processing /home/ubuntu/.local/lib/python3.8/site-packages/airflow/example_dags/example_bash_operator.py took 0.060 seconds
