[2022-09-05 10:47:44,303] {processor.py:153} INFO - Started process (PID=12211) to work on /home/ubuntu/.local/lib/python3.8/site-packages/airflow/example_dags/example_skip_dag.py
[2022-09-05 10:47:44,304] {processor.py:641} INFO - Processing file /home/ubuntu/.local/lib/python3.8/site-packages/airflow/example_dags/example_skip_dag.py for tasks to queue
[2022-09-05 10:47:44,304] {logging_mixin.py:115} INFO - [2022-09-05 10:47:44,304] {dagbag.py:508} INFO - Filling up the DagBag from /home/ubuntu/.local/lib/python3.8/site-packages/airflow/example_dags/example_skip_dag.py
[2022-09-05 10:47:44,309] {processor.py:651} INFO - DAG(s) dict_keys(['example_skip_dag']) retrieved from /home/ubuntu/.local/lib/python3.8/site-packages/airflow/example_dags/example_skip_dag.py
[2022-09-05 10:47:44,326] {logging_mixin.py:115} INFO - [2022-09-05 10:47:44,325] {dag.py:2420} INFO - Sync 1 DAGs
[2022-09-05 10:47:44,344] {logging_mixin.py:115} INFO - [2022-09-05 10:47:44,344] {dag.py:2968} INFO - Setting next_dagrun for example_skip_dag to 2022-09-04T10:47:44.343893+00:00, run_after=2022-09-05T10:47:44.343893+00:00
[2022-09-05 10:47:44,358] {processor.py:161} INFO - Processing /home/ubuntu/.local/lib/python3.8/site-packages/airflow/example_dags/example_skip_dag.py took 0.058 seconds
[2022-09-05 10:48:19,177] {processor.py:153} INFO - Started process (PID=12296) to work on /home/ubuntu/.local/lib/python3.8/site-packages/airflow/example_dags/example_skip_dag.py
[2022-09-05 10:48:19,178] {processor.py:641} INFO - Processing file /home/ubuntu/.local/lib/python3.8/site-packages/airflow/example_dags/example_skip_dag.py for tasks to queue
[2022-09-05 10:48:19,179] {logging_mixin.py:115} INFO - [2022-09-05 10:48:19,179] {dagbag.py:508} INFO - Filling up the DagBag from /home/ubuntu/.local/lib/python3.8/site-packages/airflow/example_dags/example_skip_dag.py
[2022-09-05 10:48:19,184] {processor.py:651} INFO - DAG(s) dict_keys(['example_skip_dag']) retrieved from /home/ubuntu/.local/lib/python3.8/site-packages/airflow/example_dags/example_skip_dag.py
[2022-09-05 10:48:19,199] {logging_mixin.py:115} INFO - [2022-09-05 10:48:19,199] {dag.py:2420} INFO - Sync 1 DAGs
[2022-09-05 10:48:19,215] {logging_mixin.py:115} INFO - [2022-09-05 10:48:19,215] {dag.py:2968} INFO - Setting next_dagrun for example_skip_dag to 2022-09-04T10:48:19.215462+00:00, run_after=2022-09-05T10:48:19.215462+00:00
[2022-09-05 10:48:19,232] {processor.py:161} INFO - Processing /home/ubuntu/.local/lib/python3.8/site-packages/airflow/example_dags/example_skip_dag.py took 0.057 seconds
[2022-09-05 10:48:55,271] {processor.py:153} INFO - Started process (PID=12384) to work on /home/ubuntu/.local/lib/python3.8/site-packages/airflow/example_dags/example_skip_dag.py
[2022-09-05 10:48:55,272] {processor.py:641} INFO - Processing file /home/ubuntu/.local/lib/python3.8/site-packages/airflow/example_dags/example_skip_dag.py for tasks to queue
[2022-09-05 10:48:55,273] {logging_mixin.py:115} INFO - [2022-09-05 10:48:55,272] {dagbag.py:508} INFO - Filling up the DagBag from /home/ubuntu/.local/lib/python3.8/site-packages/airflow/example_dags/example_skip_dag.py
[2022-09-05 10:48:55,278] {processor.py:651} INFO - DAG(s) dict_keys(['example_skip_dag']) retrieved from /home/ubuntu/.local/lib/python3.8/site-packages/airflow/example_dags/example_skip_dag.py
[2022-09-05 10:48:55,312] {logging_mixin.py:115} INFO - [2022-09-05 10:48:55,312] {dag.py:2420} INFO - Sync 1 DAGs
[2022-09-05 10:48:55,329] {logging_mixin.py:115} INFO - [2022-09-05 10:48:55,329] {dag.py:2968} INFO - Setting next_dagrun for example_skip_dag to 2022-09-04T10:48:55.329385+00:00, run_after=2022-09-05T10:48:55.329385+00:00
[2022-09-05 10:48:55,348] {processor.py:161} INFO - Processing /home/ubuntu/.local/lib/python3.8/site-packages/airflow/example_dags/example_skip_dag.py took 0.080 seconds
[2022-09-05 10:49:31,298] {processor.py:153} INFO - Started process (PID=12470) to work on /home/ubuntu/.local/lib/python3.8/site-packages/airflow/example_dags/example_skip_dag.py
[2022-09-05 10:49:31,299] {processor.py:641} INFO - Processing file /home/ubuntu/.local/lib/python3.8/site-packages/airflow/example_dags/example_skip_dag.py for tasks to queue
[2022-09-05 10:49:31,299] {logging_mixin.py:115} INFO - [2022-09-05 10:49:31,299] {dagbag.py:508} INFO - Filling up the DagBag from /home/ubuntu/.local/lib/python3.8/site-packages/airflow/example_dags/example_skip_dag.py
[2022-09-05 10:49:31,304] {processor.py:651} INFO - DAG(s) dict_keys(['example_skip_dag']) retrieved from /home/ubuntu/.local/lib/python3.8/site-packages/airflow/example_dags/example_skip_dag.py
[2022-09-05 10:49:31,320] {logging_mixin.py:115} INFO - [2022-09-05 10:49:31,320] {dag.py:2420} INFO - Sync 1 DAGs
[2022-09-05 10:49:31,338] {logging_mixin.py:115} INFO - [2022-09-05 10:49:31,338] {dag.py:2968} INFO - Setting next_dagrun for example_skip_dag to 2022-09-04T10:49:31.337941+00:00, run_after=2022-09-05T10:49:31.337941+00:00
[2022-09-05 10:49:31,359] {processor.py:161} INFO - Processing /home/ubuntu/.local/lib/python3.8/site-packages/airflow/example_dags/example_skip_dag.py took 0.065 seconds
[2022-09-05 10:50:07,878] {processor.py:153} INFO - Started process (PID=12555) to work on /home/ubuntu/.local/lib/python3.8/site-packages/airflow/example_dags/example_skip_dag.py
[2022-09-05 10:50:07,879] {processor.py:641} INFO - Processing file /home/ubuntu/.local/lib/python3.8/site-packages/airflow/example_dags/example_skip_dag.py for tasks to queue
[2022-09-05 10:50:07,879] {logging_mixin.py:115} INFO - [2022-09-05 10:50:07,879] {dagbag.py:508} INFO - Filling up the DagBag from /home/ubuntu/.local/lib/python3.8/site-packages/airflow/example_dags/example_skip_dag.py
[2022-09-05 10:50:07,884] {processor.py:651} INFO - DAG(s) dict_keys(['example_skip_dag']) retrieved from /home/ubuntu/.local/lib/python3.8/site-packages/airflow/example_dags/example_skip_dag.py
[2022-09-05 10:50:07,900] {logging_mixin.py:115} INFO - [2022-09-05 10:50:07,900] {dag.py:2420} INFO - Sync 1 DAGs
[2022-09-05 10:50:07,919] {logging_mixin.py:115} INFO - [2022-09-05 10:50:07,919] {dag.py:2968} INFO - Setting next_dagrun for example_skip_dag to 2022-09-04T10:50:07.918750+00:00, run_after=2022-09-05T10:50:07.918750+00:00
[2022-09-05 10:50:07,933] {processor.py:161} INFO - Processing /home/ubuntu/.local/lib/python3.8/site-packages/airflow/example_dags/example_skip_dag.py took 0.059 seconds
[2022-09-05 10:50:45,718] {processor.py:153} INFO - Started process (PID=12647) to work on /home/ubuntu/.local/lib/python3.8/site-packages/airflow/example_dags/example_skip_dag.py
[2022-09-05 10:50:45,721] {processor.py:641} INFO - Processing file /home/ubuntu/.local/lib/python3.8/site-packages/airflow/example_dags/example_skip_dag.py for tasks to queue
[2022-09-05 10:50:45,721] {logging_mixin.py:115} INFO - [2022-09-05 10:50:45,721] {dagbag.py:508} INFO - Filling up the DagBag from /home/ubuntu/.local/lib/python3.8/site-packages/airflow/example_dags/example_skip_dag.py
[2022-09-05 10:50:45,726] {processor.py:651} INFO - DAG(s) dict_keys(['example_skip_dag']) retrieved from /home/ubuntu/.local/lib/python3.8/site-packages/airflow/example_dags/example_skip_dag.py
[2022-09-05 10:50:45,742] {logging_mixin.py:115} INFO - [2022-09-05 10:50:45,742] {dag.py:2420} INFO - Sync 1 DAGs
[2022-09-05 10:50:45,760] {logging_mixin.py:115} INFO - [2022-09-05 10:50:45,760] {dag.py:2968} INFO - Setting next_dagrun for example_skip_dag to 2022-09-04T10:50:45.760570+00:00, run_after=2022-09-05T10:50:45.760570+00:00
[2022-09-05 10:50:45,776] {processor.py:161} INFO - Processing /home/ubuntu/.local/lib/python3.8/site-packages/airflow/example_dags/example_skip_dag.py took 0.062 seconds
[2022-09-05 10:51:23,360] {processor.py:153} INFO - Started process (PID=12777) to work on /home/ubuntu/.local/lib/python3.8/site-packages/airflow/example_dags/example_skip_dag.py
[2022-09-05 10:51:23,361] {processor.py:641} INFO - Processing file /home/ubuntu/.local/lib/python3.8/site-packages/airflow/example_dags/example_skip_dag.py for tasks to queue
[2022-09-05 10:51:23,362] {logging_mixin.py:115} INFO - [2022-09-05 10:51:23,362] {dagbag.py:508} INFO - Filling up the DagBag from /home/ubuntu/.local/lib/python3.8/site-packages/airflow/example_dags/example_skip_dag.py
[2022-09-05 10:51:23,367] {processor.py:651} INFO - DAG(s) dict_keys(['example_skip_dag']) retrieved from /home/ubuntu/.local/lib/python3.8/site-packages/airflow/example_dags/example_skip_dag.py
[2022-09-05 10:51:23,384] {logging_mixin.py:115} INFO - [2022-09-05 10:51:23,384] {dag.py:2420} INFO - Sync 1 DAGs
[2022-09-05 10:51:23,403] {logging_mixin.py:115} INFO - [2022-09-05 10:51:23,402] {dag.py:2968} INFO - Setting next_dagrun for example_skip_dag to 2022-09-04T10:51:23.402589+00:00, run_after=2022-09-05T10:51:23.402589+00:00
[2022-09-05 10:51:23,418] {processor.py:161} INFO - Processing /home/ubuntu/.local/lib/python3.8/site-packages/airflow/example_dags/example_skip_dag.py took 0.062 seconds
[2022-09-05 10:51:59,213] {processor.py:153} INFO - Started process (PID=13039) to work on /home/ubuntu/.local/lib/python3.8/site-packages/airflow/example_dags/example_skip_dag.py
[2022-09-05 10:51:59,214] {processor.py:641} INFO - Processing file /home/ubuntu/.local/lib/python3.8/site-packages/airflow/example_dags/example_skip_dag.py for tasks to queue
[2022-09-05 10:51:59,214] {logging_mixin.py:115} INFO - [2022-09-05 10:51:59,214] {dagbag.py:508} INFO - Filling up the DagBag from /home/ubuntu/.local/lib/python3.8/site-packages/airflow/example_dags/example_skip_dag.py
[2022-09-05 10:51:59,219] {processor.py:651} INFO - DAG(s) dict_keys(['example_skip_dag']) retrieved from /home/ubuntu/.local/lib/python3.8/site-packages/airflow/example_dags/example_skip_dag.py
[2022-09-05 10:51:59,235] {logging_mixin.py:115} INFO - [2022-09-05 10:51:59,235] {dag.py:2420} INFO - Sync 1 DAGs
[2022-09-05 10:51:59,254] {logging_mixin.py:115} INFO - [2022-09-05 10:51:59,254] {dag.py:2968} INFO - Setting next_dagrun for example_skip_dag to 2022-09-04T10:51:59.253732+00:00, run_after=2022-09-05T10:51:59.253732+00:00
[2022-09-05 10:51:59,268] {processor.py:161} INFO - Processing /home/ubuntu/.local/lib/python3.8/site-packages/airflow/example_dags/example_skip_dag.py took 0.058 seconds
[2022-09-05 10:52:35,478] {processor.py:153} INFO - Started process (PID=13299) to work on /home/ubuntu/.local/lib/python3.8/site-packages/airflow/example_dags/example_skip_dag.py
[2022-09-05 10:52:35,479] {processor.py:641} INFO - Processing file /home/ubuntu/.local/lib/python3.8/site-packages/airflow/example_dags/example_skip_dag.py for tasks to queue
[2022-09-05 10:52:35,479] {logging_mixin.py:115} INFO - [2022-09-05 10:52:35,479] {dagbag.py:508} INFO - Filling up the DagBag from /home/ubuntu/.local/lib/python3.8/site-packages/airflow/example_dags/example_skip_dag.py
[2022-09-05 10:52:35,484] {processor.py:651} INFO - DAG(s) dict_keys(['example_skip_dag']) retrieved from /home/ubuntu/.local/lib/python3.8/site-packages/airflow/example_dags/example_skip_dag.py
[2022-09-05 10:52:35,501] {logging_mixin.py:115} INFO - [2022-09-05 10:52:35,501] {dag.py:2420} INFO - Sync 1 DAGs
[2022-09-05 10:52:35,520] {logging_mixin.py:115} INFO - [2022-09-05 10:52:35,520] {dag.py:2968} INFO - Setting next_dagrun for example_skip_dag to 2022-09-04T10:52:35.519811+00:00, run_after=2022-09-05T10:52:35.519811+00:00
[2022-09-05 10:52:35,540] {processor.py:161} INFO - Processing /home/ubuntu/.local/lib/python3.8/site-packages/airflow/example_dags/example_skip_dag.py took 0.065 seconds
[2022-09-05 10:53:10,020] {processor.py:153} INFO - Started process (PID=13383) to work on /home/ubuntu/.local/lib/python3.8/site-packages/airflow/example_dags/example_skip_dag.py
[2022-09-05 10:53:10,021] {processor.py:641} INFO - Processing file /home/ubuntu/.local/lib/python3.8/site-packages/airflow/example_dags/example_skip_dag.py for tasks to queue
[2022-09-05 10:53:10,021] {logging_mixin.py:115} INFO - [2022-09-05 10:53:10,021] {dagbag.py:508} INFO - Filling up the DagBag from /home/ubuntu/.local/lib/python3.8/site-packages/airflow/example_dags/example_skip_dag.py
[2022-09-05 10:53:10,027] {processor.py:651} INFO - DAG(s) dict_keys(['example_skip_dag']) retrieved from /home/ubuntu/.local/lib/python3.8/site-packages/airflow/example_dags/example_skip_dag.py
[2022-09-05 10:53:10,043] {logging_mixin.py:115} INFO - [2022-09-05 10:53:10,043] {dag.py:2420} INFO - Sync 1 DAGs
[2022-09-05 10:53:10,062] {logging_mixin.py:115} INFO - [2022-09-05 10:53:10,062] {dag.py:2968} INFO - Setting next_dagrun for example_skip_dag to 2022-09-04T10:53:10.061986+00:00, run_after=2022-09-05T10:53:10.061986+00:00
[2022-09-05 10:53:10,076] {processor.py:161} INFO - Processing /home/ubuntu/.local/lib/python3.8/site-packages/airflow/example_dags/example_skip_dag.py took 0.060 seconds
[2022-09-05 10:53:44,935] {processor.py:153} INFO - Started process (PID=13437) to work on /home/ubuntu/.local/lib/python3.8/site-packages/airflow/example_dags/example_skip_dag.py
[2022-09-05 10:53:44,937] {processor.py:641} INFO - Processing file /home/ubuntu/.local/lib/python3.8/site-packages/airflow/example_dags/example_skip_dag.py for tasks to queue
[2022-09-05 10:53:44,938] {logging_mixin.py:115} INFO - [2022-09-05 10:53:44,938] {dagbag.py:508} INFO - Filling up the DagBag from /home/ubuntu/.local/lib/python3.8/site-packages/airflow/example_dags/example_skip_dag.py
[2022-09-05 10:53:44,943] {processor.py:651} INFO - DAG(s) dict_keys(['example_skip_dag']) retrieved from /home/ubuntu/.local/lib/python3.8/site-packages/airflow/example_dags/example_skip_dag.py
[2022-09-05 10:53:44,959] {logging_mixin.py:115} INFO - [2022-09-05 10:53:44,959] {dag.py:2420} INFO - Sync 1 DAGs
[2022-09-05 10:53:44,977] {logging_mixin.py:115} INFO - [2022-09-05 10:53:44,977] {dag.py:2968} INFO - Setting next_dagrun for example_skip_dag to 2022-09-04T10:53:44.977214+00:00, run_after=2022-09-05T10:53:44.977214+00:00
[2022-09-05 10:53:44,994] {processor.py:161} INFO - Processing /home/ubuntu/.local/lib/python3.8/site-packages/airflow/example_dags/example_skip_dag.py took 0.062 seconds
[2022-09-05 10:54:20,035] {processor.py:153} INFO - Started process (PID=13494) to work on /home/ubuntu/.local/lib/python3.8/site-packages/airflow/example_dags/example_skip_dag.py
[2022-09-05 10:54:20,036] {processor.py:641} INFO - Processing file /home/ubuntu/.local/lib/python3.8/site-packages/airflow/example_dags/example_skip_dag.py for tasks to queue
[2022-09-05 10:54:20,037] {logging_mixin.py:115} INFO - [2022-09-05 10:54:20,037] {dagbag.py:508} INFO - Filling up the DagBag from /home/ubuntu/.local/lib/python3.8/site-packages/airflow/example_dags/example_skip_dag.py
[2022-09-05 10:54:20,042] {processor.py:651} INFO - DAG(s) dict_keys(['example_skip_dag']) retrieved from /home/ubuntu/.local/lib/python3.8/site-packages/airflow/example_dags/example_skip_dag.py
[2022-09-05 10:54:20,058] {logging_mixin.py:115} INFO - [2022-09-05 10:54:20,058] {dag.py:2420} INFO - Sync 1 DAGs
[2022-09-05 10:54:20,077] {logging_mixin.py:115} INFO - [2022-09-05 10:54:20,077] {dag.py:2968} INFO - Setting next_dagrun for example_skip_dag to 2022-09-04T10:54:20.077018+00:00, run_after=2022-09-05T10:54:20.077018+00:00
[2022-09-05 10:54:20,095] {processor.py:161} INFO - Processing /home/ubuntu/.local/lib/python3.8/site-packages/airflow/example_dags/example_skip_dag.py took 0.063 seconds
[2022-09-05 10:54:53,734] {processor.py:153} INFO - Started process (PID=13539) to work on /home/ubuntu/.local/lib/python3.8/site-packages/airflow/example_dags/example_skip_dag.py
[2022-09-05 10:54:53,736] {processor.py:641} INFO - Processing file /home/ubuntu/.local/lib/python3.8/site-packages/airflow/example_dags/example_skip_dag.py for tasks to queue
[2022-09-05 10:54:53,736] {logging_mixin.py:115} INFO - [2022-09-05 10:54:53,736] {dagbag.py:508} INFO - Filling up the DagBag from /home/ubuntu/.local/lib/python3.8/site-packages/airflow/example_dags/example_skip_dag.py
[2022-09-05 10:54:53,741] {processor.py:651} INFO - DAG(s) dict_keys(['example_skip_dag']) retrieved from /home/ubuntu/.local/lib/python3.8/site-packages/airflow/example_dags/example_skip_dag.py
[2022-09-05 10:54:53,758] {logging_mixin.py:115} INFO - [2022-09-05 10:54:53,758] {dag.py:2420} INFO - Sync 1 DAGs
[2022-09-05 10:54:53,777] {logging_mixin.py:115} INFO - [2022-09-05 10:54:53,777] {dag.py:2968} INFO - Setting next_dagrun for example_skip_dag to 2022-09-04T10:54:53.776989+00:00, run_after=2022-09-05T10:54:53.776989+00:00
[2022-09-05 10:54:53,792] {processor.py:161} INFO - Processing /home/ubuntu/.local/lib/python3.8/site-packages/airflow/example_dags/example_skip_dag.py took 0.061 seconds
[2022-09-05 10:55:29,639] {processor.py:153} INFO - Started process (PID=13586) to work on /home/ubuntu/.local/lib/python3.8/site-packages/airflow/example_dags/example_skip_dag.py
[2022-09-05 10:55:29,640] {processor.py:641} INFO - Processing file /home/ubuntu/.local/lib/python3.8/site-packages/airflow/example_dags/example_skip_dag.py for tasks to queue
[2022-09-05 10:55:29,641] {logging_mixin.py:115} INFO - [2022-09-05 10:55:29,641] {dagbag.py:508} INFO - Filling up the DagBag from /home/ubuntu/.local/lib/python3.8/site-packages/airflow/example_dags/example_skip_dag.py
[2022-09-05 10:55:29,646] {processor.py:651} INFO - DAG(s) dict_keys(['example_skip_dag']) retrieved from /home/ubuntu/.local/lib/python3.8/site-packages/airflow/example_dags/example_skip_dag.py
[2022-09-05 10:55:29,662] {logging_mixin.py:115} INFO - [2022-09-05 10:55:29,662] {dag.py:2420} INFO - Sync 1 DAGs
[2022-09-05 10:55:29,680] {logging_mixin.py:115} INFO - [2022-09-05 10:55:29,680] {dag.py:2968} INFO - Setting next_dagrun for example_skip_dag to 2022-09-04T10:55:29.680315+00:00, run_after=2022-09-05T10:55:29.680315+00:00
[2022-09-05 10:55:29,700] {processor.py:161} INFO - Processing /home/ubuntu/.local/lib/python3.8/site-packages/airflow/example_dags/example_skip_dag.py took 0.064 seconds
[2022-09-05 10:56:07,146] {processor.py:153} INFO - Started process (PID=13653) to work on /home/ubuntu/.local/lib/python3.8/site-packages/airflow/example_dags/example_skip_dag.py
[2022-09-05 10:56:07,147] {processor.py:641} INFO - Processing file /home/ubuntu/.local/lib/python3.8/site-packages/airflow/example_dags/example_skip_dag.py for tasks to queue
[2022-09-05 10:56:07,148] {logging_mixin.py:115} INFO - [2022-09-05 10:56:07,148] {dagbag.py:508} INFO - Filling up the DagBag from /home/ubuntu/.local/lib/python3.8/site-packages/airflow/example_dags/example_skip_dag.py
[2022-09-05 10:56:07,153] {processor.py:651} INFO - DAG(s) dict_keys(['example_skip_dag']) retrieved from /home/ubuntu/.local/lib/python3.8/site-packages/airflow/example_dags/example_skip_dag.py
[2022-09-05 10:56:07,169] {logging_mixin.py:115} INFO - [2022-09-05 10:56:07,169] {dag.py:2420} INFO - Sync 1 DAGs
[2022-09-05 10:56:07,188] {logging_mixin.py:115} INFO - [2022-09-05 10:56:07,187] {dag.py:2968} INFO - Setting next_dagrun for example_skip_dag to 2022-09-04T10:56:07.187711+00:00, run_after=2022-09-05T10:56:07.187711+00:00
[2022-09-05 10:56:07,202] {processor.py:161} INFO - Processing /home/ubuntu/.local/lib/python3.8/site-packages/airflow/example_dags/example_skip_dag.py took 0.059 seconds
[2022-09-05 10:56:42,802] {processor.py:153} INFO - Started process (PID=13699) to work on /home/ubuntu/.local/lib/python3.8/site-packages/airflow/example_dags/example_skip_dag.py
[2022-09-05 10:56:42,803] {processor.py:641} INFO - Processing file /home/ubuntu/.local/lib/python3.8/site-packages/airflow/example_dags/example_skip_dag.py for tasks to queue
[2022-09-05 10:56:42,803] {logging_mixin.py:115} INFO - [2022-09-05 10:56:42,803] {dagbag.py:508} INFO - Filling up the DagBag from /home/ubuntu/.local/lib/python3.8/site-packages/airflow/example_dags/example_skip_dag.py
[2022-09-05 10:56:42,809] {processor.py:651} INFO - DAG(s) dict_keys(['example_skip_dag']) retrieved from /home/ubuntu/.local/lib/python3.8/site-packages/airflow/example_dags/example_skip_dag.py
[2022-09-05 10:56:42,826] {logging_mixin.py:115} INFO - [2022-09-05 10:56:42,825] {dag.py:2420} INFO - Sync 1 DAGs
[2022-09-05 10:56:42,844] {logging_mixin.py:115} INFO - [2022-09-05 10:56:42,844] {dag.py:2968} INFO - Setting next_dagrun for example_skip_dag to 2022-09-04T10:56:42.844392+00:00, run_after=2022-09-05T10:56:42.844392+00:00
[2022-09-05 10:56:42,861] {processor.py:161} INFO - Processing /home/ubuntu/.local/lib/python3.8/site-packages/airflow/example_dags/example_skip_dag.py took 0.063 seconds
[2022-09-05 10:58:30,213] {processor.py:153} INFO - Started process (PID=14095) to work on /home/ubuntu/.local/lib/python3.8/site-packages/airflow/example_dags/example_skip_dag.py
[2022-09-05 10:58:30,215] {processor.py:641} INFO - Processing file /home/ubuntu/.local/lib/python3.8/site-packages/airflow/example_dags/example_skip_dag.py for tasks to queue
[2022-09-05 10:58:30,216] {logging_mixin.py:115} INFO - [2022-09-05 10:58:30,216] {dagbag.py:508} INFO - Filling up the DagBag from /home/ubuntu/.local/lib/python3.8/site-packages/airflow/example_dags/example_skip_dag.py
[2022-09-05 10:58:30,221] {processor.py:651} INFO - DAG(s) dict_keys(['example_skip_dag']) retrieved from /home/ubuntu/.local/lib/python3.8/site-packages/airflow/example_dags/example_skip_dag.py
[2022-09-05 10:58:30,239] {logging_mixin.py:115} INFO - [2022-09-05 10:58:30,239] {dag.py:2420} INFO - Sync 1 DAGs
[2022-09-05 10:58:30,258] {logging_mixin.py:115} INFO - [2022-09-05 10:58:30,258] {dag.py:2968} INFO - Setting next_dagrun for example_skip_dag to 2022-09-04T10:58:30.258495+00:00, run_after=2022-09-05T10:58:30.258495+00:00
[2022-09-05 10:58:30,290] {processor.py:161} INFO - Processing /home/ubuntu/.local/lib/python3.8/site-packages/airflow/example_dags/example_skip_dag.py took 0.080 seconds
[2022-09-05 10:59:07,548] {processor.py:153} INFO - Started process (PID=14437) to work on /home/ubuntu/.local/lib/python3.8/site-packages/airflow/example_dags/example_skip_dag.py
[2022-09-05 10:59:07,550] {processor.py:641} INFO - Processing file /home/ubuntu/.local/lib/python3.8/site-packages/airflow/example_dags/example_skip_dag.py for tasks to queue
[2022-09-05 10:59:07,550] {logging_mixin.py:115} INFO - [2022-09-05 10:59:07,550] {dagbag.py:508} INFO - Filling up the DagBag from /home/ubuntu/.local/lib/python3.8/site-packages/airflow/example_dags/example_skip_dag.py
[2022-09-05 10:59:07,556] {processor.py:651} INFO - DAG(s) dict_keys(['example_skip_dag']) retrieved from /home/ubuntu/.local/lib/python3.8/site-packages/airflow/example_dags/example_skip_dag.py
[2022-09-05 10:59:07,572] {logging_mixin.py:115} INFO - [2022-09-05 10:59:07,572] {dag.py:2420} INFO - Sync 1 DAGs
[2022-09-05 10:59:07,591] {logging_mixin.py:115} INFO - [2022-09-05 10:59:07,591] {dag.py:2968} INFO - Setting next_dagrun for example_skip_dag to 2022-09-04T10:59:07.591366+00:00, run_after=2022-09-05T10:59:07.591366+00:00
[2022-09-05 10:59:07,619] {processor.py:161} INFO - Processing /home/ubuntu/.local/lib/python3.8/site-packages/airflow/example_dags/example_skip_dag.py took 0.074 seconds
[2022-09-05 10:59:44,819] {processor.py:153} INFO - Started process (PID=14837) to work on /home/ubuntu/.local/lib/python3.8/site-packages/airflow/example_dags/example_skip_dag.py
[2022-09-05 10:59:44,821] {processor.py:641} INFO - Processing file /home/ubuntu/.local/lib/python3.8/site-packages/airflow/example_dags/example_skip_dag.py for tasks to queue
[2022-09-05 10:59:44,821] {logging_mixin.py:115} INFO - [2022-09-05 10:59:44,821] {dagbag.py:508} INFO - Filling up the DagBag from /home/ubuntu/.local/lib/python3.8/site-packages/airflow/example_dags/example_skip_dag.py
[2022-09-05 10:59:44,827] {processor.py:651} INFO - DAG(s) dict_keys(['example_skip_dag']) retrieved from /home/ubuntu/.local/lib/python3.8/site-packages/airflow/example_dags/example_skip_dag.py
[2022-09-05 10:59:44,843] {logging_mixin.py:115} INFO - [2022-09-05 10:59:44,843] {dag.py:2420} INFO - Sync 1 DAGs
[2022-09-05 10:59:44,862] {logging_mixin.py:115} INFO - [2022-09-05 10:59:44,862] {dag.py:2968} INFO - Setting next_dagrun for example_skip_dag to 2022-09-04T10:59:44.862125+00:00, run_after=2022-09-05T10:59:44.862125+00:00
[2022-09-05 10:59:44,877] {processor.py:161} INFO - Processing /home/ubuntu/.local/lib/python3.8/site-packages/airflow/example_dags/example_skip_dag.py took 0.061 seconds
[2022-09-05 11:00:24,130] {processor.py:153} INFO - Started process (PID=14998) to work on /home/ubuntu/.local/lib/python3.8/site-packages/airflow/example_dags/example_skip_dag.py
[2022-09-05 11:00:24,132] {processor.py:641} INFO - Processing file /home/ubuntu/.local/lib/python3.8/site-packages/airflow/example_dags/example_skip_dag.py for tasks to queue
[2022-09-05 11:00:24,132] {logging_mixin.py:115} INFO - [2022-09-05 11:00:24,132] {dagbag.py:508} INFO - Filling up the DagBag from /home/ubuntu/.local/lib/python3.8/site-packages/airflow/example_dags/example_skip_dag.py
[2022-09-05 11:00:24,137] {processor.py:651} INFO - DAG(s) dict_keys(['example_skip_dag']) retrieved from /home/ubuntu/.local/lib/python3.8/site-packages/airflow/example_dags/example_skip_dag.py
[2022-09-05 11:00:24,154] {logging_mixin.py:115} INFO - [2022-09-05 11:00:24,154] {dag.py:2420} INFO - Sync 1 DAGs
[2022-09-05 11:00:24,173] {logging_mixin.py:115} INFO - [2022-09-05 11:00:24,173] {dag.py:2968} INFO - Setting next_dagrun for example_skip_dag to 2022-09-04T11:00:24.172851+00:00, run_after=2022-09-05T11:00:24.172851+00:00
[2022-09-05 11:00:24,192] {processor.py:161} INFO - Processing /home/ubuntu/.local/lib/python3.8/site-packages/airflow/example_dags/example_skip_dag.py took 0.065 seconds
[2022-09-05 11:01:00,315] {processor.py:153} INFO - Started process (PID=15043) to work on /home/ubuntu/.local/lib/python3.8/site-packages/airflow/example_dags/example_skip_dag.py
[2022-09-05 11:01:00,317] {processor.py:641} INFO - Processing file /home/ubuntu/.local/lib/python3.8/site-packages/airflow/example_dags/example_skip_dag.py for tasks to queue
[2022-09-05 11:01:00,318] {logging_mixin.py:115} INFO - [2022-09-05 11:01:00,317] {dagbag.py:508} INFO - Filling up the DagBag from /home/ubuntu/.local/lib/python3.8/site-packages/airflow/example_dags/example_skip_dag.py
[2022-09-05 11:01:00,323] {processor.py:651} INFO - DAG(s) dict_keys(['example_skip_dag']) retrieved from /home/ubuntu/.local/lib/python3.8/site-packages/airflow/example_dags/example_skip_dag.py
[2022-09-05 11:01:00,341] {logging_mixin.py:115} INFO - [2022-09-05 11:01:00,340] {dag.py:2420} INFO - Sync 1 DAGs
[2022-09-05 11:01:00,360] {logging_mixin.py:115} INFO - [2022-09-05 11:01:00,359] {dag.py:2968} INFO - Setting next_dagrun for example_skip_dag to 2022-09-04T11:01:00.359611+00:00, run_after=2022-09-05T11:01:00.359611+00:00
[2022-09-05 11:01:00,377] {processor.py:161} INFO - Processing /home/ubuntu/.local/lib/python3.8/site-packages/airflow/example_dags/example_skip_dag.py took 0.065 seconds
[2022-09-05 11:01:35,032] {processor.py:153} INFO - Started process (PID=15085) to work on /home/ubuntu/.local/lib/python3.8/site-packages/airflow/example_dags/example_skip_dag.py
[2022-09-05 11:01:35,032] {processor.py:641} INFO - Processing file /home/ubuntu/.local/lib/python3.8/site-packages/airflow/example_dags/example_skip_dag.py for tasks to queue
[2022-09-05 11:01:35,033] {logging_mixin.py:115} INFO - [2022-09-05 11:01:35,033] {dagbag.py:508} INFO - Filling up the DagBag from /home/ubuntu/.local/lib/python3.8/site-packages/airflow/example_dags/example_skip_dag.py
[2022-09-05 11:01:35,038] {processor.py:651} INFO - DAG(s) dict_keys(['example_skip_dag']) retrieved from /home/ubuntu/.local/lib/python3.8/site-packages/airflow/example_dags/example_skip_dag.py
[2022-09-05 11:01:35,056] {logging_mixin.py:115} INFO - [2022-09-05 11:01:35,056] {dag.py:2420} INFO - Sync 1 DAGs
[2022-09-05 11:01:35,075] {logging_mixin.py:115} INFO - [2022-09-05 11:01:35,075] {dag.py:2968} INFO - Setting next_dagrun for example_skip_dag to 2022-09-04T11:01:35.075402+00:00, run_after=2022-09-05T11:01:35.075402+00:00
[2022-09-05 11:01:35,092] {processor.py:161} INFO - Processing /home/ubuntu/.local/lib/python3.8/site-packages/airflow/example_dags/example_skip_dag.py took 0.064 seconds
[2022-09-05 11:02:10,489] {processor.py:153} INFO - Started process (PID=15128) to work on /home/ubuntu/.local/lib/python3.8/site-packages/airflow/example_dags/example_skip_dag.py
[2022-09-05 11:02:10,491] {processor.py:641} INFO - Processing file /home/ubuntu/.local/lib/python3.8/site-packages/airflow/example_dags/example_skip_dag.py for tasks to queue
[2022-09-05 11:02:10,492] {logging_mixin.py:115} INFO - [2022-09-05 11:02:10,491] {dagbag.py:508} INFO - Filling up the DagBag from /home/ubuntu/.local/lib/python3.8/site-packages/airflow/example_dags/example_skip_dag.py
[2022-09-05 11:02:10,497] {processor.py:651} INFO - DAG(s) dict_keys(['example_skip_dag']) retrieved from /home/ubuntu/.local/lib/python3.8/site-packages/airflow/example_dags/example_skip_dag.py
[2022-09-05 11:02:10,514] {logging_mixin.py:115} INFO - [2022-09-05 11:02:10,514] {dag.py:2420} INFO - Sync 1 DAGs
[2022-09-05 11:02:10,533] {logging_mixin.py:115} INFO - [2022-09-05 11:02:10,533] {dag.py:2968} INFO - Setting next_dagrun for example_skip_dag to 2022-09-04T11:02:10.532839+00:00, run_after=2022-09-05T11:02:10.532839+00:00
[2022-09-05 11:02:10,548] {processor.py:161} INFO - Processing /home/ubuntu/.local/lib/python3.8/site-packages/airflow/example_dags/example_skip_dag.py took 0.063 seconds
[2022-09-05 11:02:48,730] {processor.py:153} INFO - Started process (PID=15311) to work on /home/ubuntu/.local/lib/python3.8/site-packages/airflow/example_dags/example_skip_dag.py
[2022-09-05 11:02:48,732] {processor.py:641} INFO - Processing file /home/ubuntu/.local/lib/python3.8/site-packages/airflow/example_dags/example_skip_dag.py for tasks to queue
[2022-09-05 11:02:48,733] {logging_mixin.py:115} INFO - [2022-09-05 11:02:48,733] {dagbag.py:508} INFO - Filling up the DagBag from /home/ubuntu/.local/lib/python3.8/site-packages/airflow/example_dags/example_skip_dag.py
[2022-09-05 11:02:48,738] {processor.py:651} INFO - DAG(s) dict_keys(['example_skip_dag']) retrieved from /home/ubuntu/.local/lib/python3.8/site-packages/airflow/example_dags/example_skip_dag.py
[2022-09-05 11:02:48,755] {logging_mixin.py:115} INFO - [2022-09-05 11:02:48,755] {dag.py:2420} INFO - Sync 1 DAGs
[2022-09-05 11:02:48,773] {logging_mixin.py:115} INFO - [2022-09-05 11:02:48,773] {dag.py:2968} INFO - Setting next_dagrun for example_skip_dag to 2022-09-04T11:02:48.773216+00:00, run_after=2022-09-05T11:02:48.773216+00:00
[2022-09-05 11:02:48,790] {processor.py:161} INFO - Processing /home/ubuntu/.local/lib/python3.8/site-packages/airflow/example_dags/example_skip_dag.py took 0.063 seconds
[2022-09-05 11:04:07,791] {processor.py:153} INFO - Started process (PID=15806) to work on /home/ubuntu/.local/lib/python3.8/site-packages/airflow/example_dags/example_skip_dag.py
[2022-09-05 11:04:07,793] {processor.py:641} INFO - Processing file /home/ubuntu/.local/lib/python3.8/site-packages/airflow/example_dags/example_skip_dag.py for tasks to queue
[2022-09-05 11:04:07,793] {logging_mixin.py:115} INFO - [2022-09-05 11:04:07,793] {dagbag.py:508} INFO - Filling up the DagBag from /home/ubuntu/.local/lib/python3.8/site-packages/airflow/example_dags/example_skip_dag.py
[2022-09-05 11:04:07,799] {processor.py:651} INFO - DAG(s) dict_keys(['example_skip_dag']) retrieved from /home/ubuntu/.local/lib/python3.8/site-packages/airflow/example_dags/example_skip_dag.py
[2022-09-05 11:04:07,815] {logging_mixin.py:115} INFO - [2022-09-05 11:04:07,815] {dag.py:2420} INFO - Sync 1 DAGs
[2022-09-05 11:04:07,834] {logging_mixin.py:115} INFO - [2022-09-05 11:04:07,834] {dag.py:2968} INFO - Setting next_dagrun for example_skip_dag to 2022-09-04T11:04:07.833738+00:00, run_after=2022-09-05T11:04:07.833738+00:00
[2022-09-05 11:04:07,853] {processor.py:161} INFO - Processing /home/ubuntu/.local/lib/python3.8/site-packages/airflow/example_dags/example_skip_dag.py took 0.065 seconds
[2022-09-05 11:09:18,374] {processor.py:153} INFO - Started process (PID=20182) to work on /home/ubuntu/.local/lib/python3.8/site-packages/airflow/example_dags/example_skip_dag.py
[2022-09-05 11:09:18,376] {processor.py:641} INFO - Processing file /home/ubuntu/.local/lib/python3.8/site-packages/airflow/example_dags/example_skip_dag.py for tasks to queue
[2022-09-05 11:09:18,376] {logging_mixin.py:115} INFO - [2022-09-05 11:09:18,376] {dagbag.py:508} INFO - Filling up the DagBag from /home/ubuntu/.local/lib/python3.8/site-packages/airflow/example_dags/example_skip_dag.py
[2022-09-05 11:09:18,382] {processor.py:651} INFO - DAG(s) dict_keys(['example_skip_dag']) retrieved from /home/ubuntu/.local/lib/python3.8/site-packages/airflow/example_dags/example_skip_dag.py
[2022-09-05 11:09:18,399] {logging_mixin.py:115} INFO - [2022-09-05 11:09:18,399] {dag.py:2420} INFO - Sync 1 DAGs
[2022-09-05 11:09:18,413] {logging_mixin.py:115} INFO - [2022-09-05 11:09:18,413] {dag.py:2968} INFO - Setting next_dagrun for example_skip_dag to 2022-09-04T11:09:18.412762+00:00, run_after=2022-09-05T11:09:18.412762+00:00
[2022-09-05 11:09:18,430] {processor.py:161} INFO - Processing /home/ubuntu/.local/lib/python3.8/site-packages/airflow/example_dags/example_skip_dag.py took 0.060 seconds
[2022-09-05 11:09:55,632] {processor.py:153} INFO - Started process (PID=20237) to work on /home/ubuntu/.local/lib/python3.8/site-packages/airflow/example_dags/example_skip_dag.py
[2022-09-05 11:09:55,633] {processor.py:641} INFO - Processing file /home/ubuntu/.local/lib/python3.8/site-packages/airflow/example_dags/example_skip_dag.py for tasks to queue
[2022-09-05 11:09:55,634] {logging_mixin.py:115} INFO - [2022-09-05 11:09:55,634] {dagbag.py:508} INFO - Filling up the DagBag from /home/ubuntu/.local/lib/python3.8/site-packages/airflow/example_dags/example_skip_dag.py
[2022-09-05 11:09:55,639] {processor.py:651} INFO - DAG(s) dict_keys(['example_skip_dag']) retrieved from /home/ubuntu/.local/lib/python3.8/site-packages/airflow/example_dags/example_skip_dag.py
[2022-09-05 11:09:55,656] {logging_mixin.py:115} INFO - [2022-09-05 11:09:55,656] {dag.py:2420} INFO - Sync 1 DAGs
[2022-09-05 11:09:55,670] {logging_mixin.py:115} INFO - [2022-09-05 11:09:55,670] {dag.py:2968} INFO - Setting next_dagrun for example_skip_dag to 2022-09-04T11:09:55.670380+00:00, run_after=2022-09-05T11:09:55.670380+00:00
[2022-09-05 11:09:55,690] {processor.py:161} INFO - Processing /home/ubuntu/.local/lib/python3.8/site-packages/airflow/example_dags/example_skip_dag.py took 0.061 seconds
[2022-09-05 11:12:14,948] {processor.py:153} INFO - Started process (PID=22063) to work on /home/ubuntu/.local/lib/python3.8/site-packages/airflow/example_dags/example_skip_dag.py
[2022-09-05 11:12:14,950] {processor.py:641} INFO - Processing file /home/ubuntu/.local/lib/python3.8/site-packages/airflow/example_dags/example_skip_dag.py for tasks to queue
[2022-09-05 11:12:14,950] {logging_mixin.py:115} INFO - [2022-09-05 11:12:14,950] {dagbag.py:508} INFO - Filling up the DagBag from /home/ubuntu/.local/lib/python3.8/site-packages/airflow/example_dags/example_skip_dag.py
[2022-09-05 11:12:14,956] {processor.py:651} INFO - DAG(s) dict_keys(['example_skip_dag']) retrieved from /home/ubuntu/.local/lib/python3.8/site-packages/airflow/example_dags/example_skip_dag.py
[2022-09-05 11:12:14,972] {logging_mixin.py:115} INFO - [2022-09-05 11:12:14,972] {dag.py:2420} INFO - Sync 1 DAGs
[2022-09-05 11:12:14,986] {logging_mixin.py:115} INFO - [2022-09-05 11:12:14,986] {dag.py:2968} INFO - Setting next_dagrun for example_skip_dag to 2022-09-04T11:12:14.985967+00:00, run_after=2022-09-05T11:12:14.985967+00:00
[2022-09-05 11:12:15,004] {processor.py:161} INFO - Processing /home/ubuntu/.local/lib/python3.8/site-packages/airflow/example_dags/example_skip_dag.py took 0.059 seconds
[2022-09-05 11:12:50,314] {processor.py:153} INFO - Started process (PID=22233) to work on /home/ubuntu/.local/lib/python3.8/site-packages/airflow/example_dags/example_skip_dag.py
[2022-09-05 11:12:50,315] {processor.py:641} INFO - Processing file /home/ubuntu/.local/lib/python3.8/site-packages/airflow/example_dags/example_skip_dag.py for tasks to queue
[2022-09-05 11:12:50,316] {logging_mixin.py:115} INFO - [2022-09-05 11:12:50,316] {dagbag.py:508} INFO - Filling up the DagBag from /home/ubuntu/.local/lib/python3.8/site-packages/airflow/example_dags/example_skip_dag.py
[2022-09-05 11:12:50,322] {processor.py:651} INFO - DAG(s) dict_keys(['example_skip_dag']) retrieved from /home/ubuntu/.local/lib/python3.8/site-packages/airflow/example_dags/example_skip_dag.py
[2022-09-05 11:12:50,339] {logging_mixin.py:115} INFO - [2022-09-05 11:12:50,338] {dag.py:2420} INFO - Sync 1 DAGs
[2022-09-05 11:12:50,352] {logging_mixin.py:115} INFO - [2022-09-05 11:12:50,352] {dag.py:2968} INFO - Setting next_dagrun for example_skip_dag to 2022-09-04T11:12:50.352061+00:00, run_after=2022-09-05T11:12:50.352061+00:00
[2022-09-05 11:12:50,368] {processor.py:161} INFO - Processing /home/ubuntu/.local/lib/python3.8/site-packages/airflow/example_dags/example_skip_dag.py took 0.058 seconds
[2022-09-05 11:13:24,079] {processor.py:153} INFO - Started process (PID=22329) to work on /home/ubuntu/.local/lib/python3.8/site-packages/airflow/example_dags/example_skip_dag.py
[2022-09-05 11:13:24,080] {processor.py:641} INFO - Processing file /home/ubuntu/.local/lib/python3.8/site-packages/airflow/example_dags/example_skip_dag.py for tasks to queue
[2022-09-05 11:13:24,081] {logging_mixin.py:115} INFO - [2022-09-05 11:13:24,081] {dagbag.py:508} INFO - Filling up the DagBag from /home/ubuntu/.local/lib/python3.8/site-packages/airflow/example_dags/example_skip_dag.py
[2022-09-05 11:13:24,087] {processor.py:651} INFO - DAG(s) dict_keys(['example_skip_dag']) retrieved from /home/ubuntu/.local/lib/python3.8/site-packages/airflow/example_dags/example_skip_dag.py
[2022-09-05 11:13:24,103] {logging_mixin.py:115} INFO - [2022-09-05 11:13:24,103] {dag.py:2420} INFO - Sync 1 DAGs
[2022-09-05 11:13:24,117] {logging_mixin.py:115} INFO - [2022-09-05 11:13:24,117] {dag.py:2968} INFO - Setting next_dagrun for example_skip_dag to 2022-09-04T11:13:24.117267+00:00, run_after=2022-09-05T11:13:24.117267+00:00
[2022-09-05 11:13:24,133] {processor.py:161} INFO - Processing /home/ubuntu/.local/lib/python3.8/site-packages/airflow/example_dags/example_skip_dag.py took 0.057 seconds
[2022-09-05 11:14:01,213] {processor.py:153} INFO - Started process (PID=22469) to work on /home/ubuntu/.local/lib/python3.8/site-packages/airflow/example_dags/example_skip_dag.py
[2022-09-05 11:14:01,214] {processor.py:641} INFO - Processing file /home/ubuntu/.local/lib/python3.8/site-packages/airflow/example_dags/example_skip_dag.py for tasks to queue
[2022-09-05 11:14:01,214] {logging_mixin.py:115} INFO - [2022-09-05 11:14:01,214] {dagbag.py:508} INFO - Filling up the DagBag from /home/ubuntu/.local/lib/python3.8/site-packages/airflow/example_dags/example_skip_dag.py
[2022-09-05 11:14:01,220] {processor.py:651} INFO - DAG(s) dict_keys(['example_skip_dag']) retrieved from /home/ubuntu/.local/lib/python3.8/site-packages/airflow/example_dags/example_skip_dag.py
[2022-09-05 11:14:01,237] {logging_mixin.py:115} INFO - [2022-09-05 11:14:01,237] {dag.py:2420} INFO - Sync 1 DAGs
[2022-09-05 11:14:01,252] {logging_mixin.py:115} INFO - [2022-09-05 11:14:01,252] {dag.py:2968} INFO - Setting next_dagrun for example_skip_dag to 2022-09-04T11:14:01.251879+00:00, run_after=2022-09-05T11:14:01.251879+00:00
[2022-09-05 11:14:01,275] {processor.py:161} INFO - Processing /home/ubuntu/.local/lib/python3.8/site-packages/airflow/example_dags/example_skip_dag.py took 0.066 seconds
[2022-09-05 11:14:35,261] {processor.py:153} INFO - Started process (PID=22634) to work on /home/ubuntu/.local/lib/python3.8/site-packages/airflow/example_dags/example_skip_dag.py
[2022-09-05 11:14:35,263] {processor.py:641} INFO - Processing file /home/ubuntu/.local/lib/python3.8/site-packages/airflow/example_dags/example_skip_dag.py for tasks to queue
[2022-09-05 11:14:35,263] {logging_mixin.py:115} INFO - [2022-09-05 11:14:35,263] {dagbag.py:508} INFO - Filling up the DagBag from /home/ubuntu/.local/lib/python3.8/site-packages/airflow/example_dags/example_skip_dag.py
[2022-09-05 11:14:35,269] {processor.py:651} INFO - DAG(s) dict_keys(['example_skip_dag']) retrieved from /home/ubuntu/.local/lib/python3.8/site-packages/airflow/example_dags/example_skip_dag.py
[2022-09-05 11:14:35,287] {logging_mixin.py:115} INFO - [2022-09-05 11:14:35,287] {dag.py:2420} INFO - Sync 1 DAGs
[2022-09-05 11:14:35,302] {logging_mixin.py:115} INFO - [2022-09-05 11:14:35,302] {dag.py:2968} INFO - Setting next_dagrun for example_skip_dag to 2022-09-04T11:14:35.302261+00:00, run_after=2022-09-05T11:14:35.302261+00:00
[2022-09-05 11:14:35,318] {processor.py:161} INFO - Processing /home/ubuntu/.local/lib/python3.8/site-packages/airflow/example_dags/example_skip_dag.py took 0.061 seconds
[2022-09-05 11:15:52,974] {processor.py:153} INFO - Started process (PID=23004) to work on /home/ubuntu/.local/lib/python3.8/site-packages/airflow/example_dags/example_skip_dag.py
[2022-09-05 11:15:52,976] {processor.py:641} INFO - Processing file /home/ubuntu/.local/lib/python3.8/site-packages/airflow/example_dags/example_skip_dag.py for tasks to queue
[2022-09-05 11:15:52,977] {logging_mixin.py:115} INFO - [2022-09-05 11:15:52,977] {dagbag.py:508} INFO - Filling up the DagBag from /home/ubuntu/.local/lib/python3.8/site-packages/airflow/example_dags/example_skip_dag.py
[2022-09-05 11:15:52,982] {processor.py:651} INFO - DAG(s) dict_keys(['example_skip_dag']) retrieved from /home/ubuntu/.local/lib/python3.8/site-packages/airflow/example_dags/example_skip_dag.py
[2022-09-05 11:15:53,000] {logging_mixin.py:115} INFO - [2022-09-05 11:15:52,999] {dag.py:2420} INFO - Sync 1 DAGs
[2022-09-05 11:15:53,018] {logging_mixin.py:115} INFO - [2022-09-05 11:15:53,018] {dag.py:2968} INFO - Setting next_dagrun for example_skip_dag to 2022-09-04T11:15:53.018577+00:00, run_after=2022-09-05T11:15:53.018577+00:00
[2022-09-05 11:15:53,038] {processor.py:161} INFO - Processing /home/ubuntu/.local/lib/python3.8/site-packages/airflow/example_dags/example_skip_dag.py took 0.068 seconds
[2022-09-05 11:16:26,711] {processor.py:153} INFO - Started process (PID=23092) to work on /home/ubuntu/.local/lib/python3.8/site-packages/airflow/example_dags/example_skip_dag.py
[2022-09-05 11:16:26,713] {processor.py:641} INFO - Processing file /home/ubuntu/.local/lib/python3.8/site-packages/airflow/example_dags/example_skip_dag.py for tasks to queue
[2022-09-05 11:16:26,713] {logging_mixin.py:115} INFO - [2022-09-05 11:16:26,713] {dagbag.py:508} INFO - Filling up the DagBag from /home/ubuntu/.local/lib/python3.8/site-packages/airflow/example_dags/example_skip_dag.py
[2022-09-05 11:16:26,720] {processor.py:651} INFO - DAG(s) dict_keys(['example_skip_dag']) retrieved from /home/ubuntu/.local/lib/python3.8/site-packages/airflow/example_dags/example_skip_dag.py
[2022-09-05 11:16:26,735] {logging_mixin.py:115} INFO - [2022-09-05 11:16:26,735] {dag.py:2420} INFO - Sync 1 DAGs
[2022-09-05 11:16:26,753] {logging_mixin.py:115} INFO - [2022-09-05 11:16:26,752] {dag.py:2968} INFO - Setting next_dagrun for example_skip_dag to 2022-09-04T11:16:26.752667+00:00, run_after=2022-09-05T11:16:26.752667+00:00
[2022-09-05 11:16:26,766] {processor.py:161} INFO - Processing /home/ubuntu/.local/lib/python3.8/site-packages/airflow/example_dags/example_skip_dag.py took 0.058 seconds
[2022-09-05 11:17:00,352] {processor.py:153} INFO - Started process (PID=23168) to work on /home/ubuntu/.local/lib/python3.8/site-packages/airflow/example_dags/example_skip_dag.py
[2022-09-05 11:17:00,352] {processor.py:641} INFO - Processing file /home/ubuntu/.local/lib/python3.8/site-packages/airflow/example_dags/example_skip_dag.py for tasks to queue
[2022-09-05 11:17:00,353] {logging_mixin.py:115} INFO - [2022-09-05 11:17:00,353] {dagbag.py:508} INFO - Filling up the DagBag from /home/ubuntu/.local/lib/python3.8/site-packages/airflow/example_dags/example_skip_dag.py
[2022-09-05 11:17:00,358] {processor.py:651} INFO - DAG(s) dict_keys(['example_skip_dag']) retrieved from /home/ubuntu/.local/lib/python3.8/site-packages/airflow/example_dags/example_skip_dag.py
[2022-09-05 11:17:00,374] {logging_mixin.py:115} INFO - [2022-09-05 11:17:00,374] {dag.py:2420} INFO - Sync 1 DAGs
[2022-09-05 11:17:00,393] {logging_mixin.py:115} INFO - [2022-09-05 11:17:00,393] {dag.py:2968} INFO - Setting next_dagrun for example_skip_dag to 2022-09-04T11:17:00.393032+00:00, run_after=2022-09-05T11:17:00.393032+00:00
[2022-09-05 11:17:00,417] {processor.py:161} INFO - Processing /home/ubuntu/.local/lib/python3.8/site-packages/airflow/example_dags/example_skip_dag.py took 0.068 seconds
[2022-09-05 11:17:34,642] {processor.py:153} INFO - Started process (PID=23257) to work on /home/ubuntu/.local/lib/python3.8/site-packages/airflow/example_dags/example_skip_dag.py
[2022-09-05 11:17:34,644] {processor.py:641} INFO - Processing file /home/ubuntu/.local/lib/python3.8/site-packages/airflow/example_dags/example_skip_dag.py for tasks to queue
[2022-09-05 11:17:34,645] {logging_mixin.py:115} INFO - [2022-09-05 11:17:34,645] {dagbag.py:508} INFO - Filling up the DagBag from /home/ubuntu/.local/lib/python3.8/site-packages/airflow/example_dags/example_skip_dag.py
[2022-09-05 11:17:34,650] {processor.py:651} INFO - DAG(s) dict_keys(['example_skip_dag']) retrieved from /home/ubuntu/.local/lib/python3.8/site-packages/airflow/example_dags/example_skip_dag.py
[2022-09-05 11:17:34,666] {logging_mixin.py:115} INFO - [2022-09-05 11:17:34,666] {dag.py:2420} INFO - Sync 1 DAGs
[2022-09-05 11:17:34,683] {logging_mixin.py:115} INFO - [2022-09-05 11:17:34,683] {dag.py:2968} INFO - Setting next_dagrun for example_skip_dag to 2022-09-04T11:17:34.683519+00:00, run_after=2022-09-05T11:17:34.683519+00:00
[2022-09-05 11:17:34,699] {processor.py:161} INFO - Processing /home/ubuntu/.local/lib/python3.8/site-packages/airflow/example_dags/example_skip_dag.py took 0.060 seconds
[2022-09-05 11:18:11,211] {processor.py:153} INFO - Started process (PID=23341) to work on /home/ubuntu/.local/lib/python3.8/site-packages/airflow/example_dags/example_skip_dag.py
[2022-09-05 11:18:11,213] {processor.py:641} INFO - Processing file /home/ubuntu/.local/lib/python3.8/site-packages/airflow/example_dags/example_skip_dag.py for tasks to queue
[2022-09-05 11:18:11,213] {logging_mixin.py:115} INFO - [2022-09-05 11:18:11,213] {dagbag.py:508} INFO - Filling up the DagBag from /home/ubuntu/.local/lib/python3.8/site-packages/airflow/example_dags/example_skip_dag.py
[2022-09-05 11:18:11,219] {processor.py:651} INFO - DAG(s) dict_keys(['example_skip_dag']) retrieved from /home/ubuntu/.local/lib/python3.8/site-packages/airflow/example_dags/example_skip_dag.py
[2022-09-05 11:18:11,235] {logging_mixin.py:115} INFO - [2022-09-05 11:18:11,235] {dag.py:2420} INFO - Sync 1 DAGs
[2022-09-05 11:18:11,254] {logging_mixin.py:115} INFO - [2022-09-05 11:18:11,254] {dag.py:2968} INFO - Setting next_dagrun for example_skip_dag to 2022-09-04T11:18:11.254338+00:00, run_after=2022-09-05T11:18:11.254338+00:00
[2022-09-05 11:18:11,271] {processor.py:161} INFO - Processing /home/ubuntu/.local/lib/python3.8/site-packages/airflow/example_dags/example_skip_dag.py took 0.064 seconds
[2022-09-05 11:18:48,649] {processor.py:153} INFO - Started process (PID=23425) to work on /home/ubuntu/.local/lib/python3.8/site-packages/airflow/example_dags/example_skip_dag.py
[2022-09-05 11:18:48,651] {processor.py:641} INFO - Processing file /home/ubuntu/.local/lib/python3.8/site-packages/airflow/example_dags/example_skip_dag.py for tasks to queue
[2022-09-05 11:18:48,651] {logging_mixin.py:115} INFO - [2022-09-05 11:18:48,651] {dagbag.py:508} INFO - Filling up the DagBag from /home/ubuntu/.local/lib/python3.8/site-packages/airflow/example_dags/example_skip_dag.py
[2022-09-05 11:18:48,657] {processor.py:651} INFO - DAG(s) dict_keys(['example_skip_dag']) retrieved from /home/ubuntu/.local/lib/python3.8/site-packages/airflow/example_dags/example_skip_dag.py
[2022-09-05 11:18:48,674] {logging_mixin.py:115} INFO - [2022-09-05 11:18:48,674] {dag.py:2420} INFO - Sync 1 DAGs
[2022-09-05 11:18:48,693] {logging_mixin.py:115} INFO - [2022-09-05 11:18:48,692] {dag.py:2968} INFO - Setting next_dagrun for example_skip_dag to 2022-09-04T11:18:48.692714+00:00, run_after=2022-09-05T11:18:48.692714+00:00
[2022-09-05 11:18:48,707] {processor.py:161} INFO - Processing /home/ubuntu/.local/lib/python3.8/site-packages/airflow/example_dags/example_skip_dag.py took 0.061 seconds
[2022-09-05 11:19:28,188] {processor.py:153} INFO - Started process (PID=23479) to work on /home/ubuntu/.local/lib/python3.8/site-packages/airflow/example_dags/example_skip_dag.py
[2022-09-05 11:19:28,190] {processor.py:641} INFO - Processing file /home/ubuntu/.local/lib/python3.8/site-packages/airflow/example_dags/example_skip_dag.py for tasks to queue
[2022-09-05 11:19:28,191] {logging_mixin.py:115} INFO - [2022-09-05 11:19:28,191] {dagbag.py:508} INFO - Filling up the DagBag from /home/ubuntu/.local/lib/python3.8/site-packages/airflow/example_dags/example_skip_dag.py
[2022-09-05 11:19:28,196] {processor.py:651} INFO - DAG(s) dict_keys(['example_skip_dag']) retrieved from /home/ubuntu/.local/lib/python3.8/site-packages/airflow/example_dags/example_skip_dag.py
[2022-09-05 11:19:28,212] {logging_mixin.py:115} INFO - [2022-09-05 11:19:28,212] {dag.py:2420} INFO - Sync 1 DAGs
[2022-09-05 11:19:28,231] {logging_mixin.py:115} INFO - [2022-09-05 11:19:28,231] {dag.py:2968} INFO - Setting next_dagrun for example_skip_dag to 2022-09-04T11:19:28.230729+00:00, run_after=2022-09-05T11:19:28.230729+00:00
[2022-09-05 11:19:28,247] {processor.py:161} INFO - Processing /home/ubuntu/.local/lib/python3.8/site-packages/airflow/example_dags/example_skip_dag.py took 0.062 seconds
[2022-09-05 11:22:16,396] {processor.py:153} INFO - Started process (PID=25217) to work on /home/ubuntu/.local/lib/python3.8/site-packages/airflow/example_dags/example_skip_dag.py
[2022-09-05 11:22:16,397] {processor.py:641} INFO - Processing file /home/ubuntu/.local/lib/python3.8/site-packages/airflow/example_dags/example_skip_dag.py for tasks to queue
[2022-09-05 11:22:16,398] {logging_mixin.py:115} INFO - [2022-09-05 11:22:16,398] {dagbag.py:508} INFO - Filling up the DagBag from /home/ubuntu/.local/lib/python3.8/site-packages/airflow/example_dags/example_skip_dag.py
[2022-09-05 11:22:16,403] {processor.py:651} INFO - DAG(s) dict_keys(['example_skip_dag']) retrieved from /home/ubuntu/.local/lib/python3.8/site-packages/airflow/example_dags/example_skip_dag.py
[2022-09-05 11:22:16,419] {logging_mixin.py:115} INFO - [2022-09-05 11:22:16,419] {dag.py:2420} INFO - Sync 1 DAGs
[2022-09-05 11:22:16,437] {logging_mixin.py:115} INFO - [2022-09-05 11:22:16,437] {dag.py:2968} INFO - Setting next_dagrun for example_skip_dag to 2022-09-04T11:22:16.436828+00:00, run_after=2022-09-05T11:22:16.436828+00:00
[2022-09-05 11:22:16,450] {processor.py:161} INFO - Processing /home/ubuntu/.local/lib/python3.8/site-packages/airflow/example_dags/example_skip_dag.py took 0.058 seconds
[2022-09-05 11:22:53,322] {processor.py:153} INFO - Started process (PID=25322) to work on /home/ubuntu/.local/lib/python3.8/site-packages/airflow/example_dags/example_skip_dag.py
[2022-09-05 11:22:53,323] {processor.py:641} INFO - Processing file /home/ubuntu/.local/lib/python3.8/site-packages/airflow/example_dags/example_skip_dag.py for tasks to queue
[2022-09-05 11:22:53,324] {logging_mixin.py:115} INFO - [2022-09-05 11:22:53,324] {dagbag.py:508} INFO - Filling up the DagBag from /home/ubuntu/.local/lib/python3.8/site-packages/airflow/example_dags/example_skip_dag.py
[2022-09-05 11:22:53,329] {processor.py:651} INFO - DAG(s) dict_keys(['example_skip_dag']) retrieved from /home/ubuntu/.local/lib/python3.8/site-packages/airflow/example_dags/example_skip_dag.py
[2022-09-05 11:22:53,346] {logging_mixin.py:115} INFO - [2022-09-05 11:22:53,346] {dag.py:2420} INFO - Sync 1 DAGs
[2022-09-05 11:22:53,365] {logging_mixin.py:115} INFO - [2022-09-05 11:22:53,365] {dag.py:2968} INFO - Setting next_dagrun for example_skip_dag to 2022-09-04T11:22:53.364842+00:00, run_after=2022-09-05T11:22:53.364842+00:00
[2022-09-05 11:22:53,382] {processor.py:161} INFO - Processing /home/ubuntu/.local/lib/python3.8/site-packages/airflow/example_dags/example_skip_dag.py took 0.063 seconds
[2022-09-05 11:23:30,448] {processor.py:153} INFO - Started process (PID=25801) to work on /home/ubuntu/.local/lib/python3.8/site-packages/airflow/example_dags/example_skip_dag.py
[2022-09-05 11:23:30,450] {processor.py:641} INFO - Processing file /home/ubuntu/.local/lib/python3.8/site-packages/airflow/example_dags/example_skip_dag.py for tasks to queue
[2022-09-05 11:23:30,450] {logging_mixin.py:115} INFO - [2022-09-05 11:23:30,450] {dagbag.py:508} INFO - Filling up the DagBag from /home/ubuntu/.local/lib/python3.8/site-packages/airflow/example_dags/example_skip_dag.py
[2022-09-05 11:23:30,456] {processor.py:651} INFO - DAG(s) dict_keys(['example_skip_dag']) retrieved from /home/ubuntu/.local/lib/python3.8/site-packages/airflow/example_dags/example_skip_dag.py
[2022-09-05 11:23:30,474] {logging_mixin.py:115} INFO - [2022-09-05 11:23:30,474] {dag.py:2420} INFO - Sync 1 DAGs
[2022-09-05 11:23:30,493] {logging_mixin.py:115} INFO - [2022-09-05 11:23:30,493] {dag.py:2968} INFO - Setting next_dagrun for example_skip_dag to 2022-09-04T11:23:30.493521+00:00, run_after=2022-09-05T11:23:30.493521+00:00
[2022-09-05 11:23:30,524] {processor.py:161} INFO - Processing /home/ubuntu/.local/lib/python3.8/site-packages/airflow/example_dags/example_skip_dag.py took 0.080 seconds
[2022-09-05 11:24:03,840] {processor.py:153} INFO - Started process (PID=25908) to work on /home/ubuntu/.local/lib/python3.8/site-packages/airflow/example_dags/example_skip_dag.py
[2022-09-05 11:24:03,841] {processor.py:641} INFO - Processing file /home/ubuntu/.local/lib/python3.8/site-packages/airflow/example_dags/example_skip_dag.py for tasks to queue
[2022-09-05 11:24:03,842] {logging_mixin.py:115} INFO - [2022-09-05 11:24:03,842] {dagbag.py:508} INFO - Filling up the DagBag from /home/ubuntu/.local/lib/python3.8/site-packages/airflow/example_dags/example_skip_dag.py
[2022-09-05 11:24:03,847] {processor.py:651} INFO - DAG(s) dict_keys(['example_skip_dag']) retrieved from /home/ubuntu/.local/lib/python3.8/site-packages/airflow/example_dags/example_skip_dag.py
[2022-09-05 11:24:03,864] {logging_mixin.py:115} INFO - [2022-09-05 11:24:03,864] {dag.py:2420} INFO - Sync 1 DAGs
[2022-09-05 11:24:03,882] {logging_mixin.py:115} INFO - [2022-09-05 11:24:03,881] {dag.py:2968} INFO - Setting next_dagrun for example_skip_dag to 2022-09-04T11:24:03.881683+00:00, run_after=2022-09-05T11:24:03.881683+00:00
[2022-09-05 11:24:03,897] {processor.py:161} INFO - Processing /home/ubuntu/.local/lib/python3.8/site-packages/airflow/example_dags/example_skip_dag.py took 0.060 seconds
[2022-09-05 11:24:40,899] {processor.py:153} INFO - Started process (PID=26033) to work on /home/ubuntu/.local/lib/python3.8/site-packages/airflow/example_dags/example_skip_dag.py
[2022-09-05 11:24:40,902] {processor.py:641} INFO - Processing file /home/ubuntu/.local/lib/python3.8/site-packages/airflow/example_dags/example_skip_dag.py for tasks to queue
[2022-09-05 11:24:40,903] {logging_mixin.py:115} INFO - [2022-09-05 11:24:40,903] {dagbag.py:508} INFO - Filling up the DagBag from /home/ubuntu/.local/lib/python3.8/site-packages/airflow/example_dags/example_skip_dag.py
[2022-09-05 11:24:40,908] {processor.py:651} INFO - DAG(s) dict_keys(['example_skip_dag']) retrieved from /home/ubuntu/.local/lib/python3.8/site-packages/airflow/example_dags/example_skip_dag.py
[2022-09-05 11:24:40,927] {logging_mixin.py:115} INFO - [2022-09-05 11:24:40,927] {dag.py:2420} INFO - Sync 1 DAGs
[2022-09-05 11:24:40,947] {logging_mixin.py:115} INFO - [2022-09-05 11:24:40,947] {dag.py:2968} INFO - Setting next_dagrun for example_skip_dag to 2022-09-04T11:24:40.947356+00:00, run_after=2022-09-05T11:24:40.947356+00:00
[2022-09-05 11:24:40,968] {processor.py:161} INFO - Processing /home/ubuntu/.local/lib/python3.8/site-packages/airflow/example_dags/example_skip_dag.py took 0.073 seconds
[2022-09-05 11:25:16,941] {processor.py:153} INFO - Started process (PID=26084) to work on /home/ubuntu/.local/lib/python3.8/site-packages/airflow/example_dags/example_skip_dag.py
[2022-09-05 11:25:16,943] {processor.py:641} INFO - Processing file /home/ubuntu/.local/lib/python3.8/site-packages/airflow/example_dags/example_skip_dag.py for tasks to queue
[2022-09-05 11:25:16,944] {logging_mixin.py:115} INFO - [2022-09-05 11:25:16,944] {dagbag.py:508} INFO - Filling up the DagBag from /home/ubuntu/.local/lib/python3.8/site-packages/airflow/example_dags/example_skip_dag.py
[2022-09-05 11:25:16,949] {processor.py:651} INFO - DAG(s) dict_keys(['example_skip_dag']) retrieved from /home/ubuntu/.local/lib/python3.8/site-packages/airflow/example_dags/example_skip_dag.py
[2022-09-05 11:25:16,966] {logging_mixin.py:115} INFO - [2022-09-05 11:25:16,965] {dag.py:2420} INFO - Sync 1 DAGs
[2022-09-05 11:25:16,984] {logging_mixin.py:115} INFO - [2022-09-05 11:25:16,984] {dag.py:2968} INFO - Setting next_dagrun for example_skip_dag to 2022-09-04T11:25:16.983899+00:00, run_after=2022-09-05T11:25:16.983899+00:00
[2022-09-05 11:25:16,999] {processor.py:161} INFO - Processing /home/ubuntu/.local/lib/python3.8/site-packages/airflow/example_dags/example_skip_dag.py took 0.062 seconds
[2022-09-05 11:25:53,984] {processor.py:153} INFO - Started process (PID=26295) to work on /home/ubuntu/.local/lib/python3.8/site-packages/airflow/example_dags/example_skip_dag.py
[2022-09-05 11:25:53,986] {processor.py:641} INFO - Processing file /home/ubuntu/.local/lib/python3.8/site-packages/airflow/example_dags/example_skip_dag.py for tasks to queue
[2022-09-05 11:25:53,986] {logging_mixin.py:115} INFO - [2022-09-05 11:25:53,986] {dagbag.py:508} INFO - Filling up the DagBag from /home/ubuntu/.local/lib/python3.8/site-packages/airflow/example_dags/example_skip_dag.py
[2022-09-05 11:25:53,991] {processor.py:651} INFO - DAG(s) dict_keys(['example_skip_dag']) retrieved from /home/ubuntu/.local/lib/python3.8/site-packages/airflow/example_dags/example_skip_dag.py
[2022-09-05 11:25:54,010] {logging_mixin.py:115} INFO - [2022-09-05 11:25:54,010] {dag.py:2420} INFO - Sync 1 DAGs
[2022-09-05 11:25:54,026] {logging_mixin.py:115} INFO - [2022-09-05 11:25:54,025] {dag.py:2968} INFO - Setting next_dagrun for example_skip_dag to 2022-09-04T11:25:54.025657+00:00, run_after=2022-09-05T11:25:54.025657+00:00
[2022-09-05 11:25:54,040] {processor.py:161} INFO - Processing /home/ubuntu/.local/lib/python3.8/site-packages/airflow/example_dags/example_skip_dag.py took 0.060 seconds
[2022-09-05 11:26:30,769] {processor.py:153} INFO - Started process (PID=26344) to work on /home/ubuntu/.local/lib/python3.8/site-packages/airflow/example_dags/example_skip_dag.py
[2022-09-05 11:26:30,771] {processor.py:641} INFO - Processing file /home/ubuntu/.local/lib/python3.8/site-packages/airflow/example_dags/example_skip_dag.py for tasks to queue
[2022-09-05 11:26:30,772] {logging_mixin.py:115} INFO - [2022-09-05 11:26:30,772] {dagbag.py:508} INFO - Filling up the DagBag from /home/ubuntu/.local/lib/python3.8/site-packages/airflow/example_dags/example_skip_dag.py
[2022-09-05 11:26:30,777] {processor.py:651} INFO - DAG(s) dict_keys(['example_skip_dag']) retrieved from /home/ubuntu/.local/lib/python3.8/site-packages/airflow/example_dags/example_skip_dag.py
[2022-09-05 11:26:30,798] {logging_mixin.py:115} INFO - [2022-09-05 11:26:30,797] {dag.py:2420} INFO - Sync 1 DAGs
[2022-09-05 11:26:30,813] {logging_mixin.py:115} INFO - [2022-09-05 11:26:30,813] {dag.py:2968} INFO - Setting next_dagrun for example_skip_dag to 2022-09-04T11:26:30.813144+00:00, run_after=2022-09-05T11:26:30.813144+00:00
[2022-09-05 11:26:30,840] {processor.py:161} INFO - Processing /home/ubuntu/.local/lib/python3.8/site-packages/airflow/example_dags/example_skip_dag.py took 0.074 seconds
[2022-09-05 11:27:03,637] {processor.py:153} INFO - Started process (PID=26387) to work on /home/ubuntu/.local/lib/python3.8/site-packages/airflow/example_dags/example_skip_dag.py
[2022-09-05 11:27:03,638] {processor.py:641} INFO - Processing file /home/ubuntu/.local/lib/python3.8/site-packages/airflow/example_dags/example_skip_dag.py for tasks to queue
[2022-09-05 11:27:03,639] {logging_mixin.py:115} INFO - [2022-09-05 11:27:03,639] {dagbag.py:508} INFO - Filling up the DagBag from /home/ubuntu/.local/lib/python3.8/site-packages/airflow/example_dags/example_skip_dag.py
[2022-09-05 11:27:03,644] {processor.py:651} INFO - DAG(s) dict_keys(['example_skip_dag']) retrieved from /home/ubuntu/.local/lib/python3.8/site-packages/airflow/example_dags/example_skip_dag.py
[2022-09-05 11:27:03,664] {logging_mixin.py:115} INFO - [2022-09-05 11:27:03,663] {dag.py:2420} INFO - Sync 1 DAGs
[2022-09-05 11:27:03,678] {logging_mixin.py:115} INFO - [2022-09-05 11:27:03,678] {dag.py:2968} INFO - Setting next_dagrun for example_skip_dag to 2022-09-04T11:27:03.678390+00:00, run_after=2022-09-05T11:27:03.678390+00:00
[2022-09-05 11:27:03,694] {processor.py:161} INFO - Processing /home/ubuntu/.local/lib/python3.8/site-packages/airflow/example_dags/example_skip_dag.py took 0.060 seconds
[2022-09-05 11:27:39,506] {processor.py:153} INFO - Started process (PID=26432) to work on /home/ubuntu/.local/lib/python3.8/site-packages/airflow/example_dags/example_skip_dag.py
[2022-09-05 11:27:39,507] {processor.py:641} INFO - Processing file /home/ubuntu/.local/lib/python3.8/site-packages/airflow/example_dags/example_skip_dag.py for tasks to queue
[2022-09-05 11:27:39,507] {logging_mixin.py:115} INFO - [2022-09-05 11:27:39,507] {dagbag.py:508} INFO - Filling up the DagBag from /home/ubuntu/.local/lib/python3.8/site-packages/airflow/example_dags/example_skip_dag.py
[2022-09-05 11:27:39,513] {processor.py:651} INFO - DAG(s) dict_keys(['example_skip_dag']) retrieved from /home/ubuntu/.local/lib/python3.8/site-packages/airflow/example_dags/example_skip_dag.py
[2022-09-05 11:27:39,533] {logging_mixin.py:115} INFO - [2022-09-05 11:27:39,533] {dag.py:2420} INFO - Sync 1 DAGs
[2022-09-05 11:27:39,549] {logging_mixin.py:115} INFO - [2022-09-05 11:27:39,549] {dag.py:2968} INFO - Setting next_dagrun for example_skip_dag to 2022-09-04T11:27:39.549218+00:00, run_after=2022-09-05T11:27:39.549218+00:00
[2022-09-05 11:27:39,567] {processor.py:161} INFO - Processing /home/ubuntu/.local/lib/python3.8/site-packages/airflow/example_dags/example_skip_dag.py took 0.065 seconds
[2022-09-05 11:28:16,607] {processor.py:153} INFO - Started process (PID=26705) to work on /home/ubuntu/.local/lib/python3.8/site-packages/airflow/example_dags/example_skip_dag.py
[2022-09-05 11:28:16,608] {processor.py:641} INFO - Processing file /home/ubuntu/.local/lib/python3.8/site-packages/airflow/example_dags/example_skip_dag.py for tasks to queue
[2022-09-05 11:28:16,608] {logging_mixin.py:115} INFO - [2022-09-05 11:28:16,608] {dagbag.py:508} INFO - Filling up the DagBag from /home/ubuntu/.local/lib/python3.8/site-packages/airflow/example_dags/example_skip_dag.py
[2022-09-05 11:28:16,614] {processor.py:651} INFO - DAG(s) dict_keys(['example_skip_dag']) retrieved from /home/ubuntu/.local/lib/python3.8/site-packages/airflow/example_dags/example_skip_dag.py
[2022-09-05 11:28:16,634] {logging_mixin.py:115} INFO - [2022-09-05 11:28:16,634] {dag.py:2420} INFO - Sync 1 DAGs
[2022-09-05 11:28:16,650] {logging_mixin.py:115} INFO - [2022-09-05 11:28:16,650] {dag.py:2968} INFO - Setting next_dagrun for example_skip_dag to 2022-09-04T11:28:16.650105+00:00, run_after=2022-09-05T11:28:16.650105+00:00
[2022-09-05 11:28:16,664] {processor.py:161} INFO - Processing /home/ubuntu/.local/lib/python3.8/site-packages/airflow/example_dags/example_skip_dag.py took 0.061 seconds
[2022-09-05 11:28:53,128] {processor.py:153} INFO - Started process (PID=27020) to work on /home/ubuntu/.local/lib/python3.8/site-packages/airflow/example_dags/example_skip_dag.py
[2022-09-05 11:28:53,129] {processor.py:641} INFO - Processing file /home/ubuntu/.local/lib/python3.8/site-packages/airflow/example_dags/example_skip_dag.py for tasks to queue
[2022-09-05 11:28:53,130] {logging_mixin.py:115} INFO - [2022-09-05 11:28:53,129] {dagbag.py:508} INFO - Filling up the DagBag from /home/ubuntu/.local/lib/python3.8/site-packages/airflow/example_dags/example_skip_dag.py
[2022-09-05 11:28:53,135] {processor.py:651} INFO - DAG(s) dict_keys(['example_skip_dag']) retrieved from /home/ubuntu/.local/lib/python3.8/site-packages/airflow/example_dags/example_skip_dag.py
[2022-09-05 11:28:53,156] {logging_mixin.py:115} INFO - [2022-09-05 11:28:53,156] {dag.py:2420} INFO - Sync 1 DAGs
[2022-09-05 11:28:53,172] {logging_mixin.py:115} INFO - [2022-09-05 11:28:53,172] {dag.py:2968} INFO - Setting next_dagrun for example_skip_dag to 2022-09-04T11:28:53.172557+00:00, run_after=2022-09-05T11:28:53.172557+00:00
[2022-09-05 11:28:53,189] {processor.py:161} INFO - Processing /home/ubuntu/.local/lib/python3.8/site-packages/airflow/example_dags/example_skip_dag.py took 0.065 seconds
[2022-09-05 11:29:26,839] {processor.py:153} INFO - Started process (PID=27068) to work on /home/ubuntu/.local/lib/python3.8/site-packages/airflow/example_dags/example_skip_dag.py
[2022-09-05 11:29:26,841] {processor.py:641} INFO - Processing file /home/ubuntu/.local/lib/python3.8/site-packages/airflow/example_dags/example_skip_dag.py for tasks to queue
[2022-09-05 11:29:26,841] {logging_mixin.py:115} INFO - [2022-09-05 11:29:26,841] {dagbag.py:508} INFO - Filling up the DagBag from /home/ubuntu/.local/lib/python3.8/site-packages/airflow/example_dags/example_skip_dag.py
[2022-09-05 11:29:26,847] {processor.py:651} INFO - DAG(s) dict_keys(['example_skip_dag']) retrieved from /home/ubuntu/.local/lib/python3.8/site-packages/airflow/example_dags/example_skip_dag.py
[2022-09-05 11:29:26,866] {logging_mixin.py:115} INFO - [2022-09-05 11:29:26,866] {dag.py:2420} INFO - Sync 1 DAGs
[2022-09-05 11:29:26,881] {logging_mixin.py:115} INFO - [2022-09-05 11:29:26,881] {dag.py:2968} INFO - Setting next_dagrun for example_skip_dag to 2022-09-04T11:29:26.881380+00:00, run_after=2022-09-05T11:29:26.881380+00:00
[2022-09-05 11:29:26,904] {processor.py:161} INFO - Processing /home/ubuntu/.local/lib/python3.8/site-packages/airflow/example_dags/example_skip_dag.py took 0.068 seconds
[2022-09-05 11:32:14,425] {processor.py:153} INFO - Started process (PID=28923) to work on /home/ubuntu/.local/lib/python3.8/site-packages/airflow/example_dags/example_skip_dag.py
[2022-09-05 11:32:14,427] {processor.py:641} INFO - Processing file /home/ubuntu/.local/lib/python3.8/site-packages/airflow/example_dags/example_skip_dag.py for tasks to queue
[2022-09-05 11:32:14,427] {logging_mixin.py:115} INFO - [2022-09-05 11:32:14,427] {dagbag.py:508} INFO - Filling up the DagBag from /home/ubuntu/.local/lib/python3.8/site-packages/airflow/example_dags/example_skip_dag.py
[2022-09-05 11:32:14,432] {processor.py:651} INFO - DAG(s) dict_keys(['example_skip_dag']) retrieved from /home/ubuntu/.local/lib/python3.8/site-packages/airflow/example_dags/example_skip_dag.py
[2022-09-05 11:32:14,451] {logging_mixin.py:115} INFO - [2022-09-05 11:32:14,451] {dag.py:2420} INFO - Sync 1 DAGs
[2022-09-05 11:32:14,467] {logging_mixin.py:115} INFO - [2022-09-05 11:32:14,467] {dag.py:2968} INFO - Setting next_dagrun for example_skip_dag to 2022-09-04T11:32:14.467445+00:00, run_after=2022-09-05T11:32:14.467445+00:00
[2022-09-05 11:32:14,483] {processor.py:161} INFO - Processing /home/ubuntu/.local/lib/python3.8/site-packages/airflow/example_dags/example_skip_dag.py took 0.061 seconds
[2022-09-05 11:32:49,067] {processor.py:153} INFO - Started process (PID=29184) to work on /home/ubuntu/.local/lib/python3.8/site-packages/airflow/example_dags/example_skip_dag.py
[2022-09-05 11:32:49,068] {processor.py:641} INFO - Processing file /home/ubuntu/.local/lib/python3.8/site-packages/airflow/example_dags/example_skip_dag.py for tasks to queue
[2022-09-05 11:32:49,069] {logging_mixin.py:115} INFO - [2022-09-05 11:32:49,069] {dagbag.py:508} INFO - Filling up the DagBag from /home/ubuntu/.local/lib/python3.8/site-packages/airflow/example_dags/example_skip_dag.py
[2022-09-05 11:32:49,074] {processor.py:651} INFO - DAG(s) dict_keys(['example_skip_dag']) retrieved from /home/ubuntu/.local/lib/python3.8/site-packages/airflow/example_dags/example_skip_dag.py
[2022-09-05 11:32:49,094] {logging_mixin.py:115} INFO - [2022-09-05 11:32:49,093] {dag.py:2420} INFO - Sync 1 DAGs
[2022-09-05 11:32:49,110] {logging_mixin.py:115} INFO - [2022-09-05 11:32:49,110] {dag.py:2968} INFO - Setting next_dagrun for example_skip_dag to 2022-09-04T11:32:49.109999+00:00, run_after=2022-09-05T11:32:49.109999+00:00
[2022-09-05 11:32:49,127] {processor.py:161} INFO - Processing /home/ubuntu/.local/lib/python3.8/site-packages/airflow/example_dags/example_skip_dag.py took 0.064 seconds
[2022-09-05 11:34:12,498] {processor.py:153} INFO - Started process (PID=29654) to work on /home/ubuntu/.local/lib/python3.8/site-packages/airflow/example_dags/example_skip_dag.py
[2022-09-05 11:34:12,500] {processor.py:641} INFO - Processing file /home/ubuntu/.local/lib/python3.8/site-packages/airflow/example_dags/example_skip_dag.py for tasks to queue
[2022-09-05 11:34:12,500] {logging_mixin.py:115} INFO - [2022-09-05 11:34:12,500] {dagbag.py:508} INFO - Filling up the DagBag from /home/ubuntu/.local/lib/python3.8/site-packages/airflow/example_dags/example_skip_dag.py
[2022-09-05 11:34:12,506] {processor.py:651} INFO - DAG(s) dict_keys(['example_skip_dag']) retrieved from /home/ubuntu/.local/lib/python3.8/site-packages/airflow/example_dags/example_skip_dag.py
[2022-09-05 11:34:12,522] {logging_mixin.py:115} INFO - [2022-09-05 11:34:12,522] {dag.py:2420} INFO - Sync 1 DAGs
[2022-09-05 11:34:12,540] {logging_mixin.py:115} INFO - [2022-09-05 11:34:12,540] {dag.py:2968} INFO - Setting next_dagrun for example_skip_dag to 2022-09-04T11:34:12.540146+00:00, run_after=2022-09-05T11:34:12.540146+00:00
[2022-09-05 11:34:12,555] {processor.py:161} INFO - Processing /home/ubuntu/.local/lib/python3.8/site-packages/airflow/example_dags/example_skip_dag.py took 0.060 seconds
[2022-09-05 11:34:46,976] {processor.py:153} INFO - Started process (PID=29739) to work on /home/ubuntu/.local/lib/python3.8/site-packages/airflow/example_dags/example_skip_dag.py
[2022-09-05 11:34:46,977] {processor.py:641} INFO - Processing file /home/ubuntu/.local/lib/python3.8/site-packages/airflow/example_dags/example_skip_dag.py for tasks to queue
[2022-09-05 11:34:46,978] {logging_mixin.py:115} INFO - [2022-09-05 11:34:46,978] {dagbag.py:508} INFO - Filling up the DagBag from /home/ubuntu/.local/lib/python3.8/site-packages/airflow/example_dags/example_skip_dag.py
[2022-09-05 11:34:46,983] {processor.py:651} INFO - DAG(s) dict_keys(['example_skip_dag']) retrieved from /home/ubuntu/.local/lib/python3.8/site-packages/airflow/example_dags/example_skip_dag.py
[2022-09-05 11:34:47,000] {logging_mixin.py:115} INFO - [2022-09-05 11:34:47,000] {dag.py:2420} INFO - Sync 1 DAGs
[2022-09-05 11:34:47,019] {logging_mixin.py:115} INFO - [2022-09-05 11:34:47,019] {dag.py:2968} INFO - Setting next_dagrun for example_skip_dag to 2022-09-04T11:34:47.018840+00:00, run_after=2022-09-05T11:34:47.018840+00:00
[2022-09-05 11:34:47,035] {processor.py:161} INFO - Processing /home/ubuntu/.local/lib/python3.8/site-packages/airflow/example_dags/example_skip_dag.py took 0.063 seconds
[2022-09-05 11:35:20,837] {processor.py:153} INFO - Started process (PID=29820) to work on /home/ubuntu/.local/lib/python3.8/site-packages/airflow/example_dags/example_skip_dag.py
[2022-09-05 11:35:20,839] {processor.py:641} INFO - Processing file /home/ubuntu/.local/lib/python3.8/site-packages/airflow/example_dags/example_skip_dag.py for tasks to queue
[2022-09-05 11:35:20,839] {logging_mixin.py:115} INFO - [2022-09-05 11:35:20,839] {dagbag.py:508} INFO - Filling up the DagBag from /home/ubuntu/.local/lib/python3.8/site-packages/airflow/example_dags/example_skip_dag.py
[2022-09-05 11:35:20,844] {processor.py:651} INFO - DAG(s) dict_keys(['example_skip_dag']) retrieved from /home/ubuntu/.local/lib/python3.8/site-packages/airflow/example_dags/example_skip_dag.py
[2022-09-05 11:35:20,860] {logging_mixin.py:115} INFO - [2022-09-05 11:35:20,860] {dag.py:2420} INFO - Sync 1 DAGs
[2022-09-05 11:35:20,879] {logging_mixin.py:115} INFO - [2022-09-05 11:35:20,879] {dag.py:2968} INFO - Setting next_dagrun for example_skip_dag to 2022-09-04T11:35:20.878726+00:00, run_after=2022-09-05T11:35:20.878726+00:00
[2022-09-05 11:35:20,894] {processor.py:161} INFO - Processing /home/ubuntu/.local/lib/python3.8/site-packages/airflow/example_dags/example_skip_dag.py took 0.060 seconds
[2022-09-05 11:35:57,857] {processor.py:153} INFO - Started process (PID=29908) to work on /home/ubuntu/.local/lib/python3.8/site-packages/airflow/example_dags/example_skip_dag.py
[2022-09-05 11:35:57,858] {processor.py:641} INFO - Processing file /home/ubuntu/.local/lib/python3.8/site-packages/airflow/example_dags/example_skip_dag.py for tasks to queue
[2022-09-05 11:35:57,859] {logging_mixin.py:115} INFO - [2022-09-05 11:35:57,859] {dagbag.py:508} INFO - Filling up the DagBag from /home/ubuntu/.local/lib/python3.8/site-packages/airflow/example_dags/example_skip_dag.py
[2022-09-05 11:35:57,864] {processor.py:651} INFO - DAG(s) dict_keys(['example_skip_dag']) retrieved from /home/ubuntu/.local/lib/python3.8/site-packages/airflow/example_dags/example_skip_dag.py
[2022-09-05 11:35:57,881] {logging_mixin.py:115} INFO - [2022-09-05 11:35:57,881] {dag.py:2420} INFO - Sync 1 DAGs
[2022-09-05 11:35:57,900] {logging_mixin.py:115} INFO - [2022-09-05 11:35:57,900] {dag.py:2968} INFO - Setting next_dagrun for example_skip_dag to 2022-09-04T11:35:57.900128+00:00, run_after=2022-09-05T11:35:57.900128+00:00
[2022-09-05 11:35:57,915] {processor.py:161} INFO - Processing /home/ubuntu/.local/lib/python3.8/site-packages/airflow/example_dags/example_skip_dag.py took 0.062 seconds
[2022-09-05 11:36:31,989] {processor.py:153} INFO - Started process (PID=29991) to work on /home/ubuntu/.local/lib/python3.8/site-packages/airflow/example_dags/example_skip_dag.py
[2022-09-05 11:36:31,990] {processor.py:641} INFO - Processing file /home/ubuntu/.local/lib/python3.8/site-packages/airflow/example_dags/example_skip_dag.py for tasks to queue
[2022-09-05 11:36:31,990] {logging_mixin.py:115} INFO - [2022-09-05 11:36:31,990] {dagbag.py:508} INFO - Filling up the DagBag from /home/ubuntu/.local/lib/python3.8/site-packages/airflow/example_dags/example_skip_dag.py
[2022-09-05 11:36:31,996] {processor.py:651} INFO - DAG(s) dict_keys(['example_skip_dag']) retrieved from /home/ubuntu/.local/lib/python3.8/site-packages/airflow/example_dags/example_skip_dag.py
[2022-09-05 11:36:32,014] {logging_mixin.py:115} INFO - [2022-09-05 11:36:32,014] {dag.py:2420} INFO - Sync 1 DAGs
[2022-09-05 11:36:32,034] {logging_mixin.py:115} INFO - [2022-09-05 11:36:32,034] {dag.py:2968} INFO - Setting next_dagrun for example_skip_dag to 2022-09-04T11:36:32.034317+00:00, run_after=2022-09-05T11:36:32.034317+00:00
[2022-09-05 11:36:32,051] {processor.py:161} INFO - Processing /home/ubuntu/.local/lib/python3.8/site-packages/airflow/example_dags/example_skip_dag.py took 0.066 seconds
[2022-09-05 11:37:07,138] {processor.py:153} INFO - Started process (PID=30075) to work on /home/ubuntu/.local/lib/python3.8/site-packages/airflow/example_dags/example_skip_dag.py
[2022-09-05 11:37:07,139] {processor.py:641} INFO - Processing file /home/ubuntu/.local/lib/python3.8/site-packages/airflow/example_dags/example_skip_dag.py for tasks to queue
[2022-09-05 11:37:07,140] {logging_mixin.py:115} INFO - [2022-09-05 11:37:07,139] {dagbag.py:508} INFO - Filling up the DagBag from /home/ubuntu/.local/lib/python3.8/site-packages/airflow/example_dags/example_skip_dag.py
[2022-09-05 11:37:07,145] {processor.py:651} INFO - DAG(s) dict_keys(['example_skip_dag']) retrieved from /home/ubuntu/.local/lib/python3.8/site-packages/airflow/example_dags/example_skip_dag.py
[2022-09-05 11:37:07,162] {logging_mixin.py:115} INFO - [2022-09-05 11:37:07,162] {dag.py:2420} INFO - Sync 1 DAGs
[2022-09-05 11:37:07,181] {logging_mixin.py:115} INFO - [2022-09-05 11:37:07,181] {dag.py:2968} INFO - Setting next_dagrun for example_skip_dag to 2022-09-04T11:37:07.181463+00:00, run_after=2022-09-05T11:37:07.181463+00:00
[2022-09-05 11:37:07,197] {processor.py:161} INFO - Processing /home/ubuntu/.local/lib/python3.8/site-packages/airflow/example_dags/example_skip_dag.py took 0.062 seconds
[2022-09-05 11:37:44,408] {processor.py:153} INFO - Started process (PID=30171) to work on /home/ubuntu/.local/lib/python3.8/site-packages/airflow/example_dags/example_skip_dag.py
[2022-09-05 11:37:44,409] {processor.py:641} INFO - Processing file /home/ubuntu/.local/lib/python3.8/site-packages/airflow/example_dags/example_skip_dag.py for tasks to queue
[2022-09-05 11:37:44,409] {logging_mixin.py:115} INFO - [2022-09-05 11:37:44,409] {dagbag.py:508} INFO - Filling up the DagBag from /home/ubuntu/.local/lib/python3.8/site-packages/airflow/example_dags/example_skip_dag.py
[2022-09-05 11:37:44,415] {processor.py:651} INFO - DAG(s) dict_keys(['example_skip_dag']) retrieved from /home/ubuntu/.local/lib/python3.8/site-packages/airflow/example_dags/example_skip_dag.py
[2022-09-05 11:37:44,432] {logging_mixin.py:115} INFO - [2022-09-05 11:37:44,432] {dag.py:2420} INFO - Sync 1 DAGs
[2022-09-05 11:37:44,451] {logging_mixin.py:115} INFO - [2022-09-05 11:37:44,451] {dag.py:2968} INFO - Setting next_dagrun for example_skip_dag to 2022-09-04T11:37:44.450850+00:00, run_after=2022-09-05T11:37:44.450850+00:00
[2022-09-05 11:37:44,467] {processor.py:161} INFO - Processing /home/ubuntu/.local/lib/python3.8/site-packages/airflow/example_dags/example_skip_dag.py took 0.063 seconds
[2022-09-05 11:38:19,306] {processor.py:153} INFO - Started process (PID=30268) to work on /home/ubuntu/.local/lib/python3.8/site-packages/airflow/example_dags/example_skip_dag.py
[2022-09-05 11:38:19,308] {processor.py:641} INFO - Processing file /home/ubuntu/.local/lib/python3.8/site-packages/airflow/example_dags/example_skip_dag.py for tasks to queue
[2022-09-05 11:38:19,309] {logging_mixin.py:115} INFO - [2022-09-05 11:38:19,308] {dagbag.py:508} INFO - Filling up the DagBag from /home/ubuntu/.local/lib/python3.8/site-packages/airflow/example_dags/example_skip_dag.py
[2022-09-05 11:38:19,314] {processor.py:651} INFO - DAG(s) dict_keys(['example_skip_dag']) retrieved from /home/ubuntu/.local/lib/python3.8/site-packages/airflow/example_dags/example_skip_dag.py
[2022-09-05 11:38:19,331] {logging_mixin.py:115} INFO - [2022-09-05 11:38:19,331] {dag.py:2420} INFO - Sync 1 DAGs
[2022-09-05 11:38:19,352] {logging_mixin.py:115} INFO - [2022-09-05 11:38:19,352] {dag.py:2968} INFO - Setting next_dagrun for example_skip_dag to 2022-09-04T11:38:19.351780+00:00, run_after=2022-09-05T11:38:19.351780+00:00
[2022-09-05 11:38:19,378] {processor.py:161} INFO - Processing /home/ubuntu/.local/lib/python3.8/site-packages/airflow/example_dags/example_skip_dag.py took 0.075 seconds
[2022-09-05 11:38:54,275] {processor.py:153} INFO - Started process (PID=30427) to work on /home/ubuntu/.local/lib/python3.8/site-packages/airflow/example_dags/example_skip_dag.py
[2022-09-05 11:38:54,277] {processor.py:641} INFO - Processing file /home/ubuntu/.local/lib/python3.8/site-packages/airflow/example_dags/example_skip_dag.py for tasks to queue
[2022-09-05 11:38:54,277] {logging_mixin.py:115} INFO - [2022-09-05 11:38:54,277] {dagbag.py:508} INFO - Filling up the DagBag from /home/ubuntu/.local/lib/python3.8/site-packages/airflow/example_dags/example_skip_dag.py
[2022-09-05 11:38:54,283] {processor.py:651} INFO - DAG(s) dict_keys(['example_skip_dag']) retrieved from /home/ubuntu/.local/lib/python3.8/site-packages/airflow/example_dags/example_skip_dag.py
[2022-09-05 11:38:54,299] {logging_mixin.py:115} INFO - [2022-09-05 11:38:54,299] {dag.py:2420} INFO - Sync 1 DAGs
[2022-09-05 11:38:54,318] {logging_mixin.py:115} INFO - [2022-09-05 11:38:54,317] {dag.py:2968} INFO - Setting next_dagrun for example_skip_dag to 2022-09-04T11:38:54.317697+00:00, run_after=2022-09-05T11:38:54.317697+00:00
[2022-09-05 11:38:54,334] {processor.py:161} INFO - Processing /home/ubuntu/.local/lib/python3.8/site-packages/airflow/example_dags/example_skip_dag.py took 0.062 seconds
[2022-09-05 11:39:28,872] {processor.py:153} INFO - Started process (PID=30519) to work on /home/ubuntu/.local/lib/python3.8/site-packages/airflow/example_dags/example_skip_dag.py
[2022-09-05 11:39:28,873] {processor.py:641} INFO - Processing file /home/ubuntu/.local/lib/python3.8/site-packages/airflow/example_dags/example_skip_dag.py for tasks to queue
[2022-09-05 11:39:28,874] {logging_mixin.py:115} INFO - [2022-09-05 11:39:28,874] {dagbag.py:508} INFO - Filling up the DagBag from /home/ubuntu/.local/lib/python3.8/site-packages/airflow/example_dags/example_skip_dag.py
[2022-09-05 11:39:28,879] {processor.py:651} INFO - DAG(s) dict_keys(['example_skip_dag']) retrieved from /home/ubuntu/.local/lib/python3.8/site-packages/airflow/example_dags/example_skip_dag.py
[2022-09-05 11:39:28,896] {logging_mixin.py:115} INFO - [2022-09-05 11:39:28,896] {dag.py:2420} INFO - Sync 1 DAGs
[2022-09-05 11:39:28,914] {logging_mixin.py:115} INFO - [2022-09-05 11:39:28,914] {dag.py:2968} INFO - Setting next_dagrun for example_skip_dag to 2022-09-04T11:39:28.914611+00:00, run_after=2022-09-05T11:39:28.914611+00:00
[2022-09-05 11:39:28,935] {processor.py:161} INFO - Processing /home/ubuntu/.local/lib/python3.8/site-packages/airflow/example_dags/example_skip_dag.py took 0.067 seconds
[2022-09-05 16:30:21,125] {processor.py:153} INFO - Started process (PID=55269) to work on /home/ubuntu/.local/lib/python3.8/site-packages/airflow/example_dags/example_skip_dag.py
[2022-09-05 16:30:21,127] {processor.py:641} INFO - Processing file /home/ubuntu/.local/lib/python3.8/site-packages/airflow/example_dags/example_skip_dag.py for tasks to queue
[2022-09-05 16:30:21,127] {logging_mixin.py:115} INFO - [2022-09-05 16:30:21,127] {dagbag.py:508} INFO - Filling up the DagBag from /home/ubuntu/.local/lib/python3.8/site-packages/airflow/example_dags/example_skip_dag.py
[2022-09-05 16:30:21,133] {processor.py:651} INFO - DAG(s) dict_keys(['example_skip_dag']) retrieved from /home/ubuntu/.local/lib/python3.8/site-packages/airflow/example_dags/example_skip_dag.py
[2022-09-05 16:30:21,148] {logging_mixin.py:115} INFO - [2022-09-05 16:30:21,148] {dag.py:2420} INFO - Sync 1 DAGs
[2022-09-05 16:30:21,161] {logging_mixin.py:115} INFO - [2022-09-05 16:30:21,161] {dag.py:2968} INFO - Setting next_dagrun for example_skip_dag to 2022-09-04T16:30:21.161537+00:00, run_after=2022-09-05T16:30:21.161537+00:00
[2022-09-05 16:30:21,176] {processor.py:161} INFO - Processing /home/ubuntu/.local/lib/python3.8/site-packages/airflow/example_dags/example_skip_dag.py took 0.054 seconds
