[2022-09-05 10:47:25,434] {processor.py:153} INFO - Started process (PID=12109) to work on /home/ubuntu/.local/lib/python3.8/site-packages/airflow/example_dags/tutorial_etl_dag.py
[2022-09-05 10:47:25,435] {processor.py:641} INFO - Processing file /home/ubuntu/.local/lib/python3.8/site-packages/airflow/example_dags/tutorial_etl_dag.py for tasks to queue
[2022-09-05 10:47:25,435] {logging_mixin.py:115} INFO - [2022-09-05 10:47:25,435] {dagbag.py:508} INFO - Filling up the DagBag from /home/ubuntu/.local/lib/python3.8/site-packages/airflow/example_dags/tutorial_etl_dag.py
[2022-09-05 10:47:25,446] {processor.py:651} INFO - DAG(s) dict_keys(['tutorial_etl_dag']) retrieved from /home/ubuntu/.local/lib/python3.8/site-packages/airflow/example_dags/tutorial_etl_dag.py
[2022-09-05 10:47:25,468] {logging_mixin.py:115} INFO - [2022-09-05 10:47:25,468] {dag.py:2420} INFO - Sync 1 DAGs
[2022-09-05 10:47:25,489] {logging_mixin.py:115} INFO - [2022-09-05 10:47:25,489] {dag.py:2968} INFO - Setting next_dagrun for tutorial_etl_dag to None, run_after=None
[2022-09-05 10:47:25,516] {processor.py:161} INFO - Processing /home/ubuntu/.local/lib/python3.8/site-packages/airflow/example_dags/tutorial_etl_dag.py took 0.088 seconds
[2022-09-05 10:48:00,599] {processor.py:153} INFO - Started process (PID=12247) to work on /home/ubuntu/.local/lib/python3.8/site-packages/airflow/example_dags/tutorial_etl_dag.py
[2022-09-05 10:48:00,600] {processor.py:641} INFO - Processing file /home/ubuntu/.local/lib/python3.8/site-packages/airflow/example_dags/tutorial_etl_dag.py for tasks to queue
[2022-09-05 10:48:00,601] {logging_mixin.py:115} INFO - [2022-09-05 10:48:00,601] {dagbag.py:508} INFO - Filling up the DagBag from /home/ubuntu/.local/lib/python3.8/site-packages/airflow/example_dags/tutorial_etl_dag.py
[2022-09-05 10:48:00,608] {processor.py:651} INFO - DAG(s) dict_keys(['tutorial_etl_dag']) retrieved from /home/ubuntu/.local/lib/python3.8/site-packages/airflow/example_dags/tutorial_etl_dag.py
[2022-09-05 10:48:00,624] {logging_mixin.py:115} INFO - [2022-09-05 10:48:00,624] {dag.py:2420} INFO - Sync 1 DAGs
[2022-09-05 10:48:00,643] {logging_mixin.py:115} INFO - [2022-09-05 10:48:00,643] {dag.py:2968} INFO - Setting next_dagrun for tutorial_etl_dag to None, run_after=None
[2022-09-05 10:48:00,663] {processor.py:161} INFO - Processing /home/ubuntu/.local/lib/python3.8/site-packages/airflow/example_dags/tutorial_etl_dag.py took 0.068 seconds
[2022-09-05 10:48:34,540] {processor.py:153} INFO - Started process (PID=12332) to work on /home/ubuntu/.local/lib/python3.8/site-packages/airflow/example_dags/tutorial_etl_dag.py
[2022-09-05 10:48:34,541] {processor.py:641} INFO - Processing file /home/ubuntu/.local/lib/python3.8/site-packages/airflow/example_dags/tutorial_etl_dag.py for tasks to queue
[2022-09-05 10:48:34,542] {logging_mixin.py:115} INFO - [2022-09-05 10:48:34,542] {dagbag.py:508} INFO - Filling up the DagBag from /home/ubuntu/.local/lib/python3.8/site-packages/airflow/example_dags/tutorial_etl_dag.py
[2022-09-05 10:48:34,549] {processor.py:651} INFO - DAG(s) dict_keys(['tutorial_etl_dag']) retrieved from /home/ubuntu/.local/lib/python3.8/site-packages/airflow/example_dags/tutorial_etl_dag.py
[2022-09-05 10:48:34,563] {logging_mixin.py:115} INFO - [2022-09-05 10:48:34,563] {dag.py:2420} INFO - Sync 1 DAGs
[2022-09-05 10:48:34,580] {logging_mixin.py:115} INFO - [2022-09-05 10:48:34,580] {dag.py:2968} INFO - Setting next_dagrun for tutorial_etl_dag to None, run_after=None
[2022-09-05 10:48:34,595] {processor.py:161} INFO - Processing /home/ubuntu/.local/lib/python3.8/site-packages/airflow/example_dags/tutorial_etl_dag.py took 0.057 seconds
[2022-09-05 10:49:11,803] {processor.py:153} INFO - Started process (PID=12420) to work on /home/ubuntu/.local/lib/python3.8/site-packages/airflow/example_dags/tutorial_etl_dag.py
[2022-09-05 10:49:11,805] {processor.py:641} INFO - Processing file /home/ubuntu/.local/lib/python3.8/site-packages/airflow/example_dags/tutorial_etl_dag.py for tasks to queue
[2022-09-05 10:49:11,805] {logging_mixin.py:115} INFO - [2022-09-05 10:49:11,805] {dagbag.py:508} INFO - Filling up the DagBag from /home/ubuntu/.local/lib/python3.8/site-packages/airflow/example_dags/tutorial_etl_dag.py
[2022-09-05 10:49:11,812] {processor.py:651} INFO - DAG(s) dict_keys(['tutorial_etl_dag']) retrieved from /home/ubuntu/.local/lib/python3.8/site-packages/airflow/example_dags/tutorial_etl_dag.py
[2022-09-05 10:49:11,828] {logging_mixin.py:115} INFO - [2022-09-05 10:49:11,828] {dag.py:2420} INFO - Sync 1 DAGs
[2022-09-05 10:49:11,846] {logging_mixin.py:115} INFO - [2022-09-05 10:49:11,846] {dag.py:2968} INFO - Setting next_dagrun for tutorial_etl_dag to None, run_after=None
[2022-09-05 10:49:11,868] {processor.py:161} INFO - Processing /home/ubuntu/.local/lib/python3.8/site-packages/airflow/example_dags/tutorial_etl_dag.py took 0.069 seconds
[2022-09-05 10:49:47,586] {processor.py:153} INFO - Started process (PID=12506) to work on /home/ubuntu/.local/lib/python3.8/site-packages/airflow/example_dags/tutorial_etl_dag.py
[2022-09-05 10:49:47,587] {processor.py:641} INFO - Processing file /home/ubuntu/.local/lib/python3.8/site-packages/airflow/example_dags/tutorial_etl_dag.py for tasks to queue
[2022-09-05 10:49:47,587] {logging_mixin.py:115} INFO - [2022-09-05 10:49:47,587] {dagbag.py:508} INFO - Filling up the DagBag from /home/ubuntu/.local/lib/python3.8/site-packages/airflow/example_dags/tutorial_etl_dag.py
[2022-09-05 10:49:47,595] {processor.py:651} INFO - DAG(s) dict_keys(['tutorial_etl_dag']) retrieved from /home/ubuntu/.local/lib/python3.8/site-packages/airflow/example_dags/tutorial_etl_dag.py
[2022-09-05 10:49:47,611] {logging_mixin.py:115} INFO - [2022-09-05 10:49:47,611] {dag.py:2420} INFO - Sync 1 DAGs
[2022-09-05 10:49:47,629] {logging_mixin.py:115} INFO - [2022-09-05 10:49:47,629] {dag.py:2968} INFO - Setting next_dagrun for tutorial_etl_dag to None, run_after=None
[2022-09-05 10:49:47,650] {processor.py:161} INFO - Processing /home/ubuntu/.local/lib/python3.8/site-packages/airflow/example_dags/tutorial_etl_dag.py took 0.067 seconds
[2022-09-05 10:50:20,523] {processor.py:153} INFO - Started process (PID=12590) to work on /home/ubuntu/.local/lib/python3.8/site-packages/airflow/example_dags/tutorial_etl_dag.py
[2022-09-05 10:50:20,525] {processor.py:641} INFO - Processing file /home/ubuntu/.local/lib/python3.8/site-packages/airflow/example_dags/tutorial_etl_dag.py for tasks to queue
[2022-09-05 10:50:20,526] {logging_mixin.py:115} INFO - [2022-09-05 10:50:20,526] {dagbag.py:508} INFO - Filling up the DagBag from /home/ubuntu/.local/lib/python3.8/site-packages/airflow/example_dags/tutorial_etl_dag.py
[2022-09-05 10:50:20,533] {processor.py:651} INFO - DAG(s) dict_keys(['tutorial_etl_dag']) retrieved from /home/ubuntu/.local/lib/python3.8/site-packages/airflow/example_dags/tutorial_etl_dag.py
[2022-09-05 10:50:20,548] {logging_mixin.py:115} INFO - [2022-09-05 10:50:20,548] {dag.py:2420} INFO - Sync 1 DAGs
[2022-09-05 10:50:20,566] {logging_mixin.py:115} INFO - [2022-09-05 10:50:20,566] {dag.py:2968} INFO - Setting next_dagrun for tutorial_etl_dag to None, run_after=None
[2022-09-05 10:50:20,582] {processor.py:161} INFO - Processing /home/ubuntu/.local/lib/python3.8/site-packages/airflow/example_dags/tutorial_etl_dag.py took 0.062 seconds
[2022-09-05 10:50:54,884] {processor.py:153} INFO - Started process (PID=12669) to work on /home/ubuntu/.local/lib/python3.8/site-packages/airflow/example_dags/tutorial_etl_dag.py
[2022-09-05 10:50:54,884] {processor.py:641} INFO - Processing file /home/ubuntu/.local/lib/python3.8/site-packages/airflow/example_dags/tutorial_etl_dag.py for tasks to queue
[2022-09-05 10:50:54,885] {logging_mixin.py:115} INFO - [2022-09-05 10:50:54,885] {dagbag.py:508} INFO - Filling up the DagBag from /home/ubuntu/.local/lib/python3.8/site-packages/airflow/example_dags/tutorial_etl_dag.py
[2022-09-05 10:50:54,892] {processor.py:651} INFO - DAG(s) dict_keys(['tutorial_etl_dag']) retrieved from /home/ubuntu/.local/lib/python3.8/site-packages/airflow/example_dags/tutorial_etl_dag.py
[2022-09-05 10:50:54,907] {logging_mixin.py:115} INFO - [2022-09-05 10:50:54,907] {dag.py:2420} INFO - Sync 1 DAGs
[2022-09-05 10:50:54,924] {logging_mixin.py:115} INFO - [2022-09-05 10:50:54,924] {dag.py:2968} INFO - Setting next_dagrun for tutorial_etl_dag to None, run_after=None
[2022-09-05 10:50:54,941] {processor.py:161} INFO - Processing /home/ubuntu/.local/lib/python3.8/site-packages/airflow/example_dags/tutorial_etl_dag.py took 0.061 seconds
[2022-09-05 10:51:29,695] {processor.py:153} INFO - Started process (PID=12842) to work on /home/ubuntu/.local/lib/python3.8/site-packages/airflow/example_dags/tutorial_etl_dag.py
[2022-09-05 10:51:29,697] {processor.py:641} INFO - Processing file /home/ubuntu/.local/lib/python3.8/site-packages/airflow/example_dags/tutorial_etl_dag.py for tasks to queue
[2022-09-05 10:51:29,697] {logging_mixin.py:115} INFO - [2022-09-05 10:51:29,697] {dagbag.py:508} INFO - Filling up the DagBag from /home/ubuntu/.local/lib/python3.8/site-packages/airflow/example_dags/tutorial_etl_dag.py
[2022-09-05 10:51:29,705] {processor.py:651} INFO - DAG(s) dict_keys(['tutorial_etl_dag']) retrieved from /home/ubuntu/.local/lib/python3.8/site-packages/airflow/example_dags/tutorial_etl_dag.py
[2022-09-05 10:51:29,720] {logging_mixin.py:115} INFO - [2022-09-05 10:51:29,720] {dag.py:2420} INFO - Sync 1 DAGs
[2022-09-05 10:51:29,751] {logging_mixin.py:115} INFO - [2022-09-05 10:51:29,751] {dag.py:2968} INFO - Setting next_dagrun for tutorial_etl_dag to None, run_after=None
[2022-09-05 10:51:29,784] {processor.py:161} INFO - Processing /home/ubuntu/.local/lib/python3.8/site-packages/airflow/example_dags/tutorial_etl_dag.py took 0.092 seconds
[2022-09-05 10:52:04,056] {processor.py:153} INFO - Started process (PID=13053) to work on /home/ubuntu/.local/lib/python3.8/site-packages/airflow/example_dags/tutorial_etl_dag.py
[2022-09-05 10:52:04,057] {processor.py:641} INFO - Processing file /home/ubuntu/.local/lib/python3.8/site-packages/airflow/example_dags/tutorial_etl_dag.py for tasks to queue
[2022-09-05 10:52:04,058] {logging_mixin.py:115} INFO - [2022-09-05 10:52:04,057] {dagbag.py:508} INFO - Filling up the DagBag from /home/ubuntu/.local/lib/python3.8/site-packages/airflow/example_dags/tutorial_etl_dag.py
[2022-09-05 10:52:04,065] {processor.py:651} INFO - DAG(s) dict_keys(['tutorial_etl_dag']) retrieved from /home/ubuntu/.local/lib/python3.8/site-packages/airflow/example_dags/tutorial_etl_dag.py
[2022-09-05 10:52:04,080] {logging_mixin.py:115} INFO - [2022-09-05 10:52:04,079] {dag.py:2420} INFO - Sync 1 DAGs
[2022-09-05 10:52:04,097] {logging_mixin.py:115} INFO - [2022-09-05 10:52:04,097] {dag.py:2968} INFO - Setting next_dagrun for tutorial_etl_dag to None, run_after=None
[2022-09-05 10:52:04,115] {processor.py:161} INFO - Processing /home/ubuntu/.local/lib/python3.8/site-packages/airflow/example_dags/tutorial_etl_dag.py took 0.062 seconds
[2022-09-05 10:52:40,758] {processor.py:153} INFO - Started process (PID=13311) to work on /home/ubuntu/.local/lib/python3.8/site-packages/airflow/example_dags/tutorial_etl_dag.py
[2022-09-05 10:52:40,759] {processor.py:641} INFO - Processing file /home/ubuntu/.local/lib/python3.8/site-packages/airflow/example_dags/tutorial_etl_dag.py for tasks to queue
[2022-09-05 10:52:40,760] {logging_mixin.py:115} INFO - [2022-09-05 10:52:40,760] {dagbag.py:508} INFO - Filling up the DagBag from /home/ubuntu/.local/lib/python3.8/site-packages/airflow/example_dags/tutorial_etl_dag.py
[2022-09-05 10:52:40,767] {processor.py:651} INFO - DAG(s) dict_keys(['tutorial_etl_dag']) retrieved from /home/ubuntu/.local/lib/python3.8/site-packages/airflow/example_dags/tutorial_etl_dag.py
[2022-09-05 10:52:40,785] {logging_mixin.py:115} INFO - [2022-09-05 10:52:40,785] {dag.py:2420} INFO - Sync 1 DAGs
[2022-09-05 10:52:40,800] {logging_mixin.py:115} INFO - [2022-09-05 10:52:40,800] {dag.py:2968} INFO - Setting next_dagrun for tutorial_etl_dag to None, run_after=None
[2022-09-05 10:52:40,815] {processor.py:161} INFO - Processing /home/ubuntu/.local/lib/python3.8/site-packages/airflow/example_dags/tutorial_etl_dag.py took 0.060 seconds
[2022-09-05 10:53:14,551] {processor.py:153} INFO - Started process (PID=13387) to work on /home/ubuntu/.local/lib/python3.8/site-packages/airflow/example_dags/tutorial_etl_dag.py
[2022-09-05 10:53:14,553] {processor.py:641} INFO - Processing file /home/ubuntu/.local/lib/python3.8/site-packages/airflow/example_dags/tutorial_etl_dag.py for tasks to queue
[2022-09-05 10:53:14,553] {logging_mixin.py:115} INFO - [2022-09-05 10:53:14,553] {dagbag.py:508} INFO - Filling up the DagBag from /home/ubuntu/.local/lib/python3.8/site-packages/airflow/example_dags/tutorial_etl_dag.py
[2022-09-05 10:53:14,561] {processor.py:651} INFO - DAG(s) dict_keys(['tutorial_etl_dag']) retrieved from /home/ubuntu/.local/lib/python3.8/site-packages/airflow/example_dags/tutorial_etl_dag.py
[2022-09-05 10:53:14,579] {logging_mixin.py:115} INFO - [2022-09-05 10:53:14,579] {dag.py:2420} INFO - Sync 1 DAGs
[2022-09-05 10:53:14,594] {logging_mixin.py:115} INFO - [2022-09-05 10:53:14,593] {dag.py:2968} INFO - Setting next_dagrun for tutorial_etl_dag to None, run_after=None
[2022-09-05 10:53:14,608] {processor.py:161} INFO - Processing /home/ubuntu/.local/lib/python3.8/site-packages/airflow/example_dags/tutorial_etl_dag.py took 0.060 seconds
[2022-09-05 10:53:48,671] {processor.py:153} INFO - Started process (PID=13443) to work on /home/ubuntu/.local/lib/python3.8/site-packages/airflow/example_dags/tutorial_etl_dag.py
[2022-09-05 10:53:48,672] {processor.py:641} INFO - Processing file /home/ubuntu/.local/lib/python3.8/site-packages/airflow/example_dags/tutorial_etl_dag.py for tasks to queue
[2022-09-05 10:53:48,673] {logging_mixin.py:115} INFO - [2022-09-05 10:53:48,673] {dagbag.py:508} INFO - Filling up the DagBag from /home/ubuntu/.local/lib/python3.8/site-packages/airflow/example_dags/tutorial_etl_dag.py
[2022-09-05 10:53:48,680] {processor.py:651} INFO - DAG(s) dict_keys(['tutorial_etl_dag']) retrieved from /home/ubuntu/.local/lib/python3.8/site-packages/airflow/example_dags/tutorial_etl_dag.py
[2022-09-05 10:53:48,699] {logging_mixin.py:115} INFO - [2022-09-05 10:53:48,699] {dag.py:2420} INFO - Sync 1 DAGs
[2022-09-05 10:53:48,715] {logging_mixin.py:115} INFO - [2022-09-05 10:53:48,715] {dag.py:2968} INFO - Setting next_dagrun for tutorial_etl_dag to None, run_after=None
[2022-09-05 10:53:48,731] {processor.py:161} INFO - Processing /home/ubuntu/.local/lib/python3.8/site-packages/airflow/example_dags/tutorial_etl_dag.py took 0.063 seconds
[2022-09-05 10:54:21,475] {processor.py:153} INFO - Started process (PID=13497) to work on /home/ubuntu/.local/lib/python3.8/site-packages/airflow/example_dags/tutorial_etl_dag.py
[2022-09-05 10:54:21,476] {processor.py:641} INFO - Processing file /home/ubuntu/.local/lib/python3.8/site-packages/airflow/example_dags/tutorial_etl_dag.py for tasks to queue
[2022-09-05 10:54:21,477] {logging_mixin.py:115} INFO - [2022-09-05 10:54:21,477] {dagbag.py:508} INFO - Filling up the DagBag from /home/ubuntu/.local/lib/python3.8/site-packages/airflow/example_dags/tutorial_etl_dag.py
[2022-09-05 10:54:21,484] {processor.py:651} INFO - DAG(s) dict_keys(['tutorial_etl_dag']) retrieved from /home/ubuntu/.local/lib/python3.8/site-packages/airflow/example_dags/tutorial_etl_dag.py
[2022-09-05 10:54:21,502] {logging_mixin.py:115} INFO - [2022-09-05 10:54:21,502] {dag.py:2420} INFO - Sync 1 DAGs
[2022-09-05 10:54:21,517] {logging_mixin.py:115} INFO - [2022-09-05 10:54:21,517] {dag.py:2968} INFO - Setting next_dagrun for tutorial_etl_dag to None, run_after=None
[2022-09-05 10:54:21,532] {processor.py:161} INFO - Processing /home/ubuntu/.local/lib/python3.8/site-packages/airflow/example_dags/tutorial_etl_dag.py took 0.060 seconds
[2022-09-05 10:54:51,840] {processor.py:153} INFO - Started process (PID=13537) to work on /home/ubuntu/.local/lib/python3.8/site-packages/airflow/example_dags/tutorial_etl_dag.py
[2022-09-05 10:54:51,841] {processor.py:641} INFO - Processing file /home/ubuntu/.local/lib/python3.8/site-packages/airflow/example_dags/tutorial_etl_dag.py for tasks to queue
[2022-09-05 10:54:51,841] {logging_mixin.py:115} INFO - [2022-09-05 10:54:51,841] {dagbag.py:508} INFO - Filling up the DagBag from /home/ubuntu/.local/lib/python3.8/site-packages/airflow/example_dags/tutorial_etl_dag.py
[2022-09-05 10:54:51,849] {processor.py:651} INFO - DAG(s) dict_keys(['tutorial_etl_dag']) retrieved from /home/ubuntu/.local/lib/python3.8/site-packages/airflow/example_dags/tutorial_etl_dag.py
[2022-09-05 10:54:51,867] {logging_mixin.py:115} INFO - [2022-09-05 10:54:51,867] {dag.py:2420} INFO - Sync 1 DAGs
[2022-09-05 10:54:51,882] {logging_mixin.py:115} INFO - [2022-09-05 10:54:51,882] {dag.py:2968} INFO - Setting next_dagrun for tutorial_etl_dag to None, run_after=None
[2022-09-05 10:54:51,896] {processor.py:161} INFO - Processing /home/ubuntu/.local/lib/python3.8/site-packages/airflow/example_dags/tutorial_etl_dag.py took 0.060 seconds
[2022-09-05 10:55:24,497] {processor.py:153} INFO - Started process (PID=13579) to work on /home/ubuntu/.local/lib/python3.8/site-packages/airflow/example_dags/tutorial_etl_dag.py
[2022-09-05 10:55:24,499] {processor.py:641} INFO - Processing file /home/ubuntu/.local/lib/python3.8/site-packages/airflow/example_dags/tutorial_etl_dag.py for tasks to queue
[2022-09-05 10:55:24,499] {logging_mixin.py:115} INFO - [2022-09-05 10:55:24,499] {dagbag.py:508} INFO - Filling up the DagBag from /home/ubuntu/.local/lib/python3.8/site-packages/airflow/example_dags/tutorial_etl_dag.py
[2022-09-05 10:55:24,506] {processor.py:651} INFO - DAG(s) dict_keys(['tutorial_etl_dag']) retrieved from /home/ubuntu/.local/lib/python3.8/site-packages/airflow/example_dags/tutorial_etl_dag.py
[2022-09-05 10:55:24,524] {logging_mixin.py:115} INFO - [2022-09-05 10:55:24,524] {dag.py:2420} INFO - Sync 1 DAGs
[2022-09-05 10:55:24,540] {logging_mixin.py:115} INFO - [2022-09-05 10:55:24,540] {dag.py:2968} INFO - Setting next_dagrun for tutorial_etl_dag to None, run_after=None
[2022-09-05 10:55:24,563] {processor.py:161} INFO - Processing /home/ubuntu/.local/lib/python3.8/site-packages/airflow/example_dags/tutorial_etl_dag.py took 0.069 seconds
[2022-09-05 10:55:58,751] {processor.py:153} INFO - Started process (PID=13637) to work on /home/ubuntu/.local/lib/python3.8/site-packages/airflow/example_dags/tutorial_etl_dag.py
[2022-09-05 10:55:58,754] {processor.py:641} INFO - Processing file /home/ubuntu/.local/lib/python3.8/site-packages/airflow/example_dags/tutorial_etl_dag.py for tasks to queue
[2022-09-05 10:55:58,754] {logging_mixin.py:115} INFO - [2022-09-05 10:55:58,754] {dagbag.py:508} INFO - Filling up the DagBag from /home/ubuntu/.local/lib/python3.8/site-packages/airflow/example_dags/tutorial_etl_dag.py
[2022-09-05 10:55:58,761] {processor.py:651} INFO - DAG(s) dict_keys(['tutorial_etl_dag']) retrieved from /home/ubuntu/.local/lib/python3.8/site-packages/airflow/example_dags/tutorial_etl_dag.py
[2022-09-05 10:55:58,779] {logging_mixin.py:115} INFO - [2022-09-05 10:55:58,779] {dag.py:2420} INFO - Sync 1 DAGs
[2022-09-05 10:55:58,794] {logging_mixin.py:115} INFO - [2022-09-05 10:55:58,794] {dag.py:2968} INFO - Setting next_dagrun for tutorial_etl_dag to None, run_after=None
[2022-09-05 10:55:58,807] {processor.py:161} INFO - Processing /home/ubuntu/.local/lib/python3.8/site-packages/airflow/example_dags/tutorial_etl_dag.py took 0.059 seconds
[2022-09-05 10:56:30,761] {processor.py:153} INFO - Started process (PID=13684) to work on /home/ubuntu/.local/lib/python3.8/site-packages/airflow/example_dags/tutorial_etl_dag.py
[2022-09-05 10:56:30,761] {processor.py:641} INFO - Processing file /home/ubuntu/.local/lib/python3.8/site-packages/airflow/example_dags/tutorial_etl_dag.py for tasks to queue
[2022-09-05 10:56:30,762] {logging_mixin.py:115} INFO - [2022-09-05 10:56:30,762] {dagbag.py:508} INFO - Filling up the DagBag from /home/ubuntu/.local/lib/python3.8/site-packages/airflow/example_dags/tutorial_etl_dag.py
[2022-09-05 10:56:30,769] {processor.py:651} INFO - DAG(s) dict_keys(['tutorial_etl_dag']) retrieved from /home/ubuntu/.local/lib/python3.8/site-packages/airflow/example_dags/tutorial_etl_dag.py
[2022-09-05 10:56:30,786] {logging_mixin.py:115} INFO - [2022-09-05 10:56:30,786] {dag.py:2420} INFO - Sync 1 DAGs
[2022-09-05 10:56:30,802] {logging_mixin.py:115} INFO - [2022-09-05 10:56:30,802] {dag.py:2968} INFO - Setting next_dagrun for tutorial_etl_dag to None, run_after=None
[2022-09-05 10:56:30,822] {processor.py:161} INFO - Processing /home/ubuntu/.local/lib/python3.8/site-packages/airflow/example_dags/tutorial_etl_dag.py took 0.065 seconds
[2022-09-05 10:57:03,388] {processor.py:153} INFO - Started process (PID=13740) to work on /home/ubuntu/.local/lib/python3.8/site-packages/airflow/example_dags/tutorial_etl_dag.py
[2022-09-05 10:57:03,389] {processor.py:641} INFO - Processing file /home/ubuntu/.local/lib/python3.8/site-packages/airflow/example_dags/tutorial_etl_dag.py for tasks to queue
[2022-09-05 10:57:03,390] {logging_mixin.py:115} INFO - [2022-09-05 10:57:03,390] {dagbag.py:508} INFO - Filling up the DagBag from /home/ubuntu/.local/lib/python3.8/site-packages/airflow/example_dags/tutorial_etl_dag.py
[2022-09-05 10:57:03,398] {processor.py:651} INFO - DAG(s) dict_keys(['tutorial_etl_dag']) retrieved from /home/ubuntu/.local/lib/python3.8/site-packages/airflow/example_dags/tutorial_etl_dag.py
[2022-09-05 10:57:03,421] {logging_mixin.py:115} INFO - [2022-09-05 10:57:03,421] {dag.py:2420} INFO - Sync 1 DAGs
[2022-09-05 10:57:03,442] {logging_mixin.py:115} INFO - [2022-09-05 10:57:03,441] {dag.py:2968} INFO - Setting next_dagrun for tutorial_etl_dag to None, run_after=None
[2022-09-05 10:57:03,462] {processor.py:161} INFO - Processing /home/ubuntu/.local/lib/python3.8/site-packages/airflow/example_dags/tutorial_etl_dag.py took 0.079 seconds
[2022-09-05 10:58:09,726] {processor.py:153} INFO - Started process (PID=14016) to work on /home/ubuntu/.local/lib/python3.8/site-packages/airflow/example_dags/tutorial_etl_dag.py
[2022-09-05 10:58:09,728] {processor.py:641} INFO - Processing file /home/ubuntu/.local/lib/python3.8/site-packages/airflow/example_dags/tutorial_etl_dag.py for tasks to queue
[2022-09-05 10:58:09,728] {logging_mixin.py:115} INFO - [2022-09-05 10:58:09,728] {dagbag.py:508} INFO - Filling up the DagBag from /home/ubuntu/.local/lib/python3.8/site-packages/airflow/example_dags/tutorial_etl_dag.py
[2022-09-05 10:58:09,736] {processor.py:651} INFO - DAG(s) dict_keys(['tutorial_etl_dag']) retrieved from /home/ubuntu/.local/lib/python3.8/site-packages/airflow/example_dags/tutorial_etl_dag.py
[2022-09-05 10:58:09,752] {logging_mixin.py:115} INFO - [2022-09-05 10:58:09,751] {dag.py:2420} INFO - Sync 1 DAGs
[2022-09-05 10:58:09,771] {logging_mixin.py:115} INFO - [2022-09-05 10:58:09,771] {dag.py:2968} INFO - Setting next_dagrun for tutorial_etl_dag to None, run_after=None
[2022-09-05 10:58:09,787] {processor.py:161} INFO - Processing /home/ubuntu/.local/lib/python3.8/site-packages/airflow/example_dags/tutorial_etl_dag.py took 0.064 seconds
[2022-09-05 10:58:46,100] {processor.py:153} INFO - Started process (PID=14172) to work on /home/ubuntu/.local/lib/python3.8/site-packages/airflow/example_dags/tutorial_etl_dag.py
[2022-09-05 10:58:46,102] {processor.py:641} INFO - Processing file /home/ubuntu/.local/lib/python3.8/site-packages/airflow/example_dags/tutorial_etl_dag.py for tasks to queue
[2022-09-05 10:58:46,103] {logging_mixin.py:115} INFO - [2022-09-05 10:58:46,103] {dagbag.py:508} INFO - Filling up the DagBag from /home/ubuntu/.local/lib/python3.8/site-packages/airflow/example_dags/tutorial_etl_dag.py
[2022-09-05 10:58:46,111] {processor.py:651} INFO - DAG(s) dict_keys(['tutorial_etl_dag']) retrieved from /home/ubuntu/.local/lib/python3.8/site-packages/airflow/example_dags/tutorial_etl_dag.py
[2022-09-05 10:58:46,127] {logging_mixin.py:115} INFO - [2022-09-05 10:58:46,127] {dag.py:2420} INFO - Sync 1 DAGs
[2022-09-05 10:58:46,146] {logging_mixin.py:115} INFO - [2022-09-05 10:58:46,146] {dag.py:2968} INFO - Setting next_dagrun for tutorial_etl_dag to None, run_after=None
[2022-09-05 10:58:46,171] {processor.py:161} INFO - Processing /home/ubuntu/.local/lib/python3.8/site-packages/airflow/example_dags/tutorial_etl_dag.py took 0.074 seconds
[2022-09-05 10:59:21,764] {processor.py:153} INFO - Started process (PID=14594) to work on /home/ubuntu/.local/lib/python3.8/site-packages/airflow/example_dags/tutorial_etl_dag.py
[2022-09-05 10:59:21,766] {processor.py:641} INFO - Processing file /home/ubuntu/.local/lib/python3.8/site-packages/airflow/example_dags/tutorial_etl_dag.py for tasks to queue
[2022-09-05 10:59:21,767] {logging_mixin.py:115} INFO - [2022-09-05 10:59:21,767] {dagbag.py:508} INFO - Filling up the DagBag from /home/ubuntu/.local/lib/python3.8/site-packages/airflow/example_dags/tutorial_etl_dag.py
[2022-09-05 10:59:21,775] {processor.py:651} INFO - DAG(s) dict_keys(['tutorial_etl_dag']) retrieved from /home/ubuntu/.local/lib/python3.8/site-packages/airflow/example_dags/tutorial_etl_dag.py
[2022-09-05 10:59:21,790] {logging_mixin.py:115} INFO - [2022-09-05 10:59:21,790] {dag.py:2420} INFO - Sync 1 DAGs
[2022-09-05 10:59:21,809] {logging_mixin.py:115} INFO - [2022-09-05 10:59:21,809] {dag.py:2968} INFO - Setting next_dagrun for tutorial_etl_dag to None, run_after=None
[2022-09-05 10:59:21,832] {processor.py:161} INFO - Processing /home/ubuntu/.local/lib/python3.8/site-packages/airflow/example_dags/tutorial_etl_dag.py took 0.071 seconds
[2022-09-05 11:00:02,306] {processor.py:153} INFO - Started process (PID=14918) to work on /home/ubuntu/.local/lib/python3.8/site-packages/airflow/example_dags/tutorial_etl_dag.py
[2022-09-05 11:00:02,309] {processor.py:641} INFO - Processing file /home/ubuntu/.local/lib/python3.8/site-packages/airflow/example_dags/tutorial_etl_dag.py for tasks to queue
[2022-09-05 11:00:02,309] {logging_mixin.py:115} INFO - [2022-09-05 11:00:02,309] {dagbag.py:508} INFO - Filling up the DagBag from /home/ubuntu/.local/lib/python3.8/site-packages/airflow/example_dags/tutorial_etl_dag.py
[2022-09-05 11:00:02,319] {processor.py:651} INFO - DAG(s) dict_keys(['tutorial_etl_dag']) retrieved from /home/ubuntu/.local/lib/python3.8/site-packages/airflow/example_dags/tutorial_etl_dag.py
[2022-09-05 11:00:02,339] {logging_mixin.py:115} INFO - [2022-09-05 11:00:02,339] {dag.py:2420} INFO - Sync 1 DAGs
[2022-09-05 11:00:02,365] {logging_mixin.py:115} INFO - [2022-09-05 11:00:02,365] {dag.py:2968} INFO - Setting next_dagrun for tutorial_etl_dag to None, run_after=None
[2022-09-05 11:00:02,511] {processor.py:161} INFO - Processing /home/ubuntu/.local/lib/python3.8/site-packages/airflow/example_dags/tutorial_etl_dag.py took 0.208 seconds
[2022-09-05 11:00:38,486] {processor.py:153} INFO - Started process (PID=15017) to work on /home/ubuntu/.local/lib/python3.8/site-packages/airflow/example_dags/tutorial_etl_dag.py
[2022-09-05 11:00:38,488] {processor.py:641} INFO - Processing file /home/ubuntu/.local/lib/python3.8/site-packages/airflow/example_dags/tutorial_etl_dag.py for tasks to queue
[2022-09-05 11:00:38,489] {logging_mixin.py:115} INFO - [2022-09-05 11:00:38,489] {dagbag.py:508} INFO - Filling up the DagBag from /home/ubuntu/.local/lib/python3.8/site-packages/airflow/example_dags/tutorial_etl_dag.py
[2022-09-05 11:00:38,496] {processor.py:651} INFO - DAG(s) dict_keys(['tutorial_etl_dag']) retrieved from /home/ubuntu/.local/lib/python3.8/site-packages/airflow/example_dags/tutorial_etl_dag.py
[2022-09-05 11:00:38,512] {logging_mixin.py:115} INFO - [2022-09-05 11:00:38,512] {dag.py:2420} INFO - Sync 1 DAGs
[2022-09-05 11:00:38,531] {logging_mixin.py:115} INFO - [2022-09-05 11:00:38,531] {dag.py:2968} INFO - Setting next_dagrun for tutorial_etl_dag to None, run_after=None
[2022-09-05 11:00:38,553] {processor.py:161} INFO - Processing /home/ubuntu/.local/lib/python3.8/site-packages/airflow/example_dags/tutorial_etl_dag.py took 0.070 seconds
[2022-09-05 11:01:14,860] {processor.py:153} INFO - Started process (PID=15059) to work on /home/ubuntu/.local/lib/python3.8/site-packages/airflow/example_dags/tutorial_etl_dag.py
[2022-09-05 11:01:14,861] {processor.py:641} INFO - Processing file /home/ubuntu/.local/lib/python3.8/site-packages/airflow/example_dags/tutorial_etl_dag.py for tasks to queue
[2022-09-05 11:01:14,862] {logging_mixin.py:115} INFO - [2022-09-05 11:01:14,862] {dagbag.py:508} INFO - Filling up the DagBag from /home/ubuntu/.local/lib/python3.8/site-packages/airflow/example_dags/tutorial_etl_dag.py
[2022-09-05 11:01:14,869] {processor.py:651} INFO - DAG(s) dict_keys(['tutorial_etl_dag']) retrieved from /home/ubuntu/.local/lib/python3.8/site-packages/airflow/example_dags/tutorial_etl_dag.py
[2022-09-05 11:01:14,885] {logging_mixin.py:115} INFO - [2022-09-05 11:01:14,885] {dag.py:2420} INFO - Sync 1 DAGs
[2022-09-05 11:01:14,904] {logging_mixin.py:115} INFO - [2022-09-05 11:01:14,903] {dag.py:2968} INFO - Setting next_dagrun for tutorial_etl_dag to None, run_after=None
[2022-09-05 11:01:14,920] {processor.py:161} INFO - Processing /home/ubuntu/.local/lib/python3.8/site-packages/airflow/example_dags/tutorial_etl_dag.py took 0.064 seconds
[2022-09-05 11:01:47,785] {processor.py:153} INFO - Started process (PID=15100) to work on /home/ubuntu/.local/lib/python3.8/site-packages/airflow/example_dags/tutorial_etl_dag.py
[2022-09-05 11:01:47,786] {processor.py:641} INFO - Processing file /home/ubuntu/.local/lib/python3.8/site-packages/airflow/example_dags/tutorial_etl_dag.py for tasks to queue
[2022-09-05 11:01:47,786] {logging_mixin.py:115} INFO - [2022-09-05 11:01:47,786] {dagbag.py:508} INFO - Filling up the DagBag from /home/ubuntu/.local/lib/python3.8/site-packages/airflow/example_dags/tutorial_etl_dag.py
[2022-09-05 11:01:47,794] {processor.py:651} INFO - DAG(s) dict_keys(['tutorial_etl_dag']) retrieved from /home/ubuntu/.local/lib/python3.8/site-packages/airflow/example_dags/tutorial_etl_dag.py
[2022-09-05 11:01:47,809] {logging_mixin.py:115} INFO - [2022-09-05 11:01:47,809] {dag.py:2420} INFO - Sync 1 DAGs
[2022-09-05 11:01:47,826] {logging_mixin.py:115} INFO - [2022-09-05 11:01:47,826] {dag.py:2968} INFO - Setting next_dagrun for tutorial_etl_dag to None, run_after=None
[2022-09-05 11:01:47,842] {processor.py:161} INFO - Processing /home/ubuntu/.local/lib/python3.8/site-packages/airflow/example_dags/tutorial_etl_dag.py took 0.060 seconds
[2022-09-05 11:02:21,328] {processor.py:153} INFO - Started process (PID=15141) to work on /home/ubuntu/.local/lib/python3.8/site-packages/airflow/example_dags/tutorial_etl_dag.py
[2022-09-05 11:02:21,329] {processor.py:641} INFO - Processing file /home/ubuntu/.local/lib/python3.8/site-packages/airflow/example_dags/tutorial_etl_dag.py for tasks to queue
[2022-09-05 11:02:21,329] {logging_mixin.py:115} INFO - [2022-09-05 11:02:21,329] {dagbag.py:508} INFO - Filling up the DagBag from /home/ubuntu/.local/lib/python3.8/site-packages/airflow/example_dags/tutorial_etl_dag.py
[2022-09-05 11:02:21,337] {processor.py:651} INFO - DAG(s) dict_keys(['tutorial_etl_dag']) retrieved from /home/ubuntu/.local/lib/python3.8/site-packages/airflow/example_dags/tutorial_etl_dag.py
[2022-09-05 11:02:21,353] {logging_mixin.py:115} INFO - [2022-09-05 11:02:21,353] {dag.py:2420} INFO - Sync 1 DAGs
[2022-09-05 11:02:21,372] {logging_mixin.py:115} INFO - [2022-09-05 11:02:21,372] {dag.py:2968} INFO - Setting next_dagrun for tutorial_etl_dag to None, run_after=None
[2022-09-05 11:02:21,395] {processor.py:161} INFO - Processing /home/ubuntu/.local/lib/python3.8/site-packages/airflow/example_dags/tutorial_etl_dag.py took 0.071 seconds
[2022-09-05 11:02:54,603] {processor.py:153} INFO - Started process (PID=15371) to work on /home/ubuntu/.local/lib/python3.8/site-packages/airflow/example_dags/tutorial_etl_dag.py
[2022-09-05 11:02:54,604] {processor.py:641} INFO - Processing file /home/ubuntu/.local/lib/python3.8/site-packages/airflow/example_dags/tutorial_etl_dag.py for tasks to queue
[2022-09-05 11:02:54,605] {logging_mixin.py:115} INFO - [2022-09-05 11:02:54,605] {dagbag.py:508} INFO - Filling up the DagBag from /home/ubuntu/.local/lib/python3.8/site-packages/airflow/example_dags/tutorial_etl_dag.py
[2022-09-05 11:02:54,613] {processor.py:651} INFO - DAG(s) dict_keys(['tutorial_etl_dag']) retrieved from /home/ubuntu/.local/lib/python3.8/site-packages/airflow/example_dags/tutorial_etl_dag.py
[2022-09-05 11:02:54,629] {logging_mixin.py:115} INFO - [2022-09-05 11:02:54,629] {dag.py:2420} INFO - Sync 1 DAGs
[2022-09-05 11:02:54,647] {logging_mixin.py:115} INFO - [2022-09-05 11:02:54,647] {dag.py:2968} INFO - Setting next_dagrun for tutorial_etl_dag to None, run_after=None
[2022-09-05 11:02:54,664] {processor.py:161} INFO - Processing /home/ubuntu/.local/lib/python3.8/site-packages/airflow/example_dags/tutorial_etl_dag.py took 0.064 seconds
[2022-09-05 11:03:48,758] {processor.py:153} INFO - Started process (PID=15729) to work on /home/ubuntu/.local/lib/python3.8/site-packages/airflow/example_dags/tutorial_etl_dag.py
[2022-09-05 11:03:48,759] {processor.py:641} INFO - Processing file /home/ubuntu/.local/lib/python3.8/site-packages/airflow/example_dags/tutorial_etl_dag.py for tasks to queue
[2022-09-05 11:03:48,759] {logging_mixin.py:115} INFO - [2022-09-05 11:03:48,759] {dagbag.py:508} INFO - Filling up the DagBag from /home/ubuntu/.local/lib/python3.8/site-packages/airflow/example_dags/tutorial_etl_dag.py
[2022-09-05 11:03:48,767] {processor.py:651} INFO - DAG(s) dict_keys(['tutorial_etl_dag']) retrieved from /home/ubuntu/.local/lib/python3.8/site-packages/airflow/example_dags/tutorial_etl_dag.py
[2022-09-05 11:03:48,782] {logging_mixin.py:115} INFO - [2022-09-05 11:03:48,782] {dag.py:2420} INFO - Sync 1 DAGs
[2022-09-05 11:03:48,800] {logging_mixin.py:115} INFO - [2022-09-05 11:03:48,800] {dag.py:2968} INFO - Setting next_dagrun for tutorial_etl_dag to None, run_after=None
[2022-09-05 11:03:48,816] {processor.py:161} INFO - Processing /home/ubuntu/.local/lib/python3.8/site-packages/airflow/example_dags/tutorial_etl_dag.py took 0.061 seconds
[2022-09-05 11:04:24,051] {processor.py:153} INFO - Started process (PID=15824) to work on /home/ubuntu/.local/lib/python3.8/site-packages/airflow/example_dags/tutorial_etl_dag.py
[2022-09-05 11:04:24,052] {processor.py:641} INFO - Processing file /home/ubuntu/.local/lib/python3.8/site-packages/airflow/example_dags/tutorial_etl_dag.py for tasks to queue
[2022-09-05 11:04:24,052] {logging_mixin.py:115} INFO - [2022-09-05 11:04:24,052] {dagbag.py:508} INFO - Filling up the DagBag from /home/ubuntu/.local/lib/python3.8/site-packages/airflow/example_dags/tutorial_etl_dag.py
[2022-09-05 11:04:24,060] {processor.py:651} INFO - DAG(s) dict_keys(['tutorial_etl_dag']) retrieved from /home/ubuntu/.local/lib/python3.8/site-packages/airflow/example_dags/tutorial_etl_dag.py
[2022-09-05 11:04:24,075] {logging_mixin.py:115} INFO - [2022-09-05 11:04:24,075] {dag.py:2420} INFO - Sync 1 DAGs
[2022-09-05 11:04:24,094] {logging_mixin.py:115} INFO - [2022-09-05 11:04:24,094] {dag.py:2968} INFO - Setting next_dagrun for tutorial_etl_dag to None, run_after=None
[2022-09-05 11:04:24,112] {processor.py:161} INFO - Processing /home/ubuntu/.local/lib/python3.8/site-packages/airflow/example_dags/tutorial_etl_dag.py took 0.065 seconds
[2022-09-05 11:09:00,311] {processor.py:153} INFO - Started process (PID=20086) to work on /home/ubuntu/.local/lib/python3.8/site-packages/airflow/example_dags/tutorial_etl_dag.py
[2022-09-05 11:09:00,313] {processor.py:641} INFO - Processing file /home/ubuntu/.local/lib/python3.8/site-packages/airflow/example_dags/tutorial_etl_dag.py for tasks to queue
[2022-09-05 11:09:00,314] {logging_mixin.py:115} INFO - [2022-09-05 11:09:00,314] {dagbag.py:508} INFO - Filling up the DagBag from /home/ubuntu/.local/lib/python3.8/site-packages/airflow/example_dags/tutorial_etl_dag.py
[2022-09-05 11:09:00,321] {processor.py:651} INFO - DAG(s) dict_keys(['tutorial_etl_dag']) retrieved from /home/ubuntu/.local/lib/python3.8/site-packages/airflow/example_dags/tutorial_etl_dag.py
[2022-09-05 11:09:00,338] {logging_mixin.py:115} INFO - [2022-09-05 11:09:00,338] {dag.py:2420} INFO - Sync 1 DAGs
[2022-09-05 11:09:00,352] {logging_mixin.py:115} INFO - [2022-09-05 11:09:00,352] {dag.py:2968} INFO - Setting next_dagrun for tutorial_etl_dag to None, run_after=None
[2022-09-05 11:09:00,384] {processor.py:161} INFO - Processing /home/ubuntu/.local/lib/python3.8/site-packages/airflow/example_dags/tutorial_etl_dag.py took 0.077 seconds
[2022-09-05 11:09:34,941] {processor.py:153} INFO - Started process (PID=20206) to work on /home/ubuntu/.local/lib/python3.8/site-packages/airflow/example_dags/tutorial_etl_dag.py
[2022-09-05 11:09:34,942] {processor.py:641} INFO - Processing file /home/ubuntu/.local/lib/python3.8/site-packages/airflow/example_dags/tutorial_etl_dag.py for tasks to queue
[2022-09-05 11:09:34,943] {logging_mixin.py:115} INFO - [2022-09-05 11:09:34,943] {dagbag.py:508} INFO - Filling up the DagBag from /home/ubuntu/.local/lib/python3.8/site-packages/airflow/example_dags/tutorial_etl_dag.py
[2022-09-05 11:09:34,950] {processor.py:651} INFO - DAG(s) dict_keys(['tutorial_etl_dag']) retrieved from /home/ubuntu/.local/lib/python3.8/site-packages/airflow/example_dags/tutorial_etl_dag.py
[2022-09-05 11:09:34,966] {logging_mixin.py:115} INFO - [2022-09-05 11:09:34,966] {dag.py:2420} INFO - Sync 1 DAGs
[2022-09-05 11:09:34,980] {logging_mixin.py:115} INFO - [2022-09-05 11:09:34,979] {dag.py:2968} INFO - Setting next_dagrun for tutorial_etl_dag to None, run_after=None
[2022-09-05 11:09:35,007] {processor.py:161} INFO - Processing /home/ubuntu/.local/lib/python3.8/site-packages/airflow/example_dags/tutorial_etl_dag.py took 0.070 seconds
[2022-09-05 11:11:56,094] {processor.py:153} INFO - Started process (PID=21876) to work on /home/ubuntu/.local/lib/python3.8/site-packages/airflow/example_dags/tutorial_etl_dag.py
[2022-09-05 11:11:56,096] {processor.py:641} INFO - Processing file /home/ubuntu/.local/lib/python3.8/site-packages/airflow/example_dags/tutorial_etl_dag.py for tasks to queue
[2022-09-05 11:11:56,097] {logging_mixin.py:115} INFO - [2022-09-05 11:11:56,097] {dagbag.py:508} INFO - Filling up the DagBag from /home/ubuntu/.local/lib/python3.8/site-packages/airflow/example_dags/tutorial_etl_dag.py
[2022-09-05 11:11:56,104] {processor.py:651} INFO - DAG(s) dict_keys(['tutorial_etl_dag']) retrieved from /home/ubuntu/.local/lib/python3.8/site-packages/airflow/example_dags/tutorial_etl_dag.py
[2022-09-05 11:11:56,120] {logging_mixin.py:115} INFO - [2022-09-05 11:11:56,120] {dag.py:2420} INFO - Sync 1 DAGs
[2022-09-05 11:11:56,134] {logging_mixin.py:115} INFO - [2022-09-05 11:11:56,134] {dag.py:2968} INFO - Setting next_dagrun for tutorial_etl_dag to None, run_after=None
[2022-09-05 11:11:56,163] {processor.py:161} INFO - Processing /home/ubuntu/.local/lib/python3.8/site-packages/airflow/example_dags/tutorial_etl_dag.py took 0.073 seconds
[2022-09-05 11:12:31,367] {processor.py:153} INFO - Started process (PID=22192) to work on /home/ubuntu/.local/lib/python3.8/site-packages/airflow/example_dags/tutorial_etl_dag.py
[2022-09-05 11:12:31,368] {processor.py:641} INFO - Processing file /home/ubuntu/.local/lib/python3.8/site-packages/airflow/example_dags/tutorial_etl_dag.py for tasks to queue
[2022-09-05 11:12:31,368] {logging_mixin.py:115} INFO - [2022-09-05 11:12:31,368] {dagbag.py:508} INFO - Filling up the DagBag from /home/ubuntu/.local/lib/python3.8/site-packages/airflow/example_dags/tutorial_etl_dag.py
[2022-09-05 11:12:31,376] {processor.py:651} INFO - DAG(s) dict_keys(['tutorial_etl_dag']) retrieved from /home/ubuntu/.local/lib/python3.8/site-packages/airflow/example_dags/tutorial_etl_dag.py
[2022-09-05 11:12:31,391] {logging_mixin.py:115} INFO - [2022-09-05 11:12:31,391] {dag.py:2420} INFO - Sync 1 DAGs
[2022-09-05 11:12:31,405] {logging_mixin.py:115} INFO - [2022-09-05 11:12:31,405] {dag.py:2968} INFO - Setting next_dagrun for tutorial_etl_dag to None, run_after=None
[2022-09-05 11:12:31,427] {processor.py:161} INFO - Processing /home/ubuntu/.local/lib/python3.8/site-packages/airflow/example_dags/tutorial_etl_dag.py took 0.064 seconds
[2022-09-05 11:13:04,626] {processor.py:153} INFO - Started process (PID=22275) to work on /home/ubuntu/.local/lib/python3.8/site-packages/airflow/example_dags/tutorial_etl_dag.py
[2022-09-05 11:13:04,627] {processor.py:641} INFO - Processing file /home/ubuntu/.local/lib/python3.8/site-packages/airflow/example_dags/tutorial_etl_dag.py for tasks to queue
[2022-09-05 11:13:04,627] {logging_mixin.py:115} INFO - [2022-09-05 11:13:04,627] {dagbag.py:508} INFO - Filling up the DagBag from /home/ubuntu/.local/lib/python3.8/site-packages/airflow/example_dags/tutorial_etl_dag.py
[2022-09-05 11:13:04,635] {processor.py:651} INFO - DAG(s) dict_keys(['tutorial_etl_dag']) retrieved from /home/ubuntu/.local/lib/python3.8/site-packages/airflow/example_dags/tutorial_etl_dag.py
[2022-09-05 11:13:04,650] {logging_mixin.py:115} INFO - [2022-09-05 11:13:04,650] {dag.py:2420} INFO - Sync 1 DAGs
[2022-09-05 11:13:04,663] {logging_mixin.py:115} INFO - [2022-09-05 11:13:04,663] {dag.py:2968} INFO - Setting next_dagrun for tutorial_etl_dag to None, run_after=None
[2022-09-05 11:13:04,678] {processor.py:161} INFO - Processing /home/ubuntu/.local/lib/python3.8/site-packages/airflow/example_dags/tutorial_etl_dag.py took 0.055 seconds
[2022-09-05 11:13:40,622] {processor.py:153} INFO - Started process (PID=22365) to work on /home/ubuntu/.local/lib/python3.8/site-packages/airflow/example_dags/tutorial_etl_dag.py
[2022-09-05 11:13:40,623] {processor.py:641} INFO - Processing file /home/ubuntu/.local/lib/python3.8/site-packages/airflow/example_dags/tutorial_etl_dag.py for tasks to queue
[2022-09-05 11:13:40,624] {logging_mixin.py:115} INFO - [2022-09-05 11:13:40,624] {dagbag.py:508} INFO - Filling up the DagBag from /home/ubuntu/.local/lib/python3.8/site-packages/airflow/example_dags/tutorial_etl_dag.py
[2022-09-05 11:13:40,632] {processor.py:651} INFO - DAG(s) dict_keys(['tutorial_etl_dag']) retrieved from /home/ubuntu/.local/lib/python3.8/site-packages/airflow/example_dags/tutorial_etl_dag.py
[2022-09-05 11:13:40,647] {logging_mixin.py:115} INFO - [2022-09-05 11:13:40,647] {dag.py:2420} INFO - Sync 1 DAGs
[2022-09-05 11:13:40,661] {logging_mixin.py:115} INFO - [2022-09-05 11:13:40,661] {dag.py:2968} INFO - Setting next_dagrun for tutorial_etl_dag to None, run_after=None
[2022-09-05 11:13:40,678] {processor.py:161} INFO - Processing /home/ubuntu/.local/lib/python3.8/site-packages/airflow/example_dags/tutorial_etl_dag.py took 0.060 seconds
[2022-09-05 11:14:15,186] {processor.py:153} INFO - Started process (PID=22556) to work on /home/ubuntu/.local/lib/python3.8/site-packages/airflow/example_dags/tutorial_etl_dag.py
[2022-09-05 11:14:15,187] {processor.py:641} INFO - Processing file /home/ubuntu/.local/lib/python3.8/site-packages/airflow/example_dags/tutorial_etl_dag.py for tasks to queue
[2022-09-05 11:14:15,188] {logging_mixin.py:115} INFO - [2022-09-05 11:14:15,188] {dagbag.py:508} INFO - Filling up the DagBag from /home/ubuntu/.local/lib/python3.8/site-packages/airflow/example_dags/tutorial_etl_dag.py
[2022-09-05 11:14:15,195] {processor.py:651} INFO - DAG(s) dict_keys(['tutorial_etl_dag']) retrieved from /home/ubuntu/.local/lib/python3.8/site-packages/airflow/example_dags/tutorial_etl_dag.py
[2022-09-05 11:14:15,210] {logging_mixin.py:115} INFO - [2022-09-05 11:14:15,210] {dag.py:2420} INFO - Sync 1 DAGs
[2022-09-05 11:14:15,223] {logging_mixin.py:115} INFO - [2022-09-05 11:14:15,223] {dag.py:2968} INFO - Setting next_dagrun for tutorial_etl_dag to None, run_after=None
[2022-09-05 11:14:15,256] {processor.py:161} INFO - Processing /home/ubuntu/.local/lib/python3.8/site-packages/airflow/example_dags/tutorial_etl_dag.py took 0.074 seconds
[2022-09-05 11:14:48,411] {processor.py:153} INFO - Started process (PID=22653) to work on /home/ubuntu/.local/lib/python3.8/site-packages/airflow/example_dags/tutorial_etl_dag.py
[2022-09-05 11:14:48,411] {processor.py:641} INFO - Processing file /home/ubuntu/.local/lib/python3.8/site-packages/airflow/example_dags/tutorial_etl_dag.py for tasks to queue
[2022-09-05 11:14:48,412] {logging_mixin.py:115} INFO - [2022-09-05 11:14:48,412] {dagbag.py:508} INFO - Filling up the DagBag from /home/ubuntu/.local/lib/python3.8/site-packages/airflow/example_dags/tutorial_etl_dag.py
[2022-09-05 11:14:48,419] {processor.py:651} INFO - DAG(s) dict_keys(['tutorial_etl_dag']) retrieved from /home/ubuntu/.local/lib/python3.8/site-packages/airflow/example_dags/tutorial_etl_dag.py
[2022-09-05 11:14:48,435] {logging_mixin.py:115} INFO - [2022-09-05 11:14:48,435] {dag.py:2420} INFO - Sync 1 DAGs
[2022-09-05 11:14:48,449] {logging_mixin.py:115} INFO - [2022-09-05 11:14:48,449] {dag.py:2968} INFO - Setting next_dagrun for tutorial_etl_dag to None, run_after=None
[2022-09-05 11:14:48,465] {processor.py:161} INFO - Processing /home/ubuntu/.local/lib/python3.8/site-packages/airflow/example_dags/tutorial_etl_dag.py took 0.058 seconds
[2022-09-05 11:15:34,124] {processor.py:153} INFO - Started process (PID=22900) to work on /home/ubuntu/.local/lib/python3.8/site-packages/airflow/example_dags/tutorial_etl_dag.py
[2022-09-05 11:15:34,125] {processor.py:641} INFO - Processing file /home/ubuntu/.local/lib/python3.8/site-packages/airflow/example_dags/tutorial_etl_dag.py for tasks to queue
[2022-09-05 11:15:34,126] {logging_mixin.py:115} INFO - [2022-09-05 11:15:34,126] {dagbag.py:508} INFO - Filling up the DagBag from /home/ubuntu/.local/lib/python3.8/site-packages/airflow/example_dags/tutorial_etl_dag.py
[2022-09-05 11:15:34,133] {processor.py:651} INFO - DAG(s) dict_keys(['tutorial_etl_dag']) retrieved from /home/ubuntu/.local/lib/python3.8/site-packages/airflow/example_dags/tutorial_etl_dag.py
[2022-09-05 11:15:34,148] {logging_mixin.py:115} INFO - [2022-09-05 11:15:34,148] {dag.py:2420} INFO - Sync 1 DAGs
[2022-09-05 11:15:34,166] {logging_mixin.py:115} INFO - [2022-09-05 11:15:34,166] {dag.py:2968} INFO - Setting next_dagrun for tutorial_etl_dag to None, run_after=None
[2022-09-05 11:15:34,182] {processor.py:161} INFO - Processing /home/ubuntu/.local/lib/python3.8/site-packages/airflow/example_dags/tutorial_etl_dag.py took 0.062 seconds
[2022-09-05 11:16:07,180] {processor.py:153} INFO - Started process (PID=23039) to work on /home/ubuntu/.local/lib/python3.8/site-packages/airflow/example_dags/tutorial_etl_dag.py
[2022-09-05 11:16:07,182] {processor.py:641} INFO - Processing file /home/ubuntu/.local/lib/python3.8/site-packages/airflow/example_dags/tutorial_etl_dag.py for tasks to queue
[2022-09-05 11:16:07,182] {logging_mixin.py:115} INFO - [2022-09-05 11:16:07,182] {dagbag.py:508} INFO - Filling up the DagBag from /home/ubuntu/.local/lib/python3.8/site-packages/airflow/example_dags/tutorial_etl_dag.py
[2022-09-05 11:16:07,189] {processor.py:651} INFO - DAG(s) dict_keys(['tutorial_etl_dag']) retrieved from /home/ubuntu/.local/lib/python3.8/site-packages/airflow/example_dags/tutorial_etl_dag.py
[2022-09-05 11:16:07,205] {logging_mixin.py:115} INFO - [2022-09-05 11:16:07,204] {dag.py:2420} INFO - Sync 1 DAGs
[2022-09-05 11:16:07,222] {logging_mixin.py:115} INFO - [2022-09-05 11:16:07,222] {dag.py:2968} INFO - Setting next_dagrun for tutorial_etl_dag to None, run_after=None
[2022-09-05 11:16:07,243] {processor.py:161} INFO - Processing /home/ubuntu/.local/lib/python3.8/site-packages/airflow/example_dags/tutorial_etl_dag.py took 0.066 seconds
[2022-09-05 11:16:41,525] {processor.py:153} INFO - Started process (PID=23123) to work on /home/ubuntu/.local/lib/python3.8/site-packages/airflow/example_dags/tutorial_etl_dag.py
[2022-09-05 11:16:41,526] {processor.py:641} INFO - Processing file /home/ubuntu/.local/lib/python3.8/site-packages/airflow/example_dags/tutorial_etl_dag.py for tasks to queue
[2022-09-05 11:16:41,527] {logging_mixin.py:115} INFO - [2022-09-05 11:16:41,527] {dagbag.py:508} INFO - Filling up the DagBag from /home/ubuntu/.local/lib/python3.8/site-packages/airflow/example_dags/tutorial_etl_dag.py
[2022-09-05 11:16:41,534] {processor.py:651} INFO - DAG(s) dict_keys(['tutorial_etl_dag']) retrieved from /home/ubuntu/.local/lib/python3.8/site-packages/airflow/example_dags/tutorial_etl_dag.py
[2022-09-05 11:16:41,550] {logging_mixin.py:115} INFO - [2022-09-05 11:16:41,550] {dag.py:2420} INFO - Sync 1 DAGs
[2022-09-05 11:16:41,568] {logging_mixin.py:115} INFO - [2022-09-05 11:16:41,567] {dag.py:2968} INFO - Setting next_dagrun for tutorial_etl_dag to None, run_after=None
[2022-09-05 11:16:41,584] {processor.py:161} INFO - Processing /home/ubuntu/.local/lib/python3.8/site-packages/airflow/example_dags/tutorial_etl_dag.py took 0.063 seconds
[2022-09-05 11:17:16,115] {processor.py:153} INFO - Started process (PID=23208) to work on /home/ubuntu/.local/lib/python3.8/site-packages/airflow/example_dags/tutorial_etl_dag.py
[2022-09-05 11:17:16,116] {processor.py:641} INFO - Processing file /home/ubuntu/.local/lib/python3.8/site-packages/airflow/example_dags/tutorial_etl_dag.py for tasks to queue
[2022-09-05 11:17:16,117] {logging_mixin.py:115} INFO - [2022-09-05 11:17:16,117] {dagbag.py:508} INFO - Filling up the DagBag from /home/ubuntu/.local/lib/python3.8/site-packages/airflow/example_dags/tutorial_etl_dag.py
[2022-09-05 11:17:16,124] {processor.py:651} INFO - DAG(s) dict_keys(['tutorial_etl_dag']) retrieved from /home/ubuntu/.local/lib/python3.8/site-packages/airflow/example_dags/tutorial_etl_dag.py
[2022-09-05 11:17:16,140] {logging_mixin.py:115} INFO - [2022-09-05 11:17:16,140] {dag.py:2420} INFO - Sync 1 DAGs
[2022-09-05 11:17:16,158] {logging_mixin.py:115} INFO - [2022-09-05 11:17:16,157] {dag.py:2968} INFO - Setting next_dagrun for tutorial_etl_dag to None, run_after=None
[2022-09-05 11:17:16,172] {processor.py:161} INFO - Processing /home/ubuntu/.local/lib/python3.8/site-packages/airflow/example_dags/tutorial_etl_dag.py took 0.060 seconds
[2022-09-05 11:17:48,963] {processor.py:153} INFO - Started process (PID=23292) to work on /home/ubuntu/.local/lib/python3.8/site-packages/airflow/example_dags/tutorial_etl_dag.py
[2022-09-05 11:17:48,967] {processor.py:641} INFO - Processing file /home/ubuntu/.local/lib/python3.8/site-packages/airflow/example_dags/tutorial_etl_dag.py for tasks to queue
[2022-09-05 11:17:48,967] {logging_mixin.py:115} INFO - [2022-09-05 11:17:48,967] {dagbag.py:508} INFO - Filling up the DagBag from /home/ubuntu/.local/lib/python3.8/site-packages/airflow/example_dags/tutorial_etl_dag.py
[2022-09-05 11:17:48,975] {processor.py:651} INFO - DAG(s) dict_keys(['tutorial_etl_dag']) retrieved from /home/ubuntu/.local/lib/python3.8/site-packages/airflow/example_dags/tutorial_etl_dag.py
[2022-09-05 11:17:48,991] {logging_mixin.py:115} INFO - [2022-09-05 11:17:48,991] {dag.py:2420} INFO - Sync 1 DAGs
[2022-09-05 11:17:49,009] {logging_mixin.py:115} INFO - [2022-09-05 11:17:49,009] {dag.py:2968} INFO - Setting next_dagrun for tutorial_etl_dag to None, run_after=None
[2022-09-05 11:17:49,026] {processor.py:161} INFO - Processing /home/ubuntu/.local/lib/python3.8/site-packages/airflow/example_dags/tutorial_etl_dag.py took 0.066 seconds
[2022-09-05 11:18:22,477] {processor.py:153} INFO - Started process (PID=23368) to work on /home/ubuntu/.local/lib/python3.8/site-packages/airflow/example_dags/tutorial_etl_dag.py
[2022-09-05 11:18:22,478] {processor.py:641} INFO - Processing file /home/ubuntu/.local/lib/python3.8/site-packages/airflow/example_dags/tutorial_etl_dag.py for tasks to queue
[2022-09-05 11:18:22,478] {logging_mixin.py:115} INFO - [2022-09-05 11:18:22,478] {dagbag.py:508} INFO - Filling up the DagBag from /home/ubuntu/.local/lib/python3.8/site-packages/airflow/example_dags/tutorial_etl_dag.py
[2022-09-05 11:18:22,485] {processor.py:651} INFO - DAG(s) dict_keys(['tutorial_etl_dag']) retrieved from /home/ubuntu/.local/lib/python3.8/site-packages/airflow/example_dags/tutorial_etl_dag.py
[2022-09-05 11:18:22,500] {logging_mixin.py:115} INFO - [2022-09-05 11:18:22,500] {dag.py:2420} INFO - Sync 1 DAGs
[2022-09-05 11:18:22,518] {logging_mixin.py:115} INFO - [2022-09-05 11:18:22,518] {dag.py:2968} INFO - Setting next_dagrun for tutorial_etl_dag to None, run_after=None
[2022-09-05 11:18:22,533] {processor.py:161} INFO - Processing /home/ubuntu/.local/lib/python3.8/site-packages/airflow/example_dags/tutorial_etl_dag.py took 0.059 seconds
[2022-09-05 11:18:57,805] {processor.py:153} INFO - Started process (PID=23441) to work on /home/ubuntu/.local/lib/python3.8/site-packages/airflow/example_dags/tutorial_etl_dag.py
[2022-09-05 11:18:57,807] {processor.py:641} INFO - Processing file /home/ubuntu/.local/lib/python3.8/site-packages/airflow/example_dags/tutorial_etl_dag.py for tasks to queue
[2022-09-05 11:18:57,808] {logging_mixin.py:115} INFO - [2022-09-05 11:18:57,808] {dagbag.py:508} INFO - Filling up the DagBag from /home/ubuntu/.local/lib/python3.8/site-packages/airflow/example_dags/tutorial_etl_dag.py
[2022-09-05 11:18:57,815] {processor.py:651} INFO - DAG(s) dict_keys(['tutorial_etl_dag']) retrieved from /home/ubuntu/.local/lib/python3.8/site-packages/airflow/example_dags/tutorial_etl_dag.py
[2022-09-05 11:18:57,830] {logging_mixin.py:115} INFO - [2022-09-05 11:18:57,829] {dag.py:2420} INFO - Sync 1 DAGs
[2022-09-05 11:18:57,847] {logging_mixin.py:115} INFO - [2022-09-05 11:18:57,847] {dag.py:2968} INFO - Setting next_dagrun for tutorial_etl_dag to None, run_after=None
[2022-09-05 11:18:57,862] {processor.py:161} INFO - Processing /home/ubuntu/.local/lib/python3.8/site-packages/airflow/example_dags/tutorial_etl_dag.py took 0.060 seconds
[2022-09-05 11:19:30,254] {processor.py:153} INFO - Started process (PID=23482) to work on /home/ubuntu/.local/lib/python3.8/site-packages/airflow/example_dags/tutorial_etl_dag.py
[2022-09-05 11:19:30,257] {processor.py:641} INFO - Processing file /home/ubuntu/.local/lib/python3.8/site-packages/airflow/example_dags/tutorial_etl_dag.py for tasks to queue
[2022-09-05 11:19:30,257] {logging_mixin.py:115} INFO - [2022-09-05 11:19:30,257] {dagbag.py:508} INFO - Filling up the DagBag from /home/ubuntu/.local/lib/python3.8/site-packages/airflow/example_dags/tutorial_etl_dag.py
[2022-09-05 11:19:30,264] {processor.py:651} INFO - DAG(s) dict_keys(['tutorial_etl_dag']) retrieved from /home/ubuntu/.local/lib/python3.8/site-packages/airflow/example_dags/tutorial_etl_dag.py
[2022-09-05 11:19:30,280] {logging_mixin.py:115} INFO - [2022-09-05 11:19:30,280] {dag.py:2420} INFO - Sync 1 DAGs
[2022-09-05 11:19:30,298] {logging_mixin.py:115} INFO - [2022-09-05 11:19:30,298] {dag.py:2968} INFO - Setting next_dagrun for tutorial_etl_dag to None, run_after=None
[2022-09-05 11:19:30,363] {processor.py:161} INFO - Processing /home/ubuntu/.local/lib/python3.8/site-packages/airflow/example_dags/tutorial_etl_dag.py took 0.113 seconds
[2022-09-05 11:21:59,882] {processor.py:153} INFO - Started process (PID=25141) to work on /home/ubuntu/.local/lib/python3.8/site-packages/airflow/example_dags/tutorial_etl_dag.py
[2022-09-05 11:21:59,884] {processor.py:641} INFO - Processing file /home/ubuntu/.local/lib/python3.8/site-packages/airflow/example_dags/tutorial_etl_dag.py for tasks to queue
[2022-09-05 11:21:59,885] {logging_mixin.py:115} INFO - [2022-09-05 11:21:59,885] {dagbag.py:508} INFO - Filling up the DagBag from /home/ubuntu/.local/lib/python3.8/site-packages/airflow/example_dags/tutorial_etl_dag.py
[2022-09-05 11:21:59,892] {processor.py:651} INFO - DAG(s) dict_keys(['tutorial_etl_dag']) retrieved from /home/ubuntu/.local/lib/python3.8/site-packages/airflow/example_dags/tutorial_etl_dag.py
[2022-09-05 11:21:59,911] {logging_mixin.py:115} INFO - [2022-09-05 11:21:59,911] {dag.py:2420} INFO - Sync 1 DAGs
[2022-09-05 11:21:59,927] {logging_mixin.py:115} INFO - [2022-09-05 11:21:59,927] {dag.py:2968} INFO - Setting next_dagrun for tutorial_etl_dag to None, run_after=None
[2022-09-05 11:21:59,941] {processor.py:161} INFO - Processing /home/ubuntu/.local/lib/python3.8/site-packages/airflow/example_dags/tutorial_etl_dag.py took 0.062 seconds
[2022-09-05 11:22:33,336] {processor.py:153} INFO - Started process (PID=25238) to work on /home/ubuntu/.local/lib/python3.8/site-packages/airflow/example_dags/tutorial_etl_dag.py
[2022-09-05 11:22:33,337] {processor.py:641} INFO - Processing file /home/ubuntu/.local/lib/python3.8/site-packages/airflow/example_dags/tutorial_etl_dag.py for tasks to queue
[2022-09-05 11:22:33,337] {logging_mixin.py:115} INFO - [2022-09-05 11:22:33,337] {dagbag.py:508} INFO - Filling up the DagBag from /home/ubuntu/.local/lib/python3.8/site-packages/airflow/example_dags/tutorial_etl_dag.py
[2022-09-05 11:22:33,345] {processor.py:651} INFO - DAG(s) dict_keys(['tutorial_etl_dag']) retrieved from /home/ubuntu/.local/lib/python3.8/site-packages/airflow/example_dags/tutorial_etl_dag.py
[2022-09-05 11:22:33,364] {logging_mixin.py:115} INFO - [2022-09-05 11:22:33,364] {dag.py:2420} INFO - Sync 1 DAGs
[2022-09-05 11:22:33,380] {logging_mixin.py:115} INFO - [2022-09-05 11:22:33,380] {dag.py:2968} INFO - Setting next_dagrun for tutorial_etl_dag to None, run_after=None
[2022-09-05 11:22:33,401] {processor.py:161} INFO - Processing /home/ubuntu/.local/lib/python3.8/site-packages/airflow/example_dags/tutorial_etl_dag.py took 0.069 seconds
[2022-09-05 11:23:09,175] {processor.py:153} INFO - Started process (PID=25528) to work on /home/ubuntu/.local/lib/python3.8/site-packages/airflow/example_dags/tutorial_etl_dag.py
[2022-09-05 11:23:09,177] {processor.py:641} INFO - Processing file /home/ubuntu/.local/lib/python3.8/site-packages/airflow/example_dags/tutorial_etl_dag.py for tasks to queue
[2022-09-05 11:23:09,178] {logging_mixin.py:115} INFO - [2022-09-05 11:23:09,178] {dagbag.py:508} INFO - Filling up the DagBag from /home/ubuntu/.local/lib/python3.8/site-packages/airflow/example_dags/tutorial_etl_dag.py
[2022-09-05 11:23:09,185] {processor.py:651} INFO - DAG(s) dict_keys(['tutorial_etl_dag']) retrieved from /home/ubuntu/.local/lib/python3.8/site-packages/airflow/example_dags/tutorial_etl_dag.py
[2022-09-05 11:23:09,203] {logging_mixin.py:115} INFO - [2022-09-05 11:23:09,203] {dag.py:2420} INFO - Sync 1 DAGs
[2022-09-05 11:23:09,218] {logging_mixin.py:115} INFO - [2022-09-05 11:23:09,218] {dag.py:2968} INFO - Setting next_dagrun for tutorial_etl_dag to None, run_after=None
[2022-09-05 11:23:09,233] {processor.py:161} INFO - Processing /home/ubuntu/.local/lib/python3.8/site-packages/airflow/example_dags/tutorial_etl_dag.py took 0.062 seconds
[2022-09-05 11:23:44,367] {processor.py:153} INFO - Started process (PID=25816) to work on /home/ubuntu/.local/lib/python3.8/site-packages/airflow/example_dags/tutorial_etl_dag.py
[2022-09-05 11:23:44,368] {processor.py:641} INFO - Processing file /home/ubuntu/.local/lib/python3.8/site-packages/airflow/example_dags/tutorial_etl_dag.py for tasks to queue
[2022-09-05 11:23:44,369] {logging_mixin.py:115} INFO - [2022-09-05 11:23:44,369] {dagbag.py:508} INFO - Filling up the DagBag from /home/ubuntu/.local/lib/python3.8/site-packages/airflow/example_dags/tutorial_etl_dag.py
[2022-09-05 11:23:44,376] {processor.py:651} INFO - DAG(s) dict_keys(['tutorial_etl_dag']) retrieved from /home/ubuntu/.local/lib/python3.8/site-packages/airflow/example_dags/tutorial_etl_dag.py
[2022-09-05 11:23:44,396] {logging_mixin.py:115} INFO - [2022-09-05 11:23:44,396] {dag.py:2420} INFO - Sync 1 DAGs
[2022-09-05 11:23:44,411] {logging_mixin.py:115} INFO - [2022-09-05 11:23:44,411] {dag.py:2968} INFO - Setting next_dagrun for tutorial_etl_dag to None, run_after=None
[2022-09-05 11:23:44,426] {processor.py:161} INFO - Processing /home/ubuntu/.local/lib/python3.8/site-packages/airflow/example_dags/tutorial_etl_dag.py took 0.062 seconds
[2022-09-05 11:24:18,620] {processor.py:153} INFO - Started process (PID=25982) to work on /home/ubuntu/.local/lib/python3.8/site-packages/airflow/example_dags/tutorial_etl_dag.py
[2022-09-05 11:24:18,621] {processor.py:641} INFO - Processing file /home/ubuntu/.local/lib/python3.8/site-packages/airflow/example_dags/tutorial_etl_dag.py for tasks to queue
[2022-09-05 11:24:18,622] {logging_mixin.py:115} INFO - [2022-09-05 11:24:18,622] {dagbag.py:508} INFO - Filling up the DagBag from /home/ubuntu/.local/lib/python3.8/site-packages/airflow/example_dags/tutorial_etl_dag.py
[2022-09-05 11:24:18,629] {processor.py:651} INFO - DAG(s) dict_keys(['tutorial_etl_dag']) retrieved from /home/ubuntu/.local/lib/python3.8/site-packages/airflow/example_dags/tutorial_etl_dag.py
[2022-09-05 11:24:18,648] {logging_mixin.py:115} INFO - [2022-09-05 11:24:18,647] {dag.py:2420} INFO - Sync 1 DAGs
[2022-09-05 11:24:18,663] {logging_mixin.py:115} INFO - [2022-09-05 11:24:18,663] {dag.py:2968} INFO - Setting next_dagrun for tutorial_etl_dag to None, run_after=None
[2022-09-05 11:24:18,680] {processor.py:161} INFO - Processing /home/ubuntu/.local/lib/python3.8/site-packages/airflow/example_dags/tutorial_etl_dag.py took 0.063 seconds
[2022-09-05 11:24:49,897] {processor.py:153} INFO - Started process (PID=26046) to work on /home/ubuntu/.local/lib/python3.8/site-packages/airflow/example_dags/tutorial_etl_dag.py
[2022-09-05 11:24:49,898] {processor.py:641} INFO - Processing file /home/ubuntu/.local/lib/python3.8/site-packages/airflow/example_dags/tutorial_etl_dag.py for tasks to queue
[2022-09-05 11:24:49,898] {logging_mixin.py:115} INFO - [2022-09-05 11:24:49,898] {dagbag.py:508} INFO - Filling up the DagBag from /home/ubuntu/.local/lib/python3.8/site-packages/airflow/example_dags/tutorial_etl_dag.py
[2022-09-05 11:24:49,905] {processor.py:651} INFO - DAG(s) dict_keys(['tutorial_etl_dag']) retrieved from /home/ubuntu/.local/lib/python3.8/site-packages/airflow/example_dags/tutorial_etl_dag.py
[2022-09-05 11:24:49,923] {logging_mixin.py:115} INFO - [2022-09-05 11:24:49,923] {dag.py:2420} INFO - Sync 1 DAGs
[2022-09-05 11:24:49,939] {logging_mixin.py:115} INFO - [2022-09-05 11:24:49,939] {dag.py:2968} INFO - Setting next_dagrun for tutorial_etl_dag to None, run_after=None
[2022-09-05 11:24:49,952] {processor.py:161} INFO - Processing /home/ubuntu/.local/lib/python3.8/site-packages/airflow/example_dags/tutorial_etl_dag.py took 0.059 seconds
[2022-09-05 11:25:22,086] {processor.py:153} INFO - Started process (PID=26090) to work on /home/ubuntu/.local/lib/python3.8/site-packages/airflow/example_dags/tutorial_etl_dag.py
[2022-09-05 11:25:22,086] {processor.py:641} INFO - Processing file /home/ubuntu/.local/lib/python3.8/site-packages/airflow/example_dags/tutorial_etl_dag.py for tasks to queue
[2022-09-05 11:25:22,087] {logging_mixin.py:115} INFO - [2022-09-05 11:25:22,087] {dagbag.py:508} INFO - Filling up the DagBag from /home/ubuntu/.local/lib/python3.8/site-packages/airflow/example_dags/tutorial_etl_dag.py
[2022-09-05 11:25:22,094] {processor.py:651} INFO - DAG(s) dict_keys(['tutorial_etl_dag']) retrieved from /home/ubuntu/.local/lib/python3.8/site-packages/airflow/example_dags/tutorial_etl_dag.py
[2022-09-05 11:25:22,112] {logging_mixin.py:115} INFO - [2022-09-05 11:25:22,112] {dag.py:2420} INFO - Sync 1 DAGs
[2022-09-05 11:25:22,127] {logging_mixin.py:115} INFO - [2022-09-05 11:25:22,127] {dag.py:2968} INFO - Setting next_dagrun for tutorial_etl_dag to None, run_after=None
[2022-09-05 11:25:22,145] {processor.py:161} INFO - Processing /home/ubuntu/.local/lib/python3.8/site-packages/airflow/example_dags/tutorial_etl_dag.py took 0.063 seconds
[2022-09-05 11:25:56,854] {processor.py:153} INFO - Started process (PID=26298) to work on /home/ubuntu/.local/lib/python3.8/site-packages/airflow/example_dags/tutorial_etl_dag.py
[2022-09-05 11:25:56,856] {processor.py:641} INFO - Processing file /home/ubuntu/.local/lib/python3.8/site-packages/airflow/example_dags/tutorial_etl_dag.py for tasks to queue
[2022-09-05 11:25:56,856] {logging_mixin.py:115} INFO - [2022-09-05 11:25:56,856] {dagbag.py:508} INFO - Filling up the DagBag from /home/ubuntu/.local/lib/python3.8/site-packages/airflow/example_dags/tutorial_etl_dag.py
[2022-09-05 11:25:56,864] {processor.py:651} INFO - DAG(s) dict_keys(['tutorial_etl_dag']) retrieved from /home/ubuntu/.local/lib/python3.8/site-packages/airflow/example_dags/tutorial_etl_dag.py
[2022-09-05 11:25:56,882] {logging_mixin.py:115} INFO - [2022-09-05 11:25:56,882] {dag.py:2420} INFO - Sync 1 DAGs
[2022-09-05 11:25:56,897] {logging_mixin.py:115} INFO - [2022-09-05 11:25:56,897] {dag.py:2968} INFO - Setting next_dagrun for tutorial_etl_dag to None, run_after=None
[2022-09-05 11:25:56,915] {processor.py:161} INFO - Processing /home/ubuntu/.local/lib/python3.8/site-packages/airflow/example_dags/tutorial_etl_dag.py took 0.064 seconds
[2022-09-05 11:26:28,502] {processor.py:153} INFO - Started process (PID=26342) to work on /home/ubuntu/.local/lib/python3.8/site-packages/airflow/example_dags/tutorial_etl_dag.py
[2022-09-05 11:26:28,504] {processor.py:641} INFO - Processing file /home/ubuntu/.local/lib/python3.8/site-packages/airflow/example_dags/tutorial_etl_dag.py for tasks to queue
[2022-09-05 11:26:28,505] {logging_mixin.py:115} INFO - [2022-09-05 11:26:28,504] {dagbag.py:508} INFO - Filling up the DagBag from /home/ubuntu/.local/lib/python3.8/site-packages/airflow/example_dags/tutorial_etl_dag.py
[2022-09-05 11:26:28,512] {processor.py:651} INFO - DAG(s) dict_keys(['tutorial_etl_dag']) retrieved from /home/ubuntu/.local/lib/python3.8/site-packages/airflow/example_dags/tutorial_etl_dag.py
[2022-09-05 11:26:28,530] {logging_mixin.py:115} INFO - [2022-09-05 11:26:28,530] {dag.py:2420} INFO - Sync 1 DAGs
[2022-09-05 11:26:28,545] {logging_mixin.py:115} INFO - [2022-09-05 11:26:28,545] {dag.py:2968} INFO - Setting next_dagrun for tutorial_etl_dag to None, run_after=None
[2022-09-05 11:26:28,559] {processor.py:161} INFO - Processing /home/ubuntu/.local/lib/python3.8/site-packages/airflow/example_dags/tutorial_etl_dag.py took 0.061 seconds
[2022-09-05 11:27:01,230] {processor.py:153} INFO - Started process (PID=26384) to work on /home/ubuntu/.local/lib/python3.8/site-packages/airflow/example_dags/tutorial_etl_dag.py
[2022-09-05 11:27:01,231] {processor.py:641} INFO - Processing file /home/ubuntu/.local/lib/python3.8/site-packages/airflow/example_dags/tutorial_etl_dag.py for tasks to queue
[2022-09-05 11:27:01,232] {logging_mixin.py:115} INFO - [2022-09-05 11:27:01,232] {dagbag.py:508} INFO - Filling up the DagBag from /home/ubuntu/.local/lib/python3.8/site-packages/airflow/example_dags/tutorial_etl_dag.py
[2022-09-05 11:27:01,240] {processor.py:651} INFO - DAG(s) dict_keys(['tutorial_etl_dag']) retrieved from /home/ubuntu/.local/lib/python3.8/site-packages/airflow/example_dags/tutorial_etl_dag.py
[2022-09-05 11:27:01,258] {logging_mixin.py:115} INFO - [2022-09-05 11:27:01,258] {dag.py:2420} INFO - Sync 1 DAGs
[2022-09-05 11:27:01,274] {logging_mixin.py:115} INFO - [2022-09-05 11:27:01,274] {dag.py:2968} INFO - Setting next_dagrun for tutorial_etl_dag to None, run_after=None
[2022-09-05 11:27:01,292] {processor.py:161} INFO - Processing /home/ubuntu/.local/lib/python3.8/site-packages/airflow/example_dags/tutorial_etl_dag.py took 0.065 seconds
[2022-09-05 11:27:36,103] {processor.py:153} INFO - Started process (PID=26428) to work on /home/ubuntu/.local/lib/python3.8/site-packages/airflow/example_dags/tutorial_etl_dag.py
[2022-09-05 11:27:36,105] {processor.py:641} INFO - Processing file /home/ubuntu/.local/lib/python3.8/site-packages/airflow/example_dags/tutorial_etl_dag.py for tasks to queue
[2022-09-05 11:27:36,105] {logging_mixin.py:115} INFO - [2022-09-05 11:27:36,105] {dagbag.py:508} INFO - Filling up the DagBag from /home/ubuntu/.local/lib/python3.8/site-packages/airflow/example_dags/tutorial_etl_dag.py
[2022-09-05 11:27:36,113] {processor.py:651} INFO - DAG(s) dict_keys(['tutorial_etl_dag']) retrieved from /home/ubuntu/.local/lib/python3.8/site-packages/airflow/example_dags/tutorial_etl_dag.py
[2022-09-05 11:27:36,130] {logging_mixin.py:115} INFO - [2022-09-05 11:27:36,130] {dag.py:2420} INFO - Sync 1 DAGs
[2022-09-05 11:27:36,145] {logging_mixin.py:115} INFO - [2022-09-05 11:27:36,145] {dag.py:2968} INFO - Setting next_dagrun for tutorial_etl_dag to None, run_after=None
[2022-09-05 11:27:36,160] {processor.py:161} INFO - Processing /home/ubuntu/.local/lib/python3.8/site-packages/airflow/example_dags/tutorial_etl_dag.py took 0.060 seconds
[2022-09-05 11:28:10,516] {processor.py:153} INFO - Started process (PID=26641) to work on /home/ubuntu/.local/lib/python3.8/site-packages/airflow/example_dags/tutorial_etl_dag.py
[2022-09-05 11:28:10,517] {processor.py:641} INFO - Processing file /home/ubuntu/.local/lib/python3.8/site-packages/airflow/example_dags/tutorial_etl_dag.py for tasks to queue
[2022-09-05 11:28:10,517] {logging_mixin.py:115} INFO - [2022-09-05 11:28:10,517] {dagbag.py:508} INFO - Filling up the DagBag from /home/ubuntu/.local/lib/python3.8/site-packages/airflow/example_dags/tutorial_etl_dag.py
[2022-09-05 11:28:10,525] {processor.py:651} INFO - DAG(s) dict_keys(['tutorial_etl_dag']) retrieved from /home/ubuntu/.local/lib/python3.8/site-packages/airflow/example_dags/tutorial_etl_dag.py
[2022-09-05 11:28:10,543] {logging_mixin.py:115} INFO - [2022-09-05 11:28:10,543] {dag.py:2420} INFO - Sync 1 DAGs
[2022-09-05 11:28:10,558] {logging_mixin.py:115} INFO - [2022-09-05 11:28:10,558] {dag.py:2968} INFO - Setting next_dagrun for tutorial_etl_dag to None, run_after=None
[2022-09-05 11:28:10,574] {processor.py:161} INFO - Processing /home/ubuntu/.local/lib/python3.8/site-packages/airflow/example_dags/tutorial_etl_dag.py took 0.062 seconds
[2022-09-05 11:28:44,576] {processor.py:153} INFO - Started process (PID=27009) to work on /home/ubuntu/.local/lib/python3.8/site-packages/airflow/example_dags/tutorial_etl_dag.py
[2022-09-05 11:28:44,577] {processor.py:641} INFO - Processing file /home/ubuntu/.local/lib/python3.8/site-packages/airflow/example_dags/tutorial_etl_dag.py for tasks to queue
[2022-09-05 11:28:44,578] {logging_mixin.py:115} INFO - [2022-09-05 11:28:44,578] {dagbag.py:508} INFO - Filling up the DagBag from /home/ubuntu/.local/lib/python3.8/site-packages/airflow/example_dags/tutorial_etl_dag.py
[2022-09-05 11:28:44,586] {processor.py:651} INFO - DAG(s) dict_keys(['tutorial_etl_dag']) retrieved from /home/ubuntu/.local/lib/python3.8/site-packages/airflow/example_dags/tutorial_etl_dag.py
[2022-09-05 11:28:44,605] {logging_mixin.py:115} INFO - [2022-09-05 11:28:44,605] {dag.py:2420} INFO - Sync 1 DAGs
[2022-09-05 11:28:44,622] {logging_mixin.py:115} INFO - [2022-09-05 11:28:44,622] {dag.py:2968} INFO - Setting next_dagrun for tutorial_etl_dag to None, run_after=None
[2022-09-05 11:28:44,637] {processor.py:161} INFO - Processing /home/ubuntu/.local/lib/python3.8/site-packages/airflow/example_dags/tutorial_etl_dag.py took 0.064 seconds
[2022-09-05 11:29:15,955] {processor.py:153} INFO - Started process (PID=27051) to work on /home/ubuntu/.local/lib/python3.8/site-packages/airflow/example_dags/tutorial_etl_dag.py
[2022-09-05 11:29:15,957] {processor.py:641} INFO - Processing file /home/ubuntu/.local/lib/python3.8/site-packages/airflow/example_dags/tutorial_etl_dag.py for tasks to queue
[2022-09-05 11:29:15,958] {logging_mixin.py:115} INFO - [2022-09-05 11:29:15,957] {dagbag.py:508} INFO - Filling up the DagBag from /home/ubuntu/.local/lib/python3.8/site-packages/airflow/example_dags/tutorial_etl_dag.py
[2022-09-05 11:29:15,966] {processor.py:651} INFO - DAG(s) dict_keys(['tutorial_etl_dag']) retrieved from /home/ubuntu/.local/lib/python3.8/site-packages/airflow/example_dags/tutorial_etl_dag.py
[2022-09-05 11:29:15,984] {logging_mixin.py:115} INFO - [2022-09-05 11:29:15,984] {dag.py:2420} INFO - Sync 1 DAGs
[2022-09-05 11:29:16,000] {logging_mixin.py:115} INFO - [2022-09-05 11:29:16,000] {dag.py:2968} INFO - Setting next_dagrun for tutorial_etl_dag to None, run_after=None
[2022-09-05 11:29:16,015] {processor.py:161} INFO - Processing /home/ubuntu/.local/lib/python3.8/site-packages/airflow/example_dags/tutorial_etl_dag.py took 0.063 seconds
[2022-09-05 11:29:51,922] {processor.py:153} INFO - Started process (PID=27213) to work on /home/ubuntu/.local/lib/python3.8/site-packages/airflow/example_dags/tutorial_etl_dag.py
[2022-09-05 11:29:51,924] {processor.py:641} INFO - Processing file /home/ubuntu/.local/lib/python3.8/site-packages/airflow/example_dags/tutorial_etl_dag.py for tasks to queue
[2022-09-05 11:29:51,924] {logging_mixin.py:115} INFO - [2022-09-05 11:29:51,924] {dagbag.py:508} INFO - Filling up the DagBag from /home/ubuntu/.local/lib/python3.8/site-packages/airflow/example_dags/tutorial_etl_dag.py
[2022-09-05 11:29:51,932] {processor.py:651} INFO - DAG(s) dict_keys(['tutorial_etl_dag']) retrieved from /home/ubuntu/.local/lib/python3.8/site-packages/airflow/example_dags/tutorial_etl_dag.py
[2022-09-05 11:29:51,951] {logging_mixin.py:115} INFO - [2022-09-05 11:29:51,951] {dag.py:2420} INFO - Sync 1 DAGs
[2022-09-05 11:29:51,966] {logging_mixin.py:115} INFO - [2022-09-05 11:29:51,966] {dag.py:2968} INFO - Setting next_dagrun for tutorial_etl_dag to None, run_after=None
[2022-09-05 11:29:51,985] {processor.py:161} INFO - Processing /home/ubuntu/.local/lib/python3.8/site-packages/airflow/example_dags/tutorial_etl_dag.py took 0.067 seconds
[2022-09-05 11:32:00,015] {processor.py:153} INFO - Started process (PID=28904) to work on /home/ubuntu/.local/lib/python3.8/site-packages/airflow/example_dags/tutorial_etl_dag.py
[2022-09-05 11:32:00,018] {processor.py:641} INFO - Processing file /home/ubuntu/.local/lib/python3.8/site-packages/airflow/example_dags/tutorial_etl_dag.py for tasks to queue
[2022-09-05 11:32:00,018] {logging_mixin.py:115} INFO - [2022-09-05 11:32:00,018] {dagbag.py:508} INFO - Filling up the DagBag from /home/ubuntu/.local/lib/python3.8/site-packages/airflow/example_dags/tutorial_etl_dag.py
[2022-09-05 11:32:00,026] {processor.py:651} INFO - DAG(s) dict_keys(['tutorial_etl_dag']) retrieved from /home/ubuntu/.local/lib/python3.8/site-packages/airflow/example_dags/tutorial_etl_dag.py
[2022-09-05 11:32:00,044] {logging_mixin.py:115} INFO - [2022-09-05 11:32:00,044] {dag.py:2420} INFO - Sync 1 DAGs
[2022-09-05 11:32:00,060] {logging_mixin.py:115} INFO - [2022-09-05 11:32:00,060] {dag.py:2968} INFO - Setting next_dagrun for tutorial_etl_dag to None, run_after=None
[2022-09-05 11:32:00,080] {processor.py:161} INFO - Processing /home/ubuntu/.local/lib/python3.8/site-packages/airflow/example_dags/tutorial_etl_dag.py took 0.068 seconds
[2022-09-05 11:32:32,108] {processor.py:153} INFO - Started process (PID=29002) to work on /home/ubuntu/.local/lib/python3.8/site-packages/airflow/example_dags/tutorial_etl_dag.py
[2022-09-05 11:32:32,108] {processor.py:641} INFO - Processing file /home/ubuntu/.local/lib/python3.8/site-packages/airflow/example_dags/tutorial_etl_dag.py for tasks to queue
[2022-09-05 11:32:32,109] {logging_mixin.py:115} INFO - [2022-09-05 11:32:32,109] {dagbag.py:508} INFO - Filling up the DagBag from /home/ubuntu/.local/lib/python3.8/site-packages/airflow/example_dags/tutorial_etl_dag.py
[2022-09-05 11:32:32,116] {processor.py:651} INFO - DAG(s) dict_keys(['tutorial_etl_dag']) retrieved from /home/ubuntu/.local/lib/python3.8/site-packages/airflow/example_dags/tutorial_etl_dag.py
[2022-09-05 11:32:32,135] {logging_mixin.py:115} INFO - [2022-09-05 11:32:32,135] {dag.py:2420} INFO - Sync 1 DAGs
[2022-09-05 11:32:32,150] {logging_mixin.py:115} INFO - [2022-09-05 11:32:32,150] {dag.py:2968} INFO - Setting next_dagrun for tutorial_etl_dag to None, run_after=None
[2022-09-05 11:32:32,169] {processor.py:161} INFO - Processing /home/ubuntu/.local/lib/python3.8/site-packages/airflow/example_dags/tutorial_etl_dag.py took 0.065 seconds
[2022-09-05 11:33:08,600] {processor.py:153} INFO - Started process (PID=29334) to work on /home/ubuntu/.local/lib/python3.8/site-packages/airflow/example_dags/tutorial_etl_dag.py
[2022-09-05 11:33:08,602] {processor.py:641} INFO - Processing file /home/ubuntu/.local/lib/python3.8/site-packages/airflow/example_dags/tutorial_etl_dag.py for tasks to queue
[2022-09-05 11:33:08,602] {logging_mixin.py:115} INFO - [2022-09-05 11:33:08,602] {dagbag.py:508} INFO - Filling up the DagBag from /home/ubuntu/.local/lib/python3.8/site-packages/airflow/example_dags/tutorial_etl_dag.py
[2022-09-05 11:33:08,609] {processor.py:651} INFO - DAG(s) dict_keys(['tutorial_etl_dag']) retrieved from /home/ubuntu/.local/lib/python3.8/site-packages/airflow/example_dags/tutorial_etl_dag.py
[2022-09-05 11:33:08,627] {logging_mixin.py:115} INFO - [2022-09-05 11:33:08,627] {dag.py:2420} INFO - Sync 1 DAGs
[2022-09-05 11:33:08,642] {logging_mixin.py:115} INFO - [2022-09-05 11:33:08,642] {dag.py:2968} INFO - Setting next_dagrun for tutorial_etl_dag to None, run_after=None
[2022-09-05 11:33:08,657] {processor.py:161} INFO - Processing /home/ubuntu/.local/lib/python3.8/site-packages/airflow/example_dags/tutorial_etl_dag.py took 0.060 seconds
[2022-09-05 11:33:53,688] {processor.py:153} INFO - Started process (PID=29580) to work on /home/ubuntu/.local/lib/python3.8/site-packages/airflow/example_dags/tutorial_etl_dag.py
[2022-09-05 11:33:53,689] {processor.py:641} INFO - Processing file /home/ubuntu/.local/lib/python3.8/site-packages/airflow/example_dags/tutorial_etl_dag.py for tasks to queue
[2022-09-05 11:33:53,689] {logging_mixin.py:115} INFO - [2022-09-05 11:33:53,689] {dagbag.py:508} INFO - Filling up the DagBag from /home/ubuntu/.local/lib/python3.8/site-packages/airflow/example_dags/tutorial_etl_dag.py
[2022-09-05 11:33:53,697] {processor.py:651} INFO - DAG(s) dict_keys(['tutorial_etl_dag']) retrieved from /home/ubuntu/.local/lib/python3.8/site-packages/airflow/example_dags/tutorial_etl_dag.py
[2022-09-05 11:33:53,713] {logging_mixin.py:115} INFO - [2022-09-05 11:33:53,713] {dag.py:2420} INFO - Sync 1 DAGs
[2022-09-05 11:33:53,732] {logging_mixin.py:115} INFO - [2022-09-05 11:33:53,732] {dag.py:2968} INFO - Setting next_dagrun for tutorial_etl_dag to None, run_after=None
[2022-09-05 11:33:53,748] {processor.py:161} INFO - Processing /home/ubuntu/.local/lib/python3.8/site-packages/airflow/example_dags/tutorial_etl_dag.py took 0.064 seconds
[2022-09-05 11:34:28,028] {processor.py:153} INFO - Started process (PID=29691) to work on /home/ubuntu/.local/lib/python3.8/site-packages/airflow/example_dags/tutorial_etl_dag.py
[2022-09-05 11:34:28,031] {processor.py:641} INFO - Processing file /home/ubuntu/.local/lib/python3.8/site-packages/airflow/example_dags/tutorial_etl_dag.py for tasks to queue
[2022-09-05 11:34:28,031] {logging_mixin.py:115} INFO - [2022-09-05 11:34:28,031] {dagbag.py:508} INFO - Filling up the DagBag from /home/ubuntu/.local/lib/python3.8/site-packages/airflow/example_dags/tutorial_etl_dag.py
[2022-09-05 11:34:28,038] {processor.py:651} INFO - DAG(s) dict_keys(['tutorial_etl_dag']) retrieved from /home/ubuntu/.local/lib/python3.8/site-packages/airflow/example_dags/tutorial_etl_dag.py
[2022-09-05 11:34:28,053] {logging_mixin.py:115} INFO - [2022-09-05 11:34:28,052] {dag.py:2420} INFO - Sync 1 DAGs
[2022-09-05 11:34:28,071] {logging_mixin.py:115} INFO - [2022-09-05 11:34:28,070] {dag.py:2968} INFO - Setting next_dagrun for tutorial_etl_dag to None, run_after=None
[2022-09-05 11:34:28,086] {processor.py:161} INFO - Processing /home/ubuntu/.local/lib/python3.8/site-packages/airflow/example_dags/tutorial_etl_dag.py took 0.061 seconds
[2022-09-05 11:35:01,304] {processor.py:153} INFO - Started process (PID=29768) to work on /home/ubuntu/.local/lib/python3.8/site-packages/airflow/example_dags/tutorial_etl_dag.py
[2022-09-05 11:35:01,305] {processor.py:641} INFO - Processing file /home/ubuntu/.local/lib/python3.8/site-packages/airflow/example_dags/tutorial_etl_dag.py for tasks to queue
[2022-09-05 11:35:01,306] {logging_mixin.py:115} INFO - [2022-09-05 11:35:01,306] {dagbag.py:508} INFO - Filling up the DagBag from /home/ubuntu/.local/lib/python3.8/site-packages/airflow/example_dags/tutorial_etl_dag.py
[2022-09-05 11:35:01,313] {processor.py:651} INFO - DAG(s) dict_keys(['tutorial_etl_dag']) retrieved from /home/ubuntu/.local/lib/python3.8/site-packages/airflow/example_dags/tutorial_etl_dag.py
[2022-09-05 11:35:01,329] {logging_mixin.py:115} INFO - [2022-09-05 11:35:01,329] {dag.py:2420} INFO - Sync 1 DAGs
[2022-09-05 11:35:01,348] {logging_mixin.py:115} INFO - [2022-09-05 11:35:01,348] {dag.py:2968} INFO - Setting next_dagrun for tutorial_etl_dag to None, run_after=None
[2022-09-05 11:35:01,387] {processor.py:161} INFO - Processing /home/ubuntu/.local/lib/python3.8/site-packages/airflow/example_dags/tutorial_etl_dag.py took 0.086 seconds
[2022-09-05 11:35:37,383] {processor.py:153} INFO - Started process (PID=29861) to work on /home/ubuntu/.local/lib/python3.8/site-packages/airflow/example_dags/tutorial_etl_dag.py
[2022-09-05 11:35:37,384] {processor.py:641} INFO - Processing file /home/ubuntu/.local/lib/python3.8/site-packages/airflow/example_dags/tutorial_etl_dag.py for tasks to queue
[2022-09-05 11:35:37,385] {logging_mixin.py:115} INFO - [2022-09-05 11:35:37,385] {dagbag.py:508} INFO - Filling up the DagBag from /home/ubuntu/.local/lib/python3.8/site-packages/airflow/example_dags/tutorial_etl_dag.py
[2022-09-05 11:35:37,392] {processor.py:651} INFO - DAG(s) dict_keys(['tutorial_etl_dag']) retrieved from /home/ubuntu/.local/lib/python3.8/site-packages/airflow/example_dags/tutorial_etl_dag.py
[2022-09-05 11:35:37,408] {logging_mixin.py:115} INFO - [2022-09-05 11:35:37,408] {dag.py:2420} INFO - Sync 1 DAGs
[2022-09-05 11:35:37,426] {logging_mixin.py:115} INFO - [2022-09-05 11:35:37,426] {dag.py:2968} INFO - Setting next_dagrun for tutorial_etl_dag to None, run_after=None
[2022-09-05 11:35:37,442] {processor.py:161} INFO - Processing /home/ubuntu/.local/lib/python3.8/site-packages/airflow/example_dags/tutorial_etl_dag.py took 0.062 seconds
[2022-09-05 11:36:11,831] {processor.py:153} INFO - Started process (PID=29939) to work on /home/ubuntu/.local/lib/python3.8/site-packages/airflow/example_dags/tutorial_etl_dag.py
[2022-09-05 11:36:11,832] {processor.py:641} INFO - Processing file /home/ubuntu/.local/lib/python3.8/site-packages/airflow/example_dags/tutorial_etl_dag.py for tasks to queue
[2022-09-05 11:36:11,832] {logging_mixin.py:115} INFO - [2022-09-05 11:36:11,832] {dagbag.py:508} INFO - Filling up the DagBag from /home/ubuntu/.local/lib/python3.8/site-packages/airflow/example_dags/tutorial_etl_dag.py
[2022-09-05 11:36:11,840] {processor.py:651} INFO - DAG(s) dict_keys(['tutorial_etl_dag']) retrieved from /home/ubuntu/.local/lib/python3.8/site-packages/airflow/example_dags/tutorial_etl_dag.py
[2022-09-05 11:36:11,856] {logging_mixin.py:115} INFO - [2022-09-05 11:36:11,856] {dag.py:2420} INFO - Sync 1 DAGs
[2022-09-05 11:36:11,876] {logging_mixin.py:115} INFO - [2022-09-05 11:36:11,876] {dag.py:2968} INFO - Setting next_dagrun for tutorial_etl_dag to None, run_after=None
[2022-09-05 11:36:11,891] {processor.py:161} INFO - Processing /home/ubuntu/.local/lib/python3.8/site-packages/airflow/example_dags/tutorial_etl_dag.py took 0.064 seconds
[2022-09-05 11:36:46,434] {processor.py:153} INFO - Started process (PID=30024) to work on /home/ubuntu/.local/lib/python3.8/site-packages/airflow/example_dags/tutorial_etl_dag.py
[2022-09-05 11:36:46,435] {processor.py:641} INFO - Processing file /home/ubuntu/.local/lib/python3.8/site-packages/airflow/example_dags/tutorial_etl_dag.py for tasks to queue
[2022-09-05 11:36:46,435] {logging_mixin.py:115} INFO - [2022-09-05 11:36:46,435] {dagbag.py:508} INFO - Filling up the DagBag from /home/ubuntu/.local/lib/python3.8/site-packages/airflow/example_dags/tutorial_etl_dag.py
[2022-09-05 11:36:46,442] {processor.py:651} INFO - DAG(s) dict_keys(['tutorial_etl_dag']) retrieved from /home/ubuntu/.local/lib/python3.8/site-packages/airflow/example_dags/tutorial_etl_dag.py
[2022-09-05 11:36:46,458] {logging_mixin.py:115} INFO - [2022-09-05 11:36:46,458] {dag.py:2420} INFO - Sync 1 DAGs
[2022-09-05 11:36:46,476] {logging_mixin.py:115} INFO - [2022-09-05 11:36:46,476] {dag.py:2968} INFO - Setting next_dagrun for tutorial_etl_dag to None, run_after=None
[2022-09-05 11:36:46,491] {processor.py:161} INFO - Processing /home/ubuntu/.local/lib/python3.8/site-packages/airflow/example_dags/tutorial_etl_dag.py took 0.061 seconds
[2022-09-05 11:37:19,695] {processor.py:153} INFO - Started process (PID=30108) to work on /home/ubuntu/.local/lib/python3.8/site-packages/airflow/example_dags/tutorial_etl_dag.py
[2022-09-05 11:37:19,696] {processor.py:641} INFO - Processing file /home/ubuntu/.local/lib/python3.8/site-packages/airflow/example_dags/tutorial_etl_dag.py for tasks to queue
[2022-09-05 11:37:19,696] {logging_mixin.py:115} INFO - [2022-09-05 11:37:19,696] {dagbag.py:508} INFO - Filling up the DagBag from /home/ubuntu/.local/lib/python3.8/site-packages/airflow/example_dags/tutorial_etl_dag.py
[2022-09-05 11:37:19,703] {processor.py:651} INFO - DAG(s) dict_keys(['tutorial_etl_dag']) retrieved from /home/ubuntu/.local/lib/python3.8/site-packages/airflow/example_dags/tutorial_etl_dag.py
[2022-09-05 11:37:19,719] {logging_mixin.py:115} INFO - [2022-09-05 11:37:19,719] {dag.py:2420} INFO - Sync 1 DAGs
[2022-09-05 11:37:19,737] {logging_mixin.py:115} INFO - [2022-09-05 11:37:19,737] {dag.py:2968} INFO - Setting next_dagrun for tutorial_etl_dag to None, run_after=None
[2022-09-05 11:37:19,757] {processor.py:161} INFO - Processing /home/ubuntu/.local/lib/python3.8/site-packages/airflow/example_dags/tutorial_etl_dag.py took 0.065 seconds
[2022-09-05 11:37:55,844] {processor.py:153} INFO - Started process (PID=30199) to work on /home/ubuntu/.local/lib/python3.8/site-packages/airflow/example_dags/tutorial_etl_dag.py
[2022-09-05 11:37:55,847] {processor.py:641} INFO - Processing file /home/ubuntu/.local/lib/python3.8/site-packages/airflow/example_dags/tutorial_etl_dag.py for tasks to queue
[2022-09-05 11:37:55,847] {logging_mixin.py:115} INFO - [2022-09-05 11:37:55,847] {dagbag.py:508} INFO - Filling up the DagBag from /home/ubuntu/.local/lib/python3.8/site-packages/airflow/example_dags/tutorial_etl_dag.py
[2022-09-05 11:37:55,855] {processor.py:651} INFO - DAG(s) dict_keys(['tutorial_etl_dag']) retrieved from /home/ubuntu/.local/lib/python3.8/site-packages/airflow/example_dags/tutorial_etl_dag.py
[2022-09-05 11:37:55,870] {logging_mixin.py:115} INFO - [2022-09-05 11:37:55,870] {dag.py:2420} INFO - Sync 1 DAGs
[2022-09-05 11:37:55,888] {logging_mixin.py:115} INFO - [2022-09-05 11:37:55,888] {dag.py:2968} INFO - Setting next_dagrun for tutorial_etl_dag to None, run_after=None
[2022-09-05 11:37:55,905] {processor.py:161} INFO - Processing /home/ubuntu/.local/lib/python3.8/site-packages/airflow/example_dags/tutorial_etl_dag.py took 0.065 seconds
[2022-09-05 11:38:28,897] {processor.py:153} INFO - Started process (PID=30294) to work on /home/ubuntu/.local/lib/python3.8/site-packages/airflow/example_dags/tutorial_etl_dag.py
[2022-09-05 11:38:28,898] {processor.py:641} INFO - Processing file /home/ubuntu/.local/lib/python3.8/site-packages/airflow/example_dags/tutorial_etl_dag.py for tasks to queue
[2022-09-05 11:38:28,898] {logging_mixin.py:115} INFO - [2022-09-05 11:38:28,898] {dagbag.py:508} INFO - Filling up the DagBag from /home/ubuntu/.local/lib/python3.8/site-packages/airflow/example_dags/tutorial_etl_dag.py
[2022-09-05 11:38:28,906] {processor.py:651} INFO - DAG(s) dict_keys(['tutorial_etl_dag']) retrieved from /home/ubuntu/.local/lib/python3.8/site-packages/airflow/example_dags/tutorial_etl_dag.py
[2022-09-05 11:38:28,921] {logging_mixin.py:115} INFO - [2022-09-05 11:38:28,921] {dag.py:2420} INFO - Sync 1 DAGs
[2022-09-05 11:38:28,939] {logging_mixin.py:115} INFO - [2022-09-05 11:38:28,938] {dag.py:2968} INFO - Setting next_dagrun for tutorial_etl_dag to None, run_after=None
[2022-09-05 11:38:28,952] {processor.py:161} INFO - Processing /home/ubuntu/.local/lib/python3.8/site-packages/airflow/example_dags/tutorial_etl_dag.py took 0.059 seconds
[2022-09-05 11:39:03,147] {processor.py:153} INFO - Started process (PID=30448) to work on /home/ubuntu/.local/lib/python3.8/site-packages/airflow/example_dags/tutorial_etl_dag.py
[2022-09-05 11:39:03,148] {processor.py:641} INFO - Processing file /home/ubuntu/.local/lib/python3.8/site-packages/airflow/example_dags/tutorial_etl_dag.py for tasks to queue
[2022-09-05 11:39:03,149] {logging_mixin.py:115} INFO - [2022-09-05 11:39:03,149] {dagbag.py:508} INFO - Filling up the DagBag from /home/ubuntu/.local/lib/python3.8/site-packages/airflow/example_dags/tutorial_etl_dag.py
[2022-09-05 11:39:03,156] {processor.py:651} INFO - DAG(s) dict_keys(['tutorial_etl_dag']) retrieved from /home/ubuntu/.local/lib/python3.8/site-packages/airflow/example_dags/tutorial_etl_dag.py
[2022-09-05 11:39:03,175] {logging_mixin.py:115} INFO - [2022-09-05 11:39:03,175] {dag.py:2420} INFO - Sync 1 DAGs
[2022-09-05 11:39:03,190] {logging_mixin.py:115} INFO - [2022-09-05 11:39:03,190] {dag.py:2968} INFO - Setting next_dagrun for tutorial_etl_dag to None, run_after=None
[2022-09-05 11:39:03,209] {processor.py:161} INFO - Processing /home/ubuntu/.local/lib/python3.8/site-packages/airflow/example_dags/tutorial_etl_dag.py took 0.065 seconds
[2022-09-05 11:39:37,969] {processor.py:153} INFO - Started process (PID=30542) to work on /home/ubuntu/.local/lib/python3.8/site-packages/airflow/example_dags/tutorial_etl_dag.py
[2022-09-05 11:39:37,971] {processor.py:641} INFO - Processing file /home/ubuntu/.local/lib/python3.8/site-packages/airflow/example_dags/tutorial_etl_dag.py for tasks to queue
[2022-09-05 11:39:37,971] {logging_mixin.py:115} INFO - [2022-09-05 11:39:37,971] {dagbag.py:508} INFO - Filling up the DagBag from /home/ubuntu/.local/lib/python3.8/site-packages/airflow/example_dags/tutorial_etl_dag.py
[2022-09-05 11:39:37,978] {processor.py:651} INFO - DAG(s) dict_keys(['tutorial_etl_dag']) retrieved from /home/ubuntu/.local/lib/python3.8/site-packages/airflow/example_dags/tutorial_etl_dag.py
[2022-09-05 11:39:37,997] {logging_mixin.py:115} INFO - [2022-09-05 11:39:37,997] {dag.py:2420} INFO - Sync 1 DAGs
[2022-09-05 11:39:38,013] {logging_mixin.py:115} INFO - [2022-09-05 11:39:38,013] {dag.py:2968} INFO - Setting next_dagrun for tutorial_etl_dag to None, run_after=None
[2022-09-05 11:39:38,030] {processor.py:161} INFO - Processing /home/ubuntu/.local/lib/python3.8/site-packages/airflow/example_dags/tutorial_etl_dag.py took 0.064 seconds
[2022-09-05 16:30:03,343] {processor.py:153} INFO - Started process (PID=55180) to work on /home/ubuntu/.local/lib/python3.8/site-packages/airflow/example_dags/tutorial_etl_dag.py
[2022-09-05 16:30:03,345] {processor.py:641} INFO - Processing file /home/ubuntu/.local/lib/python3.8/site-packages/airflow/example_dags/tutorial_etl_dag.py for tasks to queue
[2022-09-05 16:30:03,345] {logging_mixin.py:115} INFO - [2022-09-05 16:30:03,345] {dagbag.py:508} INFO - Filling up the DagBag from /home/ubuntu/.local/lib/python3.8/site-packages/airflow/example_dags/tutorial_etl_dag.py
[2022-09-05 16:30:03,353] {processor.py:651} INFO - DAG(s) dict_keys(['tutorial_etl_dag']) retrieved from /home/ubuntu/.local/lib/python3.8/site-packages/airflow/example_dags/tutorial_etl_dag.py
[2022-09-05 16:30:03,368] {logging_mixin.py:115} INFO - [2022-09-05 16:30:03,368] {dag.py:2420} INFO - Sync 1 DAGs
[2022-09-05 16:30:03,382] {logging_mixin.py:115} INFO - [2022-09-05 16:30:03,382] {dag.py:2968} INFO - Setting next_dagrun for tutorial_etl_dag to None, run_after=None
[2022-09-05 16:30:03,397] {processor.py:161} INFO - Processing /home/ubuntu/.local/lib/python3.8/site-packages/airflow/example_dags/tutorial_etl_dag.py took 0.058 seconds
