[2022-09-15 15:54:02,167] {taskinstance.py:1179} INFO - Dependencies all met for <TaskInstance: preprocessing_data.generate_data scheduled__2022-09-15T15:43:27.007011+00:00 [queued]>
[2022-09-15 15:54:02,171] {taskinstance.py:1179} INFO - Dependencies all met for <TaskInstance: preprocessing_data.generate_data scheduled__2022-09-15T15:43:27.007011+00:00 [queued]>
[2022-09-15 15:54:02,172] {taskinstance.py:1376} INFO - 
--------------------------------------------------------------------------------
[2022-09-15 15:54:02,172] {taskinstance.py:1377} INFO - Starting attempt 1 of 2
[2022-09-15 15:54:02,172] {taskinstance.py:1378} INFO - 
--------------------------------------------------------------------------------
[2022-09-15 15:54:02,193] {taskinstance.py:1397} INFO - Executing <Task(PythonOperator): generate_data> on 2022-09-15 15:43:27.007011+00:00
[2022-09-15 15:54:02,199] {standard_task_runner.py:52} INFO - Started process 52652 to run task
[2022-09-15 15:54:02,204] {standard_task_runner.py:79} INFO - Running: ['airflow', 'tasks', 'run', 'preprocessing_data', 'generate_data', 'scheduled__2022-09-15T15:43:27.007011+00:00', '--job-id', '272', '--raw', '--subdir', 'DAGS_FOLDER/model_dag.py', '--cfg-path', '/tmp/tmpxtvf5ea8', '--error-file', '/tmp/tmp0i0b3kte']
[2022-09-15 15:54:02,204] {standard_task_runner.py:80} INFO - Job 272: Subtask generate_data
[2022-09-15 15:54:02,253] {task_command.py:371} INFO - Running <TaskInstance: preprocessing_data.generate_data scheduled__2022-09-15T15:43:27.007011+00:00 [running]> on host rc1b-dataproc-m-xzxwmqcudfo0foh0.mdb.yandexcloud.net
[2022-09-15 15:54:02,312] {taskinstance.py:1589} INFO - Exporting the following env vars:
AIRFLOW_CTX_DAG_EMAIL=airflow@example.com
AIRFLOW_CTX_DAG_OWNER=airflow
AIRFLOW_CTX_DAG_ID=preprocessing_data
AIRFLOW_CTX_TASK_ID=generate_data
AIRFLOW_CTX_EXECUTION_DATE=2022-09-15T15:43:27.007011+00:00
AIRFLOW_CTX_TRY_NUMBER=1
AIRFLOW_CTX_DAG_RUN_ID=scheduled__2022-09-15T15:43:27.007011+00:00
[2022-09-15 15:54:02,320] {logging_mixin.py:115} INFO - Time to generate customer profiles table: 0.0069s
[2022-09-15 15:54:02,325] {logging_mixin.py:115} INFO - Time to generate terminal profiles table: 0.0048s
[2022-09-15 15:54:02,514] {logging_mixin.py:115} INFO - Time to associate terminals to customers: 0.19s
[2022-09-15 15:54:20,352] {logging_mixin.py:115} INFO - Time to generate transactions: 1.8e+01s
[2022-09-15 15:54:20,442] {logging_mixin.py:115} INFO - Number of frauds from scenario 1: 201
[2022-09-15 15:54:23,374] {logging_mixin.py:115} INFO - Number of frauds from scenario 2: 18816
[2022-09-15 15:54:27,594] {logging_mixin.py:115} INFO - Number of frauds from scenario 3: 8823
[2022-09-15 15:54:27,594] {client.py:192} INFO - Instantiated <Client(url='http://rc1b-dataproc-m-xzxwmqcudfo0foh0.mdb.yandexcloud.net:9870')>.
[2022-09-15 15:54:27,595] {client.py:305} INFO - Fetching content summary for '/user/airflow/input_files'.
[2022-09-15 15:54:27,777] {client.py:558} INFO - Uploading '/home/ubuntu/fraud-detection-ml/airflow/output_simulation/partition_74.parquet' to '/user/airflow/input_files/partition_74.parquet'.
[2022-09-15 15:54:27,777] {client.py:1123} INFO - Listing '/user/airflow/input_files/partition_74.parquet'.
[2022-09-15 15:54:27,782] {client.py:503} INFO - Writing to '/user/airflow/input_files/partition_74.parquet'.
[2022-09-15 15:54:28,295] {python.py:173} INFO - Done. Returned value was: None
[2022-09-15 15:54:28,300] {taskinstance.py:1415} INFO - Marking task as SUCCESS. dag_id=preprocessing_data, task_id=generate_data, execution_date=20220915T154327, start_date=20220915T155402, end_date=20220915T155428
[2022-09-15 15:54:28,365] {local_task_job.py:156} INFO - Task exited with return code 0
[2022-09-15 15:54:28,387] {local_task_job.py:273} INFO - 1 downstream tasks scheduled from follow-on schedule check
