[2022-08-29 21:26:14,339] {taskinstance.py:1179} INFO - Dependencies all met for <TaskInstance: preprocessing_data.fit_model scheduled__2022-08-29T21:15:05.949685+00:00 [queued]>
[2022-08-29 21:26:14,345] {taskinstance.py:1179} INFO - Dependencies all met for <TaskInstance: preprocessing_data.fit_model scheduled__2022-08-29T21:15:05.949685+00:00 [queued]>
[2022-08-29 21:26:14,345] {taskinstance.py:1376} INFO - 
--------------------------------------------------------------------------------
[2022-08-29 21:26:14,345] {taskinstance.py:1377} INFO - Starting attempt 1 of 2
[2022-08-29 21:26:14,345] {taskinstance.py:1378} INFO - 
--------------------------------------------------------------------------------
[2022-08-29 21:26:14,360] {taskinstance.py:1397} INFO - Executing <Task(PythonOperator): fit_model> on 2022-08-29 21:15:05.949685+00:00
[2022-08-29 21:26:14,365] {standard_task_runner.py:52} INFO - Started process 14345 to run task
[2022-08-29 21:26:14,368] {standard_task_runner.py:79} INFO - Running: ['airflow', 'tasks', 'run', 'preprocessing_data', 'fit_model', 'scheduled__2022-08-29T21:15:05.949685+00:00', '--job-id', '84', '--raw', '--subdir', 'DAGS_FOLDER/model_dag.py', '--cfg-path', '/tmp/tmp3l776qsc', '--error-file', '/tmp/tmpal21ayss']
[2022-08-29 21:26:14,369] {standard_task_runner.py:80} INFO - Job 84: Subtask fit_model
[2022-08-29 21:26:14,418] {task_command.py:371} INFO - Running <TaskInstance: preprocessing_data.fit_model scheduled__2022-08-29T21:15:05.949685+00:00 [running]> on host rc1b-dataproc-m-xzxwmqcudfo0foh0.mdb.yandexcloud.net
[2022-08-29 21:26:14,496] {taskinstance.py:1589} INFO - Exporting the following env vars:
AIRFLOW_CTX_DAG_EMAIL=airflow@example.com
AIRFLOW_CTX_DAG_OWNER=airflow
AIRFLOW_CTX_DAG_ID=preprocessing_data
AIRFLOW_CTX_TASK_ID=fit_model
AIRFLOW_CTX_EXECUTION_DATE=2022-08-29T21:15:05.949685+00:00
AIRFLOW_CTX_TRY_NUMBER=1
AIRFLOW_CTX_DAG_RUN_ID=scheduled__2022-08-29T21:15:05.949685+00:00
[2022-08-29 21:26:14,499] {logging_mixin.py:115} WARNING - 2022/08/29 21:26:14 INFO mlflow.pyspark.ml: No SparkSession detected. Autologging will log pyspark.ml models contained in the default allowlist. To specify a custom allowlist, initialize a SparkSession prior to calling mlflow.pyspark.ml.autolog() and specify the path to your allowlist file via the spark.mlflow.pysparkml.autolog.logModelAllowlistFile conf.
[2022-08-29 21:26:14,501] {train_model.py:38} INFO - GOT INTO TRAIN FUNCTION
[2022-08-29 21:26:40,294] {logging_mixin.py:115} WARNING - 2022/08/29 21:26:40 WARNING mlflow.pyspark.ml: Model inputs contain unsupported Spark data types: [StructField(featuresFinal,VectorUDT,true)]. Model signature is not logged.
[2022-08-29 21:26:57,088] {credentials.py:1094} INFO - Found credentials in environment variables.
[2022-08-29 21:26:57,794] {taskinstance.py:1909} ERROR - Task failed with exception
Traceback (most recent call last):
  File "/home/ubuntu/.local/lib/python3.8/site-packages/airflow/operators/python.py", line 171, in execute
    return_value = self.execute_callable()
  File "/home/ubuntu/.local/lib/python3.8/site-packages/airflow/operators/python.py", line 189, in execute_callable
    return self.python_callable(*self.op_args, **self.op_kwargs)
  File "/home/ubuntu/fraud-detection-ml/utils/train_model.py", line 64, in train_model
    evaluator = BinaryClassificationEvaluator().setLabelCol("TX_FRAUD").setPredictionCol("prediction")
AttributeError: 'BinaryClassificationEvaluator' object has no attribute 'setPredictionCol'
[2022-08-29 21:26:57,800] {taskinstance.py:1415} INFO - Marking task as UP_FOR_RETRY. dag_id=preprocessing_data, task_id=fit_model, execution_date=20220829T211505, start_date=20220829T212614, end_date=20220829T212657
[2022-08-29 21:26:57,815] {standard_task_runner.py:92} ERROR - Failed to execute job 84 for task fit_model ('BinaryClassificationEvaluator' object has no attribute 'setPredictionCol'; 14345)
[2022-08-29 21:26:57,847] {local_task_job.py:156} INFO - Task exited with return code 1
[2022-08-29 21:26:57,858] {local_task_job.py:273} INFO - 0 downstream tasks scheduled from follow-on schedule check
