[2022-09-15 16:16:11,787] {taskinstance.py:1179} INFO - Dependencies all met for <TaskInstance: preprocessing_data.generate_data scheduled__2022-09-15T16:05:32.040538+00:00 [queued]>
[2022-09-15 16:16:11,791] {taskinstance.py:1179} INFO - Dependencies all met for <TaskInstance: preprocessing_data.generate_data scheduled__2022-09-15T16:05:32.040538+00:00 [queued]>
[2022-09-15 16:16:11,791] {taskinstance.py:1376} INFO - 
--------------------------------------------------------------------------------
[2022-09-15 16:16:11,791] {taskinstance.py:1377} INFO - Starting attempt 1 of 2
[2022-09-15 16:16:11,791] {taskinstance.py:1378} INFO - 
--------------------------------------------------------------------------------
[2022-09-15 16:16:11,805] {taskinstance.py:1397} INFO - Executing <Task(PythonOperator): generate_data> on 2022-09-15 16:05:32.040538+00:00
[2022-09-15 16:16:11,809] {standard_task_runner.py:52} INFO - Started process 65134 to run task
[2022-09-15 16:16:11,813] {standard_task_runner.py:79} INFO - Running: ['airflow', 'tasks', 'run', 'preprocessing_data', 'generate_data', 'scheduled__2022-09-15T16:05:32.040538+00:00', '--job-id', '294', '--raw', '--subdir', 'DAGS_FOLDER/model_dag.py', '--cfg-path', '/tmp/tmpdn26hfys', '--error-file', '/tmp/tmpfvqjcbis']
[2022-09-15 16:16:11,813] {standard_task_runner.py:80} INFO - Job 294: Subtask generate_data
[2022-09-15 16:16:11,854] {task_command.py:371} INFO - Running <TaskInstance: preprocessing_data.generate_data scheduled__2022-09-15T16:05:32.040538+00:00 [running]> on host rc1b-dataproc-m-xzxwmqcudfo0foh0.mdb.yandexcloud.net
[2022-09-15 16:16:11,899] {taskinstance.py:1589} INFO - Exporting the following env vars:
AIRFLOW_CTX_DAG_EMAIL=airflow@example.com
AIRFLOW_CTX_DAG_OWNER=airflow
AIRFLOW_CTX_DAG_ID=preprocessing_data
AIRFLOW_CTX_TASK_ID=generate_data
AIRFLOW_CTX_EXECUTION_DATE=2022-09-15T16:05:32.040538+00:00
AIRFLOW_CTX_TRY_NUMBER=1
AIRFLOW_CTX_DAG_RUN_ID=scheduled__2022-09-15T16:05:32.040538+00:00
[2022-09-15 16:16:11,907] {logging_mixin.py:115} INFO - Time to generate customer profiles table: 0.0064s
[2022-09-15 16:16:11,911] {logging_mixin.py:115} INFO - Time to generate terminal profiles table: 0.0046s
[2022-09-15 16:16:12,093] {logging_mixin.py:115} INFO - Time to associate terminals to customers: 0.18s
[2022-09-15 16:16:30,538] {logging_mixin.py:115} INFO - Time to generate transactions: 1.8e+01s
[2022-09-15 16:16:30,709] {logging_mixin.py:115} INFO - Number of frauds from scenario 1: 185
[2022-09-15 16:16:50,258] {logging_mixin.py:115} INFO - Number of frauds from scenario 2: 19310
[2022-09-15 16:17:10,910] {logging_mixin.py:115} INFO - Number of frauds from scenario 3: 9189
[2022-09-15 16:17:10,911] {client.py:192} INFO - Instantiated <Client(url='http://rc1b-dataproc-m-xzxwmqcudfo0foh0.mdb.yandexcloud.net:9870')>.
[2022-09-15 16:17:10,911] {client.py:305} INFO - Fetching content summary for '/user/airflow/input_files'.
[2022-09-15 16:17:11,271] {client.py:558} INFO - Uploading '/home/ubuntu/fraud-detection-ml/airflow/output_simulation/partition_78.parquet' to '/user/airflow/input_files/partition_78.parquet'.
[2022-09-15 16:17:11,271] {client.py:1123} INFO - Listing '/user/airflow/input_files/partition_78.parquet'.
[2022-09-15 16:17:11,277] {client.py:503} INFO - Writing to '/user/airflow/input_files/partition_78.parquet'.
[2022-09-15 16:17:11,817] {python.py:173} INFO - Done. Returned value was: None
[2022-09-15 16:17:11,822] {taskinstance.py:1415} INFO - Marking task as SUCCESS. dag_id=preprocessing_data, task_id=generate_data, execution_date=20220915T160532, start_date=20220915T161611, end_date=20220915T161711
[2022-09-15 16:17:11,846] {local_task_job.py:156} INFO - Task exited with return code 0
[2022-09-15 16:17:11,868] {local_task_job.py:273} INFO - 1 downstream tasks scheduled from follow-on schedule check
