[2022-06-26 15:13:30,084] {taskinstance.py:1159} INFO - Dependencies all met for <TaskInstance: fraud_generation.generate_transaction scheduled__2022-06-26T15:08:26.520548+00:00 [queued]>
[2022-06-26 15:13:30,176] {taskinstance.py:1159} INFO - Dependencies all met for <TaskInstance: fraud_generation.generate_transaction scheduled__2022-06-26T15:08:26.520548+00:00 [queued]>
[2022-06-26 15:13:30,181] {taskinstance.py:1356} INFO - 
--------------------------------------------------------------------------------
[2022-06-26 15:13:30,181] {taskinstance.py:1357} INFO - Starting attempt 1 of 2
[2022-06-26 15:13:30,181] {taskinstance.py:1358} INFO - 
--------------------------------------------------------------------------------
[2022-06-26 15:13:30,328] {taskinstance.py:1377} INFO - Executing <Task(BashOperator): generate_transaction> on 2022-06-26 15:08:26.520548+00:00
[2022-06-26 15:13:30,339] {standard_task_runner.py:52} INFO - Started process 154 to run task
[2022-06-26 15:13:30,367] {standard_task_runner.py:79} INFO - Running: ['***', 'tasks', 'run', 'fraud_generation', 'generate_transaction', 'scheduled__2022-06-26T15:08:26.520548+00:00', '--job-id', '196', '--raw', '--subdir', 'DAGS_FOLDER/fraud_generation_dag.py', '--cfg-path', '/tmp/tmp89jeq6q4', '--error-file', '/tmp/tmp68td7hyu']
[2022-06-26 15:13:30,370] {standard_task_runner.py:80} INFO - Job 196: Subtask generate_transaction
[2022-06-26 15:13:30,651] {task_command.py:370} INFO - Running <TaskInstance: fraud_generation.generate_transaction scheduled__2022-06-26T15:08:26.520548+00:00 [running]> on host e40375faaea0
[2022-06-26 15:13:31,077] {taskinstance.py:1571} INFO - Exporting the following env vars:
AIRFLOW_CTX_DAG_EMAIL=***@example.com
AIRFLOW_CTX_DAG_OWNER=***
AIRFLOW_CTX_DAG_ID=fraud_generation
AIRFLOW_CTX_TASK_ID=generate_transaction
AIRFLOW_CTX_EXECUTION_DATE=2022-06-26T15:08:26.520548+00:00
AIRFLOW_CTX_TRY_NUMBER=1
AIRFLOW_CTX_DAG_RUN_ID=scheduled__2022-06-26T15:08:26.520548+00:00
[2022-06-26 15:13:31,085] {subprocess.py:62} INFO - Tmp dir root location: 
 /tmp
[2022-06-26 15:13:31,085] {subprocess.py:74} INFO - Running command: ['bash', '-c', 'python3 /opt/***/dags/script_generation.py 16024']
[2022-06-26 15:13:31,188] {subprocess.py:85} INFO - Output:
[2022-06-26 15:13:36,088] {subprocess.py:92} INFO - /tmp/***tmpu2f2xgm4
[2022-06-26 15:13:36,446] {subprocess.py:96} INFO - Command exited with return code 0
[2022-06-26 15:13:36,639] {taskinstance.py:1400} INFO - Marking task as SUCCESS. dag_id=fraud_generation, task_id=generate_transaction, execution_date=20220626T150826, start_date=20220626T151330, end_date=20220626T151336
[2022-06-26 15:13:36,755] {local_task_job.py:156} INFO - Task exited with return code 0
[2022-06-26 15:13:36,939] {local_task_job.py:273} INFO - 0 downstream tasks scheduled from follow-on schedule check
