[2022-09-15 16:25:35,190] {taskinstance.py:1179} INFO - Dependencies all met for <TaskInstance: preprocessing_data.generate_data scheduled__2022-09-15T16:15:32.040538+00:00 [queued]>
[2022-09-15 16:25:35,194] {taskinstance.py:1179} INFO - Dependencies all met for <TaskInstance: preprocessing_data.generate_data scheduled__2022-09-15T16:15:32.040538+00:00 [queued]>
[2022-09-15 16:25:35,194] {taskinstance.py:1376} INFO - 
--------------------------------------------------------------------------------
[2022-09-15 16:25:35,194] {taskinstance.py:1377} INFO - Starting attempt 1 of 2
[2022-09-15 16:25:35,194] {taskinstance.py:1378} INFO - 
--------------------------------------------------------------------------------
[2022-09-15 16:25:35,209] {taskinstance.py:1397} INFO - Executing <Task(PythonOperator): generate_data> on 2022-09-15 16:15:32.040538+00:00
[2022-09-15 16:25:35,215] {standard_task_runner.py:52} INFO - Started process 71036 to run task
[2022-09-15 16:25:35,218] {standard_task_runner.py:79} INFO - Running: ['airflow', 'tasks', 'run', 'preprocessing_data', 'generate_data', 'scheduled__2022-09-15T16:15:32.040538+00:00', '--job-id', '301', '--raw', '--subdir', 'DAGS_FOLDER/model_dag.py', '--cfg-path', '/tmp/tmpelqkgepn', '--error-file', '/tmp/tmpve4akxac']
[2022-09-15 16:25:35,219] {standard_task_runner.py:80} INFO - Job 301: Subtask generate_data
[2022-09-15 16:25:35,267] {task_command.py:371} INFO - Running <TaskInstance: preprocessing_data.generate_data scheduled__2022-09-15T16:15:32.040538+00:00 [running]> on host rc1b-dataproc-m-xzxwmqcudfo0foh0.mdb.yandexcloud.net
[2022-09-15 16:25:35,342] {taskinstance.py:1589} INFO - Exporting the following env vars:
AIRFLOW_CTX_DAG_EMAIL=airflow@example.com
AIRFLOW_CTX_DAG_OWNER=airflow
AIRFLOW_CTX_DAG_ID=preprocessing_data
AIRFLOW_CTX_TASK_ID=generate_data
AIRFLOW_CTX_EXECUTION_DATE=2022-09-15T16:15:32.040538+00:00
AIRFLOW_CTX_TRY_NUMBER=1
AIRFLOW_CTX_DAG_RUN_ID=scheduled__2022-09-15T16:15:32.040538+00:00
[2022-09-15 16:25:35,350] {logging_mixin.py:115} INFO - Time to generate customer profiles table: 0.0066s
[2022-09-15 16:25:35,355] {logging_mixin.py:115} INFO - Time to generate terminal profiles table: 0.0047s
[2022-09-15 16:25:35,531] {logging_mixin.py:115} INFO - Time to associate terminals to customers: 0.18s
[2022-09-15 16:25:53,435] {logging_mixin.py:115} INFO - Time to generate transactions: 1.8e+01s
[2022-09-15 16:25:53,521] {logging_mixin.py:115} INFO - Number of frauds from scenario 1: 202
[2022-09-15 16:25:56,326] {logging_mixin.py:115} INFO - Number of frauds from scenario 2: 18634
[2022-09-15 16:26:00,156] {logging_mixin.py:115} INFO - Number of frauds from scenario 3: 9019
[2022-09-15 16:26:00,156] {client.py:192} INFO - Instantiated <Client(url='http://rc1b-dataproc-m-xzxwmqcudfo0foh0.mdb.yandexcloud.net:9870')>.
[2022-09-15 16:26:00,156] {client.py:305} INFO - Fetching content summary for '/user/airflow/input_files'.
[2022-09-15 16:26:00,342] {client.py:558} INFO - Uploading '/home/ubuntu/fraud-detection-ml/airflow/output_simulation/partition_79.parquet' to '/user/airflow/input_files/partition_79.parquet'.
[2022-09-15 16:26:00,342] {client.py:1123} INFO - Listing '/user/airflow/input_files/partition_79.parquet'.
[2022-09-15 16:26:00,348] {client.py:503} INFO - Writing to '/user/airflow/input_files/partition_79.parquet'.
[2022-09-15 16:26:00,460] {python.py:173} INFO - Done. Returned value was: None
[2022-09-15 16:26:00,465] {taskinstance.py:1415} INFO - Marking task as SUCCESS. dag_id=preprocessing_data, task_id=generate_data, execution_date=20220915T161532, start_date=20220915T162535, end_date=20220915T162600
[2022-09-15 16:26:00,498] {local_task_job.py:156} INFO - Task exited with return code 0
[2022-09-15 16:26:00,523] {local_task_job.py:273} INFO - 1 downstream tasks scheduled from follow-on schedule check
