[2022-09-15 13:56:13,282] {processor.py:153} INFO - Started process (PID=10167) to work on /home/ubuntu/.local/lib/python3.8/site-packages/airflow/example_dags/subdags/subdag.py
[2022-09-15 13:56:13,283] {processor.py:641} INFO - Processing file /home/ubuntu/.local/lib/python3.8/site-packages/airflow/example_dags/subdags/subdag.py for tasks to queue
[2022-09-15 13:56:13,284] {logging_mixin.py:115} INFO - [2022-09-15 13:56:13,284] {dagbag.py:508} INFO - Filling up the DagBag from /home/ubuntu/.local/lib/python3.8/site-packages/airflow/example_dags/subdags/subdag.py
[2022-09-15 13:56:13,285] {processor.py:653} WARNING - No viable dags retrieved from /home/ubuntu/.local/lib/python3.8/site-packages/airflow/example_dags/subdags/subdag.py
[2022-09-15 13:56:13,299] {processor.py:161} INFO - Processing /home/ubuntu/.local/lib/python3.8/site-packages/airflow/example_dags/subdags/subdag.py took 0.022 seconds
[2022-09-15 13:56:49,523] {processor.py:153} INFO - Started process (PID=10528) to work on /home/ubuntu/.local/lib/python3.8/site-packages/airflow/example_dags/subdags/subdag.py
[2022-09-15 13:56:49,525] {processor.py:641} INFO - Processing file /home/ubuntu/.local/lib/python3.8/site-packages/airflow/example_dags/subdags/subdag.py for tasks to queue
[2022-09-15 13:56:49,525] {logging_mixin.py:115} INFO - [2022-09-15 13:56:49,525] {dagbag.py:508} INFO - Filling up the DagBag from /home/ubuntu/.local/lib/python3.8/site-packages/airflow/example_dags/subdags/subdag.py
[2022-09-15 13:56:49,527] {processor.py:653} WARNING - No viable dags retrieved from /home/ubuntu/.local/lib/python3.8/site-packages/airflow/example_dags/subdags/subdag.py
[2022-09-15 13:56:49,536] {processor.py:161} INFO - Processing /home/ubuntu/.local/lib/python3.8/site-packages/airflow/example_dags/subdags/subdag.py took 0.016 seconds
[2022-09-15 13:57:25,319] {processor.py:153} INFO - Started process (PID=10797) to work on /home/ubuntu/.local/lib/python3.8/site-packages/airflow/example_dags/subdags/subdag.py
[2022-09-15 13:57:25,320] {processor.py:641} INFO - Processing file /home/ubuntu/.local/lib/python3.8/site-packages/airflow/example_dags/subdags/subdag.py for tasks to queue
[2022-09-15 13:57:25,321] {logging_mixin.py:115} INFO - [2022-09-15 13:57:25,321] {dagbag.py:508} INFO - Filling up the DagBag from /home/ubuntu/.local/lib/python3.8/site-packages/airflow/example_dags/subdags/subdag.py
[2022-09-15 13:57:25,322] {processor.py:653} WARNING - No viable dags retrieved from /home/ubuntu/.local/lib/python3.8/site-packages/airflow/example_dags/subdags/subdag.py
[2022-09-15 13:57:25,333] {processor.py:161} INFO - Processing /home/ubuntu/.local/lib/python3.8/site-packages/airflow/example_dags/subdags/subdag.py took 0.017 seconds
[2022-09-15 14:01:45,109] {processor.py:153} INFO - Started process (PID=13420) to work on /home/ubuntu/.local/lib/python3.8/site-packages/airflow/example_dags/subdags/subdag.py
[2022-09-15 14:01:45,111] {processor.py:641} INFO - Processing file /home/ubuntu/.local/lib/python3.8/site-packages/airflow/example_dags/subdags/subdag.py for tasks to queue
[2022-09-15 14:01:45,112] {logging_mixin.py:115} INFO - [2022-09-15 14:01:45,112] {dagbag.py:508} INFO - Filling up the DagBag from /home/ubuntu/.local/lib/python3.8/site-packages/airflow/example_dags/subdags/subdag.py
[2022-09-15 14:01:45,113] {processor.py:653} WARNING - No viable dags retrieved from /home/ubuntu/.local/lib/python3.8/site-packages/airflow/example_dags/subdags/subdag.py
[2022-09-15 14:01:45,124] {processor.py:161} INFO - Processing /home/ubuntu/.local/lib/python3.8/site-packages/airflow/example_dags/subdags/subdag.py took 0.018 seconds
[2022-09-15 14:02:18,939] {processor.py:153} INFO - Started process (PID=13775) to work on /home/ubuntu/.local/lib/python3.8/site-packages/airflow/example_dags/subdags/subdag.py
[2022-09-15 14:02:18,941] {processor.py:641} INFO - Processing file /home/ubuntu/.local/lib/python3.8/site-packages/airflow/example_dags/subdags/subdag.py for tasks to queue
[2022-09-15 14:02:18,941] {logging_mixin.py:115} INFO - [2022-09-15 14:02:18,941] {dagbag.py:508} INFO - Filling up the DagBag from /home/ubuntu/.local/lib/python3.8/site-packages/airflow/example_dags/subdags/subdag.py
[2022-09-15 14:02:18,943] {processor.py:653} WARNING - No viable dags retrieved from /home/ubuntu/.local/lib/python3.8/site-packages/airflow/example_dags/subdags/subdag.py
[2022-09-15 14:02:18,955] {processor.py:161} INFO - Processing /home/ubuntu/.local/lib/python3.8/site-packages/airflow/example_dags/subdags/subdag.py took 0.020 seconds
[2022-09-15 16:25:16,440] {processor.py:153} INFO - Started process (PID=70909) to work on /home/ubuntu/.local/lib/python3.8/site-packages/airflow/example_dags/subdags/subdag.py
[2022-09-15 16:25:16,442] {processor.py:641} INFO - Processing file /home/ubuntu/.local/lib/python3.8/site-packages/airflow/example_dags/subdags/subdag.py for tasks to queue
[2022-09-15 16:25:16,443] {logging_mixin.py:115} INFO - [2022-09-15 16:25:16,443] {dagbag.py:508} INFO - Filling up the DagBag from /home/ubuntu/.local/lib/python3.8/site-packages/airflow/example_dags/subdags/subdag.py
[2022-09-15 16:25:16,445] {processor.py:653} WARNING - No viable dags retrieved from /home/ubuntu/.local/lib/python3.8/site-packages/airflow/example_dags/subdags/subdag.py
[2022-09-15 16:25:16,456] {processor.py:161} INFO - Processing /home/ubuntu/.local/lib/python3.8/site-packages/airflow/example_dags/subdags/subdag.py took 0.021 seconds
