[2022-09-05 16:14:57,419] {taskinstance.py:1179} INFO - Dependencies all met for <TaskInstance: preprocessing_data.clean_data scheduled__2022-09-05T15:53:28.830368+00:00 [queued]>
[2022-09-05 16:14:57,425] {taskinstance.py:1179} INFO - Dependencies all met for <TaskInstance: preprocessing_data.clean_data scheduled__2022-09-05T15:53:28.830368+00:00 [queued]>
[2022-09-05 16:14:57,425] {taskinstance.py:1376} INFO - 
--------------------------------------------------------------------------------
[2022-09-05 16:14:57,425] {taskinstance.py:1377} INFO - Starting attempt 1 of 2
[2022-09-05 16:14:57,425] {taskinstance.py:1378} INFO - 
--------------------------------------------------------------------------------
[2022-09-05 16:14:57,439] {taskinstance.py:1397} INFO - Executing <Task(PythonOperator): clean_data> on 2022-09-05 15:53:28.830368+00:00
[2022-09-05 16:14:57,445] {standard_task_runner.py:52} INFO - Started process 51710 to run task
[2022-09-05 16:14:57,449] {standard_task_runner.py:79} INFO - Running: ['airflow', 'tasks', 'run', 'preprocessing_data', 'clean_data', 'scheduled__2022-09-05T15:53:28.830368+00:00', '--job-id', '156', '--raw', '--subdir', 'DAGS_FOLDER/model_dag.py', '--cfg-path', '/tmp/tmphcbfql6x', '--error-file', '/tmp/tmp869hnz64']
[2022-09-05 16:14:57,449] {standard_task_runner.py:80} INFO - Job 156: Subtask clean_data
[2022-09-05 16:14:57,493] {task_command.py:371} INFO - Running <TaskInstance: preprocessing_data.clean_data scheduled__2022-09-05T15:53:28.830368+00:00 [running]> on host rc1b-dataproc-m-xzxwmqcudfo0foh0.mdb.yandexcloud.net
[2022-09-05 16:14:57,541] {taskinstance.py:1589} INFO - Exporting the following env vars:
AIRFLOW_CTX_DAG_EMAIL=airflow@example.com
AIRFLOW_CTX_DAG_OWNER=airflow
AIRFLOW_CTX_DAG_ID=preprocessing_data
AIRFLOW_CTX_TASK_ID=clean_data
AIRFLOW_CTX_EXECUTION_DATE=2022-09-05T15:53:28.830368+00:00
AIRFLOW_CTX_TRY_NUMBER=1
AIRFLOW_CTX_DAG_RUN_ID=scheduled__2022-09-05T15:53:28.830368+00:00
[2022-09-05 16:16:06,842] {python.py:173} INFO - Done. Returned value was: None
[2022-09-05 16:16:06,851] {taskinstance.py:1415} INFO - Marking task as SUCCESS. dag_id=preprocessing_data, task_id=clean_data, execution_date=20220905T155328, start_date=20220905T161457, end_date=20220905T161606
[2022-09-05 16:16:06,889] {local_task_job.py:156} INFO - Task exited with return code 0
[2022-09-05 16:16:06,915] {local_task_job.py:273} INFO - 1 downstream tasks scheduled from follow-on schedule check
