[2022-09-05 12:31:34,071] {taskinstance.py:1179} INFO - Dependencies all met for <TaskInstance: preprocessing_data.generate_data scheduled__2022-09-05T12:20:50.320155+00:00 [queued]>
[2022-09-05 12:31:34,076] {taskinstance.py:1179} INFO - Dependencies all met for <TaskInstance: preprocessing_data.generate_data scheduled__2022-09-05T12:20:50.320155+00:00 [queued]>
[2022-09-05 12:31:34,076] {taskinstance.py:1376} INFO - 
--------------------------------------------------------------------------------
[2022-09-05 12:31:34,076] {taskinstance.py:1377} INFO - Starting attempt 1 of 2
[2022-09-05 12:31:34,076] {taskinstance.py:1378} INFO - 
--------------------------------------------------------------------------------
[2022-09-05 12:31:34,092] {taskinstance.py:1397} INFO - Executing <Task(PythonOperator): generate_data> on 2022-09-05 12:20:50.320155+00:00
[2022-09-05 12:31:34,098] {standard_task_runner.py:52} INFO - Started process 37533 to run task
[2022-09-05 12:31:34,102] {standard_task_runner.py:79} INFO - Running: ['airflow', 'tasks', 'run', 'preprocessing_data', 'generate_data', 'scheduled__2022-09-05T12:20:50.320155+00:00', '--job-id', '140', '--raw', '--subdir', 'DAGS_FOLDER/model_dag.py', '--cfg-path', '/tmp/tmp1k0xtk2o', '--error-file', '/tmp/tmp4srjz1tf']
[2022-09-05 12:31:34,102] {standard_task_runner.py:80} INFO - Job 140: Subtask generate_data
[2022-09-05 12:31:34,164] {task_command.py:371} INFO - Running <TaskInstance: preprocessing_data.generate_data scheduled__2022-09-05T12:20:50.320155+00:00 [running]> on host rc1b-dataproc-m-xzxwmqcudfo0foh0.mdb.yandexcloud.net
[2022-09-05 12:31:34,219] {taskinstance.py:1589} INFO - Exporting the following env vars:
AIRFLOW_CTX_DAG_EMAIL=airflow@example.com
AIRFLOW_CTX_DAG_OWNER=airflow
AIRFLOW_CTX_DAG_ID=preprocessing_data
AIRFLOW_CTX_TASK_ID=generate_data
AIRFLOW_CTX_EXECUTION_DATE=2022-09-05T12:20:50.320155+00:00
AIRFLOW_CTX_TRY_NUMBER=1
AIRFLOW_CTX_DAG_RUN_ID=scheduled__2022-09-05T12:20:50.320155+00:00
[2022-09-05 12:31:34,272] {logging_mixin.py:115} INFO - Time to generate customer profiles table: 0.052s
[2022-09-05 12:31:34,323] {logging_mixin.py:115} INFO - Time to generate terminal profiles table: 0.051s
[2022-09-05 12:31:36,999] {logging_mixin.py:115} INFO - Time to associate terminals to customers: 2.7s
[2022-09-05 12:35:05,643] {logging_mixin.py:115} INFO - Time to generate transactions: 2.1e+02s
[2022-09-05 12:35:08,559] {logging_mixin.py:115} INFO - Number of frauds from scenario 1: 2123
[2022-09-05 12:38:43,806] {logging_mixin.py:115} INFO - Number of frauds from scenario 2: 19111
[2022-09-05 12:42:53,557] {logging_mixin.py:115} INFO - Number of frauds from scenario 3: 9702
[2022-09-05 12:42:53,557] {client.py:192} INFO - Instantiated <Client(url='http://rc1b-dataproc-m-xzxwmqcudfo0foh0.mdb.yandexcloud.net:9870')>.
[2022-09-05 12:42:53,558] {client.py:305} INFO - Fetching content summary for '/user/airflow/input_files'.
[2022-09-05 12:42:56,410] {client.py:558} INFO - Uploading '/home/ubuntu/fraud-detection-ml/airflow/output_simulation/partition_49.parquet' to '/user/airflow/input_files/partition_49.parquet'.
[2022-09-05 12:42:56,410] {client.py:1123} INFO - Listing '/user/airflow/input_files/partition_49.parquet'.
[2022-09-05 12:42:56,415] {client.py:503} INFO - Writing to '/user/airflow/input_files/partition_49.parquet'.
[2022-09-05 12:42:57,670] {python.py:173} INFO - Done. Returned value was: None
[2022-09-05 12:42:57,676] {taskinstance.py:1415} INFO - Marking task as SUCCESS. dag_id=preprocessing_data, task_id=generate_data, execution_date=20220905T122050, start_date=20220905T123134, end_date=20220905T124257
[2022-09-05 12:42:57,736] {local_task_job.py:156} INFO - Task exited with return code 0
[2022-09-05 12:42:57,759] {local_task_job.py:273} INFO - 1 downstream tasks scheduled from follow-on schedule check
