[2022-09-14 20:19:49,113] {taskinstance.py:1179} INFO - Dependencies all met for <TaskInstance: preprocessing_data.generate_data scheduled__2022-09-14T20:09:25.842087+00:00 [queued]>
[2022-09-14 20:19:49,118] {taskinstance.py:1179} INFO - Dependencies all met for <TaskInstance: preprocessing_data.generate_data scheduled__2022-09-14T20:09:25.842087+00:00 [queued]>
[2022-09-14 20:19:49,119] {taskinstance.py:1376} INFO - 
--------------------------------------------------------------------------------
[2022-09-14 20:19:49,119] {taskinstance.py:1377} INFO - Starting attempt 1 of 2
[2022-09-14 20:19:49,119] {taskinstance.py:1378} INFO - 
--------------------------------------------------------------------------------
[2022-09-14 20:19:49,132] {taskinstance.py:1397} INFO - Executing <Task(PythonOperator): generate_data> on 2022-09-14 20:09:25.842087+00:00
[2022-09-14 20:19:49,136] {standard_task_runner.py:52} INFO - Started process 27095 to run task
[2022-09-14 20:19:49,140] {standard_task_runner.py:79} INFO - Running: ['airflow', 'tasks', 'run', 'preprocessing_data', 'generate_data', 'scheduled__2022-09-14T20:09:25.842087+00:00', '--job-id', '213', '--raw', '--subdir', 'DAGS_FOLDER/model_dag.py', '--cfg-path', '/tmp/tmp6omi55by', '--error-file', '/tmp/tmpom2z11_z']
[2022-09-14 20:19:49,140] {standard_task_runner.py:80} INFO - Job 213: Subtask generate_data
[2022-09-14 20:19:49,191] {task_command.py:371} INFO - Running <TaskInstance: preprocessing_data.generate_data scheduled__2022-09-14T20:09:25.842087+00:00 [running]> on host rc1b-dataproc-m-xzxwmqcudfo0foh0.mdb.yandexcloud.net
[2022-09-14 20:19:49,240] {taskinstance.py:1589} INFO - Exporting the following env vars:
AIRFLOW_CTX_DAG_EMAIL=airflow@example.com
AIRFLOW_CTX_DAG_OWNER=airflow
AIRFLOW_CTX_DAG_ID=preprocessing_data
AIRFLOW_CTX_TASK_ID=generate_data
AIRFLOW_CTX_EXECUTION_DATE=2022-09-14T20:09:25.842087+00:00
AIRFLOW_CTX_TRY_NUMBER=1
AIRFLOW_CTX_DAG_RUN_ID=scheduled__2022-09-14T20:09:25.842087+00:00
[2022-09-14 20:19:49,249] {logging_mixin.py:115} INFO - Time to generate customer profiles table: 0.0076s
[2022-09-14 20:19:49,255] {logging_mixin.py:115} INFO - Time to generate terminal profiles table: 0.0054s
[2022-09-14 20:19:49,468] {logging_mixin.py:115} INFO - Time to associate terminals to customers: 0.21s
[2022-09-14 20:20:10,827] {logging_mixin.py:115} INFO - Time to generate transactions: 2.1e+01s
[2022-09-14 20:20:10,921] {logging_mixin.py:115} INFO - Number of frauds from scenario 1: 195
[2022-09-14 20:20:14,290] {logging_mixin.py:115} INFO - Number of frauds from scenario 2: 18513
[2022-09-14 20:20:18,753] {logging_mixin.py:115} INFO - Number of frauds from scenario 3: 8588
[2022-09-14 20:20:18,753] {client.py:192} INFO - Instantiated <Client(url='http://rc1b-dataproc-m-xzxwmqcudfo0foh0.mdb.yandexcloud.net:9870')>.
[2022-09-14 20:20:18,753] {client.py:305} INFO - Fetching content summary for '/user/airflow/input_files'.
[2022-09-14 20:20:18,960] {client.py:558} INFO - Uploading '/home/ubuntu/fraud-detection-ml/airflow/output_simulation/partition_63.parquet' to '/user/airflow/input_files/partition_63.parquet'.
[2022-09-14 20:20:18,960] {client.py:1123} INFO - Listing '/user/airflow/input_files/partition_63.parquet'.
[2022-09-14 20:20:18,965] {client.py:503} INFO - Writing to '/user/airflow/input_files/partition_63.parquet'.
[2022-09-14 20:20:19,470] {python.py:173} INFO - Done. Returned value was: None
[2022-09-14 20:20:19,475] {taskinstance.py:1415} INFO - Marking task as SUCCESS. dag_id=preprocessing_data, task_id=generate_data, execution_date=20220914T200925, start_date=20220914T201949, end_date=20220914T202019
[2022-09-14 20:20:19,516] {local_task_job.py:156} INFO - Task exited with return code 0
[2022-09-14 20:20:19,540] {local_task_job.py:273} INFO - 1 downstream tasks scheduled from follow-on schedule check
