[2022-09-14 14:09:31,371] {processor.py:153} INFO - Started process (PID=7593) to work on /home/ubuntu/.local/lib/python3.8/site-packages/airflow/example_dags/example_kubernetes_executor.py
[2022-09-14 14:09:31,371] {processor.py:641} INFO - Processing file /home/ubuntu/.local/lib/python3.8/site-packages/airflow/example_dags/example_kubernetes_executor.py for tasks to queue
[2022-09-14 14:09:31,372] {logging_mixin.py:115} INFO - [2022-09-14 14:09:31,372] {dagbag.py:508} INFO - Filling up the DagBag from /home/ubuntu/.local/lib/python3.8/site-packages/airflow/example_dags/example_kubernetes_executor.py
[2022-09-14 14:09:31,386] {logging_mixin.py:115} INFO - [2022-09-14 14:09:31,386] {example_kubernetes_executor.py:39} WARNING - The example_kubernetes_executor example DAG requires the kubernetes provider. Please install it with: pip install apache-airflow[cncf.kubernetes]
[2022-09-14 14:09:31,386] {processor.py:653} WARNING - No viable dags retrieved from /home/ubuntu/.local/lib/python3.8/site-packages/airflow/example_dags/example_kubernetes_executor.py
[2022-09-14 14:09:31,415] {processor.py:161} INFO - Processing /home/ubuntu/.local/lib/python3.8/site-packages/airflow/example_dags/example_kubernetes_executor.py took 0.047 seconds
[2022-09-14 14:11:39,380] {processor.py:153} INFO - Started process (PID=8032) to work on /home/ubuntu/.local/lib/python3.8/site-packages/airflow/example_dags/example_kubernetes_executor.py
[2022-09-14 14:11:39,382] {processor.py:641} INFO - Processing file /home/ubuntu/.local/lib/python3.8/site-packages/airflow/example_dags/example_kubernetes_executor.py for tasks to queue
[2022-09-14 14:11:39,382] {logging_mixin.py:115} INFO - [2022-09-14 14:11:39,382] {dagbag.py:508} INFO - Filling up the DagBag from /home/ubuntu/.local/lib/python3.8/site-packages/airflow/example_dags/example_kubernetes_executor.py
[2022-09-14 14:11:39,397] {logging_mixin.py:115} INFO - [2022-09-14 14:11:39,397] {example_kubernetes_executor.py:39} WARNING - The example_kubernetes_executor example DAG requires the kubernetes provider. Please install it with: pip install apache-airflow[cncf.kubernetes]
[2022-09-14 14:11:39,397] {processor.py:653} WARNING - No viable dags retrieved from /home/ubuntu/.local/lib/python3.8/site-packages/airflow/example_dags/example_kubernetes_executor.py
[2022-09-14 14:11:39,407] {processor.py:161} INFO - Processing /home/ubuntu/.local/lib/python3.8/site-packages/airflow/example_dags/example_kubernetes_executor.py took 0.031 seconds
[2022-09-14 14:12:41,503] {processor.py:153} INFO - Started process (PID=8350) to work on /home/ubuntu/.local/lib/python3.8/site-packages/airflow/example_dags/example_kubernetes_executor.py
[2022-09-14 14:12:41,505] {processor.py:641} INFO - Processing file /home/ubuntu/.local/lib/python3.8/site-packages/airflow/example_dags/example_kubernetes_executor.py for tasks to queue
[2022-09-14 14:12:41,506] {logging_mixin.py:115} INFO - [2022-09-14 14:12:41,506] {dagbag.py:508} INFO - Filling up the DagBag from /home/ubuntu/.local/lib/python3.8/site-packages/airflow/example_dags/example_kubernetes_executor.py
[2022-09-14 14:12:41,521] {logging_mixin.py:115} INFO - [2022-09-14 14:12:41,521] {example_kubernetes_executor.py:39} WARNING - The example_kubernetes_executor example DAG requires the kubernetes provider. Please install it with: pip install apache-airflow[cncf.kubernetes]
[2022-09-14 14:12:41,521] {processor.py:653} WARNING - No viable dags retrieved from /home/ubuntu/.local/lib/python3.8/site-packages/airflow/example_dags/example_kubernetes_executor.py
[2022-09-14 14:12:41,532] {processor.py:161} INFO - Processing /home/ubuntu/.local/lib/python3.8/site-packages/airflow/example_dags/example_kubernetes_executor.py took 0.034 seconds
[2022-09-14 20:21:59,520] {processor.py:153} INFO - Started process (PID=28348) to work on /home/ubuntu/.local/lib/python3.8/site-packages/airflow/example_dags/example_kubernetes_executor.py
[2022-09-14 20:21:59,522] {processor.py:641} INFO - Processing file /home/ubuntu/.local/lib/python3.8/site-packages/airflow/example_dags/example_kubernetes_executor.py for tasks to queue
[2022-09-14 20:21:59,523] {logging_mixin.py:115} INFO - [2022-09-14 20:21:59,523] {dagbag.py:508} INFO - Filling up the DagBag from /home/ubuntu/.local/lib/python3.8/site-packages/airflow/example_dags/example_kubernetes_executor.py
[2022-09-14 20:21:59,542] {logging_mixin.py:115} INFO - [2022-09-14 20:21:59,542] {example_kubernetes_executor.py:39} WARNING - The example_kubernetes_executor example DAG requires the kubernetes provider. Please install it with: pip install apache-airflow[cncf.kubernetes]
[2022-09-14 20:21:59,542] {processor.py:653} WARNING - No viable dags retrieved from /home/ubuntu/.local/lib/python3.8/site-packages/airflow/example_dags/example_kubernetes_executor.py
[2022-09-14 20:21:59,552] {processor.py:161} INFO - Processing /home/ubuntu/.local/lib/python3.8/site-packages/airflow/example_dags/example_kubernetes_executor.py took 0.035 seconds
[2022-09-14 20:24:05,334] {processor.py:153} INFO - Started process (PID=29491) to work on /home/ubuntu/.local/lib/python3.8/site-packages/airflow/example_dags/example_kubernetes_executor.py
[2022-09-14 20:24:05,336] {processor.py:641} INFO - Processing file /home/ubuntu/.local/lib/python3.8/site-packages/airflow/example_dags/example_kubernetes_executor.py for tasks to queue
[2022-09-14 20:24:05,337] {logging_mixin.py:115} INFO - [2022-09-14 20:24:05,336] {dagbag.py:508} INFO - Filling up the DagBag from /home/ubuntu/.local/lib/python3.8/site-packages/airflow/example_dags/example_kubernetes_executor.py
[2022-09-14 20:24:05,355] {logging_mixin.py:115} INFO - [2022-09-14 20:24:05,355] {example_kubernetes_executor.py:39} WARNING - The example_kubernetes_executor example DAG requires the kubernetes provider. Please install it with: pip install apache-airflow[cncf.kubernetes]
[2022-09-14 20:24:05,355] {processor.py:653} WARNING - No viable dags retrieved from /home/ubuntu/.local/lib/python3.8/site-packages/airflow/example_dags/example_kubernetes_executor.py
[2022-09-14 20:24:05,366] {processor.py:161} INFO - Processing /home/ubuntu/.local/lib/python3.8/site-packages/airflow/example_dags/example_kubernetes_executor.py took 0.036 seconds
[2022-09-14 20:24:40,568] {processor.py:153} INFO - Started process (PID=29617) to work on /home/ubuntu/.local/lib/python3.8/site-packages/airflow/example_dags/example_kubernetes_executor.py
[2022-09-14 20:24:40,569] {processor.py:641} INFO - Processing file /home/ubuntu/.local/lib/python3.8/site-packages/airflow/example_dags/example_kubernetes_executor.py for tasks to queue
[2022-09-14 20:24:40,569] {logging_mixin.py:115} INFO - [2022-09-14 20:24:40,569] {dagbag.py:508} INFO - Filling up the DagBag from /home/ubuntu/.local/lib/python3.8/site-packages/airflow/example_dags/example_kubernetes_executor.py
[2022-09-14 20:24:40,587] {logging_mixin.py:115} INFO - [2022-09-14 20:24:40,587] {example_kubernetes_executor.py:39} WARNING - The example_kubernetes_executor example DAG requires the kubernetes provider. Please install it with: pip install apache-airflow[cncf.kubernetes]
[2022-09-14 20:24:40,587] {processor.py:653} WARNING - No viable dags retrieved from /home/ubuntu/.local/lib/python3.8/site-packages/airflow/example_dags/example_kubernetes_executor.py
[2022-09-14 20:24:40,597] {processor.py:161} INFO - Processing /home/ubuntu/.local/lib/python3.8/site-packages/airflow/example_dags/example_kubernetes_executor.py took 0.033 seconds
[2022-09-14 20:25:28,891] {processor.py:153} INFO - Started process (PID=29913) to work on /home/ubuntu/.local/lib/python3.8/site-packages/airflow/example_dags/example_kubernetes_executor.py
[2022-09-14 20:25:28,893] {processor.py:641} INFO - Processing file /home/ubuntu/.local/lib/python3.8/site-packages/airflow/example_dags/example_kubernetes_executor.py for tasks to queue
[2022-09-14 20:25:28,894] {logging_mixin.py:115} INFO - [2022-09-14 20:25:28,894] {dagbag.py:508} INFO - Filling up the DagBag from /home/ubuntu/.local/lib/python3.8/site-packages/airflow/example_dags/example_kubernetes_executor.py
[2022-09-14 20:25:28,908] {logging_mixin.py:115} INFO - [2022-09-14 20:25:28,908] {example_kubernetes_executor.py:39} WARNING - The example_kubernetes_executor example DAG requires the kubernetes provider. Please install it with: pip install apache-airflow[cncf.kubernetes]
[2022-09-14 20:25:28,908] {processor.py:653} WARNING - No viable dags retrieved from /home/ubuntu/.local/lib/python3.8/site-packages/airflow/example_dags/example_kubernetes_executor.py
[2022-09-14 20:25:28,918] {processor.py:161} INFO - Processing /home/ubuntu/.local/lib/python3.8/site-packages/airflow/example_dags/example_kubernetes_executor.py took 0.030 seconds
[2022-09-14 20:26:03,964] {processor.py:153} INFO - Started process (PID=29956) to work on /home/ubuntu/.local/lib/python3.8/site-packages/airflow/example_dags/example_kubernetes_executor.py
[2022-09-14 20:26:03,965] {processor.py:641} INFO - Processing file /home/ubuntu/.local/lib/python3.8/site-packages/airflow/example_dags/example_kubernetes_executor.py for tasks to queue
[2022-09-14 20:26:03,965] {logging_mixin.py:115} INFO - [2022-09-14 20:26:03,965] {dagbag.py:508} INFO - Filling up the DagBag from /home/ubuntu/.local/lib/python3.8/site-packages/airflow/example_dags/example_kubernetes_executor.py
[2022-09-14 20:26:03,979] {logging_mixin.py:115} INFO - [2022-09-14 20:26:03,979] {example_kubernetes_executor.py:39} WARNING - The example_kubernetes_executor example DAG requires the kubernetes provider. Please install it with: pip install apache-airflow[cncf.kubernetes]
[2022-09-14 20:26:03,980] {processor.py:653} WARNING - No viable dags retrieved from /home/ubuntu/.local/lib/python3.8/site-packages/airflow/example_dags/example_kubernetes_executor.py
[2022-09-14 20:26:03,990] {processor.py:161} INFO - Processing /home/ubuntu/.local/lib/python3.8/site-packages/airflow/example_dags/example_kubernetes_executor.py took 0.030 seconds
[2022-09-14 20:30:52,014] {processor.py:153} INFO - Started process (PID=33481) to work on /home/ubuntu/.local/lib/python3.8/site-packages/airflow/example_dags/example_kubernetes_executor.py
[2022-09-14 20:30:52,016] {processor.py:641} INFO - Processing file /home/ubuntu/.local/lib/python3.8/site-packages/airflow/example_dags/example_kubernetes_executor.py for tasks to queue
[2022-09-14 20:30:52,016] {logging_mixin.py:115} INFO - [2022-09-14 20:30:52,016] {dagbag.py:508} INFO - Filling up the DagBag from /home/ubuntu/.local/lib/python3.8/site-packages/airflow/example_dags/example_kubernetes_executor.py
[2022-09-14 20:30:52,033] {logging_mixin.py:115} INFO - [2022-09-14 20:30:52,033] {example_kubernetes_executor.py:39} WARNING - The example_kubernetes_executor example DAG requires the kubernetes provider. Please install it with: pip install apache-airflow[cncf.kubernetes]
[2022-09-14 20:30:52,034] {processor.py:653} WARNING - No viable dags retrieved from /home/ubuntu/.local/lib/python3.8/site-packages/airflow/example_dags/example_kubernetes_executor.py
[2022-09-14 20:30:52,045] {processor.py:161} INFO - Processing /home/ubuntu/.local/lib/python3.8/site-packages/airflow/example_dags/example_kubernetes_executor.py took 0.035 seconds
[2022-09-14 20:31:27,045] {processor.py:153} INFO - Started process (PID=33772) to work on /home/ubuntu/.local/lib/python3.8/site-packages/airflow/example_dags/example_kubernetes_executor.py
[2022-09-14 20:31:27,046] {processor.py:641} INFO - Processing file /home/ubuntu/.local/lib/python3.8/site-packages/airflow/example_dags/example_kubernetes_executor.py for tasks to queue
[2022-09-14 20:31:27,046] {logging_mixin.py:115} INFO - [2022-09-14 20:31:27,046] {dagbag.py:508} INFO - Filling up the DagBag from /home/ubuntu/.local/lib/python3.8/site-packages/airflow/example_dags/example_kubernetes_executor.py
[2022-09-14 20:31:27,061] {logging_mixin.py:115} INFO - [2022-09-14 20:31:27,061] {example_kubernetes_executor.py:39} WARNING - The example_kubernetes_executor example DAG requires the kubernetes provider. Please install it with: pip install apache-airflow[cncf.kubernetes]
[2022-09-14 20:31:27,061] {processor.py:653} WARNING - No viable dags retrieved from /home/ubuntu/.local/lib/python3.8/site-packages/airflow/example_dags/example_kubernetes_executor.py
[2022-09-14 20:31:27,072] {processor.py:161} INFO - Processing /home/ubuntu/.local/lib/python3.8/site-packages/airflow/example_dags/example_kubernetes_executor.py took 0.031 seconds
