[2022-09-14 14:09:12,725] {processor.py:153} INFO - Started process (PID=7546) to work on /home/ubuntu/.local/lib/python3.8/site-packages/airflow/example_dags/example_nested_branch_dag.py
[2022-09-14 14:09:12,726] {processor.py:641} INFO - Processing file /home/ubuntu/.local/lib/python3.8/site-packages/airflow/example_dags/example_nested_branch_dag.py for tasks to queue
[2022-09-14 14:09:12,726] {logging_mixin.py:115} INFO - [2022-09-14 14:09:12,726] {dagbag.py:508} INFO - Filling up the DagBag from /home/ubuntu/.local/lib/python3.8/site-packages/airflow/example_dags/example_nested_branch_dag.py
[2022-09-14 14:09:12,738] {processor.py:651} INFO - DAG(s) dict_keys(['example_nested_branch_dag']) retrieved from /home/ubuntu/.local/lib/python3.8/site-packages/airflow/example_dags/example_nested_branch_dag.py
[2022-09-14 14:09:12,757] {logging_mixin.py:115} INFO - [2022-09-14 14:09:12,757] {dag.py:2420} INFO - Sync 1 DAGs
[2022-09-14 14:09:12,775] {logging_mixin.py:115} INFO - [2022-09-14 14:09:12,775] {dag.py:2968} INFO - Setting next_dagrun for example_nested_branch_dag to 2022-09-13T00:00:00+00:00, run_after=2022-09-14T00:00:00+00:00
[2022-09-14 14:09:12,795] {processor.py:161} INFO - Processing /home/ubuntu/.local/lib/python3.8/site-packages/airflow/example_dags/example_nested_branch_dag.py took 0.073 seconds
[2022-09-14 14:11:22,796] {processor.py:153} INFO - Started process (PID=8009) to work on /home/ubuntu/.local/lib/python3.8/site-packages/airflow/example_dags/example_nested_branch_dag.py
[2022-09-14 14:11:22,798] {processor.py:641} INFO - Processing file /home/ubuntu/.local/lib/python3.8/site-packages/airflow/example_dags/example_nested_branch_dag.py for tasks to queue
[2022-09-14 14:11:22,799] {logging_mixin.py:115} INFO - [2022-09-14 14:11:22,798] {dagbag.py:508} INFO - Filling up the DagBag from /home/ubuntu/.local/lib/python3.8/site-packages/airflow/example_dags/example_nested_branch_dag.py
[2022-09-14 14:11:22,810] {processor.py:651} INFO - DAG(s) dict_keys(['example_nested_branch_dag']) retrieved from /home/ubuntu/.local/lib/python3.8/site-packages/airflow/example_dags/example_nested_branch_dag.py
[2022-09-14 14:11:22,826] {logging_mixin.py:115} INFO - [2022-09-14 14:11:22,826] {dag.py:2420} INFO - Sync 1 DAGs
[2022-09-14 14:11:22,846] {logging_mixin.py:115} INFO - [2022-09-14 14:11:22,845] {dag.py:2968} INFO - Setting next_dagrun for example_nested_branch_dag to 2022-09-13T00:00:00+00:00, run_after=2022-09-14T00:00:00+00:00
[2022-09-14 14:11:22,863] {processor.py:161} INFO - Processing /home/ubuntu/.local/lib/python3.8/site-packages/airflow/example_dags/example_nested_branch_dag.py took 0.070 seconds
[2022-09-14 14:12:24,943] {processor.py:153} INFO - Started process (PID=8228) to work on /home/ubuntu/.local/lib/python3.8/site-packages/airflow/example_dags/example_nested_branch_dag.py
[2022-09-14 14:12:24,945] {processor.py:641} INFO - Processing file /home/ubuntu/.local/lib/python3.8/site-packages/airflow/example_dags/example_nested_branch_dag.py for tasks to queue
[2022-09-14 14:12:24,945] {logging_mixin.py:115} INFO - [2022-09-14 14:12:24,945] {dagbag.py:508} INFO - Filling up the DagBag from /home/ubuntu/.local/lib/python3.8/site-packages/airflow/example_dags/example_nested_branch_dag.py
[2022-09-14 14:12:24,957] {processor.py:651} INFO - DAG(s) dict_keys(['example_nested_branch_dag']) retrieved from /home/ubuntu/.local/lib/python3.8/site-packages/airflow/example_dags/example_nested_branch_dag.py
[2022-09-14 14:12:24,973] {logging_mixin.py:115} INFO - [2022-09-14 14:12:24,973] {dag.py:2420} INFO - Sync 1 DAGs
[2022-09-14 14:12:24,994] {logging_mixin.py:115} INFO - [2022-09-14 14:12:24,994] {dag.py:2968} INFO - Setting next_dagrun for example_nested_branch_dag to 2022-09-13T00:00:00+00:00, run_after=2022-09-14T00:00:00+00:00
[2022-09-14 14:12:25,008] {processor.py:161} INFO - Processing /home/ubuntu/.local/lib/python3.8/site-packages/airflow/example_dags/example_nested_branch_dag.py took 0.069 seconds
[2022-09-14 14:14:20,383] {processor.py:153} INFO - Started process (PID=8998) to work on /home/ubuntu/.local/lib/python3.8/site-packages/airflow/example_dags/example_nested_branch_dag.py
[2022-09-14 14:14:20,386] {processor.py:641} INFO - Processing file /home/ubuntu/.local/lib/python3.8/site-packages/airflow/example_dags/example_nested_branch_dag.py for tasks to queue
[2022-09-14 14:14:20,386] {logging_mixin.py:115} INFO - [2022-09-14 14:14:20,386] {dagbag.py:508} INFO - Filling up the DagBag from /home/ubuntu/.local/lib/python3.8/site-packages/airflow/example_dags/example_nested_branch_dag.py
[2022-09-14 14:14:20,397] {processor.py:651} INFO - DAG(s) dict_keys(['example_nested_branch_dag']) retrieved from /home/ubuntu/.local/lib/python3.8/site-packages/airflow/example_dags/example_nested_branch_dag.py
[2022-09-14 14:14:20,413] {logging_mixin.py:115} INFO - [2022-09-14 14:14:20,413] {dag.py:2420} INFO - Sync 1 DAGs
[2022-09-14 14:14:20,433] {logging_mixin.py:115} INFO - [2022-09-14 14:14:20,433] {dag.py:2968} INFO - Setting next_dagrun for example_nested_branch_dag to 2022-09-13T00:00:00+00:00, run_after=2022-09-14T00:00:00+00:00
[2022-09-14 14:14:20,449] {processor.py:161} INFO - Processing /home/ubuntu/.local/lib/python3.8/site-packages/airflow/example_dags/example_nested_branch_dag.py took 0.069 seconds
[2022-09-14 20:21:41,564] {processor.py:153} INFO - Started process (PID=28189) to work on /home/ubuntu/.local/lib/python3.8/site-packages/airflow/example_dags/example_nested_branch_dag.py
[2022-09-14 20:21:41,566] {processor.py:641} INFO - Processing file /home/ubuntu/.local/lib/python3.8/site-packages/airflow/example_dags/example_nested_branch_dag.py for tasks to queue
[2022-09-14 20:21:41,567] {logging_mixin.py:115} INFO - [2022-09-14 20:21:41,567] {dagbag.py:508} INFO - Filling up the DagBag from /home/ubuntu/.local/lib/python3.8/site-packages/airflow/example_dags/example_nested_branch_dag.py
[2022-09-14 20:21:41,583] {processor.py:651} INFO - DAG(s) dict_keys(['example_nested_branch_dag']) retrieved from /home/ubuntu/.local/lib/python3.8/site-packages/airflow/example_dags/example_nested_branch_dag.py
[2022-09-14 20:21:41,598] {logging_mixin.py:115} INFO - [2022-09-14 20:21:41,598] {dag.py:2420} INFO - Sync 1 DAGs
[2022-09-14 20:21:41,612] {logging_mixin.py:115} INFO - [2022-09-14 20:21:41,611] {dag.py:2968} INFO - Setting next_dagrun for example_nested_branch_dag to 2022-09-13T00:00:00+00:00, run_after=2022-09-14T00:00:00+00:00
[2022-09-14 20:21:41,626] {processor.py:161} INFO - Processing /home/ubuntu/.local/lib/python3.8/site-packages/airflow/example_dags/example_nested_branch_dag.py took 0.067 seconds
[2022-09-14 20:23:45,954] {processor.py:153} INFO - Started process (PID=29369) to work on /home/ubuntu/.local/lib/python3.8/site-packages/airflow/example_dags/example_nested_branch_dag.py
[2022-09-14 20:23:45,956] {processor.py:641} INFO - Processing file /home/ubuntu/.local/lib/python3.8/site-packages/airflow/example_dags/example_nested_branch_dag.py for tasks to queue
[2022-09-14 20:23:45,957] {logging_mixin.py:115} INFO - [2022-09-14 20:23:45,957] {dagbag.py:508} INFO - Filling up the DagBag from /home/ubuntu/.local/lib/python3.8/site-packages/airflow/example_dags/example_nested_branch_dag.py
[2022-09-14 20:23:45,972] {processor.py:651} INFO - DAG(s) dict_keys(['example_nested_branch_dag']) retrieved from /home/ubuntu/.local/lib/python3.8/site-packages/airflow/example_dags/example_nested_branch_dag.py
[2022-09-14 20:23:45,988] {logging_mixin.py:115} INFO - [2022-09-14 20:23:45,988] {dag.py:2420} INFO - Sync 1 DAGs
[2022-09-14 20:23:46,003] {logging_mixin.py:115} INFO - [2022-09-14 20:23:46,003] {dag.py:2968} INFO - Setting next_dagrun for example_nested_branch_dag to 2022-09-13T00:00:00+00:00, run_after=2022-09-14T00:00:00+00:00
[2022-09-14 20:23:46,023] {processor.py:161} INFO - Processing /home/ubuntu/.local/lib/python3.8/site-packages/airflow/example_dags/example_nested_branch_dag.py took 0.073 seconds
[2022-09-14 20:24:22,726] {processor.py:153} INFO - Started process (PID=29533) to work on /home/ubuntu/.local/lib/python3.8/site-packages/airflow/example_dags/example_nested_branch_dag.py
[2022-09-14 20:24:22,727] {processor.py:641} INFO - Processing file /home/ubuntu/.local/lib/python3.8/site-packages/airflow/example_dags/example_nested_branch_dag.py for tasks to queue
[2022-09-14 20:24:22,728] {logging_mixin.py:115} INFO - [2022-09-14 20:24:22,728] {dagbag.py:508} INFO - Filling up the DagBag from /home/ubuntu/.local/lib/python3.8/site-packages/airflow/example_dags/example_nested_branch_dag.py
[2022-09-14 20:24:22,743] {processor.py:651} INFO - DAG(s) dict_keys(['example_nested_branch_dag']) retrieved from /home/ubuntu/.local/lib/python3.8/site-packages/airflow/example_dags/example_nested_branch_dag.py
[2022-09-14 20:24:22,759] {logging_mixin.py:115} INFO - [2022-09-14 20:24:22,759] {dag.py:2420} INFO - Sync 1 DAGs
[2022-09-14 20:24:22,773] {logging_mixin.py:115} INFO - [2022-09-14 20:24:22,773] {dag.py:2968} INFO - Setting next_dagrun for example_nested_branch_dag to 2022-09-13T00:00:00+00:00, run_after=2022-09-14T00:00:00+00:00
[2022-09-14 20:24:22,796] {processor.py:161} INFO - Processing /home/ubuntu/.local/lib/python3.8/site-packages/airflow/example_dags/example_nested_branch_dag.py took 0.074 seconds
[2022-09-14 20:25:10,842] {processor.py:153} INFO - Started process (PID=29843) to work on /home/ubuntu/.local/lib/python3.8/site-packages/airflow/example_dags/example_nested_branch_dag.py
[2022-09-14 20:25:10,844] {processor.py:641} INFO - Processing file /home/ubuntu/.local/lib/python3.8/site-packages/airflow/example_dags/example_nested_branch_dag.py for tasks to queue
[2022-09-14 20:25:10,845] {logging_mixin.py:115} INFO - [2022-09-14 20:25:10,845] {dagbag.py:508} INFO - Filling up the DagBag from /home/ubuntu/.local/lib/python3.8/site-packages/airflow/example_dags/example_nested_branch_dag.py
[2022-09-14 20:25:10,856] {processor.py:651} INFO - DAG(s) dict_keys(['example_nested_branch_dag']) retrieved from /home/ubuntu/.local/lib/python3.8/site-packages/airflow/example_dags/example_nested_branch_dag.py
[2022-09-14 20:25:10,873] {logging_mixin.py:115} INFO - [2022-09-14 20:25:10,873] {dag.py:2420} INFO - Sync 1 DAGs
[2022-09-14 20:25:10,893] {logging_mixin.py:115} INFO - [2022-09-14 20:25:10,893] {dag.py:2968} INFO - Setting next_dagrun for example_nested_branch_dag to 2022-09-13T00:00:00+00:00, run_after=2022-09-14T00:00:00+00:00
[2022-09-14 20:25:10,909] {processor.py:161} INFO - Processing /home/ubuntu/.local/lib/python3.8/site-packages/airflow/example_dags/example_nested_branch_dag.py took 0.070 seconds
[2022-09-14 20:25:45,616] {processor.py:153} INFO - Started process (PID=29932) to work on /home/ubuntu/.local/lib/python3.8/site-packages/airflow/example_dags/example_nested_branch_dag.py
[2022-09-14 20:25:45,618] {processor.py:641} INFO - Processing file /home/ubuntu/.local/lib/python3.8/site-packages/airflow/example_dags/example_nested_branch_dag.py for tasks to queue
[2022-09-14 20:25:45,618] {logging_mixin.py:115} INFO - [2022-09-14 20:25:45,618] {dagbag.py:508} INFO - Filling up the DagBag from /home/ubuntu/.local/lib/python3.8/site-packages/airflow/example_dags/example_nested_branch_dag.py
[2022-09-14 20:25:45,629] {processor.py:651} INFO - DAG(s) dict_keys(['example_nested_branch_dag']) retrieved from /home/ubuntu/.local/lib/python3.8/site-packages/airflow/example_dags/example_nested_branch_dag.py
[2022-09-14 20:25:45,646] {logging_mixin.py:115} INFO - [2022-09-14 20:25:45,645] {dag.py:2420} INFO - Sync 1 DAGs
[2022-09-14 20:25:45,666] {logging_mixin.py:115} INFO - [2022-09-14 20:25:45,666] {dag.py:2968} INFO - Setting next_dagrun for example_nested_branch_dag to 2022-09-13T00:00:00+00:00, run_after=2022-09-14T00:00:00+00:00
[2022-09-14 20:25:45,681] {processor.py:161} INFO - Processing /home/ubuntu/.local/lib/python3.8/site-packages/airflow/example_dags/example_nested_branch_dag.py took 0.068 seconds
[2022-09-14 20:30:32,942] {processor.py:153} INFO - Started process (PID=33313) to work on /home/ubuntu/.local/lib/python3.8/site-packages/airflow/example_dags/example_nested_branch_dag.py
[2022-09-14 20:30:32,944] {processor.py:641} INFO - Processing file /home/ubuntu/.local/lib/python3.8/site-packages/airflow/example_dags/example_nested_branch_dag.py for tasks to queue
[2022-09-14 20:30:32,944] {logging_mixin.py:115} INFO - [2022-09-14 20:30:32,944] {dagbag.py:508} INFO - Filling up the DagBag from /home/ubuntu/.local/lib/python3.8/site-packages/airflow/example_dags/example_nested_branch_dag.py
[2022-09-14 20:30:32,956] {processor.py:651} INFO - DAG(s) dict_keys(['example_nested_branch_dag']) retrieved from /home/ubuntu/.local/lib/python3.8/site-packages/airflow/example_dags/example_nested_branch_dag.py
[2022-09-14 20:30:32,972] {logging_mixin.py:115} INFO - [2022-09-14 20:30:32,972] {dag.py:2420} INFO - Sync 1 DAGs
[2022-09-14 20:30:32,987] {logging_mixin.py:115} INFO - [2022-09-14 20:30:32,987] {dag.py:2968} INFO - Setting next_dagrun for example_nested_branch_dag to 2022-09-13T00:00:00+00:00, run_after=2022-09-14T00:00:00+00:00
[2022-09-14 20:30:33,004] {processor.py:161} INFO - Processing /home/ubuntu/.local/lib/python3.8/site-packages/airflow/example_dags/example_nested_branch_dag.py took 0.067 seconds
[2022-09-14 20:31:08,058] {processor.py:153} INFO - Started process (PID=33645) to work on /home/ubuntu/.local/lib/python3.8/site-packages/airflow/example_dags/example_nested_branch_dag.py
[2022-09-14 20:31:08,060] {processor.py:641} INFO - Processing file /home/ubuntu/.local/lib/python3.8/site-packages/airflow/example_dags/example_nested_branch_dag.py for tasks to queue
[2022-09-14 20:31:08,060] {logging_mixin.py:115} INFO - [2022-09-14 20:31:08,060] {dagbag.py:508} INFO - Filling up the DagBag from /home/ubuntu/.local/lib/python3.8/site-packages/airflow/example_dags/example_nested_branch_dag.py
[2022-09-14 20:31:08,074] {processor.py:651} INFO - DAG(s) dict_keys(['example_nested_branch_dag']) retrieved from /home/ubuntu/.local/lib/python3.8/site-packages/airflow/example_dags/example_nested_branch_dag.py
[2022-09-14 20:31:08,092] {logging_mixin.py:115} INFO - [2022-09-14 20:31:08,092] {dag.py:2420} INFO - Sync 1 DAGs
[2022-09-14 20:31:08,107] {logging_mixin.py:115} INFO - [2022-09-14 20:31:08,107] {dag.py:2968} INFO - Setting next_dagrun for example_nested_branch_dag to 2022-09-13T00:00:00+00:00, run_after=2022-09-14T00:00:00+00:00
[2022-09-14 20:31:08,130] {processor.py:161} INFO - Processing /home/ubuntu/.local/lib/python3.8/site-packages/airflow/example_dags/example_nested_branch_dag.py took 0.075 seconds
