[2022-09-14 14:09:27,982] {processor.py:153} INFO - Started process (PID=7584) to work on /home/ubuntu/.local/lib/python3.8/site-packages/airflow/example_dags/example_branch_python_dop_operator_3.py
[2022-09-14 14:09:27,983] {processor.py:641} INFO - Processing file /home/ubuntu/.local/lib/python3.8/site-packages/airflow/example_dags/example_branch_python_dop_operator_3.py for tasks to queue
[2022-09-14 14:09:27,983] {logging_mixin.py:115} INFO - [2022-09-14 14:09:27,983] {dagbag.py:508} INFO - Filling up the DagBag from /home/ubuntu/.local/lib/python3.8/site-packages/airflow/example_dags/example_branch_python_dop_operator_3.py
[2022-09-14 14:09:27,993] {processor.py:651} INFO - DAG(s) dict_keys(['example_branch_dop_operator_v3']) retrieved from /home/ubuntu/.local/lib/python3.8/site-packages/airflow/example_dags/example_branch_python_dop_operator_3.py
[2022-09-14 14:09:28,008] {logging_mixin.py:115} INFO - [2022-09-14 14:09:28,008] {dag.py:2420} INFO - Sync 1 DAGs
[2022-09-14 14:09:28,031] {logging_mixin.py:115} INFO - [2022-09-14 14:09:28,031] {dag.py:2968} INFO - Setting next_dagrun for example_branch_dop_operator_v3 to 2022-09-14T14:08:00+00:00, run_after=2022-09-14T14:09:00+00:00
[2022-09-14 14:09:28,048] {processor.py:161} INFO - Processing /home/ubuntu/.local/lib/python3.8/site-packages/airflow/example_dags/example_branch_python_dop_operator_3.py took 0.069 seconds
[2022-09-14 14:11:35,965] {processor.py:153} INFO - Started process (PID=8028) to work on /home/ubuntu/.local/lib/python3.8/site-packages/airflow/example_dags/example_branch_python_dop_operator_3.py
[2022-09-14 14:11:35,967] {processor.py:641} INFO - Processing file /home/ubuntu/.local/lib/python3.8/site-packages/airflow/example_dags/example_branch_python_dop_operator_3.py for tasks to queue
[2022-09-14 14:11:35,967] {logging_mixin.py:115} INFO - [2022-09-14 14:11:35,967] {dagbag.py:508} INFO - Filling up the DagBag from /home/ubuntu/.local/lib/python3.8/site-packages/airflow/example_dags/example_branch_python_dop_operator_3.py
[2022-09-14 14:11:35,978] {processor.py:651} INFO - DAG(s) dict_keys(['example_branch_dop_operator_v3']) retrieved from /home/ubuntu/.local/lib/python3.8/site-packages/airflow/example_dags/example_branch_python_dop_operator_3.py
[2022-09-14 14:11:35,994] {logging_mixin.py:115} INFO - [2022-09-14 14:11:35,994] {dag.py:2420} INFO - Sync 1 DAGs
[2022-09-14 14:11:36,017] {logging_mixin.py:115} INFO - [2022-09-14 14:11:36,017] {dag.py:2968} INFO - Setting next_dagrun for example_branch_dop_operator_v3 to 2022-09-14T14:10:00+00:00, run_after=2022-09-14T14:11:00+00:00
[2022-09-14 14:11:36,033] {processor.py:161} INFO - Processing /home/ubuntu/.local/lib/python3.8/site-packages/airflow/example_dags/example_branch_python_dop_operator_3.py took 0.071 seconds
[2022-09-14 14:12:38,098] {processor.py:153} INFO - Started process (PID=8325) to work on /home/ubuntu/.local/lib/python3.8/site-packages/airflow/example_dags/example_branch_python_dop_operator_3.py
[2022-09-14 14:12:38,100] {processor.py:641} INFO - Processing file /home/ubuntu/.local/lib/python3.8/site-packages/airflow/example_dags/example_branch_python_dop_operator_3.py for tasks to queue
[2022-09-14 14:12:38,100] {logging_mixin.py:115} INFO - [2022-09-14 14:12:38,100] {dagbag.py:508} INFO - Filling up the DagBag from /home/ubuntu/.local/lib/python3.8/site-packages/airflow/example_dags/example_branch_python_dop_operator_3.py
[2022-09-14 14:12:38,111] {processor.py:651} INFO - DAG(s) dict_keys(['example_branch_dop_operator_v3']) retrieved from /home/ubuntu/.local/lib/python3.8/site-packages/airflow/example_dags/example_branch_python_dop_operator_3.py
[2022-09-14 14:12:38,126] {logging_mixin.py:115} INFO - [2022-09-14 14:12:38,126] {dag.py:2420} INFO - Sync 1 DAGs
[2022-09-14 14:12:38,149] {logging_mixin.py:115} INFO - [2022-09-14 14:12:38,149] {dag.py:2968} INFO - Setting next_dagrun for example_branch_dop_operator_v3 to 2022-09-14T14:11:00+00:00, run_after=2022-09-14T14:12:00+00:00
[2022-09-14 14:12:38,165] {processor.py:161} INFO - Processing /home/ubuntu/.local/lib/python3.8/site-packages/airflow/example_dags/example_branch_python_dop_operator_3.py took 0.070 seconds
[2022-09-14 14:14:33,539] {processor.py:153} INFO - Started process (PID=9043) to work on /home/ubuntu/.local/lib/python3.8/site-packages/airflow/example_dags/example_branch_python_dop_operator_3.py
[2022-09-14 14:14:33,542] {processor.py:641} INFO - Processing file /home/ubuntu/.local/lib/python3.8/site-packages/airflow/example_dags/example_branch_python_dop_operator_3.py for tasks to queue
[2022-09-14 14:14:33,542] {logging_mixin.py:115} INFO - [2022-09-14 14:14:33,542] {dagbag.py:508} INFO - Filling up the DagBag from /home/ubuntu/.local/lib/python3.8/site-packages/airflow/example_dags/example_branch_python_dop_operator_3.py
[2022-09-14 14:14:33,553] {processor.py:651} INFO - DAG(s) dict_keys(['example_branch_dop_operator_v3']) retrieved from /home/ubuntu/.local/lib/python3.8/site-packages/airflow/example_dags/example_branch_python_dop_operator_3.py
[2022-09-14 14:14:33,569] {logging_mixin.py:115} INFO - [2022-09-14 14:14:33,569] {dag.py:2420} INFO - Sync 1 DAGs
[2022-09-14 14:14:33,592] {logging_mixin.py:115} INFO - [2022-09-14 14:14:33,592] {dag.py:2968} INFO - Setting next_dagrun for example_branch_dop_operator_v3 to 2022-09-14T14:13:00+00:00, run_after=2022-09-14T14:14:00+00:00
[2022-09-14 14:14:33,608] {processor.py:161} INFO - Processing /home/ubuntu/.local/lib/python3.8/site-packages/airflow/example_dags/example_branch_python_dop_operator_3.py took 0.072 seconds
[2022-09-14 20:21:56,000] {processor.py:153} INFO - Started process (PID=28320) to work on /home/ubuntu/.local/lib/python3.8/site-packages/airflow/example_dags/example_branch_python_dop_operator_3.py
[2022-09-14 20:21:56,002] {processor.py:641} INFO - Processing file /home/ubuntu/.local/lib/python3.8/site-packages/airflow/example_dags/example_branch_python_dop_operator_3.py for tasks to queue
[2022-09-14 20:21:56,002] {logging_mixin.py:115} INFO - [2022-09-14 20:21:56,002] {dagbag.py:508} INFO - Filling up the DagBag from /home/ubuntu/.local/lib/python3.8/site-packages/airflow/example_dags/example_branch_python_dop_operator_3.py
[2022-09-14 20:21:56,013] {processor.py:651} INFO - DAG(s) dict_keys(['example_branch_dop_operator_v3']) retrieved from /home/ubuntu/.local/lib/python3.8/site-packages/airflow/example_dags/example_branch_python_dop_operator_3.py
[2022-09-14 20:21:56,032] {logging_mixin.py:115} INFO - [2022-09-14 20:21:56,032] {dag.py:2420} INFO - Sync 1 DAGs
[2022-09-14 20:21:56,049] {logging_mixin.py:115} INFO - [2022-09-14 20:21:56,049] {dag.py:2968} INFO - Setting next_dagrun for example_branch_dop_operator_v3 to 2022-09-14T20:20:00+00:00, run_after=2022-09-14T20:21:00+00:00
[2022-09-14 20:21:56,064] {processor.py:161} INFO - Processing /home/ubuntu/.local/lib/python3.8/site-packages/airflow/example_dags/example_branch_python_dop_operator_3.py took 0.068 seconds
[2022-09-14 20:24:02,586] {processor.py:153} INFO - Started process (PID=29486) to work on /home/ubuntu/.local/lib/python3.8/site-packages/airflow/example_dags/example_branch_python_dop_operator_3.py
[2022-09-14 20:24:02,588] {processor.py:641} INFO - Processing file /home/ubuntu/.local/lib/python3.8/site-packages/airflow/example_dags/example_branch_python_dop_operator_3.py for tasks to queue
[2022-09-14 20:24:02,589] {logging_mixin.py:115} INFO - [2022-09-14 20:24:02,589] {dagbag.py:508} INFO - Filling up the DagBag from /home/ubuntu/.local/lib/python3.8/site-packages/airflow/example_dags/example_branch_python_dop_operator_3.py
[2022-09-14 20:24:02,599] {processor.py:651} INFO - DAG(s) dict_keys(['example_branch_dop_operator_v3']) retrieved from /home/ubuntu/.local/lib/python3.8/site-packages/airflow/example_dags/example_branch_python_dop_operator_3.py
[2022-09-14 20:24:02,618] {logging_mixin.py:115} INFO - [2022-09-14 20:24:02,618] {dag.py:2420} INFO - Sync 1 DAGs
[2022-09-14 20:24:02,637] {logging_mixin.py:115} INFO - [2022-09-14 20:24:02,637] {dag.py:2968} INFO - Setting next_dagrun for example_branch_dop_operator_v3 to 2022-09-14T20:23:00+00:00, run_after=2022-09-14T20:24:00+00:00
[2022-09-14 20:24:02,651] {processor.py:161} INFO - Processing /home/ubuntu/.local/lib/python3.8/site-packages/airflow/example_dags/example_branch_python_dop_operator_3.py took 0.070 seconds
[2022-09-14 20:24:37,196] {processor.py:153} INFO - Started process (PID=29608) to work on /home/ubuntu/.local/lib/python3.8/site-packages/airflow/example_dags/example_branch_python_dop_operator_3.py
[2022-09-14 20:24:37,197] {processor.py:641} INFO - Processing file /home/ubuntu/.local/lib/python3.8/site-packages/airflow/example_dags/example_branch_python_dop_operator_3.py for tasks to queue
[2022-09-14 20:24:37,197] {logging_mixin.py:115} INFO - [2022-09-14 20:24:37,197] {dagbag.py:508} INFO - Filling up the DagBag from /home/ubuntu/.local/lib/python3.8/site-packages/airflow/example_dags/example_branch_python_dop_operator_3.py
[2022-09-14 20:24:37,208] {processor.py:651} INFO - DAG(s) dict_keys(['example_branch_dop_operator_v3']) retrieved from /home/ubuntu/.local/lib/python3.8/site-packages/airflow/example_dags/example_branch_python_dop_operator_3.py
[2022-09-14 20:24:37,227] {logging_mixin.py:115} INFO - [2022-09-14 20:24:37,227] {dag.py:2420} INFO - Sync 1 DAGs
[2022-09-14 20:24:37,245] {logging_mixin.py:115} INFO - [2022-09-14 20:24:37,245] {dag.py:2968} INFO - Setting next_dagrun for example_branch_dop_operator_v3 to 2022-09-14T20:23:00+00:00, run_after=2022-09-14T20:24:00+00:00
[2022-09-14 20:24:37,265] {processor.py:161} INFO - Processing /home/ubuntu/.local/lib/python3.8/site-packages/airflow/example_dags/example_branch_python_dop_operator_3.py took 0.072 seconds
[2022-09-14 20:25:26,133] {processor.py:153} INFO - Started process (PID=29910) to work on /home/ubuntu/.local/lib/python3.8/site-packages/airflow/example_dags/example_branch_python_dop_operator_3.py
[2022-09-14 20:25:26,136] {processor.py:641} INFO - Processing file /home/ubuntu/.local/lib/python3.8/site-packages/airflow/example_dags/example_branch_python_dop_operator_3.py for tasks to queue
[2022-09-14 20:25:26,137] {logging_mixin.py:115} INFO - [2022-09-14 20:25:26,137] {dagbag.py:508} INFO - Filling up the DagBag from /home/ubuntu/.local/lib/python3.8/site-packages/airflow/example_dags/example_branch_python_dop_operator_3.py
[2022-09-14 20:25:26,148] {processor.py:651} INFO - DAG(s) dict_keys(['example_branch_dop_operator_v3']) retrieved from /home/ubuntu/.local/lib/python3.8/site-packages/airflow/example_dags/example_branch_python_dop_operator_3.py
[2022-09-14 20:25:26,164] {logging_mixin.py:115} INFO - [2022-09-14 20:25:26,163] {dag.py:2420} INFO - Sync 1 DAGs
[2022-09-14 20:25:26,186] {logging_mixin.py:115} INFO - [2022-09-14 20:25:26,186] {dag.py:2968} INFO - Setting next_dagrun for example_branch_dop_operator_v3 to 2022-09-14T20:24:00+00:00, run_after=2022-09-14T20:25:00+00:00
[2022-09-14 20:25:26,203] {processor.py:161} INFO - Processing /home/ubuntu/.local/lib/python3.8/site-packages/airflow/example_dags/example_branch_python_dop_operator_3.py took 0.073 seconds
[2022-09-14 20:26:01,522] {processor.py:153} INFO - Started process (PID=29951) to work on /home/ubuntu/.local/lib/python3.8/site-packages/airflow/example_dags/example_branch_python_dop_operator_3.py
[2022-09-14 20:26:01,524] {processor.py:641} INFO - Processing file /home/ubuntu/.local/lib/python3.8/site-packages/airflow/example_dags/example_branch_python_dop_operator_3.py for tasks to queue
[2022-09-14 20:26:01,524] {logging_mixin.py:115} INFO - [2022-09-14 20:26:01,524] {dagbag.py:508} INFO - Filling up the DagBag from /home/ubuntu/.local/lib/python3.8/site-packages/airflow/example_dags/example_branch_python_dop_operator_3.py
[2022-09-14 20:26:01,534] {processor.py:651} INFO - DAG(s) dict_keys(['example_branch_dop_operator_v3']) retrieved from /home/ubuntu/.local/lib/python3.8/site-packages/airflow/example_dags/example_branch_python_dop_operator_3.py
[2022-09-14 20:26:01,549] {logging_mixin.py:115} INFO - [2022-09-14 20:26:01,549] {dag.py:2420} INFO - Sync 1 DAGs
[2022-09-14 20:26:01,572] {logging_mixin.py:115} INFO - [2022-09-14 20:26:01,572] {dag.py:2968} INFO - Setting next_dagrun for example_branch_dop_operator_v3 to 2022-09-14T20:25:00+00:00, run_after=2022-09-14T20:26:00+00:00
[2022-09-14 20:26:01,586] {processor.py:161} INFO - Processing /home/ubuntu/.local/lib/python3.8/site-packages/airflow/example_dags/example_branch_python_dop_operator_3.py took 0.067 seconds
[2022-09-14 20:30:48,544] {processor.py:153} INFO - Started process (PID=33447) to work on /home/ubuntu/.local/lib/python3.8/site-packages/airflow/example_dags/example_branch_python_dop_operator_3.py
[2022-09-14 20:30:48,547] {processor.py:641} INFO - Processing file /home/ubuntu/.local/lib/python3.8/site-packages/airflow/example_dags/example_branch_python_dop_operator_3.py for tasks to queue
[2022-09-14 20:30:48,547] {logging_mixin.py:115} INFO - [2022-09-14 20:30:48,547] {dagbag.py:508} INFO - Filling up the DagBag from /home/ubuntu/.local/lib/python3.8/site-packages/airflow/example_dags/example_branch_python_dop_operator_3.py
[2022-09-14 20:30:48,557] {processor.py:651} INFO - DAG(s) dict_keys(['example_branch_dop_operator_v3']) retrieved from /home/ubuntu/.local/lib/python3.8/site-packages/airflow/example_dags/example_branch_python_dop_operator_3.py
[2022-09-14 20:30:48,573] {logging_mixin.py:115} INFO - [2022-09-14 20:30:48,573] {dag.py:2420} INFO - Sync 1 DAGs
[2022-09-14 20:30:48,591] {logging_mixin.py:115} INFO - [2022-09-14 20:30:48,591] {dag.py:2968} INFO - Setting next_dagrun for example_branch_dop_operator_v3 to 2022-09-14T20:29:00+00:00, run_after=2022-09-14T20:30:00+00:00
[2022-09-14 20:30:48,607] {processor.py:161} INFO - Processing /home/ubuntu/.local/lib/python3.8/site-packages/airflow/example_dags/example_branch_python_dop_operator_3.py took 0.067 seconds
[2022-09-14 20:31:23,694] {processor.py:153} INFO - Started process (PID=33768) to work on /home/ubuntu/.local/lib/python3.8/site-packages/airflow/example_dags/example_branch_python_dop_operator_3.py
[2022-09-14 20:31:23,695] {processor.py:641} INFO - Processing file /home/ubuntu/.local/lib/python3.8/site-packages/airflow/example_dags/example_branch_python_dop_operator_3.py for tasks to queue
[2022-09-14 20:31:23,696] {logging_mixin.py:115} INFO - [2022-09-14 20:31:23,695] {dagbag.py:508} INFO - Filling up the DagBag from /home/ubuntu/.local/lib/python3.8/site-packages/airflow/example_dags/example_branch_python_dop_operator_3.py
[2022-09-14 20:31:23,706] {processor.py:651} INFO - DAG(s) dict_keys(['example_branch_dop_operator_v3']) retrieved from /home/ubuntu/.local/lib/python3.8/site-packages/airflow/example_dags/example_branch_python_dop_operator_3.py
[2022-09-14 20:31:23,724] {logging_mixin.py:115} INFO - [2022-09-14 20:31:23,723] {dag.py:2420} INFO - Sync 1 DAGs
[2022-09-14 20:31:23,742] {logging_mixin.py:115} INFO - [2022-09-14 20:31:23,742] {dag.py:2968} INFO - Setting next_dagrun for example_branch_dop_operator_v3 to 2022-09-14T20:30:00+00:00, run_after=2022-09-14T20:31:00+00:00
[2022-09-14 20:31:23,757] {processor.py:161} INFO - Processing /home/ubuntu/.local/lib/python3.8/site-packages/airflow/example_dags/example_branch_python_dop_operator_3.py took 0.067 seconds
