[2022-09-14 14:09:21,591] {processor.py:153} INFO - Started process (PID=7570) to work on /home/ubuntu/.local/lib/python3.8/site-packages/airflow/example_dags/example_task_group.py
[2022-09-14 14:09:21,592] {processor.py:641} INFO - Processing file /home/ubuntu/.local/lib/python3.8/site-packages/airflow/example_dags/example_task_group.py for tasks to queue
[2022-09-14 14:09:21,592] {logging_mixin.py:115} INFO - [2022-09-14 14:09:21,592] {dagbag.py:508} INFO - Filling up the DagBag from /home/ubuntu/.local/lib/python3.8/site-packages/airflow/example_dags/example_task_group.py
[2022-09-14 14:09:21,599] {processor.py:651} INFO - DAG(s) dict_keys(['example_task_group']) retrieved from /home/ubuntu/.local/lib/python3.8/site-packages/airflow/example_dags/example_task_group.py
[2022-09-14 14:09:21,615] {logging_mixin.py:115} INFO - [2022-09-14 14:09:21,615] {dag.py:2420} INFO - Sync 1 DAGs
[2022-09-14 14:09:21,633] {logging_mixin.py:115} INFO - [2022-09-14 14:09:21,633] {dag.py:2968} INFO - Setting next_dagrun for example_task_group to 2022-09-13T14:09:21.633470+00:00, run_after=2022-09-14T14:09:21.633470+00:00
[2022-09-14 14:09:21,649] {processor.py:161} INFO - Processing /home/ubuntu/.local/lib/python3.8/site-packages/airflow/example_dags/example_task_group.py took 0.061 seconds
[2022-09-14 14:11:30,532] {processor.py:153} INFO - Started process (PID=8020) to work on /home/ubuntu/.local/lib/python3.8/site-packages/airflow/example_dags/example_task_group.py
[2022-09-14 14:11:30,534] {processor.py:641} INFO - Processing file /home/ubuntu/.local/lib/python3.8/site-packages/airflow/example_dags/example_task_group.py for tasks to queue
[2022-09-14 14:11:30,534] {logging_mixin.py:115} INFO - [2022-09-14 14:11:30,534] {dagbag.py:508} INFO - Filling up the DagBag from /home/ubuntu/.local/lib/python3.8/site-packages/airflow/example_dags/example_task_group.py
[2022-09-14 14:11:30,542] {processor.py:651} INFO - DAG(s) dict_keys(['example_task_group']) retrieved from /home/ubuntu/.local/lib/python3.8/site-packages/airflow/example_dags/example_task_group.py
[2022-09-14 14:11:30,558] {logging_mixin.py:115} INFO - [2022-09-14 14:11:30,558] {dag.py:2420} INFO - Sync 1 DAGs
[2022-09-14 14:11:30,578] {logging_mixin.py:115} INFO - [2022-09-14 14:11:30,578] {dag.py:2968} INFO - Setting next_dagrun for example_task_group to 2022-09-13T14:11:30.577789+00:00, run_after=2022-09-14T14:11:30.577789+00:00
[2022-09-14 14:11:30,600] {processor.py:161} INFO - Processing /home/ubuntu/.local/lib/python3.8/site-packages/airflow/example_dags/example_task_group.py took 0.071 seconds
[2022-09-14 14:12:32,662] {processor.py:153} INFO - Started process (PID=8279) to work on /home/ubuntu/.local/lib/python3.8/site-packages/airflow/example_dags/example_task_group.py
[2022-09-14 14:12:32,663] {processor.py:641} INFO - Processing file /home/ubuntu/.local/lib/python3.8/site-packages/airflow/example_dags/example_task_group.py for tasks to queue
[2022-09-14 14:12:32,664] {logging_mixin.py:115} INFO - [2022-09-14 14:12:32,664] {dagbag.py:508} INFO - Filling up the DagBag from /home/ubuntu/.local/lib/python3.8/site-packages/airflow/example_dags/example_task_group.py
[2022-09-14 14:12:32,671] {processor.py:651} INFO - DAG(s) dict_keys(['example_task_group']) retrieved from /home/ubuntu/.local/lib/python3.8/site-packages/airflow/example_dags/example_task_group.py
[2022-09-14 14:12:32,689] {logging_mixin.py:115} INFO - [2022-09-14 14:12:32,689] {dag.py:2420} INFO - Sync 1 DAGs
[2022-09-14 14:12:32,709] {logging_mixin.py:115} INFO - [2022-09-14 14:12:32,709] {dag.py:2968} INFO - Setting next_dagrun for example_task_group to 2022-09-13T14:12:32.708783+00:00, run_after=2022-09-14T14:12:32.708783+00:00
[2022-09-14 14:12:32,726] {processor.py:161} INFO - Processing /home/ubuntu/.local/lib/python3.8/site-packages/airflow/example_dags/example_task_group.py took 0.068 seconds
[2022-09-14 14:14:28,120] {processor.py:153} INFO - Started process (PID=9021) to work on /home/ubuntu/.local/lib/python3.8/site-packages/airflow/example_dags/example_task_group.py
[2022-09-14 14:14:28,122] {processor.py:641} INFO - Processing file /home/ubuntu/.local/lib/python3.8/site-packages/airflow/example_dags/example_task_group.py for tasks to queue
[2022-09-14 14:14:28,122] {logging_mixin.py:115} INFO - [2022-09-14 14:14:28,122] {dagbag.py:508} INFO - Filling up the DagBag from /home/ubuntu/.local/lib/python3.8/site-packages/airflow/example_dags/example_task_group.py
[2022-09-14 14:14:28,129] {processor.py:651} INFO - DAG(s) dict_keys(['example_task_group']) retrieved from /home/ubuntu/.local/lib/python3.8/site-packages/airflow/example_dags/example_task_group.py
[2022-09-14 14:14:28,146] {logging_mixin.py:115} INFO - [2022-09-14 14:14:28,146] {dag.py:2420} INFO - Sync 1 DAGs
[2022-09-14 14:14:28,164] {logging_mixin.py:115} INFO - [2022-09-14 14:14:28,164] {dag.py:2968} INFO - Setting next_dagrun for example_task_group to 2022-09-13T14:14:28.164186+00:00, run_after=2022-09-14T14:14:28.164186+00:00
[2022-09-14 14:14:28,178] {processor.py:161} INFO - Processing /home/ubuntu/.local/lib/python3.8/site-packages/airflow/example_dags/example_task_group.py took 0.061 seconds
[2022-09-14 20:21:50,212] {processor.py:153} INFO - Started process (PID=28245) to work on /home/ubuntu/.local/lib/python3.8/site-packages/airflow/example_dags/example_task_group.py
[2022-09-14 20:21:50,215] {processor.py:641} INFO - Processing file /home/ubuntu/.local/lib/python3.8/site-packages/airflow/example_dags/example_task_group.py for tasks to queue
[2022-09-14 20:21:50,215] {logging_mixin.py:115} INFO - [2022-09-14 20:21:50,215] {dagbag.py:508} INFO - Filling up the DagBag from /home/ubuntu/.local/lib/python3.8/site-packages/airflow/example_dags/example_task_group.py
[2022-09-14 20:21:50,223] {processor.py:651} INFO - DAG(s) dict_keys(['example_task_group']) retrieved from /home/ubuntu/.local/lib/python3.8/site-packages/airflow/example_dags/example_task_group.py
[2022-09-14 20:21:50,242] {logging_mixin.py:115} INFO - [2022-09-14 20:21:50,242] {dag.py:2420} INFO - Sync 1 DAGs
[2022-09-14 20:21:50,255] {logging_mixin.py:115} INFO - [2022-09-14 20:21:50,255] {dag.py:2968} INFO - Setting next_dagrun for example_task_group to 2022-09-13T20:21:50.255179+00:00, run_after=2022-09-14T20:21:50.255179+00:00
[2022-09-14 20:21:50,269] {processor.py:161} INFO - Processing /home/ubuntu/.local/lib/python3.8/site-packages/airflow/example_dags/example_task_group.py took 0.062 seconds
[2022-09-14 20:23:55,085] {processor.py:153} INFO - Started process (PID=29473) to work on /home/ubuntu/.local/lib/python3.8/site-packages/airflow/example_dags/example_task_group.py
[2022-09-14 20:23:55,087] {processor.py:641} INFO - Processing file /home/ubuntu/.local/lib/python3.8/site-packages/airflow/example_dags/example_task_group.py for tasks to queue
[2022-09-14 20:23:55,088] {logging_mixin.py:115} INFO - [2022-09-14 20:23:55,088] {dagbag.py:508} INFO - Filling up the DagBag from /home/ubuntu/.local/lib/python3.8/site-packages/airflow/example_dags/example_task_group.py
[2022-09-14 20:23:55,095] {processor.py:651} INFO - DAG(s) dict_keys(['example_task_group']) retrieved from /home/ubuntu/.local/lib/python3.8/site-packages/airflow/example_dags/example_task_group.py
[2022-09-14 20:23:55,116] {logging_mixin.py:115} INFO - [2022-09-14 20:23:55,115] {dag.py:2420} INFO - Sync 1 DAGs
[2022-09-14 20:23:55,129] {logging_mixin.py:115} INFO - [2022-09-14 20:23:55,129] {dag.py:2968} INFO - Setting next_dagrun for example_task_group to 2022-09-13T20:23:55.129187+00:00, run_after=2022-09-14T20:23:55.129187+00:00
[2022-09-14 20:23:55,144] {processor.py:161} INFO - Processing /home/ubuntu/.local/lib/python3.8/site-packages/airflow/example_dags/example_task_group.py took 0.062 seconds
[2022-09-14 20:24:30,563] {processor.py:153} INFO - Started process (PID=29594) to work on /home/ubuntu/.local/lib/python3.8/site-packages/airflow/example_dags/example_task_group.py
[2022-09-14 20:24:30,565] {processor.py:641} INFO - Processing file /home/ubuntu/.local/lib/python3.8/site-packages/airflow/example_dags/example_task_group.py for tasks to queue
[2022-09-14 20:24:30,566] {logging_mixin.py:115} INFO - [2022-09-14 20:24:30,566] {dagbag.py:508} INFO - Filling up the DagBag from /home/ubuntu/.local/lib/python3.8/site-packages/airflow/example_dags/example_task_group.py
[2022-09-14 20:24:30,573] {processor.py:651} INFO - DAG(s) dict_keys(['example_task_group']) retrieved from /home/ubuntu/.local/lib/python3.8/site-packages/airflow/example_dags/example_task_group.py
[2022-09-14 20:24:30,592] {logging_mixin.py:115} INFO - [2022-09-14 20:24:30,592] {dag.py:2420} INFO - Sync 1 DAGs
[2022-09-14 20:24:30,606] {logging_mixin.py:115} INFO - [2022-09-14 20:24:30,606] {dag.py:2968} INFO - Setting next_dagrun for example_task_group to 2022-09-13T20:24:30.606085+00:00, run_after=2022-09-14T20:24:30.606085+00:00
[2022-09-14 20:24:30,623] {processor.py:161} INFO - Processing /home/ubuntu/.local/lib/python3.8/site-packages/airflow/example_dags/example_task_group.py took 0.063 seconds
[2022-09-14 20:25:18,719] {processor.py:153} INFO - Started process (PID=29901) to work on /home/ubuntu/.local/lib/python3.8/site-packages/airflow/example_dags/example_task_group.py
[2022-09-14 20:25:18,720] {processor.py:641} INFO - Processing file /home/ubuntu/.local/lib/python3.8/site-packages/airflow/example_dags/example_task_group.py for tasks to queue
[2022-09-14 20:25:18,721] {logging_mixin.py:115} INFO - [2022-09-14 20:25:18,721] {dagbag.py:508} INFO - Filling up the DagBag from /home/ubuntu/.local/lib/python3.8/site-packages/airflow/example_dags/example_task_group.py
[2022-09-14 20:25:18,729] {processor.py:651} INFO - DAG(s) dict_keys(['example_task_group']) retrieved from /home/ubuntu/.local/lib/python3.8/site-packages/airflow/example_dags/example_task_group.py
[2022-09-14 20:25:18,747] {logging_mixin.py:115} INFO - [2022-09-14 20:25:18,747] {dag.py:2420} INFO - Sync 1 DAGs
[2022-09-14 20:25:18,766] {logging_mixin.py:115} INFO - [2022-09-14 20:25:18,766] {dag.py:2968} INFO - Setting next_dagrun for example_task_group to 2022-09-13T20:25:18.765809+00:00, run_after=2022-09-14T20:25:18.765809+00:00
[2022-09-14 20:25:18,785] {processor.py:161} INFO - Processing /home/ubuntu/.local/lib/python3.8/site-packages/airflow/example_dags/example_task_group.py took 0.069 seconds
[2022-09-14 20:25:54,798] {processor.py:153} INFO - Started process (PID=29944) to work on /home/ubuntu/.local/lib/python3.8/site-packages/airflow/example_dags/example_task_group.py
[2022-09-14 20:25:54,799] {processor.py:641} INFO - Processing file /home/ubuntu/.local/lib/python3.8/site-packages/airflow/example_dags/example_task_group.py for tasks to queue
[2022-09-14 20:25:54,800] {logging_mixin.py:115} INFO - [2022-09-14 20:25:54,800] {dagbag.py:508} INFO - Filling up the DagBag from /home/ubuntu/.local/lib/python3.8/site-packages/airflow/example_dags/example_task_group.py
[2022-09-14 20:25:54,808] {processor.py:651} INFO - DAG(s) dict_keys(['example_task_group']) retrieved from /home/ubuntu/.local/lib/python3.8/site-packages/airflow/example_dags/example_task_group.py
[2022-09-14 20:25:54,826] {logging_mixin.py:115} INFO - [2022-09-14 20:25:54,826] {dag.py:2420} INFO - Sync 1 DAGs
[2022-09-14 20:25:54,845] {logging_mixin.py:115} INFO - [2022-09-14 20:25:54,845] {dag.py:2968} INFO - Setting next_dagrun for example_task_group to 2022-09-13T20:25:54.844991+00:00, run_after=2022-09-14T20:25:54.844991+00:00
[2022-09-14 20:25:54,859] {processor.py:161} INFO - Processing /home/ubuntu/.local/lib/python3.8/site-packages/airflow/example_dags/example_task_group.py took 0.065 seconds
[2022-09-14 20:30:41,572] {processor.py:153} INFO - Started process (PID=33368) to work on /home/ubuntu/.local/lib/python3.8/site-packages/airflow/example_dags/example_task_group.py
[2022-09-14 20:30:41,574] {processor.py:641} INFO - Processing file /home/ubuntu/.local/lib/python3.8/site-packages/airflow/example_dags/example_task_group.py for tasks to queue
[2022-09-14 20:30:41,575] {logging_mixin.py:115} INFO - [2022-09-14 20:30:41,575] {dagbag.py:508} INFO - Filling up the DagBag from /home/ubuntu/.local/lib/python3.8/site-packages/airflow/example_dags/example_task_group.py
[2022-09-14 20:30:41,582] {processor.py:651} INFO - DAG(s) dict_keys(['example_task_group']) retrieved from /home/ubuntu/.local/lib/python3.8/site-packages/airflow/example_dags/example_task_group.py
[2022-09-14 20:30:41,599] {logging_mixin.py:115} INFO - [2022-09-14 20:30:41,599] {dag.py:2420} INFO - Sync 1 DAGs
[2022-09-14 20:30:41,614] {logging_mixin.py:115} INFO - [2022-09-14 20:30:41,613] {dag.py:2968} INFO - Setting next_dagrun for example_task_group to 2022-09-13T20:30:41.613625+00:00, run_after=2022-09-14T20:30:41.613625+00:00
[2022-09-14 20:30:41,637] {processor.py:161} INFO - Processing /home/ubuntu/.local/lib/python3.8/site-packages/airflow/example_dags/example_task_group.py took 0.069 seconds
[2022-09-14 20:31:16,812] {processor.py:153} INFO - Started process (PID=33720) to work on /home/ubuntu/.local/lib/python3.8/site-packages/airflow/example_dags/example_task_group.py
[2022-09-14 20:31:16,815] {processor.py:641} INFO - Processing file /home/ubuntu/.local/lib/python3.8/site-packages/airflow/example_dags/example_task_group.py for tasks to queue
[2022-09-14 20:31:16,816] {logging_mixin.py:115} INFO - [2022-09-14 20:31:16,816] {dagbag.py:508} INFO - Filling up the DagBag from /home/ubuntu/.local/lib/python3.8/site-packages/airflow/example_dags/example_task_group.py
[2022-09-14 20:31:16,826] {processor.py:651} INFO - DAG(s) dict_keys(['example_task_group']) retrieved from /home/ubuntu/.local/lib/python3.8/site-packages/airflow/example_dags/example_task_group.py
[2022-09-14 20:31:16,849] {logging_mixin.py:115} INFO - [2022-09-14 20:31:16,849] {dag.py:2420} INFO - Sync 1 DAGs
[2022-09-14 20:31:16,868] {logging_mixin.py:115} INFO - [2022-09-14 20:31:16,868] {dag.py:2968} INFO - Setting next_dagrun for example_task_group to 2022-09-13T20:31:16.868010+00:00, run_after=2022-09-14T20:31:16.868010+00:00
[2022-09-14 20:31:16,884] {processor.py:161} INFO - Processing /home/ubuntu/.local/lib/python3.8/site-packages/airflow/example_dags/example_task_group.py took 0.076 seconds
