[2022-09-14 14:09:25,241] {processor.py:153} INFO - Started process (PID=7575) to work on /home/ubuntu/.local/lib/python3.8/site-packages/airflow/example_dags/example_short_circuit_operator.py
[2022-09-14 14:09:25,241] {processor.py:641} INFO - Processing file /home/ubuntu/.local/lib/python3.8/site-packages/airflow/example_dags/example_short_circuit_operator.py for tasks to queue
[2022-09-14 14:09:25,242] {logging_mixin.py:115} INFO - [2022-09-14 14:09:25,242] {dagbag.py:508} INFO - Filling up the DagBag from /home/ubuntu/.local/lib/python3.8/site-packages/airflow/example_dags/example_short_circuit_operator.py
[2022-09-14 14:09:25,251] {processor.py:651} INFO - DAG(s) dict_keys(['example_short_circuit_operator']) retrieved from /home/ubuntu/.local/lib/python3.8/site-packages/airflow/example_dags/example_short_circuit_operator.py
[2022-09-14 14:09:25,270] {logging_mixin.py:115} INFO - [2022-09-14 14:09:25,270] {dag.py:2420} INFO - Sync 1 DAGs
[2022-09-14 14:09:25,285] {logging_mixin.py:115} INFO - [2022-09-14 14:09:25,285] {dag.py:2968} INFO - Setting next_dagrun for example_short_circuit_operator to 2022-09-13T14:09:25.285436+00:00, run_after=2022-09-14T14:09:25.285436+00:00
[2022-09-14 14:09:25,302] {processor.py:161} INFO - Processing /home/ubuntu/.local/lib/python3.8/site-packages/airflow/example_dags/example_short_circuit_operator.py took 0.064 seconds
[2022-09-14 14:11:34,325] {processor.py:153} INFO - Started process (PID=8025) to work on /home/ubuntu/.local/lib/python3.8/site-packages/airflow/example_dags/example_short_circuit_operator.py
[2022-09-14 14:11:34,327] {processor.py:641} INFO - Processing file /home/ubuntu/.local/lib/python3.8/site-packages/airflow/example_dags/example_short_circuit_operator.py for tasks to queue
[2022-09-14 14:11:34,327] {logging_mixin.py:115} INFO - [2022-09-14 14:11:34,327] {dagbag.py:508} INFO - Filling up the DagBag from /home/ubuntu/.local/lib/python3.8/site-packages/airflow/example_dags/example_short_circuit_operator.py
[2022-09-14 14:11:34,336] {processor.py:651} INFO - DAG(s) dict_keys(['example_short_circuit_operator']) retrieved from /home/ubuntu/.local/lib/python3.8/site-packages/airflow/example_dags/example_short_circuit_operator.py
[2022-09-14 14:11:34,353] {logging_mixin.py:115} INFO - [2022-09-14 14:11:34,353] {dag.py:2420} INFO - Sync 1 DAGs
[2022-09-14 14:11:34,371] {logging_mixin.py:115} INFO - [2022-09-14 14:11:34,371] {dag.py:2968} INFO - Setting next_dagrun for example_short_circuit_operator to 2022-09-13T14:11:34.370840+00:00, run_after=2022-09-14T14:11:34.370840+00:00
[2022-09-14 14:11:34,386] {processor.py:161} INFO - Processing /home/ubuntu/.local/lib/python3.8/site-packages/airflow/example_dags/example_short_circuit_operator.py took 0.065 seconds
[2022-09-14 14:12:36,459] {processor.py:153} INFO - Started process (PID=8313) to work on /home/ubuntu/.local/lib/python3.8/site-packages/airflow/example_dags/example_short_circuit_operator.py
[2022-09-14 14:12:36,461] {processor.py:641} INFO - Processing file /home/ubuntu/.local/lib/python3.8/site-packages/airflow/example_dags/example_short_circuit_operator.py for tasks to queue
[2022-09-14 14:12:36,462] {logging_mixin.py:115} INFO - [2022-09-14 14:12:36,462] {dagbag.py:508} INFO - Filling up the DagBag from /home/ubuntu/.local/lib/python3.8/site-packages/airflow/example_dags/example_short_circuit_operator.py
[2022-09-14 14:12:36,471] {processor.py:651} INFO - DAG(s) dict_keys(['example_short_circuit_operator']) retrieved from /home/ubuntu/.local/lib/python3.8/site-packages/airflow/example_dags/example_short_circuit_operator.py
[2022-09-14 14:12:36,488] {logging_mixin.py:115} INFO - [2022-09-14 14:12:36,488] {dag.py:2420} INFO - Sync 1 DAGs
[2022-09-14 14:12:36,508] {logging_mixin.py:115} INFO - [2022-09-14 14:12:36,508] {dag.py:2968} INFO - Setting next_dagrun for example_short_circuit_operator to 2022-09-13T14:12:36.507662+00:00, run_after=2022-09-14T14:12:36.507662+00:00
[2022-09-14 14:12:36,522] {processor.py:161} INFO - Processing /home/ubuntu/.local/lib/python3.8/site-packages/airflow/example_dags/example_short_circuit_operator.py took 0.066 seconds
[2022-09-14 14:14:31,804] {processor.py:153} INFO - Started process (PID=9034) to work on /home/ubuntu/.local/lib/python3.8/site-packages/airflow/example_dags/example_short_circuit_operator.py
[2022-09-14 14:14:31,806] {processor.py:641} INFO - Processing file /home/ubuntu/.local/lib/python3.8/site-packages/airflow/example_dags/example_short_circuit_operator.py for tasks to queue
[2022-09-14 14:14:31,807] {logging_mixin.py:115} INFO - [2022-09-14 14:14:31,807] {dagbag.py:508} INFO - Filling up the DagBag from /home/ubuntu/.local/lib/python3.8/site-packages/airflow/example_dags/example_short_circuit_operator.py
[2022-09-14 14:14:31,816] {processor.py:651} INFO - DAG(s) dict_keys(['example_short_circuit_operator']) retrieved from /home/ubuntu/.local/lib/python3.8/site-packages/airflow/example_dags/example_short_circuit_operator.py
[2022-09-14 14:14:31,833] {logging_mixin.py:115} INFO - [2022-09-14 14:14:31,833] {dag.py:2420} INFO - Sync 1 DAGs
[2022-09-14 14:14:31,852] {logging_mixin.py:115} INFO - [2022-09-14 14:14:31,852] {dag.py:2968} INFO - Setting next_dagrun for example_short_circuit_operator to 2022-09-13T14:14:31.852519+00:00, run_after=2022-09-14T14:14:31.852519+00:00
[2022-09-14 14:14:31,868] {processor.py:161} INFO - Processing /home/ubuntu/.local/lib/python3.8/site-packages/airflow/example_dags/example_short_circuit_operator.py took 0.067 seconds
[2022-09-14 20:21:53,186] {processor.py:153} INFO - Started process (PID=28295) to work on /home/ubuntu/.local/lib/python3.8/site-packages/airflow/example_dags/example_short_circuit_operator.py
[2022-09-14 20:21:53,188] {processor.py:641} INFO - Processing file /home/ubuntu/.local/lib/python3.8/site-packages/airflow/example_dags/example_short_circuit_operator.py for tasks to queue
[2022-09-14 20:21:53,189] {logging_mixin.py:115} INFO - [2022-09-14 20:21:53,189] {dagbag.py:508} INFO - Filling up the DagBag from /home/ubuntu/.local/lib/python3.8/site-packages/airflow/example_dags/example_short_circuit_operator.py
[2022-09-14 20:21:53,203] {processor.py:651} INFO - DAG(s) dict_keys(['example_short_circuit_operator']) retrieved from /home/ubuntu/.local/lib/python3.8/site-packages/airflow/example_dags/example_short_circuit_operator.py
[2022-09-14 20:21:53,220] {logging_mixin.py:115} INFO - [2022-09-14 20:21:53,220] {dag.py:2420} INFO - Sync 1 DAGs
[2022-09-14 20:21:53,233] {logging_mixin.py:115} INFO - [2022-09-14 20:21:53,233] {dag.py:2968} INFO - Setting next_dagrun for example_short_circuit_operator to 2022-09-13T20:21:53.233333+00:00, run_after=2022-09-14T20:21:53.233333+00:00
[2022-09-14 20:21:53,251] {processor.py:161} INFO - Processing /home/ubuntu/.local/lib/python3.8/site-packages/airflow/example_dags/example_short_circuit_operator.py took 0.070 seconds
[2022-09-14 20:23:58,970] {processor.py:153} INFO - Started process (PID=29477) to work on /home/ubuntu/.local/lib/python3.8/site-packages/airflow/example_dags/example_short_circuit_operator.py
[2022-09-14 20:23:58,971] {processor.py:641} INFO - Processing file /home/ubuntu/.local/lib/python3.8/site-packages/airflow/example_dags/example_short_circuit_operator.py for tasks to queue
[2022-09-14 20:23:58,972] {logging_mixin.py:115} INFO - [2022-09-14 20:23:58,972] {dagbag.py:508} INFO - Filling up the DagBag from /home/ubuntu/.local/lib/python3.8/site-packages/airflow/example_dags/example_short_circuit_operator.py
[2022-09-14 20:23:58,985] {processor.py:651} INFO - DAG(s) dict_keys(['example_short_circuit_operator']) retrieved from /home/ubuntu/.local/lib/python3.8/site-packages/airflow/example_dags/example_short_circuit_operator.py
[2022-09-14 20:23:59,001] {logging_mixin.py:115} INFO - [2022-09-14 20:23:59,001] {dag.py:2420} INFO - Sync 1 DAGs
[2022-09-14 20:23:59,015] {logging_mixin.py:115} INFO - [2022-09-14 20:23:59,015] {dag.py:2968} INFO - Setting next_dagrun for example_short_circuit_operator to 2022-09-13T20:23:59.015054+00:00, run_after=2022-09-14T20:23:59.015054+00:00
[2022-09-14 20:23:59,057] {processor.py:161} INFO - Processing /home/ubuntu/.local/lib/python3.8/site-packages/airflow/example_dags/example_short_circuit_operator.py took 0.091 seconds
[2022-09-14 20:24:34,243] {processor.py:153} INFO - Started process (PID=29605) to work on /home/ubuntu/.local/lib/python3.8/site-packages/airflow/example_dags/example_short_circuit_operator.py
[2022-09-14 20:24:34,244] {processor.py:641} INFO - Processing file /home/ubuntu/.local/lib/python3.8/site-packages/airflow/example_dags/example_short_circuit_operator.py for tasks to queue
[2022-09-14 20:24:34,244] {logging_mixin.py:115} INFO - [2022-09-14 20:24:34,244] {dagbag.py:508} INFO - Filling up the DagBag from /home/ubuntu/.local/lib/python3.8/site-packages/airflow/example_dags/example_short_circuit_operator.py
[2022-09-14 20:24:34,257] {processor.py:651} INFO - DAG(s) dict_keys(['example_short_circuit_operator']) retrieved from /home/ubuntu/.local/lib/python3.8/site-packages/airflow/example_dags/example_short_circuit_operator.py
[2022-09-14 20:24:34,273] {logging_mixin.py:115} INFO - [2022-09-14 20:24:34,273] {dag.py:2420} INFO - Sync 1 DAGs
[2022-09-14 20:24:34,286] {logging_mixin.py:115} INFO - [2022-09-14 20:24:34,286] {dag.py:2968} INFO - Setting next_dagrun for example_short_circuit_operator to 2022-09-13T20:24:34.286161+00:00, run_after=2022-09-14T20:24:34.286161+00:00
[2022-09-14 20:24:34,300] {processor.py:161} INFO - Processing /home/ubuntu/.local/lib/python3.8/site-packages/airflow/example_dags/example_short_circuit_operator.py took 0.061 seconds
[2022-09-14 20:25:22,568] {processor.py:153} INFO - Started process (PID=29905) to work on /home/ubuntu/.local/lib/python3.8/site-packages/airflow/example_dags/example_short_circuit_operator.py
[2022-09-14 20:25:22,569] {processor.py:641} INFO - Processing file /home/ubuntu/.local/lib/python3.8/site-packages/airflow/example_dags/example_short_circuit_operator.py for tasks to queue
[2022-09-14 20:25:22,570] {logging_mixin.py:115} INFO - [2022-09-14 20:25:22,570] {dagbag.py:508} INFO - Filling up the DagBag from /home/ubuntu/.local/lib/python3.8/site-packages/airflow/example_dags/example_short_circuit_operator.py
[2022-09-14 20:25:22,579] {processor.py:651} INFO - DAG(s) dict_keys(['example_short_circuit_operator']) retrieved from /home/ubuntu/.local/lib/python3.8/site-packages/airflow/example_dags/example_short_circuit_operator.py
[2022-09-14 20:25:22,598] {logging_mixin.py:115} INFO - [2022-09-14 20:25:22,598] {dag.py:2420} INFO - Sync 1 DAGs
[2022-09-14 20:25:22,617] {logging_mixin.py:115} INFO - [2022-09-14 20:25:22,617] {dag.py:2968} INFO - Setting next_dagrun for example_short_circuit_operator to 2022-09-13T20:25:22.617422+00:00, run_after=2022-09-14T20:25:22.617422+00:00
[2022-09-14 20:25:22,632] {processor.py:161} INFO - Processing /home/ubuntu/.local/lib/python3.8/site-packages/airflow/example_dags/example_short_circuit_operator.py took 0.068 seconds
[2022-09-14 20:25:58,796] {processor.py:153} INFO - Started process (PID=29948) to work on /home/ubuntu/.local/lib/python3.8/site-packages/airflow/example_dags/example_short_circuit_operator.py
[2022-09-14 20:25:58,797] {processor.py:641} INFO - Processing file /home/ubuntu/.local/lib/python3.8/site-packages/airflow/example_dags/example_short_circuit_operator.py for tasks to queue
[2022-09-14 20:25:58,798] {logging_mixin.py:115} INFO - [2022-09-14 20:25:58,798] {dagbag.py:508} INFO - Filling up the DagBag from /home/ubuntu/.local/lib/python3.8/site-packages/airflow/example_dags/example_short_circuit_operator.py
[2022-09-14 20:25:58,808] {processor.py:651} INFO - DAG(s) dict_keys(['example_short_circuit_operator']) retrieved from /home/ubuntu/.local/lib/python3.8/site-packages/airflow/example_dags/example_short_circuit_operator.py
[2022-09-14 20:25:58,825] {logging_mixin.py:115} INFO - [2022-09-14 20:25:58,825] {dag.py:2420} INFO - Sync 1 DAGs
[2022-09-14 20:25:58,844] {logging_mixin.py:115} INFO - [2022-09-14 20:25:58,844] {dag.py:2968} INFO - Setting next_dagrun for example_short_circuit_operator to 2022-09-13T20:25:58.844561+00:00, run_after=2022-09-14T20:25:58.844561+00:00
[2022-09-14 20:25:58,859] {processor.py:161} INFO - Processing /home/ubuntu/.local/lib/python3.8/site-packages/airflow/example_dags/example_short_circuit_operator.py took 0.067 seconds
[2022-09-14 20:30:45,685] {processor.py:153} INFO - Started process (PID=33424) to work on /home/ubuntu/.local/lib/python3.8/site-packages/airflow/example_dags/example_short_circuit_operator.py
[2022-09-14 20:30:45,688] {processor.py:641} INFO - Processing file /home/ubuntu/.local/lib/python3.8/site-packages/airflow/example_dags/example_short_circuit_operator.py for tasks to queue
[2022-09-14 20:30:45,688] {logging_mixin.py:115} INFO - [2022-09-14 20:30:45,688] {dagbag.py:508} INFO - Filling up the DagBag from /home/ubuntu/.local/lib/python3.8/site-packages/airflow/example_dags/example_short_circuit_operator.py
[2022-09-14 20:30:45,698] {processor.py:651} INFO - DAG(s) dict_keys(['example_short_circuit_operator']) retrieved from /home/ubuntu/.local/lib/python3.8/site-packages/airflow/example_dags/example_short_circuit_operator.py
[2022-09-14 20:30:45,715] {logging_mixin.py:115} INFO - [2022-09-14 20:30:45,715] {dag.py:2420} INFO - Sync 1 DAGs
[2022-09-14 20:30:45,729] {logging_mixin.py:115} INFO - [2022-09-14 20:30:45,729] {dag.py:2968} INFO - Setting next_dagrun for example_short_circuit_operator to 2022-09-13T20:30:45.728805+00:00, run_after=2022-09-14T20:30:45.728805+00:00
[2022-09-14 20:30:45,745] {processor.py:161} INFO - Processing /home/ubuntu/.local/lib/python3.8/site-packages/airflow/example_dags/example_short_circuit_operator.py took 0.063 seconds
[2022-09-14 20:31:20,848] {processor.py:153} INFO - Started process (PID=33758) to work on /home/ubuntu/.local/lib/python3.8/site-packages/airflow/example_dags/example_short_circuit_operator.py
[2022-09-14 20:31:20,849] {processor.py:641} INFO - Processing file /home/ubuntu/.local/lib/python3.8/site-packages/airflow/example_dags/example_short_circuit_operator.py for tasks to queue
[2022-09-14 20:31:20,850] {logging_mixin.py:115} INFO - [2022-09-14 20:31:20,850] {dagbag.py:508} INFO - Filling up the DagBag from /home/ubuntu/.local/lib/python3.8/site-packages/airflow/example_dags/example_short_circuit_operator.py
[2022-09-14 20:31:20,859] {processor.py:651} INFO - DAG(s) dict_keys(['example_short_circuit_operator']) retrieved from /home/ubuntu/.local/lib/python3.8/site-packages/airflow/example_dags/example_short_circuit_operator.py
[2022-09-14 20:31:20,877] {logging_mixin.py:115} INFO - [2022-09-14 20:31:20,877] {dag.py:2420} INFO - Sync 1 DAGs
[2022-09-14 20:31:20,891] {logging_mixin.py:115} INFO - [2022-09-14 20:31:20,891] {dag.py:2968} INFO - Setting next_dagrun for example_short_circuit_operator to 2022-09-13T20:31:20.891463+00:00, run_after=2022-09-14T20:31:20.891463+00:00
[2022-09-14 20:31:20,906] {processor.py:161} INFO - Processing /home/ubuntu/.local/lib/python3.8/site-packages/airflow/example_dags/example_short_circuit_operator.py took 0.062 seconds
