[2022-09-14 14:09:22,882] {processor.py:153} INFO - Started process (PID=7573) to work on /home/ubuntu/.local/lib/python3.8/site-packages/airflow/example_dags/example_dag_decorator.py
[2022-09-14 14:09:22,883] {processor.py:641} INFO - Processing file /home/ubuntu/.local/lib/python3.8/site-packages/airflow/example_dags/example_dag_decorator.py for tasks to queue
[2022-09-14 14:09:22,883] {logging_mixin.py:115} INFO - [2022-09-14 14:09:22,883] {dagbag.py:508} INFO - Filling up the DagBag from /home/ubuntu/.local/lib/python3.8/site-packages/airflow/example_dags/example_dag_decorator.py
[2022-09-14 14:09:22,908] {processor.py:651} INFO - DAG(s) dict_keys(['example_dag_decorator']) retrieved from /home/ubuntu/.local/lib/python3.8/site-packages/airflow/example_dags/example_dag_decorator.py
[2022-09-14 14:09:22,946] {logging_mixin.py:115} INFO - [2022-09-14 14:09:22,946] {dag.py:2420} INFO - Sync 1 DAGs
[2022-09-14 14:09:22,960] {logging_mixin.py:115} INFO - [2022-09-14 14:09:22,960] {dag.py:2968} INFO - Setting next_dagrun for example_dag_decorator to None, run_after=None
[2022-09-14 14:09:22,977] {processor.py:161} INFO - Processing /home/ubuntu/.local/lib/python3.8/site-packages/airflow/example_dags/example_dag_decorator.py took 0.097 seconds
[2022-09-14 14:11:31,965] {processor.py:153} INFO - Started process (PID=8022) to work on /home/ubuntu/.local/lib/python3.8/site-packages/airflow/example_dags/example_dag_decorator.py
[2022-09-14 14:11:31,967] {processor.py:641} INFO - Processing file /home/ubuntu/.local/lib/python3.8/site-packages/airflow/example_dags/example_dag_decorator.py for tasks to queue
[2022-09-14 14:11:31,968] {logging_mixin.py:115} INFO - [2022-09-14 14:11:31,968] {dagbag.py:508} INFO - Filling up the DagBag from /home/ubuntu/.local/lib/python3.8/site-packages/airflow/example_dags/example_dag_decorator.py
[2022-09-14 14:11:31,993] {processor.py:651} INFO - DAG(s) dict_keys(['example_dag_decorator']) retrieved from /home/ubuntu/.local/lib/python3.8/site-packages/airflow/example_dags/example_dag_decorator.py
[2022-09-14 14:11:32,032] {logging_mixin.py:115} INFO - [2022-09-14 14:11:32,032] {dag.py:2420} INFO - Sync 1 DAGs
[2022-09-14 14:11:32,046] {logging_mixin.py:115} INFO - [2022-09-14 14:11:32,046] {dag.py:2968} INFO - Setting next_dagrun for example_dag_decorator to None, run_after=None
[2022-09-14 14:11:32,063] {processor.py:161} INFO - Processing /home/ubuntu/.local/lib/python3.8/site-packages/airflow/example_dags/example_dag_decorator.py took 0.101 seconds
[2022-09-14 14:12:34,099] {processor.py:153} INFO - Started process (PID=8291) to work on /home/ubuntu/.local/lib/python3.8/site-packages/airflow/example_dags/example_dag_decorator.py
[2022-09-14 14:12:34,101] {processor.py:641} INFO - Processing file /home/ubuntu/.local/lib/python3.8/site-packages/airflow/example_dags/example_dag_decorator.py for tasks to queue
[2022-09-14 14:12:34,101] {logging_mixin.py:115} INFO - [2022-09-14 14:12:34,101] {dagbag.py:508} INFO - Filling up the DagBag from /home/ubuntu/.local/lib/python3.8/site-packages/airflow/example_dags/example_dag_decorator.py
[2022-09-14 14:12:34,128] {processor.py:651} INFO - DAG(s) dict_keys(['example_dag_decorator']) retrieved from /home/ubuntu/.local/lib/python3.8/site-packages/airflow/example_dags/example_dag_decorator.py
[2022-09-14 14:12:34,168] {logging_mixin.py:115} INFO - [2022-09-14 14:12:34,168] {dag.py:2420} INFO - Sync 1 DAGs
[2022-09-14 14:12:34,181] {logging_mixin.py:115} INFO - [2022-09-14 14:12:34,181] {dag.py:2968} INFO - Setting next_dagrun for example_dag_decorator to None, run_after=None
[2022-09-14 14:12:34,197] {processor.py:161} INFO - Processing /home/ubuntu/.local/lib/python3.8/site-packages/airflow/example_dags/example_dag_decorator.py took 0.101 seconds
[2022-09-14 14:14:29,540] {processor.py:153} INFO - Started process (PID=9025) to work on /home/ubuntu/.local/lib/python3.8/site-packages/airflow/example_dags/example_dag_decorator.py
[2022-09-14 14:14:29,542] {processor.py:641} INFO - Processing file /home/ubuntu/.local/lib/python3.8/site-packages/airflow/example_dags/example_dag_decorator.py for tasks to queue
[2022-09-14 14:14:29,543] {logging_mixin.py:115} INFO - [2022-09-14 14:14:29,542] {dagbag.py:508} INFO - Filling up the DagBag from /home/ubuntu/.local/lib/python3.8/site-packages/airflow/example_dags/example_dag_decorator.py
[2022-09-14 14:14:29,568] {processor.py:651} INFO - DAG(s) dict_keys(['example_dag_decorator']) retrieved from /home/ubuntu/.local/lib/python3.8/site-packages/airflow/example_dags/example_dag_decorator.py
[2022-09-14 14:14:29,606] {logging_mixin.py:115} INFO - [2022-09-14 14:14:29,606] {dag.py:2420} INFO - Sync 1 DAGs
[2022-09-14 14:14:29,618] {logging_mixin.py:115} INFO - [2022-09-14 14:14:29,618] {dag.py:2968} INFO - Setting next_dagrun for example_dag_decorator to None, run_after=None
[2022-09-14 14:14:29,633] {processor.py:161} INFO - Processing /home/ubuntu/.local/lib/python3.8/site-packages/airflow/example_dags/example_dag_decorator.py took 0.097 seconds
[2022-09-14 20:21:50,729] {processor.py:153} INFO - Started process (PID=28247) to work on /home/ubuntu/.local/lib/python3.8/site-packages/airflow/example_dags/example_dag_decorator.py
[2022-09-14 20:21:50,732] {processor.py:641} INFO - Processing file /home/ubuntu/.local/lib/python3.8/site-packages/airflow/example_dags/example_dag_decorator.py for tasks to queue
[2022-09-14 20:21:50,733] {logging_mixin.py:115} INFO - [2022-09-14 20:21:50,732] {dagbag.py:508} INFO - Filling up the DagBag from /home/ubuntu/.local/lib/python3.8/site-packages/airflow/example_dags/example_dag_decorator.py
[2022-09-14 20:21:50,760] {processor.py:651} INFO - DAG(s) dict_keys(['example_dag_decorator']) retrieved from /home/ubuntu/.local/lib/python3.8/site-packages/airflow/example_dags/example_dag_decorator.py
[2022-09-14 20:21:50,799] {logging_mixin.py:115} INFO - [2022-09-14 20:21:50,799] {dag.py:2420} INFO - Sync 1 DAGs
[2022-09-14 20:21:50,810] {logging_mixin.py:115} INFO - [2022-09-14 20:21:50,810] {dag.py:2968} INFO - Setting next_dagrun for example_dag_decorator to None, run_after=None
[2022-09-14 20:21:50,824] {processor.py:161} INFO - Processing /home/ubuntu/.local/lib/python3.8/site-packages/airflow/example_dags/example_dag_decorator.py took 0.099 seconds
[2022-09-14 20:23:57,399] {processor.py:153} INFO - Started process (PID=29475) to work on /home/ubuntu/.local/lib/python3.8/site-packages/airflow/example_dags/example_dag_decorator.py
[2022-09-14 20:23:57,401] {processor.py:641} INFO - Processing file /home/ubuntu/.local/lib/python3.8/site-packages/airflow/example_dags/example_dag_decorator.py for tasks to queue
[2022-09-14 20:23:57,401] {logging_mixin.py:115} INFO - [2022-09-14 20:23:57,401] {dagbag.py:508} INFO - Filling up the DagBag from /home/ubuntu/.local/lib/python3.8/site-packages/airflow/example_dags/example_dag_decorator.py
[2022-09-14 20:23:57,428] {processor.py:651} INFO - DAG(s) dict_keys(['example_dag_decorator']) retrieved from /home/ubuntu/.local/lib/python3.8/site-packages/airflow/example_dags/example_dag_decorator.py
[2022-09-14 20:23:57,467] {logging_mixin.py:115} INFO - [2022-09-14 20:23:57,467] {dag.py:2420} INFO - Sync 1 DAGs
[2022-09-14 20:23:57,478] {logging_mixin.py:115} INFO - [2022-09-14 20:23:57,478] {dag.py:2968} INFO - Setting next_dagrun for example_dag_decorator to None, run_after=None
[2022-09-14 20:23:57,496] {processor.py:161} INFO - Processing /home/ubuntu/.local/lib/python3.8/site-packages/airflow/example_dags/example_dag_decorator.py took 0.101 seconds
[2022-09-14 20:24:31,931] {processor.py:153} INFO - Started process (PID=29596) to work on /home/ubuntu/.local/lib/python3.8/site-packages/airflow/example_dags/example_dag_decorator.py
[2022-09-14 20:24:31,931] {processor.py:641} INFO - Processing file /home/ubuntu/.local/lib/python3.8/site-packages/airflow/example_dags/example_dag_decorator.py for tasks to queue
[2022-09-14 20:24:31,932] {logging_mixin.py:115} INFO - [2022-09-14 20:24:31,932] {dagbag.py:508} INFO - Filling up the DagBag from /home/ubuntu/.local/lib/python3.8/site-packages/airflow/example_dags/example_dag_decorator.py
[2022-09-14 20:24:31,957] {processor.py:651} INFO - DAG(s) dict_keys(['example_dag_decorator']) retrieved from /home/ubuntu/.local/lib/python3.8/site-packages/airflow/example_dags/example_dag_decorator.py
[2022-09-14 20:24:31,995] {logging_mixin.py:115} INFO - [2022-09-14 20:24:31,995] {dag.py:2420} INFO - Sync 1 DAGs
[2022-09-14 20:24:32,006] {logging_mixin.py:115} INFO - [2022-09-14 20:24:32,006] {dag.py:2968} INFO - Setting next_dagrun for example_dag_decorator to None, run_after=None
[2022-09-14 20:24:32,020] {processor.py:161} INFO - Processing /home/ubuntu/.local/lib/python3.8/site-packages/airflow/example_dags/example_dag_decorator.py took 0.093 seconds
[2022-09-14 20:25:21,031] {processor.py:153} INFO - Started process (PID=29903) to work on /home/ubuntu/.local/lib/python3.8/site-packages/airflow/example_dags/example_dag_decorator.py
[2022-09-14 20:25:21,033] {processor.py:641} INFO - Processing file /home/ubuntu/.local/lib/python3.8/site-packages/airflow/example_dags/example_dag_decorator.py for tasks to queue
[2022-09-14 20:25:21,033] {logging_mixin.py:115} INFO - [2022-09-14 20:25:21,033] {dagbag.py:508} INFO - Filling up the DagBag from /home/ubuntu/.local/lib/python3.8/site-packages/airflow/example_dags/example_dag_decorator.py
[2022-09-14 20:25:21,059] {processor.py:651} INFO - DAG(s) dict_keys(['example_dag_decorator']) retrieved from /home/ubuntu/.local/lib/python3.8/site-packages/airflow/example_dags/example_dag_decorator.py
[2022-09-14 20:25:21,099] {logging_mixin.py:115} INFO - [2022-09-14 20:25:21,098] {dag.py:2420} INFO - Sync 1 DAGs
[2022-09-14 20:25:21,112] {logging_mixin.py:115} INFO - [2022-09-14 20:25:21,112] {dag.py:2968} INFO - Setting next_dagrun for example_dag_decorator to None, run_after=None
[2022-09-14 20:25:21,128] {processor.py:161} INFO - Processing /home/ubuntu/.local/lib/python3.8/site-packages/airflow/example_dags/example_dag_decorator.py took 0.101 seconds
[2022-09-14 20:25:57,113] {processor.py:153} INFO - Started process (PID=29946) to work on /home/ubuntu/.local/lib/python3.8/site-packages/airflow/example_dags/example_dag_decorator.py
[2022-09-14 20:25:57,114] {processor.py:641} INFO - Processing file /home/ubuntu/.local/lib/python3.8/site-packages/airflow/example_dags/example_dag_decorator.py for tasks to queue
[2022-09-14 20:25:57,115] {logging_mixin.py:115} INFO - [2022-09-14 20:25:57,115] {dagbag.py:508} INFO - Filling up the DagBag from /home/ubuntu/.local/lib/python3.8/site-packages/airflow/example_dags/example_dag_decorator.py
[2022-09-14 20:25:57,143] {processor.py:651} INFO - DAG(s) dict_keys(['example_dag_decorator']) retrieved from /home/ubuntu/.local/lib/python3.8/site-packages/airflow/example_dags/example_dag_decorator.py
[2022-09-14 20:25:57,183] {logging_mixin.py:115} INFO - [2022-09-14 20:25:57,183] {dag.py:2420} INFO - Sync 1 DAGs
[2022-09-14 20:25:57,197] {logging_mixin.py:115} INFO - [2022-09-14 20:25:57,197] {dag.py:2968} INFO - Setting next_dagrun for example_dag_decorator to None, run_after=None
[2022-09-14 20:25:57,213] {processor.py:161} INFO - Processing /home/ubuntu/.local/lib/python3.8/site-packages/airflow/example_dags/example_dag_decorator.py took 0.103 seconds
[2022-09-14 20:30:43,273] {processor.py:153} INFO - Started process (PID=33390) to work on /home/ubuntu/.local/lib/python3.8/site-packages/airflow/example_dags/example_dag_decorator.py
[2022-09-14 20:30:43,275] {processor.py:641} INFO - Processing file /home/ubuntu/.local/lib/python3.8/site-packages/airflow/example_dags/example_dag_decorator.py for tasks to queue
[2022-09-14 20:30:43,276] {logging_mixin.py:115} INFO - [2022-09-14 20:30:43,275] {dagbag.py:508} INFO - Filling up the DagBag from /home/ubuntu/.local/lib/python3.8/site-packages/airflow/example_dags/example_dag_decorator.py
[2022-09-14 20:30:43,299] {processor.py:651} INFO - DAG(s) dict_keys(['example_dag_decorator']) retrieved from /home/ubuntu/.local/lib/python3.8/site-packages/airflow/example_dags/example_dag_decorator.py
[2022-09-14 20:30:43,343] {logging_mixin.py:115} INFO - [2022-09-14 20:30:43,343] {dag.py:2420} INFO - Sync 1 DAGs
[2022-09-14 20:30:43,353] {logging_mixin.py:115} INFO - [2022-09-14 20:30:43,353] {dag.py:2968} INFO - Setting next_dagrun for example_dag_decorator to None, run_after=None
[2022-09-14 20:30:43,369] {processor.py:161} INFO - Processing /home/ubuntu/.local/lib/python3.8/site-packages/airflow/example_dags/example_dag_decorator.py took 0.099 seconds
[2022-09-14 20:31:18,401] {processor.py:153} INFO - Started process (PID=33753) to work on /home/ubuntu/.local/lib/python3.8/site-packages/airflow/example_dags/example_dag_decorator.py
[2022-09-14 20:31:18,402] {processor.py:641} INFO - Processing file /home/ubuntu/.local/lib/python3.8/site-packages/airflow/example_dags/example_dag_decorator.py for tasks to queue
[2022-09-14 20:31:18,403] {logging_mixin.py:115} INFO - [2022-09-14 20:31:18,403] {dagbag.py:508} INFO - Filling up the DagBag from /home/ubuntu/.local/lib/python3.8/site-packages/airflow/example_dags/example_dag_decorator.py
[2022-09-14 20:31:18,427] {processor.py:651} INFO - DAG(s) dict_keys(['example_dag_decorator']) retrieved from /home/ubuntu/.local/lib/python3.8/site-packages/airflow/example_dags/example_dag_decorator.py
[2022-09-14 20:31:18,473] {logging_mixin.py:115} INFO - [2022-09-14 20:31:18,473] {dag.py:2420} INFO - Sync 1 DAGs
[2022-09-14 20:31:18,484] {logging_mixin.py:115} INFO - [2022-09-14 20:31:18,484] {dag.py:2968} INFO - Setting next_dagrun for example_dag_decorator to None, run_after=None
[2022-09-14 20:31:18,505] {processor.py:161} INFO - Processing /home/ubuntu/.local/lib/python3.8/site-packages/airflow/example_dags/example_dag_decorator.py took 0.108 seconds
