[2022-09-14 14:09:36,979] {processor.py:153} INFO - Started process (PID=7607) to work on /home/ubuntu/.local/lib/python3.8/site-packages/airflow/example_dags/example_branch_operator_decorator.py
[2022-09-14 14:09:36,980] {processor.py:641} INFO - Processing file /home/ubuntu/.local/lib/python3.8/site-packages/airflow/example_dags/example_branch_operator_decorator.py for tasks to queue
[2022-09-14 14:09:36,980] {logging_mixin.py:115} INFO - [2022-09-14 14:09:36,980] {dagbag.py:508} INFO - Filling up the DagBag from /home/ubuntu/.local/lib/python3.8/site-packages/airflow/example_dags/example_branch_operator_decorator.py
[2022-09-14 14:09:36,999] {processor.py:651} INFO - DAG(s) dict_keys(['example_branch_python_operator_decorator']) retrieved from /home/ubuntu/.local/lib/python3.8/site-packages/airflow/example_dags/example_branch_operator_decorator.py
[2022-09-14 14:09:37,017] {logging_mixin.py:115} INFO - [2022-09-14 14:09:37,017] {dag.py:2420} INFO - Sync 1 DAGs
[2022-09-14 14:09:37,035] {logging_mixin.py:115} INFO - [2022-09-14 14:09:37,035] {dag.py:2968} INFO - Setting next_dagrun for example_branch_python_operator_decorator to 2022-09-13T00:00:00+00:00, run_after=2022-09-14T00:00:00+00:00
[2022-09-14 14:09:37,050] {processor.py:161} INFO - Processing /home/ubuntu/.local/lib/python3.8/site-packages/airflow/example_dags/example_branch_operator_decorator.py took 0.074 seconds
[2022-09-14 14:11:45,892] {processor.py:153} INFO - Started process (PID=8040) to work on /home/ubuntu/.local/lib/python3.8/site-packages/airflow/example_dags/example_branch_operator_decorator.py
[2022-09-14 14:11:45,894] {processor.py:641} INFO - Processing file /home/ubuntu/.local/lib/python3.8/site-packages/airflow/example_dags/example_branch_operator_decorator.py for tasks to queue
[2022-09-14 14:11:45,895] {logging_mixin.py:115} INFO - [2022-09-14 14:11:45,895] {dagbag.py:508} INFO - Filling up the DagBag from /home/ubuntu/.local/lib/python3.8/site-packages/airflow/example_dags/example_branch_operator_decorator.py
[2022-09-14 14:11:45,914] {processor.py:651} INFO - DAG(s) dict_keys(['example_branch_python_operator_decorator']) retrieved from /home/ubuntu/.local/lib/python3.8/site-packages/airflow/example_dags/example_branch_operator_decorator.py
[2022-09-14 14:11:45,933] {logging_mixin.py:115} INFO - [2022-09-14 14:11:45,933] {dag.py:2420} INFO - Sync 1 DAGs
[2022-09-14 14:11:45,950] {logging_mixin.py:115} INFO - [2022-09-14 14:11:45,950] {dag.py:2968} INFO - Setting next_dagrun for example_branch_python_operator_decorator to 2022-09-13T00:00:00+00:00, run_after=2022-09-14T00:00:00+00:00
[2022-09-14 14:11:45,965] {processor.py:161} INFO - Processing /home/ubuntu/.local/lib/python3.8/site-packages/airflow/example_dags/example_branch_operator_decorator.py took 0.077 seconds
[2022-09-14 14:12:48,023] {processor.py:153} INFO - Started process (PID=8387) to work on /home/ubuntu/.local/lib/python3.8/site-packages/airflow/example_dags/example_branch_operator_decorator.py
[2022-09-14 14:12:48,025] {processor.py:641} INFO - Processing file /home/ubuntu/.local/lib/python3.8/site-packages/airflow/example_dags/example_branch_operator_decorator.py for tasks to queue
[2022-09-14 14:12:48,026] {logging_mixin.py:115} INFO - [2022-09-14 14:12:48,026] {dagbag.py:508} INFO - Filling up the DagBag from /home/ubuntu/.local/lib/python3.8/site-packages/airflow/example_dags/example_branch_operator_decorator.py
[2022-09-14 14:12:48,045] {processor.py:651} INFO - DAG(s) dict_keys(['example_branch_python_operator_decorator']) retrieved from /home/ubuntu/.local/lib/python3.8/site-packages/airflow/example_dags/example_branch_operator_decorator.py
[2022-09-14 14:12:48,064] {logging_mixin.py:115} INFO - [2022-09-14 14:12:48,063] {dag.py:2420} INFO - Sync 1 DAGs
[2022-09-14 14:12:48,080] {logging_mixin.py:115} INFO - [2022-09-14 14:12:48,080] {dag.py:2968} INFO - Setting next_dagrun for example_branch_python_operator_decorator to 2022-09-13T00:00:00+00:00, run_after=2022-09-14T00:00:00+00:00
[2022-09-14 14:12:48,096] {processor.py:161} INFO - Processing /home/ubuntu/.local/lib/python3.8/site-packages/airflow/example_dags/example_branch_operator_decorator.py took 0.076 seconds
[2022-09-14 20:22:05,786] {processor.py:153} INFO - Started process (PID=28402) to work on /home/ubuntu/.local/lib/python3.8/site-packages/airflow/example_dags/example_branch_operator_decorator.py
[2022-09-14 20:22:05,791] {processor.py:641} INFO - Processing file /home/ubuntu/.local/lib/python3.8/site-packages/airflow/example_dags/example_branch_operator_decorator.py for tasks to queue
[2022-09-14 20:22:05,791] {logging_mixin.py:115} INFO - [2022-09-14 20:22:05,791] {dagbag.py:508} INFO - Filling up the DagBag from /home/ubuntu/.local/lib/python3.8/site-packages/airflow/example_dags/example_branch_operator_decorator.py
[2022-09-14 20:22:05,816] {processor.py:651} INFO - DAG(s) dict_keys(['example_branch_python_operator_decorator']) retrieved from /home/ubuntu/.local/lib/python3.8/site-packages/airflow/example_dags/example_branch_operator_decorator.py
[2022-09-14 20:22:05,831] {logging_mixin.py:115} INFO - [2022-09-14 20:22:05,831] {dag.py:2420} INFO - Sync 1 DAGs
[2022-09-14 20:22:05,846] {logging_mixin.py:115} INFO - [2022-09-14 20:22:05,846] {dag.py:2968} INFO - Setting next_dagrun for example_branch_python_operator_decorator to 2022-09-13T00:00:00+00:00, run_after=2022-09-14T00:00:00+00:00
[2022-09-14 20:22:05,860] {processor.py:161} INFO - Processing /home/ubuntu/.local/lib/python3.8/site-packages/airflow/example_dags/example_branch_operator_decorator.py took 0.078 seconds
[2022-09-14 20:24:11,659] {processor.py:153} INFO - Started process (PID=29504) to work on /home/ubuntu/.local/lib/python3.8/site-packages/airflow/example_dags/example_branch_operator_decorator.py
[2022-09-14 20:24:11,661] {processor.py:641} INFO - Processing file /home/ubuntu/.local/lib/python3.8/site-packages/airflow/example_dags/example_branch_operator_decorator.py for tasks to queue
[2022-09-14 20:24:11,661] {logging_mixin.py:115} INFO - [2022-09-14 20:24:11,661] {dagbag.py:508} INFO - Filling up the DagBag from /home/ubuntu/.local/lib/python3.8/site-packages/airflow/example_dags/example_branch_operator_decorator.py
[2022-09-14 20:24:11,690] {processor.py:651} INFO - DAG(s) dict_keys(['example_branch_python_operator_decorator']) retrieved from /home/ubuntu/.local/lib/python3.8/site-packages/airflow/example_dags/example_branch_operator_decorator.py
[2022-09-14 20:24:11,713] {logging_mixin.py:115} INFO - [2022-09-14 20:24:11,713] {dag.py:2420} INFO - Sync 1 DAGs
[2022-09-14 20:24:11,734] {logging_mixin.py:115} INFO - [2022-09-14 20:24:11,734] {dag.py:2968} INFO - Setting next_dagrun for example_branch_python_operator_decorator to 2022-09-13T00:00:00+00:00, run_after=2022-09-14T00:00:00+00:00
[2022-09-14 20:24:11,752] {processor.py:161} INFO - Processing /home/ubuntu/.local/lib/python3.8/site-packages/airflow/example_dags/example_branch_operator_decorator.py took 0.098 seconds
[2022-09-14 20:25:35,328] {processor.py:153} INFO - Started process (PID=29921) to work on /home/ubuntu/.local/lib/python3.8/site-packages/airflow/example_dags/example_branch_operator_decorator.py
[2022-09-14 20:25:35,330] {processor.py:641} INFO - Processing file /home/ubuntu/.local/lib/python3.8/site-packages/airflow/example_dags/example_branch_operator_decorator.py for tasks to queue
[2022-09-14 20:25:35,330] {logging_mixin.py:115} INFO - [2022-09-14 20:25:35,330] {dagbag.py:508} INFO - Filling up the DagBag from /home/ubuntu/.local/lib/python3.8/site-packages/airflow/example_dags/example_branch_operator_decorator.py
[2022-09-14 20:25:35,349] {processor.py:651} INFO - DAG(s) dict_keys(['example_branch_python_operator_decorator']) retrieved from /home/ubuntu/.local/lib/python3.8/site-packages/airflow/example_dags/example_branch_operator_decorator.py
[2022-09-14 20:25:35,368] {logging_mixin.py:115} INFO - [2022-09-14 20:25:35,368] {dag.py:2420} INFO - Sync 1 DAGs
[2022-09-14 20:25:35,386] {logging_mixin.py:115} INFO - [2022-09-14 20:25:35,386] {dag.py:2968} INFO - Setting next_dagrun for example_branch_python_operator_decorator to 2022-09-13T00:00:00+00:00, run_after=2022-09-14T00:00:00+00:00
[2022-09-14 20:25:35,402] {processor.py:161} INFO - Processing /home/ubuntu/.local/lib/python3.8/site-packages/airflow/example_dags/example_branch_operator_decorator.py took 0.078 seconds
[2022-09-14 20:26:11,550] {processor.py:153} INFO - Started process (PID=29967) to work on /home/ubuntu/.local/lib/python3.8/site-packages/airflow/example_dags/example_branch_operator_decorator.py
[2022-09-14 20:26:11,552] {processor.py:641} INFO - Processing file /home/ubuntu/.local/lib/python3.8/site-packages/airflow/example_dags/example_branch_operator_decorator.py for tasks to queue
[2022-09-14 20:26:11,552] {logging_mixin.py:115} INFO - [2022-09-14 20:26:11,552] {dagbag.py:508} INFO - Filling up the DagBag from /home/ubuntu/.local/lib/python3.8/site-packages/airflow/example_dags/example_branch_operator_decorator.py
[2022-09-14 20:26:11,573] {processor.py:651} INFO - DAG(s) dict_keys(['example_branch_python_operator_decorator']) retrieved from /home/ubuntu/.local/lib/python3.8/site-packages/airflow/example_dags/example_branch_operator_decorator.py
[2022-09-14 20:26:11,592] {logging_mixin.py:115} INFO - [2022-09-14 20:26:11,592] {dag.py:2420} INFO - Sync 1 DAGs
[2022-09-14 20:26:11,610] {logging_mixin.py:115} INFO - [2022-09-14 20:26:11,610] {dag.py:2968} INFO - Setting next_dagrun for example_branch_python_operator_decorator to 2022-09-13T00:00:00+00:00, run_after=2022-09-14T00:00:00+00:00
[2022-09-14 20:26:11,625] {processor.py:161} INFO - Processing /home/ubuntu/.local/lib/python3.8/site-packages/airflow/example_dags/example_branch_operator_decorator.py took 0.078 seconds
[2022-09-14 20:30:57,713] {processor.py:153} INFO - Started process (PID=33542) to work on /home/ubuntu/.local/lib/python3.8/site-packages/airflow/example_dags/example_branch_operator_decorator.py
[2022-09-14 20:30:57,715] {processor.py:641} INFO - Processing file /home/ubuntu/.local/lib/python3.8/site-packages/airflow/example_dags/example_branch_operator_decorator.py for tasks to queue
[2022-09-14 20:30:57,716] {logging_mixin.py:115} INFO - [2022-09-14 20:30:57,716] {dagbag.py:508} INFO - Filling up the DagBag from /home/ubuntu/.local/lib/python3.8/site-packages/airflow/example_dags/example_branch_operator_decorator.py
[2022-09-14 20:30:57,736] {processor.py:651} INFO - DAG(s) dict_keys(['example_branch_python_operator_decorator']) retrieved from /home/ubuntu/.local/lib/python3.8/site-packages/airflow/example_dags/example_branch_operator_decorator.py
[2022-09-14 20:30:57,752] {logging_mixin.py:115} INFO - [2022-09-14 20:30:57,752] {dag.py:2420} INFO - Sync 1 DAGs
[2022-09-14 20:30:57,768] {logging_mixin.py:115} INFO - [2022-09-14 20:30:57,768] {dag.py:2968} INFO - Setting next_dagrun for example_branch_python_operator_decorator to 2022-09-13T00:00:00+00:00, run_after=2022-09-14T00:00:00+00:00
[2022-09-14 20:30:57,786] {processor.py:161} INFO - Processing /home/ubuntu/.local/lib/python3.8/site-packages/airflow/example_dags/example_branch_operator_decorator.py took 0.077 seconds
