[2022-09-14 14:09:35,387] {processor.py:153} INFO - Started process (PID=7598) to work on /home/ubuntu/.local/lib/python3.8/site-packages/airflow/example_dags/example_branch_datetime_operator.py
[2022-09-14 14:09:35,388] {processor.py:641} INFO - Processing file /home/ubuntu/.local/lib/python3.8/site-packages/airflow/example_dags/example_branch_datetime_operator.py for tasks to queue
[2022-09-14 14:09:35,388] {logging_mixin.py:115} INFO - [2022-09-14 14:09:35,388] {dagbag.py:508} INFO - Filling up the DagBag from /home/ubuntu/.local/lib/python3.8/site-packages/airflow/example_dags/example_branch_datetime_operator.py
[2022-09-14 14:09:35,398] {processor.py:651} INFO - DAG(s) dict_keys(['example_branch_datetime_operator', 'example_branch_datetime_operator_2']) retrieved from /home/ubuntu/.local/lib/python3.8/site-packages/airflow/example_dags/example_branch_datetime_operator.py
[2022-09-14 14:09:35,415] {logging_mixin.py:115} INFO - [2022-09-14 14:09:35,415] {dag.py:2420} INFO - Sync 2 DAGs
[2022-09-14 14:09:35,434] {logging_mixin.py:115} INFO - [2022-09-14 14:09:35,434] {dag.py:2968} INFO - Setting next_dagrun for example_branch_datetime_operator to 2022-09-13T00:00:00+00:00, run_after=2022-09-14T00:00:00+00:00
[2022-09-14 14:09:35,436] {logging_mixin.py:115} INFO - [2022-09-14 14:09:35,436] {dag.py:2968} INFO - Setting next_dagrun for example_branch_datetime_operator_2 to 2022-09-13T00:00:00+00:00, run_after=2022-09-14T00:00:00+00:00
[2022-09-14 14:09:35,453] {processor.py:161} INFO - Processing /home/ubuntu/.local/lib/python3.8/site-packages/airflow/example_dags/example_branch_datetime_operator.py took 0.069 seconds
[2022-09-14 14:11:43,399] {processor.py:153} INFO - Started process (PID=8037) to work on /home/ubuntu/.local/lib/python3.8/site-packages/airflow/example_dags/example_branch_datetime_operator.py
[2022-09-14 14:11:43,401] {processor.py:641} INFO - Processing file /home/ubuntu/.local/lib/python3.8/site-packages/airflow/example_dags/example_branch_datetime_operator.py for tasks to queue
[2022-09-14 14:11:43,402] {logging_mixin.py:115} INFO - [2022-09-14 14:11:43,402] {dagbag.py:508} INFO - Filling up the DagBag from /home/ubuntu/.local/lib/python3.8/site-packages/airflow/example_dags/example_branch_datetime_operator.py
[2022-09-14 14:11:43,412] {processor.py:651} INFO - DAG(s) dict_keys(['example_branch_datetime_operator', 'example_branch_datetime_operator_2']) retrieved from /home/ubuntu/.local/lib/python3.8/site-packages/airflow/example_dags/example_branch_datetime_operator.py
[2022-09-14 14:11:43,429] {logging_mixin.py:115} INFO - [2022-09-14 14:11:43,429] {dag.py:2420} INFO - Sync 2 DAGs
[2022-09-14 14:11:43,450] {logging_mixin.py:115} INFO - [2022-09-14 14:11:43,450] {dag.py:2968} INFO - Setting next_dagrun for example_branch_datetime_operator to 2022-09-13T00:00:00+00:00, run_after=2022-09-14T00:00:00+00:00
[2022-09-14 14:11:43,451] {logging_mixin.py:115} INFO - [2022-09-14 14:11:43,451] {dag.py:2968} INFO - Setting next_dagrun for example_branch_datetime_operator_2 to 2022-09-13T00:00:00+00:00, run_after=2022-09-14T00:00:00+00:00
[2022-09-14 14:11:43,466] {processor.py:161} INFO - Processing /home/ubuntu/.local/lib/python3.8/site-packages/airflow/example_dags/example_branch_datetime_operator.py took 0.070 seconds
[2022-09-14 14:12:45,515] {processor.py:153} INFO - Started process (PID=8373) to work on /home/ubuntu/.local/lib/python3.8/site-packages/airflow/example_dags/example_branch_datetime_operator.py
[2022-09-14 14:12:45,517] {processor.py:641} INFO - Processing file /home/ubuntu/.local/lib/python3.8/site-packages/airflow/example_dags/example_branch_datetime_operator.py for tasks to queue
[2022-09-14 14:12:45,518] {logging_mixin.py:115} INFO - [2022-09-14 14:12:45,517] {dagbag.py:508} INFO - Filling up the DagBag from /home/ubuntu/.local/lib/python3.8/site-packages/airflow/example_dags/example_branch_datetime_operator.py
[2022-09-14 14:12:45,528] {processor.py:651} INFO - DAG(s) dict_keys(['example_branch_datetime_operator', 'example_branch_datetime_operator_2']) retrieved from /home/ubuntu/.local/lib/python3.8/site-packages/airflow/example_dags/example_branch_datetime_operator.py
[2022-09-14 14:12:45,547] {logging_mixin.py:115} INFO - [2022-09-14 14:12:45,547] {dag.py:2420} INFO - Sync 2 DAGs
[2022-09-14 14:12:45,569] {logging_mixin.py:115} INFO - [2022-09-14 14:12:45,569] {dag.py:2968} INFO - Setting next_dagrun for example_branch_datetime_operator to 2022-09-13T00:00:00+00:00, run_after=2022-09-14T00:00:00+00:00
[2022-09-14 14:12:45,570] {logging_mixin.py:115} INFO - [2022-09-14 14:12:45,570] {dag.py:2968} INFO - Setting next_dagrun for example_branch_datetime_operator_2 to 2022-09-13T00:00:00+00:00, run_after=2022-09-14T00:00:00+00:00
[2022-09-14 14:12:45,589] {processor.py:161} INFO - Processing /home/ubuntu/.local/lib/python3.8/site-packages/airflow/example_dags/example_branch_datetime_operator.py took 0.078 seconds
[2022-09-14 20:22:03,929] {processor.py:153} INFO - Started process (PID=28398) to work on /home/ubuntu/.local/lib/python3.8/site-packages/airflow/example_dags/example_branch_datetime_operator.py
[2022-09-14 20:22:03,946] {processor.py:641} INFO - Processing file /home/ubuntu/.local/lib/python3.8/site-packages/airflow/example_dags/example_branch_datetime_operator.py for tasks to queue
[2022-09-14 20:22:03,947] {logging_mixin.py:115} INFO - [2022-09-14 20:22:03,947] {dagbag.py:508} INFO - Filling up the DagBag from /home/ubuntu/.local/lib/python3.8/site-packages/airflow/example_dags/example_branch_datetime_operator.py
[2022-09-14 20:22:03,966] {processor.py:651} INFO - DAG(s) dict_keys(['example_branch_datetime_operator', 'example_branch_datetime_operator_2']) retrieved from /home/ubuntu/.local/lib/python3.8/site-packages/airflow/example_dags/example_branch_datetime_operator.py
[2022-09-14 20:22:04,009] {logging_mixin.py:115} INFO - [2022-09-14 20:22:04,009] {dag.py:2420} INFO - Sync 2 DAGs
[2022-09-14 20:22:04,029] {logging_mixin.py:115} INFO - [2022-09-14 20:22:04,029] {dag.py:2968} INFO - Setting next_dagrun for example_branch_datetime_operator to 2022-09-13T00:00:00+00:00, run_after=2022-09-14T00:00:00+00:00
[2022-09-14 20:22:04,032] {logging_mixin.py:115} INFO - [2022-09-14 20:22:04,032] {dag.py:2968} INFO - Setting next_dagrun for example_branch_datetime_operator_2 to 2022-09-13T00:00:00+00:00, run_after=2022-09-14T00:00:00+00:00
[2022-09-14 20:22:04,075] {processor.py:161} INFO - Processing /home/ubuntu/.local/lib/python3.8/site-packages/airflow/example_dags/example_branch_datetime_operator.py took 0.167 seconds
[2022-09-14 20:24:09,083] {processor.py:153} INFO - Started process (PID=29501) to work on /home/ubuntu/.local/lib/python3.8/site-packages/airflow/example_dags/example_branch_datetime_operator.py
[2022-09-14 20:24:09,086] {processor.py:641} INFO - Processing file /home/ubuntu/.local/lib/python3.8/site-packages/airflow/example_dags/example_branch_datetime_operator.py for tasks to queue
[2022-09-14 20:24:09,087] {logging_mixin.py:115} INFO - [2022-09-14 20:24:09,086] {dagbag.py:508} INFO - Filling up the DagBag from /home/ubuntu/.local/lib/python3.8/site-packages/airflow/example_dags/example_branch_datetime_operator.py
[2022-09-14 20:24:09,098] {processor.py:651} INFO - DAG(s) dict_keys(['example_branch_datetime_operator', 'example_branch_datetime_operator_2']) retrieved from /home/ubuntu/.local/lib/python3.8/site-packages/airflow/example_dags/example_branch_datetime_operator.py
[2022-09-14 20:24:09,119] {logging_mixin.py:115} INFO - [2022-09-14 20:24:09,119] {dag.py:2420} INFO - Sync 2 DAGs
[2022-09-14 20:24:09,134] {logging_mixin.py:115} INFO - [2022-09-14 20:24:09,134] {dag.py:2968} INFO - Setting next_dagrun for example_branch_datetime_operator to 2022-09-13T00:00:00+00:00, run_after=2022-09-14T00:00:00+00:00
[2022-09-14 20:24:09,135] {logging_mixin.py:115} INFO - [2022-09-14 20:24:09,135] {dag.py:2968} INFO - Setting next_dagrun for example_branch_datetime_operator_2 to 2022-09-13T00:00:00+00:00, run_after=2022-09-14T00:00:00+00:00
[2022-09-14 20:24:09,155] {processor.py:161} INFO - Processing /home/ubuntu/.local/lib/python3.8/site-packages/airflow/example_dags/example_branch_datetime_operator.py took 0.076 seconds
[2022-09-14 20:24:44,673] {processor.py:153} INFO - Started process (PID=29629) to work on /home/ubuntu/.local/lib/python3.8/site-packages/airflow/example_dags/example_branch_datetime_operator.py
[2022-09-14 20:24:44,674] {processor.py:641} INFO - Processing file /home/ubuntu/.local/lib/python3.8/site-packages/airflow/example_dags/example_branch_datetime_operator.py for tasks to queue
[2022-09-14 20:24:44,675] {logging_mixin.py:115} INFO - [2022-09-14 20:24:44,675] {dagbag.py:508} INFO - Filling up the DagBag from /home/ubuntu/.local/lib/python3.8/site-packages/airflow/example_dags/example_branch_datetime_operator.py
[2022-09-14 20:24:44,685] {processor.py:651} INFO - DAG(s) dict_keys(['example_branch_datetime_operator', 'example_branch_datetime_operator_2']) retrieved from /home/ubuntu/.local/lib/python3.8/site-packages/airflow/example_dags/example_branch_datetime_operator.py
[2022-09-14 20:24:44,705] {logging_mixin.py:115} INFO - [2022-09-14 20:24:44,705] {dag.py:2420} INFO - Sync 2 DAGs
[2022-09-14 20:24:44,720] {logging_mixin.py:115} INFO - [2022-09-14 20:24:44,720] {dag.py:2968} INFO - Setting next_dagrun for example_branch_datetime_operator to 2022-09-13T00:00:00+00:00, run_after=2022-09-14T00:00:00+00:00
[2022-09-14 20:24:44,722] {logging_mixin.py:115} INFO - [2022-09-14 20:24:44,722] {dag.py:2968} INFO - Setting next_dagrun for example_branch_datetime_operator_2 to 2022-09-13T00:00:00+00:00, run_after=2022-09-14T00:00:00+00:00
[2022-09-14 20:24:44,736] {processor.py:161} INFO - Processing /home/ubuntu/.local/lib/python3.8/site-packages/airflow/example_dags/example_branch_datetime_operator.py took 0.067 seconds
[2022-09-14 20:25:31,737] {processor.py:153} INFO - Started process (PID=29917) to work on /home/ubuntu/.local/lib/python3.8/site-packages/airflow/example_dags/example_branch_datetime_operator.py
[2022-09-14 20:25:31,738] {processor.py:641} INFO - Processing file /home/ubuntu/.local/lib/python3.8/site-packages/airflow/example_dags/example_branch_datetime_operator.py for tasks to queue
[2022-09-14 20:25:31,739] {logging_mixin.py:115} INFO - [2022-09-14 20:25:31,739] {dagbag.py:508} INFO - Filling up the DagBag from /home/ubuntu/.local/lib/python3.8/site-packages/airflow/example_dags/example_branch_datetime_operator.py
[2022-09-14 20:25:31,752] {processor.py:651} INFO - DAG(s) dict_keys(['example_branch_datetime_operator', 'example_branch_datetime_operator_2']) retrieved from /home/ubuntu/.local/lib/python3.8/site-packages/airflow/example_dags/example_branch_datetime_operator.py
[2022-09-14 20:25:31,776] {logging_mixin.py:115} INFO - [2022-09-14 20:25:31,776] {dag.py:2420} INFO - Sync 2 DAGs
[2022-09-14 20:25:31,803] {logging_mixin.py:115} INFO - [2022-09-14 20:25:31,803] {dag.py:2968} INFO - Setting next_dagrun for example_branch_datetime_operator to 2022-09-13T00:00:00+00:00, run_after=2022-09-14T00:00:00+00:00
[2022-09-14 20:25:31,806] {logging_mixin.py:115} INFO - [2022-09-14 20:25:31,806] {dag.py:2968} INFO - Setting next_dagrun for example_branch_datetime_operator_2 to 2022-09-13T00:00:00+00:00, run_after=2022-09-14T00:00:00+00:00
[2022-09-14 20:25:31,824] {processor.py:161} INFO - Processing /home/ubuntu/.local/lib/python3.8/site-packages/airflow/example_dags/example_branch_datetime_operator.py took 0.090 seconds
[2022-09-14 20:26:08,598] {processor.py:153} INFO - Started process (PID=29962) to work on /home/ubuntu/.local/lib/python3.8/site-packages/airflow/example_dags/example_branch_datetime_operator.py
[2022-09-14 20:26:08,599] {processor.py:641} INFO - Processing file /home/ubuntu/.local/lib/python3.8/site-packages/airflow/example_dags/example_branch_datetime_operator.py for tasks to queue
[2022-09-14 20:26:08,599] {logging_mixin.py:115} INFO - [2022-09-14 20:26:08,599] {dagbag.py:508} INFO - Filling up the DagBag from /home/ubuntu/.local/lib/python3.8/site-packages/airflow/example_dags/example_branch_datetime_operator.py
[2022-09-14 20:26:08,609] {processor.py:651} INFO - DAG(s) dict_keys(['example_branch_datetime_operator', 'example_branch_datetime_operator_2']) retrieved from /home/ubuntu/.local/lib/python3.8/site-packages/airflow/example_dags/example_branch_datetime_operator.py
[2022-09-14 20:26:08,629] {logging_mixin.py:115} INFO - [2022-09-14 20:26:08,628] {dag.py:2420} INFO - Sync 2 DAGs
[2022-09-14 20:26:08,649] {logging_mixin.py:115} INFO - [2022-09-14 20:26:08,649] {dag.py:2968} INFO - Setting next_dagrun for example_branch_datetime_operator to 2022-09-13T00:00:00+00:00, run_after=2022-09-14T00:00:00+00:00
[2022-09-14 20:26:08,651] {logging_mixin.py:115} INFO - [2022-09-14 20:26:08,651] {dag.py:2968} INFO - Setting next_dagrun for example_branch_datetime_operator_2 to 2022-09-13T00:00:00+00:00, run_after=2022-09-14T00:00:00+00:00
[2022-09-14 20:26:08,668] {processor.py:161} INFO - Processing /home/ubuntu/.local/lib/python3.8/site-packages/airflow/example_dags/example_branch_datetime_operator.py took 0.074 seconds
[2022-09-14 20:30:56,023] {processor.py:153} INFO - Started process (PID=33539) to work on /home/ubuntu/.local/lib/python3.8/site-packages/airflow/example_dags/example_branch_datetime_operator.py
[2022-09-14 20:30:56,025] {processor.py:641} INFO - Processing file /home/ubuntu/.local/lib/python3.8/site-packages/airflow/example_dags/example_branch_datetime_operator.py for tasks to queue
[2022-09-14 20:30:56,025] {logging_mixin.py:115} INFO - [2022-09-14 20:30:56,025] {dagbag.py:508} INFO - Filling up the DagBag from /home/ubuntu/.local/lib/python3.8/site-packages/airflow/example_dags/example_branch_datetime_operator.py
[2022-09-14 20:30:56,036] {processor.py:651} INFO - DAG(s) dict_keys(['example_branch_datetime_operator', 'example_branch_datetime_operator_2']) retrieved from /home/ubuntu/.local/lib/python3.8/site-packages/airflow/example_dags/example_branch_datetime_operator.py
[2022-09-14 20:30:56,056] {logging_mixin.py:115} INFO - [2022-09-14 20:30:56,056] {dag.py:2420} INFO - Sync 2 DAGs
[2022-09-14 20:30:56,072] {logging_mixin.py:115} INFO - [2022-09-14 20:30:56,072] {dag.py:2968} INFO - Setting next_dagrun for example_branch_datetime_operator to 2022-09-13T00:00:00+00:00, run_after=2022-09-14T00:00:00+00:00
[2022-09-14 20:30:56,074] {logging_mixin.py:115} INFO - [2022-09-14 20:30:56,074] {dag.py:2968} INFO - Setting next_dagrun for example_branch_datetime_operator_2 to 2022-09-13T00:00:00+00:00, run_after=2022-09-14T00:00:00+00:00
[2022-09-14 20:30:56,095] {processor.py:161} INFO - Processing /home/ubuntu/.local/lib/python3.8/site-packages/airflow/example_dags/example_branch_datetime_operator.py took 0.076 seconds
[2022-09-14 20:31:31,098] {processor.py:153} INFO - Started process (PID=33783) to work on /home/ubuntu/.local/lib/python3.8/site-packages/airflow/example_dags/example_branch_datetime_operator.py
[2022-09-14 20:31:31,099] {processor.py:641} INFO - Processing file /home/ubuntu/.local/lib/python3.8/site-packages/airflow/example_dags/example_branch_datetime_operator.py for tasks to queue
[2022-09-14 20:31:31,100] {logging_mixin.py:115} INFO - [2022-09-14 20:31:31,100] {dagbag.py:508} INFO - Filling up the DagBag from /home/ubuntu/.local/lib/python3.8/site-packages/airflow/example_dags/example_branch_datetime_operator.py
[2022-09-14 20:31:31,110] {processor.py:651} INFO - DAG(s) dict_keys(['example_branch_datetime_operator', 'example_branch_datetime_operator_2']) retrieved from /home/ubuntu/.local/lib/python3.8/site-packages/airflow/example_dags/example_branch_datetime_operator.py
[2022-09-14 20:31:31,130] {logging_mixin.py:115} INFO - [2022-09-14 20:31:31,130] {dag.py:2420} INFO - Sync 2 DAGs
[2022-09-14 20:31:31,145] {logging_mixin.py:115} INFO - [2022-09-14 20:31:31,145] {dag.py:2968} INFO - Setting next_dagrun for example_branch_datetime_operator to 2022-09-13T00:00:00+00:00, run_after=2022-09-14T00:00:00+00:00
[2022-09-14 20:31:31,147] {logging_mixin.py:115} INFO - [2022-09-14 20:31:31,147] {dag.py:2968} INFO - Setting next_dagrun for example_branch_datetime_operator_2 to 2022-09-13T00:00:00+00:00, run_after=2022-09-14T00:00:00+00:00
[2022-09-14 20:31:31,169] {processor.py:161} INFO - Processing /home/ubuntu/.local/lib/python3.8/site-packages/airflow/example_dags/example_branch_datetime_operator.py took 0.075 seconds
