[2022-09-14 14:09:21,128] {processor.py:153} INFO - Started process (PID=7569) to work on /home/ubuntu/.local/lib/python3.8/site-packages/airflow/example_dags/example_subdag_operator.py
[2022-09-14 14:09:21,129] {processor.py:641} INFO - Processing file /home/ubuntu/.local/lib/python3.8/site-packages/airflow/example_dags/example_subdag_operator.py for tasks to queue
[2022-09-14 14:09:21,130] {logging_mixin.py:115} INFO - [2022-09-14 14:09:21,129] {dagbag.py:508} INFO - Filling up the DagBag from /home/ubuntu/.local/lib/python3.8/site-packages/airflow/example_dags/example_subdag_operator.py
[2022-09-14 14:09:21,150] {processor.py:651} INFO - DAG(s) dict_keys(['example_subdag_operator.section-1', 'example_subdag_operator.section-2', 'example_subdag_operator']) retrieved from /home/ubuntu/.local/lib/python3.8/site-packages/airflow/example_dags/example_subdag_operator.py
[2022-09-14 14:09:21,174] {logging_mixin.py:115} INFO - [2022-09-14 14:09:21,174] {dag.py:2420} INFO - Sync 3 DAGs
[2022-09-14 14:09:21,189] {logging_mixin.py:115} INFO - [2022-09-14 14:09:21,189] {dag.py:2968} INFO - Setting next_dagrun for example_subdag_operator to 2022-01-01T00:00:00+00:00, run_after=2022-01-01T00:00:00+00:00
[2022-09-14 14:09:21,190] {logging_mixin.py:115} INFO - [2022-09-14 14:09:21,189] {dag.py:2968} INFO - Setting next_dagrun for example_subdag_operator.section-1 to None, run_after=None
[2022-09-14 14:09:21,190] {logging_mixin.py:115} INFO - [2022-09-14 14:09:21,190] {dag.py:2968} INFO - Setting next_dagrun for example_subdag_operator.section-2 to None, run_after=None
[2022-09-14 14:09:21,194] {logging_mixin.py:115} INFO - [2022-09-14 14:09:21,194] {dag.py:2420} INFO - Sync 2 DAGs
[2022-09-14 14:09:21,198] {logging_mixin.py:115} INFO - [2022-09-14 14:09:21,198] {dag.py:2968} INFO - Setting next_dagrun for example_subdag_operator.section-1 to None, run_after=None
[2022-09-14 14:09:21,198] {logging_mixin.py:115} INFO - [2022-09-14 14:09:21,198] {dag.py:2968} INFO - Setting next_dagrun for example_subdag_operator.section-2 to None, run_after=None
[2022-09-14 14:09:21,220] {processor.py:161} INFO - Processing /home/ubuntu/.local/lib/python3.8/site-packages/airflow/example_dags/example_subdag_operator.py took 0.094 seconds
[2022-09-14 14:11:30,198] {processor.py:153} INFO - Started process (PID=8019) to work on /home/ubuntu/.local/lib/python3.8/site-packages/airflow/example_dags/example_subdag_operator.py
[2022-09-14 14:11:30,200] {processor.py:641} INFO - Processing file /home/ubuntu/.local/lib/python3.8/site-packages/airflow/example_dags/example_subdag_operator.py for tasks to queue
[2022-09-14 14:11:30,201] {logging_mixin.py:115} INFO - [2022-09-14 14:11:30,201] {dagbag.py:508} INFO - Filling up the DagBag from /home/ubuntu/.local/lib/python3.8/site-packages/airflow/example_dags/example_subdag_operator.py
[2022-09-14 14:11:30,222] {processor.py:651} INFO - DAG(s) dict_keys(['example_subdag_operator.section-1', 'example_subdag_operator.section-2', 'example_subdag_operator']) retrieved from /home/ubuntu/.local/lib/python3.8/site-packages/airflow/example_dags/example_subdag_operator.py
[2022-09-14 14:11:30,249] {logging_mixin.py:115} INFO - [2022-09-14 14:11:30,249] {dag.py:2420} INFO - Sync 3 DAGs
[2022-09-14 14:11:30,266] {logging_mixin.py:115} INFO - [2022-09-14 14:11:30,266] {dag.py:2968} INFO - Setting next_dagrun for example_subdag_operator to 2022-01-01T00:00:00+00:00, run_after=2022-01-01T00:00:00+00:00
[2022-09-14 14:11:30,266] {logging_mixin.py:115} INFO - [2022-09-14 14:11:30,266] {dag.py:2968} INFO - Setting next_dagrun for example_subdag_operator.section-1 to None, run_after=None
[2022-09-14 14:11:30,266] {logging_mixin.py:115} INFO - [2022-09-14 14:11:30,266] {dag.py:2968} INFO - Setting next_dagrun for example_subdag_operator.section-2 to None, run_after=None
[2022-09-14 14:11:30,271] {logging_mixin.py:115} INFO - [2022-09-14 14:11:30,271] {dag.py:2420} INFO - Sync 2 DAGs
[2022-09-14 14:11:30,275] {logging_mixin.py:115} INFO - [2022-09-14 14:11:30,275] {dag.py:2968} INFO - Setting next_dagrun for example_subdag_operator.section-1 to None, run_after=None
[2022-09-14 14:11:30,276] {logging_mixin.py:115} INFO - [2022-09-14 14:11:30,276] {dag.py:2968} INFO - Setting next_dagrun for example_subdag_operator.section-2 to None, run_after=None
[2022-09-14 14:11:30,317] {processor.py:161} INFO - Processing /home/ubuntu/.local/lib/python3.8/site-packages/airflow/example_dags/example_subdag_operator.py took 0.122 seconds
[2022-09-14 14:12:32,343] {processor.py:153} INFO - Started process (PID=8278) to work on /home/ubuntu/.local/lib/python3.8/site-packages/airflow/example_dags/example_subdag_operator.py
[2022-09-14 14:12:32,345] {processor.py:641} INFO - Processing file /home/ubuntu/.local/lib/python3.8/site-packages/airflow/example_dags/example_subdag_operator.py for tasks to queue
[2022-09-14 14:12:32,346] {logging_mixin.py:115} INFO - [2022-09-14 14:12:32,346] {dagbag.py:508} INFO - Filling up the DagBag from /home/ubuntu/.local/lib/python3.8/site-packages/airflow/example_dags/example_subdag_operator.py
[2022-09-14 14:12:32,368] {processor.py:651} INFO - DAG(s) dict_keys(['example_subdag_operator.section-1', 'example_subdag_operator.section-2', 'example_subdag_operator']) retrieved from /home/ubuntu/.local/lib/python3.8/site-packages/airflow/example_dags/example_subdag_operator.py
[2022-09-14 14:12:32,394] {logging_mixin.py:115} INFO - [2022-09-14 14:12:32,394] {dag.py:2420} INFO - Sync 3 DAGs
[2022-09-14 14:12:32,410] {logging_mixin.py:115} INFO - [2022-09-14 14:12:32,410] {dag.py:2968} INFO - Setting next_dagrun for example_subdag_operator to 2022-01-01T00:00:00+00:00, run_after=2022-01-01T00:00:00+00:00
[2022-09-14 14:12:32,411] {logging_mixin.py:115} INFO - [2022-09-14 14:12:32,411] {dag.py:2968} INFO - Setting next_dagrun for example_subdag_operator.section-1 to None, run_after=None
[2022-09-14 14:12:32,411] {logging_mixin.py:115} INFO - [2022-09-14 14:12:32,411] {dag.py:2968} INFO - Setting next_dagrun for example_subdag_operator.section-2 to None, run_after=None
[2022-09-14 14:12:32,416] {logging_mixin.py:115} INFO - [2022-09-14 14:12:32,416] {dag.py:2420} INFO - Sync 2 DAGs
[2022-09-14 14:12:32,419] {logging_mixin.py:115} INFO - [2022-09-14 14:12:32,419] {dag.py:2968} INFO - Setting next_dagrun for example_subdag_operator.section-1 to None, run_after=None
[2022-09-14 14:12:32,420] {logging_mixin.py:115} INFO - [2022-09-14 14:12:32,420] {dag.py:2968} INFO - Setting next_dagrun for example_subdag_operator.section-2 to None, run_after=None
[2022-09-14 14:12:32,440] {processor.py:161} INFO - Processing /home/ubuntu/.local/lib/python3.8/site-packages/airflow/example_dags/example_subdag_operator.py took 0.101 seconds
[2022-09-14 14:14:27,786] {processor.py:153} INFO - Started process (PID=9020) to work on /home/ubuntu/.local/lib/python3.8/site-packages/airflow/example_dags/example_subdag_operator.py
[2022-09-14 14:14:27,788] {processor.py:641} INFO - Processing file /home/ubuntu/.local/lib/python3.8/site-packages/airflow/example_dags/example_subdag_operator.py for tasks to queue
[2022-09-14 14:14:27,789] {logging_mixin.py:115} INFO - [2022-09-14 14:14:27,789] {dagbag.py:508} INFO - Filling up the DagBag from /home/ubuntu/.local/lib/python3.8/site-packages/airflow/example_dags/example_subdag_operator.py
[2022-09-14 14:14:27,809] {processor.py:651} INFO - DAG(s) dict_keys(['example_subdag_operator.section-1', 'example_subdag_operator.section-2', 'example_subdag_operator']) retrieved from /home/ubuntu/.local/lib/python3.8/site-packages/airflow/example_dags/example_subdag_operator.py
[2022-09-14 14:14:27,834] {logging_mixin.py:115} INFO - [2022-09-14 14:14:27,833] {dag.py:2420} INFO - Sync 3 DAGs
[2022-09-14 14:14:27,849] {logging_mixin.py:115} INFO - [2022-09-14 14:14:27,849] {dag.py:2968} INFO - Setting next_dagrun for example_subdag_operator to 2022-01-01T00:00:00+00:00, run_after=2022-01-01T00:00:00+00:00
[2022-09-14 14:14:27,849] {logging_mixin.py:115} INFO - [2022-09-14 14:14:27,849] {dag.py:2968} INFO - Setting next_dagrun for example_subdag_operator.section-1 to None, run_after=None
[2022-09-14 14:14:27,849] {logging_mixin.py:115} INFO - [2022-09-14 14:14:27,849] {dag.py:2968} INFO - Setting next_dagrun for example_subdag_operator.section-2 to None, run_after=None
[2022-09-14 14:14:27,854] {logging_mixin.py:115} INFO - [2022-09-14 14:14:27,854] {dag.py:2420} INFO - Sync 2 DAGs
[2022-09-14 14:14:27,857] {logging_mixin.py:115} INFO - [2022-09-14 14:14:27,857] {dag.py:2968} INFO - Setting next_dagrun for example_subdag_operator.section-1 to None, run_after=None
[2022-09-14 14:14:27,858] {logging_mixin.py:115} INFO - [2022-09-14 14:14:27,858] {dag.py:2968} INFO - Setting next_dagrun for example_subdag_operator.section-2 to None, run_after=None
[2022-09-14 14:14:27,874] {processor.py:161} INFO - Processing /home/ubuntu/.local/lib/python3.8/site-packages/airflow/example_dags/example_subdag_operator.py took 0.091 seconds
[2022-09-14 20:21:49,058] {processor.py:153} INFO - Started process (PID=28244) to work on /home/ubuntu/.local/lib/python3.8/site-packages/airflow/example_dags/example_subdag_operator.py
[2022-09-14 20:21:49,060] {processor.py:641} INFO - Processing file /home/ubuntu/.local/lib/python3.8/site-packages/airflow/example_dags/example_subdag_operator.py for tasks to queue
[2022-09-14 20:21:49,061] {logging_mixin.py:115} INFO - [2022-09-14 20:21:49,061] {dagbag.py:508} INFO - Filling up the DagBag from /home/ubuntu/.local/lib/python3.8/site-packages/airflow/example_dags/example_subdag_operator.py
[2022-09-14 20:21:49,086] {processor.py:651} INFO - DAG(s) dict_keys(['example_subdag_operator.section-1', 'example_subdag_operator.section-2', 'example_subdag_operator']) retrieved from /home/ubuntu/.local/lib/python3.8/site-packages/airflow/example_dags/example_subdag_operator.py
[2022-09-14 20:21:49,108] {logging_mixin.py:115} INFO - [2022-09-14 20:21:49,108] {dag.py:2420} INFO - Sync 3 DAGs
[2022-09-14 20:21:49,121] {logging_mixin.py:115} INFO - [2022-09-14 20:21:49,121] {dag.py:2968} INFO - Setting next_dagrun for example_subdag_operator to 2022-01-01T00:00:00+00:00, run_after=2022-01-01T00:00:00+00:00
[2022-09-14 20:21:49,121] {logging_mixin.py:115} INFO - [2022-09-14 20:21:49,121] {dag.py:2968} INFO - Setting next_dagrun for example_subdag_operator.section-1 to None, run_after=None
[2022-09-14 20:21:49,121] {logging_mixin.py:115} INFO - [2022-09-14 20:21:49,121] {dag.py:2968} INFO - Setting next_dagrun for example_subdag_operator.section-2 to None, run_after=None
[2022-09-14 20:21:49,125] {logging_mixin.py:115} INFO - [2022-09-14 20:21:49,125] {dag.py:2420} INFO - Sync 2 DAGs
[2022-09-14 20:21:49,129] {logging_mixin.py:115} INFO - [2022-09-14 20:21:49,129] {dag.py:2968} INFO - Setting next_dagrun for example_subdag_operator.section-1 to None, run_after=None
[2022-09-14 20:21:49,129] {logging_mixin.py:115} INFO - [2022-09-14 20:21:49,129] {dag.py:2968} INFO - Setting next_dagrun for example_subdag_operator.section-2 to None, run_after=None
[2022-09-14 20:21:49,140] {processor.py:161} INFO - Processing /home/ubuntu/.local/lib/python3.8/site-packages/airflow/example_dags/example_subdag_operator.py took 0.085 seconds
[2022-09-14 20:23:53,784] {processor.py:153} INFO - Started process (PID=29445) to work on /home/ubuntu/.local/lib/python3.8/site-packages/airflow/example_dags/example_subdag_operator.py
[2022-09-14 20:23:53,786] {processor.py:641} INFO - Processing file /home/ubuntu/.local/lib/python3.8/site-packages/airflow/example_dags/example_subdag_operator.py for tasks to queue
[2022-09-14 20:23:53,787] {logging_mixin.py:115} INFO - [2022-09-14 20:23:53,787] {dagbag.py:508} INFO - Filling up the DagBag from /home/ubuntu/.local/lib/python3.8/site-packages/airflow/example_dags/example_subdag_operator.py
[2022-09-14 20:23:53,812] {processor.py:651} INFO - DAG(s) dict_keys(['example_subdag_operator.section-1', 'example_subdag_operator.section-2', 'example_subdag_operator']) retrieved from /home/ubuntu/.local/lib/python3.8/site-packages/airflow/example_dags/example_subdag_operator.py
[2022-09-14 20:23:53,835] {logging_mixin.py:115} INFO - [2022-09-14 20:23:53,835] {dag.py:2420} INFO - Sync 3 DAGs
[2022-09-14 20:23:53,848] {logging_mixin.py:115} INFO - [2022-09-14 20:23:53,848] {dag.py:2968} INFO - Setting next_dagrun for example_subdag_operator to 2022-01-01T00:00:00+00:00, run_after=2022-01-01T00:00:00+00:00
[2022-09-14 20:23:53,848] {logging_mixin.py:115} INFO - [2022-09-14 20:23:53,848] {dag.py:2968} INFO - Setting next_dagrun for example_subdag_operator.section-1 to None, run_after=None
[2022-09-14 20:23:53,848] {logging_mixin.py:115} INFO - [2022-09-14 20:23:53,848] {dag.py:2968} INFO - Setting next_dagrun for example_subdag_operator.section-2 to None, run_after=None
[2022-09-14 20:23:53,853] {logging_mixin.py:115} INFO - [2022-09-14 20:23:53,853] {dag.py:2420} INFO - Sync 2 DAGs
[2022-09-14 20:23:53,857] {logging_mixin.py:115} INFO - [2022-09-14 20:23:53,857] {dag.py:2968} INFO - Setting next_dagrun for example_subdag_operator.section-1 to None, run_after=None
[2022-09-14 20:23:53,857] {logging_mixin.py:115} INFO - [2022-09-14 20:23:53,857] {dag.py:2968} INFO - Setting next_dagrun for example_subdag_operator.section-2 to None, run_after=None
[2022-09-14 20:23:53,883] {processor.py:161} INFO - Processing /home/ubuntu/.local/lib/python3.8/site-packages/airflow/example_dags/example_subdag_operator.py took 0.102 seconds
[2022-09-14 20:24:29,401] {processor.py:153} INFO - Started process (PID=29593) to work on /home/ubuntu/.local/lib/python3.8/site-packages/airflow/example_dags/example_subdag_operator.py
[2022-09-14 20:24:29,402] {processor.py:641} INFO - Processing file /home/ubuntu/.local/lib/python3.8/site-packages/airflow/example_dags/example_subdag_operator.py for tasks to queue
[2022-09-14 20:24:29,403] {logging_mixin.py:115} INFO - [2022-09-14 20:24:29,402] {dagbag.py:508} INFO - Filling up the DagBag from /home/ubuntu/.local/lib/python3.8/site-packages/airflow/example_dags/example_subdag_operator.py
[2022-09-14 20:24:29,427] {processor.py:651} INFO - DAG(s) dict_keys(['example_subdag_operator.section-1', 'example_subdag_operator.section-2', 'example_subdag_operator']) retrieved from /home/ubuntu/.local/lib/python3.8/site-packages/airflow/example_dags/example_subdag_operator.py
[2022-09-14 20:24:29,448] {logging_mixin.py:115} INFO - [2022-09-14 20:24:29,448] {dag.py:2420} INFO - Sync 3 DAGs
[2022-09-14 20:24:29,460] {logging_mixin.py:115} INFO - [2022-09-14 20:24:29,460] {dag.py:2968} INFO - Setting next_dagrun for example_subdag_operator to 2022-01-01T00:00:00+00:00, run_after=2022-01-01T00:00:00+00:00
[2022-09-14 20:24:29,461] {logging_mixin.py:115} INFO - [2022-09-14 20:24:29,461] {dag.py:2968} INFO - Setting next_dagrun for example_subdag_operator.section-1 to None, run_after=None
[2022-09-14 20:24:29,461] {logging_mixin.py:115} INFO - [2022-09-14 20:24:29,461] {dag.py:2968} INFO - Setting next_dagrun for example_subdag_operator.section-2 to None, run_after=None
[2022-09-14 20:24:29,465] {logging_mixin.py:115} INFO - [2022-09-14 20:24:29,465] {dag.py:2420} INFO - Sync 2 DAGs
[2022-09-14 20:24:29,468] {logging_mixin.py:115} INFO - [2022-09-14 20:24:29,468] {dag.py:2968} INFO - Setting next_dagrun for example_subdag_operator.section-1 to None, run_after=None
[2022-09-14 20:24:29,468] {logging_mixin.py:115} INFO - [2022-09-14 20:24:29,468] {dag.py:2968} INFO - Setting next_dagrun for example_subdag_operator.section-2 to None, run_after=None
[2022-09-14 20:24:29,480] {processor.py:161} INFO - Processing /home/ubuntu/.local/lib/python3.8/site-packages/airflow/example_dags/example_subdag_operator.py took 0.083 seconds
[2022-09-14 20:25:17,564] {processor.py:153} INFO - Started process (PID=29900) to work on /home/ubuntu/.local/lib/python3.8/site-packages/airflow/example_dags/example_subdag_operator.py
[2022-09-14 20:25:17,565] {processor.py:641} INFO - Processing file /home/ubuntu/.local/lib/python3.8/site-packages/airflow/example_dags/example_subdag_operator.py for tasks to queue
[2022-09-14 20:25:17,566] {logging_mixin.py:115} INFO - [2022-09-14 20:25:17,565] {dagbag.py:508} INFO - Filling up the DagBag from /home/ubuntu/.local/lib/python3.8/site-packages/airflow/example_dags/example_subdag_operator.py
[2022-09-14 20:25:17,587] {processor.py:651} INFO - DAG(s) dict_keys(['example_subdag_operator.section-1', 'example_subdag_operator.section-2', 'example_subdag_operator']) retrieved from /home/ubuntu/.local/lib/python3.8/site-packages/airflow/example_dags/example_subdag_operator.py
[2022-09-14 20:25:17,612] {logging_mixin.py:115} INFO - [2022-09-14 20:25:17,612] {dag.py:2420} INFO - Sync 3 DAGs
[2022-09-14 20:25:17,628] {logging_mixin.py:115} INFO - [2022-09-14 20:25:17,628] {dag.py:2968} INFO - Setting next_dagrun for example_subdag_operator to 2022-01-01T00:00:00+00:00, run_after=2022-01-01T00:00:00+00:00
[2022-09-14 20:25:17,629] {logging_mixin.py:115} INFO - [2022-09-14 20:25:17,628] {dag.py:2968} INFO - Setting next_dagrun for example_subdag_operator.section-1 to None, run_after=None
[2022-09-14 20:25:17,629] {logging_mixin.py:115} INFO - [2022-09-14 20:25:17,629] {dag.py:2968} INFO - Setting next_dagrun for example_subdag_operator.section-2 to None, run_after=None
[2022-09-14 20:25:17,634] {logging_mixin.py:115} INFO - [2022-09-14 20:25:17,633] {dag.py:2420} INFO - Sync 2 DAGs
[2022-09-14 20:25:17,637] {logging_mixin.py:115} INFO - [2022-09-14 20:25:17,637] {dag.py:2968} INFO - Setting next_dagrun for example_subdag_operator.section-1 to None, run_after=None
[2022-09-14 20:25:17,637] {logging_mixin.py:115} INFO - [2022-09-14 20:25:17,637] {dag.py:2968} INFO - Setting next_dagrun for example_subdag_operator.section-2 to None, run_after=None
[2022-09-14 20:25:17,649] {processor.py:161} INFO - Processing /home/ubuntu/.local/lib/python3.8/site-packages/airflow/example_dags/example_subdag_operator.py took 0.088 seconds
[2022-09-14 20:25:53,630] {processor.py:153} INFO - Started process (PID=29941) to work on /home/ubuntu/.local/lib/python3.8/site-packages/airflow/example_dags/example_subdag_operator.py
[2022-09-14 20:25:53,632] {processor.py:641} INFO - Processing file /home/ubuntu/.local/lib/python3.8/site-packages/airflow/example_dags/example_subdag_operator.py for tasks to queue
[2022-09-14 20:25:53,632] {logging_mixin.py:115} INFO - [2022-09-14 20:25:53,632] {dagbag.py:508} INFO - Filling up the DagBag from /home/ubuntu/.local/lib/python3.8/site-packages/airflow/example_dags/example_subdag_operator.py
[2022-09-14 20:25:53,655] {processor.py:651} INFO - DAG(s) dict_keys(['example_subdag_operator.section-1', 'example_subdag_operator.section-2', 'example_subdag_operator']) retrieved from /home/ubuntu/.local/lib/python3.8/site-packages/airflow/example_dags/example_subdag_operator.py
[2022-09-14 20:25:53,681] {logging_mixin.py:115} INFO - [2022-09-14 20:25:53,681] {dag.py:2420} INFO - Sync 3 DAGs
[2022-09-14 20:25:53,697] {logging_mixin.py:115} INFO - [2022-09-14 20:25:53,697] {dag.py:2968} INFO - Setting next_dagrun for example_subdag_operator to 2022-01-01T00:00:00+00:00, run_after=2022-01-01T00:00:00+00:00
[2022-09-14 20:25:53,697] {logging_mixin.py:115} INFO - [2022-09-14 20:25:53,697] {dag.py:2968} INFO - Setting next_dagrun for example_subdag_operator.section-1 to None, run_after=None
[2022-09-14 20:25:53,697] {logging_mixin.py:115} INFO - [2022-09-14 20:25:53,697] {dag.py:2968} INFO - Setting next_dagrun for example_subdag_operator.section-2 to None, run_after=None
[2022-09-14 20:25:53,702] {logging_mixin.py:115} INFO - [2022-09-14 20:25:53,702] {dag.py:2420} INFO - Sync 2 DAGs
[2022-09-14 20:25:53,706] {logging_mixin.py:115} INFO - [2022-09-14 20:25:53,706] {dag.py:2968} INFO - Setting next_dagrun for example_subdag_operator.section-1 to None, run_after=None
[2022-09-14 20:25:53,706] {logging_mixin.py:115} INFO - [2022-09-14 20:25:53,706] {dag.py:2968} INFO - Setting next_dagrun for example_subdag_operator.section-2 to None, run_after=None
[2022-09-14 20:25:53,718] {processor.py:161} INFO - Processing /home/ubuntu/.local/lib/python3.8/site-packages/airflow/example_dags/example_subdag_operator.py took 0.092 seconds
[2022-09-14 20:30:40,418] {processor.py:153} INFO - Started process (PID=33367) to work on /home/ubuntu/.local/lib/python3.8/site-packages/airflow/example_dags/example_subdag_operator.py
[2022-09-14 20:30:40,420] {processor.py:641} INFO - Processing file /home/ubuntu/.local/lib/python3.8/site-packages/airflow/example_dags/example_subdag_operator.py for tasks to queue
[2022-09-14 20:30:40,421] {logging_mixin.py:115} INFO - [2022-09-14 20:30:40,421] {dagbag.py:508} INFO - Filling up the DagBag from /home/ubuntu/.local/lib/python3.8/site-packages/airflow/example_dags/example_subdag_operator.py
[2022-09-14 20:30:40,445] {processor.py:651} INFO - DAG(s) dict_keys(['example_subdag_operator.section-1', 'example_subdag_operator.section-2', 'example_subdag_operator']) retrieved from /home/ubuntu/.local/lib/python3.8/site-packages/airflow/example_dags/example_subdag_operator.py
[2022-09-14 20:30:40,467] {logging_mixin.py:115} INFO - [2022-09-14 20:30:40,467] {dag.py:2420} INFO - Sync 3 DAGs
[2022-09-14 20:30:40,480] {logging_mixin.py:115} INFO - [2022-09-14 20:30:40,480] {dag.py:2968} INFO - Setting next_dagrun for example_subdag_operator to 2022-01-01T00:00:00+00:00, run_after=2022-01-01T00:00:00+00:00
[2022-09-14 20:30:40,481] {logging_mixin.py:115} INFO - [2022-09-14 20:30:40,481] {dag.py:2968} INFO - Setting next_dagrun for example_subdag_operator.section-1 to None, run_after=None
[2022-09-14 20:30:40,481] {logging_mixin.py:115} INFO - [2022-09-14 20:30:40,481] {dag.py:2968} INFO - Setting next_dagrun for example_subdag_operator.section-2 to None, run_after=None
[2022-09-14 20:30:40,486] {logging_mixin.py:115} INFO - [2022-09-14 20:30:40,486] {dag.py:2420} INFO - Sync 2 DAGs
[2022-09-14 20:30:40,489] {logging_mixin.py:115} INFO - [2022-09-14 20:30:40,489] {dag.py:2968} INFO - Setting next_dagrun for example_subdag_operator.section-1 to None, run_after=None
[2022-09-14 20:30:40,489] {logging_mixin.py:115} INFO - [2022-09-14 20:30:40,489] {dag.py:2968} INFO - Setting next_dagrun for example_subdag_operator.section-2 to None, run_after=None
[2022-09-14 20:30:40,505] {processor.py:161} INFO - Processing /home/ubuntu/.local/lib/python3.8/site-packages/airflow/example_dags/example_subdag_operator.py took 0.092 seconds
[2022-09-14 20:31:15,556] {processor.py:153} INFO - Started process (PID=33699) to work on /home/ubuntu/.local/lib/python3.8/site-packages/airflow/example_dags/example_subdag_operator.py
[2022-09-14 20:31:15,558] {processor.py:641} INFO - Processing file /home/ubuntu/.local/lib/python3.8/site-packages/airflow/example_dags/example_subdag_operator.py for tasks to queue
[2022-09-14 20:31:15,559] {logging_mixin.py:115} INFO - [2022-09-14 20:31:15,559] {dagbag.py:508} INFO - Filling up the DagBag from /home/ubuntu/.local/lib/python3.8/site-packages/airflow/example_dags/example_subdag_operator.py
[2022-09-14 20:31:15,591] {processor.py:651} INFO - DAG(s) dict_keys(['example_subdag_operator.section-1', 'example_subdag_operator.section-2', 'example_subdag_operator']) retrieved from /home/ubuntu/.local/lib/python3.8/site-packages/airflow/example_dags/example_subdag_operator.py
[2022-09-14 20:31:15,614] {logging_mixin.py:115} INFO - [2022-09-14 20:31:15,614] {dag.py:2420} INFO - Sync 3 DAGs
[2022-09-14 20:31:15,627] {logging_mixin.py:115} INFO - [2022-09-14 20:31:15,627] {dag.py:2968} INFO - Setting next_dagrun for example_subdag_operator to 2022-01-01T00:00:00+00:00, run_after=2022-01-01T00:00:00+00:00
[2022-09-14 20:31:15,628] {logging_mixin.py:115} INFO - [2022-09-14 20:31:15,628] {dag.py:2968} INFO - Setting next_dagrun for example_subdag_operator.section-1 to None, run_after=None
[2022-09-14 20:31:15,628] {logging_mixin.py:115} INFO - [2022-09-14 20:31:15,628] {dag.py:2968} INFO - Setting next_dagrun for example_subdag_operator.section-2 to None, run_after=None
[2022-09-14 20:31:15,632] {logging_mixin.py:115} INFO - [2022-09-14 20:31:15,632] {dag.py:2420} INFO - Sync 2 DAGs
[2022-09-14 20:31:15,636] {logging_mixin.py:115} INFO - [2022-09-14 20:31:15,636] {dag.py:2968} INFO - Setting next_dagrun for example_subdag_operator.section-1 to None, run_after=None
[2022-09-14 20:31:15,636] {logging_mixin.py:115} INFO - [2022-09-14 20:31:15,636] {dag.py:2968} INFO - Setting next_dagrun for example_subdag_operator.section-2 to None, run_after=None
[2022-09-14 20:31:15,650] {processor.py:161} INFO - Processing /home/ubuntu/.local/lib/python3.8/site-packages/airflow/example_dags/example_subdag_operator.py took 0.097 seconds
