[2022-09-14 14:09:07,841] {processor.py:153} INFO - Started process (PID=7486) to work on /home/ubuntu/.local/lib/python3.8/site-packages/airflow/example_dags/tutorial.py
[2022-09-14 14:09:07,841] {processor.py:641} INFO - Processing file /home/ubuntu/.local/lib/python3.8/site-packages/airflow/example_dags/tutorial.py for tasks to queue
[2022-09-14 14:09:07,842] {logging_mixin.py:115} INFO - [2022-09-14 14:09:07,841] {dagbag.py:508} INFO - Filling up the DagBag from /home/ubuntu/.local/lib/python3.8/site-packages/airflow/example_dags/tutorial.py
[2022-09-14 14:09:07,848] {processor.py:651} INFO - DAG(s) dict_keys(['tutorial']) retrieved from /home/ubuntu/.local/lib/python3.8/site-packages/airflow/example_dags/tutorial.py
[2022-09-14 14:09:07,864] {logging_mixin.py:115} INFO - [2022-09-14 14:09:07,864] {dag.py:2420} INFO - Sync 1 DAGs
[2022-09-14 14:09:07,881] {logging_mixin.py:115} INFO - [2022-09-14 14:09:07,881] {dag.py:2968} INFO - Setting next_dagrun for tutorial to 2022-09-13T14:09:07.881274+00:00, run_after=2022-09-14T14:09:07.881274+00:00
[2022-09-14 14:09:07,899] {processor.py:161} INFO - Processing /home/ubuntu/.local/lib/python3.8/site-packages/airflow/example_dags/tutorial.py took 0.062 seconds
[2022-09-14 14:11:17,769] {processor.py:153} INFO - Started process (PID=8002) to work on /home/ubuntu/.local/lib/python3.8/site-packages/airflow/example_dags/tutorial.py
[2022-09-14 14:11:17,771] {processor.py:641} INFO - Processing file /home/ubuntu/.local/lib/python3.8/site-packages/airflow/example_dags/tutorial.py for tasks to queue
[2022-09-14 14:11:17,772] {logging_mixin.py:115} INFO - [2022-09-14 14:11:17,772] {dagbag.py:508} INFO - Filling up the DagBag from /home/ubuntu/.local/lib/python3.8/site-packages/airflow/example_dags/tutorial.py
[2022-09-14 14:11:17,778] {processor.py:651} INFO - DAG(s) dict_keys(['tutorial']) retrieved from /home/ubuntu/.local/lib/python3.8/site-packages/airflow/example_dags/tutorial.py
[2022-09-14 14:11:17,794] {logging_mixin.py:115} INFO - [2022-09-14 14:11:17,794] {dag.py:2420} INFO - Sync 1 DAGs
[2022-09-14 14:11:17,813] {logging_mixin.py:115} INFO - [2022-09-14 14:11:17,813] {dag.py:2968} INFO - Setting next_dagrun for tutorial to 2022-09-13T14:11:17.812763+00:00, run_after=2022-09-14T14:11:17.812763+00:00
[2022-09-14 14:11:17,829] {processor.py:161} INFO - Processing /home/ubuntu/.local/lib/python3.8/site-packages/airflow/example_dags/tutorial.py took 0.063 seconds
[2022-09-14 14:12:19,797] {processor.py:153} INFO - Started process (PID=8195) to work on /home/ubuntu/.local/lib/python3.8/site-packages/airflow/example_dags/tutorial.py
[2022-09-14 14:12:19,798] {processor.py:641} INFO - Processing file /home/ubuntu/.local/lib/python3.8/site-packages/airflow/example_dags/tutorial.py for tasks to queue
[2022-09-14 14:12:19,799] {logging_mixin.py:115} INFO - [2022-09-14 14:12:19,799] {dagbag.py:508} INFO - Filling up the DagBag from /home/ubuntu/.local/lib/python3.8/site-packages/airflow/example_dags/tutorial.py
[2022-09-14 14:12:19,805] {processor.py:651} INFO - DAG(s) dict_keys(['tutorial']) retrieved from /home/ubuntu/.local/lib/python3.8/site-packages/airflow/example_dags/tutorial.py
[2022-09-14 14:12:19,822] {logging_mixin.py:115} INFO - [2022-09-14 14:12:19,821] {dag.py:2420} INFO - Sync 1 DAGs
[2022-09-14 14:12:19,841] {logging_mixin.py:115} INFO - [2022-09-14 14:12:19,841] {dag.py:2968} INFO - Setting next_dagrun for tutorial to 2022-09-13T14:12:19.840748+00:00, run_after=2022-09-14T14:12:19.840748+00:00
[2022-09-14 14:12:19,855] {processor.py:161} INFO - Processing /home/ubuntu/.local/lib/python3.8/site-packages/airflow/example_dags/tutorial.py took 0.061 seconds
[2022-09-14 14:14:15,250] {processor.py:153} INFO - Started process (PID=8988) to work on /home/ubuntu/.local/lib/python3.8/site-packages/airflow/example_dags/tutorial.py
[2022-09-14 14:14:15,252] {processor.py:641} INFO - Processing file /home/ubuntu/.local/lib/python3.8/site-packages/airflow/example_dags/tutorial.py for tasks to queue
[2022-09-14 14:14:15,253] {logging_mixin.py:115} INFO - [2022-09-14 14:14:15,253] {dagbag.py:508} INFO - Filling up the DagBag from /home/ubuntu/.local/lib/python3.8/site-packages/airflow/example_dags/tutorial.py
[2022-09-14 14:14:15,259] {processor.py:651} INFO - DAG(s) dict_keys(['tutorial']) retrieved from /home/ubuntu/.local/lib/python3.8/site-packages/airflow/example_dags/tutorial.py
[2022-09-14 14:14:15,275] {logging_mixin.py:115} INFO - [2022-09-14 14:14:15,275] {dag.py:2420} INFO - Sync 1 DAGs
[2022-09-14 14:14:15,295] {logging_mixin.py:115} INFO - [2022-09-14 14:14:15,294] {dag.py:2968} INFO - Setting next_dagrun for tutorial to 2022-09-13T14:14:15.294604+00:00, run_after=2022-09-14T14:14:15.294604+00:00
[2022-09-14 14:14:15,310] {processor.py:161} INFO - Processing /home/ubuntu/.local/lib/python3.8/site-packages/airflow/example_dags/tutorial.py took 0.063 seconds
[2022-09-14 14:37:37,362] {processor.py:153} INFO - Started process (PID=14749) to work on /home/ubuntu/.local/lib/python3.8/site-packages/airflow/example_dags/tutorial.py
[2022-09-14 14:37:37,364] {processor.py:641} INFO - Processing file /home/ubuntu/.local/lib/python3.8/site-packages/airflow/example_dags/tutorial.py for tasks to queue
[2022-09-14 14:37:37,365] {logging_mixin.py:115} INFO - [2022-09-14 14:37:37,365] {dagbag.py:508} INFO - Filling up the DagBag from /home/ubuntu/.local/lib/python3.8/site-packages/airflow/example_dags/tutorial.py
[2022-09-14 14:37:37,371] {processor.py:651} INFO - DAG(s) dict_keys(['tutorial']) retrieved from /home/ubuntu/.local/lib/python3.8/site-packages/airflow/example_dags/tutorial.py
[2022-09-14 14:37:37,387] {logging_mixin.py:115} INFO - [2022-09-14 14:37:37,387] {dag.py:2420} INFO - Sync 1 DAGs
[2022-09-14 14:37:37,406] {logging_mixin.py:115} INFO - [2022-09-14 14:37:37,406] {dag.py:2968} INFO - Setting next_dagrun for tutorial to 2022-09-13T14:37:37.406461+00:00, run_after=2022-09-14T14:37:37.406461+00:00
[2022-09-14 14:37:37,422] {processor.py:161} INFO - Processing /home/ubuntu/.local/lib/python3.8/site-packages/airflow/example_dags/tutorial.py took 0.063 seconds
[2022-09-14 20:20:19,988] {processor.py:153} INFO - Started process (PID=27171) to work on /home/ubuntu/.local/lib/python3.8/site-packages/airflow/example_dags/tutorial.py
[2022-09-14 20:20:19,990] {processor.py:641} INFO - Processing file /home/ubuntu/.local/lib/python3.8/site-packages/airflow/example_dags/tutorial.py for tasks to queue
[2022-09-14 20:20:19,991] {logging_mixin.py:115} INFO - [2022-09-14 20:20:19,991] {dagbag.py:508} INFO - Filling up the DagBag from /home/ubuntu/.local/lib/python3.8/site-packages/airflow/example_dags/tutorial.py
[2022-09-14 20:20:19,997] {processor.py:651} INFO - DAG(s) dict_keys(['tutorial']) retrieved from /home/ubuntu/.local/lib/python3.8/site-packages/airflow/example_dags/tutorial.py
[2022-09-14 20:20:20,015] {logging_mixin.py:115} INFO - [2022-09-14 20:20:20,015] {dag.py:2420} INFO - Sync 1 DAGs
[2022-09-14 20:20:20,034] {logging_mixin.py:115} INFO - [2022-09-14 20:20:20,034] {dag.py:2968} INFO - Setting next_dagrun for tutorial to 2022-09-13T20:20:20.034325+00:00, run_after=2022-09-14T20:20:20.034325+00:00
[2022-09-14 20:20:20,050] {processor.py:161} INFO - Processing /home/ubuntu/.local/lib/python3.8/site-packages/airflow/example_dags/tutorial.py took 0.066 seconds
[2022-09-14 20:21:36,654] {processor.py:153} INFO - Started process (PID=28138) to work on /home/ubuntu/.local/lib/python3.8/site-packages/airflow/example_dags/tutorial.py
[2022-09-14 20:21:36,656] {processor.py:641} INFO - Processing file /home/ubuntu/.local/lib/python3.8/site-packages/airflow/example_dags/tutorial.py for tasks to queue
[2022-09-14 20:21:36,657] {logging_mixin.py:115} INFO - [2022-09-14 20:21:36,657] {dagbag.py:508} INFO - Filling up the DagBag from /home/ubuntu/.local/lib/python3.8/site-packages/airflow/example_dags/tutorial.py
[2022-09-14 20:21:36,663] {processor.py:651} INFO - DAG(s) dict_keys(['tutorial']) retrieved from /home/ubuntu/.local/lib/python3.8/site-packages/airflow/example_dags/tutorial.py
[2022-09-14 20:21:36,682] {logging_mixin.py:115} INFO - [2022-09-14 20:21:36,682] {dag.py:2420} INFO - Sync 1 DAGs
[2022-09-14 20:21:36,695] {logging_mixin.py:115} INFO - [2022-09-14 20:21:36,695] {dag.py:2968} INFO - Setting next_dagrun for tutorial to 2022-09-13T20:21:36.695159+00:00, run_after=2022-09-14T20:21:36.695159+00:00
[2022-09-14 20:21:36,710] {processor.py:161} INFO - Processing /home/ubuntu/.local/lib/python3.8/site-packages/airflow/example_dags/tutorial.py took 0.059 seconds
[2022-09-14 20:23:40,042] {processor.py:153} INFO - Started process (PID=29318) to work on /home/ubuntu/.local/lib/python3.8/site-packages/airflow/example_dags/tutorial.py
[2022-09-14 20:23:40,044] {processor.py:641} INFO - Processing file /home/ubuntu/.local/lib/python3.8/site-packages/airflow/example_dags/tutorial.py for tasks to queue
[2022-09-14 20:23:40,044] {logging_mixin.py:115} INFO - [2022-09-14 20:23:40,044] {dagbag.py:508} INFO - Filling up the DagBag from /home/ubuntu/.local/lib/python3.8/site-packages/airflow/example_dags/tutorial.py
[2022-09-14 20:23:40,051] {processor.py:651} INFO - DAG(s) dict_keys(['tutorial']) retrieved from /home/ubuntu/.local/lib/python3.8/site-packages/airflow/example_dags/tutorial.py
[2022-09-14 20:23:40,070] {logging_mixin.py:115} INFO - [2022-09-14 20:23:40,070] {dag.py:2420} INFO - Sync 1 DAGs
[2022-09-14 20:23:40,084] {logging_mixin.py:115} INFO - [2022-09-14 20:23:40,083] {dag.py:2968} INFO - Setting next_dagrun for tutorial to 2022-09-13T20:23:40.083581+00:00, run_after=2022-09-14T20:23:40.083581+00:00
[2022-09-14 20:23:40,099] {processor.py:161} INFO - Processing /home/ubuntu/.local/lib/python3.8/site-packages/airflow/example_dags/tutorial.py took 0.061 seconds
[2022-09-14 20:24:17,561] {processor.py:153} INFO - Started process (PID=29521) to work on /home/ubuntu/.local/lib/python3.8/site-packages/airflow/example_dags/tutorial.py
[2022-09-14 20:24:17,562] {processor.py:641} INFO - Processing file /home/ubuntu/.local/lib/python3.8/site-packages/airflow/example_dags/tutorial.py for tasks to queue
[2022-09-14 20:24:17,563] {logging_mixin.py:115} INFO - [2022-09-14 20:24:17,563] {dagbag.py:508} INFO - Filling up the DagBag from /home/ubuntu/.local/lib/python3.8/site-packages/airflow/example_dags/tutorial.py
[2022-09-14 20:24:17,570] {processor.py:651} INFO - DAG(s) dict_keys(['tutorial']) retrieved from /home/ubuntu/.local/lib/python3.8/site-packages/airflow/example_dags/tutorial.py
[2022-09-14 20:24:17,586] {logging_mixin.py:115} INFO - [2022-09-14 20:24:17,586] {dag.py:2420} INFO - Sync 1 DAGs
[2022-09-14 20:24:17,599] {logging_mixin.py:115} INFO - [2022-09-14 20:24:17,599] {dag.py:2968} INFO - Setting next_dagrun for tutorial to 2022-09-13T20:24:17.599224+00:00, run_after=2022-09-14T20:24:17.599224+00:00
[2022-09-14 20:24:17,615] {processor.py:161} INFO - Processing /home/ubuntu/.local/lib/python3.8/site-packages/airflow/example_dags/tutorial.py took 0.058 seconds
[2022-09-14 20:25:05,679] {processor.py:153} INFO - Started process (PID=29790) to work on /home/ubuntu/.local/lib/python3.8/site-packages/airflow/example_dags/tutorial.py
[2022-09-14 20:25:05,694] {processor.py:641} INFO - Processing file /home/ubuntu/.local/lib/python3.8/site-packages/airflow/example_dags/tutorial.py for tasks to queue
[2022-09-14 20:25:05,695] {logging_mixin.py:115} INFO - [2022-09-14 20:25:05,695] {dagbag.py:508} INFO - Filling up the DagBag from /home/ubuntu/.local/lib/python3.8/site-packages/airflow/example_dags/tutorial.py
[2022-09-14 20:25:05,704] {processor.py:651} INFO - DAG(s) dict_keys(['tutorial']) retrieved from /home/ubuntu/.local/lib/python3.8/site-packages/airflow/example_dags/tutorial.py
[2022-09-14 20:25:05,748] {logging_mixin.py:115} INFO - [2022-09-14 20:25:05,748] {dag.py:2420} INFO - Sync 1 DAGs
[2022-09-14 20:25:05,781] {logging_mixin.py:115} INFO - [2022-09-14 20:25:05,781] {dag.py:2968} INFO - Setting next_dagrun for tutorial to 2022-09-13T20:25:05.781097+00:00, run_after=2022-09-14T20:25:05.781097+00:00
[2022-09-14 20:25:05,816] {processor.py:161} INFO - Processing /home/ubuntu/.local/lib/python3.8/site-packages/airflow/example_dags/tutorial.py took 0.141 seconds
[2022-09-14 20:25:40,449] {processor.py:153} INFO - Started process (PID=29925) to work on /home/ubuntu/.local/lib/python3.8/site-packages/airflow/example_dags/tutorial.py
[2022-09-14 20:25:40,450] {processor.py:641} INFO - Processing file /home/ubuntu/.local/lib/python3.8/site-packages/airflow/example_dags/tutorial.py for tasks to queue
[2022-09-14 20:25:40,451] {logging_mixin.py:115} INFO - [2022-09-14 20:25:40,451] {dagbag.py:508} INFO - Filling up the DagBag from /home/ubuntu/.local/lib/python3.8/site-packages/airflow/example_dags/tutorial.py
[2022-09-14 20:25:40,457] {processor.py:651} INFO - DAG(s) dict_keys(['tutorial']) retrieved from /home/ubuntu/.local/lib/python3.8/site-packages/airflow/example_dags/tutorial.py
[2022-09-14 20:25:40,474] {logging_mixin.py:115} INFO - [2022-09-14 20:25:40,474] {dag.py:2420} INFO - Sync 1 DAGs
[2022-09-14 20:25:40,494] {logging_mixin.py:115} INFO - [2022-09-14 20:25:40,494] {dag.py:2968} INFO - Setting next_dagrun for tutorial to 2022-09-13T20:25:40.493982+00:00, run_after=2022-09-14T20:25:40.493982+00:00
[2022-09-14 20:25:40,509] {processor.py:161} INFO - Processing /home/ubuntu/.local/lib/python3.8/site-packages/airflow/example_dags/tutorial.py took 0.063 seconds
[2022-09-14 20:30:27,972] {processor.py:153} INFO - Started process (PID=33283) to work on /home/ubuntu/.local/lib/python3.8/site-packages/airflow/example_dags/tutorial.py
[2022-09-14 20:30:27,974] {processor.py:641} INFO - Processing file /home/ubuntu/.local/lib/python3.8/site-packages/airflow/example_dags/tutorial.py for tasks to queue
[2022-09-14 20:30:27,974] {logging_mixin.py:115} INFO - [2022-09-14 20:30:27,974] {dagbag.py:508} INFO - Filling up the DagBag from /home/ubuntu/.local/lib/python3.8/site-packages/airflow/example_dags/tutorial.py
[2022-09-14 20:30:27,980] {processor.py:651} INFO - DAG(s) dict_keys(['tutorial']) retrieved from /home/ubuntu/.local/lib/python3.8/site-packages/airflow/example_dags/tutorial.py
[2022-09-14 20:30:27,997] {logging_mixin.py:115} INFO - [2022-09-14 20:30:27,997] {dag.py:2420} INFO - Sync 1 DAGs
[2022-09-14 20:30:28,010] {logging_mixin.py:115} INFO - [2022-09-14 20:30:28,010] {dag.py:2968} INFO - Setting next_dagrun for tutorial to 2022-09-13T20:30:28.010481+00:00, run_after=2022-09-14T20:30:28.010481+00:00
[2022-09-14 20:30:28,025] {processor.py:161} INFO - Processing /home/ubuntu/.local/lib/python3.8/site-packages/airflow/example_dags/tutorial.py took 0.057 seconds
[2022-09-14 20:31:02,879] {processor.py:153} INFO - Started process (PID=33593) to work on /home/ubuntu/.local/lib/python3.8/site-packages/airflow/example_dags/tutorial.py
[2022-09-14 20:31:02,881] {processor.py:641} INFO - Processing file /home/ubuntu/.local/lib/python3.8/site-packages/airflow/example_dags/tutorial.py for tasks to queue
[2022-09-14 20:31:02,881] {logging_mixin.py:115} INFO - [2022-09-14 20:31:02,881] {dagbag.py:508} INFO - Filling up the DagBag from /home/ubuntu/.local/lib/python3.8/site-packages/airflow/example_dags/tutorial.py
[2022-09-14 20:31:02,888] {processor.py:651} INFO - DAG(s) dict_keys(['tutorial']) retrieved from /home/ubuntu/.local/lib/python3.8/site-packages/airflow/example_dags/tutorial.py
[2022-09-14 20:31:02,905] {logging_mixin.py:115} INFO - [2022-09-14 20:31:02,905] {dag.py:2420} INFO - Sync 1 DAGs
[2022-09-14 20:31:02,920] {logging_mixin.py:115} INFO - [2022-09-14 20:31:02,920] {dag.py:2968} INFO - Setting next_dagrun for tutorial to 2022-09-13T20:31:02.920057+00:00, run_after=2022-09-14T20:31:02.920057+00:00
[2022-09-14 20:31:02,935] {processor.py:161} INFO - Processing /home/ubuntu/.local/lib/python3.8/site-packages/airflow/example_dags/tutorial.py took 0.060 seconds
