[2022-09-14 14:09:08,978] {processor.py:153} INFO - Started process (PID=7487) to work on /home/ubuntu/.local/lib/python3.8/site-packages/airflow/example_dags/tutorial_taskflow_api_etl.py
[2022-09-14 14:09:08,979] {processor.py:641} INFO - Processing file /home/ubuntu/.local/lib/python3.8/site-packages/airflow/example_dags/tutorial_taskflow_api_etl.py for tasks to queue
[2022-09-14 14:09:08,980] {logging_mixin.py:115} INFO - [2022-09-14 14:09:08,980] {dagbag.py:508} INFO - Filling up the DagBag from /home/ubuntu/.local/lib/python3.8/site-packages/airflow/example_dags/tutorial_taskflow_api_etl.py
[2022-09-14 14:09:09,003] {processor.py:651} INFO - DAG(s) dict_keys(['tutorial_taskflow_api_etl']) retrieved from /home/ubuntu/.local/lib/python3.8/site-packages/airflow/example_dags/tutorial_taskflow_api_etl.py
[2022-09-14 14:09:09,066] {logging_mixin.py:115} INFO - [2022-09-14 14:09:09,066] {dag.py:2420} INFO - Sync 1 DAGs
[2022-09-14 14:09:09,087] {logging_mixin.py:115} INFO - [2022-09-14 14:09:09,086] {dag.py:2968} INFO - Setting next_dagrun for tutorial_taskflow_api_etl to None, run_after=None
[2022-09-14 14:09:09,109] {processor.py:161} INFO - Processing /home/ubuntu/.local/lib/python3.8/site-packages/airflow/example_dags/tutorial_taskflow_api_etl.py took 0.135 seconds
[2022-09-14 14:11:18,899] {processor.py:153} INFO - Started process (PID=8004) to work on /home/ubuntu/.local/lib/python3.8/site-packages/airflow/example_dags/tutorial_taskflow_api_etl.py
[2022-09-14 14:11:18,901] {processor.py:641} INFO - Processing file /home/ubuntu/.local/lib/python3.8/site-packages/airflow/example_dags/tutorial_taskflow_api_etl.py for tasks to queue
[2022-09-14 14:11:18,902] {logging_mixin.py:115} INFO - [2022-09-14 14:11:18,901] {dagbag.py:508} INFO - Filling up the DagBag from /home/ubuntu/.local/lib/python3.8/site-packages/airflow/example_dags/tutorial_taskflow_api_etl.py
[2022-09-14 14:11:18,918] {processor.py:651} INFO - DAG(s) dict_keys(['tutorial_taskflow_api_etl']) retrieved from /home/ubuntu/.local/lib/python3.8/site-packages/airflow/example_dags/tutorial_taskflow_api_etl.py
[2022-09-14 14:11:18,961] {logging_mixin.py:115} INFO - [2022-09-14 14:11:18,961] {dag.py:2420} INFO - Sync 1 DAGs
[2022-09-14 14:11:18,975] {logging_mixin.py:115} INFO - [2022-09-14 14:11:18,975] {dag.py:2968} INFO - Setting next_dagrun for tutorial_taskflow_api_etl to None, run_after=None
[2022-09-14 14:11:18,995] {processor.py:161} INFO - Processing /home/ubuntu/.local/lib/python3.8/site-packages/airflow/example_dags/tutorial_taskflow_api_etl.py took 0.100 seconds
[2022-09-14 14:12:20,928] {processor.py:153} INFO - Started process (PID=8196) to work on /home/ubuntu/.local/lib/python3.8/site-packages/airflow/example_dags/tutorial_taskflow_api_etl.py
[2022-09-14 14:12:20,929] {processor.py:641} INFO - Processing file /home/ubuntu/.local/lib/python3.8/site-packages/airflow/example_dags/tutorial_taskflow_api_etl.py for tasks to queue
[2022-09-14 14:12:20,929] {logging_mixin.py:115} INFO - [2022-09-14 14:12:20,929] {dagbag.py:508} INFO - Filling up the DagBag from /home/ubuntu/.local/lib/python3.8/site-packages/airflow/example_dags/tutorial_taskflow_api_etl.py
[2022-09-14 14:12:20,946] {processor.py:651} INFO - DAG(s) dict_keys(['tutorial_taskflow_api_etl']) retrieved from /home/ubuntu/.local/lib/python3.8/site-packages/airflow/example_dags/tutorial_taskflow_api_etl.py
[2022-09-14 14:12:20,990] {logging_mixin.py:115} INFO - [2022-09-14 14:12:20,990] {dag.py:2420} INFO - Sync 1 DAGs
[2022-09-14 14:12:21,005] {logging_mixin.py:115} INFO - [2022-09-14 14:12:21,005] {dag.py:2968} INFO - Setting next_dagrun for tutorial_taskflow_api_etl to None, run_after=None
[2022-09-14 14:12:21,023] {processor.py:161} INFO - Processing /home/ubuntu/.local/lib/python3.8/site-packages/airflow/example_dags/tutorial_taskflow_api_etl.py took 0.099 seconds
[2022-09-14 14:14:16,381] {processor.py:153} INFO - Started process (PID=8989) to work on /home/ubuntu/.local/lib/python3.8/site-packages/airflow/example_dags/tutorial_taskflow_api_etl.py
[2022-09-14 14:14:16,383] {processor.py:641} INFO - Processing file /home/ubuntu/.local/lib/python3.8/site-packages/airflow/example_dags/tutorial_taskflow_api_etl.py for tasks to queue
[2022-09-14 14:14:16,384] {logging_mixin.py:115} INFO - [2022-09-14 14:14:16,384] {dagbag.py:508} INFO - Filling up the DagBag from /home/ubuntu/.local/lib/python3.8/site-packages/airflow/example_dags/tutorial_taskflow_api_etl.py
[2022-09-14 14:14:16,400] {processor.py:651} INFO - DAG(s) dict_keys(['tutorial_taskflow_api_etl']) retrieved from /home/ubuntu/.local/lib/python3.8/site-packages/airflow/example_dags/tutorial_taskflow_api_etl.py
[2022-09-14 14:14:16,443] {logging_mixin.py:115} INFO - [2022-09-14 14:14:16,442] {dag.py:2420} INFO - Sync 1 DAGs
[2022-09-14 14:14:16,456] {logging_mixin.py:115} INFO - [2022-09-14 14:14:16,456] {dag.py:2968} INFO - Setting next_dagrun for tutorial_taskflow_api_etl to None, run_after=None
[2022-09-14 14:14:16,471] {processor.py:161} INFO - Processing /home/ubuntu/.local/lib/python3.8/site-packages/airflow/example_dags/tutorial_taskflow_api_etl.py took 0.093 seconds
[2022-09-14 20:21:37,809] {processor.py:153} INFO - Started process (PID=28139) to work on /home/ubuntu/.local/lib/python3.8/site-packages/airflow/example_dags/tutorial_taskflow_api_etl.py
[2022-09-14 20:21:37,812] {processor.py:641} INFO - Processing file /home/ubuntu/.local/lib/python3.8/site-packages/airflow/example_dags/tutorial_taskflow_api_etl.py for tasks to queue
[2022-09-14 20:21:37,812] {logging_mixin.py:115} INFO - [2022-09-14 20:21:37,812] {dagbag.py:508} INFO - Filling up the DagBag from /home/ubuntu/.local/lib/python3.8/site-packages/airflow/example_dags/tutorial_taskflow_api_etl.py
[2022-09-14 20:21:37,833] {processor.py:651} INFO - DAG(s) dict_keys(['tutorial_taskflow_api_etl']) retrieved from /home/ubuntu/.local/lib/python3.8/site-packages/airflow/example_dags/tutorial_taskflow_api_etl.py
[2022-09-14 20:21:37,873] {logging_mixin.py:115} INFO - [2022-09-14 20:21:37,873] {dag.py:2420} INFO - Sync 1 DAGs
[2022-09-14 20:21:37,884] {logging_mixin.py:115} INFO - [2022-09-14 20:21:37,884] {dag.py:2968} INFO - Setting next_dagrun for tutorial_taskflow_api_etl to None, run_after=None
[2022-09-14 20:21:37,899] {processor.py:161} INFO - Processing /home/ubuntu/.local/lib/python3.8/site-packages/airflow/example_dags/tutorial_taskflow_api_etl.py took 0.094 seconds
[2022-09-14 20:23:41,198] {processor.py:153} INFO - Started process (PID=29319) to work on /home/ubuntu/.local/lib/python3.8/site-packages/airflow/example_dags/tutorial_taskflow_api_etl.py
[2022-09-14 20:23:41,200] {processor.py:641} INFO - Processing file /home/ubuntu/.local/lib/python3.8/site-packages/airflow/example_dags/tutorial_taskflow_api_etl.py for tasks to queue
[2022-09-14 20:23:41,200] {logging_mixin.py:115} INFO - [2022-09-14 20:23:41,200] {dagbag.py:508} INFO - Filling up the DagBag from /home/ubuntu/.local/lib/python3.8/site-packages/airflow/example_dags/tutorial_taskflow_api_etl.py
[2022-09-14 20:23:41,221] {processor.py:651} INFO - DAG(s) dict_keys(['tutorial_taskflow_api_etl']) retrieved from /home/ubuntu/.local/lib/python3.8/site-packages/airflow/example_dags/tutorial_taskflow_api_etl.py
[2022-09-14 20:23:41,260] {logging_mixin.py:115} INFO - [2022-09-14 20:23:41,260] {dag.py:2420} INFO - Sync 1 DAGs
[2022-09-14 20:23:41,271] {logging_mixin.py:115} INFO - [2022-09-14 20:23:41,270] {dag.py:2968} INFO - Setting next_dagrun for tutorial_taskflow_api_etl to None, run_after=None
[2022-09-14 20:23:41,298] {processor.py:161} INFO - Processing /home/ubuntu/.local/lib/python3.8/site-packages/airflow/example_dags/tutorial_taskflow_api_etl.py took 0.104 seconds
[2022-09-14 20:24:18,714] {processor.py:153} INFO - Started process (PID=29522) to work on /home/ubuntu/.local/lib/python3.8/site-packages/airflow/example_dags/tutorial_taskflow_api_etl.py
[2022-09-14 20:24:18,715] {processor.py:641} INFO - Processing file /home/ubuntu/.local/lib/python3.8/site-packages/airflow/example_dags/tutorial_taskflow_api_etl.py for tasks to queue
[2022-09-14 20:24:18,716] {logging_mixin.py:115} INFO - [2022-09-14 20:24:18,716] {dagbag.py:508} INFO - Filling up the DagBag from /home/ubuntu/.local/lib/python3.8/site-packages/airflow/example_dags/tutorial_taskflow_api_etl.py
[2022-09-14 20:24:18,736] {processor.py:651} INFO - DAG(s) dict_keys(['tutorial_taskflow_api_etl']) retrieved from /home/ubuntu/.local/lib/python3.8/site-packages/airflow/example_dags/tutorial_taskflow_api_etl.py
[2022-09-14 20:24:18,774] {logging_mixin.py:115} INFO - [2022-09-14 20:24:18,774] {dag.py:2420} INFO - Sync 1 DAGs
[2022-09-14 20:24:18,785] {logging_mixin.py:115} INFO - [2022-09-14 20:24:18,785] {dag.py:2968} INFO - Setting next_dagrun for tutorial_taskflow_api_etl to None, run_after=None
[2022-09-14 20:24:18,800] {processor.py:161} INFO - Processing /home/ubuntu/.local/lib/python3.8/site-packages/airflow/example_dags/tutorial_taskflow_api_etl.py took 0.090 seconds
[2022-09-14 20:25:06,129] {processor.py:153} INFO - Started process (PID=29791) to work on /home/ubuntu/.local/lib/python3.8/site-packages/airflow/example_dags/tutorial_taskflow_api_etl.py
[2022-09-14 20:25:06,158] {processor.py:641} INFO - Processing file /home/ubuntu/.local/lib/python3.8/site-packages/airflow/example_dags/tutorial_taskflow_api_etl.py for tasks to queue
[2022-09-14 20:25:06,159] {logging_mixin.py:115} INFO - [2022-09-14 20:25:06,159] {dagbag.py:508} INFO - Filling up the DagBag from /home/ubuntu/.local/lib/python3.8/site-packages/airflow/example_dags/tutorial_taskflow_api_etl.py
[2022-09-14 20:25:06,196] {processor.py:651} INFO - DAG(s) dict_keys(['tutorial_taskflow_api_etl']) retrieved from /home/ubuntu/.local/lib/python3.8/site-packages/airflow/example_dags/tutorial_taskflow_api_etl.py
[2022-09-14 20:25:06,256] {logging_mixin.py:115} INFO - [2022-09-14 20:25:06,256] {dag.py:2420} INFO - Sync 1 DAGs
[2022-09-14 20:25:06,275] {logging_mixin.py:115} INFO - [2022-09-14 20:25:06,274] {dag.py:2968} INFO - Setting next_dagrun for tutorial_taskflow_api_etl to None, run_after=None
[2022-09-14 20:25:06,295] {processor.py:161} INFO - Processing /home/ubuntu/.local/lib/python3.8/site-packages/airflow/example_dags/tutorial_taskflow_api_etl.py took 0.170 seconds
[2022-09-14 20:25:41,601] {processor.py:153} INFO - Started process (PID=29926) to work on /home/ubuntu/.local/lib/python3.8/site-packages/airflow/example_dags/tutorial_taskflow_api_etl.py
[2022-09-14 20:25:41,602] {processor.py:641} INFO - Processing file /home/ubuntu/.local/lib/python3.8/site-packages/airflow/example_dags/tutorial_taskflow_api_etl.py for tasks to queue
[2022-09-14 20:25:41,603] {logging_mixin.py:115} INFO - [2022-09-14 20:25:41,603] {dagbag.py:508} INFO - Filling up the DagBag from /home/ubuntu/.local/lib/python3.8/site-packages/airflow/example_dags/tutorial_taskflow_api_etl.py
[2022-09-14 20:25:41,619] {processor.py:651} INFO - DAG(s) dict_keys(['tutorial_taskflow_api_etl']) retrieved from /home/ubuntu/.local/lib/python3.8/site-packages/airflow/example_dags/tutorial_taskflow_api_etl.py
[2022-09-14 20:25:41,663] {logging_mixin.py:115} INFO - [2022-09-14 20:25:41,662] {dag.py:2420} INFO - Sync 1 DAGs
[2022-09-14 20:25:41,676] {logging_mixin.py:115} INFO - [2022-09-14 20:25:41,676] {dag.py:2968} INFO - Setting next_dagrun for tutorial_taskflow_api_etl to None, run_after=None
[2022-09-14 20:25:41,692] {processor.py:161} INFO - Processing /home/ubuntu/.local/lib/python3.8/site-packages/airflow/example_dags/tutorial_taskflow_api_etl.py took 0.094 seconds
[2022-09-14 20:30:29,127] {processor.py:153} INFO - Started process (PID=33309) to work on /home/ubuntu/.local/lib/python3.8/site-packages/airflow/example_dags/tutorial_taskflow_api_etl.py
[2022-09-14 20:30:29,129] {processor.py:641} INFO - Processing file /home/ubuntu/.local/lib/python3.8/site-packages/airflow/example_dags/tutorial_taskflow_api_etl.py for tasks to queue
[2022-09-14 20:30:29,130] {logging_mixin.py:115} INFO - [2022-09-14 20:30:29,130] {dagbag.py:508} INFO - Filling up the DagBag from /home/ubuntu/.local/lib/python3.8/site-packages/airflow/example_dags/tutorial_taskflow_api_etl.py
[2022-09-14 20:30:29,147] {processor.py:651} INFO - DAG(s) dict_keys(['tutorial_taskflow_api_etl']) retrieved from /home/ubuntu/.local/lib/python3.8/site-packages/airflow/example_dags/tutorial_taskflow_api_etl.py
[2022-09-14 20:30:29,187] {logging_mixin.py:115} INFO - [2022-09-14 20:30:29,187] {dag.py:2420} INFO - Sync 1 DAGs
[2022-09-14 20:30:29,197] {logging_mixin.py:115} INFO - [2022-09-14 20:30:29,197] {dag.py:2968} INFO - Setting next_dagrun for tutorial_taskflow_api_etl to None, run_after=None
[2022-09-14 20:30:29,215] {processor.py:161} INFO - Processing /home/ubuntu/.local/lib/python3.8/site-packages/airflow/example_dags/tutorial_taskflow_api_etl.py took 0.091 seconds
[2022-09-14 20:31:04,058] {processor.py:153} INFO - Started process (PID=33595) to work on /home/ubuntu/.local/lib/python3.8/site-packages/airflow/example_dags/tutorial_taskflow_api_etl.py
[2022-09-14 20:31:04,059] {processor.py:641} INFO - Processing file /home/ubuntu/.local/lib/python3.8/site-packages/airflow/example_dags/tutorial_taskflow_api_etl.py for tasks to queue
[2022-09-14 20:31:04,060] {logging_mixin.py:115} INFO - [2022-09-14 20:31:04,060] {dagbag.py:508} INFO - Filling up the DagBag from /home/ubuntu/.local/lib/python3.8/site-packages/airflow/example_dags/tutorial_taskflow_api_etl.py
[2022-09-14 20:31:04,076] {processor.py:651} INFO - DAG(s) dict_keys(['tutorial_taskflow_api_etl']) retrieved from /home/ubuntu/.local/lib/python3.8/site-packages/airflow/example_dags/tutorial_taskflow_api_etl.py
[2022-09-14 20:31:04,118] {logging_mixin.py:115} INFO - [2022-09-14 20:31:04,118] {dag.py:2420} INFO - Sync 1 DAGs
[2022-09-14 20:31:04,128] {logging_mixin.py:115} INFO - [2022-09-14 20:31:04,128] {dag.py:2968} INFO - Setting next_dagrun for tutorial_taskflow_api_etl to None, run_after=None
[2022-09-14 20:31:04,143] {processor.py:161} INFO - Processing /home/ubuntu/.local/lib/python3.8/site-packages/airflow/example_dags/tutorial_taskflow_api_etl.py took 0.089 seconds
