[2022-09-17 08:35:02,083] {processor.py:153} INFO - Started process (PID=9454) to work on /home/ubuntu/.local/lib/python3.8/site-packages/airflow/example_dags/plugins/workday.py
[2022-09-17 08:35:02,084] {processor.py:641} INFO - Processing file /home/ubuntu/.local/lib/python3.8/site-packages/airflow/example_dags/plugins/workday.py for tasks to queue
[2022-09-17 08:35:02,085] {logging_mixin.py:115} INFO - [2022-09-17 08:35:02,084] {dagbag.py:508} INFO - Filling up the DagBag from /home/ubuntu/.local/lib/python3.8/site-packages/airflow/example_dags/plugins/workday.py
[2022-09-17 08:35:02,087] {processor.py:653} WARNING - No viable dags retrieved from /home/ubuntu/.local/lib/python3.8/site-packages/airflow/example_dags/plugins/workday.py
[2022-09-17 08:35:02,102] {processor.py:161} INFO - Processing /home/ubuntu/.local/lib/python3.8/site-packages/airflow/example_dags/plugins/workday.py took 0.023 seconds
[2022-09-17 08:35:37,938] {processor.py:153} INFO - Started process (PID=9789) to work on /home/ubuntu/.local/lib/python3.8/site-packages/airflow/example_dags/plugins/workday.py
[2022-09-17 08:35:37,940] {processor.py:641} INFO - Processing file /home/ubuntu/.local/lib/python3.8/site-packages/airflow/example_dags/plugins/workday.py for tasks to queue
[2022-09-17 08:35:37,941] {logging_mixin.py:115} INFO - [2022-09-17 08:35:37,940] {dagbag.py:508} INFO - Filling up the DagBag from /home/ubuntu/.local/lib/python3.8/site-packages/airflow/example_dags/plugins/workday.py
[2022-09-17 08:35:37,943] {processor.py:653} WARNING - No viable dags retrieved from /home/ubuntu/.local/lib/python3.8/site-packages/airflow/example_dags/plugins/workday.py
[2022-09-17 08:35:37,957] {processor.py:161} INFO - Processing /home/ubuntu/.local/lib/python3.8/site-packages/airflow/example_dags/plugins/workday.py took 0.022 seconds
[2022-09-17 08:36:16,140] {processor.py:153} INFO - Started process (PID=9862) to work on /home/ubuntu/.local/lib/python3.8/site-packages/airflow/example_dags/plugins/workday.py
[2022-09-17 08:36:16,141] {processor.py:641} INFO - Processing file /home/ubuntu/.local/lib/python3.8/site-packages/airflow/example_dags/plugins/workday.py for tasks to queue
[2022-09-17 08:36:16,142] {logging_mixin.py:115} INFO - [2022-09-17 08:36:16,142] {dagbag.py:508} INFO - Filling up the DagBag from /home/ubuntu/.local/lib/python3.8/site-packages/airflow/example_dags/plugins/workday.py
[2022-09-17 08:36:16,144] {processor.py:653} WARNING - No viable dags retrieved from /home/ubuntu/.local/lib/python3.8/site-packages/airflow/example_dags/plugins/workday.py
[2022-09-17 08:36:16,157] {processor.py:161} INFO - Processing /home/ubuntu/.local/lib/python3.8/site-packages/airflow/example_dags/plugins/workday.py took 0.021 seconds
[2022-09-17 08:36:53,874] {processor.py:153} INFO - Started process (PID=9978) to work on /home/ubuntu/.local/lib/python3.8/site-packages/airflow/example_dags/plugins/workday.py
[2022-09-17 08:36:53,876] {processor.py:641} INFO - Processing file /home/ubuntu/.local/lib/python3.8/site-packages/airflow/example_dags/plugins/workday.py for tasks to queue
[2022-09-17 08:36:53,876] {logging_mixin.py:115} INFO - [2022-09-17 08:36:53,876] {dagbag.py:508} INFO - Filling up the DagBag from /home/ubuntu/.local/lib/python3.8/site-packages/airflow/example_dags/plugins/workday.py
[2022-09-17 08:36:53,879] {processor.py:653} WARNING - No viable dags retrieved from /home/ubuntu/.local/lib/python3.8/site-packages/airflow/example_dags/plugins/workday.py
[2022-09-17 08:36:53,893] {processor.py:161} INFO - Processing /home/ubuntu/.local/lib/python3.8/site-packages/airflow/example_dags/plugins/workday.py took 0.023 seconds
[2022-09-17 08:37:30,295] {processor.py:153} INFO - Started process (PID=10042) to work on /home/ubuntu/.local/lib/python3.8/site-packages/airflow/example_dags/plugins/workday.py
[2022-09-17 08:37:30,296] {processor.py:641} INFO - Processing file /home/ubuntu/.local/lib/python3.8/site-packages/airflow/example_dags/plugins/workday.py for tasks to queue
[2022-09-17 08:37:30,297] {logging_mixin.py:115} INFO - [2022-09-17 08:37:30,297] {dagbag.py:508} INFO - Filling up the DagBag from /home/ubuntu/.local/lib/python3.8/site-packages/airflow/example_dags/plugins/workday.py
[2022-09-17 08:37:30,300] {processor.py:653} WARNING - No viable dags retrieved from /home/ubuntu/.local/lib/python3.8/site-packages/airflow/example_dags/plugins/workday.py
[2022-09-17 08:37:30,313] {processor.py:161} INFO - Processing /home/ubuntu/.local/lib/python3.8/site-packages/airflow/example_dags/plugins/workday.py took 0.022 seconds
[2022-09-17 08:38:13,867] {processor.py:153} INFO - Started process (PID=10298) to work on /home/ubuntu/.local/lib/python3.8/site-packages/airflow/example_dags/plugins/workday.py
[2022-09-17 08:38:13,869] {processor.py:641} INFO - Processing file /home/ubuntu/.local/lib/python3.8/site-packages/airflow/example_dags/plugins/workday.py for tasks to queue
[2022-09-17 08:38:13,869] {logging_mixin.py:115} INFO - [2022-09-17 08:38:13,869] {dagbag.py:508} INFO - Filling up the DagBag from /home/ubuntu/.local/lib/python3.8/site-packages/airflow/example_dags/plugins/workday.py
[2022-09-17 08:38:13,872] {processor.py:653} WARNING - No viable dags retrieved from /home/ubuntu/.local/lib/python3.8/site-packages/airflow/example_dags/plugins/workday.py
[2022-09-17 08:38:13,884] {processor.py:161} INFO - Processing /home/ubuntu/.local/lib/python3.8/site-packages/airflow/example_dags/plugins/workday.py took 0.021 seconds
[2022-09-17 08:38:50,521] {processor.py:153} INFO - Started process (PID=10345) to work on /home/ubuntu/.local/lib/python3.8/site-packages/airflow/example_dags/plugins/workday.py
[2022-09-17 08:38:50,522] {processor.py:641} INFO - Processing file /home/ubuntu/.local/lib/python3.8/site-packages/airflow/example_dags/plugins/workday.py for tasks to queue
[2022-09-17 08:38:50,523] {logging_mixin.py:115} INFO - [2022-09-17 08:38:50,523] {dagbag.py:508} INFO - Filling up the DagBag from /home/ubuntu/.local/lib/python3.8/site-packages/airflow/example_dags/plugins/workday.py
[2022-09-17 08:38:50,526] {processor.py:653} WARNING - No viable dags retrieved from /home/ubuntu/.local/lib/python3.8/site-packages/airflow/example_dags/plugins/workday.py
[2022-09-17 08:38:50,542] {processor.py:161} INFO - Processing /home/ubuntu/.local/lib/python3.8/site-packages/airflow/example_dags/plugins/workday.py took 0.027 seconds
[2022-09-17 08:39:28,210] {processor.py:153} INFO - Started process (PID=10385) to work on /home/ubuntu/.local/lib/python3.8/site-packages/airflow/example_dags/plugins/workday.py
[2022-09-17 08:39:28,212] {processor.py:641} INFO - Processing file /home/ubuntu/.local/lib/python3.8/site-packages/airflow/example_dags/plugins/workday.py for tasks to queue
[2022-09-17 08:39:28,213] {logging_mixin.py:115} INFO - [2022-09-17 08:39:28,213] {dagbag.py:508} INFO - Filling up the DagBag from /home/ubuntu/.local/lib/python3.8/site-packages/airflow/example_dags/plugins/workday.py
[2022-09-17 08:39:28,215] {processor.py:653} WARNING - No viable dags retrieved from /home/ubuntu/.local/lib/python3.8/site-packages/airflow/example_dags/plugins/workday.py
[2022-09-17 08:39:28,230] {processor.py:161} INFO - Processing /home/ubuntu/.local/lib/python3.8/site-packages/airflow/example_dags/plugins/workday.py took 0.024 seconds
