[2022-09-17 10:14:14,575] {taskinstance.py:1179} INFO - Dependencies all met for <TaskInstance: preprocessing_data.generate_data scheduled__2022-09-17T10:04:09.852366+00:00 [queued]>
[2022-09-17 10:14:14,583] {taskinstance.py:1179} INFO - Dependencies all met for <TaskInstance: preprocessing_data.generate_data scheduled__2022-09-17T10:04:09.852366+00:00 [queued]>
[2022-09-17 10:14:14,583] {taskinstance.py:1376} INFO - 
--------------------------------------------------------------------------------
[2022-09-17 10:14:14,583] {taskinstance.py:1377} INFO - Starting attempt 1 of 2
[2022-09-17 10:14:14,583] {taskinstance.py:1378} INFO - 
--------------------------------------------------------------------------------
[2022-09-17 10:14:14,604] {taskinstance.py:1397} INFO - Executing <Task(PythonOperator): generate_data> on 2022-09-17 10:04:09.852366+00:00
[2022-09-17 10:14:14,611] {standard_task_runner.py:52} INFO - Started process 40220 to run task
[2022-09-17 10:14:14,616] {standard_task_runner.py:79} INFO - Running: ['airflow', 'tasks', 'run', 'preprocessing_data', 'generate_data', 'scheduled__2022-09-17T10:04:09.852366+00:00', '--job-id', '424', '--raw', '--subdir', 'DAGS_FOLDER/model_dag.py', '--cfg-path', '/tmp/tmpz8nztc4h', '--error-file', '/tmp/tmpxuq5nnav']
[2022-09-17 10:14:14,616] {standard_task_runner.py:80} INFO - Job 424: Subtask generate_data
[2022-09-17 10:14:14,694] {task_command.py:371} INFO - Running <TaskInstance: preprocessing_data.generate_data scheduled__2022-09-17T10:04:09.852366+00:00 [running]> on host rc1b-dataproc-m-xzxwmqcudfo0foh0.mdb.yandexcloud.net
[2022-09-17 10:14:14,792] {taskinstance.py:1589} INFO - Exporting the following env vars:
AIRFLOW_CTX_DAG_EMAIL=airflow@example.com
AIRFLOW_CTX_DAG_OWNER=airflow
AIRFLOW_CTX_DAG_ID=preprocessing_data
AIRFLOW_CTX_TASK_ID=generate_data
AIRFLOW_CTX_EXECUTION_DATE=2022-09-17T10:04:09.852366+00:00
AIRFLOW_CTX_TRY_NUMBER=1
AIRFLOW_CTX_DAG_RUN_ID=scheduled__2022-09-17T10:04:09.852366+00:00
[2022-09-17 10:14:14,807] {logging_mixin.py:115} INFO - Time to generate customer profiles table: 0.012s
[2022-09-17 10:14:14,816] {logging_mixin.py:115} INFO - Time to generate terminal profiles table: 0.009s
[2022-09-17 10:14:15,125] {logging_mixin.py:115} INFO - Time to associate terminals to customers: 0.31s
[2022-09-17 10:14:40,151] {logging_mixin.py:115} INFO - Time to generate transactions: 2.5e+01s
[2022-09-17 10:14:40,316] {logging_mixin.py:115} INFO - Number of frauds from scenario 1: 155
[2022-09-17 10:15:04,687] {logging_mixin.py:115} INFO - Number of frauds from scenario 2: 18510
[2022-09-17 10:15:33,914] {logging_mixin.py:115} INFO - Number of frauds from scenario 3: 9306
[2022-09-17 10:15:33,915] {client.py:192} INFO - Instantiated <Client(url='http://rc1b-dataproc-m-xzxwmqcudfo0foh0.mdb.yandexcloud.net:9870')>.
[2022-09-17 10:15:33,915] {client.py:305} INFO - Fetching content summary for '/user/airflow/input_files'.
[2022-09-17 10:15:34,381] {client.py:558} INFO - Uploading '/home/ubuntu/fraud-detection-ml/airflow/output_simulation/partition_98.parquet' to '/user/airflow/input_files/partition_98.parquet'.
[2022-09-17 10:15:34,382] {client.py:1123} INFO - Listing '/user/airflow/input_files/partition_98.parquet'.
[2022-09-17 10:15:34,388] {client.py:503} INFO - Writing to '/user/airflow/input_files/partition_98.parquet'.
[2022-09-17 10:15:34,926] {python.py:173} INFO - Done. Returned value was: None
[2022-09-17 10:15:34,934] {taskinstance.py:1415} INFO - Marking task as SUCCESS. dag_id=preprocessing_data, task_id=generate_data, execution_date=20220917T100409, start_date=20220917T101414, end_date=20220917T101534
[2022-09-17 10:15:35,009] {local_task_job.py:156} INFO - Task exited with return code 0
[2022-09-17 10:15:35,052] {local_task_job.py:273} INFO - 1 downstream tasks scheduled from follow-on schedule check
