[2022-09-14 20:26:16,823] {taskinstance.py:1179} INFO - Dependencies all met for <TaskInstance: preprocessing_data.clean_data scheduled__2022-09-14T20:09:25.842087+00:00 [queued]>
[2022-09-14 20:26:16,831] {taskinstance.py:1179} INFO - Dependencies all met for <TaskInstance: preprocessing_data.clean_data scheduled__2022-09-14T20:09:25.842087+00:00 [queued]>
[2022-09-14 20:26:16,831] {taskinstance.py:1376} INFO - 
--------------------------------------------------------------------------------
[2022-09-14 20:26:16,831] {taskinstance.py:1377} INFO - Starting attempt 2 of 2
[2022-09-14 20:26:16,831] {taskinstance.py:1378} INFO - 
--------------------------------------------------------------------------------
[2022-09-14 20:26:16,849] {taskinstance.py:1397} INFO - Executing <Task(PythonOperator): clean_data> on 2022-09-14 20:09:25.842087+00:00
[2022-09-14 20:26:16,855] {standard_task_runner.py:52} INFO - Started process 30024 to run task
[2022-09-14 20:26:16,859] {standard_task_runner.py:79} INFO - Running: ['airflow', 'tasks', 'run', 'preprocessing_data', 'clean_data', 'scheduled__2022-09-14T20:09:25.842087+00:00', '--job-id', '221', '--raw', '--subdir', 'DAGS_FOLDER/model_dag.py', '--cfg-path', '/tmp/tmp9ear6faq', '--error-file', '/tmp/tmpla45zl7s']
[2022-09-14 20:26:16,859] {standard_task_runner.py:80} INFO - Job 221: Subtask clean_data
[2022-09-14 20:26:16,907] {task_command.py:371} INFO - Running <TaskInstance: preprocessing_data.clean_data scheduled__2022-09-14T20:09:25.842087+00:00 [running]> on host rc1b-dataproc-m-xzxwmqcudfo0foh0.mdb.yandexcloud.net
[2022-09-14 20:26:16,950] {taskinstance.py:1589} INFO - Exporting the following env vars:
AIRFLOW_CTX_DAG_EMAIL=airflow@example.com
AIRFLOW_CTX_DAG_OWNER=airflow
AIRFLOW_CTX_DAG_ID=preprocessing_data
AIRFLOW_CTX_TASK_ID=clean_data
AIRFLOW_CTX_EXECUTION_DATE=2022-09-14T20:09:25.842087+00:00
AIRFLOW_CTX_TRY_NUMBER=2
AIRFLOW_CTX_DAG_RUN_ID=scheduled__2022-09-14T20:09:25.842087+00:00
[2022-09-14 20:27:12,655] {python.py:173} INFO - Done. Returned value was: None
[2022-09-14 20:27:12,662] {taskinstance.py:1415} INFO - Marking task as SUCCESS. dag_id=preprocessing_data, task_id=clean_data, execution_date=20220914T200925, start_date=20220914T202616, end_date=20220914T202712
[2022-09-14 20:27:12,714] {local_task_job.py:156} INFO - Task exited with return code 0
[2022-09-14 20:27:12,739] {local_task_job.py:273} INFO - 1 downstream tasks scheduled from follow-on schedule check
