[2022-09-05 11:08:14,711] {taskinstance.py:1179} INFO - Dependencies all met for <TaskInstance: preprocessing_data.fit_model scheduled__2022-09-05T10:49:56.022773+00:00 [queued]>
[2022-09-05 11:08:14,717] {taskinstance.py:1179} INFO - Dependencies all met for <TaskInstance: preprocessing_data.fit_model scheduled__2022-09-05T10:49:56.022773+00:00 [queued]>
[2022-09-05 11:08:14,717] {taskinstance.py:1376} INFO - 
--------------------------------------------------------------------------------
[2022-09-05 11:08:14,717] {taskinstance.py:1377} INFO - Starting attempt 1 of 2
[2022-09-05 11:08:14,717] {taskinstance.py:1378} INFO - 
--------------------------------------------------------------------------------
[2022-09-05 11:08:14,758] {taskinstance.py:1397} INFO - Executing <Task(PythonOperator): fit_model> on 2022-09-05 10:49:56.022773+00:00
[2022-09-05 11:08:14,763] {standard_task_runner.py:52} INFO - Started process 19132 to run task
[2022-09-05 11:08:14,767] {standard_task_runner.py:79} INFO - Running: ['airflow', 'tasks', 'run', 'preprocessing_data', 'fit_model', 'scheduled__2022-09-05T10:49:56.022773+00:00', '--job-id', '115', '--raw', '--subdir', 'DAGS_FOLDER/model_dag.py', '--cfg-path', '/tmp/tmp5_vhjsjl', '--error-file', '/tmp/tmp7d7ualam']
[2022-09-05 11:08:14,767] {standard_task_runner.py:80} INFO - Job 115: Subtask fit_model
[2022-09-05 11:08:14,817] {task_command.py:371} INFO - Running <TaskInstance: preprocessing_data.fit_model scheduled__2022-09-05T10:49:56.022773+00:00 [running]> on host rc1b-dataproc-m-xzxwmqcudfo0foh0.mdb.yandexcloud.net
[2022-09-05 11:08:14,867] {taskinstance.py:1589} INFO - Exporting the following env vars:
AIRFLOW_CTX_DAG_EMAIL=airflow@example.com
AIRFLOW_CTX_DAG_OWNER=airflow
AIRFLOW_CTX_DAG_ID=preprocessing_data
AIRFLOW_CTX_TASK_ID=fit_model
AIRFLOW_CTX_EXECUTION_DATE=2022-09-05T10:49:56.022773+00:00
AIRFLOW_CTX_TRY_NUMBER=1
AIRFLOW_CTX_DAG_RUN_ID=scheduled__2022-09-05T10:49:56.022773+00:00
[2022-09-05 11:08:14,868] {train_model.py:37} INFO - GOT INTO TRAIN FUNCTION
[2022-09-05 11:08:37,905] {logging_mixin.py:115} WARNING - 2022/09/05 11:08:37 WARNING mlflow.pyspark.ml: Model inputs contain unsupported Spark data types: [StructField(featuresFinal,VectorUDT,true)]. Model signature is not logged.
[2022-09-05 11:08:53,759] {credentials.py:1094} INFO - Found credentials in environment variables.
[2022-09-05 11:08:56,080] {train_model.py:69} INFO - Accuracy SCORE: 0.5
[2022-09-05 11:08:56,110] {python.py:173} INFO - Done. Returned value was: None
[2022-09-05 11:08:56,120] {taskinstance.py:1415} INFO - Marking task as SUCCESS. dag_id=preprocessing_data, task_id=fit_model, execution_date=20220905T104956, start_date=20220905T110814, end_date=20220905T110856
[2022-09-05 11:08:56,178] {local_task_job.py:156} INFO - Task exited with return code 0
[2022-09-05 11:08:56,190] {local_task_job.py:273} INFO - 0 downstream tasks scheduled from follow-on schedule check
