[2022-09-05 12:04:28,804] {taskinstance.py:1179} INFO - Dependencies all met for <TaskInstance: preprocessing_data.clean_data scheduled__2022-09-05T11:41:09.189806+00:00 [queued]>
[2022-09-05 12:04:28,809] {taskinstance.py:1179} INFO - Dependencies all met for <TaskInstance: preprocessing_data.clean_data scheduled__2022-09-05T11:41:09.189806+00:00 [queued]>
[2022-09-05 12:04:28,810] {taskinstance.py:1376} INFO - 
--------------------------------------------------------------------------------
[2022-09-05 12:04:28,810] {taskinstance.py:1377} INFO - Starting attempt 1 of 2
[2022-09-05 12:04:28,810] {taskinstance.py:1378} INFO - 
--------------------------------------------------------------------------------
[2022-09-05 12:04:28,825] {taskinstance.py:1397} INFO - Executing <Task(PythonOperator): clean_data> on 2022-09-05 11:41:09.189806+00:00
[2022-09-05 12:04:28,830] {standard_task_runner.py:52} INFO - Started process 33408 to run task
[2022-09-05 12:04:28,834] {standard_task_runner.py:79} INFO - Running: ['airflow', 'tasks', 'run', 'preprocessing_data', 'clean_data', 'scheduled__2022-09-05T11:41:09.189806+00:00', '--job-id', '133', '--raw', '--subdir', 'DAGS_FOLDER/model_dag.py', '--cfg-path', '/tmp/tmpwrzuib25', '--error-file', '/tmp/tmp1vc2iqaq']
[2022-09-05 12:04:28,834] {standard_task_runner.py:80} INFO - Job 133: Subtask clean_data
[2022-09-05 12:04:28,880] {task_command.py:371} INFO - Running <TaskInstance: preprocessing_data.clean_data scheduled__2022-09-05T11:41:09.189806+00:00 [running]> on host rc1b-dataproc-m-xzxwmqcudfo0foh0.mdb.yandexcloud.net
[2022-09-05 12:04:28,926] {taskinstance.py:1589} INFO - Exporting the following env vars:
AIRFLOW_CTX_DAG_EMAIL=airflow@example.com
AIRFLOW_CTX_DAG_OWNER=airflow
AIRFLOW_CTX_DAG_ID=preprocessing_data
AIRFLOW_CTX_TASK_ID=clean_data
AIRFLOW_CTX_EXECUTION_DATE=2022-09-05T11:41:09.189806+00:00
AIRFLOW_CTX_TRY_NUMBER=1
AIRFLOW_CTX_DAG_RUN_ID=scheduled__2022-09-05T11:41:09.189806+00:00
[2022-09-05 12:05:05,711] {python.py:173} INFO - Done. Returned value was: None
[2022-09-05 12:05:05,720] {taskinstance.py:1415} INFO - Marking task as SUCCESS. dag_id=preprocessing_data, task_id=clean_data, execution_date=20220905T114109, start_date=20220905T120428, end_date=20220905T120505
[2022-09-05 12:05:05,761] {local_task_job.py:156} INFO - Task exited with return code 0
[2022-09-05 12:05:05,782] {local_task_job.py:273} INFO - 1 downstream tasks scheduled from follow-on schedule check
