[2022-09-14 20:22:09,384] {taskinstance.py:1179} INFO - Dependencies all met for <TaskInstance: preprocessing_data.generate_data scheduled__2022-09-14T20:12:05.692527+00:00 [queued]>
[2022-09-14 20:22:09,389] {taskinstance.py:1179} INFO - Dependencies all met for <TaskInstance: preprocessing_data.generate_data scheduled__2022-09-14T20:12:05.692527+00:00 [queued]>
[2022-09-14 20:22:09,390] {taskinstance.py:1376} INFO - 
--------------------------------------------------------------------------------
[2022-09-14 20:22:09,390] {taskinstance.py:1377} INFO - Starting attempt 1 of 2
[2022-09-14 20:22:09,390] {taskinstance.py:1378} INFO - 
--------------------------------------------------------------------------------
[2022-09-14 20:22:09,409] {taskinstance.py:1397} INFO - Executing <Task(PythonOperator): generate_data> on 2022-09-14 20:12:05.692527+00:00
[2022-09-14 20:22:09,414] {standard_task_runner.py:52} INFO - Started process 28453 to run task
[2022-09-14 20:22:09,418] {standard_task_runner.py:79} INFO - Running: ['airflow', 'tasks', 'run', 'preprocessing_data', 'generate_data', 'scheduled__2022-09-14T20:12:05.692527+00:00', '--job-id', '217', '--raw', '--subdir', 'DAGS_FOLDER/model_dag.py', '--cfg-path', '/tmp/tmpc7x6yotf', '--error-file', '/tmp/tmpsw7q3h29']
[2022-09-14 20:22:09,418] {standard_task_runner.py:80} INFO - Job 217: Subtask generate_data
[2022-09-14 20:22:09,469] {task_command.py:371} INFO - Running <TaskInstance: preprocessing_data.generate_data scheduled__2022-09-14T20:12:05.692527+00:00 [running]> on host rc1b-dataproc-m-xzxwmqcudfo0foh0.mdb.yandexcloud.net
[2022-09-14 20:22:09,525] {taskinstance.py:1589} INFO - Exporting the following env vars:
AIRFLOW_CTX_DAG_EMAIL=airflow@example.com
AIRFLOW_CTX_DAG_OWNER=airflow
AIRFLOW_CTX_DAG_ID=preprocessing_data
AIRFLOW_CTX_TASK_ID=generate_data
AIRFLOW_CTX_EXECUTION_DATE=2022-09-14T20:12:05.692527+00:00
AIRFLOW_CTX_TRY_NUMBER=1
AIRFLOW_CTX_DAG_RUN_ID=scheduled__2022-09-14T20:12:05.692527+00:00
[2022-09-14 20:22:09,534] {logging_mixin.py:115} INFO - Time to generate customer profiles table: 0.0077s
[2022-09-14 20:22:09,540] {logging_mixin.py:115} INFO - Time to generate terminal profiles table: 0.0054s
[2022-09-14 20:22:09,758] {logging_mixin.py:115} INFO - Time to associate terminals to customers: 0.22s
[2022-09-14 20:22:32,118] {logging_mixin.py:115} INFO - Time to generate transactions: 2.2e+01s
[2022-09-14 20:22:32,267] {logging_mixin.py:115} INFO - Number of frauds from scenario 1: 192
[2022-09-14 20:22:52,837] {logging_mixin.py:115} INFO - Number of frauds from scenario 2: 19057
[2022-09-14 20:23:15,282] {logging_mixin.py:115} INFO - Number of frauds from scenario 3: 8796
[2022-09-14 20:23:15,283] {client.py:192} INFO - Instantiated <Client(url='http://rc1b-dataproc-m-xzxwmqcudfo0foh0.mdb.yandexcloud.net:9870')>.
[2022-09-14 20:23:15,283] {client.py:305} INFO - Fetching content summary for '/user/airflow/input_files'.
[2022-09-14 20:23:15,648] {client.py:558} INFO - Uploading '/home/ubuntu/fraud-detection-ml/airflow/output_simulation/partition_65.parquet' to '/user/airflow/input_files/partition_65.parquet'.
[2022-09-14 20:23:15,648] {client.py:1123} INFO - Listing '/user/airflow/input_files/partition_65.parquet'.
[2022-09-14 20:23:15,653] {client.py:503} INFO - Writing to '/user/airflow/input_files/partition_65.parquet'.
[2022-09-14 20:23:16,193] {python.py:173} INFO - Done. Returned value was: None
[2022-09-14 20:23:16,199] {taskinstance.py:1415} INFO - Marking task as SUCCESS. dag_id=preprocessing_data, task_id=generate_data, execution_date=20220914T201205, start_date=20220914T202209, end_date=20220914T202316
[2022-09-14 20:23:16,224] {local_task_job.py:156} INFO - Task exited with return code 0
[2022-09-14 20:23:16,249] {local_task_job.py:273} INFO - 1 downstream tasks scheduled from follow-on schedule check
