[2022-08-29 21:27:02,837] {taskinstance.py:1179} INFO - Dependencies all met for <TaskInstance: preprocessing_data.fit_model manual__2022-08-29T21:25:13.102033+00:00 [queued]>
[2022-08-29 21:27:02,843] {taskinstance.py:1179} INFO - Dependencies all met for <TaskInstance: preprocessing_data.fit_model manual__2022-08-29T21:25:13.102033+00:00 [queued]>
[2022-08-29 21:27:02,843] {taskinstance.py:1376} INFO - 
--------------------------------------------------------------------------------
[2022-08-29 21:27:02,843] {taskinstance.py:1377} INFO - Starting attempt 1 of 2
[2022-08-29 21:27:02,843] {taskinstance.py:1378} INFO - 
--------------------------------------------------------------------------------
[2022-08-29 21:27:02,865] {taskinstance.py:1397} INFO - Executing <Task(PythonOperator): fit_model> on 2022-08-29 21:25:13.102033+00:00
[2022-08-29 21:27:02,872] {standard_task_runner.py:52} INFO - Started process 15464 to run task
[2022-08-29 21:27:02,876] {standard_task_runner.py:79} INFO - Running: ['airflow', 'tasks', 'run', 'preprocessing_data', 'fit_model', 'manual__2022-08-29T21:25:13.102033+00:00', '--job-id', '85', '--raw', '--subdir', 'DAGS_FOLDER/model_dag.py', '--cfg-path', '/tmp/tmpez5pt53_', '--error-file', '/tmp/tmp7xv92q_5']
[2022-08-29 21:27:02,877] {standard_task_runner.py:80} INFO - Job 85: Subtask fit_model
[2022-08-29 21:27:02,930] {task_command.py:371} INFO - Running <TaskInstance: preprocessing_data.fit_model manual__2022-08-29T21:25:13.102033+00:00 [running]> on host rc1b-dataproc-m-xzxwmqcudfo0foh0.mdb.yandexcloud.net
[2022-08-29 21:27:03,001] {taskinstance.py:1589} INFO - Exporting the following env vars:
AIRFLOW_CTX_DAG_EMAIL=airflow@example.com
AIRFLOW_CTX_DAG_OWNER=airflow
AIRFLOW_CTX_DAG_ID=preprocessing_data
AIRFLOW_CTX_TASK_ID=fit_model
AIRFLOW_CTX_EXECUTION_DATE=2022-08-29T21:25:13.102033+00:00
AIRFLOW_CTX_TRY_NUMBER=1
AIRFLOW_CTX_DAG_RUN_ID=manual__2022-08-29T21:25:13.102033+00:00
[2022-08-29 21:27:03,004] {logging_mixin.py:115} WARNING - 2022/08/29 21:27:03 INFO mlflow.pyspark.ml: No SparkSession detected. Autologging will log pyspark.ml models contained in the default allowlist. To specify a custom allowlist, initialize a SparkSession prior to calling mlflow.pyspark.ml.autolog() and specify the path to your allowlist file via the spark.mlflow.pysparkml.autolog.logModelAllowlistFile conf.
[2022-08-29 21:27:03,005] {train_model.py:38} INFO - GOT INTO TRAIN FUNCTION
[2022-08-29 21:27:28,466] {logging_mixin.py:115} WARNING - 2022/08/29 21:27:28 WARNING mlflow.pyspark.ml: Model inputs contain unsupported Spark data types: [StructField(featuresFinal,VectorUDT,true)]. Model signature is not logged.
[2022-08-29 21:27:46,149] {credentials.py:1094} INFO - Found credentials in environment variables.
[2022-08-29 21:27:46,866] {taskinstance.py:1909} ERROR - Task failed with exception
Traceback (most recent call last):
  File "/home/ubuntu/.local/lib/python3.8/site-packages/airflow/operators/python.py", line 171, in execute
    return_value = self.execute_callable()
  File "/home/ubuntu/.local/lib/python3.8/site-packages/airflow/operators/python.py", line 189, in execute_callable
    return self.python_callable(*self.op_args, **self.op_kwargs)
  File "/home/ubuntu/fraud-detection-ml/utils/train_model.py", line 64, in train_model
    evaluator = BinaryClassificationEvaluator().setLabelCol("TX_FRAUD").setPredictionCol("prediction")
AttributeError: 'BinaryClassificationEvaluator' object has no attribute 'setPredictionCol'
[2022-08-29 21:27:46,873] {taskinstance.py:1415} INFO - Marking task as UP_FOR_RETRY. dag_id=preprocessing_data, task_id=fit_model, execution_date=20220829T212513, start_date=20220829T212702, end_date=20220829T212746
[2022-08-29 21:27:46,889] {standard_task_runner.py:92} ERROR - Failed to execute job 85 for task fit_model ('BinaryClassificationEvaluator' object has no attribute 'setPredictionCol'; 15464)
[2022-08-29 21:27:46,937] {local_task_job.py:156} INFO - Task exited with return code 1
[2022-08-29 21:27:46,960] {local_task_job.py:273} INFO - 0 downstream tasks scheduled from follow-on schedule check
