[2022-09-14 14:16:13,386] {taskinstance.py:1179} INFO - Dependencies all met for <TaskInstance: preprocessing_data.generate_data scheduled__2022-09-14T14:06:09.420907+00:00 [queued]>
[2022-09-14 14:16:13,392] {taskinstance.py:1179} INFO - Dependencies all met for <TaskInstance: preprocessing_data.generate_data scheduled__2022-09-14T14:06:09.420907+00:00 [queued]>
[2022-09-14 14:16:13,392] {taskinstance.py:1376} INFO - 
--------------------------------------------------------------------------------
[2022-09-14 14:16:13,392] {taskinstance.py:1377} INFO - Starting attempt 1 of 2
[2022-09-14 14:16:13,392] {taskinstance.py:1378} INFO - 
--------------------------------------------------------------------------------
[2022-09-14 14:16:13,408] {taskinstance.py:1397} INFO - Executing <Task(PythonOperator): generate_data> on 2022-09-14 14:06:09.420907+00:00
[2022-09-14 14:16:13,411] {standard_task_runner.py:52} INFO - Started process 9656 to run task
[2022-09-14 14:16:13,415] {standard_task_runner.py:79} INFO - Running: ['airflow', 'tasks', 'run', 'preprocessing_data', 'generate_data', 'scheduled__2022-09-14T14:06:09.420907+00:00', '--job-id', '186', '--raw', '--subdir', 'DAGS_FOLDER/model_dag.py', '--cfg-path', '/tmp/tmp464x_0ee', '--error-file', '/tmp/tmpdevqs066']
[2022-09-14 14:16:13,415] {standard_task_runner.py:80} INFO - Job 186: Subtask generate_data
[2022-09-14 14:16:13,462] {task_command.py:371} INFO - Running <TaskInstance: preprocessing_data.generate_data scheduled__2022-09-14T14:06:09.420907+00:00 [running]> on host rc1b-dataproc-m-xzxwmqcudfo0foh0.mdb.yandexcloud.net
[2022-09-14 14:16:13,524] {taskinstance.py:1589} INFO - Exporting the following env vars:
AIRFLOW_CTX_DAG_EMAIL=airflow@example.com
AIRFLOW_CTX_DAG_OWNER=airflow
AIRFLOW_CTX_DAG_ID=preprocessing_data
AIRFLOW_CTX_TASK_ID=generate_data
AIRFLOW_CTX_EXECUTION_DATE=2022-09-14T14:06:09.420907+00:00
AIRFLOW_CTX_TRY_NUMBER=1
AIRFLOW_CTX_DAG_RUN_ID=scheduled__2022-09-14T14:06:09.420907+00:00
[2022-09-14 14:16:13,578] {logging_mixin.py:115} INFO - Time to generate customer profiles table: 0.052s
[2022-09-14 14:16:13,627] {logging_mixin.py:115} INFO - Time to generate terminal profiles table: 0.049s
[2022-09-14 14:16:17,197] {logging_mixin.py:115} INFO - Time to associate terminals to customers: 3.6s
[2022-09-14 14:19:49,146] {logging_mixin.py:115} INFO - Time to generate transactions: 2.1e+02s
[2022-09-14 14:19:52,204] {logging_mixin.py:115} INFO - Number of frauds from scenario 1: 2015
[2022-09-14 14:23:49,998] {logging_mixin.py:115} INFO - Number of frauds from scenario 2: 18898
[2022-09-14 14:28:19,156] {logging_mixin.py:115} INFO - Number of frauds from scenario 3: 9584
[2022-09-14 14:28:19,157] {client.py:192} INFO - Instantiated <Client(url='http://rc1b-dataproc-m-xzxwmqcudfo0foh0.mdb.yandexcloud.net:9870')>.
[2022-09-14 14:28:19,157] {client.py:305} INFO - Fetching content summary for '/user/airflow/input_files'.
[2022-09-14 14:28:22,833] {client.py:558} INFO - Uploading '/home/ubuntu/fraud-detection-ml/airflow/output_simulation/partition_59.parquet' to '/user/airflow/input_files/partition_59.parquet'.
[2022-09-14 14:28:22,833] {client.py:1123} INFO - Listing '/user/airflow/input_files/partition_59.parquet'.
[2022-09-14 14:28:22,841] {client.py:503} INFO - Writing to '/user/airflow/input_files/partition_59.parquet'.
[2022-09-14 14:28:24,515] {python.py:173} INFO - Done. Returned value was: None
[2022-09-14 14:28:24,521] {taskinstance.py:1415} INFO - Marking task as SUCCESS. dag_id=preprocessing_data, task_id=generate_data, execution_date=20220914T140609, start_date=20220914T141613, end_date=20220914T142824
[2022-09-14 14:28:24,577] {local_task_job.py:156} INFO - Task exited with return code 0
[2022-09-14 14:28:24,612] {local_task_job.py:273} INFO - 1 downstream tasks scheduled from follow-on schedule check
