[2022-07-05 15:29:05,880] {taskinstance.py:1159} INFO - Dependencies all met for <TaskInstance: fraud_generation.generate_transaction scheduled__2022-07-05T13:45:57.487325+00:00 [queued]>
[2022-07-05 15:29:05,896] {taskinstance.py:1159} INFO - Dependencies all met for <TaskInstance: fraud_generation.generate_transaction scheduled__2022-07-05T13:45:57.487325+00:00 [queued]>
[2022-07-05 15:29:05,896] {taskinstance.py:1356} INFO - 
--------------------------------------------------------------------------------
[2022-07-05 15:29:05,896] {taskinstance.py:1357} INFO - Starting attempt 1 of 2
[2022-07-05 15:29:05,897] {taskinstance.py:1358} INFO - 
--------------------------------------------------------------------------------
[2022-07-05 15:29:05,930] {taskinstance.py:1377} INFO - Executing <Task(BashOperator): generate_transaction> on 2022-07-05 13:45:57.487325+00:00
[2022-07-05 15:29:05,938] {standard_task_runner.py:52} INFO - Started process 119 to run task
[2022-07-05 15:29:05,950] {standard_task_runner.py:79} INFO - Running: ['***', 'tasks', 'run', 'fraud_generation', 'generate_transaction', 'scheduled__2022-07-05T13:45:57.487325+00:00', '--job-id', '210', '--raw', '--subdir', 'DAGS_FOLDER/fraud_generation_dag.py', '--cfg-path', '/tmp/tmp0_y56l89', '--error-file', '/tmp/tmpze128bf9']
[2022-07-05 15:29:05,952] {standard_task_runner.py:80} INFO - Job 210: Subtask generate_transaction
[2022-07-05 15:29:06,119] {task_command.py:370} INFO - Running <TaskInstance: fraud_generation.generate_transaction scheduled__2022-07-05T13:45:57.487325+00:00 [running]> on host 6b18936621ac
[2022-07-05 15:29:06,427] {taskinstance.py:1571} INFO - Exporting the following env vars:
AIRFLOW_CTX_DAG_EMAIL=***@example.com
AIRFLOW_CTX_DAG_OWNER=***
AIRFLOW_CTX_DAG_ID=fraud_generation
AIRFLOW_CTX_TASK_ID=generate_transaction
AIRFLOW_CTX_EXECUTION_DATE=2022-07-05T13:45:57.487325+00:00
AIRFLOW_CTX_TRY_NUMBER=1
AIRFLOW_CTX_DAG_RUN_ID=scheduled__2022-07-05T13:45:57.487325+00:00
[2022-07-05 15:29:06,430] {subprocess.py:62} INFO - Tmp dir root location: 
 /tmp
[2022-07-05 15:29:06,434] {subprocess.py:74} INFO - Running command: ['bash', '-c', 'python3 /opt/***/dags/script_generation.py 3450']
[2022-07-05 15:29:06,462] {subprocess.py:85} INFO - Output:
