[2022-09-16 12:48:07,701] {taskinstance.py:1179} INFO - Dependencies all met for <TaskInstance: preprocessing_data.combine_data scheduled__2022-09-16T12:37:33.899439+00:00 [queued]>
[2022-09-16 12:48:07,705] {taskinstance.py:1179} INFO - Dependencies all met for <TaskInstance: preprocessing_data.combine_data scheduled__2022-09-16T12:37:33.899439+00:00 [queued]>
[2022-09-16 12:48:07,706] {taskinstance.py:1376} INFO - 
--------------------------------------------------------------------------------
[2022-09-16 12:48:07,706] {taskinstance.py:1377} INFO - Starting attempt 1 of 2
[2022-09-16 12:48:07,706] {taskinstance.py:1378} INFO - 
--------------------------------------------------------------------------------
[2022-09-16 12:48:07,720] {taskinstance.py:1397} INFO - Executing <Task(PythonOperator): combine_data> on 2022-09-16 12:37:33.899439+00:00
[2022-09-16 12:48:07,724] {standard_task_runner.py:52} INFO - Started process 34588 to run task
[2022-09-16 12:48:07,729] {standard_task_runner.py:79} INFO - Running: ['airflow', 'tasks', 'run', 'preprocessing_data', 'combine_data', 'scheduled__2022-09-16T12:37:33.899439+00:00', '--job-id', '335', '--raw', '--subdir', 'DAGS_FOLDER/model_dag.py', '--cfg-path', '/tmp/tmp20rty0vu', '--error-file', '/tmp/tmpnypaj1xg']
[2022-09-16 12:48:07,729] {standard_task_runner.py:80} INFO - Job 335: Subtask combine_data
[2022-09-16 12:48:07,781] {task_command.py:371} INFO - Running <TaskInstance: preprocessing_data.combine_data scheduled__2022-09-16T12:37:33.899439+00:00 [running]> on host rc1b-dataproc-m-xzxwmqcudfo0foh0.mdb.yandexcloud.net
[2022-09-16 12:48:07,828] {taskinstance.py:1589} INFO - Exporting the following env vars:
AIRFLOW_CTX_DAG_EMAIL=airflow@example.com
AIRFLOW_CTX_DAG_OWNER=airflow
AIRFLOW_CTX_DAG_ID=preprocessing_data
AIRFLOW_CTX_TASK_ID=combine_data
AIRFLOW_CTX_EXECUTION_DATE=2022-09-16T12:37:33.899439+00:00
AIRFLOW_CTX_TRY_NUMBER=1
AIRFLOW_CTX_DAG_RUN_ID=scheduled__2022-09-16T12:37:33.899439+00:00
[2022-09-16 12:48:07,830] {client.py:192} INFO - Instantiated <Client(url='http://rc1b-dataproc-m-xzxwmqcudfo0foh0.mdb.yandexcloud.net:9870')>.
[2022-09-16 12:48:19,111] {client.py:305} INFO - Fetching content summary for '/user/airflow/input_files'.
[2022-09-16 12:48:39,227] {python.py:173} INFO - Done. Returned value was: None
[2022-09-16 12:48:39,235] {taskinstance.py:1415} INFO - Marking task as SUCCESS. dag_id=preprocessing_data, task_id=combine_data, execution_date=20220916T123733, start_date=20220916T124807, end_date=20220916T124839
[2022-09-16 12:48:39,257] {local_task_job.py:156} INFO - Task exited with return code 0
[2022-09-16 12:48:39,281] {local_task_job.py:273} INFO - 1 downstream tasks scheduled from follow-on schedule check
