[2022-09-15 15:55:00,643] {taskinstance.py:1179} INFO - Dependencies all met for <TaskInstance: preprocessing_data.combine_data scheduled__2022-09-15T15:43:27.007011+00:00 [queued]>
[2022-09-15 15:55:00,648] {taskinstance.py:1179} INFO - Dependencies all met for <TaskInstance: preprocessing_data.combine_data scheduled__2022-09-15T15:43:27.007011+00:00 [queued]>
[2022-09-15 15:55:00,648] {taskinstance.py:1376} INFO - 
--------------------------------------------------------------------------------
[2022-09-15 15:55:00,648] {taskinstance.py:1377} INFO - Starting attempt 1 of 2
[2022-09-15 15:55:00,648] {taskinstance.py:1378} INFO - 
--------------------------------------------------------------------------------
[2022-09-15 15:55:00,662] {taskinstance.py:1397} INFO - Executing <Task(PythonOperator): combine_data> on 2022-09-15 15:43:27.007011+00:00
[2022-09-15 15:55:00,669] {standard_task_runner.py:52} INFO - Started process 52703 to run task
[2022-09-15 15:55:00,672] {standard_task_runner.py:79} INFO - Running: ['airflow', 'tasks', 'run', 'preprocessing_data', 'combine_data', 'scheduled__2022-09-15T15:43:27.007011+00:00', '--job-id', '274', '--raw', '--subdir', 'DAGS_FOLDER/model_dag.py', '--cfg-path', '/tmp/tmp_irt9s3a', '--error-file', '/tmp/tmph32uim8n']
[2022-09-15 15:55:00,673] {standard_task_runner.py:80} INFO - Job 274: Subtask combine_data
[2022-09-15 15:55:00,716] {task_command.py:371} INFO - Running <TaskInstance: preprocessing_data.combine_data scheduled__2022-09-15T15:43:27.007011+00:00 [running]> on host rc1b-dataproc-m-xzxwmqcudfo0foh0.mdb.yandexcloud.net
[2022-09-15 15:55:00,766] {taskinstance.py:1589} INFO - Exporting the following env vars:
AIRFLOW_CTX_DAG_EMAIL=airflow@example.com
AIRFLOW_CTX_DAG_OWNER=airflow
AIRFLOW_CTX_DAG_ID=preprocessing_data
AIRFLOW_CTX_TASK_ID=combine_data
AIRFLOW_CTX_EXECUTION_DATE=2022-09-15T15:43:27.007011+00:00
AIRFLOW_CTX_TRY_NUMBER=1
AIRFLOW_CTX_DAG_RUN_ID=scheduled__2022-09-15T15:43:27.007011+00:00
[2022-09-15 15:55:00,768] {client.py:192} INFO - Instantiated <Client(url='http://rc1b-dataproc-m-xzxwmqcudfo0foh0.mdb.yandexcloud.net:9870')>.
[2022-09-15 15:55:11,436] {client.py:305} INFO - Fetching content summary for '/user/airflow/input_files'.
[2022-09-15 15:55:33,723] {python.py:173} INFO - Done. Returned value was: None
[2022-09-15 15:55:33,730] {taskinstance.py:1415} INFO - Marking task as SUCCESS. dag_id=preprocessing_data, task_id=combine_data, execution_date=20220915T154327, start_date=20220915T155500, end_date=20220915T155533
[2022-09-15 15:55:33,774] {local_task_job.py:156} INFO - Task exited with return code 0
[2022-09-15 15:55:33,797] {local_task_job.py:273} INFO - 1 downstream tasks scheduled from follow-on schedule check
