[2022-09-15 13:56:12,597] {processor.py:153} INFO - Started process (PID=10143) to work on /home/ubuntu/.local/lib/python3.8/site-packages/airflow/example_dags/plugins/workday.py
[2022-09-15 13:56:12,597] {processor.py:641} INFO - Processing file /home/ubuntu/.local/lib/python3.8/site-packages/airflow/example_dags/plugins/workday.py for tasks to queue
[2022-09-15 13:56:12,598] {logging_mixin.py:115} INFO - [2022-09-15 13:56:12,598] {dagbag.py:508} INFO - Filling up the DagBag from /home/ubuntu/.local/lib/python3.8/site-packages/airflow/example_dags/plugins/workday.py
[2022-09-15 13:56:12,600] {processor.py:653} WARNING - No viable dags retrieved from /home/ubuntu/.local/lib/python3.8/site-packages/airflow/example_dags/plugins/workday.py
[2022-09-15 13:56:12,609] {processor.py:161} INFO - Processing /home/ubuntu/.local/lib/python3.8/site-packages/airflow/example_dags/plugins/workday.py took 0.014 seconds
[2022-09-15 13:56:49,105] {processor.py:153} INFO - Started process (PID=10527) to work on /home/ubuntu/.local/lib/python3.8/site-packages/airflow/example_dags/plugins/workday.py
[2022-09-15 13:56:49,107] {processor.py:641} INFO - Processing file /home/ubuntu/.local/lib/python3.8/site-packages/airflow/example_dags/plugins/workday.py for tasks to queue
[2022-09-15 13:56:49,108] {logging_mixin.py:115} INFO - [2022-09-15 13:56:49,108] {dagbag.py:508} INFO - Filling up the DagBag from /home/ubuntu/.local/lib/python3.8/site-packages/airflow/example_dags/plugins/workday.py
[2022-09-15 13:56:49,109] {processor.py:653} WARNING - No viable dags retrieved from /home/ubuntu/.local/lib/python3.8/site-packages/airflow/example_dags/plugins/workday.py
[2022-09-15 13:56:49,119] {processor.py:161} INFO - Processing /home/ubuntu/.local/lib/python3.8/site-packages/airflow/example_dags/plugins/workday.py took 0.017 seconds
[2022-09-15 13:57:24,192] {processor.py:153} INFO - Started process (PID=10790) to work on /home/ubuntu/.local/lib/python3.8/site-packages/airflow/example_dags/plugins/workday.py
[2022-09-15 13:57:24,193] {processor.py:641} INFO - Processing file /home/ubuntu/.local/lib/python3.8/site-packages/airflow/example_dags/plugins/workday.py for tasks to queue
[2022-09-15 13:57:24,193] {logging_mixin.py:115} INFO - [2022-09-15 13:57:24,193] {dagbag.py:508} INFO - Filling up the DagBag from /home/ubuntu/.local/lib/python3.8/site-packages/airflow/example_dags/plugins/workday.py
[2022-09-15 13:57:24,195] {processor.py:653} WARNING - No viable dags retrieved from /home/ubuntu/.local/lib/python3.8/site-packages/airflow/example_dags/plugins/workday.py
[2022-09-15 13:57:24,206] {processor.py:161} INFO - Processing /home/ubuntu/.local/lib/python3.8/site-packages/airflow/example_dags/plugins/workday.py took 0.017 seconds
[2022-09-15 14:01:43,963] {processor.py:153} INFO - Started process (PID=13396) to work on /home/ubuntu/.local/lib/python3.8/site-packages/airflow/example_dags/plugins/workday.py
[2022-09-15 14:01:43,965] {processor.py:641} INFO - Processing file /home/ubuntu/.local/lib/python3.8/site-packages/airflow/example_dags/plugins/workday.py for tasks to queue
[2022-09-15 14:01:43,966] {logging_mixin.py:115} INFO - [2022-09-15 14:01:43,966] {dagbag.py:508} INFO - Filling up the DagBag from /home/ubuntu/.local/lib/python3.8/site-packages/airflow/example_dags/plugins/workday.py
[2022-09-15 14:01:43,968] {processor.py:653} WARNING - No viable dags retrieved from /home/ubuntu/.local/lib/python3.8/site-packages/airflow/example_dags/plugins/workday.py
[2022-09-15 14:01:43,979] {processor.py:161} INFO - Processing /home/ubuntu/.local/lib/python3.8/site-packages/airflow/example_dags/plugins/workday.py took 0.020 seconds
[2022-09-15 14:02:18,212] {processor.py:153} INFO - Started process (PID=13774) to work on /home/ubuntu/.local/lib/python3.8/site-packages/airflow/example_dags/plugins/workday.py
[2022-09-15 14:02:18,213] {processor.py:641} INFO - Processing file /home/ubuntu/.local/lib/python3.8/site-packages/airflow/example_dags/plugins/workday.py for tasks to queue
[2022-09-15 14:02:18,214] {logging_mixin.py:115} INFO - [2022-09-15 14:02:18,214] {dagbag.py:508} INFO - Filling up the DagBag from /home/ubuntu/.local/lib/python3.8/site-packages/airflow/example_dags/plugins/workday.py
[2022-09-15 14:02:18,216] {processor.py:653} WARNING - No viable dags retrieved from /home/ubuntu/.local/lib/python3.8/site-packages/airflow/example_dags/plugins/workday.py
[2022-09-15 14:02:18,226] {processor.py:161} INFO - Processing /home/ubuntu/.local/lib/python3.8/site-packages/airflow/example_dags/plugins/workday.py took 0.018 seconds
[2022-09-15 16:25:16,132] {processor.py:153} INFO - Started process (PID=70908) to work on /home/ubuntu/.local/lib/python3.8/site-packages/airflow/example_dags/plugins/workday.py
[2022-09-15 16:25:16,135] {processor.py:641} INFO - Processing file /home/ubuntu/.local/lib/python3.8/site-packages/airflow/example_dags/plugins/workday.py for tasks to queue
[2022-09-15 16:25:16,135] {logging_mixin.py:115} INFO - [2022-09-15 16:25:16,135] {dagbag.py:508} INFO - Filling up the DagBag from /home/ubuntu/.local/lib/python3.8/site-packages/airflow/example_dags/plugins/workday.py
[2022-09-15 16:25:16,137] {processor.py:653} WARNING - No viable dags retrieved from /home/ubuntu/.local/lib/python3.8/site-packages/airflow/example_dags/plugins/workday.py
[2022-09-15 16:25:16,149] {processor.py:161} INFO - Processing /home/ubuntu/.local/lib/python3.8/site-packages/airflow/example_dags/plugins/workday.py took 0.021 seconds
