[2022-09-14 20:27:16,984] {taskinstance.py:1179} INFO - Dependencies all met for <TaskInstance: preprocessing_data.clean_data scheduled__2022-09-14T20:09:46.870343+00:00 [queued]>
[2022-09-14 20:27:16,990] {taskinstance.py:1179} INFO - Dependencies all met for <TaskInstance: preprocessing_data.clean_data scheduled__2022-09-14T20:09:46.870343+00:00 [queued]>
[2022-09-14 20:27:16,990] {taskinstance.py:1376} INFO - 
--------------------------------------------------------------------------------
[2022-09-14 20:27:16,990] {taskinstance.py:1377} INFO - Starting attempt 2 of 2
[2022-09-14 20:27:16,990] {taskinstance.py:1378} INFO - 
--------------------------------------------------------------------------------
[2022-09-14 20:27:17,004] {taskinstance.py:1397} INFO - Executing <Task(PythonOperator): clean_data> on 2022-09-14 20:09:46.870343+00:00
[2022-09-14 20:27:17,010] {standard_task_runner.py:52} INFO - Started process 30704 to run task
[2022-09-14 20:27:17,014] {standard_task_runner.py:79} INFO - Running: ['airflow', 'tasks', 'run', 'preprocessing_data', 'clean_data', 'scheduled__2022-09-14T20:09:46.870343+00:00', '--job-id', '222', '--raw', '--subdir', 'DAGS_FOLDER/model_dag.py', '--cfg-path', '/tmp/tmpza12k34y', '--error-file', '/tmp/tmp9_rpbb_s']
[2022-09-14 20:27:17,015] {standard_task_runner.py:80} INFO - Job 222: Subtask clean_data
[2022-09-14 20:27:17,073] {task_command.py:371} INFO - Running <TaskInstance: preprocessing_data.clean_data scheduled__2022-09-14T20:09:46.870343+00:00 [running]> on host rc1b-dataproc-m-xzxwmqcudfo0foh0.mdb.yandexcloud.net
[2022-09-14 20:27:17,117] {taskinstance.py:1589} INFO - Exporting the following env vars:
AIRFLOW_CTX_DAG_EMAIL=airflow@example.com
AIRFLOW_CTX_DAG_OWNER=airflow
AIRFLOW_CTX_DAG_ID=preprocessing_data
AIRFLOW_CTX_TASK_ID=clean_data
AIRFLOW_CTX_EXECUTION_DATE=2022-09-14T20:09:46.870343+00:00
AIRFLOW_CTX_TRY_NUMBER=2
AIRFLOW_CTX_DAG_RUN_ID=scheduled__2022-09-14T20:09:46.870343+00:00
[2022-09-14 20:28:19,824] {python.py:173} INFO - Done. Returned value was: None
[2022-09-14 20:28:19,842] {taskinstance.py:1415} INFO - Marking task as SUCCESS. dag_id=preprocessing_data, task_id=clean_data, execution_date=20220914T200946, start_date=20220914T202716, end_date=20220914T202819
[2022-09-14 20:28:19,924] {local_task_job.py:156} INFO - Task exited with return code 0
[2022-09-14 20:28:19,982] {local_task_job.py:273} INFO - 1 downstream tasks scheduled from follow-on schedule check
