[2022-09-05 11:51:52,252] {taskinstance.py:1179} INFO - Dependencies all met for <TaskInstance: preprocessing_data.generate_data scheduled__2022-09-05T11:41:09.189806+00:00 [queued]>
[2022-09-05 11:51:52,257] {taskinstance.py:1179} INFO - Dependencies all met for <TaskInstance: preprocessing_data.generate_data scheduled__2022-09-05T11:41:09.189806+00:00 [queued]>
[2022-09-05 11:51:52,257] {taskinstance.py:1376} INFO - 
--------------------------------------------------------------------------------
[2022-09-05 11:51:52,257] {taskinstance.py:1377} INFO - Starting attempt 1 of 2
[2022-09-05 11:51:52,257] {taskinstance.py:1378} INFO - 
--------------------------------------------------------------------------------
[2022-09-05 11:51:52,274] {taskinstance.py:1397} INFO - Executing <Task(PythonOperator): generate_data> on 2022-09-05 11:41:09.189806+00:00
[2022-09-05 11:51:52,280] {standard_task_runner.py:52} INFO - Started process 32001 to run task
[2022-09-05 11:51:52,283] {standard_task_runner.py:79} INFO - Running: ['airflow', 'tasks', 'run', 'preprocessing_data', 'generate_data', 'scheduled__2022-09-05T11:41:09.189806+00:00', '--job-id', '131', '--raw', '--subdir', 'DAGS_FOLDER/model_dag.py', '--cfg-path', '/tmp/tmpnhft3gw_', '--error-file', '/tmp/tmp3k3sdqdy']
[2022-09-05 11:51:52,284] {standard_task_runner.py:80} INFO - Job 131: Subtask generate_data
[2022-09-05 11:51:52,332] {task_command.py:371} INFO - Running <TaskInstance: preprocessing_data.generate_data scheduled__2022-09-05T11:41:09.189806+00:00 [running]> on host rc1b-dataproc-m-xzxwmqcudfo0foh0.mdb.yandexcloud.net
[2022-09-05 11:51:52,381] {taskinstance.py:1589} INFO - Exporting the following env vars:
AIRFLOW_CTX_DAG_EMAIL=airflow@example.com
AIRFLOW_CTX_DAG_OWNER=airflow
AIRFLOW_CTX_DAG_ID=preprocessing_data
AIRFLOW_CTX_TASK_ID=generate_data
AIRFLOW_CTX_EXECUTION_DATE=2022-09-05T11:41:09.189806+00:00
AIRFLOW_CTX_TRY_NUMBER=1
AIRFLOW_CTX_DAG_RUN_ID=scheduled__2022-09-05T11:41:09.189806+00:00
[2022-09-05 11:51:52,431] {logging_mixin.py:115} INFO - Time to generate customer profiles table: 0.049s
[2022-09-05 11:51:52,480] {logging_mixin.py:115} INFO - Time to generate terminal profiles table: 0.048s
[2022-09-05 11:51:55,204] {logging_mixin.py:115} INFO - Time to associate terminals to customers: 2.7s
[2022-09-05 11:55:23,793] {logging_mixin.py:115} INFO - Time to generate transactions: 2.1e+02s
[2022-09-05 11:55:26,633] {logging_mixin.py:115} INFO - Number of frauds from scenario 1: 2180
[2022-09-05 11:58:57,953] {logging_mixin.py:115} INFO - Number of frauds from scenario 2: 18967
[2022-09-05 12:03:01,435] {logging_mixin.py:115} INFO - Number of frauds from scenario 3: 9622
[2022-09-05 12:03:01,436] {client.py:192} INFO - Instantiated <Client(url='http://rc1b-dataproc-m-xzxwmqcudfo0foh0.mdb.yandexcloud.net:9870')>.
[2022-09-05 12:03:01,436] {client.py:305} INFO - Fetching content summary for '/user/airflow/input_files'.
[2022-09-05 12:03:04,225] {client.py:558} INFO - Uploading '/home/ubuntu/fraud-detection-ml/airflow/output_simulation/partition_46.parquet' to '/user/airflow/input_files/partition_46.parquet'.
[2022-09-05 12:03:04,225] {client.py:1123} INFO - Listing '/user/airflow/input_files/partition_46.parquet'.
[2022-09-05 12:03:04,231] {client.py:503} INFO - Writing to '/user/airflow/input_files/partition_46.parquet'.
[2022-09-05 12:03:04,936] {python.py:173} INFO - Done. Returned value was: None
[2022-09-05 12:03:04,942] {taskinstance.py:1415} INFO - Marking task as SUCCESS. dag_id=preprocessing_data, task_id=generate_data, execution_date=20220905T114109, start_date=20220905T115152, end_date=20220905T120304
[2022-09-05 12:03:05,017] {local_task_job.py:156} INFO - Task exited with return code 0
[2022-09-05 12:03:05,039] {local_task_job.py:273} INFO - 1 downstream tasks scheduled from follow-on schedule check
