[2022-09-16 13:54:19,372] {taskinstance.py:1169} INFO - Dependencies not met for <TaskInstance: preprocessing_data.fit_model scheduled__2022-09-16T13:40:44.553876+00:00 [up_for_retry]>, dependency 'Not In Retry Period' FAILED: Task is not ready for retry yet but will be retried automatically. Current date is 2022-09-16T13:54:19.372072+00:00 and task will be retried at 2022-09-16T13:59:15.772868+00:00.
[2022-09-16 13:54:19,376] {local_task_job.py:101} INFO - Task is not able to be run
[2022-09-16 13:59:18,725] {taskinstance.py:1179} INFO - Dependencies all met for <TaskInstance: preprocessing_data.fit_model scheduled__2022-09-16T13:40:44.553876+00:00 [queued]>
[2022-09-16 13:59:18,734] {taskinstance.py:1179} INFO - Dependencies all met for <TaskInstance: preprocessing_data.fit_model scheduled__2022-09-16T13:40:44.553876+00:00 [queued]>
[2022-09-16 13:59:18,735] {taskinstance.py:1376} INFO - 
--------------------------------------------------------------------------------
[2022-09-16 13:59:18,735] {taskinstance.py:1377} INFO - Starting attempt 2 of 2
[2022-09-16 13:59:18,735] {taskinstance.py:1378} INFO - 
--------------------------------------------------------------------------------
[2022-09-16 13:59:18,749] {taskinstance.py:1397} INFO - Executing <Task(PythonOperator): fit_model> on 2022-09-16 13:40:44.553876+00:00
[2022-09-16 13:59:18,754] {standard_task_runner.py:52} INFO - Started process 78231 to run task
[2022-09-16 13:59:18,758] {standard_task_runner.py:79} INFO - Running: ['airflow', 'tasks', 'run', 'preprocessing_data', 'fit_model', 'scheduled__2022-09-16T13:40:44.553876+00:00', '--job-id', '377', '--raw', '--subdir', 'DAGS_FOLDER/model_dag.py', '--cfg-path', '/tmp/tmpy37rfzjq', '--error-file', '/tmp/tmpwr1wryv1']
[2022-09-16 13:59:18,759] {standard_task_runner.py:80} INFO - Job 377: Subtask fit_model
[2022-09-16 13:59:18,807] {task_command.py:371} INFO - Running <TaskInstance: preprocessing_data.fit_model scheduled__2022-09-16T13:40:44.553876+00:00 [running]> on host rc1b-dataproc-m-xzxwmqcudfo0foh0.mdb.yandexcloud.net
[2022-09-16 13:59:18,846] {taskinstance.py:1589} INFO - Exporting the following env vars:
AIRFLOW_CTX_DAG_EMAIL=airflow@example.com
AIRFLOW_CTX_DAG_OWNER=airflow
AIRFLOW_CTX_DAG_ID=preprocessing_data
AIRFLOW_CTX_TASK_ID=fit_model
AIRFLOW_CTX_EXECUTION_DATE=2022-09-16T13:40:44.553876+00:00
AIRFLOW_CTX_TRY_NUMBER=2
AIRFLOW_CTX_DAG_RUN_ID=scheduled__2022-09-16T13:40:44.553876+00:00
[2022-09-16 13:59:18,847] {train_model.py:37} INFO - GOT INTO TRAIN FUNCTION
[2022-09-16 13:59:18,853] {train_model.py:42} INFO - Data path: /user/airflow/processed_files/slice_of_80_90.parquet
[2022-09-16 14:01:07,623] {logging_mixin.py:115} WARNING - 2022/09/16 14:01:07 WARNING mlflow.pyspark.ml: Model inputs contain unsupported Spark data types: [StructField(featuresFinal,VectorUDT,true)]. Model signature is not logged.
[2022-09-16 14:01:25,863] {credentials.py:1094} INFO - Found credentials in environment variables.
[2022-09-16 14:01:38,466] {train_model.py:71} INFO - Accuracy SCORE: 0.6160107998014841
[2022-09-16 14:01:38,498] {python.py:173} INFO - Done. Returned value was: None
[2022-09-16 14:01:38,508] {taskinstance.py:1415} INFO - Marking task as SUCCESS. dag_id=preprocessing_data, task_id=fit_model, execution_date=20220916T134044, start_date=20220916T135918, end_date=20220916T140138
[2022-09-16 14:01:38,535] {local_task_job.py:156} INFO - Task exited with return code 0
[2022-09-16 14:01:38,554] {local_task_job.py:273} INFO - 1 downstream tasks scheduled from follow-on schedule check
