[2022-09-05 17:12:04,972] {taskinstance.py:1179} INFO - Dependencies all met for <TaskInstance: preprocessing_data.fit_model scheduled__2022-09-05T16:31:55.953013+00:00 [queued]>
[2022-09-05 17:12:04,977] {taskinstance.py:1179} INFO - Dependencies all met for <TaskInstance: preprocessing_data.fit_model scheduled__2022-09-05T16:31:55.953013+00:00 [queued]>
[2022-09-05 17:12:04,977] {taskinstance.py:1376} INFO - 
--------------------------------------------------------------------------------
[2022-09-05 17:12:04,977] {taskinstance.py:1377} INFO - Starting attempt 2 of 2
[2022-09-05 17:12:04,977] {taskinstance.py:1378} INFO - 
--------------------------------------------------------------------------------
[2022-09-05 17:12:04,993] {taskinstance.py:1397} INFO - Executing <Task(PythonOperator): fit_model> on 2022-09-05 16:31:55.953013+00:00
[2022-09-05 17:12:04,999] {standard_task_runner.py:52} INFO - Started process 64751 to run task
[2022-09-05 17:12:05,002] {standard_task_runner.py:79} INFO - Running: ['airflow', 'tasks', 'run', 'preprocessing_data', 'fit_model', 'scheduled__2022-09-05T16:31:55.953013+00:00', '--job-id', '174', '--raw', '--subdir', 'DAGS_FOLDER/model_dag.py', '--cfg-path', '/tmp/tmpv967l214', '--error-file', '/tmp/tmpr3h7ehrc']
[2022-09-05 17:12:05,003] {standard_task_runner.py:80} INFO - Job 174: Subtask fit_model
[2022-09-05 17:12:05,050] {task_command.py:371} INFO - Running <TaskInstance: preprocessing_data.fit_model scheduled__2022-09-05T16:31:55.953013+00:00 [running]> on host rc1b-dataproc-m-xzxwmqcudfo0foh0.mdb.yandexcloud.net
[2022-09-05 17:12:05,093] {taskinstance.py:1589} INFO - Exporting the following env vars:
AIRFLOW_CTX_DAG_EMAIL=airflow@example.com
AIRFLOW_CTX_DAG_OWNER=airflow
AIRFLOW_CTX_DAG_ID=preprocessing_data
AIRFLOW_CTX_TASK_ID=fit_model
AIRFLOW_CTX_EXECUTION_DATE=2022-09-05T16:31:55.953013+00:00
AIRFLOW_CTX_TRY_NUMBER=2
AIRFLOW_CTX_DAG_RUN_ID=scheduled__2022-09-05T16:31:55.953013+00:00
[2022-09-05 17:12:05,094] {train_model.py:37} INFO - GOT INTO TRAIN FUNCTION
[2022-09-05 17:12:05,099] {train_model.py:41} INFO - Data path: /user/airflow/processed_files/partition_56.parquet
[2022-09-05 17:12:48,889] {logging_mixin.py:115} WARNING - 2022/09/05 17:12:48 WARNING mlflow.pyspark.ml: Model inputs contain unsupported Spark data types: [StructField(featuresFinal,VectorUDT,true)]. Model signature is not logged.
[2022-09-05 17:13:04,552] {credentials.py:1094} INFO - Found credentials in environment variables.
[2022-09-05 17:13:16,465] {train_model.py:70} INFO - Accuracy SCORE: 0.5
[2022-09-05 17:13:16,495] {python.py:173} INFO - Done. Returned value was: None
[2022-09-05 17:13:16,506] {taskinstance.py:1415} INFO - Marking task as SUCCESS. dag_id=preprocessing_data, task_id=fit_model, execution_date=20220905T163155, start_date=20220905T171204, end_date=20220905T171316
[2022-09-05 17:13:16,556] {local_task_job.py:156} INFO - Task exited with return code 0
[2022-09-05 17:13:16,567] {local_task_job.py:273} INFO - 0 downstream tasks scheduled from follow-on schedule check
