[2022-09-15 16:31:27,575] {taskinstance.py:1179} INFO - Dependencies all met for <TaskInstance: preprocessing_data.generate_data scheduled__2022-09-15T16:21:24.165110+00:00 [queued]>
[2022-09-15 16:31:27,579] {taskinstance.py:1179} INFO - Dependencies all met for <TaskInstance: preprocessing_data.generate_data scheduled__2022-09-15T16:21:24.165110+00:00 [queued]>
[2022-09-15 16:31:27,579] {taskinstance.py:1376} INFO - 
--------------------------------------------------------------------------------
[2022-09-15 16:31:27,579] {taskinstance.py:1377} INFO - Starting attempt 1 of 2
[2022-09-15 16:31:27,579] {taskinstance.py:1378} INFO - 
--------------------------------------------------------------------------------
[2022-09-15 16:31:27,594] {taskinstance.py:1397} INFO - Executing <Task(PythonOperator): generate_data> on 2022-09-15 16:21:24.165110+00:00
[2022-09-15 16:31:27,601] {standard_task_runner.py:52} INFO - Started process 75572 to run task
[2022-09-15 16:31:27,604] {standard_task_runner.py:79} INFO - Running: ['airflow', 'tasks', 'run', 'preprocessing_data', 'generate_data', 'scheduled__2022-09-15T16:21:24.165110+00:00', '--job-id', '307', '--raw', '--subdir', 'DAGS_FOLDER/model_dag.py', '--cfg-path', '/tmp/tmpg6buiwiz', '--error-file', '/tmp/tmpp2g32myx']
[2022-09-15 16:31:27,605] {standard_task_runner.py:80} INFO - Job 307: Subtask generate_data
[2022-09-15 16:31:27,646] {task_command.py:371} INFO - Running <TaskInstance: preprocessing_data.generate_data scheduled__2022-09-15T16:21:24.165110+00:00 [running]> on host rc1b-dataproc-m-xzxwmqcudfo0foh0.mdb.yandexcloud.net
[2022-09-15 16:31:27,693] {taskinstance.py:1589} INFO - Exporting the following env vars:
AIRFLOW_CTX_DAG_EMAIL=airflow@example.com
AIRFLOW_CTX_DAG_OWNER=airflow
AIRFLOW_CTX_DAG_ID=preprocessing_data
AIRFLOW_CTX_TASK_ID=generate_data
AIRFLOW_CTX_EXECUTION_DATE=2022-09-15T16:21:24.165110+00:00
AIRFLOW_CTX_TRY_NUMBER=1
AIRFLOW_CTX_DAG_RUN_ID=scheduled__2022-09-15T16:21:24.165110+00:00
[2022-09-15 16:31:27,701] {logging_mixin.py:115} INFO - Time to generate customer profiles table: 0.0067s
[2022-09-15 16:31:27,705] {logging_mixin.py:115} INFO - Time to generate terminal profiles table: 0.0045s
[2022-09-15 16:31:27,888] {logging_mixin.py:115} INFO - Time to associate terminals to customers: 0.18s
[2022-09-15 16:31:46,002] {logging_mixin.py:115} INFO - Time to generate transactions: 1.8e+01s
[2022-09-15 16:31:46,094] {logging_mixin.py:115} INFO - Number of frauds from scenario 1: 151
[2022-09-15 16:31:48,999] {logging_mixin.py:115} INFO - Number of frauds from scenario 2: 19418
[2022-09-15 16:31:53,060] {logging_mixin.py:115} INFO - Number of frauds from scenario 3: 9279
[2022-09-15 16:31:53,060] {client.py:192} INFO - Instantiated <Client(url='http://rc1b-dataproc-m-xzxwmqcudfo0foh0.mdb.yandexcloud.net:9870')>.
[2022-09-15 16:31:53,060] {client.py:305} INFO - Fetching content summary for '/user/airflow/input_files'.
[2022-09-15 16:31:53,240] {client.py:558} INFO - Uploading '/home/ubuntu/fraud-detection-ml/airflow/output_simulation/partition_80.parquet' to '/user/airflow/input_files/partition_80.parquet'.
[2022-09-15 16:31:53,240] {client.py:1123} INFO - Listing '/user/airflow/input_files/partition_80.parquet'.
[2022-09-15 16:31:53,245] {client.py:503} INFO - Writing to '/user/airflow/input_files/partition_80.parquet'.
[2022-09-15 16:31:53,714] {python.py:173} INFO - Done. Returned value was: None
[2022-09-15 16:31:53,719] {taskinstance.py:1415} INFO - Marking task as SUCCESS. dag_id=preprocessing_data, task_id=generate_data, execution_date=20220915T162124, start_date=20220915T163127, end_date=20220915T163153
[2022-09-15 16:31:53,768] {local_task_job.py:156} INFO - Task exited with return code 0
[2022-09-15 16:31:53,789] {local_task_job.py:273} INFO - 1 downstream tasks scheduled from follow-on schedule check
