[2022-09-05 16:54:31,983] {taskinstance.py:1179} INFO - Dependencies all met for <TaskInstance: preprocessing_data.fit_model scheduled__2022-09-05T16:07:26.325086+00:00 [queued]>
[2022-09-05 16:54:31,989] {taskinstance.py:1179} INFO - Dependencies all met for <TaskInstance: preprocessing_data.fit_model scheduled__2022-09-05T16:07:26.325086+00:00 [queued]>
[2022-09-05 16:54:31,989] {taskinstance.py:1376} INFO - 
--------------------------------------------------------------------------------
[2022-09-05 16:54:31,989] {taskinstance.py:1377} INFO - Starting attempt 2 of 2
[2022-09-05 16:54:31,989] {taskinstance.py:1378} INFO - 
--------------------------------------------------------------------------------
[2022-09-05 16:54:32,013] {taskinstance.py:1397} INFO - Executing <Task(PythonOperator): fit_model> on 2022-09-05 16:07:26.325086+00:00
[2022-09-05 16:54:32,019] {standard_task_runner.py:52} INFO - Started process 59407 to run task
[2022-09-05 16:54:32,022] {standard_task_runner.py:79} INFO - Running: ['airflow', 'tasks', 'run', 'preprocessing_data', 'fit_model', 'scheduled__2022-09-05T16:07:26.325086+00:00', '--job-id', '165', '--raw', '--subdir', 'DAGS_FOLDER/model_dag.py', '--cfg-path', '/tmp/tmp6738jmcf', '--error-file', '/tmp/tmpzasvvhhq']
[2022-09-05 16:54:32,023] {standard_task_runner.py:80} INFO - Job 165: Subtask fit_model
[2022-09-05 16:54:32,069] {task_command.py:371} INFO - Running <TaskInstance: preprocessing_data.fit_model scheduled__2022-09-05T16:07:26.325086+00:00 [running]> on host rc1b-dataproc-m-xzxwmqcudfo0foh0.mdb.yandexcloud.net
[2022-09-05 16:54:32,138] {taskinstance.py:1589} INFO - Exporting the following env vars:
AIRFLOW_CTX_DAG_EMAIL=airflow@example.com
AIRFLOW_CTX_DAG_OWNER=airflow
AIRFLOW_CTX_DAG_ID=preprocessing_data
AIRFLOW_CTX_TASK_ID=fit_model
AIRFLOW_CTX_EXECUTION_DATE=2022-09-05T16:07:26.325086+00:00
AIRFLOW_CTX_TRY_NUMBER=2
AIRFLOW_CTX_DAG_RUN_ID=scheduled__2022-09-05T16:07:26.325086+00:00
[2022-09-05 16:54:32,139] {train_model.py:37} INFO - GOT INTO TRAIN FUNCTION
[2022-09-05 16:54:32,144] {train_model.py:41} INFO - Data path: /user/airflow/processed_files/partition_54.parquet
[2022-09-05 16:55:20,131] {logging_mixin.py:115} WARNING - 2022/09/05 16:55:20 WARNING mlflow.pyspark.ml: Model inputs contain unsupported Spark data types: [StructField(featuresFinal,VectorUDT,true)]. Model signature is not logged.
[2022-09-05 16:55:35,672] {credentials.py:1094} INFO - Found credentials in environment variables.
[2022-09-05 16:55:36,273] {taskinstance.py:1909} ERROR - Task failed with exception
Traceback (most recent call last):
  File "/home/ubuntu/.local/lib/python3.8/site-packages/airflow/operators/python.py", line 171, in execute
    return_value = self.execute_callable()
  File "/home/ubuntu/.local/lib/python3.8/site-packages/airflow/operators/python.py", line 189, in execute_callable
    return self.python_callable(*self.op_args, **self.op_kwargs)
  File "/home/ubuntu/fraud-detection-ml/utils/train_model.py", line 65, in train_model
    evaluator = BinaryClassificationEvaluator(labelCol="TX_FRAUD", rawPredictionCol='probability', featuresCol='featuresFinal')#.setLabelCol("TX_FRAUD")
  File "/usr/lib/spark/python/pyspark/__init__.py", line 110, in wrapper
    return func(self, **kwargs)
TypeError: __init__() got an unexpected keyword argument 'featuresCol'
[2022-09-05 16:55:36,277] {taskinstance.py:1415} INFO - Marking task as FAILED. dag_id=preprocessing_data, task_id=fit_model, execution_date=20220905T160726, start_date=20220905T165431, end_date=20220905T165536
[2022-09-05 16:55:36,296] {standard_task_runner.py:92} ERROR - Failed to execute job 165 for task fit_model (__init__() got an unexpected keyword argument 'featuresCol'; 59407)
[2022-09-05 16:55:36,318] {local_task_job.py:156} INFO - Task exited with return code 1
[2022-09-05 16:55:36,334] {local_task_job.py:273} INFO - 0 downstream tasks scheduled from follow-on schedule check
