[2022-06-26 12:45:21,422] {taskinstance.py:1159} INFO - Dependencies all met for <TaskInstance: example_bash_operator.runme_1 scheduled__2022-06-25T00:00:00+00:00 [queued]>
[2022-06-26 12:45:21,504] {taskinstance.py:1159} INFO - Dependencies all met for <TaskInstance: example_bash_operator.runme_1 scheduled__2022-06-25T00:00:00+00:00 [queued]>
[2022-06-26 12:45:21,505] {taskinstance.py:1356} INFO - 
--------------------------------------------------------------------------------
[2022-06-26 12:45:21,505] {taskinstance.py:1357} INFO - Starting attempt 1 of 1
[2022-06-26 12:45:21,505] {taskinstance.py:1358} INFO - 
--------------------------------------------------------------------------------
[2022-06-26 12:45:21,608] {taskinstance.py:1377} INFO - Executing <Task(BashOperator): runme_1> on 2022-06-25 00:00:00+00:00
[2022-06-26 12:45:21,622] {standard_task_runner.py:52} INFO - Started process 525 to run task
[2022-06-26 12:45:21,673] {standard_task_runner.py:79} INFO - Running: ['***', 'tasks', 'run', 'example_bash_operator', 'runme_1', 'scheduled__2022-06-25T00:00:00+00:00', '--job-id', '3', '--raw', '--subdir', '/home/***/.local/lib/python3.7/site-packages/***/example_dags/example_bash_operator.py', '--cfg-path', '/tmp/tmp_i0x7vao', '--error-file', '/tmp/tmpryfyywo5']
[2022-06-26 12:45:21,675] {standard_task_runner.py:80} INFO - Job 3: Subtask runme_1
[2022-06-26 12:45:22,800] {task_command.py:370} INFO - Running <TaskInstance: example_bash_operator.runme_1 scheduled__2022-06-25T00:00:00+00:00 [running]> on host a64e0d15b5db
[2022-06-26 12:45:23,987] {taskinstance.py:1571} INFO - Exporting the following env vars:
AIRFLOW_CTX_DAG_OWNER=***
AIRFLOW_CTX_DAG_ID=example_bash_operator
AIRFLOW_CTX_TASK_ID=runme_1
AIRFLOW_CTX_EXECUTION_DATE=2022-06-25T00:00:00+00:00
AIRFLOW_CTX_TRY_NUMBER=1
AIRFLOW_CTX_DAG_RUN_ID=scheduled__2022-06-25T00:00:00+00:00
[2022-06-26 12:45:23,998] {subprocess.py:62} INFO - Tmp dir root location: 
 /tmp
[2022-06-26 12:45:24,011] {subprocess.py:74} INFO - Running command: ['bash', '-c', 'echo "example_bash_operator__runme_1__20220625" && sleep 1']
[2022-06-26 12:45:24,372] {subprocess.py:85} INFO - Output:
[2022-06-26 12:45:24,384] {subprocess.py:92} INFO - example_bash_operator__runme_1__20220625
[2022-06-26 12:45:25,476] {subprocess.py:96} INFO - Command exited with return code 0
[2022-06-26 12:45:25,833] {taskinstance.py:1400} INFO - Marking task as SUCCESS. dag_id=example_bash_operator, task_id=runme_1, execution_date=20220625T000000, start_date=20220626T124521, end_date=20220626T124525
[2022-06-26 12:45:26,075] {local_task_job.py:156} INFO - Task exited with return code 0
[2022-06-26 12:45:26,445] {local_task_job.py:273} INFO - 0 downstream tasks scheduled from follow-on schedule check
