[2022-09-17 08:35:03,435] {processor.py:153} INFO - Started process (PID=9479) to work on /home/ubuntu/.local/lib/python3.8/site-packages/airflow/example_dags/example_nested_branch_dag.py
[2022-09-17 08:35:03,436] {processor.py:641} INFO - Processing file /home/ubuntu/.local/lib/python3.8/site-packages/airflow/example_dags/example_nested_branch_dag.py for tasks to queue
[2022-09-17 08:35:03,437] {logging_mixin.py:115} INFO - [2022-09-17 08:35:03,436] {dagbag.py:508} INFO - Filling up the DagBag from /home/ubuntu/.local/lib/python3.8/site-packages/airflow/example_dags/example_nested_branch_dag.py
[2022-09-17 08:35:03,452] {processor.py:651} INFO - DAG(s) dict_keys(['example_nested_branch_dag']) retrieved from /home/ubuntu/.local/lib/python3.8/site-packages/airflow/example_dags/example_nested_branch_dag.py
[2022-09-17 08:35:03,477] {logging_mixin.py:115} INFO - [2022-09-17 08:35:03,477] {dag.py:2420} INFO - Sync 1 DAGs
[2022-09-17 08:35:03,493] {logging_mixin.py:115} INFO - [2022-09-17 08:35:03,493] {dag.py:2968} INFO - Setting next_dagrun for example_nested_branch_dag to 2022-09-16T00:00:00+00:00, run_after=2022-09-17T00:00:00+00:00
[2022-09-17 08:35:03,524] {processor.py:161} INFO - Processing /home/ubuntu/.local/lib/python3.8/site-packages/airflow/example_dags/example_nested_branch_dag.py took 0.095 seconds
[2022-09-17 08:35:39,959] {processor.py:153} INFO - Started process (PID=9824) to work on /home/ubuntu/.local/lib/python3.8/site-packages/airflow/example_dags/example_nested_branch_dag.py
[2022-09-17 08:35:39,960] {processor.py:641} INFO - Processing file /home/ubuntu/.local/lib/python3.8/site-packages/airflow/example_dags/example_nested_branch_dag.py for tasks to queue
[2022-09-17 08:35:39,961] {logging_mixin.py:115} INFO - [2022-09-17 08:35:39,961] {dagbag.py:508} INFO - Filling up the DagBag from /home/ubuntu/.local/lib/python3.8/site-packages/airflow/example_dags/example_nested_branch_dag.py
[2022-09-17 08:35:39,972] {processor.py:651} INFO - DAG(s) dict_keys(['example_nested_branch_dag']) retrieved from /home/ubuntu/.local/lib/python3.8/site-packages/airflow/example_dags/example_nested_branch_dag.py
[2022-09-17 08:35:39,992] {logging_mixin.py:115} INFO - [2022-09-17 08:35:39,992] {dag.py:2420} INFO - Sync 1 DAGs
[2022-09-17 08:35:40,012] {logging_mixin.py:115} INFO - [2022-09-17 08:35:40,011] {dag.py:2968} INFO - Setting next_dagrun for example_nested_branch_dag to 2022-09-16T00:00:00+00:00, run_after=2022-09-17T00:00:00+00:00
[2022-09-17 08:35:40,033] {processor.py:161} INFO - Processing /home/ubuntu/.local/lib/python3.8/site-packages/airflow/example_dags/example_nested_branch_dag.py took 0.077 seconds
[2022-09-17 08:36:18,442] {processor.py:153} INFO - Started process (PID=9864) to work on /home/ubuntu/.local/lib/python3.8/site-packages/airflow/example_dags/example_nested_branch_dag.py
[2022-09-17 08:36:18,443] {processor.py:641} INFO - Processing file /home/ubuntu/.local/lib/python3.8/site-packages/airflow/example_dags/example_nested_branch_dag.py for tasks to queue
[2022-09-17 08:36:18,444] {logging_mixin.py:115} INFO - [2022-09-17 08:36:18,444] {dagbag.py:508} INFO - Filling up the DagBag from /home/ubuntu/.local/lib/python3.8/site-packages/airflow/example_dags/example_nested_branch_dag.py
[2022-09-17 08:36:18,455] {processor.py:651} INFO - DAG(s) dict_keys(['example_nested_branch_dag']) retrieved from /home/ubuntu/.local/lib/python3.8/site-packages/airflow/example_dags/example_nested_branch_dag.py
[2022-09-17 08:36:18,474] {logging_mixin.py:115} INFO - [2022-09-17 08:36:18,474] {dag.py:2420} INFO - Sync 1 DAGs
[2022-09-17 08:36:18,489] {logging_mixin.py:115} INFO - [2022-09-17 08:36:18,489] {dag.py:2968} INFO - Setting next_dagrun for example_nested_branch_dag to 2022-09-16T00:00:00+00:00, run_after=2022-09-17T00:00:00+00:00
[2022-09-17 08:36:18,514] {processor.py:161} INFO - Processing /home/ubuntu/.local/lib/python3.8/site-packages/airflow/example_dags/example_nested_branch_dag.py took 0.076 seconds
[2022-09-17 08:36:56,178] {processor.py:153} INFO - Started process (PID=9980) to work on /home/ubuntu/.local/lib/python3.8/site-packages/airflow/example_dags/example_nested_branch_dag.py
[2022-09-17 08:36:56,179] {processor.py:641} INFO - Processing file /home/ubuntu/.local/lib/python3.8/site-packages/airflow/example_dags/example_nested_branch_dag.py for tasks to queue
[2022-09-17 08:36:56,180] {logging_mixin.py:115} INFO - [2022-09-17 08:36:56,180] {dagbag.py:508} INFO - Filling up the DagBag from /home/ubuntu/.local/lib/python3.8/site-packages/airflow/example_dags/example_nested_branch_dag.py
[2022-09-17 08:36:56,191] {processor.py:651} INFO - DAG(s) dict_keys(['example_nested_branch_dag']) retrieved from /home/ubuntu/.local/lib/python3.8/site-packages/airflow/example_dags/example_nested_branch_dag.py
[2022-09-17 08:36:56,213] {logging_mixin.py:115} INFO - [2022-09-17 08:36:56,213] {dag.py:2420} INFO - Sync 1 DAGs
[2022-09-17 08:36:56,228] {logging_mixin.py:115} INFO - [2022-09-17 08:36:56,228] {dag.py:2968} INFO - Setting next_dagrun for example_nested_branch_dag to 2022-09-16T00:00:00+00:00, run_after=2022-09-17T00:00:00+00:00
[2022-09-17 08:36:56,244] {processor.py:161} INFO - Processing /home/ubuntu/.local/lib/python3.8/site-packages/airflow/example_dags/example_nested_branch_dag.py took 0.070 seconds
[2022-09-17 08:37:31,803] {processor.py:153} INFO - Started process (PID=10050) to work on /home/ubuntu/.local/lib/python3.8/site-packages/airflow/example_dags/example_nested_branch_dag.py
[2022-09-17 08:37:31,805] {processor.py:641} INFO - Processing file /home/ubuntu/.local/lib/python3.8/site-packages/airflow/example_dags/example_nested_branch_dag.py for tasks to queue
[2022-09-17 08:37:31,806] {logging_mixin.py:115} INFO - [2022-09-17 08:37:31,806] {dagbag.py:508} INFO - Filling up the DagBag from /home/ubuntu/.local/lib/python3.8/site-packages/airflow/example_dags/example_nested_branch_dag.py
[2022-09-17 08:37:31,820] {processor.py:651} INFO - DAG(s) dict_keys(['example_nested_branch_dag']) retrieved from /home/ubuntu/.local/lib/python3.8/site-packages/airflow/example_dags/example_nested_branch_dag.py
[2022-09-17 08:37:31,850] {logging_mixin.py:115} INFO - [2022-09-17 08:37:31,850] {dag.py:2420} INFO - Sync 1 DAGs
[2022-09-17 08:37:31,871] {logging_mixin.py:115} INFO - [2022-09-17 08:37:31,870] {dag.py:2968} INFO - Setting next_dagrun for example_nested_branch_dag to 2022-09-16T00:00:00+00:00, run_after=2022-09-17T00:00:00+00:00
[2022-09-17 08:37:31,891] {processor.py:161} INFO - Processing /home/ubuntu/.local/lib/python3.8/site-packages/airflow/example_dags/example_nested_branch_dag.py took 0.093 seconds
[2022-09-17 08:38:15,271] {processor.py:153} INFO - Started process (PID=10300) to work on /home/ubuntu/.local/lib/python3.8/site-packages/airflow/example_dags/example_nested_branch_dag.py
[2022-09-17 08:38:15,274] {processor.py:641} INFO - Processing file /home/ubuntu/.local/lib/python3.8/site-packages/airflow/example_dags/example_nested_branch_dag.py for tasks to queue
[2022-09-17 08:38:15,275] {logging_mixin.py:115} INFO - [2022-09-17 08:38:15,274] {dagbag.py:508} INFO - Filling up the DagBag from /home/ubuntu/.local/lib/python3.8/site-packages/airflow/example_dags/example_nested_branch_dag.py
[2022-09-17 08:38:15,287] {processor.py:651} INFO - DAG(s) dict_keys(['example_nested_branch_dag']) retrieved from /home/ubuntu/.local/lib/python3.8/site-packages/airflow/example_dags/example_nested_branch_dag.py
[2022-09-17 08:38:15,305] {logging_mixin.py:115} INFO - [2022-09-17 08:38:15,304] {dag.py:2420} INFO - Sync 1 DAGs
[2022-09-17 08:38:15,328] {logging_mixin.py:115} INFO - [2022-09-17 08:38:15,328] {dag.py:2968} INFO - Setting next_dagrun for example_nested_branch_dag to 2022-09-16T00:00:00+00:00, run_after=2022-09-17T00:00:00+00:00
[2022-09-17 08:38:15,348] {processor.py:161} INFO - Processing /home/ubuntu/.local/lib/python3.8/site-packages/airflow/example_dags/example_nested_branch_dag.py took 0.081 seconds
[2022-09-17 08:38:52,039] {processor.py:153} INFO - Started process (PID=10347) to work on /home/ubuntu/.local/lib/python3.8/site-packages/airflow/example_dags/example_nested_branch_dag.py
[2022-09-17 08:38:52,040] {processor.py:641} INFO - Processing file /home/ubuntu/.local/lib/python3.8/site-packages/airflow/example_dags/example_nested_branch_dag.py for tasks to queue
[2022-09-17 08:38:52,041] {logging_mixin.py:115} INFO - [2022-09-17 08:38:52,041] {dagbag.py:508} INFO - Filling up the DagBag from /home/ubuntu/.local/lib/python3.8/site-packages/airflow/example_dags/example_nested_branch_dag.py
[2022-09-17 08:38:52,052] {processor.py:651} INFO - DAG(s) dict_keys(['example_nested_branch_dag']) retrieved from /home/ubuntu/.local/lib/python3.8/site-packages/airflow/example_dags/example_nested_branch_dag.py
[2022-09-17 08:38:52,070] {logging_mixin.py:115} INFO - [2022-09-17 08:38:52,070] {dag.py:2420} INFO - Sync 1 DAGs
[2022-09-17 08:38:52,091] {logging_mixin.py:115} INFO - [2022-09-17 08:38:52,090] {dag.py:2968} INFO - Setting next_dagrun for example_nested_branch_dag to 2022-09-16T00:00:00+00:00, run_after=2022-09-17T00:00:00+00:00
[2022-09-17 08:38:52,108] {processor.py:161} INFO - Processing /home/ubuntu/.local/lib/python3.8/site-packages/airflow/example_dags/example_nested_branch_dag.py took 0.073 seconds
[2022-09-17 08:39:30,521] {processor.py:153} INFO - Started process (PID=10388) to work on /home/ubuntu/.local/lib/python3.8/site-packages/airflow/example_dags/example_nested_branch_dag.py
[2022-09-17 08:39:30,523] {processor.py:641} INFO - Processing file /home/ubuntu/.local/lib/python3.8/site-packages/airflow/example_dags/example_nested_branch_dag.py for tasks to queue
[2022-09-17 08:39:30,524] {logging_mixin.py:115} INFO - [2022-09-17 08:39:30,524] {dagbag.py:508} INFO - Filling up the DagBag from /home/ubuntu/.local/lib/python3.8/site-packages/airflow/example_dags/example_nested_branch_dag.py
[2022-09-17 08:39:30,539] {processor.py:651} INFO - DAG(s) dict_keys(['example_nested_branch_dag']) retrieved from /home/ubuntu/.local/lib/python3.8/site-packages/airflow/example_dags/example_nested_branch_dag.py
[2022-09-17 08:39:30,558] {logging_mixin.py:115} INFO - [2022-09-17 08:39:30,558] {dag.py:2420} INFO - Sync 1 DAGs
[2022-09-17 08:39:30,580] {logging_mixin.py:115} INFO - [2022-09-17 08:39:30,580] {dag.py:2968} INFO - Setting next_dagrun for example_nested_branch_dag to 2022-09-16T00:00:00+00:00, run_after=2022-09-17T00:00:00+00:00
[2022-09-17 08:39:30,610] {processor.py:161} INFO - Processing /home/ubuntu/.local/lib/python3.8/site-packages/airflow/example_dags/example_nested_branch_dag.py took 0.092 seconds
