[2022-09-17 08:35:25,594] {processor.py:153} INFO - Started process (PID=9645) to work on /home/ubuntu/.local/lib/python3.8/site-packages/airflow/example_dags/example_complex.py
[2022-09-17 08:35:25,595] {processor.py:641} INFO - Processing file /home/ubuntu/.local/lib/python3.8/site-packages/airflow/example_dags/example_complex.py for tasks to queue
[2022-09-17 08:35:25,595] {logging_mixin.py:115} INFO - [2022-09-17 08:35:25,595] {dagbag.py:508} INFO - Filling up the DagBag from /home/ubuntu/.local/lib/python3.8/site-packages/airflow/example_dags/example_complex.py
[2022-09-17 08:35:25,609] {processor.py:651} INFO - DAG(s) dict_keys(['example_complex']) retrieved from /home/ubuntu/.local/lib/python3.8/site-packages/airflow/example_dags/example_complex.py
[2022-09-17 08:35:25,637] {logging_mixin.py:115} INFO - [2022-09-17 08:35:25,637] {dag.py:2420} INFO - Sync 1 DAGs
[2022-09-17 08:35:25,653] {logging_mixin.py:115} INFO - [2022-09-17 08:35:25,653] {dag.py:2968} INFO - Setting next_dagrun for example_complex to None, run_after=None
[2022-09-17 08:35:25,674] {processor.py:161} INFO - Processing /home/ubuntu/.local/lib/python3.8/site-packages/airflow/example_dags/example_complex.py took 0.084 seconds
[2022-09-17 08:36:02,918] {processor.py:153} INFO - Started process (PID=9850) to work on /home/ubuntu/.local/lib/python3.8/site-packages/airflow/example_dags/example_complex.py
[2022-09-17 08:36:02,919] {processor.py:641} INFO - Processing file /home/ubuntu/.local/lib/python3.8/site-packages/airflow/example_dags/example_complex.py for tasks to queue
[2022-09-17 08:36:02,920] {logging_mixin.py:115} INFO - [2022-09-17 08:36:02,920] {dagbag.py:508} INFO - Filling up the DagBag from /home/ubuntu/.local/lib/python3.8/site-packages/airflow/example_dags/example_complex.py
[2022-09-17 08:36:02,932] {processor.py:651} INFO - DAG(s) dict_keys(['example_complex']) retrieved from /home/ubuntu/.local/lib/python3.8/site-packages/airflow/example_dags/example_complex.py
[2022-09-17 08:36:02,955] {logging_mixin.py:115} INFO - [2022-09-17 08:36:02,955] {dag.py:2420} INFO - Sync 1 DAGs
[2022-09-17 08:36:02,970] {logging_mixin.py:115} INFO - [2022-09-17 08:36:02,970] {dag.py:2968} INFO - Setting next_dagrun for example_complex to None, run_after=None
[2022-09-17 08:36:02,994] {processor.py:161} INFO - Processing /home/ubuntu/.local/lib/python3.8/site-packages/airflow/example_dags/example_complex.py took 0.080 seconds
[2022-09-17 08:36:40,385] {processor.py:153} INFO - Started process (PID=9959) to work on /home/ubuntu/.local/lib/python3.8/site-packages/airflow/example_dags/example_complex.py
[2022-09-17 08:36:40,386] {processor.py:641} INFO - Processing file /home/ubuntu/.local/lib/python3.8/site-packages/airflow/example_dags/example_complex.py for tasks to queue
[2022-09-17 08:36:40,386] {logging_mixin.py:115} INFO - [2022-09-17 08:36:40,386] {dagbag.py:508} INFO - Filling up the DagBag from /home/ubuntu/.local/lib/python3.8/site-packages/airflow/example_dags/example_complex.py
[2022-09-17 08:36:40,398] {processor.py:651} INFO - DAG(s) dict_keys(['example_complex']) retrieved from /home/ubuntu/.local/lib/python3.8/site-packages/airflow/example_dags/example_complex.py
[2022-09-17 08:36:40,422] {logging_mixin.py:115} INFO - [2022-09-17 08:36:40,421] {dag.py:2420} INFO - Sync 1 DAGs
[2022-09-17 08:36:40,436] {logging_mixin.py:115} INFO - [2022-09-17 08:36:40,436] {dag.py:2968} INFO - Setting next_dagrun for example_complex to None, run_after=None
[2022-09-17 08:36:40,454] {processor.py:161} INFO - Processing /home/ubuntu/.local/lib/python3.8/site-packages/airflow/example_dags/example_complex.py took 0.073 seconds
[2022-09-17 08:37:24,000] {processor.py:153} INFO - Started process (PID=10029) to work on /home/ubuntu/.local/lib/python3.8/site-packages/airflow/example_dags/example_complex.py
[2022-09-17 08:37:24,002] {processor.py:641} INFO - Processing file /home/ubuntu/.local/lib/python3.8/site-packages/airflow/example_dags/example_complex.py for tasks to queue
[2022-09-17 08:37:24,003] {logging_mixin.py:115} INFO - [2022-09-17 08:37:24,003] {dagbag.py:508} INFO - Filling up the DagBag from /home/ubuntu/.local/lib/python3.8/site-packages/airflow/example_dags/example_complex.py
[2022-09-17 08:37:24,022] {processor.py:651} INFO - DAG(s) dict_keys(['example_complex']) retrieved from /home/ubuntu/.local/lib/python3.8/site-packages/airflow/example_dags/example_complex.py
[2022-09-17 08:37:24,053] {logging_mixin.py:115} INFO - [2022-09-17 08:37:24,053] {dag.py:2420} INFO - Sync 1 DAGs
[2022-09-17 08:37:24,071] {logging_mixin.py:115} INFO - [2022-09-17 08:37:24,070] {dag.py:2968} INFO - Setting next_dagrun for example_complex to None, run_after=None
[2022-09-17 08:37:24,119] {processor.py:161} INFO - Processing /home/ubuntu/.local/lib/python3.8/site-packages/airflow/example_dags/example_complex.py took 0.124 seconds
[2022-09-17 08:38:36,428] {processor.py:153} INFO - Started process (PID=10329) to work on /home/ubuntu/.local/lib/python3.8/site-packages/airflow/example_dags/example_complex.py
[2022-09-17 08:38:36,430] {processor.py:641} INFO - Processing file /home/ubuntu/.local/lib/python3.8/site-packages/airflow/example_dags/example_complex.py for tasks to queue
[2022-09-17 08:38:36,431] {logging_mixin.py:115} INFO - [2022-09-17 08:38:36,431] {dagbag.py:508} INFO - Filling up the DagBag from /home/ubuntu/.local/lib/python3.8/site-packages/airflow/example_dags/example_complex.py
[2022-09-17 08:38:36,444] {processor.py:651} INFO - DAG(s) dict_keys(['example_complex']) retrieved from /home/ubuntu/.local/lib/python3.8/site-packages/airflow/example_dags/example_complex.py
[2022-09-17 08:38:36,467] {logging_mixin.py:115} INFO - [2022-09-17 08:38:36,467] {dag.py:2420} INFO - Sync 1 DAGs
[2022-09-17 08:38:36,483] {logging_mixin.py:115} INFO - [2022-09-17 08:38:36,483] {dag.py:2968} INFO - Setting next_dagrun for example_complex to None, run_after=None
[2022-09-17 08:38:36,498] {processor.py:161} INFO - Processing /home/ubuntu/.local/lib/python3.8/site-packages/airflow/example_dags/example_complex.py took 0.073 seconds
[2022-09-17 08:39:17,663] {processor.py:153} INFO - Started process (PID=10373) to work on /home/ubuntu/.local/lib/python3.8/site-packages/airflow/example_dags/example_complex.py
[2022-09-17 08:39:17,665] {processor.py:641} INFO - Processing file /home/ubuntu/.local/lib/python3.8/site-packages/airflow/example_dags/example_complex.py for tasks to queue
[2022-09-17 08:39:17,665] {logging_mixin.py:115} INFO - [2022-09-17 08:39:17,665] {dagbag.py:508} INFO - Filling up the DagBag from /home/ubuntu/.local/lib/python3.8/site-packages/airflow/example_dags/example_complex.py
[2022-09-17 08:39:17,685] {processor.py:651} INFO - DAG(s) dict_keys(['example_complex']) retrieved from /home/ubuntu/.local/lib/python3.8/site-packages/airflow/example_dags/example_complex.py
[2022-09-17 08:39:17,715] {logging_mixin.py:115} INFO - [2022-09-17 08:39:17,715] {dag.py:2420} INFO - Sync 1 DAGs
[2022-09-17 08:39:17,739] {logging_mixin.py:115} INFO - [2022-09-17 08:39:17,739] {dag.py:2968} INFO - Setting next_dagrun for example_complex to None, run_after=None
[2022-09-17 08:39:17,766] {processor.py:161} INFO - Processing /home/ubuntu/.local/lib/python3.8/site-packages/airflow/example_dags/example_complex.py took 0.107 seconds
[2022-09-17 08:39:55,309] {processor.py:153} INFO - Started process (PID=10416) to work on /home/ubuntu/.local/lib/python3.8/site-packages/airflow/example_dags/example_complex.py
[2022-09-17 08:39:55,310] {processor.py:641} INFO - Processing file /home/ubuntu/.local/lib/python3.8/site-packages/airflow/example_dags/example_complex.py for tasks to queue
[2022-09-17 08:39:55,311] {logging_mixin.py:115} INFO - [2022-09-17 08:39:55,310] {dagbag.py:508} INFO - Filling up the DagBag from /home/ubuntu/.local/lib/python3.8/site-packages/airflow/example_dags/example_complex.py
[2022-09-17 08:39:55,324] {processor.py:651} INFO - DAG(s) dict_keys(['example_complex']) retrieved from /home/ubuntu/.local/lib/python3.8/site-packages/airflow/example_dags/example_complex.py
[2022-09-17 08:39:55,350] {logging_mixin.py:115} INFO - [2022-09-17 08:39:55,349] {dag.py:2420} INFO - Sync 1 DAGs
[2022-09-17 08:39:55,366] {logging_mixin.py:115} INFO - [2022-09-17 08:39:55,366] {dag.py:2968} INFO - Setting next_dagrun for example_complex to None, run_after=None
[2022-09-17 08:39:55,385] {processor.py:161} INFO - Processing /home/ubuntu/.local/lib/python3.8/site-packages/airflow/example_dags/example_complex.py took 0.080 seconds
