[2022-09-17 08:35:17,373] {processor.py:153} INFO - Started process (PID=9548) to work on /home/ubuntu/.local/lib/python3.8/site-packages/airflow/example_dags/example_time_delta_sensor_async.py
[2022-09-17 08:35:17,374] {processor.py:641} INFO - Processing file /home/ubuntu/.local/lib/python3.8/site-packages/airflow/example_dags/example_time_delta_sensor_async.py for tasks to queue
[2022-09-17 08:35:17,374] {logging_mixin.py:115} INFO - [2022-09-17 08:35:17,374] {dagbag.py:508} INFO - Filling up the DagBag from /home/ubuntu/.local/lib/python3.8/site-packages/airflow/example_dags/example_time_delta_sensor_async.py
[2022-09-17 08:35:17,384] {processor.py:651} INFO - DAG(s) dict_keys(['example_time_delta_sensor_async']) retrieved from /home/ubuntu/.local/lib/python3.8/site-packages/airflow/example_dags/example_time_delta_sensor_async.py
[2022-09-17 08:35:17,424] {logging_mixin.py:115} INFO - [2022-09-17 08:35:17,424] {dag.py:2420} INFO - Sync 1 DAGs
[2022-09-17 08:35:17,441] {logging_mixin.py:115} INFO - [2022-09-17 08:35:17,441] {dag.py:2968} INFO - Setting next_dagrun for example_time_delta_sensor_async to None, run_after=None
[2022-09-17 08:35:17,464] {processor.py:161} INFO - Processing /home/ubuntu/.local/lib/python3.8/site-packages/airflow/example_dags/example_time_delta_sensor_async.py took 0.096 seconds
[2022-09-17 08:35:54,171] {processor.py:153} INFO - Started process (PID=9841) to work on /home/ubuntu/.local/lib/python3.8/site-packages/airflow/example_dags/example_time_delta_sensor_async.py
[2022-09-17 08:35:54,172] {processor.py:641} INFO - Processing file /home/ubuntu/.local/lib/python3.8/site-packages/airflow/example_dags/example_time_delta_sensor_async.py for tasks to queue
[2022-09-17 08:35:54,173] {logging_mixin.py:115} INFO - [2022-09-17 08:35:54,173] {dagbag.py:508} INFO - Filling up the DagBag from /home/ubuntu/.local/lib/python3.8/site-packages/airflow/example_dags/example_time_delta_sensor_async.py
[2022-09-17 08:35:54,179] {processor.py:651} INFO - DAG(s) dict_keys(['example_time_delta_sensor_async']) retrieved from /home/ubuntu/.local/lib/python3.8/site-packages/airflow/example_dags/example_time_delta_sensor_async.py
[2022-09-17 08:35:54,207] {logging_mixin.py:115} INFO - [2022-09-17 08:35:54,207] {dag.py:2420} INFO - Sync 1 DAGs
[2022-09-17 08:35:54,221] {logging_mixin.py:115} INFO - [2022-09-17 08:35:54,221] {dag.py:2968} INFO - Setting next_dagrun for example_time_delta_sensor_async to None, run_after=None
[2022-09-17 08:35:54,237] {processor.py:161} INFO - Processing /home/ubuntu/.local/lib/python3.8/site-packages/airflow/example_dags/example_time_delta_sensor_async.py took 0.069 seconds
[2022-09-17 08:36:31,925] {processor.py:153} INFO - Started process (PID=9936) to work on /home/ubuntu/.local/lib/python3.8/site-packages/airflow/example_dags/example_time_delta_sensor_async.py
[2022-09-17 08:36:31,929] {processor.py:641} INFO - Processing file /home/ubuntu/.local/lib/python3.8/site-packages/airflow/example_dags/example_time_delta_sensor_async.py for tasks to queue
[2022-09-17 08:36:31,930] {logging_mixin.py:115} INFO - [2022-09-17 08:36:31,930] {dagbag.py:508} INFO - Filling up the DagBag from /home/ubuntu/.local/lib/python3.8/site-packages/airflow/example_dags/example_time_delta_sensor_async.py
[2022-09-17 08:36:31,939] {processor.py:651} INFO - DAG(s) dict_keys(['example_time_delta_sensor_async']) retrieved from /home/ubuntu/.local/lib/python3.8/site-packages/airflow/example_dags/example_time_delta_sensor_async.py
[2022-09-17 08:36:31,990] {logging_mixin.py:115} INFO - [2022-09-17 08:36:31,990] {dag.py:2420} INFO - Sync 1 DAGs
[2022-09-17 08:36:32,011] {logging_mixin.py:115} INFO - [2022-09-17 08:36:32,011] {dag.py:2968} INFO - Setting next_dagrun for example_time_delta_sensor_async to None, run_after=None
[2022-09-17 08:36:32,033] {processor.py:161} INFO - Processing /home/ubuntu/.local/lib/python3.8/site-packages/airflow/example_dags/example_time_delta_sensor_async.py took 0.113 seconds
[2022-09-17 08:37:10,720] {processor.py:153} INFO - Started process (PID=9998) to work on /home/ubuntu/.local/lib/python3.8/site-packages/airflow/example_dags/example_time_delta_sensor_async.py
[2022-09-17 08:37:10,723] {processor.py:641} INFO - Processing file /home/ubuntu/.local/lib/python3.8/site-packages/airflow/example_dags/example_time_delta_sensor_async.py for tasks to queue
[2022-09-17 08:37:10,724] {logging_mixin.py:115} INFO - [2022-09-17 08:37:10,724] {dagbag.py:508} INFO - Filling up the DagBag from /home/ubuntu/.local/lib/python3.8/site-packages/airflow/example_dags/example_time_delta_sensor_async.py
[2022-09-17 08:37:10,732] {processor.py:651} INFO - DAG(s) dict_keys(['example_time_delta_sensor_async']) retrieved from /home/ubuntu/.local/lib/python3.8/site-packages/airflow/example_dags/example_time_delta_sensor_async.py
[2022-09-17 08:37:10,769] {logging_mixin.py:115} INFO - [2022-09-17 08:37:10,768] {dag.py:2420} INFO - Sync 1 DAGs
[2022-09-17 08:37:10,784] {logging_mixin.py:115} INFO - [2022-09-17 08:37:10,784] {dag.py:2968} INFO - Setting next_dagrun for example_time_delta_sensor_async to None, run_after=None
[2022-09-17 08:37:10,807] {processor.py:161} INFO - Processing /home/ubuntu/.local/lib/python3.8/site-packages/airflow/example_dags/example_time_delta_sensor_async.py took 0.092 seconds
[2022-09-17 08:38:29,452] {processor.py:153} INFO - Started process (PID=10318) to work on /home/ubuntu/.local/lib/python3.8/site-packages/airflow/example_dags/example_time_delta_sensor_async.py
[2022-09-17 08:38:29,455] {processor.py:641} INFO - Processing file /home/ubuntu/.local/lib/python3.8/site-packages/airflow/example_dags/example_time_delta_sensor_async.py for tasks to queue
[2022-09-17 08:38:29,456] {logging_mixin.py:115} INFO - [2022-09-17 08:38:29,455] {dagbag.py:508} INFO - Filling up the DagBag from /home/ubuntu/.local/lib/python3.8/site-packages/airflow/example_dags/example_time_delta_sensor_async.py
[2022-09-17 08:38:29,463] {processor.py:651} INFO - DAG(s) dict_keys(['example_time_delta_sensor_async']) retrieved from /home/ubuntu/.local/lib/python3.8/site-packages/airflow/example_dags/example_time_delta_sensor_async.py
[2022-09-17 08:38:29,499] {logging_mixin.py:115} INFO - [2022-09-17 08:38:29,498] {dag.py:2420} INFO - Sync 1 DAGs
[2022-09-17 08:38:29,517] {logging_mixin.py:115} INFO - [2022-09-17 08:38:29,517] {dag.py:2968} INFO - Setting next_dagrun for example_time_delta_sensor_async to None, run_after=None
[2022-09-17 08:38:29,537] {processor.py:161} INFO - Processing /home/ubuntu/.local/lib/python3.8/site-packages/airflow/example_dags/example_time_delta_sensor_async.py took 0.089 seconds
[2022-09-17 08:39:06,051] {processor.py:153} INFO - Started process (PID=10363) to work on /home/ubuntu/.local/lib/python3.8/site-packages/airflow/example_dags/example_time_delta_sensor_async.py
[2022-09-17 08:39:06,053] {processor.py:641} INFO - Processing file /home/ubuntu/.local/lib/python3.8/site-packages/airflow/example_dags/example_time_delta_sensor_async.py for tasks to queue
[2022-09-17 08:39:06,054] {logging_mixin.py:115} INFO - [2022-09-17 08:39:06,054] {dagbag.py:508} INFO - Filling up the DagBag from /home/ubuntu/.local/lib/python3.8/site-packages/airflow/example_dags/example_time_delta_sensor_async.py
[2022-09-17 08:39:06,061] {processor.py:651} INFO - DAG(s) dict_keys(['example_time_delta_sensor_async']) retrieved from /home/ubuntu/.local/lib/python3.8/site-packages/airflow/example_dags/example_time_delta_sensor_async.py
[2022-09-17 08:39:06,103] {logging_mixin.py:115} INFO - [2022-09-17 08:39:06,103] {dag.py:2420} INFO - Sync 1 DAGs
[2022-09-17 08:39:06,124] {logging_mixin.py:115} INFO - [2022-09-17 08:39:06,124] {dag.py:2968} INFO - Setting next_dagrun for example_time_delta_sensor_async to None, run_after=None
[2022-09-17 08:39:06,142] {processor.py:161} INFO - Processing /home/ubuntu/.local/lib/python3.8/site-packages/airflow/example_dags/example_time_delta_sensor_async.py took 0.095 seconds
[2022-09-17 08:39:43,710] {processor.py:153} INFO - Started process (PID=10406) to work on /home/ubuntu/.local/lib/python3.8/site-packages/airflow/example_dags/example_time_delta_sensor_async.py
[2022-09-17 08:39:43,711] {processor.py:641} INFO - Processing file /home/ubuntu/.local/lib/python3.8/site-packages/airflow/example_dags/example_time_delta_sensor_async.py for tasks to queue
[2022-09-17 08:39:43,712] {logging_mixin.py:115} INFO - [2022-09-17 08:39:43,712] {dagbag.py:508} INFO - Filling up the DagBag from /home/ubuntu/.local/lib/python3.8/site-packages/airflow/example_dags/example_time_delta_sensor_async.py
[2022-09-17 08:39:43,719] {processor.py:651} INFO - DAG(s) dict_keys(['example_time_delta_sensor_async']) retrieved from /home/ubuntu/.local/lib/python3.8/site-packages/airflow/example_dags/example_time_delta_sensor_async.py
[2022-09-17 08:39:43,756] {logging_mixin.py:115} INFO - [2022-09-17 08:39:43,756] {dag.py:2420} INFO - Sync 1 DAGs
[2022-09-17 08:39:43,775] {logging_mixin.py:115} INFO - [2022-09-17 08:39:43,775] {dag.py:2968} INFO - Setting next_dagrun for example_time_delta_sensor_async to None, run_after=None
[2022-09-17 08:39:43,793] {processor.py:161} INFO - Processing /home/ubuntu/.local/lib/python3.8/site-packages/airflow/example_dags/example_time_delta_sensor_async.py took 0.088 seconds
