[2022-09-17 08:35:19,169] {processor.py:153} INFO - Started process (PID=9581) to work on /home/ubuntu/.local/lib/python3.8/site-packages/airflow/example_dags/example_branch_python_dop_operator_3.py
[2022-09-17 08:35:19,170] {processor.py:641} INFO - Processing file /home/ubuntu/.local/lib/python3.8/site-packages/airflow/example_dags/example_branch_python_dop_operator_3.py for tasks to queue
[2022-09-17 08:35:19,171] {logging_mixin.py:115} INFO - [2022-09-17 08:35:19,170] {dagbag.py:508} INFO - Filling up the DagBag from /home/ubuntu/.local/lib/python3.8/site-packages/airflow/example_dags/example_branch_python_dop_operator_3.py
[2022-09-17 08:35:19,184] {processor.py:651} INFO - DAG(s) dict_keys(['example_branch_dop_operator_v3']) retrieved from /home/ubuntu/.local/lib/python3.8/site-packages/airflow/example_dags/example_branch_python_dop_operator_3.py
[2022-09-17 08:35:19,209] {logging_mixin.py:115} INFO - [2022-09-17 08:35:19,208] {dag.py:2420} INFO - Sync 1 DAGs
[2022-09-17 08:35:19,232] {logging_mixin.py:115} INFO - [2022-09-17 08:35:19,231] {dag.py:2968} INFO - Setting next_dagrun for example_branch_dop_operator_v3 to 2022-09-17T08:34:00+00:00, run_after=2022-09-17T08:35:00+00:00
[2022-09-17 08:35:19,256] {processor.py:161} INFO - Processing /home/ubuntu/.local/lib/python3.8/site-packages/airflow/example_dags/example_branch_python_dop_operator_3.py took 0.091 seconds
[2022-09-17 08:35:56,597] {processor.py:153} INFO - Started process (PID=9843) to work on /home/ubuntu/.local/lib/python3.8/site-packages/airflow/example_dags/example_branch_python_dop_operator_3.py
[2022-09-17 08:35:56,599] {processor.py:641} INFO - Processing file /home/ubuntu/.local/lib/python3.8/site-packages/airflow/example_dags/example_branch_python_dop_operator_3.py for tasks to queue
[2022-09-17 08:35:56,600] {logging_mixin.py:115} INFO - [2022-09-17 08:35:56,599] {dagbag.py:508} INFO - Filling up the DagBag from /home/ubuntu/.local/lib/python3.8/site-packages/airflow/example_dags/example_branch_python_dop_operator_3.py
[2022-09-17 08:35:56,615] {processor.py:651} INFO - DAG(s) dict_keys(['example_branch_dop_operator_v3']) retrieved from /home/ubuntu/.local/lib/python3.8/site-packages/airflow/example_dags/example_branch_python_dop_operator_3.py
[2022-09-17 08:35:56,645] {logging_mixin.py:115} INFO - [2022-09-17 08:35:56,645] {dag.py:2420} INFO - Sync 1 DAGs
[2022-09-17 08:35:56,672] {logging_mixin.py:115} INFO - [2022-09-17 08:35:56,672] {dag.py:2968} INFO - Setting next_dagrun for example_branch_dop_operator_v3 to 2022-09-17T08:34:00+00:00, run_after=2022-09-17T08:35:00+00:00
[2022-09-17 08:35:56,717] {processor.py:161} INFO - Processing /home/ubuntu/.local/lib/python3.8/site-packages/airflow/example_dags/example_branch_python_dop_operator_3.py took 0.125 seconds
[2022-09-17 08:36:34,359] {processor.py:153} INFO - Started process (PID=9944) to work on /home/ubuntu/.local/lib/python3.8/site-packages/airflow/example_dags/example_branch_python_dop_operator_3.py
[2022-09-17 08:36:34,361] {processor.py:641} INFO - Processing file /home/ubuntu/.local/lib/python3.8/site-packages/airflow/example_dags/example_branch_python_dop_operator_3.py for tasks to queue
[2022-09-17 08:36:34,361] {logging_mixin.py:115} INFO - [2022-09-17 08:36:34,361] {dagbag.py:508} INFO - Filling up the DagBag from /home/ubuntu/.local/lib/python3.8/site-packages/airflow/example_dags/example_branch_python_dop_operator_3.py
[2022-09-17 08:36:34,374] {processor.py:651} INFO - DAG(s) dict_keys(['example_branch_dop_operator_v3']) retrieved from /home/ubuntu/.local/lib/python3.8/site-packages/airflow/example_dags/example_branch_python_dop_operator_3.py
[2022-09-17 08:36:34,395] {logging_mixin.py:115} INFO - [2022-09-17 08:36:34,395] {dag.py:2420} INFO - Sync 1 DAGs
[2022-09-17 08:36:34,416] {logging_mixin.py:115} INFO - [2022-09-17 08:36:34,416] {dag.py:2968} INFO - Setting next_dagrun for example_branch_dop_operator_v3 to 2022-09-17T08:35:00+00:00, run_after=2022-09-17T08:36:00+00:00
[2022-09-17 08:36:34,433] {processor.py:161} INFO - Processing /home/ubuntu/.local/lib/python3.8/site-packages/airflow/example_dags/example_branch_python_dop_operator_3.py took 0.079 seconds
[2022-09-17 08:37:12,406] {processor.py:153} INFO - Started process (PID=10006) to work on /home/ubuntu/.local/lib/python3.8/site-packages/airflow/example_dags/example_branch_python_dop_operator_3.py
[2022-09-17 08:37:12,408] {processor.py:641} INFO - Processing file /home/ubuntu/.local/lib/python3.8/site-packages/airflow/example_dags/example_branch_python_dop_operator_3.py for tasks to queue
[2022-09-17 08:37:12,408] {logging_mixin.py:115} INFO - [2022-09-17 08:37:12,408] {dagbag.py:508} INFO - Filling up the DagBag from /home/ubuntu/.local/lib/python3.8/site-packages/airflow/example_dags/example_branch_python_dop_operator_3.py
[2022-09-17 08:37:12,421] {processor.py:651} INFO - DAG(s) dict_keys(['example_branch_dop_operator_v3']) retrieved from /home/ubuntu/.local/lib/python3.8/site-packages/airflow/example_dags/example_branch_python_dop_operator_3.py
[2022-09-17 08:37:12,448] {logging_mixin.py:115} INFO - [2022-09-17 08:37:12,447] {dag.py:2420} INFO - Sync 1 DAGs
[2022-09-17 08:37:12,469] {logging_mixin.py:115} INFO - [2022-09-17 08:37:12,469] {dag.py:2968} INFO - Setting next_dagrun for example_branch_dop_operator_v3 to 2022-09-17T08:36:00+00:00, run_after=2022-09-17T08:37:00+00:00
[2022-09-17 08:37:12,489] {processor.py:161} INFO - Processing /home/ubuntu/.local/lib/python3.8/site-packages/airflow/example_dags/example_branch_python_dop_operator_3.py took 0.088 seconds
[2022-09-17 08:38:31,162] {processor.py:153} INFO - Started process (PID=10321) to work on /home/ubuntu/.local/lib/python3.8/site-packages/airflow/example_dags/example_branch_python_dop_operator_3.py
[2022-09-17 08:38:31,164] {processor.py:641} INFO - Processing file /home/ubuntu/.local/lib/python3.8/site-packages/airflow/example_dags/example_branch_python_dop_operator_3.py for tasks to queue
[2022-09-17 08:38:31,165] {logging_mixin.py:115} INFO - [2022-09-17 08:38:31,165] {dagbag.py:508} INFO - Filling up the DagBag from /home/ubuntu/.local/lib/python3.8/site-packages/airflow/example_dags/example_branch_python_dop_operator_3.py
[2022-09-17 08:38:31,188] {processor.py:651} INFO - DAG(s) dict_keys(['example_branch_dop_operator_v3']) retrieved from /home/ubuntu/.local/lib/python3.8/site-packages/airflow/example_dags/example_branch_python_dop_operator_3.py
[2022-09-17 08:38:31,211] {logging_mixin.py:115} INFO - [2022-09-17 08:38:31,210] {dag.py:2420} INFO - Sync 1 DAGs
[2022-09-17 08:38:31,244] {logging_mixin.py:115} INFO - [2022-09-17 08:38:31,244] {dag.py:2968} INFO - Setting next_dagrun for example_branch_dop_operator_v3 to 2022-09-17T08:37:00+00:00, run_after=2022-09-17T08:38:00+00:00
[2022-09-17 08:38:31,265] {processor.py:161} INFO - Processing /home/ubuntu/.local/lib/python3.8/site-packages/airflow/example_dags/example_branch_python_dop_operator_3.py took 0.108 seconds
[2022-09-17 08:39:08,484] {processor.py:153} INFO - Started process (PID=10365) to work on /home/ubuntu/.local/lib/python3.8/site-packages/airflow/example_dags/example_branch_python_dop_operator_3.py
[2022-09-17 08:39:08,485] {processor.py:641} INFO - Processing file /home/ubuntu/.local/lib/python3.8/site-packages/airflow/example_dags/example_branch_python_dop_operator_3.py for tasks to queue
[2022-09-17 08:39:08,486] {logging_mixin.py:115} INFO - [2022-09-17 08:39:08,486] {dagbag.py:508} INFO - Filling up the DagBag from /home/ubuntu/.local/lib/python3.8/site-packages/airflow/example_dags/example_branch_python_dop_operator_3.py
[2022-09-17 08:39:08,498] {processor.py:651} INFO - DAG(s) dict_keys(['example_branch_dop_operator_v3']) retrieved from /home/ubuntu/.local/lib/python3.8/site-packages/airflow/example_dags/example_branch_python_dop_operator_3.py
[2022-09-17 08:39:08,513] {logging_mixin.py:115} INFO - [2022-09-17 08:39:08,512] {dag.py:2420} INFO - Sync 1 DAGs
[2022-09-17 08:39:08,534] {logging_mixin.py:115} INFO - [2022-09-17 08:39:08,534] {dag.py:2968} INFO - Setting next_dagrun for example_branch_dop_operator_v3 to 2022-09-17T08:38:00+00:00, run_after=2022-09-17T08:39:00+00:00
[2022-09-17 08:39:08,551] {processor.py:161} INFO - Processing /home/ubuntu/.local/lib/python3.8/site-packages/airflow/example_dags/example_branch_python_dop_operator_3.py took 0.071 seconds
[2022-09-17 08:39:46,126] {processor.py:153} INFO - Started process (PID=10408) to work on /home/ubuntu/.local/lib/python3.8/site-packages/airflow/example_dags/example_branch_python_dop_operator_3.py
[2022-09-17 08:39:46,127] {processor.py:641} INFO - Processing file /home/ubuntu/.local/lib/python3.8/site-packages/airflow/example_dags/example_branch_python_dop_operator_3.py for tasks to queue
[2022-09-17 08:39:46,128] {logging_mixin.py:115} INFO - [2022-09-17 08:39:46,128] {dagbag.py:508} INFO - Filling up the DagBag from /home/ubuntu/.local/lib/python3.8/site-packages/airflow/example_dags/example_branch_python_dop_operator_3.py
[2022-09-17 08:39:46,140] {processor.py:651} INFO - DAG(s) dict_keys(['example_branch_dop_operator_v3']) retrieved from /home/ubuntu/.local/lib/python3.8/site-packages/airflow/example_dags/example_branch_python_dop_operator_3.py
[2022-09-17 08:39:46,162] {logging_mixin.py:115} INFO - [2022-09-17 08:39:46,162] {dag.py:2420} INFO - Sync 1 DAGs
[2022-09-17 08:39:46,189] {logging_mixin.py:115} INFO - [2022-09-17 08:39:46,188] {dag.py:2968} INFO - Setting next_dagrun for example_branch_dop_operator_v3 to 2022-09-17T08:38:00+00:00, run_after=2022-09-17T08:39:00+00:00
[2022-09-17 08:39:46,210] {processor.py:161} INFO - Processing /home/ubuntu/.local/lib/python3.8/site-packages/airflow/example_dags/example_branch_python_dop_operator_3.py took 0.089 seconds
