[2022-09-17 08:35:27,425] {processor.py:153} INFO - Started process (PID=9670) to work on /home/ubuntu/.local/lib/python3.8/site-packages/airflow/example_dags/example_xcom.py
[2022-09-17 08:35:27,425] {processor.py:641} INFO - Processing file /home/ubuntu/.local/lib/python3.8/site-packages/airflow/example_dags/example_xcom.py for tasks to queue
[2022-09-17 08:35:27,426] {logging_mixin.py:115} INFO - [2022-09-17 08:35:27,426] {dagbag.py:508} INFO - Filling up the DagBag from /home/ubuntu/.local/lib/python3.8/site-packages/airflow/example_dags/example_xcom.py
[2022-09-17 08:35:27,455] {processor.py:651} INFO - DAG(s) dict_keys(['example_xcom']) retrieved from /home/ubuntu/.local/lib/python3.8/site-packages/airflow/example_dags/example_xcom.py
[2022-09-17 08:35:27,508] {logging_mixin.py:115} INFO - [2022-09-17 08:35:27,508] {dag.py:2420} INFO - Sync 1 DAGs
[2022-09-17 08:35:27,523] {logging_mixin.py:115} INFO - [2022-09-17 08:35:27,522] {dag.py:2968} INFO - Setting next_dagrun for example_xcom to 2021-01-01T00:00:00+00:00, run_after=2021-01-01T00:00:00+00:00
[2022-09-17 08:35:27,547] {processor.py:161} INFO - Processing /home/ubuntu/.local/lib/python3.8/site-packages/airflow/example_dags/example_xcom.py took 0.127 seconds
[2022-09-17 08:36:04,501] {processor.py:153} INFO - Started process (PID=9852) to work on /home/ubuntu/.local/lib/python3.8/site-packages/airflow/example_dags/example_xcom.py
[2022-09-17 08:36:04,502] {processor.py:641} INFO - Processing file /home/ubuntu/.local/lib/python3.8/site-packages/airflow/example_dags/example_xcom.py for tasks to queue
[2022-09-17 08:36:04,503] {logging_mixin.py:115} INFO - [2022-09-17 08:36:04,503] {dagbag.py:508} INFO - Filling up the DagBag from /home/ubuntu/.local/lib/python3.8/site-packages/airflow/example_dags/example_xcom.py
[2022-09-17 08:36:04,528] {processor.py:651} INFO - DAG(s) dict_keys(['example_xcom']) retrieved from /home/ubuntu/.local/lib/python3.8/site-packages/airflow/example_dags/example_xcom.py
[2022-09-17 08:36:04,572] {logging_mixin.py:115} INFO - [2022-09-17 08:36:04,572] {dag.py:2420} INFO - Sync 1 DAGs
[2022-09-17 08:36:04,584] {logging_mixin.py:115} INFO - [2022-09-17 08:36:04,583] {dag.py:2968} INFO - Setting next_dagrun for example_xcom to 2021-01-01T00:00:00+00:00, run_after=2021-01-01T00:00:00+00:00
[2022-09-17 08:36:04,601] {processor.py:161} INFO - Processing /home/ubuntu/.local/lib/python3.8/site-packages/airflow/example_dags/example_xcom.py took 0.104 seconds
[2022-09-17 08:36:42,388] {processor.py:153} INFO - Started process (PID=9962) to work on /home/ubuntu/.local/lib/python3.8/site-packages/airflow/example_dags/example_xcom.py
[2022-09-17 08:36:42,389] {processor.py:641} INFO - Processing file /home/ubuntu/.local/lib/python3.8/site-packages/airflow/example_dags/example_xcom.py for tasks to queue
[2022-09-17 08:36:42,390] {logging_mixin.py:115} INFO - [2022-09-17 08:36:42,390] {dagbag.py:508} INFO - Filling up the DagBag from /home/ubuntu/.local/lib/python3.8/site-packages/airflow/example_dags/example_xcom.py
[2022-09-17 08:36:42,411] {processor.py:651} INFO - DAG(s) dict_keys(['example_xcom']) retrieved from /home/ubuntu/.local/lib/python3.8/site-packages/airflow/example_dags/example_xcom.py
[2022-09-17 08:36:42,451] {logging_mixin.py:115} INFO - [2022-09-17 08:36:42,451] {dag.py:2420} INFO - Sync 1 DAGs
[2022-09-17 08:36:42,462] {logging_mixin.py:115} INFO - [2022-09-17 08:36:42,462] {dag.py:2968} INFO - Setting next_dagrun for example_xcom to 2021-01-01T00:00:00+00:00, run_after=2021-01-01T00:00:00+00:00
[2022-09-17 08:36:42,482] {processor.py:161} INFO - Processing /home/ubuntu/.local/lib/python3.8/site-packages/airflow/example_dags/example_xcom.py took 0.097 seconds
[2022-09-17 08:37:26,423] {processor.py:153} INFO - Started process (PID=10031) to work on /home/ubuntu/.local/lib/python3.8/site-packages/airflow/example_dags/example_xcom.py
[2022-09-17 08:37:26,425] {processor.py:641} INFO - Processing file /home/ubuntu/.local/lib/python3.8/site-packages/airflow/example_dags/example_xcom.py for tasks to queue
[2022-09-17 08:37:26,425] {logging_mixin.py:115} INFO - [2022-09-17 08:37:26,425] {dagbag.py:508} INFO - Filling up the DagBag from /home/ubuntu/.local/lib/python3.8/site-packages/airflow/example_dags/example_xcom.py
[2022-09-17 08:37:26,453] {processor.py:651} INFO - DAG(s) dict_keys(['example_xcom']) retrieved from /home/ubuntu/.local/lib/python3.8/site-packages/airflow/example_dags/example_xcom.py
[2022-09-17 08:37:26,472] {logging_mixin.py:115} INFO - [2022-09-17 08:37:26,472] {dag.py:2420} INFO - Sync 1 DAGs
[2022-09-17 08:37:26,490] {logging_mixin.py:115} INFO - [2022-09-17 08:37:26,490] {dag.py:2968} INFO - Setting next_dagrun for example_xcom to 2021-01-01T00:00:00+00:00, run_after=2021-01-01T00:00:00+00:00
[2022-09-17 08:37:26,512] {processor.py:161} INFO - Processing /home/ubuntu/.local/lib/python3.8/site-packages/airflow/example_dags/example_xcom.py took 0.094 seconds
[2022-09-17 08:38:38,739] {processor.py:153} INFO - Started process (PID=10331) to work on /home/ubuntu/.local/lib/python3.8/site-packages/airflow/example_dags/example_xcom.py
[2022-09-17 08:38:38,741] {processor.py:641} INFO - Processing file /home/ubuntu/.local/lib/python3.8/site-packages/airflow/example_dags/example_xcom.py for tasks to queue
[2022-09-17 08:38:38,742] {logging_mixin.py:115} INFO - [2022-09-17 08:38:38,742] {dagbag.py:508} INFO - Filling up the DagBag from /home/ubuntu/.local/lib/python3.8/site-packages/airflow/example_dags/example_xcom.py
[2022-09-17 08:38:38,761] {processor.py:651} INFO - DAG(s) dict_keys(['example_xcom']) retrieved from /home/ubuntu/.local/lib/python3.8/site-packages/airflow/example_dags/example_xcom.py
[2022-09-17 08:38:38,807] {logging_mixin.py:115} INFO - [2022-09-17 08:38:38,807] {dag.py:2420} INFO - Sync 1 DAGs
[2022-09-17 08:38:38,823] {logging_mixin.py:115} INFO - [2022-09-17 08:38:38,823] {dag.py:2968} INFO - Setting next_dagrun for example_xcom to 2021-01-01T00:00:00+00:00, run_after=2021-01-01T00:00:00+00:00
[2022-09-17 08:38:38,845] {processor.py:161} INFO - Processing /home/ubuntu/.local/lib/python3.8/site-packages/airflow/example_dags/example_xcom.py took 0.109 seconds
[2022-09-17 08:39:20,194] {processor.py:153} INFO - Started process (PID=10375) to work on /home/ubuntu/.local/lib/python3.8/site-packages/airflow/example_dags/example_xcom.py
[2022-09-17 08:39:20,196] {processor.py:641} INFO - Processing file /home/ubuntu/.local/lib/python3.8/site-packages/airflow/example_dags/example_xcom.py for tasks to queue
[2022-09-17 08:39:20,196] {logging_mixin.py:115} INFO - [2022-09-17 08:39:20,196] {dagbag.py:508} INFO - Filling up the DagBag from /home/ubuntu/.local/lib/python3.8/site-packages/airflow/example_dags/example_xcom.py
[2022-09-17 08:39:20,215] {processor.py:651} INFO - DAG(s) dict_keys(['example_xcom']) retrieved from /home/ubuntu/.local/lib/python3.8/site-packages/airflow/example_dags/example_xcom.py
[2022-09-17 08:39:20,260] {logging_mixin.py:115} INFO - [2022-09-17 08:39:20,259] {dag.py:2420} INFO - Sync 1 DAGs
[2022-09-17 08:39:20,275] {logging_mixin.py:115} INFO - [2022-09-17 08:39:20,275] {dag.py:2968} INFO - Setting next_dagrun for example_xcom to 2021-01-01T00:00:00+00:00, run_after=2021-01-01T00:00:00+00:00
[2022-09-17 08:39:20,296] {processor.py:161} INFO - Processing /home/ubuntu/.local/lib/python3.8/site-packages/airflow/example_dags/example_xcom.py took 0.106 seconds
