[2022-09-17 08:35:12,266] {processor.py:153} INFO - Started process (PID=9520) to work on /home/ubuntu/.local/lib/python3.8/site-packages/airflow/example_dags/example_task_group.py
[2022-09-17 08:35:12,267] {processor.py:641} INFO - Processing file /home/ubuntu/.local/lib/python3.8/site-packages/airflow/example_dags/example_task_group.py for tasks to queue
[2022-09-17 08:35:12,267] {logging_mixin.py:115} INFO - [2022-09-17 08:35:12,267] {dagbag.py:508} INFO - Filling up the DagBag from /home/ubuntu/.local/lib/python3.8/site-packages/airflow/example_dags/example_task_group.py
[2022-09-17 08:35:12,277] {processor.py:651} INFO - DAG(s) dict_keys(['example_task_group']) retrieved from /home/ubuntu/.local/lib/python3.8/site-packages/airflow/example_dags/example_task_group.py
[2022-09-17 08:35:12,302] {logging_mixin.py:115} INFO - [2022-09-17 08:35:12,302] {dag.py:2420} INFO - Sync 1 DAGs
[2022-09-17 08:35:12,318] {logging_mixin.py:115} INFO - [2022-09-17 08:35:12,318] {dag.py:2968} INFO - Setting next_dagrun for example_task_group to 2022-09-16T08:35:12.317872+00:00, run_after=2022-09-17T08:35:12.317872+00:00
[2022-09-17 08:35:12,339] {processor.py:161} INFO - Processing /home/ubuntu/.local/lib/python3.8/site-packages/airflow/example_dags/example_task_group.py took 0.078 seconds
[2022-09-17 08:35:49,009] {processor.py:153} INFO - Started process (PID=9835) to work on /home/ubuntu/.local/lib/python3.8/site-packages/airflow/example_dags/example_task_group.py
[2022-09-17 08:35:49,011] {processor.py:641} INFO - Processing file /home/ubuntu/.local/lib/python3.8/site-packages/airflow/example_dags/example_task_group.py for tasks to queue
[2022-09-17 08:35:49,012] {logging_mixin.py:115} INFO - [2022-09-17 08:35:49,012] {dagbag.py:508} INFO - Filling up the DagBag from /home/ubuntu/.local/lib/python3.8/site-packages/airflow/example_dags/example_task_group.py
[2022-09-17 08:35:49,023] {processor.py:651} INFO - DAG(s) dict_keys(['example_task_group']) retrieved from /home/ubuntu/.local/lib/python3.8/site-packages/airflow/example_dags/example_task_group.py
[2022-09-17 08:35:49,048] {logging_mixin.py:115} INFO - [2022-09-17 08:35:49,048] {dag.py:2420} INFO - Sync 1 DAGs
[2022-09-17 08:35:49,064] {logging_mixin.py:115} INFO - [2022-09-17 08:35:49,064] {dag.py:2968} INFO - Setting next_dagrun for example_task_group to 2022-09-16T08:35:49.064151+00:00, run_after=2022-09-17T08:35:49.064151+00:00
[2022-09-17 08:35:49,081] {processor.py:161} INFO - Processing /home/ubuntu/.local/lib/python3.8/site-packages/airflow/example_dags/example_task_group.py took 0.076 seconds
[2022-09-17 08:36:27,794] {processor.py:153} INFO - Started process (PID=9930) to work on /home/ubuntu/.local/lib/python3.8/site-packages/airflow/example_dags/example_task_group.py
[2022-09-17 08:36:27,796] {processor.py:641} INFO - Processing file /home/ubuntu/.local/lib/python3.8/site-packages/airflow/example_dags/example_task_group.py for tasks to queue
[2022-09-17 08:36:27,797] {logging_mixin.py:115} INFO - [2022-09-17 08:36:27,796] {dagbag.py:508} INFO - Filling up the DagBag from /home/ubuntu/.local/lib/python3.8/site-packages/airflow/example_dags/example_task_group.py
[2022-09-17 08:36:27,805] {processor.py:651} INFO - DAG(s) dict_keys(['example_task_group']) retrieved from /home/ubuntu/.local/lib/python3.8/site-packages/airflow/example_dags/example_task_group.py
[2022-09-17 08:36:27,830] {logging_mixin.py:115} INFO - [2022-09-17 08:36:27,830] {dag.py:2420} INFO - Sync 1 DAGs
[2022-09-17 08:36:27,845] {logging_mixin.py:115} INFO - [2022-09-17 08:36:27,845] {dag.py:2968} INFO - Setting next_dagrun for example_task_group to 2022-09-16T08:36:27.844895+00:00, run_after=2022-09-17T08:36:27.844895+00:00
[2022-09-17 08:36:27,864] {processor.py:161} INFO - Processing /home/ubuntu/.local/lib/python3.8/site-packages/airflow/example_dags/example_task_group.py took 0.074 seconds
[2022-09-17 08:37:05,659] {processor.py:153} INFO - Started process (PID=9992) to work on /home/ubuntu/.local/lib/python3.8/site-packages/airflow/example_dags/example_task_group.py
[2022-09-17 08:37:05,661] {processor.py:641} INFO - Processing file /home/ubuntu/.local/lib/python3.8/site-packages/airflow/example_dags/example_task_group.py for tasks to queue
[2022-09-17 08:37:05,661] {logging_mixin.py:115} INFO - [2022-09-17 08:37:05,661] {dagbag.py:508} INFO - Filling up the DagBag from /home/ubuntu/.local/lib/python3.8/site-packages/airflow/example_dags/example_task_group.py
[2022-09-17 08:37:05,670] {processor.py:651} INFO - DAG(s) dict_keys(['example_task_group']) retrieved from /home/ubuntu/.local/lib/python3.8/site-packages/airflow/example_dags/example_task_group.py
[2022-09-17 08:37:05,692] {logging_mixin.py:115} INFO - [2022-09-17 08:37:05,692] {dag.py:2420} INFO - Sync 1 DAGs
[2022-09-17 08:37:05,706] {logging_mixin.py:115} INFO - [2022-09-17 08:37:05,706] {dag.py:2968} INFO - Setting next_dagrun for example_task_group to 2022-09-16T08:37:05.706248+00:00, run_after=2022-09-17T08:37:05.706248+00:00
[2022-09-17 08:37:05,724] {processor.py:161} INFO - Processing /home/ubuntu/.local/lib/python3.8/site-packages/airflow/example_dags/example_task_group.py took 0.068 seconds
[2022-09-17 08:37:43,425] {processor.py:153} INFO - Started process (PID=10077) to work on /home/ubuntu/.local/lib/python3.8/site-packages/airflow/example_dags/example_task_group.py
[2022-09-17 08:37:43,426] {processor.py:641} INFO - Processing file /home/ubuntu/.local/lib/python3.8/site-packages/airflow/example_dags/example_task_group.py for tasks to queue
[2022-09-17 08:37:43,427] {logging_mixin.py:115} INFO - [2022-09-17 08:37:43,427] {dagbag.py:508} INFO - Filling up the DagBag from /home/ubuntu/.local/lib/python3.8/site-packages/airflow/example_dags/example_task_group.py
[2022-09-17 08:37:43,437] {processor.py:651} INFO - DAG(s) dict_keys(['example_task_group']) retrieved from /home/ubuntu/.local/lib/python3.8/site-packages/airflow/example_dags/example_task_group.py
[2022-09-17 08:37:43,465] {logging_mixin.py:115} INFO - [2022-09-17 08:37:43,465] {dag.py:2420} INFO - Sync 1 DAGs
[2022-09-17 08:37:43,483] {logging_mixin.py:115} INFO - [2022-09-17 08:37:43,483] {dag.py:2968} INFO - Setting next_dagrun for example_task_group to 2022-09-16T08:37:43.482798+00:00, run_after=2022-09-17T08:37:43.482798+00:00
[2022-09-17 08:37:43,504] {processor.py:161} INFO - Processing /home/ubuntu/.local/lib/python3.8/site-packages/airflow/example_dags/example_task_group.py took 0.084 seconds
[2022-09-17 08:38:24,200] {processor.py:153} INFO - Started process (PID=10313) to work on /home/ubuntu/.local/lib/python3.8/site-packages/airflow/example_dags/example_task_group.py
[2022-09-17 08:38:24,203] {processor.py:641} INFO - Processing file /home/ubuntu/.local/lib/python3.8/site-packages/airflow/example_dags/example_task_group.py for tasks to queue
[2022-09-17 08:38:24,203] {logging_mixin.py:115} INFO - [2022-09-17 08:38:24,203] {dagbag.py:508} INFO - Filling up the DagBag from /home/ubuntu/.local/lib/python3.8/site-packages/airflow/example_dags/example_task_group.py
[2022-09-17 08:38:24,211] {processor.py:651} INFO - DAG(s) dict_keys(['example_task_group']) retrieved from /home/ubuntu/.local/lib/python3.8/site-packages/airflow/example_dags/example_task_group.py
[2022-09-17 08:38:24,230] {logging_mixin.py:115} INFO - [2022-09-17 08:38:24,230] {dag.py:2420} INFO - Sync 1 DAGs
[2022-09-17 08:38:24,250] {logging_mixin.py:115} INFO - [2022-09-17 08:38:24,250] {dag.py:2968} INFO - Setting next_dagrun for example_task_group to 2022-09-16T08:38:24.250307+00:00, run_after=2022-09-17T08:38:24.250307+00:00
[2022-09-17 08:38:24,277] {processor.py:161} INFO - Processing /home/ubuntu/.local/lib/python3.8/site-packages/airflow/example_dags/example_task_group.py took 0.080 seconds
[2022-09-17 08:39:01,782] {processor.py:153} INFO - Started process (PID=10358) to work on /home/ubuntu/.local/lib/python3.8/site-packages/airflow/example_dags/example_task_group.py
[2022-09-17 08:39:01,785] {processor.py:641} INFO - Processing file /home/ubuntu/.local/lib/python3.8/site-packages/airflow/example_dags/example_task_group.py for tasks to queue
[2022-09-17 08:39:01,786] {logging_mixin.py:115} INFO - [2022-09-17 08:39:01,785] {dagbag.py:508} INFO - Filling up the DagBag from /home/ubuntu/.local/lib/python3.8/site-packages/airflow/example_dags/example_task_group.py
[2022-09-17 08:39:01,794] {processor.py:651} INFO - DAG(s) dict_keys(['example_task_group']) retrieved from /home/ubuntu/.local/lib/python3.8/site-packages/airflow/example_dags/example_task_group.py
[2022-09-17 08:39:01,814] {logging_mixin.py:115} INFO - [2022-09-17 08:39:01,814] {dag.py:2420} INFO - Sync 1 DAGs
[2022-09-17 08:39:01,840] {logging_mixin.py:115} INFO - [2022-09-17 08:39:01,840] {dag.py:2968} INFO - Setting next_dagrun for example_task_group to 2022-09-16T08:39:01.839794+00:00, run_after=2022-09-17T08:39:01.839794+00:00
[2022-09-17 08:39:01,869] {processor.py:161} INFO - Processing /home/ubuntu/.local/lib/python3.8/site-packages/airflow/example_dags/example_task_group.py took 0.092 seconds
[2022-09-17 08:39:38,541] {processor.py:153} INFO - Started process (PID=10397) to work on /home/ubuntu/.local/lib/python3.8/site-packages/airflow/example_dags/example_task_group.py
[2022-09-17 08:39:38,542] {processor.py:641} INFO - Processing file /home/ubuntu/.local/lib/python3.8/site-packages/airflow/example_dags/example_task_group.py for tasks to queue
[2022-09-17 08:39:38,543] {logging_mixin.py:115} INFO - [2022-09-17 08:39:38,543] {dagbag.py:508} INFO - Filling up the DagBag from /home/ubuntu/.local/lib/python3.8/site-packages/airflow/example_dags/example_task_group.py
[2022-09-17 08:39:38,551] {processor.py:651} INFO - DAG(s) dict_keys(['example_task_group']) retrieved from /home/ubuntu/.local/lib/python3.8/site-packages/airflow/example_dags/example_task_group.py
[2022-09-17 08:39:38,569] {logging_mixin.py:115} INFO - [2022-09-17 08:39:38,569] {dag.py:2420} INFO - Sync 1 DAGs
[2022-09-17 08:39:38,590] {logging_mixin.py:115} INFO - [2022-09-17 08:39:38,589] {dag.py:2968} INFO - Setting next_dagrun for example_task_group to 2022-09-16T08:39:38.589596+00:00, run_after=2022-09-17T08:39:38.589596+00:00
[2022-09-17 08:39:38,609] {processor.py:161} INFO - Processing /home/ubuntu/.local/lib/python3.8/site-packages/airflow/example_dags/example_task_group.py took 0.072 seconds
