[2022-09-17 08:35:07,264] {processor.py:153} INFO - Started process (PID=9514) to work on /home/ubuntu/.local/lib/python3.8/site-packages/airflow/example_dags/example_latest_only_with_trigger.py
[2022-09-17 08:35:07,265] {processor.py:641} INFO - Processing file /home/ubuntu/.local/lib/python3.8/site-packages/airflow/example_dags/example_latest_only_with_trigger.py for tasks to queue
[2022-09-17 08:35:07,265] {logging_mixin.py:115} INFO - [2022-09-17 08:35:07,265] {dagbag.py:508} INFO - Filling up the DagBag from /home/ubuntu/.local/lib/python3.8/site-packages/airflow/example_dags/example_latest_only_with_trigger.py
[2022-09-17 08:35:07,274] {processor.py:651} INFO - DAG(s) dict_keys(['latest_only_with_trigger']) retrieved from /home/ubuntu/.local/lib/python3.8/site-packages/airflow/example_dags/example_latest_only_with_trigger.py
[2022-09-17 08:35:07,298] {logging_mixin.py:115} INFO - [2022-09-17 08:35:07,298] {dag.py:2420} INFO - Sync 1 DAGs
[2022-09-17 08:35:07,321] {logging_mixin.py:115} INFO - [2022-09-17 08:35:07,321] {dag.py:2968} INFO - Setting next_dagrun for latest_only_with_trigger to 2022-09-17T04:35:07.321270+00:00, run_after=2022-09-17T08:35:07.321270+00:00
[2022-09-17 08:35:07,340] {processor.py:161} INFO - Processing /home/ubuntu/.local/lib/python3.8/site-packages/airflow/example_dags/example_latest_only_with_trigger.py took 0.082 seconds
[2022-09-17 08:35:43,842] {processor.py:153} INFO - Started process (PID=9830) to work on /home/ubuntu/.local/lib/python3.8/site-packages/airflow/example_dags/example_latest_only_with_trigger.py
[2022-09-17 08:35:43,843] {processor.py:641} INFO - Processing file /home/ubuntu/.local/lib/python3.8/site-packages/airflow/example_dags/example_latest_only_with_trigger.py for tasks to queue
[2022-09-17 08:35:43,844] {logging_mixin.py:115} INFO - [2022-09-17 08:35:43,844] {dagbag.py:508} INFO - Filling up the DagBag from /home/ubuntu/.local/lib/python3.8/site-packages/airflow/example_dags/example_latest_only_with_trigger.py
[2022-09-17 08:35:43,850] {processor.py:651} INFO - DAG(s) dict_keys(['latest_only_with_trigger']) retrieved from /home/ubuntu/.local/lib/python3.8/site-packages/airflow/example_dags/example_latest_only_with_trigger.py
[2022-09-17 08:35:43,868] {logging_mixin.py:115} INFO - [2022-09-17 08:35:43,868] {dag.py:2420} INFO - Sync 1 DAGs
[2022-09-17 08:35:43,886] {logging_mixin.py:115} INFO - [2022-09-17 08:35:43,886] {dag.py:2968} INFO - Setting next_dagrun for latest_only_with_trigger to 2022-09-17T04:35:43.885921+00:00, run_after=2022-09-17T08:35:43.885921+00:00
[2022-09-17 08:35:43,904] {processor.py:161} INFO - Processing /home/ubuntu/.local/lib/python3.8/site-packages/airflow/example_dags/example_latest_only_with_trigger.py took 0.066 seconds
[2022-09-17 08:36:21,866] {processor.py:153} INFO - Started process (PID=9870) to work on /home/ubuntu/.local/lib/python3.8/site-packages/airflow/example_dags/example_latest_only_with_trigger.py
[2022-09-17 08:36:21,868] {processor.py:641} INFO - Processing file /home/ubuntu/.local/lib/python3.8/site-packages/airflow/example_dags/example_latest_only_with_trigger.py for tasks to queue
[2022-09-17 08:36:21,868] {logging_mixin.py:115} INFO - [2022-09-17 08:36:21,868] {dagbag.py:508} INFO - Filling up the DagBag from /home/ubuntu/.local/lib/python3.8/site-packages/airflow/example_dags/example_latest_only_with_trigger.py
[2022-09-17 08:36:21,875] {processor.py:651} INFO - DAG(s) dict_keys(['latest_only_with_trigger']) retrieved from /home/ubuntu/.local/lib/python3.8/site-packages/airflow/example_dags/example_latest_only_with_trigger.py
[2022-09-17 08:36:21,895] {logging_mixin.py:115} INFO - [2022-09-17 08:36:21,895] {dag.py:2420} INFO - Sync 1 DAGs
[2022-09-17 08:36:21,914] {logging_mixin.py:115} INFO - [2022-09-17 08:36:21,914] {dag.py:2968} INFO - Setting next_dagrun for latest_only_with_trigger to 2022-09-17T04:36:21.914149+00:00, run_after=2022-09-17T08:36:21.914149+00:00
[2022-09-17 08:36:21,943] {processor.py:161} INFO - Processing /home/ubuntu/.local/lib/python3.8/site-packages/airflow/example_dags/example_latest_only_with_trigger.py took 0.081 seconds
[2022-09-17 08:36:59,547] {processor.py:153} INFO - Started process (PID=9984) to work on /home/ubuntu/.local/lib/python3.8/site-packages/airflow/example_dags/example_latest_only_with_trigger.py
[2022-09-17 08:36:59,549] {processor.py:641} INFO - Processing file /home/ubuntu/.local/lib/python3.8/site-packages/airflow/example_dags/example_latest_only_with_trigger.py for tasks to queue
[2022-09-17 08:36:59,550] {logging_mixin.py:115} INFO - [2022-09-17 08:36:59,549] {dagbag.py:508} INFO - Filling up the DagBag from /home/ubuntu/.local/lib/python3.8/site-packages/airflow/example_dags/example_latest_only_with_trigger.py
[2022-09-17 08:36:59,557] {processor.py:651} INFO - DAG(s) dict_keys(['latest_only_with_trigger']) retrieved from /home/ubuntu/.local/lib/python3.8/site-packages/airflow/example_dags/example_latest_only_with_trigger.py
[2022-09-17 08:36:59,575] {logging_mixin.py:115} INFO - [2022-09-17 08:36:59,574] {dag.py:2420} INFO - Sync 1 DAGs
[2022-09-17 08:36:59,594] {logging_mixin.py:115} INFO - [2022-09-17 08:36:59,594] {dag.py:2968} INFO - Setting next_dagrun for latest_only_with_trigger to 2022-09-17T04:36:59.594060+00:00, run_after=2022-09-17T08:36:59.594060+00:00
[2022-09-17 08:36:59,612] {processor.py:161} INFO - Processing /home/ubuntu/.local/lib/python3.8/site-packages/airflow/example_dags/example_latest_only_with_trigger.py took 0.070 seconds
[2022-09-17 08:37:38,262] {processor.py:153} INFO - Started process (PID=10062) to work on /home/ubuntu/.local/lib/python3.8/site-packages/airflow/example_dags/example_latest_only_with_trigger.py
[2022-09-17 08:37:38,263] {processor.py:641} INFO - Processing file /home/ubuntu/.local/lib/python3.8/site-packages/airflow/example_dags/example_latest_only_with_trigger.py for tasks to queue
[2022-09-17 08:37:38,264] {logging_mixin.py:115} INFO - [2022-09-17 08:37:38,264] {dagbag.py:508} INFO - Filling up the DagBag from /home/ubuntu/.local/lib/python3.8/site-packages/airflow/example_dags/example_latest_only_with_trigger.py
[2022-09-17 08:37:38,271] {processor.py:651} INFO - DAG(s) dict_keys(['latest_only_with_trigger']) retrieved from /home/ubuntu/.local/lib/python3.8/site-packages/airflow/example_dags/example_latest_only_with_trigger.py
[2022-09-17 08:37:38,289] {logging_mixin.py:115} INFO - [2022-09-17 08:37:38,289] {dag.py:2420} INFO - Sync 1 DAGs
[2022-09-17 08:37:38,307] {logging_mixin.py:115} INFO - [2022-09-17 08:37:38,307] {dag.py:2968} INFO - Setting next_dagrun for latest_only_with_trigger to 2022-09-17T04:37:38.306950+00:00, run_after=2022-09-17T08:37:38.306950+00:00
[2022-09-17 08:37:38,324] {processor.py:161} INFO - Processing /home/ubuntu/.local/lib/python3.8/site-packages/airflow/example_dags/example_latest_only_with_trigger.py took 0.066 seconds
[2022-09-17 08:38:18,938] {processor.py:153} INFO - Started process (PID=10304) to work on /home/ubuntu/.local/lib/python3.8/site-packages/airflow/example_dags/example_latest_only_with_trigger.py
[2022-09-17 08:38:18,940] {processor.py:641} INFO - Processing file /home/ubuntu/.local/lib/python3.8/site-packages/airflow/example_dags/example_latest_only_with_trigger.py for tasks to queue
[2022-09-17 08:38:18,940] {logging_mixin.py:115} INFO - [2022-09-17 08:38:18,940] {dagbag.py:508} INFO - Filling up the DagBag from /home/ubuntu/.local/lib/python3.8/site-packages/airflow/example_dags/example_latest_only_with_trigger.py
[2022-09-17 08:38:18,947] {processor.py:651} INFO - DAG(s) dict_keys(['latest_only_with_trigger']) retrieved from /home/ubuntu/.local/lib/python3.8/site-packages/airflow/example_dags/example_latest_only_with_trigger.py
[2022-09-17 08:38:18,964] {logging_mixin.py:115} INFO - [2022-09-17 08:38:18,964] {dag.py:2420} INFO - Sync 1 DAGs
[2022-09-17 08:38:18,984] {logging_mixin.py:115} INFO - [2022-09-17 08:38:18,983] {dag.py:2968} INFO - Setting next_dagrun for latest_only_with_trigger to 2022-09-17T04:38:18.983583+00:00, run_after=2022-09-17T08:38:18.983583+00:00
[2022-09-17 08:38:19,003] {processor.py:161} INFO - Processing /home/ubuntu/.local/lib/python3.8/site-packages/airflow/example_dags/example_latest_only_with_trigger.py took 0.068 seconds
[2022-09-17 08:38:55,898] {processor.py:153} INFO - Started process (PID=10351) to work on /home/ubuntu/.local/lib/python3.8/site-packages/airflow/example_dags/example_latest_only_with_trigger.py
[2022-09-17 08:38:55,900] {processor.py:641} INFO - Processing file /home/ubuntu/.local/lib/python3.8/site-packages/airflow/example_dags/example_latest_only_with_trigger.py for tasks to queue
[2022-09-17 08:38:55,901] {logging_mixin.py:115} INFO - [2022-09-17 08:38:55,900] {dagbag.py:508} INFO - Filling up the DagBag from /home/ubuntu/.local/lib/python3.8/site-packages/airflow/example_dags/example_latest_only_with_trigger.py
[2022-09-17 08:38:55,908] {processor.py:651} INFO - DAG(s) dict_keys(['latest_only_with_trigger']) retrieved from /home/ubuntu/.local/lib/python3.8/site-packages/airflow/example_dags/example_latest_only_with_trigger.py
[2022-09-17 08:38:55,928] {logging_mixin.py:115} INFO - [2022-09-17 08:38:55,928] {dag.py:2420} INFO - Sync 1 DAGs
[2022-09-17 08:38:55,951] {logging_mixin.py:115} INFO - [2022-09-17 08:38:55,950] {dag.py:2968} INFO - Setting next_dagrun for latest_only_with_trigger to 2022-09-17T04:38:55.950552+00:00, run_after=2022-09-17T08:38:55.950552+00:00
[2022-09-17 08:38:55,971] {processor.py:161} INFO - Processing /home/ubuntu/.local/lib/python3.8/site-packages/airflow/example_dags/example_latest_only_with_trigger.py took 0.078 seconds
[2022-09-17 08:39:34,540] {processor.py:153} INFO - Started process (PID=10392) to work on /home/ubuntu/.local/lib/python3.8/site-packages/airflow/example_dags/example_latest_only_with_trigger.py
[2022-09-17 08:39:34,541] {processor.py:641} INFO - Processing file /home/ubuntu/.local/lib/python3.8/site-packages/airflow/example_dags/example_latest_only_with_trigger.py for tasks to queue
[2022-09-17 08:39:34,542] {logging_mixin.py:115} INFO - [2022-09-17 08:39:34,542] {dagbag.py:508} INFO - Filling up the DagBag from /home/ubuntu/.local/lib/python3.8/site-packages/airflow/example_dags/example_latest_only_with_trigger.py
[2022-09-17 08:39:34,548] {processor.py:651} INFO - DAG(s) dict_keys(['latest_only_with_trigger']) retrieved from /home/ubuntu/.local/lib/python3.8/site-packages/airflow/example_dags/example_latest_only_with_trigger.py
[2022-09-17 08:39:34,564] {logging_mixin.py:115} INFO - [2022-09-17 08:39:34,564] {dag.py:2420} INFO - Sync 1 DAGs
[2022-09-17 08:39:34,583] {logging_mixin.py:115} INFO - [2022-09-17 08:39:34,583] {dag.py:2968} INFO - Setting next_dagrun for latest_only_with_trigger to 2022-09-17T04:39:34.583035+00:00, run_after=2022-09-17T08:39:34.583035+00:00
[2022-09-17 08:39:34,601] {processor.py:161} INFO - Processing /home/ubuntu/.local/lib/python3.8/site-packages/airflow/example_dags/example_latest_only_with_trigger.py took 0.065 seconds
