[2022-09-17 08:35:26,888] {processor.py:153} INFO - Started process (PID=9646) to work on /home/ubuntu/.local/lib/python3.8/site-packages/airflow/example_dags/example_branch_datetime_operator.py
[2022-09-17 08:35:26,889] {processor.py:641} INFO - Processing file /home/ubuntu/.local/lib/python3.8/site-packages/airflow/example_dags/example_branch_datetime_operator.py for tasks to queue
[2022-09-17 08:35:26,890] {logging_mixin.py:115} INFO - [2022-09-17 08:35:26,890] {dagbag.py:508} INFO - Filling up the DagBag from /home/ubuntu/.local/lib/python3.8/site-packages/airflow/example_dags/example_branch_datetime_operator.py
[2022-09-17 08:35:26,902] {processor.py:651} INFO - DAG(s) dict_keys(['example_branch_datetime_operator', 'example_branch_datetime_operator_2']) retrieved from /home/ubuntu/.local/lib/python3.8/site-packages/airflow/example_dags/example_branch_datetime_operator.py
[2022-09-17 08:35:26,926] {logging_mixin.py:115} INFO - [2022-09-17 08:35:26,926] {dag.py:2420} INFO - Sync 2 DAGs
[2022-09-17 08:35:26,942] {logging_mixin.py:115} INFO - [2022-09-17 08:35:26,942] {dag.py:2968} INFO - Setting next_dagrun for example_branch_datetime_operator to 2022-09-16T00:00:00+00:00, run_after=2022-09-17T00:00:00+00:00
[2022-09-17 08:35:26,943] {logging_mixin.py:115} INFO - [2022-09-17 08:35:26,943] {dag.py:2968} INFO - Setting next_dagrun for example_branch_datetime_operator_2 to 2022-09-16T00:00:00+00:00, run_after=2022-09-17T00:00:00+00:00
[2022-09-17 08:35:26,960] {processor.py:161} INFO - Processing /home/ubuntu/.local/lib/python3.8/site-packages/airflow/example_dags/example_branch_datetime_operator.py took 0.076 seconds
[2022-09-17 08:36:04,070] {processor.py:153} INFO - Started process (PID=9851) to work on /home/ubuntu/.local/lib/python3.8/site-packages/airflow/example_dags/example_branch_datetime_operator.py
[2022-09-17 08:36:04,072] {processor.py:641} INFO - Processing file /home/ubuntu/.local/lib/python3.8/site-packages/airflow/example_dags/example_branch_datetime_operator.py for tasks to queue
[2022-09-17 08:36:04,072] {logging_mixin.py:115} INFO - [2022-09-17 08:36:04,072] {dagbag.py:508} INFO - Filling up the DagBag from /home/ubuntu/.local/lib/python3.8/site-packages/airflow/example_dags/example_branch_datetime_operator.py
[2022-09-17 08:36:04,083] {processor.py:651} INFO - DAG(s) dict_keys(['example_branch_datetime_operator', 'example_branch_datetime_operator_2']) retrieved from /home/ubuntu/.local/lib/python3.8/site-packages/airflow/example_dags/example_branch_datetime_operator.py
[2022-09-17 08:36:04,106] {logging_mixin.py:115} INFO - [2022-09-17 08:36:04,106] {dag.py:2420} INFO - Sync 2 DAGs
[2022-09-17 08:36:04,122] {logging_mixin.py:115} INFO - [2022-09-17 08:36:04,122] {dag.py:2968} INFO - Setting next_dagrun for example_branch_datetime_operator to 2022-09-16T00:00:00+00:00, run_after=2022-09-17T00:00:00+00:00
[2022-09-17 08:36:04,124] {logging_mixin.py:115} INFO - [2022-09-17 08:36:04,124] {dag.py:2968} INFO - Setting next_dagrun for example_branch_datetime_operator_2 to 2022-09-16T00:00:00+00:00, run_after=2022-09-17T00:00:00+00:00
[2022-09-17 08:36:04,143] {processor.py:161} INFO - Processing /home/ubuntu/.local/lib/python3.8/site-packages/airflow/example_dags/example_branch_datetime_operator.py took 0.078 seconds
[2022-09-17 08:36:41,214] {processor.py:153} INFO - Started process (PID=9961) to work on /home/ubuntu/.local/lib/python3.8/site-packages/airflow/example_dags/example_branch_datetime_operator.py
[2022-09-17 08:36:41,216] {processor.py:641} INFO - Processing file /home/ubuntu/.local/lib/python3.8/site-packages/airflow/example_dags/example_branch_datetime_operator.py for tasks to queue
[2022-09-17 08:36:41,216] {logging_mixin.py:115} INFO - [2022-09-17 08:36:41,216] {dagbag.py:508} INFO - Filling up the DagBag from /home/ubuntu/.local/lib/python3.8/site-packages/airflow/example_dags/example_branch_datetime_operator.py
[2022-09-17 08:36:41,229] {processor.py:651} INFO - DAG(s) dict_keys(['example_branch_datetime_operator', 'example_branch_datetime_operator_2']) retrieved from /home/ubuntu/.local/lib/python3.8/site-packages/airflow/example_dags/example_branch_datetime_operator.py
[2022-09-17 08:36:41,256] {logging_mixin.py:115} INFO - [2022-09-17 08:36:41,256] {dag.py:2420} INFO - Sync 2 DAGs
[2022-09-17 08:36:41,272] {logging_mixin.py:115} INFO - [2022-09-17 08:36:41,272] {dag.py:2968} INFO - Setting next_dagrun for example_branch_datetime_operator to 2022-09-16T00:00:00+00:00, run_after=2022-09-17T00:00:00+00:00
[2022-09-17 08:36:41,274] {logging_mixin.py:115} INFO - [2022-09-17 08:36:41,274] {dag.py:2968} INFO - Setting next_dagrun for example_branch_datetime_operator_2 to 2022-09-16T00:00:00+00:00, run_after=2022-09-17T00:00:00+00:00
[2022-09-17 08:36:41,290] {processor.py:161} INFO - Processing /home/ubuntu/.local/lib/python3.8/site-packages/airflow/example_dags/example_branch_datetime_operator.py took 0.080 seconds
[2022-09-17 08:37:25,263] {processor.py:153} INFO - Started process (PID=10030) to work on /home/ubuntu/.local/lib/python3.8/site-packages/airflow/example_dags/example_branch_datetime_operator.py
[2022-09-17 08:37:25,268] {processor.py:641} INFO - Processing file /home/ubuntu/.local/lib/python3.8/site-packages/airflow/example_dags/example_branch_datetime_operator.py for tasks to queue
[2022-09-17 08:37:25,268] {logging_mixin.py:115} INFO - [2022-09-17 08:37:25,268] {dagbag.py:508} INFO - Filling up the DagBag from /home/ubuntu/.local/lib/python3.8/site-packages/airflow/example_dags/example_branch_datetime_operator.py
[2022-09-17 08:37:25,279] {processor.py:651} INFO - DAG(s) dict_keys(['example_branch_datetime_operator', 'example_branch_datetime_operator_2']) retrieved from /home/ubuntu/.local/lib/python3.8/site-packages/airflow/example_dags/example_branch_datetime_operator.py
[2022-09-17 08:37:25,302] {logging_mixin.py:115} INFO - [2022-09-17 08:37:25,302] {dag.py:2420} INFO - Sync 2 DAGs
[2022-09-17 08:37:25,318] {logging_mixin.py:115} INFO - [2022-09-17 08:37:25,318] {dag.py:2968} INFO - Setting next_dagrun for example_branch_datetime_operator to 2022-09-16T00:00:00+00:00, run_after=2022-09-17T00:00:00+00:00
[2022-09-17 08:37:25,319] {logging_mixin.py:115} INFO - [2022-09-17 08:37:25,319] {dag.py:2968} INFO - Setting next_dagrun for example_branch_datetime_operator_2 to 2022-09-16T00:00:00+00:00, run_after=2022-09-17T00:00:00+00:00
[2022-09-17 08:37:25,345] {processor.py:161} INFO - Processing /home/ubuntu/.local/lib/python3.8/site-packages/airflow/example_dags/example_branch_datetime_operator.py took 0.086 seconds
[2022-09-17 08:38:37,588] {processor.py:153} INFO - Started process (PID=10330) to work on /home/ubuntu/.local/lib/python3.8/site-packages/airflow/example_dags/example_branch_datetime_operator.py
[2022-09-17 08:38:37,591] {processor.py:641} INFO - Processing file /home/ubuntu/.local/lib/python3.8/site-packages/airflow/example_dags/example_branch_datetime_operator.py for tasks to queue
[2022-09-17 08:38:37,591] {logging_mixin.py:115} INFO - [2022-09-17 08:38:37,591] {dagbag.py:508} INFO - Filling up the DagBag from /home/ubuntu/.local/lib/python3.8/site-packages/airflow/example_dags/example_branch_datetime_operator.py
[2022-09-17 08:38:37,603] {processor.py:651} INFO - DAG(s) dict_keys(['example_branch_datetime_operator', 'example_branch_datetime_operator_2']) retrieved from /home/ubuntu/.local/lib/python3.8/site-packages/airflow/example_dags/example_branch_datetime_operator.py
[2022-09-17 08:38:37,625] {logging_mixin.py:115} INFO - [2022-09-17 08:38:37,625] {dag.py:2420} INFO - Sync 2 DAGs
[2022-09-17 08:38:37,650] {logging_mixin.py:115} INFO - [2022-09-17 08:38:37,649] {dag.py:2968} INFO - Setting next_dagrun for example_branch_datetime_operator to 2022-09-16T00:00:00+00:00, run_after=2022-09-17T00:00:00+00:00
[2022-09-17 08:38:37,651] {logging_mixin.py:115} INFO - [2022-09-17 08:38:37,651] {dag.py:2968} INFO - Setting next_dagrun for example_branch_datetime_operator_2 to 2022-09-16T00:00:00+00:00, run_after=2022-09-17T00:00:00+00:00
[2022-09-17 08:38:37,667] {processor.py:161} INFO - Processing /home/ubuntu/.local/lib/python3.8/site-packages/airflow/example_dags/example_branch_datetime_operator.py took 0.082 seconds
[2022-09-17 08:39:18,936] {processor.py:153} INFO - Started process (PID=10374) to work on /home/ubuntu/.local/lib/python3.8/site-packages/airflow/example_dags/example_branch_datetime_operator.py
[2022-09-17 08:39:18,938] {processor.py:641} INFO - Processing file /home/ubuntu/.local/lib/python3.8/site-packages/airflow/example_dags/example_branch_datetime_operator.py for tasks to queue
[2022-09-17 08:39:18,938] {logging_mixin.py:115} INFO - [2022-09-17 08:39:18,938] {dagbag.py:508} INFO - Filling up the DagBag from /home/ubuntu/.local/lib/python3.8/site-packages/airflow/example_dags/example_branch_datetime_operator.py
[2022-09-17 08:39:18,951] {processor.py:651} INFO - DAG(s) dict_keys(['example_branch_datetime_operator', 'example_branch_datetime_operator_2']) retrieved from /home/ubuntu/.local/lib/python3.8/site-packages/airflow/example_dags/example_branch_datetime_operator.py
[2022-09-17 08:39:18,977] {logging_mixin.py:115} INFO - [2022-09-17 08:39:18,977] {dag.py:2420} INFO - Sync 2 DAGs
[2022-09-17 08:39:19,006] {logging_mixin.py:115} INFO - [2022-09-17 08:39:19,005] {dag.py:2968} INFO - Setting next_dagrun for example_branch_datetime_operator to 2022-09-16T00:00:00+00:00, run_after=2022-09-17T00:00:00+00:00
[2022-09-17 08:39:19,008] {logging_mixin.py:115} INFO - [2022-09-17 08:39:19,008] {dag.py:2968} INFO - Setting next_dagrun for example_branch_datetime_operator_2 to 2022-09-16T00:00:00+00:00, run_after=2022-09-17T00:00:00+00:00
[2022-09-17 08:39:19,038] {processor.py:161} INFO - Processing /home/ubuntu/.local/lib/python3.8/site-packages/airflow/example_dags/example_branch_datetime_operator.py took 0.105 seconds
