[2022-09-17 08:35:06,936] {processor.py:153} INFO - Started process (PID=9513) to work on /home/ubuntu/.local/lib/python3.8/site-packages/airflow/example_dags/example_branch_labels.py
[2022-09-17 08:35:06,937] {processor.py:641} INFO - Processing file /home/ubuntu/.local/lib/python3.8/site-packages/airflow/example_dags/example_branch_labels.py for tasks to queue
[2022-09-17 08:35:06,938] {logging_mixin.py:115} INFO - [2022-09-17 08:35:06,937] {dagbag.py:508} INFO - Filling up the DagBag from /home/ubuntu/.local/lib/python3.8/site-packages/airflow/example_dags/example_branch_labels.py
[2022-09-17 08:35:06,946] {processor.py:651} INFO - DAG(s) dict_keys(['example_branch_labels']) retrieved from /home/ubuntu/.local/lib/python3.8/site-packages/airflow/example_dags/example_branch_labels.py
[2022-09-17 08:35:06,967] {logging_mixin.py:115} INFO - [2022-09-17 08:35:06,967] {dag.py:2420} INFO - Sync 1 DAGs
[2022-09-17 08:35:06,990] {logging_mixin.py:115} INFO - [2022-09-17 08:35:06,990] {dag.py:2968} INFO - Setting next_dagrun for example_branch_labels to 2022-09-16T00:00:00+00:00, run_after=2022-09-17T00:00:00+00:00
[2022-09-17 08:35:07,009] {processor.py:161} INFO - Processing /home/ubuntu/.local/lib/python3.8/site-packages/airflow/example_dags/example_branch_labels.py took 0.077 seconds
[2022-09-17 08:35:42,683] {processor.py:153} INFO - Started process (PID=9829) to work on /home/ubuntu/.local/lib/python3.8/site-packages/airflow/example_dags/example_branch_labels.py
[2022-09-17 08:35:42,684] {processor.py:641} INFO - Processing file /home/ubuntu/.local/lib/python3.8/site-packages/airflow/example_dags/example_branch_labels.py for tasks to queue
[2022-09-17 08:35:42,685] {logging_mixin.py:115} INFO - [2022-09-17 08:35:42,685] {dagbag.py:508} INFO - Filling up the DagBag from /home/ubuntu/.local/lib/python3.8/site-packages/airflow/example_dags/example_branch_labels.py
[2022-09-17 08:35:42,694] {processor.py:651} INFO - DAG(s) dict_keys(['example_branch_labels']) retrieved from /home/ubuntu/.local/lib/python3.8/site-packages/airflow/example_dags/example_branch_labels.py
[2022-09-17 08:35:42,718] {logging_mixin.py:115} INFO - [2022-09-17 08:35:42,718] {dag.py:2420} INFO - Sync 1 DAGs
[2022-09-17 08:35:42,749] {logging_mixin.py:115} INFO - [2022-09-17 08:35:42,748] {dag.py:2968} INFO - Setting next_dagrun for example_branch_labels to 2022-09-16T00:00:00+00:00, run_after=2022-09-17T00:00:00+00:00
[2022-09-17 08:35:42,767] {processor.py:161} INFO - Processing /home/ubuntu/.local/lib/python3.8/site-packages/airflow/example_dags/example_branch_labels.py took 0.089 seconds
[2022-09-17 08:36:20,699] {processor.py:153} INFO - Started process (PID=9868) to work on /home/ubuntu/.local/lib/python3.8/site-packages/airflow/example_dags/example_branch_labels.py
[2022-09-17 08:36:20,700] {processor.py:641} INFO - Processing file /home/ubuntu/.local/lib/python3.8/site-packages/airflow/example_dags/example_branch_labels.py for tasks to queue
[2022-09-17 08:36:20,701] {logging_mixin.py:115} INFO - [2022-09-17 08:36:20,701] {dagbag.py:508} INFO - Filling up the DagBag from /home/ubuntu/.local/lib/python3.8/site-packages/airflow/example_dags/example_branch_labels.py
[2022-09-17 08:36:20,712] {processor.py:651} INFO - DAG(s) dict_keys(['example_branch_labels']) retrieved from /home/ubuntu/.local/lib/python3.8/site-packages/airflow/example_dags/example_branch_labels.py
[2022-09-17 08:36:20,729] {logging_mixin.py:115} INFO - [2022-09-17 08:36:20,729] {dag.py:2420} INFO - Sync 1 DAGs
[2022-09-17 08:36:20,747] {logging_mixin.py:115} INFO - [2022-09-17 08:36:20,747] {dag.py:2968} INFO - Setting next_dagrun for example_branch_labels to 2022-09-16T00:00:00+00:00, run_after=2022-09-17T00:00:00+00:00
[2022-09-17 08:36:20,768] {processor.py:161} INFO - Processing /home/ubuntu/.local/lib/python3.8/site-packages/airflow/example_dags/example_branch_labels.py took 0.073 seconds
[2022-09-17 08:36:58,778] {processor.py:153} INFO - Started process (PID=9983) to work on /home/ubuntu/.local/lib/python3.8/site-packages/airflow/example_dags/example_branch_labels.py
[2022-09-17 08:36:58,780] {processor.py:641} INFO - Processing file /home/ubuntu/.local/lib/python3.8/site-packages/airflow/example_dags/example_branch_labels.py for tasks to queue
[2022-09-17 08:36:58,780] {logging_mixin.py:115} INFO - [2022-09-17 08:36:58,780] {dagbag.py:508} INFO - Filling up the DagBag from /home/ubuntu/.local/lib/python3.8/site-packages/airflow/example_dags/example_branch_labels.py
[2022-09-17 08:36:58,789] {processor.py:651} INFO - DAG(s) dict_keys(['example_branch_labels']) retrieved from /home/ubuntu/.local/lib/python3.8/site-packages/airflow/example_dags/example_branch_labels.py
[2022-09-17 08:36:58,809] {logging_mixin.py:115} INFO - [2022-09-17 08:36:58,809] {dag.py:2420} INFO - Sync 1 DAGs
[2022-09-17 08:36:58,829] {logging_mixin.py:115} INFO - [2022-09-17 08:36:58,829] {dag.py:2968} INFO - Setting next_dagrun for example_branch_labels to 2022-09-16T00:00:00+00:00, run_after=2022-09-17T00:00:00+00:00
[2022-09-17 08:36:58,845] {processor.py:161} INFO - Processing /home/ubuntu/.local/lib/python3.8/site-packages/airflow/example_dags/example_branch_labels.py took 0.071 seconds
[2022-09-17 08:37:37,830] {processor.py:153} INFO - Started process (PID=10061) to work on /home/ubuntu/.local/lib/python3.8/site-packages/airflow/example_dags/example_branch_labels.py
[2022-09-17 08:37:37,833] {processor.py:641} INFO - Processing file /home/ubuntu/.local/lib/python3.8/site-packages/airflow/example_dags/example_branch_labels.py for tasks to queue
[2022-09-17 08:37:37,834] {logging_mixin.py:115} INFO - [2022-09-17 08:37:37,834] {dagbag.py:508} INFO - Filling up the DagBag from /home/ubuntu/.local/lib/python3.8/site-packages/airflow/example_dags/example_branch_labels.py
[2022-09-17 08:37:37,845] {processor.py:651} INFO - DAG(s) dict_keys(['example_branch_labels']) retrieved from /home/ubuntu/.local/lib/python3.8/site-packages/airflow/example_dags/example_branch_labels.py
[2022-09-17 08:37:37,872] {logging_mixin.py:115} INFO - [2022-09-17 08:37:37,871] {dag.py:2420} INFO - Sync 1 DAGs
[2022-09-17 08:37:37,900] {logging_mixin.py:115} INFO - [2022-09-17 08:37:37,900] {dag.py:2968} INFO - Setting next_dagrun for example_branch_labels to 2022-09-16T00:00:00+00:00, run_after=2022-09-17T00:00:00+00:00
[2022-09-17 08:37:37,919] {processor.py:161} INFO - Processing /home/ubuntu/.local/lib/python3.8/site-packages/airflow/example_dags/example_branch_labels.py took 0.092 seconds
[2022-09-17 08:38:17,779] {processor.py:153} INFO - Started process (PID=10303) to work on /home/ubuntu/.local/lib/python3.8/site-packages/airflow/example_dags/example_branch_labels.py
[2022-09-17 08:38:17,782] {processor.py:641} INFO - Processing file /home/ubuntu/.local/lib/python3.8/site-packages/airflow/example_dags/example_branch_labels.py for tasks to queue
[2022-09-17 08:38:17,782] {logging_mixin.py:115} INFO - [2022-09-17 08:38:17,782] {dagbag.py:508} INFO - Filling up the DagBag from /home/ubuntu/.local/lib/python3.8/site-packages/airflow/example_dags/example_branch_labels.py
[2022-09-17 08:38:17,792] {processor.py:651} INFO - DAG(s) dict_keys(['example_branch_labels']) retrieved from /home/ubuntu/.local/lib/python3.8/site-packages/airflow/example_dags/example_branch_labels.py
[2022-09-17 08:38:17,813] {logging_mixin.py:115} INFO - [2022-09-17 08:38:17,813] {dag.py:2420} INFO - Sync 1 DAGs
[2022-09-17 08:38:17,841] {logging_mixin.py:115} INFO - [2022-09-17 08:38:17,841] {dag.py:2968} INFO - Setting next_dagrun for example_branch_labels to 2022-09-16T00:00:00+00:00, run_after=2022-09-17T00:00:00+00:00
[2022-09-17 08:38:17,862] {processor.py:161} INFO - Processing /home/ubuntu/.local/lib/python3.8/site-packages/airflow/example_dags/example_branch_labels.py took 0.086 seconds
[2022-09-17 08:38:55,504] {processor.py:153} INFO - Started process (PID=10350) to work on /home/ubuntu/.local/lib/python3.8/site-packages/airflow/example_dags/example_branch_labels.py
[2022-09-17 08:38:55,505] {processor.py:641} INFO - Processing file /home/ubuntu/.local/lib/python3.8/site-packages/airflow/example_dags/example_branch_labels.py for tasks to queue
[2022-09-17 08:38:55,506] {logging_mixin.py:115} INFO - [2022-09-17 08:38:55,506] {dagbag.py:508} INFO - Filling up the DagBag from /home/ubuntu/.local/lib/python3.8/site-packages/airflow/example_dags/example_branch_labels.py
[2022-09-17 08:38:55,513] {processor.py:651} INFO - DAG(s) dict_keys(['example_branch_labels']) retrieved from /home/ubuntu/.local/lib/python3.8/site-packages/airflow/example_dags/example_branch_labels.py
[2022-09-17 08:38:55,529] {logging_mixin.py:115} INFO - [2022-09-17 08:38:55,529] {dag.py:2420} INFO - Sync 1 DAGs
[2022-09-17 08:38:55,550] {logging_mixin.py:115} INFO - [2022-09-17 08:38:55,549] {dag.py:2968} INFO - Setting next_dagrun for example_branch_labels to 2022-09-16T00:00:00+00:00, run_after=2022-09-17T00:00:00+00:00
[2022-09-17 08:38:55,564] {processor.py:161} INFO - Processing /home/ubuntu/.local/lib/python3.8/site-packages/airflow/example_dags/example_branch_labels.py took 0.064 seconds
[2022-09-17 08:39:33,370] {processor.py:153} INFO - Started process (PID=10391) to work on /home/ubuntu/.local/lib/python3.8/site-packages/airflow/example_dags/example_branch_labels.py
[2022-09-17 08:39:33,371] {processor.py:641} INFO - Processing file /home/ubuntu/.local/lib/python3.8/site-packages/airflow/example_dags/example_branch_labels.py for tasks to queue
[2022-09-17 08:39:33,372] {logging_mixin.py:115} INFO - [2022-09-17 08:39:33,372] {dagbag.py:508} INFO - Filling up the DagBag from /home/ubuntu/.local/lib/python3.8/site-packages/airflow/example_dags/example_branch_labels.py
[2022-09-17 08:39:33,379] {processor.py:651} INFO - DAG(s) dict_keys(['example_branch_labels']) retrieved from /home/ubuntu/.local/lib/python3.8/site-packages/airflow/example_dags/example_branch_labels.py
[2022-09-17 08:39:33,397] {logging_mixin.py:115} INFO - [2022-09-17 08:39:33,396] {dag.py:2420} INFO - Sync 1 DAGs
[2022-09-17 08:39:33,419] {logging_mixin.py:115} INFO - [2022-09-17 08:39:33,418] {dag.py:2968} INFO - Setting next_dagrun for example_branch_labels to 2022-09-16T00:00:00+00:00, run_after=2022-09-17T00:00:00+00:00
[2022-09-17 08:39:33,433] {processor.py:161} INFO - Processing /home/ubuntu/.local/lib/python3.8/site-packages/airflow/example_dags/example_branch_labels.py took 0.067 seconds
