[2022-09-17 08:35:23,168] {processor.py:153} INFO - Started process (PID=9643) to work on /home/ubuntu/.local/lib/python3.8/site-packages/airflow/example_dags/example_latest_only.py
[2022-09-17 08:35:23,169] {processor.py:641} INFO - Processing file /home/ubuntu/.local/lib/python3.8/site-packages/airflow/example_dags/example_latest_only.py for tasks to queue
[2022-09-17 08:35:23,169] {logging_mixin.py:115} INFO - [2022-09-17 08:35:23,169] {dagbag.py:508} INFO - Filling up the DagBag from /home/ubuntu/.local/lib/python3.8/site-packages/airflow/example_dags/example_latest_only.py
[2022-09-17 08:35:23,176] {processor.py:651} INFO - DAG(s) dict_keys(['latest_only']) retrieved from /home/ubuntu/.local/lib/python3.8/site-packages/airflow/example_dags/example_latest_only.py
[2022-09-17 08:35:23,196] {logging_mixin.py:115} INFO - [2022-09-17 08:35:23,195] {dag.py:2420} INFO - Sync 1 DAGs
[2022-09-17 08:35:23,217] {logging_mixin.py:115} INFO - [2022-09-17 08:35:23,217] {dag.py:2968} INFO - Setting next_dagrun for latest_only to 2022-09-17T04:35:23.217036+00:00, run_after=2022-09-17T08:35:23.217036+00:00
[2022-09-17 08:35:23,239] {processor.py:161} INFO - Processing /home/ubuntu/.local/lib/python3.8/site-packages/airflow/example_dags/example_latest_only.py took 0.076 seconds
[2022-09-17 08:36:00,507] {processor.py:153} INFO - Started process (PID=9847) to work on /home/ubuntu/.local/lib/python3.8/site-packages/airflow/example_dags/example_latest_only.py
[2022-09-17 08:36:00,509] {processor.py:641} INFO - Processing file /home/ubuntu/.local/lib/python3.8/site-packages/airflow/example_dags/example_latest_only.py for tasks to queue
[2022-09-17 08:36:00,510] {logging_mixin.py:115} INFO - [2022-09-17 08:36:00,509] {dagbag.py:508} INFO - Filling up the DagBag from /home/ubuntu/.local/lib/python3.8/site-packages/airflow/example_dags/example_latest_only.py
[2022-09-17 08:36:00,518] {processor.py:651} INFO - DAG(s) dict_keys(['latest_only']) retrieved from /home/ubuntu/.local/lib/python3.8/site-packages/airflow/example_dags/example_latest_only.py
[2022-09-17 08:36:00,542] {logging_mixin.py:115} INFO - [2022-09-17 08:36:00,542] {dag.py:2420} INFO - Sync 1 DAGs
[2022-09-17 08:36:00,568] {logging_mixin.py:115} INFO - [2022-09-17 08:36:00,568] {dag.py:2968} INFO - Setting next_dagrun for latest_only to 2022-09-17T04:36:00.567681+00:00, run_after=2022-09-17T08:36:00.567681+00:00
[2022-09-17 08:36:00,601] {processor.py:161} INFO - Processing /home/ubuntu/.local/lib/python3.8/site-packages/airflow/example_dags/example_latest_only.py took 0.099 seconds
[2022-09-17 08:36:38,370] {processor.py:153} INFO - Started process (PID=9948) to work on /home/ubuntu/.local/lib/python3.8/site-packages/airflow/example_dags/example_latest_only.py
[2022-09-17 08:36:38,371] {processor.py:641} INFO - Processing file /home/ubuntu/.local/lib/python3.8/site-packages/airflow/example_dags/example_latest_only.py for tasks to queue
[2022-09-17 08:36:38,372] {logging_mixin.py:115} INFO - [2022-09-17 08:36:38,371] {dagbag.py:508} INFO - Filling up the DagBag from /home/ubuntu/.local/lib/python3.8/site-packages/airflow/example_dags/example_latest_only.py
[2022-09-17 08:36:38,378] {processor.py:651} INFO - DAG(s) dict_keys(['latest_only']) retrieved from /home/ubuntu/.local/lib/python3.8/site-packages/airflow/example_dags/example_latest_only.py
[2022-09-17 08:36:38,394] {logging_mixin.py:115} INFO - [2022-09-17 08:36:38,394] {dag.py:2420} INFO - Sync 1 DAGs
[2022-09-17 08:36:38,411] {logging_mixin.py:115} INFO - [2022-09-17 08:36:38,410] {dag.py:2968} INFO - Setting next_dagrun for latest_only to 2022-09-17T04:36:38.410640+00:00, run_after=2022-09-17T08:36:38.410640+00:00
[2022-09-17 08:36:38,429] {processor.py:161} INFO - Processing /home/ubuntu/.local/lib/python3.8/site-packages/airflow/example_dags/example_latest_only.py took 0.063 seconds
[2022-09-17 08:37:16,300] {processor.py:153} INFO - Started process (PID=10010) to work on /home/ubuntu/.local/lib/python3.8/site-packages/airflow/example_dags/example_latest_only.py
[2022-09-17 08:37:16,302] {processor.py:641} INFO - Processing file /home/ubuntu/.local/lib/python3.8/site-packages/airflow/example_dags/example_latest_only.py for tasks to queue
[2022-09-17 08:37:16,302] {logging_mixin.py:115} INFO - [2022-09-17 08:37:16,302] {dagbag.py:508} INFO - Filling up the DagBag from /home/ubuntu/.local/lib/python3.8/site-packages/airflow/example_dags/example_latest_only.py
[2022-09-17 08:37:16,320] {processor.py:651} INFO - DAG(s) dict_keys(['latest_only']) retrieved from /home/ubuntu/.local/lib/python3.8/site-packages/airflow/example_dags/example_latest_only.py
[2022-09-17 08:37:16,342] {logging_mixin.py:115} INFO - [2022-09-17 08:37:16,342] {dag.py:2420} INFO - Sync 1 DAGs
[2022-09-17 08:37:16,366] {logging_mixin.py:115} INFO - [2022-09-17 08:37:16,366] {dag.py:2968} INFO - Setting next_dagrun for latest_only to 2022-09-17T04:37:16.366072+00:00, run_after=2022-09-17T08:37:16.366072+00:00
[2022-09-17 08:37:16,397] {processor.py:161} INFO - Processing /home/ubuntu/.local/lib/python3.8/site-packages/airflow/example_dags/example_latest_only.py took 0.102 seconds
[2022-09-17 08:38:35,350] {processor.py:153} INFO - Started process (PID=10327) to work on /home/ubuntu/.local/lib/python3.8/site-packages/airflow/example_dags/example_latest_only.py
[2022-09-17 08:38:35,352] {processor.py:641} INFO - Processing file /home/ubuntu/.local/lib/python3.8/site-packages/airflow/example_dags/example_latest_only.py for tasks to queue
[2022-09-17 08:38:35,352] {logging_mixin.py:115} INFO - [2022-09-17 08:38:35,352] {dagbag.py:508} INFO - Filling up the DagBag from /home/ubuntu/.local/lib/python3.8/site-packages/airflow/example_dags/example_latest_only.py
[2022-09-17 08:38:35,358] {processor.py:651} INFO - DAG(s) dict_keys(['latest_only']) retrieved from /home/ubuntu/.local/lib/python3.8/site-packages/airflow/example_dags/example_latest_only.py
[2022-09-17 08:38:35,374] {logging_mixin.py:115} INFO - [2022-09-17 08:38:35,374] {dag.py:2420} INFO - Sync 1 DAGs
[2022-09-17 08:38:35,393] {logging_mixin.py:115} INFO - [2022-09-17 08:38:35,393] {dag.py:2968} INFO - Setting next_dagrun for latest_only to 2022-09-17T04:38:35.393330+00:00, run_after=2022-09-17T08:38:35.393330+00:00
[2022-09-17 08:38:35,442] {processor.py:161} INFO - Processing /home/ubuntu/.local/lib/python3.8/site-packages/airflow/example_dags/example_latest_only.py took 0.096 seconds
[2022-09-17 08:39:12,485] {processor.py:153} INFO - Started process (PID=10370) to work on /home/ubuntu/.local/lib/python3.8/site-packages/airflow/example_dags/example_latest_only.py
[2022-09-17 08:39:12,487] {processor.py:641} INFO - Processing file /home/ubuntu/.local/lib/python3.8/site-packages/airflow/example_dags/example_latest_only.py for tasks to queue
[2022-09-17 08:39:12,488] {logging_mixin.py:115} INFO - [2022-09-17 08:39:12,488] {dagbag.py:508} INFO - Filling up the DagBag from /home/ubuntu/.local/lib/python3.8/site-packages/airflow/example_dags/example_latest_only.py
[2022-09-17 08:39:12,494] {processor.py:651} INFO - DAG(s) dict_keys(['latest_only']) retrieved from /home/ubuntu/.local/lib/python3.8/site-packages/airflow/example_dags/example_latest_only.py
[2022-09-17 08:39:12,511] {logging_mixin.py:115} INFO - [2022-09-17 08:39:12,511] {dag.py:2420} INFO - Sync 1 DAGs
[2022-09-17 08:39:12,536] {logging_mixin.py:115} INFO - [2022-09-17 08:39:12,536] {dag.py:2968} INFO - Setting next_dagrun for latest_only to 2022-09-17T04:39:12.535934+00:00, run_after=2022-09-17T08:39:12.535934+00:00
[2022-09-17 08:39:12,555] {processor.py:161} INFO - Processing /home/ubuntu/.local/lib/python3.8/site-packages/airflow/example_dags/example_latest_only.py took 0.074 seconds
[2022-09-17 08:39:53,584] {processor.py:153} INFO - Started process (PID=10414) to work on /home/ubuntu/.local/lib/python3.8/site-packages/airflow/example_dags/example_latest_only.py
[2022-09-17 08:39:53,586] {processor.py:641} INFO - Processing file /home/ubuntu/.local/lib/python3.8/site-packages/airflow/example_dags/example_latest_only.py for tasks to queue
[2022-09-17 08:39:53,587] {logging_mixin.py:115} INFO - [2022-09-17 08:39:53,586] {dagbag.py:508} INFO - Filling up the DagBag from /home/ubuntu/.local/lib/python3.8/site-packages/airflow/example_dags/example_latest_only.py
[2022-09-17 08:39:53,593] {processor.py:651} INFO - DAG(s) dict_keys(['latest_only']) retrieved from /home/ubuntu/.local/lib/python3.8/site-packages/airflow/example_dags/example_latest_only.py
[2022-09-17 08:39:53,613] {logging_mixin.py:115} INFO - [2022-09-17 08:39:53,612] {dag.py:2420} INFO - Sync 1 DAGs
[2022-09-17 08:39:53,636] {logging_mixin.py:115} INFO - [2022-09-17 08:39:53,636] {dag.py:2968} INFO - Setting next_dagrun for latest_only to 2022-09-17T04:39:53.636329+00:00, run_after=2022-09-17T08:39:53.636329+00:00
[2022-09-17 08:39:53,665] {processor.py:161} INFO - Processing /home/ubuntu/.local/lib/python3.8/site-packages/airflow/example_dags/example_latest_only.py took 0.085 seconds
