[2022-09-15 16:06:02,198] {taskinstance.py:1179} INFO - Dependencies all met for <TaskInstance: preprocessing_data.generate_data scheduled__2022-09-15T15:55:32.040538+00:00 [queued]>
[2022-09-15 16:06:02,202] {taskinstance.py:1179} INFO - Dependencies all met for <TaskInstance: preprocessing_data.generate_data scheduled__2022-09-15T15:55:32.040538+00:00 [queued]>
[2022-09-15 16:06:02,202] {taskinstance.py:1376} INFO - 
--------------------------------------------------------------------------------
[2022-09-15 16:06:02,202] {taskinstance.py:1377} INFO - Starting attempt 1 of 2
[2022-09-15 16:06:02,202] {taskinstance.py:1378} INFO - 
--------------------------------------------------------------------------------
[2022-09-15 16:06:02,221] {taskinstance.py:1397} INFO - Executing <Task(PythonOperator): generate_data> on 2022-09-15 15:55:32.040538+00:00
[2022-09-15 16:06:02,227] {standard_task_runner.py:52} INFO - Started process 58205 to run task
[2022-09-15 16:06:02,231] {standard_task_runner.py:79} INFO - Running: ['airflow', 'tasks', 'run', 'preprocessing_data', 'generate_data', 'scheduled__2022-09-15T15:55:32.040538+00:00', '--job-id', '283', '--raw', '--subdir', 'DAGS_FOLDER/model_dag.py', '--cfg-path', '/tmp/tmpjjph2jxh', '--error-file', '/tmp/tmpz2tgdcuo']
[2022-09-15 16:06:02,232] {standard_task_runner.py:80} INFO - Job 283: Subtask generate_data
[2022-09-15 16:06:02,281] {task_command.py:371} INFO - Running <TaskInstance: preprocessing_data.generate_data scheduled__2022-09-15T15:55:32.040538+00:00 [running]> on host rc1b-dataproc-m-xzxwmqcudfo0foh0.mdb.yandexcloud.net
[2022-09-15 16:06:02,323] {taskinstance.py:1589} INFO - Exporting the following env vars:
AIRFLOW_CTX_DAG_EMAIL=airflow@example.com
AIRFLOW_CTX_DAG_OWNER=airflow
AIRFLOW_CTX_DAG_ID=preprocessing_data
AIRFLOW_CTX_TASK_ID=generate_data
AIRFLOW_CTX_EXECUTION_DATE=2022-09-15T15:55:32.040538+00:00
AIRFLOW_CTX_TRY_NUMBER=1
AIRFLOW_CTX_DAG_RUN_ID=scheduled__2022-09-15T15:55:32.040538+00:00
[2022-09-15 16:06:02,331] {logging_mixin.py:115} INFO - Time to generate customer profiles table: 0.0069s
[2022-09-15 16:06:02,336] {logging_mixin.py:115} INFO - Time to generate terminal profiles table: 0.0045s
[2022-09-15 16:06:02,524] {logging_mixin.py:115} INFO - Time to associate terminals to customers: 0.19s
[2022-09-15 16:06:21,103] {logging_mixin.py:115} INFO - Time to generate transactions: 1.9e+01s
[2022-09-15 16:06:21,275] {logging_mixin.py:115} INFO - Number of frauds from scenario 1: 224
[2022-09-15 16:06:38,771] {logging_mixin.py:115} INFO - Number of frauds from scenario 2: 18431
[2022-09-15 16:06:57,664] {logging_mixin.py:115} INFO - Number of frauds from scenario 3: 9152
[2022-09-15 16:06:57,665] {client.py:192} INFO - Instantiated <Client(url='http://rc1b-dataproc-m-xzxwmqcudfo0foh0.mdb.yandexcloud.net:9870')>.
[2022-09-15 16:06:57,665] {client.py:305} INFO - Fetching content summary for '/user/airflow/input_files'.
[2022-09-15 16:06:58,021] {client.py:558} INFO - Uploading '/home/ubuntu/fraud-detection-ml/airflow/output_simulation/partition_77.parquet' to '/user/airflow/input_files/partition_77.parquet'.
[2022-09-15 16:06:58,021] {client.py:1123} INFO - Listing '/user/airflow/input_files/partition_77.parquet'.
[2022-09-15 16:06:58,026] {client.py:503} INFO - Writing to '/user/airflow/input_files/partition_77.parquet'.
[2022-09-15 16:06:58,148] {python.py:173} INFO - Done. Returned value was: None
[2022-09-15 16:06:58,153] {taskinstance.py:1415} INFO - Marking task as SUCCESS. dag_id=preprocessing_data, task_id=generate_data, execution_date=20220915T155532, start_date=20220915T160602, end_date=20220915T160658
[2022-09-15 16:06:58,390] {local_task_job.py:156} INFO - Task exited with return code 0
[2022-09-15 16:06:58,412] {local_task_job.py:273} INFO - 1 downstream tasks scheduled from follow-on schedule check
