[2022-08-21 19:49:43,577] {taskinstance.py:1179} INFO - Dependencies all met for <TaskInstance: preprocessing_data.fit_model scheduled__2022-08-21T19:39:13.291295+00:00 [queued]>
[2022-08-21 19:49:43,582] {taskinstance.py:1179} INFO - Dependencies all met for <TaskInstance: preprocessing_data.fit_model scheduled__2022-08-21T19:39:13.291295+00:00 [queued]>
[2022-08-21 19:49:43,582] {taskinstance.py:1376} INFO - 
--------------------------------------------------------------------------------
[2022-08-21 19:49:43,583] {taskinstance.py:1377} INFO - Starting attempt 1 of 2
[2022-08-21 19:49:43,583] {taskinstance.py:1378} INFO - 
--------------------------------------------------------------------------------
[2022-08-21 19:49:43,597] {taskinstance.py:1397} INFO - Executing <Task(PythonOperator): fit_model> on 2022-08-21 19:39:13.291295+00:00
[2022-08-21 19:49:43,600] {standard_task_runner.py:52} INFO - Started process 27533 to run task
[2022-08-21 19:49:43,603] {standard_task_runner.py:79} INFO - Running: ['airflow', 'tasks', 'run', 'preprocessing_data', 'fit_model', 'scheduled__2022-08-21T19:39:13.291295+00:00', '--job-id', '23', '--raw', '--subdir', 'DAGS_FOLDER/model_dag.py', '--cfg-path', '/tmp/tmptpe9g74o', '--error-file', '/tmp/tmpnk28zy5f']
[2022-08-21 19:49:43,604] {standard_task_runner.py:80} INFO - Job 23: Subtask fit_model
[2022-08-21 19:49:43,738] {task_command.py:371} INFO - Running <TaskInstance: preprocessing_data.fit_model scheduled__2022-08-21T19:39:13.291295+00:00 [running]> on host rc1b-dataproc-m-xzxwmqcudfo0foh0.mdb.yandexcloud.net
[2022-08-21 19:49:43,780] {taskinstance.py:1589} INFO - Exporting the following env vars:
AIRFLOW_CTX_DAG_EMAIL=airflow@example.com
AIRFLOW_CTX_DAG_OWNER=airflow
AIRFLOW_CTX_DAG_ID=preprocessing_data
AIRFLOW_CTX_TASK_ID=fit_model
AIRFLOW_CTX_EXECUTION_DATE=2022-08-21T19:39:13.291295+00:00
AIRFLOW_CTX_TRY_NUMBER=1
AIRFLOW_CTX_DAG_RUN_ID=scheduled__2022-08-21T19:39:13.291295+00:00
[2022-08-21 19:49:43,781] {train_model.py:17} INFO - GOT INTO TRAIN FUNCTION
[2022-08-21 19:49:43,784] {train_model.py:20} INFO - PATH_TO_CLEANED_DATA: None
[2022-08-21 19:49:43,785] {python.py:173} INFO - Done. Returned value was: None
[2022-08-21 19:49:43,789] {taskinstance.py:1415} INFO - Marking task as SUCCESS. dag_id=preprocessing_data, task_id=fit_model, execution_date=20220821T193913, start_date=20220821T194943, end_date=20220821T194943
[2022-08-21 19:49:43,814] {local_task_job.py:156} INFO - Task exited with return code 0
[2022-08-21 19:49:43,896] {local_task_job.py:273} INFO - 0 downstream tasks scheduled from follow-on schedule check
