[2022-09-17 09:48:02,021] {taskinstance.py:1179} INFO - Dependencies all met for <TaskInstance: preprocessing_data.fit_model scheduled__2022-09-17T09:34:46.718712+00:00 [queued]>
[2022-09-17 09:48:02,033] {taskinstance.py:1179} INFO - Dependencies all met for <TaskInstance: preprocessing_data.fit_model scheduled__2022-09-17T09:34:46.718712+00:00 [queued]>
[2022-09-17 09:48:02,033] {taskinstance.py:1376} INFO - 
--------------------------------------------------------------------------------
[2022-09-17 09:48:02,033] {taskinstance.py:1377} INFO - Starting attempt 1 of 2
[2022-09-17 09:48:02,033] {taskinstance.py:1378} INFO - 
--------------------------------------------------------------------------------
[2022-09-17 09:48:02,063] {taskinstance.py:1397} INFO - Executing <Task(PythonOperator): fit_model> on 2022-09-17 09:34:46.718712+00:00
[2022-09-17 09:48:02,072] {standard_task_runner.py:52} INFO - Started process 33536 to run task
[2022-09-17 09:48:02,077] {standard_task_runner.py:79} INFO - Running: ['airflow', 'tasks', 'run', 'preprocessing_data', 'fit_model', 'scheduled__2022-09-17T09:34:46.718712+00:00', '--job-id', '422', '--raw', '--subdir', 'DAGS_FOLDER/model_dag.py', '--cfg-path', '/tmp/tmp238df4do', '--error-file', '/tmp/tmpmoc37xys']
[2022-09-17 09:48:02,077] {standard_task_runner.py:80} INFO - Job 422: Subtask fit_model
[2022-09-17 09:48:02,138] {task_command.py:371} INFO - Running <TaskInstance: preprocessing_data.fit_model scheduled__2022-09-17T09:34:46.718712+00:00 [running]> on host rc1b-dataproc-m-xzxwmqcudfo0foh0.mdb.yandexcloud.net
[2022-09-17 09:48:02,215] {taskinstance.py:1589} INFO - Exporting the following env vars:
AIRFLOW_CTX_DAG_EMAIL=airflow@example.com
AIRFLOW_CTX_DAG_OWNER=airflow
AIRFLOW_CTX_DAG_ID=preprocessing_data
AIRFLOW_CTX_TASK_ID=fit_model
AIRFLOW_CTX_EXECUTION_DATE=2022-09-17T09:34:46.718712+00:00
AIRFLOW_CTX_TRY_NUMBER=1
AIRFLOW_CTX_DAG_RUN_ID=scheduled__2022-09-17T09:34:46.718712+00:00
[2022-09-17 09:48:02,217] {train_model.py:38} INFO - GOT INTO TRAIN FUNCTION
[2022-09-17 09:48:02,226] {train_model.py:43} INFO - Data path: /user/airflow/processed_files/slice_of_87_97.parquet
[2022-09-17 10:06:00,521] {logging_mixin.py:115} WARNING - 2022/09/17 10:06:00 WARNING mlflow.pyspark.ml: Model inputs contain unsupported Spark data types: [StructField(featuresFinal,VectorUDT,true)]. Model signature is not logged.
[2022-09-17 10:06:26,813] {credentials.py:1094} INFO - Found credentials in environment variables.
[2022-09-17 10:06:40,170] {train_model.py:72} INFO - Accuracy SCORE: 0.6581059617281309
[2022-09-17 10:06:40,205] {python.py:173} INFO - Done. Returned value was: None
[2022-09-17 10:06:40,219] {taskinstance.py:1415} INFO - Marking task as SUCCESS. dag_id=preprocessing_data, task_id=fit_model, execution_date=20220917T093446, start_date=20220917T094802, end_date=20220917T100640
[2022-09-17 10:06:40,286] {local_task_job.py:156} INFO - Task exited with return code 0
[2022-09-17 10:06:40,321] {local_task_job.py:273} INFO - 1 downstream tasks scheduled from follow-on schedule check
