[2022-09-15 13:59:52,685] {taskinstance.py:1179} INFO - Dependencies all met for <TaskInstance: preprocessing_data.clean_data scheduled__2022-09-15T13:47:46.846803+00:00 [queued]>
[2022-09-15 13:59:52,690] {taskinstance.py:1179} INFO - Dependencies all met for <TaskInstance: preprocessing_data.clean_data scheduled__2022-09-15T13:47:46.846803+00:00 [queued]>
[2022-09-15 13:59:52,690] {taskinstance.py:1376} INFO - 
--------------------------------------------------------------------------------
[2022-09-15 13:59:52,690] {taskinstance.py:1377} INFO - Starting attempt 1 of 2
[2022-09-15 13:59:52,690] {taskinstance.py:1378} INFO - 
--------------------------------------------------------------------------------
[2022-09-15 13:59:52,706] {taskinstance.py:1397} INFO - Executing <Task(PythonOperator): clean_data> on 2022-09-15 13:47:46.846803+00:00
[2022-09-15 13:59:52,711] {standard_task_runner.py:52} INFO - Started process 12412 to run task
[2022-09-15 13:59:52,715] {standard_task_runner.py:79} INFO - Running: ['airflow', 'tasks', 'run', 'preprocessing_data', 'clean_data', 'scheduled__2022-09-15T13:47:46.846803+00:00', '--job-id', '235', '--raw', '--subdir', 'DAGS_FOLDER/model_dag.py', '--cfg-path', '/tmp/tmp4fub397j', '--error-file', '/tmp/tmps83uej1o']
[2022-09-15 13:59:52,715] {standard_task_runner.py:80} INFO - Job 235: Subtask clean_data
[2022-09-15 13:59:52,762] {task_command.py:371} INFO - Running <TaskInstance: preprocessing_data.clean_data scheduled__2022-09-15T13:47:46.846803+00:00 [running]> on host rc1b-dataproc-m-xzxwmqcudfo0foh0.mdb.yandexcloud.net
[2022-09-15 13:59:52,808] {taskinstance.py:1589} INFO - Exporting the following env vars:
AIRFLOW_CTX_DAG_EMAIL=airflow@example.com
AIRFLOW_CTX_DAG_OWNER=airflow
AIRFLOW_CTX_DAG_ID=preprocessing_data
AIRFLOW_CTX_TASK_ID=clean_data
AIRFLOW_CTX_EXECUTION_DATE=2022-09-15T13:47:46.846803+00:00
AIRFLOW_CTX_TRY_NUMBER=1
AIRFLOW_CTX_DAG_RUN_ID=scheduled__2022-09-15T13:47:46.846803+00:00
[2022-09-15 14:01:37,143] {taskinstance.py:1909} ERROR - Task failed with exception
Traceback (most recent call last):
  File "/home/ubuntu/.local/lib/python3.8/site-packages/airflow/operators/python.py", line 171, in execute
    return_value = self.execute_callable()
  File "/home/ubuntu/.local/lib/python3.8/site-packages/airflow/operators/python.py", line 189, in execute_callable
    return self.python_callable(*self.op_args, **self.op_kwargs)
  File "/home/ubuntu/fraud-detection-ml/utils/pyspark_cleaning.py", line 118, in clean_data
    mlflow.spark.log_model(pipeline, "pipeline")
  File "/home/ubuntu/.local/lib/python3.8/site-packages/mlflow/spark.py", line 210, in log_model
    _validate_model(spark_model)
  File "/home/ubuntu/.local/lib/python3.8/site-packages/mlflow/spark.py", line 547, in _validate_model
    raise MlflowException(
mlflow.exceptions.MlflowException: Cannot serialize this model. MLflow can only save descendants of pyspark.ml.Model or pyspark.ml.Transformer that implement MLWritable and MLReadable.
[2022-09-15 14:01:37,148] {taskinstance.py:1415} INFO - Marking task as UP_FOR_RETRY. dag_id=preprocessing_data, task_id=clean_data, execution_date=20220915T134746, start_date=20220915T135952, end_date=20220915T140137
[2022-09-15 14:01:37,161] {standard_task_runner.py:92} ERROR - Failed to execute job 235 for task clean_data (Cannot serialize this model. MLflow can only save descendants of pyspark.ml.Model or pyspark.ml.Transformer that implement MLWritable and MLReadable.; 12412)
[2022-09-15 14:01:37,184] {local_task_job.py:156} INFO - Task exited with return code 1
[2022-09-15 14:01:37,199] {local_task_job.py:273} INFO - 0 downstream tasks scheduled from follow-on schedule check
