[2022-09-16 14:29:55,017] {taskinstance.py:1179} INFO - Dependencies all met for <TaskInstance: preprocessing_data.generate_data scheduled__2022-09-16T14:19:51.133099+00:00 [queued]>
[2022-09-16 14:29:55,022] {taskinstance.py:1179} INFO - Dependencies all met for <TaskInstance: preprocessing_data.generate_data scheduled__2022-09-16T14:19:51.133099+00:00 [queued]>
[2022-09-16 14:29:55,022] {taskinstance.py:1376} INFO - 
--------------------------------------------------------------------------------
[2022-09-16 14:29:55,022] {taskinstance.py:1377} INFO - Starting attempt 1 of 2
[2022-09-16 14:29:55,022] {taskinstance.py:1378} INFO - 
--------------------------------------------------------------------------------
[2022-09-16 14:29:55,041] {taskinstance.py:1397} INFO - Executing <Task(PythonOperator): generate_data> on 2022-09-16 14:19:51.133099+00:00
[2022-09-16 14:29:55,051] {standard_task_runner.py:52} INFO - Started process 97079 to run task
[2022-09-16 14:29:55,056] {standard_task_runner.py:79} INFO - Running: ['airflow', 'tasks', 'run', 'preprocessing_data', 'generate_data', 'scheduled__2022-09-16T14:19:51.133099+00:00', '--job-id', '389', '--raw', '--subdir', 'DAGS_FOLDER/model_dag.py', '--cfg-path', '/tmp/tmp2b9p5dcf', '--error-file', '/tmp/tmpamkm1yh8']
[2022-09-16 14:29:55,056] {standard_task_runner.py:80} INFO - Job 389: Subtask generate_data
[2022-09-16 14:29:55,113] {task_command.py:371} INFO - Running <TaskInstance: preprocessing_data.generate_data scheduled__2022-09-16T14:19:51.133099+00:00 [running]> on host rc1b-dataproc-m-xzxwmqcudfo0foh0.mdb.yandexcloud.net
[2022-09-16 14:29:55,172] {taskinstance.py:1589} INFO - Exporting the following env vars:
AIRFLOW_CTX_DAG_EMAIL=airflow@example.com
AIRFLOW_CTX_DAG_OWNER=airflow
AIRFLOW_CTX_DAG_ID=preprocessing_data
AIRFLOW_CTX_TASK_ID=generate_data
AIRFLOW_CTX_EXECUTION_DATE=2022-09-16T14:19:51.133099+00:00
AIRFLOW_CTX_TRY_NUMBER=1
AIRFLOW_CTX_DAG_RUN_ID=scheduled__2022-09-16T14:19:51.133099+00:00
[2022-09-16 14:29:55,182] {logging_mixin.py:115} INFO - Time to generate customer profiles table: 0.0077s
[2022-09-16 14:29:55,187] {logging_mixin.py:115} INFO - Time to generate terminal profiles table: 0.0051s
[2022-09-16 14:29:55,388] {logging_mixin.py:115} INFO - Time to associate terminals to customers: 0.2s
[2022-09-16 14:30:13,544] {logging_mixin.py:115} INFO - Time to generate transactions: 1.8e+01s
[2022-09-16 14:30:13,663] {logging_mixin.py:115} INFO - Number of frauds from scenario 1: 228
[2022-09-16 14:30:16,926] {logging_mixin.py:115} INFO - Number of frauds from scenario 2: 18195
[2022-09-16 14:30:21,344] {logging_mixin.py:115} INFO - Number of frauds from scenario 3: 8540
[2022-09-16 14:30:21,345] {client.py:192} INFO - Instantiated <Client(url='http://rc1b-dataproc-m-xzxwmqcudfo0foh0.mdb.yandexcloud.net:9870')>.
[2022-09-16 14:30:21,345] {client.py:305} INFO - Fetching content summary for '/user/airflow/input_files'.
[2022-09-16 14:30:21,564] {client.py:558} INFO - Uploading '/home/ubuntu/fraud-detection-ml/airflow/output_simulation/partition_93.parquet' to '/user/airflow/input_files/partition_93.parquet'.
[2022-09-16 14:30:21,564] {client.py:1123} INFO - Listing '/user/airflow/input_files/partition_93.parquet'.
[2022-09-16 14:30:21,570] {client.py:503} INFO - Writing to '/user/airflow/input_files/partition_93.parquet'.
[2022-09-16 14:30:22,078] {python.py:173} INFO - Done. Returned value was: None
[2022-09-16 14:30:22,084] {taskinstance.py:1415} INFO - Marking task as SUCCESS. dag_id=preprocessing_data, task_id=generate_data, execution_date=20220916T141951, start_date=20220916T142955, end_date=20220916T143022
[2022-09-16 14:30:22,149] {local_task_job.py:156} INFO - Task exited with return code 0
[2022-09-16 14:30:22,174] {local_task_job.py:273} INFO - 1 downstream tasks scheduled from follow-on schedule check
