[2022-09-15 13:57:50,073] {taskinstance.py:1179} INFO - Dependencies all met for <TaskInstance: preprocessing_data.generate_data scheduled__2022-09-15T13:47:46.846803+00:00 [queued]>
[2022-09-15 13:57:50,077] {taskinstance.py:1179} INFO - Dependencies all met for <TaskInstance: preprocessing_data.generate_data scheduled__2022-09-15T13:47:46.846803+00:00 [queued]>
[2022-09-15 13:57:50,077] {taskinstance.py:1376} INFO - 
--------------------------------------------------------------------------------
[2022-09-15 13:57:50,077] {taskinstance.py:1377} INFO - Starting attempt 1 of 2
[2022-09-15 13:57:50,077] {taskinstance.py:1378} INFO - 
--------------------------------------------------------------------------------
[2022-09-15 13:57:50,094] {taskinstance.py:1397} INFO - Executing <Task(PythonOperator): generate_data> on 2022-09-15 13:47:46.846803+00:00
[2022-09-15 13:57:50,099] {standard_task_runner.py:52} INFO - Started process 10884 to run task
[2022-09-15 13:57:50,102] {standard_task_runner.py:79} INFO - Running: ['airflow', 'tasks', 'run', 'preprocessing_data', 'generate_data', 'scheduled__2022-09-15T13:47:46.846803+00:00', '--job-id', '229', '--raw', '--subdir', 'DAGS_FOLDER/model_dag.py', '--cfg-path', '/tmp/tmpbqgxilh5', '--error-file', '/tmp/tmp9gia7ihd']
[2022-09-15 13:57:50,103] {standard_task_runner.py:80} INFO - Job 229: Subtask generate_data
[2022-09-15 13:57:50,147] {task_command.py:371} INFO - Running <TaskInstance: preprocessing_data.generate_data scheduled__2022-09-15T13:47:46.846803+00:00 [running]> on host rc1b-dataproc-m-xzxwmqcudfo0foh0.mdb.yandexcloud.net
[2022-09-15 13:57:50,192] {taskinstance.py:1589} INFO - Exporting the following env vars:
AIRFLOW_CTX_DAG_EMAIL=airflow@example.com
AIRFLOW_CTX_DAG_OWNER=airflow
AIRFLOW_CTX_DAG_ID=preprocessing_data
AIRFLOW_CTX_TASK_ID=generate_data
AIRFLOW_CTX_EXECUTION_DATE=2022-09-15T13:47:46.846803+00:00
AIRFLOW_CTX_TRY_NUMBER=1
AIRFLOW_CTX_DAG_RUN_ID=scheduled__2022-09-15T13:47:46.846803+00:00
[2022-09-15 13:57:50,201] {logging_mixin.py:115} INFO - Time to generate customer profiles table: 0.0075s
[2022-09-15 13:57:50,206] {logging_mixin.py:115} INFO - Time to generate terminal profiles table: 0.0049s
[2022-09-15 13:57:50,396] {logging_mixin.py:115} INFO - Time to associate terminals to customers: 0.19s
[2022-09-15 13:57:52,474] {process_utils.py:125} INFO - Sending Signals.SIGTERM to group 10884. PIDs of all processes in the group: [10884]
[2022-09-15 13:57:52,475] {process_utils.py:80} INFO - Sending the signal Signals.SIGTERM to group 10884
[2022-09-15 13:57:52,475] {taskinstance.py:1561} ERROR - Received SIGTERM. Terminating subprocesses.
[2022-09-15 13:57:55,869] {taskinstance.py:1169} INFO - Dependencies not met for <TaskInstance: preprocessing_data.generate_data scheduled__2022-09-15T13:47:46.846803+00:00 [running]>, dependency 'Task Instance Not Running' FAILED: Task is in the running state
[2022-09-15 13:57:55,870] {taskinstance.py:1169} INFO - Dependencies not met for <TaskInstance: preprocessing_data.generate_data scheduled__2022-09-15T13:47:46.846803+00:00 [running]>, dependency 'Task Instance State' FAILED: Task is in the 'running' state.
[2022-09-15 13:57:55,874] {local_task_job.py:101} INFO - Task is not able to be run
[2022-09-15 13:58:11,365] {logging_mixin.py:115} INFO - Time to generate transactions: 2.1e+01s
[2022-09-15 13:58:11,467] {logging_mixin.py:115} INFO - Number of frauds from scenario 1: 212
[2022-09-15 13:58:14,280] {logging_mixin.py:115} INFO - Number of frauds from scenario 2: 18089
[2022-09-15 13:58:18,351] {logging_mixin.py:115} INFO - Number of frauds from scenario 3: 8708
[2022-09-15 13:58:18,351] {client.py:192} INFO - Instantiated <Client(url='http://rc1b-dataproc-m-xzxwmqcudfo0foh0.mdb.yandexcloud.net:9870')>.
[2022-09-15 13:58:18,351] {client.py:305} INFO - Fetching content summary for '/user/airflow/input_files'.
[2022-09-15 13:58:19,273] {client.py:558} INFO - Uploading '/home/ubuntu/fraud-detection-ml/airflow/output_simulation/partition_66.parquet' to '/user/airflow/input_files/partition_66.parquet'.
[2022-09-15 13:58:19,273] {client.py:1123} INFO - Listing '/user/airflow/input_files/partition_66.parquet'.
[2022-09-15 13:58:19,279] {client.py:503} INFO - Writing to '/user/airflow/input_files/partition_66.parquet'.
[2022-09-15 13:58:20,163] {python.py:173} INFO - Done. Returned value was: None
[2022-09-15 13:58:20,169] {taskinstance.py:1415} INFO - Marking task as SUCCESS. dag_id=preprocessing_data, task_id=generate_data, execution_date=20220915T134746, start_date=20220915T135811, end_date=20220915T135820
