[2022-06-26 15:03:25,745] {taskinstance.py:1159} INFO - Dependencies all met for <TaskInstance: fraud_generation.check_hdfs manual__2022-06-26T14:58:23.206772+00:00 [queued]>
[2022-06-26 15:03:25,755] {taskinstance.py:1159} INFO - Dependencies all met for <TaskInstance: fraud_generation.check_hdfs manual__2022-06-26T14:58:23.206772+00:00 [queued]>
[2022-06-26 15:03:25,755] {taskinstance.py:1356} INFO - 
--------------------------------------------------------------------------------
[2022-06-26 15:03:25,756] {taskinstance.py:1357} INFO - Starting attempt 2 of 2
[2022-06-26 15:03:25,756] {taskinstance.py:1358} INFO - 
--------------------------------------------------------------------------------
[2022-06-26 15:03:25,771] {taskinstance.py:1377} INFO - Executing <Task(BashOperator): check_hdfs> on 2022-06-26 14:58:23.206772+00:00
[2022-06-26 15:03:25,778] {standard_task_runner.py:52} INFO - Started process 344 to run task
[2022-06-26 15:03:25,783] {standard_task_runner.py:79} INFO - Running: ['***', 'tasks', 'run', 'fraud_generation', 'check_hdfs', 'manual__2022-06-26T14:58:23.206772+00:00', '--job-id', '159', '--raw', '--subdir', 'DAGS_FOLDER/fraud_generation_dag.py', '--cfg-path', '/tmp/tmpjenntxer', '--error-file', '/tmp/tmpl14_9wb9']
[2022-06-26 15:03:25,784] {standard_task_runner.py:80} INFO - Job 159: Subtask check_hdfs
[2022-06-26 15:03:25,845] {task_command.py:370} INFO - Running <TaskInstance: fraud_generation.check_hdfs manual__2022-06-26T14:58:23.206772+00:00 [running]> on host e40375faaea0
[2022-06-26 15:03:25,925] {taskinstance.py:1571} INFO - Exporting the following env vars:
AIRFLOW_CTX_DAG_EMAIL=***@example.com
AIRFLOW_CTX_DAG_OWNER=***
AIRFLOW_CTX_DAG_ID=fraud_generation
AIRFLOW_CTX_TASK_ID=check_hdfs
AIRFLOW_CTX_EXECUTION_DATE=2022-06-26T14:58:23.206772+00:00
AIRFLOW_CTX_TRY_NUMBER=2
AIRFLOW_CTX_DAG_RUN_ID=manual__2022-06-26T14:58:23.206772+00:00
[2022-06-26 15:03:25,927] {subprocess.py:62} INFO - Tmp dir root location: 
 /tmp
[2022-06-26 15:03:25,928] {subprocess.py:74} INFO - Running command: ['bash', '-c', 'hdfs dfs -ls /user/hive']
[2022-06-26 15:03:25,939] {subprocess.py:85} INFO - Output:
[2022-06-26 15:03:25,942] {subprocess.py:92} INFO - bash: line 1: hdfs: command not found
[2022-06-26 15:03:25,942] {subprocess.py:96} INFO - Command exited with return code 127
[2022-06-26 15:03:25,959] {taskinstance.py:1889} ERROR - Task failed with exception
Traceback (most recent call last):
  File "/home/airflow/.local/lib/python3.7/site-packages/airflow/operators/bash.py", line 195, in execute
    f'Bash command failed. The command returned a non-zero exit code {result.exit_code}.'
airflow.exceptions.AirflowException: Bash command failed. The command returned a non-zero exit code 127.
[2022-06-26 15:03:25,963] {taskinstance.py:1400} INFO - Marking task as FAILED. dag_id=fraud_generation, task_id=check_hdfs, execution_date=20220626T145823, start_date=20220626T150325, end_date=20220626T150325
[2022-06-26 15:03:25,976] {standard_task_runner.py:97} ERROR - Failed to execute job 159 for task check_hdfs (Bash command failed. The command returned a non-zero exit code 127.; 344)
[2022-06-26 15:03:25,996] {local_task_job.py:156} INFO - Task exited with return code 1
[2022-06-26 15:03:26,034] {local_task_job.py:273} INFO - 0 downstream tasks scheduled from follow-on schedule check
