[2022-08-22 07:36:07,195] {processor.py:153} INFO - Started process (PID=11637) to work on /home/ubuntu/.local/lib/python3.8/site-packages/airflow/example_dags/example_branch_labels.py
[2022-08-22 07:36:07,196] {processor.py:641} INFO - Processing file /home/ubuntu/.local/lib/python3.8/site-packages/airflow/example_dags/example_branch_labels.py for tasks to queue
[2022-08-22 07:36:07,196] {logging_mixin.py:115} INFO - [2022-08-22 07:36:07,196] {dagbag.py:508} INFO - Filling up the DagBag from /home/ubuntu/.local/lib/python3.8/site-packages/airflow/example_dags/example_branch_labels.py
[2022-08-22 07:36:07,205] {processor.py:651} INFO - DAG(s) dict_keys(['example_branch_labels']) retrieved from /home/ubuntu/.local/lib/python3.8/site-packages/airflow/example_dags/example_branch_labels.py
[2022-08-22 07:36:07,224] {logging_mixin.py:115} INFO - [2022-08-22 07:36:07,224] {dag.py:2420} INFO - Sync 1 DAGs
[2022-08-22 07:36:07,248] {logging_mixin.py:115} INFO - [2022-08-22 07:36:07,247] {dag.py:2968} INFO - Setting next_dagrun for example_branch_labels to 2022-08-21T00:00:00+00:00, run_after=2022-08-22T00:00:00+00:00
[2022-08-22 07:36:07,277] {processor.py:161} INFO - Processing /home/ubuntu/.local/lib/python3.8/site-packages/airflow/example_dags/example_branch_labels.py took 0.086 seconds
[2022-08-22 07:36:41,598] {processor.py:153} INFO - Started process (PID=11719) to work on /home/ubuntu/.local/lib/python3.8/site-packages/airflow/example_dags/example_branch_labels.py
[2022-08-22 07:36:41,598] {processor.py:641} INFO - Processing file /home/ubuntu/.local/lib/python3.8/site-packages/airflow/example_dags/example_branch_labels.py for tasks to queue
[2022-08-22 07:36:41,599] {logging_mixin.py:115} INFO - [2022-08-22 07:36:41,599] {dagbag.py:508} INFO - Filling up the DagBag from /home/ubuntu/.local/lib/python3.8/site-packages/airflow/example_dags/example_branch_labels.py
[2022-08-22 07:36:41,605] {processor.py:651} INFO - DAG(s) dict_keys(['example_branch_labels']) retrieved from /home/ubuntu/.local/lib/python3.8/site-packages/airflow/example_dags/example_branch_labels.py
[2022-08-22 07:36:41,620] {logging_mixin.py:115} INFO - [2022-08-22 07:36:41,620] {dag.py:2420} INFO - Sync 1 DAGs
[2022-08-22 07:36:41,639] {logging_mixin.py:115} INFO - [2022-08-22 07:36:41,639] {dag.py:2968} INFO - Setting next_dagrun for example_branch_labels to 2022-08-21T00:00:00+00:00, run_after=2022-08-22T00:00:00+00:00
[2022-08-22 07:36:41,653] {processor.py:161} INFO - Processing /home/ubuntu/.local/lib/python3.8/site-packages/airflow/example_dags/example_branch_labels.py took 0.058 seconds
[2022-08-22 07:37:18,914] {processor.py:153} INFO - Started process (PID=12073) to work on /home/ubuntu/.local/lib/python3.8/site-packages/airflow/example_dags/example_branch_labels.py
[2022-08-22 07:37:18,917] {processor.py:641} INFO - Processing file /home/ubuntu/.local/lib/python3.8/site-packages/airflow/example_dags/example_branch_labels.py for tasks to queue
[2022-08-22 07:37:18,918] {logging_mixin.py:115} INFO - [2022-08-22 07:37:18,918] {dagbag.py:508} INFO - Filling up the DagBag from /home/ubuntu/.local/lib/python3.8/site-packages/airflow/example_dags/example_branch_labels.py
[2022-08-22 07:37:18,926] {processor.py:651} INFO - DAG(s) dict_keys(['example_branch_labels']) retrieved from /home/ubuntu/.local/lib/python3.8/site-packages/airflow/example_dags/example_branch_labels.py
[2022-08-22 07:37:18,944] {logging_mixin.py:115} INFO - [2022-08-22 07:37:18,944] {dag.py:2420} INFO - Sync 1 DAGs
[2022-08-22 07:37:18,967] {logging_mixin.py:115} INFO - [2022-08-22 07:37:18,967] {dag.py:2968} INFO - Setting next_dagrun for example_branch_labels to 2022-08-21T00:00:00+00:00, run_after=2022-08-22T00:00:00+00:00
[2022-08-22 07:37:18,985] {processor.py:161} INFO - Processing /home/ubuntu/.local/lib/python3.8/site-packages/airflow/example_dags/example_branch_labels.py took 0.075 seconds
[2022-08-22 07:37:53,070] {processor.py:153} INFO - Started process (PID=12123) to work on /home/ubuntu/.local/lib/python3.8/site-packages/airflow/example_dags/example_branch_labels.py
[2022-08-22 07:37:53,071] {processor.py:641} INFO - Processing file /home/ubuntu/.local/lib/python3.8/site-packages/airflow/example_dags/example_branch_labels.py for tasks to queue
[2022-08-22 07:37:53,071] {logging_mixin.py:115} INFO - [2022-08-22 07:37:53,071] {dagbag.py:508} INFO - Filling up the DagBag from /home/ubuntu/.local/lib/python3.8/site-packages/airflow/example_dags/example_branch_labels.py
[2022-08-22 07:37:53,079] {processor.py:651} INFO - DAG(s) dict_keys(['example_branch_labels']) retrieved from /home/ubuntu/.local/lib/python3.8/site-packages/airflow/example_dags/example_branch_labels.py
[2022-08-22 07:37:53,098] {logging_mixin.py:115} INFO - [2022-08-22 07:37:53,098] {dag.py:2420} INFO - Sync 1 DAGs
[2022-08-22 07:37:53,121] {logging_mixin.py:115} INFO - [2022-08-22 07:37:53,121] {dag.py:2968} INFO - Setting next_dagrun for example_branch_labels to 2022-08-21T00:00:00+00:00, run_after=2022-08-22T00:00:00+00:00
[2022-08-22 07:37:53,144] {processor.py:161} INFO - Processing /home/ubuntu/.local/lib/python3.8/site-packages/airflow/example_dags/example_branch_labels.py took 0.078 seconds
[2022-08-22 07:38:30,132] {processor.py:153} INFO - Started process (PID=12258) to work on /home/ubuntu/.local/lib/python3.8/site-packages/airflow/example_dags/example_branch_labels.py
[2022-08-22 07:38:30,135] {processor.py:641} INFO - Processing file /home/ubuntu/.local/lib/python3.8/site-packages/airflow/example_dags/example_branch_labels.py for tasks to queue
[2022-08-22 07:38:30,135] {logging_mixin.py:115} INFO - [2022-08-22 07:38:30,135] {dagbag.py:508} INFO - Filling up the DagBag from /home/ubuntu/.local/lib/python3.8/site-packages/airflow/example_dags/example_branch_labels.py
[2022-08-22 07:38:30,143] {processor.py:651} INFO - DAG(s) dict_keys(['example_branch_labels']) retrieved from /home/ubuntu/.local/lib/python3.8/site-packages/airflow/example_dags/example_branch_labels.py
[2022-08-22 07:38:30,162] {logging_mixin.py:115} INFO - [2022-08-22 07:38:30,162] {dag.py:2420} INFO - Sync 1 DAGs
[2022-08-22 07:38:30,186] {logging_mixin.py:115} INFO - [2022-08-22 07:38:30,186] {dag.py:2968} INFO - Setting next_dagrun for example_branch_labels to 2022-08-21T00:00:00+00:00, run_after=2022-08-22T00:00:00+00:00
[2022-08-22 07:38:30,212] {processor.py:161} INFO - Processing /home/ubuntu/.local/lib/python3.8/site-packages/airflow/example_dags/example_branch_labels.py took 0.084 seconds
[2022-08-22 07:39:05,293] {processor.py:153} INFO - Started process (PID=12305) to work on /home/ubuntu/.local/lib/python3.8/site-packages/airflow/example_dags/example_branch_labels.py
[2022-08-22 07:39:05,294] {processor.py:641} INFO - Processing file /home/ubuntu/.local/lib/python3.8/site-packages/airflow/example_dags/example_branch_labels.py for tasks to queue
[2022-08-22 07:39:05,295] {logging_mixin.py:115} INFO - [2022-08-22 07:39:05,294] {dagbag.py:508} INFO - Filling up the DagBag from /home/ubuntu/.local/lib/python3.8/site-packages/airflow/example_dags/example_branch_labels.py
[2022-08-22 07:39:05,301] {processor.py:651} INFO - DAG(s) dict_keys(['example_branch_labels']) retrieved from /home/ubuntu/.local/lib/python3.8/site-packages/airflow/example_dags/example_branch_labels.py
[2022-08-22 07:39:05,315] {logging_mixin.py:115} INFO - [2022-08-22 07:39:05,315] {dag.py:2420} INFO - Sync 1 DAGs
[2022-08-22 07:39:05,332] {logging_mixin.py:115} INFO - [2022-08-22 07:39:05,332] {dag.py:2968} INFO - Setting next_dagrun for example_branch_labels to 2022-08-21T00:00:00+00:00, run_after=2022-08-22T00:00:00+00:00
[2022-08-22 07:39:05,355] {processor.py:161} INFO - Processing /home/ubuntu/.local/lib/python3.8/site-packages/airflow/example_dags/example_branch_labels.py took 0.066 seconds
[2022-08-22 07:39:39,715] {processor.py:153} INFO - Started process (PID=12347) to work on /home/ubuntu/.local/lib/python3.8/site-packages/airflow/example_dags/example_branch_labels.py
[2022-08-22 07:39:39,716] {processor.py:641} INFO - Processing file /home/ubuntu/.local/lib/python3.8/site-packages/airflow/example_dags/example_branch_labels.py for tasks to queue
[2022-08-22 07:39:39,717] {logging_mixin.py:115} INFO - [2022-08-22 07:39:39,717] {dagbag.py:508} INFO - Filling up the DagBag from /home/ubuntu/.local/lib/python3.8/site-packages/airflow/example_dags/example_branch_labels.py
[2022-08-22 07:39:39,725] {processor.py:651} INFO - DAG(s) dict_keys(['example_branch_labels']) retrieved from /home/ubuntu/.local/lib/python3.8/site-packages/airflow/example_dags/example_branch_labels.py
[2022-08-22 07:39:39,743] {logging_mixin.py:115} INFO - [2022-08-22 07:39:39,743] {dag.py:2420} INFO - Sync 1 DAGs
[2022-08-22 07:39:39,766] {logging_mixin.py:115} INFO - [2022-08-22 07:39:39,766] {dag.py:2968} INFO - Setting next_dagrun for example_branch_labels to 2022-08-21T00:00:00+00:00, run_after=2022-08-22T00:00:00+00:00
[2022-08-22 07:39:39,784] {processor.py:161} INFO - Processing /home/ubuntu/.local/lib/python3.8/site-packages/airflow/example_dags/example_branch_labels.py took 0.073 seconds
