[2022-08-22 07:36:26,102] {processor.py:153} INFO - Started process (PID=11681) to work on /home/ubuntu/.local/lib/python3.8/site-packages/airflow/example_dags/example_complex.py
[2022-08-22 07:36:26,102] {processor.py:641} INFO - Processing file /home/ubuntu/.local/lib/python3.8/site-packages/airflow/example_dags/example_complex.py for tasks to queue
[2022-08-22 07:36:26,103] {logging_mixin.py:115} INFO - [2022-08-22 07:36:26,103] {dagbag.py:508} INFO - Filling up the DagBag from /home/ubuntu/.local/lib/python3.8/site-packages/airflow/example_dags/example_complex.py
[2022-08-22 07:36:26,115] {processor.py:651} INFO - DAG(s) dict_keys(['example_complex']) retrieved from /home/ubuntu/.local/lib/python3.8/site-packages/airflow/example_dags/example_complex.py
[2022-08-22 07:36:26,135] {logging_mixin.py:115} INFO - [2022-08-22 07:36:26,135] {dag.py:2420} INFO - Sync 1 DAGs
[2022-08-22 07:36:26,149] {logging_mixin.py:115} INFO - [2022-08-22 07:36:26,149] {dag.py:2968} INFO - Setting next_dagrun for example_complex to None, run_after=None
[2022-08-22 07:36:26,173] {processor.py:161} INFO - Processing /home/ubuntu/.local/lib/python3.8/site-packages/airflow/example_dags/example_complex.py took 0.074 seconds
[2022-08-22 07:37:03,058] {processor.py:153} INFO - Started process (PID=11876) to work on /home/ubuntu/.local/lib/python3.8/site-packages/airflow/example_dags/example_complex.py
[2022-08-22 07:37:03,061] {processor.py:641} INFO - Processing file /home/ubuntu/.local/lib/python3.8/site-packages/airflow/example_dags/example_complex.py for tasks to queue
[2022-08-22 07:37:03,061] {logging_mixin.py:115} INFO - [2022-08-22 07:37:03,061] {dagbag.py:508} INFO - Filling up the DagBag from /home/ubuntu/.local/lib/python3.8/site-packages/airflow/example_dags/example_complex.py
[2022-08-22 07:37:03,073] {processor.py:651} INFO - DAG(s) dict_keys(['example_complex']) retrieved from /home/ubuntu/.local/lib/python3.8/site-packages/airflow/example_dags/example_complex.py
[2022-08-22 07:37:03,098] {logging_mixin.py:115} INFO - [2022-08-22 07:37:03,098] {dag.py:2420} INFO - Sync 1 DAGs
[2022-08-22 07:37:03,116] {logging_mixin.py:115} INFO - [2022-08-22 07:37:03,116] {dag.py:2968} INFO - Setting next_dagrun for example_complex to None, run_after=None
[2022-08-22 07:37:03,156] {processor.py:161} INFO - Processing /home/ubuntu/.local/lib/python3.8/site-packages/airflow/example_dags/example_complex.py took 0.101 seconds
[2022-08-22 07:37:41,577] {processor.py:153} INFO - Started process (PID=12107) to work on /home/ubuntu/.local/lib/python3.8/site-packages/airflow/example_dags/example_complex.py
[2022-08-22 07:37:41,578] {processor.py:641} INFO - Processing file /home/ubuntu/.local/lib/python3.8/site-packages/airflow/example_dags/example_complex.py for tasks to queue
[2022-08-22 07:37:41,579] {logging_mixin.py:115} INFO - [2022-08-22 07:37:41,579] {dagbag.py:508} INFO - Filling up the DagBag from /home/ubuntu/.local/lib/python3.8/site-packages/airflow/example_dags/example_complex.py
[2022-08-22 07:37:41,588] {processor.py:651} INFO - DAG(s) dict_keys(['example_complex']) retrieved from /home/ubuntu/.local/lib/python3.8/site-packages/airflow/example_dags/example_complex.py
[2022-08-22 07:37:41,608] {logging_mixin.py:115} INFO - [2022-08-22 07:37:41,608] {dag.py:2420} INFO - Sync 1 DAGs
[2022-08-22 07:37:41,622] {logging_mixin.py:115} INFO - [2022-08-22 07:37:41,622] {dag.py:2968} INFO - Setting next_dagrun for example_complex to None, run_after=None
[2022-08-22 07:37:41,637] {processor.py:161} INFO - Processing /home/ubuntu/.local/lib/python3.8/site-packages/airflow/example_dags/example_complex.py took 0.063 seconds
[2022-08-22 07:38:18,514] {processor.py:153} INFO - Started process (PID=12232) to work on /home/ubuntu/.local/lib/python3.8/site-packages/airflow/example_dags/example_complex.py
[2022-08-22 07:38:18,515] {processor.py:641} INFO - Processing file /home/ubuntu/.local/lib/python3.8/site-packages/airflow/example_dags/example_complex.py for tasks to queue
[2022-08-22 07:38:18,516] {logging_mixin.py:115} INFO - [2022-08-22 07:38:18,516] {dagbag.py:508} INFO - Filling up the DagBag from /home/ubuntu/.local/lib/python3.8/site-packages/airflow/example_dags/example_complex.py
[2022-08-22 07:38:18,529] {processor.py:651} INFO - DAG(s) dict_keys(['example_complex']) retrieved from /home/ubuntu/.local/lib/python3.8/site-packages/airflow/example_dags/example_complex.py
[2022-08-22 07:38:18,555] {logging_mixin.py:115} INFO - [2022-08-22 07:38:18,555] {dag.py:2420} INFO - Sync 1 DAGs
[2022-08-22 07:38:18,573] {logging_mixin.py:115} INFO - [2022-08-22 07:38:18,573] {dag.py:2968} INFO - Setting next_dagrun for example_complex to None, run_after=None
[2022-08-22 07:38:18,591] {processor.py:161} INFO - Processing /home/ubuntu/.local/lib/python3.8/site-packages/airflow/example_dags/example_complex.py took 0.081 seconds
[2022-08-22 07:38:54,939] {processor.py:153} INFO - Started process (PID=12293) to work on /home/ubuntu/.local/lib/python3.8/site-packages/airflow/example_dags/example_complex.py
[2022-08-22 07:38:54,941] {processor.py:641} INFO - Processing file /home/ubuntu/.local/lib/python3.8/site-packages/airflow/example_dags/example_complex.py for tasks to queue
[2022-08-22 07:38:54,942] {logging_mixin.py:115} INFO - [2022-08-22 07:38:54,942] {dagbag.py:508} INFO - Filling up the DagBag from /home/ubuntu/.local/lib/python3.8/site-packages/airflow/example_dags/example_complex.py
[2022-08-22 07:38:54,952] {processor.py:651} INFO - DAG(s) dict_keys(['example_complex']) retrieved from /home/ubuntu/.local/lib/python3.8/site-packages/airflow/example_dags/example_complex.py
[2022-08-22 07:38:54,972] {logging_mixin.py:115} INFO - [2022-08-22 07:38:54,972] {dag.py:2420} INFO - Sync 1 DAGs
[2022-08-22 07:38:54,985] {logging_mixin.py:115} INFO - [2022-08-22 07:38:54,985] {dag.py:2968} INFO - Setting next_dagrun for example_complex to None, run_after=None
[2022-08-22 07:38:55,000] {processor.py:161} INFO - Processing /home/ubuntu/.local/lib/python3.8/site-packages/airflow/example_dags/example_complex.py took 0.064 seconds
[2022-08-22 07:39:29,944] {processor.py:153} INFO - Started process (PID=12336) to work on /home/ubuntu/.local/lib/python3.8/site-packages/airflow/example_dags/example_complex.py
[2022-08-22 07:39:29,945] {processor.py:641} INFO - Processing file /home/ubuntu/.local/lib/python3.8/site-packages/airflow/example_dags/example_complex.py for tasks to queue
[2022-08-22 07:39:29,946] {logging_mixin.py:115} INFO - [2022-08-22 07:39:29,946] {dagbag.py:508} INFO - Filling up the DagBag from /home/ubuntu/.local/lib/python3.8/site-packages/airflow/example_dags/example_complex.py
[2022-08-22 07:39:29,958] {processor.py:651} INFO - DAG(s) dict_keys(['example_complex']) retrieved from /home/ubuntu/.local/lib/python3.8/site-packages/airflow/example_dags/example_complex.py
[2022-08-22 07:39:29,983] {logging_mixin.py:115} INFO - [2022-08-22 07:39:29,983] {dag.py:2420} INFO - Sync 1 DAGs
[2022-08-22 07:39:30,001] {logging_mixin.py:115} INFO - [2022-08-22 07:39:30,001] {dag.py:2968} INFO - Setting next_dagrun for example_complex to None, run_after=None
[2022-08-22 07:39:30,021] {processor.py:161} INFO - Processing /home/ubuntu/.local/lib/python3.8/site-packages/airflow/example_dags/example_complex.py took 0.082 seconds
