[2022-08-22 07:36:22,478] {processor.py:153} INFO - Started process (PID=11675) to work on /home/ubuntu/.local/lib/python3.8/site-packages/airflow/example_dags/example_local_kubernetes_executor.py
[2022-08-22 07:36:22,479] {processor.py:641} INFO - Processing file /home/ubuntu/.local/lib/python3.8/site-packages/airflow/example_dags/example_local_kubernetes_executor.py for tasks to queue
[2022-08-22 07:36:22,479] {logging_mixin.py:115} INFO - [2022-08-22 07:36:22,479] {dagbag.py:508} INFO - Filling up the DagBag from /home/ubuntu/.local/lib/python3.8/site-packages/airflow/example_dags/example_local_kubernetes_executor.py
[2022-08-22 07:36:22,491] {logging_mixin.py:115} INFO - [2022-08-22 07:36:22,491] {example_local_kubernetes_executor.py:37} WARNING - Could not import DAGs in example_local_kubernetes_executor.py
Traceback (most recent call last):
  File "/home/ubuntu/.local/lib/python3.8/site-packages/airflow/example_dags/example_local_kubernetes_executor.py", line 35, in <module>
    from kubernetes.client import models as k8s
ModuleNotFoundError: No module named 'kubernetes'
[2022-08-22 07:36:22,491] {logging_mixin.py:115} INFO - [2022-08-22 07:36:22,491] {example_local_kubernetes_executor.py:38} WARNING - Install Kubernetes dependencies with: pip install apache-airflow[cncf.kubernetes]
[2022-08-22 07:36:22,491] {processor.py:653} WARNING - No viable dags retrieved from /home/ubuntu/.local/lib/python3.8/site-packages/airflow/example_dags/example_local_kubernetes_executor.py
[2022-08-22 07:36:22,500] {processor.py:161} INFO - Processing /home/ubuntu/.local/lib/python3.8/site-packages/airflow/example_dags/example_local_kubernetes_executor.py took 0.025 seconds
[2022-08-22 07:36:58,979] {processor.py:153} INFO - Started process (PID=11840) to work on /home/ubuntu/.local/lib/python3.8/site-packages/airflow/example_dags/example_local_kubernetes_executor.py
[2022-08-22 07:36:58,980] {processor.py:641} INFO - Processing file /home/ubuntu/.local/lib/python3.8/site-packages/airflow/example_dags/example_local_kubernetes_executor.py for tasks to queue
[2022-08-22 07:36:58,981] {logging_mixin.py:115} INFO - [2022-08-22 07:36:58,981] {dagbag.py:508} INFO - Filling up the DagBag from /home/ubuntu/.local/lib/python3.8/site-packages/airflow/example_dags/example_local_kubernetes_executor.py
[2022-08-22 07:36:58,997] {logging_mixin.py:115} INFO - [2022-08-22 07:36:58,996] {example_local_kubernetes_executor.py:37} WARNING - Could not import DAGs in example_local_kubernetes_executor.py
Traceback (most recent call last):
  File "/home/ubuntu/.local/lib/python3.8/site-packages/airflow/example_dags/example_local_kubernetes_executor.py", line 35, in <module>
    from kubernetes.client import models as k8s
ModuleNotFoundError: No module named 'kubernetes'
[2022-08-22 07:36:58,997] {logging_mixin.py:115} INFO - [2022-08-22 07:36:58,997] {example_local_kubernetes_executor.py:38} WARNING - Install Kubernetes dependencies with: pip install apache-airflow[cncf.kubernetes]
[2022-08-22 07:36:58,997] {processor.py:653} WARNING - No viable dags retrieved from /home/ubuntu/.local/lib/python3.8/site-packages/airflow/example_dags/example_local_kubernetes_executor.py
[2022-08-22 07:36:59,028] {processor.py:161} INFO - Processing /home/ubuntu/.local/lib/python3.8/site-packages/airflow/example_dags/example_local_kubernetes_executor.py took 0.053 seconds
[2022-08-22 07:37:34,779] {processor.py:153} INFO - Started process (PID=12097) to work on /home/ubuntu/.local/lib/python3.8/site-packages/airflow/example_dags/example_local_kubernetes_executor.py
[2022-08-22 07:37:34,780] {processor.py:641} INFO - Processing file /home/ubuntu/.local/lib/python3.8/site-packages/airflow/example_dags/example_local_kubernetes_executor.py for tasks to queue
[2022-08-22 07:37:34,780] {logging_mixin.py:115} INFO - [2022-08-22 07:37:34,780] {dagbag.py:508} INFO - Filling up the DagBag from /home/ubuntu/.local/lib/python3.8/site-packages/airflow/example_dags/example_local_kubernetes_executor.py
[2022-08-22 07:37:34,797] {logging_mixin.py:115} INFO - [2022-08-22 07:37:34,797] {example_local_kubernetes_executor.py:37} WARNING - Could not import DAGs in example_local_kubernetes_executor.py
Traceback (most recent call last):
  File "/home/ubuntu/.local/lib/python3.8/site-packages/airflow/example_dags/example_local_kubernetes_executor.py", line 35, in <module>
    from kubernetes.client import models as k8s
ModuleNotFoundError: No module named 'kubernetes'
[2022-08-22 07:37:34,797] {logging_mixin.py:115} INFO - [2022-08-22 07:37:34,797] {example_local_kubernetes_executor.py:38} WARNING - Install Kubernetes dependencies with: pip install apache-airflow[cncf.kubernetes]
[2022-08-22 07:37:34,798] {processor.py:653} WARNING - No viable dags retrieved from /home/ubuntu/.local/lib/python3.8/site-packages/airflow/example_dags/example_local_kubernetes_executor.py
[2022-08-22 07:37:34,810] {processor.py:161} INFO - Processing /home/ubuntu/.local/lib/python3.8/site-packages/airflow/example_dags/example_local_kubernetes_executor.py took 0.036 seconds
[2022-08-22 07:38:13,327] {processor.py:153} INFO - Started process (PID=12159) to work on /home/ubuntu/.local/lib/python3.8/site-packages/airflow/example_dags/example_local_kubernetes_executor.py
[2022-08-22 07:38:13,328] {processor.py:641} INFO - Processing file /home/ubuntu/.local/lib/python3.8/site-packages/airflow/example_dags/example_local_kubernetes_executor.py for tasks to queue
[2022-08-22 07:38:13,329] {logging_mixin.py:115} INFO - [2022-08-22 07:38:13,329] {dagbag.py:508} INFO - Filling up the DagBag from /home/ubuntu/.local/lib/python3.8/site-packages/airflow/example_dags/example_local_kubernetes_executor.py
[2022-08-22 07:38:13,345] {logging_mixin.py:115} INFO - [2022-08-22 07:38:13,345] {example_local_kubernetes_executor.py:37} WARNING - Could not import DAGs in example_local_kubernetes_executor.py
Traceback (most recent call last):
  File "/home/ubuntu/.local/lib/python3.8/site-packages/airflow/example_dags/example_local_kubernetes_executor.py", line 35, in <module>
    from kubernetes.client import models as k8s
ModuleNotFoundError: No module named 'kubernetes'
[2022-08-22 07:38:13,345] {logging_mixin.py:115} INFO - [2022-08-22 07:38:13,345] {example_local_kubernetes_executor.py:38} WARNING - Install Kubernetes dependencies with: pip install apache-airflow[cncf.kubernetes]
[2022-08-22 07:38:13,345] {processor.py:653} WARNING - No viable dags retrieved from /home/ubuntu/.local/lib/python3.8/site-packages/airflow/example_dags/example_local_kubernetes_executor.py
[2022-08-22 07:38:13,361] {processor.py:161} INFO - Processing /home/ubuntu/.local/lib/python3.8/site-packages/airflow/example_dags/example_local_kubernetes_executor.py took 0.038 seconds
[2022-08-22 07:38:48,952] {processor.py:153} INFO - Started process (PID=12287) to work on /home/ubuntu/.local/lib/python3.8/site-packages/airflow/example_dags/example_local_kubernetes_executor.py
[2022-08-22 07:38:48,953] {processor.py:641} INFO - Processing file /home/ubuntu/.local/lib/python3.8/site-packages/airflow/example_dags/example_local_kubernetes_executor.py for tasks to queue
[2022-08-22 07:38:48,953] {logging_mixin.py:115} INFO - [2022-08-22 07:38:48,953] {dagbag.py:508} INFO - Filling up the DagBag from /home/ubuntu/.local/lib/python3.8/site-packages/airflow/example_dags/example_local_kubernetes_executor.py
[2022-08-22 07:38:48,969] {logging_mixin.py:115} INFO - [2022-08-22 07:38:48,968] {example_local_kubernetes_executor.py:37} WARNING - Could not import DAGs in example_local_kubernetes_executor.py
Traceback (most recent call last):
  File "/home/ubuntu/.local/lib/python3.8/site-packages/airflow/example_dags/example_local_kubernetes_executor.py", line 35, in <module>
    from kubernetes.client import models as k8s
ModuleNotFoundError: No module named 'kubernetes'
[2022-08-22 07:38:48,969] {logging_mixin.py:115} INFO - [2022-08-22 07:38:48,969] {example_local_kubernetes_executor.py:38} WARNING - Install Kubernetes dependencies with: pip install apache-airflow[cncf.kubernetes]
[2022-08-22 07:38:48,969] {processor.py:653} WARNING - No viable dags retrieved from /home/ubuntu/.local/lib/python3.8/site-packages/airflow/example_dags/example_local_kubernetes_executor.py
[2022-08-22 07:38:48,984] {processor.py:161} INFO - Processing /home/ubuntu/.local/lib/python3.8/site-packages/airflow/example_dags/example_local_kubernetes_executor.py took 0.037 seconds
[2022-08-22 07:39:24,779] {processor.py:153} INFO - Started process (PID=12329) to work on /home/ubuntu/.local/lib/python3.8/site-packages/airflow/example_dags/example_local_kubernetes_executor.py
[2022-08-22 07:39:24,780] {processor.py:641} INFO - Processing file /home/ubuntu/.local/lib/python3.8/site-packages/airflow/example_dags/example_local_kubernetes_executor.py for tasks to queue
[2022-08-22 07:39:24,781] {logging_mixin.py:115} INFO - [2022-08-22 07:39:24,781] {dagbag.py:508} INFO - Filling up the DagBag from /home/ubuntu/.local/lib/python3.8/site-packages/airflow/example_dags/example_local_kubernetes_executor.py
[2022-08-22 07:39:24,796] {logging_mixin.py:115} INFO - [2022-08-22 07:39:24,796] {example_local_kubernetes_executor.py:37} WARNING - Could not import DAGs in example_local_kubernetes_executor.py
Traceback (most recent call last):
  File "/home/ubuntu/.local/lib/python3.8/site-packages/airflow/example_dags/example_local_kubernetes_executor.py", line 35, in <module>
    from kubernetes.client import models as k8s
ModuleNotFoundError: No module named 'kubernetes'
[2022-08-22 07:39:24,797] {logging_mixin.py:115} INFO - [2022-08-22 07:39:24,796] {example_local_kubernetes_executor.py:38} WARNING - Install Kubernetes dependencies with: pip install apache-airflow[cncf.kubernetes]
[2022-08-22 07:39:24,797] {processor.py:653} WARNING - No viable dags retrieved from /home/ubuntu/.local/lib/python3.8/site-packages/airflow/example_dags/example_local_kubernetes_executor.py
[2022-08-22 07:39:24,812] {processor.py:161} INFO - Processing /home/ubuntu/.local/lib/python3.8/site-packages/airflow/example_dags/example_local_kubernetes_executor.py took 0.037 seconds
