[2022-08-22 07:36:05,660] {processor.py:153} INFO - Started process (PID=11629) to work on /home/ubuntu/.local/lib/python3.8/site-packages/airflow/example_dags/example_branch_day_of_week_operator.py
[2022-08-22 07:36:05,661] {processor.py:641} INFO - Processing file /home/ubuntu/.local/lib/python3.8/site-packages/airflow/example_dags/example_branch_day_of_week_operator.py for tasks to queue
[2022-08-22 07:36:05,661] {logging_mixin.py:115} INFO - [2022-08-22 07:36:05,661] {dagbag.py:508} INFO - Filling up the DagBag from /home/ubuntu/.local/lib/python3.8/site-packages/airflow/example_dags/example_branch_day_of_week_operator.py
[2022-08-22 07:36:05,672] {processor.py:651} INFO - DAG(s) dict_keys(['example_weekday_branch_operator']) retrieved from /home/ubuntu/.local/lib/python3.8/site-packages/airflow/example_dags/example_branch_day_of_week_operator.py
[2022-08-22 07:36:05,690] {logging_mixin.py:115} INFO - [2022-08-22 07:36:05,690] {dag.py:2420} INFO - Sync 1 DAGs
[2022-08-22 07:36:05,714] {logging_mixin.py:115} INFO - [2022-08-22 07:36:05,714] {dag.py:2968} INFO - Setting next_dagrun for example_weekday_branch_operator to 2022-08-21T00:00:00+00:00, run_after=2022-08-22T00:00:00+00:00
[2022-08-22 07:36:05,741] {processor.py:161} INFO - Processing /home/ubuntu/.local/lib/python3.8/site-packages/airflow/example_dags/example_branch_day_of_week_operator.py took 0.085 seconds
[2022-08-22 07:36:39,284] {processor.py:153} INFO - Started process (PID=11717) to work on /home/ubuntu/.local/lib/python3.8/site-packages/airflow/example_dags/example_branch_day_of_week_operator.py
[2022-08-22 07:36:39,286] {processor.py:641} INFO - Processing file /home/ubuntu/.local/lib/python3.8/site-packages/airflow/example_dags/example_branch_day_of_week_operator.py for tasks to queue
[2022-08-22 07:36:39,287] {logging_mixin.py:115} INFO - [2022-08-22 07:36:39,287] {dagbag.py:508} INFO - Filling up the DagBag from /home/ubuntu/.local/lib/python3.8/site-packages/airflow/example_dags/example_branch_day_of_week_operator.py
[2022-08-22 07:36:39,295] {processor.py:651} INFO - DAG(s) dict_keys(['example_weekday_branch_operator']) retrieved from /home/ubuntu/.local/lib/python3.8/site-packages/airflow/example_dags/example_branch_day_of_week_operator.py
[2022-08-22 07:36:39,308] {logging_mixin.py:115} INFO - [2022-08-22 07:36:39,308] {dag.py:2420} INFO - Sync 1 DAGs
[2022-08-22 07:36:39,326] {logging_mixin.py:115} INFO - [2022-08-22 07:36:39,326] {dag.py:2968} INFO - Setting next_dagrun for example_weekday_branch_operator to 2022-08-21T00:00:00+00:00, run_after=2022-08-22T00:00:00+00:00
[2022-08-22 07:36:39,363] {processor.py:161} INFO - Processing /home/ubuntu/.local/lib/python3.8/site-packages/airflow/example_dags/example_branch_day_of_week_operator.py took 0.082 seconds
[2022-08-22 07:37:16,782] {processor.py:153} INFO - Started process (PID=12066) to work on /home/ubuntu/.local/lib/python3.8/site-packages/airflow/example_dags/example_branch_day_of_week_operator.py
[2022-08-22 07:37:16,783] {processor.py:641} INFO - Processing file /home/ubuntu/.local/lib/python3.8/site-packages/airflow/example_dags/example_branch_day_of_week_operator.py for tasks to queue
[2022-08-22 07:37:16,783] {logging_mixin.py:115} INFO - [2022-08-22 07:37:16,783] {dagbag.py:508} INFO - Filling up the DagBag from /home/ubuntu/.local/lib/python3.8/site-packages/airflow/example_dags/example_branch_day_of_week_operator.py
[2022-08-22 07:37:16,791] {processor.py:651} INFO - DAG(s) dict_keys(['example_weekday_branch_operator']) retrieved from /home/ubuntu/.local/lib/python3.8/site-packages/airflow/example_dags/example_branch_day_of_week_operator.py
[2022-08-22 07:37:16,804] {logging_mixin.py:115} INFO - [2022-08-22 07:37:16,804] {dag.py:2420} INFO - Sync 1 DAGs
[2022-08-22 07:37:16,820] {logging_mixin.py:115} INFO - [2022-08-22 07:37:16,820] {dag.py:2968} INFO - Setting next_dagrun for example_weekday_branch_operator to 2022-08-21T00:00:00+00:00, run_after=2022-08-22T00:00:00+00:00
[2022-08-22 07:37:16,839] {processor.py:161} INFO - Processing /home/ubuntu/.local/lib/python3.8/site-packages/airflow/example_dags/example_branch_day_of_week_operator.py took 0.060 seconds
[2022-08-22 07:37:50,751] {processor.py:153} INFO - Started process (PID=12121) to work on /home/ubuntu/.local/lib/python3.8/site-packages/airflow/example_dags/example_branch_day_of_week_operator.py
[2022-08-22 07:37:50,752] {processor.py:641} INFO - Processing file /home/ubuntu/.local/lib/python3.8/site-packages/airflow/example_dags/example_branch_day_of_week_operator.py for tasks to queue
[2022-08-22 07:37:50,753] {logging_mixin.py:115} INFO - [2022-08-22 07:37:50,753] {dagbag.py:508} INFO - Filling up the DagBag from /home/ubuntu/.local/lib/python3.8/site-packages/airflow/example_dags/example_branch_day_of_week_operator.py
[2022-08-22 07:37:50,763] {processor.py:651} INFO - DAG(s) dict_keys(['example_weekday_branch_operator']) retrieved from /home/ubuntu/.local/lib/python3.8/site-packages/airflow/example_dags/example_branch_day_of_week_operator.py
[2022-08-22 07:37:50,782] {logging_mixin.py:115} INFO - [2022-08-22 07:37:50,782] {dag.py:2420} INFO - Sync 1 DAGs
[2022-08-22 07:37:50,804] {logging_mixin.py:115} INFO - [2022-08-22 07:37:50,804] {dag.py:2968} INFO - Setting next_dagrun for example_weekday_branch_operator to 2022-08-21T00:00:00+00:00, run_after=2022-08-22T00:00:00+00:00
[2022-08-22 07:37:50,825] {processor.py:161} INFO - Processing /home/ubuntu/.local/lib/python3.8/site-packages/airflow/example_dags/example_branch_day_of_week_operator.py took 0.077 seconds
[2022-08-22 07:38:23,972] {processor.py:153} INFO - Started process (PID=12244) to work on /home/ubuntu/.local/lib/python3.8/site-packages/airflow/example_dags/example_branch_day_of_week_operator.py
[2022-08-22 07:38:23,972] {processor.py:641} INFO - Processing file /home/ubuntu/.local/lib/python3.8/site-packages/airflow/example_dags/example_branch_day_of_week_operator.py for tasks to queue
[2022-08-22 07:38:23,973] {logging_mixin.py:115} INFO - [2022-08-22 07:38:23,973] {dagbag.py:508} INFO - Filling up the DagBag from /home/ubuntu/.local/lib/python3.8/site-packages/airflow/example_dags/example_branch_day_of_week_operator.py
[2022-08-22 07:38:23,981] {processor.py:651} INFO - DAG(s) dict_keys(['example_weekday_branch_operator']) retrieved from /home/ubuntu/.local/lib/python3.8/site-packages/airflow/example_dags/example_branch_day_of_week_operator.py
[2022-08-22 07:38:23,998] {logging_mixin.py:115} INFO - [2022-08-22 07:38:23,998] {dag.py:2420} INFO - Sync 1 DAGs
[2022-08-22 07:38:24,013] {logging_mixin.py:115} INFO - [2022-08-22 07:38:24,013] {dag.py:2968} INFO - Setting next_dagrun for example_weekday_branch_operator to 2022-08-21T00:00:00+00:00, run_after=2022-08-22T00:00:00+00:00
[2022-08-22 07:38:24,028] {processor.py:161} INFO - Processing /home/ubuntu/.local/lib/python3.8/site-packages/airflow/example_dags/example_branch_day_of_week_operator.py took 0.059 seconds
[2022-08-22 07:39:00,169] {processor.py:153} INFO - Started process (PID=12298) to work on /home/ubuntu/.local/lib/python3.8/site-packages/airflow/example_dags/example_branch_day_of_week_operator.py
[2022-08-22 07:39:00,172] {processor.py:641} INFO - Processing file /home/ubuntu/.local/lib/python3.8/site-packages/airflow/example_dags/example_branch_day_of_week_operator.py for tasks to queue
[2022-08-22 07:39:00,172] {logging_mixin.py:115} INFO - [2022-08-22 07:39:00,172] {dagbag.py:508} INFO - Filling up the DagBag from /home/ubuntu/.local/lib/python3.8/site-packages/airflow/example_dags/example_branch_day_of_week_operator.py
[2022-08-22 07:39:00,182] {processor.py:651} INFO - DAG(s) dict_keys(['example_weekday_branch_operator']) retrieved from /home/ubuntu/.local/lib/python3.8/site-packages/airflow/example_dags/example_branch_day_of_week_operator.py
[2022-08-22 07:39:00,204] {logging_mixin.py:115} INFO - [2022-08-22 07:39:00,204] {dag.py:2420} INFO - Sync 1 DAGs
[2022-08-22 07:39:00,225] {logging_mixin.py:115} INFO - [2022-08-22 07:39:00,225] {dag.py:2968} INFO - Setting next_dagrun for example_weekday_branch_operator to 2022-08-21T00:00:00+00:00, run_after=2022-08-22T00:00:00+00:00
[2022-08-22 07:39:00,262] {processor.py:161} INFO - Processing /home/ubuntu/.local/lib/python3.8/site-packages/airflow/example_dags/example_branch_day_of_week_operator.py took 0.096 seconds
[2022-08-22 07:39:35,109] {processor.py:153} INFO - Started process (PID=12343) to work on /home/ubuntu/.local/lib/python3.8/site-packages/airflow/example_dags/example_branch_day_of_week_operator.py
[2022-08-22 07:39:35,110] {processor.py:641} INFO - Processing file /home/ubuntu/.local/lib/python3.8/site-packages/airflow/example_dags/example_branch_day_of_week_operator.py for tasks to queue
[2022-08-22 07:39:35,111] {logging_mixin.py:115} INFO - [2022-08-22 07:39:35,111] {dagbag.py:508} INFO - Filling up the DagBag from /home/ubuntu/.local/lib/python3.8/site-packages/airflow/example_dags/example_branch_day_of_week_operator.py
[2022-08-22 07:39:35,121] {processor.py:651} INFO - DAG(s) dict_keys(['example_weekday_branch_operator']) retrieved from /home/ubuntu/.local/lib/python3.8/site-packages/airflow/example_dags/example_branch_day_of_week_operator.py
[2022-08-22 07:39:35,144] {logging_mixin.py:115} INFO - [2022-08-22 07:39:35,144] {dag.py:2420} INFO - Sync 1 DAGs
[2022-08-22 07:39:35,164] {logging_mixin.py:115} INFO - [2022-08-22 07:39:35,163] {dag.py:2968} INFO - Setting next_dagrun for example_weekday_branch_operator to 2022-08-21T00:00:00+00:00, run_after=2022-08-22T00:00:00+00:00
[2022-08-22 07:39:35,181] {processor.py:161} INFO - Processing /home/ubuntu/.local/lib/python3.8/site-packages/airflow/example_dags/example_branch_day_of_week_operator.py took 0.076 seconds
