[2022-08-22 07:36:30,115] {processor.py:153} INFO - Started process (PID=11691) to work on /home/ubuntu/.local/lib/python3.8/site-packages/airflow/example_dags/example_branch_operator_decorator.py
[2022-08-22 07:36:30,115] {processor.py:641} INFO - Processing file /home/ubuntu/.local/lib/python3.8/site-packages/airflow/example_dags/example_branch_operator_decorator.py for tasks to queue
[2022-08-22 07:36:30,116] {logging_mixin.py:115} INFO - [2022-08-22 07:36:30,116] {dagbag.py:508} INFO - Filling up the DagBag from /home/ubuntu/.local/lib/python3.8/site-packages/airflow/example_dags/example_branch_operator_decorator.py
[2022-08-22 07:36:30,132] {processor.py:651} INFO - DAG(s) dict_keys(['example_branch_python_operator_decorator']) retrieved from /home/ubuntu/.local/lib/python3.8/site-packages/airflow/example_dags/example_branch_operator_decorator.py
[2022-08-22 07:36:30,148] {logging_mixin.py:115} INFO - [2022-08-22 07:36:30,148] {dag.py:2420} INFO - Sync 1 DAGs
[2022-08-22 07:36:30,164] {logging_mixin.py:115} INFO - [2022-08-22 07:36:30,163] {dag.py:2968} INFO - Setting next_dagrun for example_branch_python_operator_decorator to 2022-08-21T00:00:00+00:00, run_after=2022-08-22T00:00:00+00:00
[2022-08-22 07:36:30,183] {processor.py:161} INFO - Processing /home/ubuntu/.local/lib/python3.8/site-packages/airflow/example_dags/example_branch_operator_decorator.py took 0.071 seconds
[2022-08-22 07:37:10,585] {processor.py:153} INFO - Started process (PID=12000) to work on /home/ubuntu/.local/lib/python3.8/site-packages/airflow/example_dags/example_branch_operator_decorator.py
[2022-08-22 07:37:10,587] {processor.py:641} INFO - Processing file /home/ubuntu/.local/lib/python3.8/site-packages/airflow/example_dags/example_branch_operator_decorator.py for tasks to queue
[2022-08-22 07:37:10,588] {logging_mixin.py:115} INFO - [2022-08-22 07:37:10,588] {dagbag.py:508} INFO - Filling up the DagBag from /home/ubuntu/.local/lib/python3.8/site-packages/airflow/example_dags/example_branch_operator_decorator.py
[2022-08-22 07:37:10,605] {processor.py:651} INFO - DAG(s) dict_keys(['example_branch_python_operator_decorator']) retrieved from /home/ubuntu/.local/lib/python3.8/site-packages/airflow/example_dags/example_branch_operator_decorator.py
[2022-08-22 07:37:10,622] {logging_mixin.py:115} INFO - [2022-08-22 07:37:10,622] {dag.py:2420} INFO - Sync 1 DAGs
[2022-08-22 07:37:10,636] {logging_mixin.py:115} INFO - [2022-08-22 07:37:10,636] {dag.py:2968} INFO - Setting next_dagrun for example_branch_python_operator_decorator to 2022-08-21T00:00:00+00:00, run_after=2022-08-22T00:00:00+00:00
[2022-08-22 07:37:10,654] {processor.py:161} INFO - Processing /home/ubuntu/.local/lib/python3.8/site-packages/airflow/example_dags/example_branch_operator_decorator.py took 0.072 seconds
[2022-08-22 07:37:47,893] {processor.py:153} INFO - Started process (PID=12117) to work on /home/ubuntu/.local/lib/python3.8/site-packages/airflow/example_dags/example_branch_operator_decorator.py
[2022-08-22 07:37:47,894] {processor.py:641} INFO - Processing file /home/ubuntu/.local/lib/python3.8/site-packages/airflow/example_dags/example_branch_operator_decorator.py for tasks to queue
[2022-08-22 07:37:47,895] {logging_mixin.py:115} INFO - [2022-08-22 07:37:47,895] {dagbag.py:508} INFO - Filling up the DagBag from /home/ubuntu/.local/lib/python3.8/site-packages/airflow/example_dags/example_branch_operator_decorator.py
[2022-08-22 07:37:47,912] {processor.py:651} INFO - DAG(s) dict_keys(['example_branch_python_operator_decorator']) retrieved from /home/ubuntu/.local/lib/python3.8/site-packages/airflow/example_dags/example_branch_operator_decorator.py
[2022-08-22 07:37:47,930] {logging_mixin.py:115} INFO - [2022-08-22 07:37:47,930] {dag.py:2420} INFO - Sync 1 DAGs
[2022-08-22 07:37:47,945] {logging_mixin.py:115} INFO - [2022-08-22 07:37:47,945] {dag.py:2968} INFO - Setting next_dagrun for example_branch_python_operator_decorator to 2022-08-21T00:00:00+00:00, run_after=2022-08-22T00:00:00+00:00
[2022-08-22 07:37:47,970] {processor.py:161} INFO - Processing /home/ubuntu/.local/lib/python3.8/site-packages/airflow/example_dags/example_branch_operator_decorator.py took 0.080 seconds
[2022-08-22 07:38:25,296] {processor.py:153} INFO - Started process (PID=12254) to work on /home/ubuntu/.local/lib/python3.8/site-packages/airflow/example_dags/example_branch_operator_decorator.py
[2022-08-22 07:38:25,297] {processor.py:641} INFO - Processing file /home/ubuntu/.local/lib/python3.8/site-packages/airflow/example_dags/example_branch_operator_decorator.py for tasks to queue
[2022-08-22 07:38:25,298] {logging_mixin.py:115} INFO - [2022-08-22 07:38:25,298] {dagbag.py:508} INFO - Filling up the DagBag from /home/ubuntu/.local/lib/python3.8/site-packages/airflow/example_dags/example_branch_operator_decorator.py
[2022-08-22 07:38:25,316] {processor.py:651} INFO - DAG(s) dict_keys(['example_branch_python_operator_decorator']) retrieved from /home/ubuntu/.local/lib/python3.8/site-packages/airflow/example_dags/example_branch_operator_decorator.py
[2022-08-22 07:38:25,329] {logging_mixin.py:115} INFO - [2022-08-22 07:38:25,329] {dag.py:2420} INFO - Sync 1 DAGs
[2022-08-22 07:38:25,343] {logging_mixin.py:115} INFO - [2022-08-22 07:38:25,343] {dag.py:2968} INFO - Setting next_dagrun for example_branch_python_operator_decorator to 2022-08-21T00:00:00+00:00, run_after=2022-08-22T00:00:00+00:00
[2022-08-22 07:38:25,356] {processor.py:161} INFO - Processing /home/ubuntu/.local/lib/python3.8/site-packages/airflow/example_dags/example_branch_operator_decorator.py took 0.063 seconds
[2022-08-22 07:39:02,493] {processor.py:153} INFO - Started process (PID=12300) to work on /home/ubuntu/.local/lib/python3.8/site-packages/airflow/example_dags/example_branch_operator_decorator.py
[2022-08-22 07:39:02,494] {processor.py:641} INFO - Processing file /home/ubuntu/.local/lib/python3.8/site-packages/airflow/example_dags/example_branch_operator_decorator.py for tasks to queue
[2022-08-22 07:39:02,495] {logging_mixin.py:115} INFO - [2022-08-22 07:39:02,495] {dagbag.py:508} INFO - Filling up the DagBag from /home/ubuntu/.local/lib/python3.8/site-packages/airflow/example_dags/example_branch_operator_decorator.py
[2022-08-22 07:39:02,516] {processor.py:651} INFO - DAG(s) dict_keys(['example_branch_python_operator_decorator']) retrieved from /home/ubuntu/.local/lib/python3.8/site-packages/airflow/example_dags/example_branch_operator_decorator.py
[2022-08-22 07:39:02,530] {logging_mixin.py:115} INFO - [2022-08-22 07:39:02,530] {dag.py:2420} INFO - Sync 1 DAGs
[2022-08-22 07:39:02,546] {logging_mixin.py:115} INFO - [2022-08-22 07:39:02,546] {dag.py:2968} INFO - Setting next_dagrun for example_branch_python_operator_decorator to 2022-08-21T00:00:00+00:00, run_after=2022-08-22T00:00:00+00:00
[2022-08-22 07:39:02,573] {processor.py:161} INFO - Processing /home/ubuntu/.local/lib/python3.8/site-packages/airflow/example_dags/example_branch_operator_decorator.py took 0.084 seconds
[2022-08-22 07:39:37,420] {processor.py:153} INFO - Started process (PID=12345) to work on /home/ubuntu/.local/lib/python3.8/site-packages/airflow/example_dags/example_branch_operator_decorator.py
[2022-08-22 07:39:37,421] {processor.py:641} INFO - Processing file /home/ubuntu/.local/lib/python3.8/site-packages/airflow/example_dags/example_branch_operator_decorator.py for tasks to queue
[2022-08-22 07:39:37,422] {logging_mixin.py:115} INFO - [2022-08-22 07:39:37,422] {dagbag.py:508} INFO - Filling up the DagBag from /home/ubuntu/.local/lib/python3.8/site-packages/airflow/example_dags/example_branch_operator_decorator.py
[2022-08-22 07:39:37,440] {processor.py:651} INFO - DAG(s) dict_keys(['example_branch_python_operator_decorator']) retrieved from /home/ubuntu/.local/lib/python3.8/site-packages/airflow/example_dags/example_branch_operator_decorator.py
[2022-08-22 07:39:37,453] {logging_mixin.py:115} INFO - [2022-08-22 07:39:37,453] {dag.py:2420} INFO - Sync 1 DAGs
[2022-08-22 07:39:37,467] {logging_mixin.py:115} INFO - [2022-08-22 07:39:37,467] {dag.py:2968} INFO - Setting next_dagrun for example_branch_python_operator_decorator to 2022-08-21T00:00:00+00:00, run_after=2022-08-22T00:00:00+00:00
[2022-08-22 07:39:37,480] {processor.py:161} INFO - Processing /home/ubuntu/.local/lib/python3.8/site-packages/airflow/example_dags/example_branch_operator_decorator.py took 0.063 seconds
