[2022-08-22 07:36:06,803] {processor.py:153} INFO - Started process (PID=11630) to work on /home/ubuntu/.local/lib/python3.8/site-packages/airflow/example_dags/example_bash_operator.py
[2022-08-22 07:36:06,803] {processor.py:641} INFO - Processing file /home/ubuntu/.local/lib/python3.8/site-packages/airflow/example_dags/example_bash_operator.py for tasks to queue
[2022-08-22 07:36:06,804] {logging_mixin.py:115} INFO - [2022-08-22 07:36:06,804] {dagbag.py:508} INFO - Filling up the DagBag from /home/ubuntu/.local/lib/python3.8/site-packages/airflow/example_dags/example_bash_operator.py
[2022-08-22 07:36:06,818] {processor.py:651} INFO - DAG(s) dict_keys(['example_bash_operator']) retrieved from /home/ubuntu/.local/lib/python3.8/site-packages/airflow/example_dags/example_bash_operator.py
[2022-08-22 07:36:06,837] {logging_mixin.py:115} INFO - [2022-08-22 07:36:06,837] {dag.py:2420} INFO - Sync 1 DAGs
[2022-08-22 07:36:06,859] {logging_mixin.py:115} INFO - [2022-08-22 07:36:06,859] {dag.py:2968} INFO - Setting next_dagrun for example_bash_operator to 2022-08-21T00:00:00+00:00, run_after=2022-08-22T00:00:00+00:00
[2022-08-22 07:36:06,877] {processor.py:161} INFO - Processing /home/ubuntu/.local/lib/python3.8/site-packages/airflow/example_dags/example_bash_operator.py took 0.079 seconds
[2022-08-22 07:36:40,457] {processor.py:153} INFO - Started process (PID=11718) to work on /home/ubuntu/.local/lib/python3.8/site-packages/airflow/example_dags/example_bash_operator.py
[2022-08-22 07:36:40,459] {processor.py:641} INFO - Processing file /home/ubuntu/.local/lib/python3.8/site-packages/airflow/example_dags/example_bash_operator.py for tasks to queue
[2022-08-22 07:36:40,460] {logging_mixin.py:115} INFO - [2022-08-22 07:36:40,460] {dagbag.py:508} INFO - Filling up the DagBag from /home/ubuntu/.local/lib/python3.8/site-packages/airflow/example_dags/example_bash_operator.py
[2022-08-22 07:36:40,474] {processor.py:651} INFO - DAG(s) dict_keys(['example_bash_operator']) retrieved from /home/ubuntu/.local/lib/python3.8/site-packages/airflow/example_dags/example_bash_operator.py
[2022-08-22 07:36:40,492] {logging_mixin.py:115} INFO - [2022-08-22 07:36:40,492] {dag.py:2420} INFO - Sync 1 DAGs
[2022-08-22 07:36:40,514] {logging_mixin.py:115} INFO - [2022-08-22 07:36:40,514] {dag.py:2968} INFO - Setting next_dagrun for example_bash_operator to 2022-08-21T00:00:00+00:00, run_after=2022-08-22T00:00:00+00:00
[2022-08-22 07:36:40,535] {processor.py:161} INFO - Processing /home/ubuntu/.local/lib/python3.8/site-packages/airflow/example_dags/example_bash_operator.py took 0.082 seconds
[2022-08-22 07:37:17,758] {processor.py:153} INFO - Started process (PID=12069) to work on /home/ubuntu/.local/lib/python3.8/site-packages/airflow/example_dags/example_bash_operator.py
[2022-08-22 07:37:17,759] {processor.py:641} INFO - Processing file /home/ubuntu/.local/lib/python3.8/site-packages/airflow/example_dags/example_bash_operator.py for tasks to queue
[2022-08-22 07:37:17,760] {logging_mixin.py:115} INFO - [2022-08-22 07:37:17,760] {dagbag.py:508} INFO - Filling up the DagBag from /home/ubuntu/.local/lib/python3.8/site-packages/airflow/example_dags/example_bash_operator.py
[2022-08-22 07:37:17,770] {processor.py:651} INFO - DAG(s) dict_keys(['example_bash_operator']) retrieved from /home/ubuntu/.local/lib/python3.8/site-packages/airflow/example_dags/example_bash_operator.py
[2022-08-22 07:37:17,784] {logging_mixin.py:115} INFO - [2022-08-22 07:37:17,784] {dag.py:2420} INFO - Sync 1 DAGs
[2022-08-22 07:37:17,801] {logging_mixin.py:115} INFO - [2022-08-22 07:37:17,801] {dag.py:2968} INFO - Setting next_dagrun for example_bash_operator to 2022-08-21T00:00:00+00:00, run_after=2022-08-22T00:00:00+00:00
[2022-08-22 07:37:17,817] {processor.py:161} INFO - Processing /home/ubuntu/.local/lib/python3.8/site-packages/airflow/example_dags/example_bash_operator.py took 0.062 seconds
[2022-08-22 07:37:51,925] {processor.py:153} INFO - Started process (PID=12122) to work on /home/ubuntu/.local/lib/python3.8/site-packages/airflow/example_dags/example_bash_operator.py
[2022-08-22 07:37:51,926] {processor.py:641} INFO - Processing file /home/ubuntu/.local/lib/python3.8/site-packages/airflow/example_dags/example_bash_operator.py for tasks to queue
[2022-08-22 07:37:51,927] {logging_mixin.py:115} INFO - [2022-08-22 07:37:51,927] {dagbag.py:508} INFO - Filling up the DagBag from /home/ubuntu/.local/lib/python3.8/site-packages/airflow/example_dags/example_bash_operator.py
[2022-08-22 07:37:51,940] {processor.py:651} INFO - DAG(s) dict_keys(['example_bash_operator']) retrieved from /home/ubuntu/.local/lib/python3.8/site-packages/airflow/example_dags/example_bash_operator.py
[2022-08-22 07:37:51,959] {logging_mixin.py:115} INFO - [2022-08-22 07:37:51,959] {dag.py:2420} INFO - Sync 1 DAGs
[2022-08-22 07:37:51,981] {logging_mixin.py:115} INFO - [2022-08-22 07:37:51,981] {dag.py:2968} INFO - Setting next_dagrun for example_bash_operator to 2022-08-21T00:00:00+00:00, run_after=2022-08-22T00:00:00+00:00
[2022-08-22 07:37:51,998] {processor.py:161} INFO - Processing /home/ubuntu/.local/lib/python3.8/site-packages/airflow/example_dags/example_bash_operator.py took 0.077 seconds
[2022-08-22 07:38:28,983] {processor.py:153} INFO - Started process (PID=12257) to work on /home/ubuntu/.local/lib/python3.8/site-packages/airflow/example_dags/example_bash_operator.py
[2022-08-22 07:38:28,985] {processor.py:641} INFO - Processing file /home/ubuntu/.local/lib/python3.8/site-packages/airflow/example_dags/example_bash_operator.py for tasks to queue
[2022-08-22 07:38:28,985] {logging_mixin.py:115} INFO - [2022-08-22 07:38:28,985] {dagbag.py:508} INFO - Filling up the DagBag from /home/ubuntu/.local/lib/python3.8/site-packages/airflow/example_dags/example_bash_operator.py
[2022-08-22 07:38:28,999] {processor.py:651} INFO - DAG(s) dict_keys(['example_bash_operator']) retrieved from /home/ubuntu/.local/lib/python3.8/site-packages/airflow/example_dags/example_bash_operator.py
[2022-08-22 07:38:29,020] {logging_mixin.py:115} INFO - [2022-08-22 07:38:29,020] {dag.py:2420} INFO - Sync 1 DAGs
[2022-08-22 07:38:29,038] {logging_mixin.py:115} INFO - [2022-08-22 07:38:29,038] {dag.py:2968} INFO - Setting next_dagrun for example_bash_operator to 2022-08-21T00:00:00+00:00, run_after=2022-08-22T00:00:00+00:00
[2022-08-22 07:38:29,055] {processor.py:161} INFO - Processing /home/ubuntu/.local/lib/python3.8/site-packages/airflow/example_dags/example_bash_operator.py took 0.075 seconds
[2022-08-22 07:39:04,102] {processor.py:153} INFO - Started process (PID=12303) to work on /home/ubuntu/.local/lib/python3.8/site-packages/airflow/example_dags/example_bash_operator.py
[2022-08-22 07:39:04,103] {processor.py:641} INFO - Processing file /home/ubuntu/.local/lib/python3.8/site-packages/airflow/example_dags/example_bash_operator.py for tasks to queue
[2022-08-22 07:39:04,104] {logging_mixin.py:115} INFO - [2022-08-22 07:39:04,104] {dagbag.py:508} INFO - Filling up the DagBag from /home/ubuntu/.local/lib/python3.8/site-packages/airflow/example_dags/example_bash_operator.py
[2022-08-22 07:39:04,118] {processor.py:651} INFO - DAG(s) dict_keys(['example_bash_operator']) retrieved from /home/ubuntu/.local/lib/python3.8/site-packages/airflow/example_dags/example_bash_operator.py
[2022-08-22 07:39:04,142] {logging_mixin.py:115} INFO - [2022-08-22 07:39:04,142] {dag.py:2420} INFO - Sync 1 DAGs
[2022-08-22 07:39:04,161] {logging_mixin.py:115} INFO - [2022-08-22 07:39:04,161] {dag.py:2968} INFO - Setting next_dagrun for example_bash_operator to 2022-08-21T00:00:00+00:00, run_after=2022-08-22T00:00:00+00:00
[2022-08-22 07:39:04,191] {processor.py:161} INFO - Processing /home/ubuntu/.local/lib/python3.8/site-packages/airflow/example_dags/example_bash_operator.py took 0.094 seconds
[2022-08-22 07:39:38,571] {processor.py:153} INFO - Started process (PID=12346) to work on /home/ubuntu/.local/lib/python3.8/site-packages/airflow/example_dags/example_bash_operator.py
[2022-08-22 07:39:38,573] {processor.py:641} INFO - Processing file /home/ubuntu/.local/lib/python3.8/site-packages/airflow/example_dags/example_bash_operator.py for tasks to queue
[2022-08-22 07:39:38,573] {logging_mixin.py:115} INFO - [2022-08-22 07:39:38,573] {dagbag.py:508} INFO - Filling up the DagBag from /home/ubuntu/.local/lib/python3.8/site-packages/airflow/example_dags/example_bash_operator.py
[2022-08-22 07:39:38,587] {processor.py:651} INFO - DAG(s) dict_keys(['example_bash_operator']) retrieved from /home/ubuntu/.local/lib/python3.8/site-packages/airflow/example_dags/example_bash_operator.py
[2022-08-22 07:39:38,608] {logging_mixin.py:115} INFO - [2022-08-22 07:39:38,608] {dag.py:2420} INFO - Sync 1 DAGs
[2022-08-22 07:39:38,627] {logging_mixin.py:115} INFO - [2022-08-22 07:39:38,626] {dag.py:2968} INFO - Setting next_dagrun for example_bash_operator to 2022-08-21T00:00:00+00:00, run_after=2022-08-22T00:00:00+00:00
[2022-08-22 07:39:38,644] {processor.py:161} INFO - Processing /home/ubuntu/.local/lib/python3.8/site-packages/airflow/example_dags/example_bash_operator.py took 0.077 seconds
