[2022-08-22 07:36:28,957] {processor.py:153} INFO - Started process (PID=11690) to work on /home/ubuntu/.local/lib/python3.8/site-packages/airflow/example_dags/example_sla_dag.py
[2022-08-22 07:36:28,958] {processor.py:641} INFO - Processing file /home/ubuntu/.local/lib/python3.8/site-packages/airflow/example_dags/example_sla_dag.py for tasks to queue
[2022-08-22 07:36:28,958] {logging_mixin.py:115} INFO - [2022-08-22 07:36:28,958] {dagbag.py:508} INFO - Filling up the DagBag from /home/ubuntu/.local/lib/python3.8/site-packages/airflow/example_dags/example_sla_dag.py
[2022-08-22 07:36:28,974] {processor.py:651} INFO - DAG(s) dict_keys(['example_sla_dag']) retrieved from /home/ubuntu/.local/lib/python3.8/site-packages/airflow/example_dags/example_sla_dag.py
[2022-08-22 07:36:28,990] {logging_mixin.py:115} INFO - [2022-08-22 07:36:28,990] {dag.py:2420} INFO - Sync 1 DAGs
[2022-08-22 07:36:29,006] {logging_mixin.py:115} INFO - [2022-08-22 07:36:29,006] {dag.py:2968} INFO - Setting next_dagrun for example_sla_dag to 2022-08-22T07:34:00+00:00, run_after=2022-08-22T07:36:00+00:00
[2022-08-22 07:36:29,027] {processor.py:161} INFO - Processing /home/ubuntu/.local/lib/python3.8/site-packages/airflow/example_dags/example_sla_dag.py took 0.073 seconds
[2022-08-22 07:37:09,324] {processor.py:153} INFO - Started process (PID=11963) to work on /home/ubuntu/.local/lib/python3.8/site-packages/airflow/example_dags/example_sla_dag.py
[2022-08-22 07:37:09,326] {processor.py:641} INFO - Processing file /home/ubuntu/.local/lib/python3.8/site-packages/airflow/example_dags/example_sla_dag.py for tasks to queue
[2022-08-22 07:37:09,326] {logging_mixin.py:115} INFO - [2022-08-22 07:37:09,326] {dagbag.py:508} INFO - Filling up the DagBag from /home/ubuntu/.local/lib/python3.8/site-packages/airflow/example_dags/example_sla_dag.py
[2022-08-22 07:37:09,346] {processor.py:651} INFO - DAG(s) dict_keys(['example_sla_dag']) retrieved from /home/ubuntu/.local/lib/python3.8/site-packages/airflow/example_dags/example_sla_dag.py
[2022-08-22 07:37:09,368] {logging_mixin.py:115} INFO - [2022-08-22 07:37:09,368] {dag.py:2420} INFO - Sync 1 DAGs
[2022-08-22 07:37:09,398] {logging_mixin.py:115} INFO - [2022-08-22 07:37:09,398] {dag.py:2968} INFO - Setting next_dagrun for example_sla_dag to 2022-08-22T07:34:00+00:00, run_after=2022-08-22T07:36:00+00:00
[2022-08-22 07:37:09,441] {processor.py:161} INFO - Processing /home/ubuntu/.local/lib/python3.8/site-packages/airflow/example_dags/example_sla_dag.py took 0.121 seconds
[2022-08-22 07:37:46,753] {processor.py:153} INFO - Started process (PID=12114) to work on /home/ubuntu/.local/lib/python3.8/site-packages/airflow/example_dags/example_sla_dag.py
[2022-08-22 07:37:46,754] {processor.py:641} INFO - Processing file /home/ubuntu/.local/lib/python3.8/site-packages/airflow/example_dags/example_sla_dag.py for tasks to queue
[2022-08-22 07:37:46,755] {logging_mixin.py:115} INFO - [2022-08-22 07:37:46,754] {dagbag.py:508} INFO - Filling up the DagBag from /home/ubuntu/.local/lib/python3.8/site-packages/airflow/example_dags/example_sla_dag.py
[2022-08-22 07:37:46,774] {processor.py:651} INFO - DAG(s) dict_keys(['example_sla_dag']) retrieved from /home/ubuntu/.local/lib/python3.8/site-packages/airflow/example_dags/example_sla_dag.py
[2022-08-22 07:37:46,794] {logging_mixin.py:115} INFO - [2022-08-22 07:37:46,794] {dag.py:2420} INFO - Sync 1 DAGs
[2022-08-22 07:37:46,814] {logging_mixin.py:115} INFO - [2022-08-22 07:37:46,814] {dag.py:2968} INFO - Setting next_dagrun for example_sla_dag to 2022-08-22T07:34:00+00:00, run_after=2022-08-22T07:36:00+00:00
[2022-08-22 07:37:46,831] {processor.py:161} INFO - Processing /home/ubuntu/.local/lib/python3.8/site-packages/airflow/example_dags/example_sla_dag.py took 0.083 seconds
[2022-08-22 07:38:25,123] {processor.py:153} INFO - Started process (PID=12253) to work on /home/ubuntu/.local/lib/python3.8/site-packages/airflow/example_dags/example_sla_dag.py
[2022-08-22 07:38:25,124] {processor.py:641} INFO - Processing file /home/ubuntu/.local/lib/python3.8/site-packages/airflow/example_dags/example_sla_dag.py for tasks to queue
[2022-08-22 07:38:25,125] {logging_mixin.py:115} INFO - [2022-08-22 07:38:25,125] {dagbag.py:508} INFO - Filling up the DagBag from /home/ubuntu/.local/lib/python3.8/site-packages/airflow/example_dags/example_sla_dag.py
[2022-08-22 07:38:25,143] {processor.py:651} INFO - DAG(s) dict_keys(['example_sla_dag']) retrieved from /home/ubuntu/.local/lib/python3.8/site-packages/airflow/example_dags/example_sla_dag.py
[2022-08-22 07:38:25,155] {logging_mixin.py:115} INFO - [2022-08-22 07:38:25,155] {dag.py:2420} INFO - Sync 1 DAGs
[2022-08-22 07:38:25,171] {logging_mixin.py:115} INFO - [2022-08-22 07:38:25,171] {dag.py:2968} INFO - Setting next_dagrun for example_sla_dag to 2022-08-22T07:36:00+00:00, run_after=2022-08-22T07:38:00+00:00
[2022-08-22 07:38:25,184] {processor.py:161} INFO - Processing /home/ubuntu/.local/lib/python3.8/site-packages/airflow/example_dags/example_sla_dag.py took 0.063 seconds
[2022-08-22 07:39:01,327] {processor.py:153} INFO - Started process (PID=12299) to work on /home/ubuntu/.local/lib/python3.8/site-packages/airflow/example_dags/example_sla_dag.py
[2022-08-22 07:39:01,328] {processor.py:641} INFO - Processing file /home/ubuntu/.local/lib/python3.8/site-packages/airflow/example_dags/example_sla_dag.py for tasks to queue
[2022-08-22 07:39:01,329] {logging_mixin.py:115} INFO - [2022-08-22 07:39:01,328] {dagbag.py:508} INFO - Filling up the DagBag from /home/ubuntu/.local/lib/python3.8/site-packages/airflow/example_dags/example_sla_dag.py
[2022-08-22 07:39:01,353] {processor.py:651} INFO - DAG(s) dict_keys(['example_sla_dag']) retrieved from /home/ubuntu/.local/lib/python3.8/site-packages/airflow/example_dags/example_sla_dag.py
[2022-08-22 07:39:01,369] {logging_mixin.py:115} INFO - [2022-08-22 07:39:01,369] {dag.py:2420} INFO - Sync 1 DAGs
[2022-08-22 07:39:01,389] {logging_mixin.py:115} INFO - [2022-08-22 07:39:01,389] {dag.py:2968} INFO - Setting next_dagrun for example_sla_dag to 2022-08-22T07:36:00+00:00, run_after=2022-08-22T07:38:00+00:00
[2022-08-22 07:39:01,415] {processor.py:161} INFO - Processing /home/ubuntu/.local/lib/python3.8/site-packages/airflow/example_dags/example_sla_dag.py took 0.093 seconds
[2022-08-22 07:39:36,266] {processor.py:153} INFO - Started process (PID=12344) to work on /home/ubuntu/.local/lib/python3.8/site-packages/airflow/example_dags/example_sla_dag.py
[2022-08-22 07:39:36,267] {processor.py:641} INFO - Processing file /home/ubuntu/.local/lib/python3.8/site-packages/airflow/example_dags/example_sla_dag.py for tasks to queue
[2022-08-22 07:39:36,267] {logging_mixin.py:115} INFO - [2022-08-22 07:39:36,267] {dagbag.py:508} INFO - Filling up the DagBag from /home/ubuntu/.local/lib/python3.8/site-packages/airflow/example_dags/example_sla_dag.py
[2022-08-22 07:39:36,287] {processor.py:651} INFO - DAG(s) dict_keys(['example_sla_dag']) retrieved from /home/ubuntu/.local/lib/python3.8/site-packages/airflow/example_dags/example_sla_dag.py
[2022-08-22 07:39:36,300] {logging_mixin.py:115} INFO - [2022-08-22 07:39:36,300] {dag.py:2420} INFO - Sync 1 DAGs
[2022-08-22 07:39:36,316] {logging_mixin.py:115} INFO - [2022-08-22 07:39:36,316] {dag.py:2968} INFO - Setting next_dagrun for example_sla_dag to 2022-08-22T07:36:00+00:00, run_after=2022-08-22T07:38:00+00:00
[2022-08-22 07:39:36,341] {processor.py:161} INFO - Processing /home/ubuntu/.local/lib/python3.8/site-packages/airflow/example_dags/example_sla_dag.py took 0.078 seconds
