[2022-08-22 07:36:17,064] {processor.py:153} INFO - Started process (PID=11655) to work on /home/ubuntu/.local/lib/python3.8/site-packages/airflow/example_dags/example_trigger_target_dag.py
[2022-08-22 07:36:17,065] {processor.py:641} INFO - Processing file /home/ubuntu/.local/lib/python3.8/site-packages/airflow/example_dags/example_trigger_target_dag.py for tasks to queue
[2022-08-22 07:36:17,065] {logging_mixin.py:115} INFO - [2022-08-22 07:36:17,065] {dagbag.py:508} INFO - Filling up the DagBag from /home/ubuntu/.local/lib/python3.8/site-packages/airflow/example_dags/example_trigger_target_dag.py
[2022-08-22 07:36:17,079] {processor.py:651} INFO - DAG(s) dict_keys(['example_trigger_target_dag']) retrieved from /home/ubuntu/.local/lib/python3.8/site-packages/airflow/example_dags/example_trigger_target_dag.py
[2022-08-22 07:36:17,094] {logging_mixin.py:115} INFO - [2022-08-22 07:36:17,094] {dag.py:2420} INFO - Sync 1 DAGs
[2022-08-22 07:36:17,107] {logging_mixin.py:115} INFO - [2022-08-22 07:36:17,107] {dag.py:2968} INFO - Setting next_dagrun for example_trigger_target_dag to None, run_after=None
[2022-08-22 07:36:17,122] {processor.py:161} INFO - Processing /home/ubuntu/.local/lib/python3.8/site-packages/airflow/example_dags/example_trigger_target_dag.py took 0.061 seconds
[2022-08-22 07:36:52,906] {processor.py:153} INFO - Started process (PID=11748) to work on /home/ubuntu/.local/lib/python3.8/site-packages/airflow/example_dags/example_trigger_target_dag.py
[2022-08-22 07:36:52,907] {processor.py:641} INFO - Processing file /home/ubuntu/.local/lib/python3.8/site-packages/airflow/example_dags/example_trigger_target_dag.py for tasks to queue
[2022-08-22 07:36:52,907] {logging_mixin.py:115} INFO - [2022-08-22 07:36:52,907] {dagbag.py:508} INFO - Filling up the DagBag from /home/ubuntu/.local/lib/python3.8/site-packages/airflow/example_dags/example_trigger_target_dag.py
[2022-08-22 07:36:52,926] {processor.py:651} INFO - DAG(s) dict_keys(['example_trigger_target_dag']) retrieved from /home/ubuntu/.local/lib/python3.8/site-packages/airflow/example_dags/example_trigger_target_dag.py
[2022-08-22 07:36:52,947] {logging_mixin.py:115} INFO - [2022-08-22 07:36:52,947] {dag.py:2420} INFO - Sync 1 DAGs
[2022-08-22 07:36:52,965] {logging_mixin.py:115} INFO - [2022-08-22 07:36:52,965] {dag.py:2968} INFO - Setting next_dagrun for example_trigger_target_dag to None, run_after=None
[2022-08-22 07:36:52,983] {processor.py:161} INFO - Processing /home/ubuntu/.local/lib/python3.8/site-packages/airflow/example_dags/example_trigger_target_dag.py took 0.082 seconds
[2022-08-22 07:37:29,500] {processor.py:153} INFO - Started process (PID=12090) to work on /home/ubuntu/.local/lib/python3.8/site-packages/airflow/example_dags/example_trigger_target_dag.py
[2022-08-22 07:37:29,502] {processor.py:641} INFO - Processing file /home/ubuntu/.local/lib/python3.8/site-packages/airflow/example_dags/example_trigger_target_dag.py for tasks to queue
[2022-08-22 07:37:29,502] {logging_mixin.py:115} INFO - [2022-08-22 07:37:29,502] {dagbag.py:508} INFO - Filling up the DagBag from /home/ubuntu/.local/lib/python3.8/site-packages/airflow/example_dags/example_trigger_target_dag.py
[2022-08-22 07:37:29,516] {processor.py:651} INFO - DAG(s) dict_keys(['example_trigger_target_dag']) retrieved from /home/ubuntu/.local/lib/python3.8/site-packages/airflow/example_dags/example_trigger_target_dag.py
[2022-08-22 07:37:29,533] {logging_mixin.py:115} INFO - [2022-08-22 07:37:29,533] {dag.py:2420} INFO - Sync 1 DAGs
[2022-08-22 07:37:29,546] {logging_mixin.py:115} INFO - [2022-08-22 07:37:29,546] {dag.py:2968} INFO - Setting next_dagrun for example_trigger_target_dag to None, run_after=None
[2022-08-22 07:37:29,562] {processor.py:161} INFO - Processing /home/ubuntu/.local/lib/python3.8/site-packages/airflow/example_dags/example_trigger_target_dag.py took 0.065 seconds
[2022-08-22 07:38:04,514] {processor.py:153} INFO - Started process (PID=12143) to work on /home/ubuntu/.local/lib/python3.8/site-packages/airflow/example_dags/example_trigger_target_dag.py
[2022-08-22 07:38:04,515] {processor.py:641} INFO - Processing file /home/ubuntu/.local/lib/python3.8/site-packages/airflow/example_dags/example_trigger_target_dag.py for tasks to queue
[2022-08-22 07:38:04,515] {logging_mixin.py:115} INFO - [2022-08-22 07:38:04,515] {dagbag.py:508} INFO - Filling up the DagBag from /home/ubuntu/.local/lib/python3.8/site-packages/airflow/example_dags/example_trigger_target_dag.py
[2022-08-22 07:38:04,530] {processor.py:651} INFO - DAG(s) dict_keys(['example_trigger_target_dag']) retrieved from /home/ubuntu/.local/lib/python3.8/site-packages/airflow/example_dags/example_trigger_target_dag.py
[2022-08-22 07:38:04,548] {logging_mixin.py:115} INFO - [2022-08-22 07:38:04,548] {dag.py:2420} INFO - Sync 1 DAGs
[2022-08-22 07:38:04,562] {logging_mixin.py:115} INFO - [2022-08-22 07:38:04,562] {dag.py:2968} INFO - Setting next_dagrun for example_trigger_target_dag to None, run_after=None
[2022-08-22 07:38:04,590] {processor.py:161} INFO - Processing /home/ubuntu/.local/lib/python3.8/site-packages/airflow/example_dags/example_trigger_target_dag.py took 0.080 seconds
[2022-08-22 07:38:38,285] {processor.py:153} INFO - Started process (PID=12270) to work on /home/ubuntu/.local/lib/python3.8/site-packages/airflow/example_dags/example_trigger_target_dag.py
[2022-08-22 07:38:38,286] {processor.py:641} INFO - Processing file /home/ubuntu/.local/lib/python3.8/site-packages/airflow/example_dags/example_trigger_target_dag.py for tasks to queue
[2022-08-22 07:38:38,287] {logging_mixin.py:115} INFO - [2022-08-22 07:38:38,286] {dagbag.py:508} INFO - Filling up the DagBag from /home/ubuntu/.local/lib/python3.8/site-packages/airflow/example_dags/example_trigger_target_dag.py
[2022-08-22 07:38:38,304] {processor.py:651} INFO - DAG(s) dict_keys(['example_trigger_target_dag']) retrieved from /home/ubuntu/.local/lib/python3.8/site-packages/airflow/example_dags/example_trigger_target_dag.py
[2022-08-22 07:38:38,318] {logging_mixin.py:115} INFO - [2022-08-22 07:38:38,317] {dag.py:2420} INFO - Sync 1 DAGs
[2022-08-22 07:38:38,331] {logging_mixin.py:115} INFO - [2022-08-22 07:38:38,331] {dag.py:2968} INFO - Setting next_dagrun for example_trigger_target_dag to None, run_after=None
[2022-08-22 07:38:38,345] {processor.py:161} INFO - Processing /home/ubuntu/.local/lib/python3.8/site-packages/airflow/example_dags/example_trigger_target_dag.py took 0.063 seconds
[2022-08-22 07:39:14,450] {processor.py:153} INFO - Started process (PID=12314) to work on /home/ubuntu/.local/lib/python3.8/site-packages/airflow/example_dags/example_trigger_target_dag.py
[2022-08-22 07:39:14,452] {processor.py:641} INFO - Processing file /home/ubuntu/.local/lib/python3.8/site-packages/airflow/example_dags/example_trigger_target_dag.py for tasks to queue
[2022-08-22 07:39:14,452] {logging_mixin.py:115} INFO - [2022-08-22 07:39:14,452] {dagbag.py:508} INFO - Filling up the DagBag from /home/ubuntu/.local/lib/python3.8/site-packages/airflow/example_dags/example_trigger_target_dag.py
[2022-08-22 07:39:14,468] {processor.py:651} INFO - DAG(s) dict_keys(['example_trigger_target_dag']) retrieved from /home/ubuntu/.local/lib/python3.8/site-packages/airflow/example_dags/example_trigger_target_dag.py
[2022-08-22 07:39:14,480] {logging_mixin.py:115} INFO - [2022-08-22 07:39:14,480] {dag.py:2420} INFO - Sync 1 DAGs
[2022-08-22 07:39:14,494] {logging_mixin.py:115} INFO - [2022-08-22 07:39:14,494] {dag.py:2968} INFO - Setting next_dagrun for example_trigger_target_dag to None, run_after=None
[2022-08-22 07:39:14,509] {processor.py:161} INFO - Processing /home/ubuntu/.local/lib/python3.8/site-packages/airflow/example_dags/example_trigger_target_dag.py took 0.061 seconds
[2022-08-22 07:39:49,855] {processor.py:153} INFO - Started process (PID=12361) to work on /home/ubuntu/.local/lib/python3.8/site-packages/airflow/example_dags/example_trigger_target_dag.py
[2022-08-22 07:39:49,856] {processor.py:641} INFO - Processing file /home/ubuntu/.local/lib/python3.8/site-packages/airflow/example_dags/example_trigger_target_dag.py for tasks to queue
[2022-08-22 07:39:49,856] {logging_mixin.py:115} INFO - [2022-08-22 07:39:49,856] {dagbag.py:508} INFO - Filling up the DagBag from /home/ubuntu/.local/lib/python3.8/site-packages/airflow/example_dags/example_trigger_target_dag.py
[2022-08-22 07:39:49,873] {processor.py:651} INFO - DAG(s) dict_keys(['example_trigger_target_dag']) retrieved from /home/ubuntu/.local/lib/python3.8/site-packages/airflow/example_dags/example_trigger_target_dag.py
[2022-08-22 07:39:49,885] {logging_mixin.py:115} INFO - [2022-08-22 07:39:49,885] {dag.py:2420} INFO - Sync 1 DAGs
[2022-08-22 07:39:49,899] {logging_mixin.py:115} INFO - [2022-08-22 07:39:49,899] {dag.py:2968} INFO - Setting next_dagrun for example_trigger_target_dag to None, run_after=None
[2022-08-22 07:39:49,914] {processor.py:161} INFO - Processing /home/ubuntu/.local/lib/python3.8/site-packages/airflow/example_dags/example_trigger_target_dag.py took 0.062 seconds
