[2022-08-22 07:36:13,489] {processor.py:153} INFO - Started process (PID=11649) to work on /home/ubuntu/.local/lib/python3.8/site-packages/airflow/example_dags/example_task_group.py
[2022-08-22 07:36:13,489] {processor.py:641} INFO - Processing file /home/ubuntu/.local/lib/python3.8/site-packages/airflow/example_dags/example_task_group.py for tasks to queue
[2022-08-22 07:36:13,490] {logging_mixin.py:115} INFO - [2022-08-22 07:36:13,490] {dagbag.py:508} INFO - Filling up the DagBag from /home/ubuntu/.local/lib/python3.8/site-packages/airflow/example_dags/example_task_group.py
[2022-08-22 07:36:13,499] {processor.py:651} INFO - DAG(s) dict_keys(['example_task_group']) retrieved from /home/ubuntu/.local/lib/python3.8/site-packages/airflow/example_dags/example_task_group.py
[2022-08-22 07:36:13,518] {logging_mixin.py:115} INFO - [2022-08-22 07:36:13,518] {dag.py:2420} INFO - Sync 1 DAGs
[2022-08-22 07:36:13,539] {logging_mixin.py:115} INFO - [2022-08-22 07:36:13,539] {dag.py:2968} INFO - Setting next_dagrun for example_task_group to 2022-08-21T07:36:13.539223+00:00, run_after=2022-08-22T07:36:13.539223+00:00
[2022-08-22 07:36:13,555] {processor.py:161} INFO - Processing /home/ubuntu/.local/lib/python3.8/site-packages/airflow/example_dags/example_task_group.py took 0.070 seconds
[2022-08-22 07:36:49,792] {processor.py:153} INFO - Started process (PID=11739) to work on /home/ubuntu/.local/lib/python3.8/site-packages/airflow/example_dags/example_task_group.py
[2022-08-22 07:36:49,793] {processor.py:641} INFO - Processing file /home/ubuntu/.local/lib/python3.8/site-packages/airflow/example_dags/example_task_group.py for tasks to queue
[2022-08-22 07:36:49,794] {logging_mixin.py:115} INFO - [2022-08-22 07:36:49,794] {dagbag.py:508} INFO - Filling up the DagBag from /home/ubuntu/.local/lib/python3.8/site-packages/airflow/example_dags/example_task_group.py
[2022-08-22 07:36:49,802] {processor.py:651} INFO - DAG(s) dict_keys(['example_task_group']) retrieved from /home/ubuntu/.local/lib/python3.8/site-packages/airflow/example_dags/example_task_group.py
[2022-08-22 07:36:49,822] {logging_mixin.py:115} INFO - [2022-08-22 07:36:49,822] {dag.py:2420} INFO - Sync 1 DAGs
[2022-08-22 07:36:49,843] {logging_mixin.py:115} INFO - [2022-08-22 07:36:49,843] {dag.py:2968} INFO - Setting next_dagrun for example_task_group to 2022-08-21T07:36:49.843090+00:00, run_after=2022-08-22T07:36:49.843090+00:00
[2022-08-22 07:36:49,861] {processor.py:161} INFO - Processing /home/ubuntu/.local/lib/python3.8/site-packages/airflow/example_dags/example_task_group.py took 0.073 seconds
[2022-08-22 07:37:25,956] {processor.py:153} INFO - Started process (PID=12083) to work on /home/ubuntu/.local/lib/python3.8/site-packages/airflow/example_dags/example_task_group.py
[2022-08-22 07:37:25,958] {processor.py:641} INFO - Processing file /home/ubuntu/.local/lib/python3.8/site-packages/airflow/example_dags/example_task_group.py for tasks to queue
[2022-08-22 07:37:25,959] {logging_mixin.py:115} INFO - [2022-08-22 07:37:25,959] {dagbag.py:508} INFO - Filling up the DagBag from /home/ubuntu/.local/lib/python3.8/site-packages/airflow/example_dags/example_task_group.py
[2022-08-22 07:37:25,967] {processor.py:651} INFO - DAG(s) dict_keys(['example_task_group']) retrieved from /home/ubuntu/.local/lib/python3.8/site-packages/airflow/example_dags/example_task_group.py
[2022-08-22 07:37:25,987] {logging_mixin.py:115} INFO - [2022-08-22 07:37:25,987] {dag.py:2420} INFO - Sync 1 DAGs
[2022-08-22 07:37:26,010] {logging_mixin.py:115} INFO - [2022-08-22 07:37:26,009] {dag.py:2968} INFO - Setting next_dagrun for example_task_group to 2022-08-21T07:37:26.009490+00:00, run_after=2022-08-22T07:37:26.009490+00:00
[2022-08-22 07:37:26,027] {processor.py:161} INFO - Processing /home/ubuntu/.local/lib/python3.8/site-packages/airflow/example_dags/example_task_group.py took 0.075 seconds
[2022-08-22 07:38:01,080] {processor.py:153} INFO - Started process (PID=12131) to work on /home/ubuntu/.local/lib/python3.8/site-packages/airflow/example_dags/example_task_group.py
[2022-08-22 07:38:01,081] {processor.py:641} INFO - Processing file /home/ubuntu/.local/lib/python3.8/site-packages/airflow/example_dags/example_task_group.py for tasks to queue
[2022-08-22 07:38:01,082] {logging_mixin.py:115} INFO - [2022-08-22 07:38:01,082] {dagbag.py:508} INFO - Filling up the DagBag from /home/ubuntu/.local/lib/python3.8/site-packages/airflow/example_dags/example_task_group.py
[2022-08-22 07:38:01,090] {processor.py:651} INFO - DAG(s) dict_keys(['example_task_group']) retrieved from /home/ubuntu/.local/lib/python3.8/site-packages/airflow/example_dags/example_task_group.py
[2022-08-22 07:38:01,110] {logging_mixin.py:115} INFO - [2022-08-22 07:38:01,109] {dag.py:2420} INFO - Sync 1 DAGs
[2022-08-22 07:38:01,132] {logging_mixin.py:115} INFO - [2022-08-22 07:38:01,132] {dag.py:2968} INFO - Setting next_dagrun for example_task_group to 2022-08-21T07:38:01.131785+00:00, run_after=2022-08-22T07:38:01.131785+00:00
[2022-08-22 07:38:01,166] {processor.py:161} INFO - Processing /home/ubuntu/.local/lib/python3.8/site-packages/airflow/example_dags/example_task_group.py took 0.090 seconds
[2022-08-22 07:38:35,447] {processor.py:153} INFO - Started process (PID=12265) to work on /home/ubuntu/.local/lib/python3.8/site-packages/airflow/example_dags/example_task_group.py
[2022-08-22 07:38:35,449] {processor.py:641} INFO - Processing file /home/ubuntu/.local/lib/python3.8/site-packages/airflow/example_dags/example_task_group.py for tasks to queue
[2022-08-22 07:38:35,449] {logging_mixin.py:115} INFO - [2022-08-22 07:38:35,449] {dagbag.py:508} INFO - Filling up the DagBag from /home/ubuntu/.local/lib/python3.8/site-packages/airflow/example_dags/example_task_group.py
[2022-08-22 07:38:35,457] {processor.py:651} INFO - DAG(s) dict_keys(['example_task_group']) retrieved from /home/ubuntu/.local/lib/python3.8/site-packages/airflow/example_dags/example_task_group.py
[2022-08-22 07:38:35,481] {logging_mixin.py:115} INFO - [2022-08-22 07:38:35,480] {dag.py:2420} INFO - Sync 1 DAGs
[2022-08-22 07:38:35,499] {logging_mixin.py:115} INFO - [2022-08-22 07:38:35,499] {dag.py:2968} INFO - Setting next_dagrun for example_task_group to 2022-08-21T07:38:35.499456+00:00, run_after=2022-08-22T07:38:35.499456+00:00
[2022-08-22 07:38:35,533] {processor.py:161} INFO - Processing /home/ubuntu/.local/lib/python3.8/site-packages/airflow/example_dags/example_task_group.py took 0.090 seconds
[2022-08-22 07:39:11,702] {processor.py:153} INFO - Started process (PID=12311) to work on /home/ubuntu/.local/lib/python3.8/site-packages/airflow/example_dags/example_task_group.py
[2022-08-22 07:39:11,703] {processor.py:641} INFO - Processing file /home/ubuntu/.local/lib/python3.8/site-packages/airflow/example_dags/example_task_group.py for tasks to queue
[2022-08-22 07:39:11,704] {logging_mixin.py:115} INFO - [2022-08-22 07:39:11,703] {dagbag.py:508} INFO - Filling up the DagBag from /home/ubuntu/.local/lib/python3.8/site-packages/airflow/example_dags/example_task_group.py
[2022-08-22 07:39:11,710] {processor.py:651} INFO - DAG(s) dict_keys(['example_task_group']) retrieved from /home/ubuntu/.local/lib/python3.8/site-packages/airflow/example_dags/example_task_group.py
[2022-08-22 07:39:11,730] {logging_mixin.py:115} INFO - [2022-08-22 07:39:11,729] {dag.py:2420} INFO - Sync 1 DAGs
[2022-08-22 07:39:11,745] {logging_mixin.py:115} INFO - [2022-08-22 07:39:11,745] {dag.py:2968} INFO - Setting next_dagrun for example_task_group to 2022-08-21T07:39:11.745484+00:00, run_after=2022-08-22T07:39:11.745484+00:00
[2022-08-22 07:39:11,761] {processor.py:161} INFO - Processing /home/ubuntu/.local/lib/python3.8/site-packages/airflow/example_dags/example_task_group.py took 0.063 seconds
[2022-08-22 07:39:46,420] {processor.py:153} INFO - Started process (PID=12356) to work on /home/ubuntu/.local/lib/python3.8/site-packages/airflow/example_dags/example_task_group.py
[2022-08-22 07:39:46,421] {processor.py:641} INFO - Processing file /home/ubuntu/.local/lib/python3.8/site-packages/airflow/example_dags/example_task_group.py for tasks to queue
[2022-08-22 07:39:46,421] {logging_mixin.py:115} INFO - [2022-08-22 07:39:46,421] {dagbag.py:508} INFO - Filling up the DagBag from /home/ubuntu/.local/lib/python3.8/site-packages/airflow/example_dags/example_task_group.py
[2022-08-22 07:39:46,427] {processor.py:651} INFO - DAG(s) dict_keys(['example_task_group']) retrieved from /home/ubuntu/.local/lib/python3.8/site-packages/airflow/example_dags/example_task_group.py
[2022-08-22 07:39:46,446] {logging_mixin.py:115} INFO - [2022-08-22 07:39:46,445] {dag.py:2420} INFO - Sync 1 DAGs
[2022-08-22 07:39:46,459] {logging_mixin.py:115} INFO - [2022-08-22 07:39:46,459] {dag.py:2968} INFO - Setting next_dagrun for example_task_group to 2022-08-21T07:39:46.458837+00:00, run_after=2022-08-22T07:39:46.458837+00:00
[2022-08-22 07:39:46,477] {processor.py:161} INFO - Processing /home/ubuntu/.local/lib/python3.8/site-packages/airflow/example_dags/example_task_group.py took 0.060 seconds
