[2022-08-22 07:36:20,941] {processor.py:153} INFO - Started process (PID=11667) to work on /home/ubuntu/.local/lib/python3.8/site-packages/airflow/example_dags/example_branch_python_dop_operator_3.py
[2022-08-22 07:36:20,941] {processor.py:641} INFO - Processing file /home/ubuntu/.local/lib/python3.8/site-packages/airflow/example_dags/example_branch_python_dop_operator_3.py for tasks to queue
[2022-08-22 07:36:20,942] {logging_mixin.py:115} INFO - [2022-08-22 07:36:20,942] {dagbag.py:508} INFO - Filling up the DagBag from /home/ubuntu/.local/lib/python3.8/site-packages/airflow/example_dags/example_branch_python_dop_operator_3.py
[2022-08-22 07:36:20,952] {processor.py:651} INFO - DAG(s) dict_keys(['example_branch_dop_operator_v3']) retrieved from /home/ubuntu/.local/lib/python3.8/site-packages/airflow/example_dags/example_branch_python_dop_operator_3.py
[2022-08-22 07:36:20,966] {logging_mixin.py:115} INFO - [2022-08-22 07:36:20,966] {dag.py:2420} INFO - Sync 1 DAGs
[2022-08-22 07:36:20,987] {logging_mixin.py:115} INFO - [2022-08-22 07:36:20,987] {dag.py:2968} INFO - Setting next_dagrun for example_branch_dop_operator_v3 to 2022-08-22T07:35:00+00:00, run_after=2022-08-22T07:36:00+00:00
[2022-08-22 07:36:21,006] {processor.py:161} INFO - Processing /home/ubuntu/.local/lib/python3.8/site-packages/airflow/example_dags/example_branch_python_dop_operator_3.py took 0.068 seconds
[2022-08-22 07:36:57,385] {processor.py:153} INFO - Started process (PID=11813) to work on /home/ubuntu/.local/lib/python3.8/site-packages/airflow/example_dags/example_branch_python_dop_operator_3.py
[2022-08-22 07:36:57,387] {processor.py:641} INFO - Processing file /home/ubuntu/.local/lib/python3.8/site-packages/airflow/example_dags/example_branch_python_dop_operator_3.py for tasks to queue
[2022-08-22 07:36:57,387] {logging_mixin.py:115} INFO - [2022-08-22 07:36:57,387] {dagbag.py:508} INFO - Filling up the DagBag from /home/ubuntu/.local/lib/python3.8/site-packages/airflow/example_dags/example_branch_python_dop_operator_3.py
[2022-08-22 07:36:57,397] {processor.py:651} INFO - DAG(s) dict_keys(['example_branch_dop_operator_v3']) retrieved from /home/ubuntu/.local/lib/python3.8/site-packages/airflow/example_dags/example_branch_python_dop_operator_3.py
[2022-08-22 07:36:57,412] {logging_mixin.py:115} INFO - [2022-08-22 07:36:57,412] {dag.py:2420} INFO - Sync 1 DAGs
[2022-08-22 07:36:57,432] {logging_mixin.py:115} INFO - [2022-08-22 07:36:57,432] {dag.py:2968} INFO - Setting next_dagrun for example_branch_dop_operator_v3 to 2022-08-22T07:35:00+00:00, run_after=2022-08-22T07:36:00+00:00
[2022-08-22 07:36:57,448] {processor.py:161} INFO - Processing /home/ubuntu/.local/lib/python3.8/site-packages/airflow/example_dags/example_branch_python_dop_operator_3.py took 0.067 seconds
[2022-08-22 07:37:32,912] {processor.py:153} INFO - Started process (PID=12095) to work on /home/ubuntu/.local/lib/python3.8/site-packages/airflow/example_dags/example_branch_python_dop_operator_3.py
[2022-08-22 07:37:32,913] {processor.py:641} INFO - Processing file /home/ubuntu/.local/lib/python3.8/site-packages/airflow/example_dags/example_branch_python_dop_operator_3.py for tasks to queue
[2022-08-22 07:37:32,914] {logging_mixin.py:115} INFO - [2022-08-22 07:37:32,914] {dagbag.py:508} INFO - Filling up the DagBag from /home/ubuntu/.local/lib/python3.8/site-packages/airflow/example_dags/example_branch_python_dop_operator_3.py
[2022-08-22 07:37:32,923] {processor.py:651} INFO - DAG(s) dict_keys(['example_branch_dop_operator_v3']) retrieved from /home/ubuntu/.local/lib/python3.8/site-packages/airflow/example_dags/example_branch_python_dop_operator_3.py
[2022-08-22 07:37:32,936] {logging_mixin.py:115} INFO - [2022-08-22 07:37:32,936] {dag.py:2420} INFO - Sync 1 DAGs
[2022-08-22 07:37:32,956] {logging_mixin.py:115} INFO - [2022-08-22 07:37:32,955] {dag.py:2968} INFO - Setting next_dagrun for example_branch_dop_operator_v3 to 2022-08-22T07:36:00+00:00, run_after=2022-08-22T07:37:00+00:00
[2022-08-22 07:37:32,977] {processor.py:161} INFO - Processing /home/ubuntu/.local/lib/python3.8/site-packages/airflow/example_dags/example_branch_python_dop_operator_3.py took 0.068 seconds
[2022-08-22 07:38:08,597] {processor.py:153} INFO - Started process (PID=12148) to work on /home/ubuntu/.local/lib/python3.8/site-packages/airflow/example_dags/example_branch_python_dop_operator_3.py
[2022-08-22 07:38:08,599] {processor.py:641} INFO - Processing file /home/ubuntu/.local/lib/python3.8/site-packages/airflow/example_dags/example_branch_python_dop_operator_3.py for tasks to queue
[2022-08-22 07:38:08,600] {logging_mixin.py:115} INFO - [2022-08-22 07:38:08,600] {dagbag.py:508} INFO - Filling up the DagBag from /home/ubuntu/.local/lib/python3.8/site-packages/airflow/example_dags/example_branch_python_dop_operator_3.py
[2022-08-22 07:38:08,609] {processor.py:651} INFO - DAG(s) dict_keys(['example_branch_dop_operator_v3']) retrieved from /home/ubuntu/.local/lib/python3.8/site-packages/airflow/example_dags/example_branch_python_dop_operator_3.py
[2022-08-22 07:38:08,623] {logging_mixin.py:115} INFO - [2022-08-22 07:38:08,623] {dag.py:2420} INFO - Sync 1 DAGs
[2022-08-22 07:38:08,644] {logging_mixin.py:115} INFO - [2022-08-22 07:38:08,644] {dag.py:2968} INFO - Setting next_dagrun for example_branch_dop_operator_v3 to 2022-08-22T07:37:00+00:00, run_after=2022-08-22T07:38:00+00:00
[2022-08-22 07:38:08,659] {processor.py:161} INFO - Processing /home/ubuntu/.local/lib/python3.8/site-packages/airflow/example_dags/example_branch_python_dop_operator_3.py took 0.065 seconds
[2022-08-22 07:38:45,597] {processor.py:153} INFO - Started process (PID=12281) to work on /home/ubuntu/.local/lib/python3.8/site-packages/airflow/example_dags/example_branch_python_dop_operator_3.py
[2022-08-22 07:38:45,598] {processor.py:641} INFO - Processing file /home/ubuntu/.local/lib/python3.8/site-packages/airflow/example_dags/example_branch_python_dop_operator_3.py for tasks to queue
[2022-08-22 07:38:45,599] {logging_mixin.py:115} INFO - [2022-08-22 07:38:45,599] {dagbag.py:508} INFO - Filling up the DagBag from /home/ubuntu/.local/lib/python3.8/site-packages/airflow/example_dags/example_branch_python_dop_operator_3.py
[2022-08-22 07:38:45,610] {processor.py:651} INFO - DAG(s) dict_keys(['example_branch_dop_operator_v3']) retrieved from /home/ubuntu/.local/lib/python3.8/site-packages/airflow/example_dags/example_branch_python_dop_operator_3.py
[2022-08-22 07:38:45,633] {logging_mixin.py:115} INFO - [2022-08-22 07:38:45,633] {dag.py:2420} INFO - Sync 1 DAGs
[2022-08-22 07:38:45,656] {logging_mixin.py:115} INFO - [2022-08-22 07:38:45,655] {dag.py:2968} INFO - Setting next_dagrun for example_branch_dop_operator_v3 to 2022-08-22T07:37:00+00:00, run_after=2022-08-22T07:38:00+00:00
[2022-08-22 07:38:45,674] {processor.py:161} INFO - Processing /home/ubuntu/.local/lib/python3.8/site-packages/airflow/example_dags/example_branch_python_dop_operator_3.py took 0.081 seconds
[2022-08-22 07:39:20,780] {processor.py:153} INFO - Started process (PID=12324) to work on /home/ubuntu/.local/lib/python3.8/site-packages/airflow/example_dags/example_branch_python_dop_operator_3.py
[2022-08-22 07:39:20,782] {processor.py:641} INFO - Processing file /home/ubuntu/.local/lib/python3.8/site-packages/airflow/example_dags/example_branch_python_dop_operator_3.py for tasks to queue
[2022-08-22 07:39:20,783] {logging_mixin.py:115} INFO - [2022-08-22 07:39:20,783] {dagbag.py:508} INFO - Filling up the DagBag from /home/ubuntu/.local/lib/python3.8/site-packages/airflow/example_dags/example_branch_python_dop_operator_3.py
[2022-08-22 07:39:20,795] {processor.py:651} INFO - DAG(s) dict_keys(['example_branch_dop_operator_v3']) retrieved from /home/ubuntu/.local/lib/python3.8/site-packages/airflow/example_dags/example_branch_python_dop_operator_3.py
[2022-08-22 07:39:20,817] {logging_mixin.py:115} INFO - [2022-08-22 07:39:20,817] {dag.py:2420} INFO - Sync 1 DAGs
[2022-08-22 07:39:20,838] {logging_mixin.py:115} INFO - [2022-08-22 07:39:20,838] {dag.py:2968} INFO - Setting next_dagrun for example_branch_dop_operator_v3 to 2022-08-22T07:38:00+00:00, run_after=2022-08-22T07:39:00+00:00
[2022-08-22 07:39:20,856] {processor.py:161} INFO - Processing /home/ubuntu/.local/lib/python3.8/site-packages/airflow/example_dags/example_branch_python_dop_operator_3.py took 0.080 seconds
