[2022-08-22 07:36:23,796] {processor.py:153} INFO - Started process (PID=11677) to work on /home/ubuntu/.local/lib/python3.8/site-packages/airflow/example_dags/example_latest_only.py
[2022-08-22 07:36:23,796] {processor.py:641} INFO - Processing file /home/ubuntu/.local/lib/python3.8/site-packages/airflow/example_dags/example_latest_only.py for tasks to queue
[2022-08-22 07:36:23,797] {logging_mixin.py:115} INFO - [2022-08-22 07:36:23,796] {dagbag.py:508} INFO - Filling up the DagBag from /home/ubuntu/.local/lib/python3.8/site-packages/airflow/example_dags/example_latest_only.py
[2022-08-22 07:36:23,801] {processor.py:651} INFO - DAG(s) dict_keys(['latest_only']) retrieved from /home/ubuntu/.local/lib/python3.8/site-packages/airflow/example_dags/example_latest_only.py
[2022-08-22 07:36:23,816] {logging_mixin.py:115} INFO - [2022-08-22 07:36:23,816] {dag.py:2420} INFO - Sync 1 DAGs
[2022-08-22 07:36:23,832] {logging_mixin.py:115} INFO - [2022-08-22 07:36:23,832] {dag.py:2968} INFO - Setting next_dagrun for latest_only to 2022-08-22T03:36:23.832173+00:00, run_after=2022-08-22T07:36:23.832173+00:00
[2022-08-22 07:36:23,851] {processor.py:161} INFO - Processing /home/ubuntu/.local/lib/python3.8/site-packages/airflow/example_dags/example_latest_only.py took 0.058 seconds
[2022-08-22 07:37:01,322] {processor.py:153} INFO - Started process (PID=11874) to work on /home/ubuntu/.local/lib/python3.8/site-packages/airflow/example_dags/example_latest_only.py
[2022-08-22 07:37:01,323] {processor.py:641} INFO - Processing file /home/ubuntu/.local/lib/python3.8/site-packages/airflow/example_dags/example_latest_only.py for tasks to queue
[2022-08-22 07:37:01,324] {logging_mixin.py:115} INFO - [2022-08-22 07:37:01,324] {dagbag.py:508} INFO - Filling up the DagBag from /home/ubuntu/.local/lib/python3.8/site-packages/airflow/example_dags/example_latest_only.py
[2022-08-22 07:37:01,329] {processor.py:651} INFO - DAG(s) dict_keys(['latest_only']) retrieved from /home/ubuntu/.local/lib/python3.8/site-packages/airflow/example_dags/example_latest_only.py
[2022-08-22 07:37:01,343] {logging_mixin.py:115} INFO - [2022-08-22 07:37:01,343] {dag.py:2420} INFO - Sync 1 DAGs
[2022-08-22 07:37:01,360] {logging_mixin.py:115} INFO - [2022-08-22 07:37:01,360] {dag.py:2968} INFO - Setting next_dagrun for latest_only to 2022-08-22T03:37:01.359883+00:00, run_after=2022-08-22T07:37:01.359883+00:00
[2022-08-22 07:37:01,393] {processor.py:161} INFO - Processing /home/ubuntu/.local/lib/python3.8/site-packages/airflow/example_dags/example_latest_only.py took 0.074 seconds
[2022-08-22 07:37:36,318] {processor.py:153} INFO - Started process (PID=12100) to work on /home/ubuntu/.local/lib/python3.8/site-packages/airflow/example_dags/example_latest_only.py
[2022-08-22 07:37:36,319] {processor.py:641} INFO - Processing file /home/ubuntu/.local/lib/python3.8/site-packages/airflow/example_dags/example_latest_only.py for tasks to queue
[2022-08-22 07:37:36,320] {logging_mixin.py:115} INFO - [2022-08-22 07:37:36,319] {dagbag.py:508} INFO - Filling up the DagBag from /home/ubuntu/.local/lib/python3.8/site-packages/airflow/example_dags/example_latest_only.py
[2022-08-22 07:37:36,326] {processor.py:651} INFO - DAG(s) dict_keys(['latest_only']) retrieved from /home/ubuntu/.local/lib/python3.8/site-packages/airflow/example_dags/example_latest_only.py
[2022-08-22 07:37:36,344] {logging_mixin.py:115} INFO - [2022-08-22 07:37:36,344] {dag.py:2420} INFO - Sync 1 DAGs
[2022-08-22 07:37:36,365] {logging_mixin.py:115} INFO - [2022-08-22 07:37:36,365] {dag.py:2968} INFO - Setting next_dagrun for latest_only to 2022-08-22T03:37:36.364870+00:00, run_after=2022-08-22T07:37:36.364870+00:00
[2022-08-22 07:37:36,390] {processor.py:161} INFO - Processing /home/ubuntu/.local/lib/python3.8/site-packages/airflow/example_dags/example_latest_only.py took 0.077 seconds
[2022-08-22 07:38:15,148] {processor.py:153} INFO - Started process (PID=12224) to work on /home/ubuntu/.local/lib/python3.8/site-packages/airflow/example_dags/example_latest_only.py
[2022-08-22 07:38:15,149] {processor.py:641} INFO - Processing file /home/ubuntu/.local/lib/python3.8/site-packages/airflow/example_dags/example_latest_only.py for tasks to queue
[2022-08-22 07:38:15,149] {logging_mixin.py:115} INFO - [2022-08-22 07:38:15,149] {dagbag.py:508} INFO - Filling up the DagBag from /home/ubuntu/.local/lib/python3.8/site-packages/airflow/example_dags/example_latest_only.py
[2022-08-22 07:38:15,154] {processor.py:651} INFO - DAG(s) dict_keys(['latest_only']) retrieved from /home/ubuntu/.local/lib/python3.8/site-packages/airflow/example_dags/example_latest_only.py
[2022-08-22 07:38:15,169] {logging_mixin.py:115} INFO - [2022-08-22 07:38:15,169] {dag.py:2420} INFO - Sync 1 DAGs
[2022-08-22 07:38:15,187] {logging_mixin.py:115} INFO - [2022-08-22 07:38:15,187] {dag.py:2968} INFO - Setting next_dagrun for latest_only to 2022-08-22T03:38:15.187269+00:00, run_after=2022-08-22T07:38:15.187269+00:00
[2022-08-22 07:38:15,204] {processor.py:161} INFO - Processing /home/ubuntu/.local/lib/python3.8/site-packages/airflow/example_dags/example_latest_only.py took 0.059 seconds
[2022-08-22 07:38:51,247] {processor.py:153} INFO - Started process (PID=12289) to work on /home/ubuntu/.local/lib/python3.8/site-packages/airflow/example_dags/example_latest_only.py
[2022-08-22 07:38:51,249] {processor.py:641} INFO - Processing file /home/ubuntu/.local/lib/python3.8/site-packages/airflow/example_dags/example_latest_only.py for tasks to queue
[2022-08-22 07:38:51,250] {logging_mixin.py:115} INFO - [2022-08-22 07:38:51,250] {dagbag.py:508} INFO - Filling up the DagBag from /home/ubuntu/.local/lib/python3.8/site-packages/airflow/example_dags/example_latest_only.py
[2022-08-22 07:38:51,256] {processor.py:651} INFO - DAG(s) dict_keys(['latest_only']) retrieved from /home/ubuntu/.local/lib/python3.8/site-packages/airflow/example_dags/example_latest_only.py
[2022-08-22 07:38:51,276] {logging_mixin.py:115} INFO - [2022-08-22 07:38:51,276] {dag.py:2420} INFO - Sync 1 DAGs
[2022-08-22 07:38:51,299] {logging_mixin.py:115} INFO - [2022-08-22 07:38:51,299] {dag.py:2968} INFO - Setting next_dagrun for latest_only to 2022-08-22T03:38:51.299007+00:00, run_after=2022-08-22T07:38:51.299007+00:00
[2022-08-22 07:38:51,325] {processor.py:161} INFO - Processing /home/ubuntu/.local/lib/python3.8/site-packages/airflow/example_dags/example_latest_only.py took 0.081 seconds
[2022-08-22 07:39:26,195] {processor.py:153} INFO - Started process (PID=12332) to work on /home/ubuntu/.local/lib/python3.8/site-packages/airflow/example_dags/example_latest_only.py
[2022-08-22 07:39:26,197] {processor.py:641} INFO - Processing file /home/ubuntu/.local/lib/python3.8/site-packages/airflow/example_dags/example_latest_only.py for tasks to queue
[2022-08-22 07:39:26,197] {logging_mixin.py:115} INFO - [2022-08-22 07:39:26,197] {dagbag.py:508} INFO - Filling up the DagBag from /home/ubuntu/.local/lib/python3.8/site-packages/airflow/example_dags/example_latest_only.py
[2022-08-22 07:39:26,202] {processor.py:651} INFO - DAG(s) dict_keys(['latest_only']) retrieved from /home/ubuntu/.local/lib/python3.8/site-packages/airflow/example_dags/example_latest_only.py
[2022-08-22 07:39:26,215] {logging_mixin.py:115} INFO - [2022-08-22 07:39:26,215] {dag.py:2420} INFO - Sync 1 DAGs
[2022-08-22 07:39:26,232] {logging_mixin.py:115} INFO - [2022-08-22 07:39:26,232] {dag.py:2968} INFO - Setting next_dagrun for latest_only to 2022-08-22T03:39:26.232467+00:00, run_after=2022-08-22T07:39:26.232467+00:00
[2022-08-22 07:39:26,247] {processor.py:161} INFO - Processing /home/ubuntu/.local/lib/python3.8/site-packages/airflow/example_dags/example_latest_only.py took 0.054 seconds
