[2022-08-22 07:36:08,360] {processor.py:153} INFO - Started process (PID=11638) to work on /home/ubuntu/.local/lib/python3.8/site-packages/airflow/example_dags/example_latest_only_with_trigger.py
[2022-08-22 07:36:08,361] {processor.py:641} INFO - Processing file /home/ubuntu/.local/lib/python3.8/site-packages/airflow/example_dags/example_latest_only_with_trigger.py for tasks to queue
[2022-08-22 07:36:08,362] {logging_mixin.py:115} INFO - [2022-08-22 07:36:08,361] {dagbag.py:508} INFO - Filling up the DagBag from /home/ubuntu/.local/lib/python3.8/site-packages/airflow/example_dags/example_latest_only_with_trigger.py
[2022-08-22 07:36:08,367] {processor.py:651} INFO - DAG(s) dict_keys(['latest_only_with_trigger']) retrieved from /home/ubuntu/.local/lib/python3.8/site-packages/airflow/example_dags/example_latest_only_with_trigger.py
[2022-08-22 07:36:08,383] {logging_mixin.py:115} INFO - [2022-08-22 07:36:08,383] {dag.py:2420} INFO - Sync 1 DAGs
[2022-08-22 07:36:08,400] {logging_mixin.py:115} INFO - [2022-08-22 07:36:08,400] {dag.py:2968} INFO - Setting next_dagrun for latest_only_with_trigger to 2022-08-22T03:36:08.400514+00:00, run_after=2022-08-22T07:36:08.400514+00:00
[2022-08-22 07:36:08,417] {processor.py:161} INFO - Processing /home/ubuntu/.local/lib/python3.8/site-packages/airflow/example_dags/example_latest_only_with_trigger.py took 0.060 seconds
[2022-08-22 07:36:42,746] {processor.py:153} INFO - Started process (PID=11720) to work on /home/ubuntu/.local/lib/python3.8/site-packages/airflow/example_dags/example_latest_only_with_trigger.py
[2022-08-22 07:36:42,747] {processor.py:641} INFO - Processing file /home/ubuntu/.local/lib/python3.8/site-packages/airflow/example_dags/example_latest_only_with_trigger.py for tasks to queue
[2022-08-22 07:36:42,747] {logging_mixin.py:115} INFO - [2022-08-22 07:36:42,747] {dagbag.py:508} INFO - Filling up the DagBag from /home/ubuntu/.local/lib/python3.8/site-packages/airflow/example_dags/example_latest_only_with_trigger.py
[2022-08-22 07:36:42,754] {processor.py:651} INFO - DAG(s) dict_keys(['latest_only_with_trigger']) retrieved from /home/ubuntu/.local/lib/python3.8/site-packages/airflow/example_dags/example_latest_only_with_trigger.py
[2022-08-22 07:36:42,773] {logging_mixin.py:115} INFO - [2022-08-22 07:36:42,773] {dag.py:2420} INFO - Sync 1 DAGs
[2022-08-22 07:36:42,794] {logging_mixin.py:115} INFO - [2022-08-22 07:36:42,794] {dag.py:2968} INFO - Setting next_dagrun for latest_only_with_trigger to 2022-08-22T03:36:42.794356+00:00, run_after=2022-08-22T07:36:42.794356+00:00
[2022-08-22 07:36:42,824] {processor.py:161} INFO - Processing /home/ubuntu/.local/lib/python3.8/site-packages/airflow/example_dags/example_latest_only_with_trigger.py took 0.082 seconds
[2022-08-22 07:37:19,623] {processor.py:153} INFO - Started process (PID=12074) to work on /home/ubuntu/.local/lib/python3.8/site-packages/airflow/example_dags/example_latest_only_with_trigger.py
[2022-08-22 07:37:19,624] {processor.py:641} INFO - Processing file /home/ubuntu/.local/lib/python3.8/site-packages/airflow/example_dags/example_latest_only_with_trigger.py for tasks to queue
[2022-08-22 07:37:19,625] {logging_mixin.py:115} INFO - [2022-08-22 07:37:19,625] {dagbag.py:508} INFO - Filling up the DagBag from /home/ubuntu/.local/lib/python3.8/site-packages/airflow/example_dags/example_latest_only_with_trigger.py
[2022-08-22 07:37:19,631] {processor.py:651} INFO - DAG(s) dict_keys(['latest_only_with_trigger']) retrieved from /home/ubuntu/.local/lib/python3.8/site-packages/airflow/example_dags/example_latest_only_with_trigger.py
[2022-08-22 07:37:19,650] {logging_mixin.py:115} INFO - [2022-08-22 07:37:19,650] {dag.py:2420} INFO - Sync 1 DAGs
[2022-08-22 07:37:19,671] {logging_mixin.py:115} INFO - [2022-08-22 07:37:19,671] {dag.py:2968} INFO - Setting next_dagrun for latest_only_with_trigger to 2022-08-22T03:37:19.670733+00:00, run_after=2022-08-22T07:37:19.670733+00:00
[2022-08-22 07:37:19,687] {processor.py:161} INFO - Processing /home/ubuntu/.local/lib/python3.8/site-packages/airflow/example_dags/example_latest_only_with_trigger.py took 0.068 seconds
[2022-08-22 07:37:55,925] {processor.py:153} INFO - Started process (PID=12126) to work on /home/ubuntu/.local/lib/python3.8/site-packages/airflow/example_dags/example_latest_only_with_trigger.py
[2022-08-22 07:37:55,927] {processor.py:641} INFO - Processing file /home/ubuntu/.local/lib/python3.8/site-packages/airflow/example_dags/example_latest_only_with_trigger.py for tasks to queue
[2022-08-22 07:37:55,927] {logging_mixin.py:115} INFO - [2022-08-22 07:37:55,927] {dagbag.py:508} INFO - Filling up the DagBag from /home/ubuntu/.local/lib/python3.8/site-packages/airflow/example_dags/example_latest_only_with_trigger.py
[2022-08-22 07:37:55,934] {processor.py:651} INFO - DAG(s) dict_keys(['latest_only_with_trigger']) retrieved from /home/ubuntu/.local/lib/python3.8/site-packages/airflow/example_dags/example_latest_only_with_trigger.py
[2022-08-22 07:37:55,953] {logging_mixin.py:115} INFO - [2022-08-22 07:37:55,953] {dag.py:2420} INFO - Sync 1 DAGs
[2022-08-22 07:37:55,974] {logging_mixin.py:115} INFO - [2022-08-22 07:37:55,974] {dag.py:2968} INFO - Setting next_dagrun for latest_only_with_trigger to 2022-08-22T03:37:55.973968+00:00, run_after=2022-08-22T07:37:55.973968+00:00
[2022-08-22 07:37:55,994] {processor.py:161} INFO - Processing /home/ubuntu/.local/lib/python3.8/site-packages/airflow/example_dags/example_latest_only_with_trigger.py took 0.073 seconds
[2022-08-22 07:38:31,297] {processor.py:153} INFO - Started process (PID=12259) to work on /home/ubuntu/.local/lib/python3.8/site-packages/airflow/example_dags/example_latest_only_with_trigger.py
[2022-08-22 07:38:31,299] {processor.py:641} INFO - Processing file /home/ubuntu/.local/lib/python3.8/site-packages/airflow/example_dags/example_latest_only_with_trigger.py for tasks to queue
[2022-08-22 07:38:31,299] {logging_mixin.py:115} INFO - [2022-08-22 07:38:31,299] {dagbag.py:508} INFO - Filling up the DagBag from /home/ubuntu/.local/lib/python3.8/site-packages/airflow/example_dags/example_latest_only_with_trigger.py
[2022-08-22 07:38:31,306] {processor.py:651} INFO - DAG(s) dict_keys(['latest_only_with_trigger']) retrieved from /home/ubuntu/.local/lib/python3.8/site-packages/airflow/example_dags/example_latest_only_with_trigger.py
[2022-08-22 07:38:31,325] {logging_mixin.py:115} INFO - [2022-08-22 07:38:31,325] {dag.py:2420} INFO - Sync 1 DAGs
[2022-08-22 07:38:31,347] {logging_mixin.py:115} INFO - [2022-08-22 07:38:31,347] {dag.py:2968} INFO - Setting next_dagrun for latest_only_with_trigger to 2022-08-22T03:38:31.346998+00:00, run_after=2022-08-22T07:38:31.346998+00:00
[2022-08-22 07:38:31,368] {processor.py:161} INFO - Processing /home/ubuntu/.local/lib/python3.8/site-packages/airflow/example_dags/example_latest_only_with_trigger.py took 0.076 seconds
[2022-08-22 07:39:05,898] {processor.py:153} INFO - Started process (PID=12306) to work on /home/ubuntu/.local/lib/python3.8/site-packages/airflow/example_dags/example_latest_only_with_trigger.py
[2022-08-22 07:39:05,899] {processor.py:641} INFO - Processing file /home/ubuntu/.local/lib/python3.8/site-packages/airflow/example_dags/example_latest_only_with_trigger.py for tasks to queue
[2022-08-22 07:39:05,899] {logging_mixin.py:115} INFO - [2022-08-22 07:39:05,899] {dagbag.py:508} INFO - Filling up the DagBag from /home/ubuntu/.local/lib/python3.8/site-packages/airflow/example_dags/example_latest_only_with_trigger.py
[2022-08-22 07:39:05,906] {processor.py:651} INFO - DAG(s) dict_keys(['latest_only_with_trigger']) retrieved from /home/ubuntu/.local/lib/python3.8/site-packages/airflow/example_dags/example_latest_only_with_trigger.py
[2022-08-22 07:39:05,926] {logging_mixin.py:115} INFO - [2022-08-22 07:39:05,926] {dag.py:2420} INFO - Sync 1 DAGs
[2022-08-22 07:39:05,948] {logging_mixin.py:115} INFO - [2022-08-22 07:39:05,948] {dag.py:2968} INFO - Setting next_dagrun for latest_only_with_trigger to 2022-08-22T03:39:05.947879+00:00, run_after=2022-08-22T07:39:05.947879+00:00
[2022-08-22 07:39:05,965] {processor.py:161} INFO - Processing /home/ubuntu/.local/lib/python3.8/site-packages/airflow/example_dags/example_latest_only_with_trigger.py took 0.071 seconds
[2022-08-22 07:39:40,266] {processor.py:153} INFO - Started process (PID=12348) to work on /home/ubuntu/.local/lib/python3.8/site-packages/airflow/example_dags/example_latest_only_with_trigger.py
[2022-08-22 07:39:40,267] {processor.py:641} INFO - Processing file /home/ubuntu/.local/lib/python3.8/site-packages/airflow/example_dags/example_latest_only_with_trigger.py for tasks to queue
[2022-08-22 07:39:40,267] {logging_mixin.py:115} INFO - [2022-08-22 07:39:40,267] {dagbag.py:508} INFO - Filling up the DagBag from /home/ubuntu/.local/lib/python3.8/site-packages/airflow/example_dags/example_latest_only_with_trigger.py
[2022-08-22 07:39:40,273] {processor.py:651} INFO - DAG(s) dict_keys(['latest_only_with_trigger']) retrieved from /home/ubuntu/.local/lib/python3.8/site-packages/airflow/example_dags/example_latest_only_with_trigger.py
[2022-08-22 07:39:40,288] {logging_mixin.py:115} INFO - [2022-08-22 07:39:40,288] {dag.py:2420} INFO - Sync 1 DAGs
[2022-08-22 07:39:40,304] {logging_mixin.py:115} INFO - [2022-08-22 07:39:40,304] {dag.py:2968} INFO - Setting next_dagrun for latest_only_with_trigger to 2022-08-22T03:39:40.304378+00:00, run_after=2022-08-22T07:39:40.304378+00:00
[2022-08-22 07:39:40,321] {processor.py:161} INFO - Processing /home/ubuntu/.local/lib/python3.8/site-packages/airflow/example_dags/example_latest_only_with_trigger.py took 0.058 seconds
