[2022-08-22 07:36:22,639] {processor.py:153} INFO - Started process (PID=11676) to work on /home/ubuntu/.local/lib/python3.8/site-packages/airflow/example_dags/example_kubernetes_executor.py
[2022-08-22 07:36:22,640] {processor.py:641} INFO - Processing file /home/ubuntu/.local/lib/python3.8/site-packages/airflow/example_dags/example_kubernetes_executor.py for tasks to queue
[2022-08-22 07:36:22,640] {logging_mixin.py:115} INFO - [2022-08-22 07:36:22,640] {dagbag.py:508} INFO - Filling up the DagBag from /home/ubuntu/.local/lib/python3.8/site-packages/airflow/example_dags/example_kubernetes_executor.py
[2022-08-22 07:36:22,656] {logging_mixin.py:115} INFO - [2022-08-22 07:36:22,656] {example_kubernetes_executor.py:39} WARNING - The example_kubernetes_executor example DAG requires the kubernetes provider. Please install it with: pip install apache-airflow[cncf.kubernetes]
[2022-08-22 07:36:22,656] {processor.py:653} WARNING - No viable dags retrieved from /home/ubuntu/.local/lib/python3.8/site-packages/airflow/example_dags/example_kubernetes_executor.py
[2022-08-22 07:36:22,668] {processor.py:161} INFO - Processing /home/ubuntu/.local/lib/python3.8/site-packages/airflow/example_dags/example_kubernetes_executor.py took 0.033 seconds
[2022-08-22 07:37:00,166] {processor.py:153} INFO - Started process (PID=11873) to work on /home/ubuntu/.local/lib/python3.8/site-packages/airflow/example_dags/example_kubernetes_executor.py
[2022-08-22 07:37:00,167] {processor.py:641} INFO - Processing file /home/ubuntu/.local/lib/python3.8/site-packages/airflow/example_dags/example_kubernetes_executor.py for tasks to queue
[2022-08-22 07:37:00,168] {logging_mixin.py:115} INFO - [2022-08-22 07:37:00,168] {dagbag.py:508} INFO - Filling up the DagBag from /home/ubuntu/.local/lib/python3.8/site-packages/airflow/example_dags/example_kubernetes_executor.py
[2022-08-22 07:37:00,183] {logging_mixin.py:115} INFO - [2022-08-22 07:37:00,183] {example_kubernetes_executor.py:39} WARNING - The example_kubernetes_executor example DAG requires the kubernetes provider. Please install it with: pip install apache-airflow[cncf.kubernetes]
[2022-08-22 07:37:00,184] {processor.py:653} WARNING - No viable dags retrieved from /home/ubuntu/.local/lib/python3.8/site-packages/airflow/example_dags/example_kubernetes_executor.py
[2022-08-22 07:37:00,196] {processor.py:161} INFO - Processing /home/ubuntu/.local/lib/python3.8/site-packages/airflow/example_dags/example_kubernetes_executor.py took 0.034 seconds
[2022-08-22 07:37:35,124] {processor.py:153} INFO - Started process (PID=12099) to work on /home/ubuntu/.local/lib/python3.8/site-packages/airflow/example_dags/example_kubernetes_executor.py
[2022-08-22 07:37:35,125] {processor.py:641} INFO - Processing file /home/ubuntu/.local/lib/python3.8/site-packages/airflow/example_dags/example_kubernetes_executor.py for tasks to queue
[2022-08-22 07:37:35,125] {logging_mixin.py:115} INFO - [2022-08-22 07:37:35,125] {dagbag.py:508} INFO - Filling up the DagBag from /home/ubuntu/.local/lib/python3.8/site-packages/airflow/example_dags/example_kubernetes_executor.py
[2022-08-22 07:37:35,137] {logging_mixin.py:115} INFO - [2022-08-22 07:37:35,137] {example_kubernetes_executor.py:39} WARNING - The example_kubernetes_executor example DAG requires the kubernetes provider. Please install it with: pip install apache-airflow[cncf.kubernetes]
[2022-08-22 07:37:35,137] {processor.py:653} WARNING - No viable dags retrieved from /home/ubuntu/.local/lib/python3.8/site-packages/airflow/example_dags/example_kubernetes_executor.py
[2022-08-22 07:37:35,147] {processor.py:161} INFO - Processing /home/ubuntu/.local/lib/python3.8/site-packages/airflow/example_dags/example_kubernetes_executor.py took 0.026 seconds
[2022-08-22 07:38:14,475] {processor.py:153} INFO - Started process (PID=12222) to work on /home/ubuntu/.local/lib/python3.8/site-packages/airflow/example_dags/example_kubernetes_executor.py
[2022-08-22 07:38:14,477] {processor.py:641} INFO - Processing file /home/ubuntu/.local/lib/python3.8/site-packages/airflow/example_dags/example_kubernetes_executor.py for tasks to queue
[2022-08-22 07:38:14,478] {logging_mixin.py:115} INFO - [2022-08-22 07:38:14,477] {dagbag.py:508} INFO - Filling up the DagBag from /home/ubuntu/.local/lib/python3.8/site-packages/airflow/example_dags/example_kubernetes_executor.py
[2022-08-22 07:38:14,490] {logging_mixin.py:115} INFO - [2022-08-22 07:38:14,490] {example_kubernetes_executor.py:39} WARNING - The example_kubernetes_executor example DAG requires the kubernetes provider. Please install it with: pip install apache-airflow[cncf.kubernetes]
[2022-08-22 07:38:14,491] {processor.py:653} WARNING - No viable dags retrieved from /home/ubuntu/.local/lib/python3.8/site-packages/airflow/example_dags/example_kubernetes_executor.py
[2022-08-22 07:38:14,503] {processor.py:161} INFO - Processing /home/ubuntu/.local/lib/python3.8/site-packages/airflow/example_dags/example_kubernetes_executor.py took 0.032 seconds
[2022-08-22 07:38:50,100] {processor.py:153} INFO - Started process (PID=12288) to work on /home/ubuntu/.local/lib/python3.8/site-packages/airflow/example_dags/example_kubernetes_executor.py
[2022-08-22 07:38:50,102] {processor.py:641} INFO - Processing file /home/ubuntu/.local/lib/python3.8/site-packages/airflow/example_dags/example_kubernetes_executor.py for tasks to queue
[2022-08-22 07:38:50,102] {logging_mixin.py:115} INFO - [2022-08-22 07:38:50,102] {dagbag.py:508} INFO - Filling up the DagBag from /home/ubuntu/.local/lib/python3.8/site-packages/airflow/example_dags/example_kubernetes_executor.py
[2022-08-22 07:38:50,115] {logging_mixin.py:115} INFO - [2022-08-22 07:38:50,115] {example_kubernetes_executor.py:39} WARNING - The example_kubernetes_executor example DAG requires the kubernetes provider. Please install it with: pip install apache-airflow[cncf.kubernetes]
[2022-08-22 07:38:50,115] {processor.py:653} WARNING - No viable dags retrieved from /home/ubuntu/.local/lib/python3.8/site-packages/airflow/example_dags/example_kubernetes_executor.py
[2022-08-22 07:38:50,127] {processor.py:161} INFO - Processing /home/ubuntu/.local/lib/python3.8/site-packages/airflow/example_dags/example_kubernetes_executor.py took 0.030 seconds
[2022-08-22 07:39:25,943] {processor.py:153} INFO - Started process (PID=12331) to work on /home/ubuntu/.local/lib/python3.8/site-packages/airflow/example_dags/example_kubernetes_executor.py
[2022-08-22 07:39:25,944] {processor.py:641} INFO - Processing file /home/ubuntu/.local/lib/python3.8/site-packages/airflow/example_dags/example_kubernetes_executor.py for tasks to queue
[2022-08-22 07:39:25,945] {logging_mixin.py:115} INFO - [2022-08-22 07:39:25,945] {dagbag.py:508} INFO - Filling up the DagBag from /home/ubuntu/.local/lib/python3.8/site-packages/airflow/example_dags/example_kubernetes_executor.py
[2022-08-22 07:39:25,957] {logging_mixin.py:115} INFO - [2022-08-22 07:39:25,957] {example_kubernetes_executor.py:39} WARNING - The example_kubernetes_executor example DAG requires the kubernetes provider. Please install it with: pip install apache-airflow[cncf.kubernetes]
[2022-08-22 07:39:25,957] {processor.py:653} WARNING - No viable dags retrieved from /home/ubuntu/.local/lib/python3.8/site-packages/airflow/example_dags/example_kubernetes_executor.py
[2022-08-22 07:39:25,970] {processor.py:161} INFO - Processing /home/ubuntu/.local/lib/python3.8/site-packages/airflow/example_dags/example_kubernetes_executor.py took 0.030 seconds
