[2022-08-22 07:36:22,091] {processor.py:153} INFO - Started process (PID=11668) to work on /home/ubuntu/.local/lib/python3.8/site-packages/airflow/example_dags/example_skip_dag.py
[2022-08-22 07:36:22,091] {processor.py:641} INFO - Processing file /home/ubuntu/.local/lib/python3.8/site-packages/airflow/example_dags/example_skip_dag.py for tasks to queue
[2022-08-22 07:36:22,091] {logging_mixin.py:115} INFO - [2022-08-22 07:36:22,091] {dagbag.py:508} INFO - Filling up the DagBag from /home/ubuntu/.local/lib/python3.8/site-packages/airflow/example_dags/example_skip_dag.py
[2022-08-22 07:36:22,096] {processor.py:651} INFO - DAG(s) dict_keys(['example_skip_dag']) retrieved from /home/ubuntu/.local/lib/python3.8/site-packages/airflow/example_dags/example_skip_dag.py
[2022-08-22 07:36:22,111] {logging_mixin.py:115} INFO - [2022-08-22 07:36:22,111] {dag.py:2420} INFO - Sync 1 DAGs
[2022-08-22 07:36:22,127] {logging_mixin.py:115} INFO - [2022-08-22 07:36:22,126] {dag.py:2968} INFO - Setting next_dagrun for example_skip_dag to 2022-08-21T07:36:22.126721+00:00, run_after=2022-08-22T07:36:22.126721+00:00
[2022-08-22 07:36:22,142] {processor.py:161} INFO - Processing /home/ubuntu/.local/lib/python3.8/site-packages/airflow/example_dags/example_skip_dag.py took 0.054 seconds
[2022-08-22 07:36:58,531] {processor.py:153} INFO - Started process (PID=11839) to work on /home/ubuntu/.local/lib/python3.8/site-packages/airflow/example_dags/example_skip_dag.py
[2022-08-22 07:36:58,535] {processor.py:641} INFO - Processing file /home/ubuntu/.local/lib/python3.8/site-packages/airflow/example_dags/example_skip_dag.py for tasks to queue
[2022-08-22 07:36:58,535] {logging_mixin.py:115} INFO - [2022-08-22 07:36:58,535] {dagbag.py:508} INFO - Filling up the DagBag from /home/ubuntu/.local/lib/python3.8/site-packages/airflow/example_dags/example_skip_dag.py
[2022-08-22 07:36:58,540] {processor.py:651} INFO - DAG(s) dict_keys(['example_skip_dag']) retrieved from /home/ubuntu/.local/lib/python3.8/site-packages/airflow/example_dags/example_skip_dag.py
[2022-08-22 07:36:58,556] {logging_mixin.py:115} INFO - [2022-08-22 07:36:58,556] {dag.py:2420} INFO - Sync 1 DAGs
[2022-08-22 07:36:58,578] {logging_mixin.py:115} INFO - [2022-08-22 07:36:58,578] {dag.py:2968} INFO - Setting next_dagrun for example_skip_dag to 2022-08-21T07:36:58.578423+00:00, run_after=2022-08-22T07:36:58.578423+00:00
[2022-08-22 07:36:58,595] {processor.py:161} INFO - Processing /home/ubuntu/.local/lib/python3.8/site-packages/airflow/example_dags/example_skip_dag.py took 0.066 seconds
[2022-08-22 07:37:33,616] {processor.py:153} INFO - Started process (PID=12096) to work on /home/ubuntu/.local/lib/python3.8/site-packages/airflow/example_dags/example_skip_dag.py
[2022-08-22 07:37:33,617] {processor.py:641} INFO - Processing file /home/ubuntu/.local/lib/python3.8/site-packages/airflow/example_dags/example_skip_dag.py for tasks to queue
[2022-08-22 07:37:33,617] {logging_mixin.py:115} INFO - [2022-08-22 07:37:33,617] {dagbag.py:508} INFO - Filling up the DagBag from /home/ubuntu/.local/lib/python3.8/site-packages/airflow/example_dags/example_skip_dag.py
[2022-08-22 07:37:33,622] {processor.py:651} INFO - DAG(s) dict_keys(['example_skip_dag']) retrieved from /home/ubuntu/.local/lib/python3.8/site-packages/airflow/example_dags/example_skip_dag.py
[2022-08-22 07:37:33,637] {logging_mixin.py:115} INFO - [2022-08-22 07:37:33,637] {dag.py:2420} INFO - Sync 1 DAGs
[2022-08-22 07:37:33,653] {logging_mixin.py:115} INFO - [2022-08-22 07:37:33,653] {dag.py:2968} INFO - Setting next_dagrun for example_skip_dag to 2022-08-21T07:37:33.653061+00:00, run_after=2022-08-22T07:37:33.653061+00:00
[2022-08-22 07:37:33,675] {processor.py:161} INFO - Processing /home/ubuntu/.local/lib/python3.8/site-packages/airflow/example_dags/example_skip_dag.py took 0.062 seconds
[2022-08-22 07:38:09,742] {processor.py:153} INFO - Started process (PID=12155) to work on /home/ubuntu/.local/lib/python3.8/site-packages/airflow/example_dags/example_skip_dag.py
[2022-08-22 07:38:09,744] {processor.py:641} INFO - Processing file /home/ubuntu/.local/lib/python3.8/site-packages/airflow/example_dags/example_skip_dag.py for tasks to queue
[2022-08-22 07:38:09,744] {logging_mixin.py:115} INFO - [2022-08-22 07:38:09,744] {dagbag.py:508} INFO - Filling up the DagBag from /home/ubuntu/.local/lib/python3.8/site-packages/airflow/example_dags/example_skip_dag.py
[2022-08-22 07:38:09,749] {processor.py:651} INFO - DAG(s) dict_keys(['example_skip_dag']) retrieved from /home/ubuntu/.local/lib/python3.8/site-packages/airflow/example_dags/example_skip_dag.py
[2022-08-22 07:38:09,764] {logging_mixin.py:115} INFO - [2022-08-22 07:38:09,764] {dag.py:2420} INFO - Sync 1 DAGs
[2022-08-22 07:38:09,780] {logging_mixin.py:115} INFO - [2022-08-22 07:38:09,780] {dag.py:2968} INFO - Setting next_dagrun for example_skip_dag to 2022-08-21T07:38:09.780365+00:00, run_after=2022-08-22T07:38:09.780365+00:00
[2022-08-22 07:38:09,797] {processor.py:161} INFO - Processing /home/ubuntu/.local/lib/python3.8/site-packages/airflow/example_dags/example_skip_dag.py took 0.057 seconds
[2022-08-22 07:38:46,750] {processor.py:153} INFO - Started process (PID=12282) to work on /home/ubuntu/.local/lib/python3.8/site-packages/airflow/example_dags/example_skip_dag.py
[2022-08-22 07:38:46,751] {processor.py:641} INFO - Processing file /home/ubuntu/.local/lib/python3.8/site-packages/airflow/example_dags/example_skip_dag.py for tasks to queue
[2022-08-22 07:38:46,751] {logging_mixin.py:115} INFO - [2022-08-22 07:38:46,751] {dagbag.py:508} INFO - Filling up the DagBag from /home/ubuntu/.local/lib/python3.8/site-packages/airflow/example_dags/example_skip_dag.py
[2022-08-22 07:38:46,756] {processor.py:651} INFO - DAG(s) dict_keys(['example_skip_dag']) retrieved from /home/ubuntu/.local/lib/python3.8/site-packages/airflow/example_dags/example_skip_dag.py
[2022-08-22 07:38:46,771] {logging_mixin.py:115} INFO - [2022-08-22 07:38:46,771] {dag.py:2420} INFO - Sync 1 DAGs
[2022-08-22 07:38:46,788] {logging_mixin.py:115} INFO - [2022-08-22 07:38:46,788] {dag.py:2968} INFO - Setting next_dagrun for example_skip_dag to 2022-08-21T07:38:46.788439+00:00, run_after=2022-08-22T07:38:46.788439+00:00
[2022-08-22 07:38:46,801] {processor.py:161} INFO - Processing /home/ubuntu/.local/lib/python3.8/site-packages/airflow/example_dags/example_skip_dag.py took 0.055 seconds
[2022-08-22 07:39:24,226] {processor.py:153} INFO - Started process (PID=12328) to work on /home/ubuntu/.local/lib/python3.8/site-packages/airflow/example_dags/example_skip_dag.py
[2022-08-22 07:39:24,227] {processor.py:641} INFO - Processing file /home/ubuntu/.local/lib/python3.8/site-packages/airflow/example_dags/example_skip_dag.py for tasks to queue
[2022-08-22 07:39:24,228] {logging_mixin.py:115} INFO - [2022-08-22 07:39:24,228] {dagbag.py:508} INFO - Filling up the DagBag from /home/ubuntu/.local/lib/python3.8/site-packages/airflow/example_dags/example_skip_dag.py
[2022-08-22 07:39:24,233] {processor.py:651} INFO - DAG(s) dict_keys(['example_skip_dag']) retrieved from /home/ubuntu/.local/lib/python3.8/site-packages/airflow/example_dags/example_skip_dag.py
[2022-08-22 07:39:24,248] {logging_mixin.py:115} INFO - [2022-08-22 07:39:24,248] {dag.py:2420} INFO - Sync 1 DAGs
[2022-08-22 07:39:24,264] {logging_mixin.py:115} INFO - [2022-08-22 07:39:24,264] {dag.py:2968} INFO - Setting next_dagrun for example_skip_dag to 2022-08-21T07:39:24.264295+00:00, run_after=2022-08-22T07:39:24.264295+00:00
[2022-08-22 07:39:24,278] {processor.py:161} INFO - Processing /home/ubuntu/.local/lib/python3.8/site-packages/airflow/example_dags/example_skip_dag.py took 0.055 seconds
