[2022-08-22 07:36:31,264] {processor.py:153} INFO - Started process (PID=11692) to work on /home/ubuntu/.local/lib/python3.8/site-packages/airflow/example_dags/example_task_group_decorator.py
[2022-08-22 07:36:31,265] {processor.py:641} INFO - Processing file /home/ubuntu/.local/lib/python3.8/site-packages/airflow/example_dags/example_task_group_decorator.py for tasks to queue
[2022-08-22 07:36:31,265] {logging_mixin.py:115} INFO - [2022-08-22 07:36:31,265] {dagbag.py:508} INFO - Filling up the DagBag from /home/ubuntu/.local/lib/python3.8/site-packages/airflow/example_dags/example_task_group_decorator.py
[2022-08-22 07:36:31,286] {processor.py:651} INFO - DAG(s) dict_keys(['example_task_group_decorator']) retrieved from /home/ubuntu/.local/lib/python3.8/site-packages/airflow/example_dags/example_task_group_decorator.py
[2022-08-22 07:36:31,323] {logging_mixin.py:115} INFO - [2022-08-22 07:36:31,323] {dag.py:2420} INFO - Sync 1 DAGs
[2022-08-22 07:36:31,334] {logging_mixin.py:115} INFO - [2022-08-22 07:36:31,334] {dag.py:2968} INFO - Setting next_dagrun for example_task_group_decorator to 2022-08-21T07:36:31.334131+00:00, run_after=2022-08-22T07:36:31.334131+00:00
[2022-08-22 07:36:31,380] {processor.py:161} INFO - Processing /home/ubuntu/.local/lib/python3.8/site-packages/airflow/example_dags/example_task_group_decorator.py took 0.119 seconds
[2022-08-22 07:37:11,732] {processor.py:153} INFO - Started process (PID=12001) to work on /home/ubuntu/.local/lib/python3.8/site-packages/airflow/example_dags/example_task_group_decorator.py
[2022-08-22 07:37:11,734] {processor.py:641} INFO - Processing file /home/ubuntu/.local/lib/python3.8/site-packages/airflow/example_dags/example_task_group_decorator.py for tasks to queue
[2022-08-22 07:37:11,734] {logging_mixin.py:115} INFO - [2022-08-22 07:37:11,734] {dagbag.py:508} INFO - Filling up the DagBag from /home/ubuntu/.local/lib/python3.8/site-packages/airflow/example_dags/example_task_group_decorator.py
[2022-08-22 07:37:11,760] {processor.py:651} INFO - DAG(s) dict_keys(['example_task_group_decorator']) retrieved from /home/ubuntu/.local/lib/python3.8/site-packages/airflow/example_dags/example_task_group_decorator.py
[2022-08-22 07:37:11,810] {logging_mixin.py:115} INFO - [2022-08-22 07:37:11,810] {dag.py:2420} INFO - Sync 1 DAGs
[2022-08-22 07:37:11,826] {logging_mixin.py:115} INFO - [2022-08-22 07:37:11,826] {dag.py:2968} INFO - Setting next_dagrun for example_task_group_decorator to 2022-08-21T07:37:11.825661+00:00, run_after=2022-08-22T07:37:11.825661+00:00
[2022-08-22 07:37:11,844] {processor.py:161} INFO - Processing /home/ubuntu/.local/lib/python3.8/site-packages/airflow/example_dags/example_task_group_decorator.py took 0.116 seconds
[2022-08-22 07:37:48,070] {processor.py:153} INFO - Started process (PID=12118) to work on /home/ubuntu/.local/lib/python3.8/site-packages/airflow/example_dags/example_task_group_decorator.py
[2022-08-22 07:37:48,071] {processor.py:641} INFO - Processing file /home/ubuntu/.local/lib/python3.8/site-packages/airflow/example_dags/example_task_group_decorator.py for tasks to queue
[2022-08-22 07:37:48,072] {logging_mixin.py:115} INFO - [2022-08-22 07:37:48,072] {dagbag.py:508} INFO - Filling up the DagBag from /home/ubuntu/.local/lib/python3.8/site-packages/airflow/example_dags/example_task_group_decorator.py
[2022-08-22 07:37:48,097] {processor.py:651} INFO - DAG(s) dict_keys(['example_task_group_decorator']) retrieved from /home/ubuntu/.local/lib/python3.8/site-packages/airflow/example_dags/example_task_group_decorator.py
[2022-08-22 07:37:48,120] {logging_mixin.py:115} INFO - [2022-08-22 07:37:48,120] {dag.py:2420} INFO - Sync 1 DAGs
[2022-08-22 07:37:48,138] {logging_mixin.py:115} INFO - [2022-08-22 07:37:48,138] {dag.py:2968} INFO - Setting next_dagrun for example_task_group_decorator to 2022-08-21T07:37:48.137859+00:00, run_after=2022-08-22T07:37:48.137859+00:00
[2022-08-22 07:37:48,165] {processor.py:161} INFO - Processing /home/ubuntu/.local/lib/python3.8/site-packages/airflow/example_dags/example_task_group_decorator.py took 0.099 seconds
[2022-08-22 07:38:26,445] {processor.py:153} INFO - Started process (PID=12255) to work on /home/ubuntu/.local/lib/python3.8/site-packages/airflow/example_dags/example_task_group_decorator.py
[2022-08-22 07:38:26,446] {processor.py:641} INFO - Processing file /home/ubuntu/.local/lib/python3.8/site-packages/airflow/example_dags/example_task_group_decorator.py for tasks to queue
[2022-08-22 07:38:26,446] {logging_mixin.py:115} INFO - [2022-08-22 07:38:26,446] {dagbag.py:508} INFO - Filling up the DagBag from /home/ubuntu/.local/lib/python3.8/site-packages/airflow/example_dags/example_task_group_decorator.py
[2022-08-22 07:38:26,469] {processor.py:651} INFO - DAG(s) dict_keys(['example_task_group_decorator']) retrieved from /home/ubuntu/.local/lib/python3.8/site-packages/airflow/example_dags/example_task_group_decorator.py
[2022-08-22 07:38:26,504] {logging_mixin.py:115} INFO - [2022-08-22 07:38:26,504] {dag.py:2420} INFO - Sync 1 DAGs
[2022-08-22 07:38:26,516] {logging_mixin.py:115} INFO - [2022-08-22 07:38:26,516] {dag.py:2968} INFO - Setting next_dagrun for example_task_group_decorator to 2022-08-21T07:38:26.515757+00:00, run_after=2022-08-22T07:38:26.515757+00:00
[2022-08-22 07:38:26,534] {processor.py:161} INFO - Processing /home/ubuntu/.local/lib/python3.8/site-packages/airflow/example_dags/example_task_group_decorator.py took 0.092 seconds
[2022-08-22 07:39:03,670] {processor.py:153} INFO - Started process (PID=12301) to work on /home/ubuntu/.local/lib/python3.8/site-packages/airflow/example_dags/example_task_group_decorator.py
[2022-08-22 07:39:03,671] {processor.py:641} INFO - Processing file /home/ubuntu/.local/lib/python3.8/site-packages/airflow/example_dags/example_task_group_decorator.py for tasks to queue
[2022-08-22 07:39:03,672] {logging_mixin.py:115} INFO - [2022-08-22 07:39:03,672] {dagbag.py:508} INFO - Filling up the DagBag from /home/ubuntu/.local/lib/python3.8/site-packages/airflow/example_dags/example_task_group_decorator.py
[2022-08-22 07:39:03,702] {processor.py:651} INFO - DAG(s) dict_keys(['example_task_group_decorator']) retrieved from /home/ubuntu/.local/lib/python3.8/site-packages/airflow/example_dags/example_task_group_decorator.py
[2022-08-22 07:39:03,720] {logging_mixin.py:115} INFO - [2022-08-22 07:39:03,719] {dag.py:2420} INFO - Sync 1 DAGs
[2022-08-22 07:39:03,736] {logging_mixin.py:115} INFO - [2022-08-22 07:39:03,736] {dag.py:2968} INFO - Setting next_dagrun for example_task_group_decorator to 2022-08-21T07:39:03.736346+00:00, run_after=2022-08-22T07:39:03.736346+00:00
[2022-08-22 07:39:03,766] {processor.py:161} INFO - Processing /home/ubuntu/.local/lib/python3.8/site-packages/airflow/example_dags/example_task_group_decorator.py took 0.100 seconds
[2022-08-22 07:39:43,728] {processor.py:153} INFO - Started process (PID=12352) to work on /home/ubuntu/.local/lib/python3.8/site-packages/airflow/example_dags/example_task_group_decorator.py
[2022-08-22 07:39:43,730] {processor.py:641} INFO - Processing file /home/ubuntu/.local/lib/python3.8/site-packages/airflow/example_dags/example_task_group_decorator.py for tasks to queue
[2022-08-22 07:39:43,731] {logging_mixin.py:115} INFO - [2022-08-22 07:39:43,731] {dagbag.py:508} INFO - Filling up the DagBag from /home/ubuntu/.local/lib/python3.8/site-packages/airflow/example_dags/example_task_group_decorator.py
[2022-08-22 07:39:43,761] {processor.py:651} INFO - DAG(s) dict_keys(['example_task_group_decorator']) retrieved from /home/ubuntu/.local/lib/python3.8/site-packages/airflow/example_dags/example_task_group_decorator.py
[2022-08-22 07:39:43,780] {logging_mixin.py:115} INFO - [2022-08-22 07:39:43,780] {dag.py:2420} INFO - Sync 1 DAGs
[2022-08-22 07:39:43,798] {logging_mixin.py:115} INFO - [2022-08-22 07:39:43,798] {dag.py:2968} INFO - Setting next_dagrun for example_task_group_decorator to 2022-08-21T07:39:43.798009+00:00, run_after=2022-08-22T07:39:43.798009+00:00
[2022-08-22 07:39:43,817] {processor.py:161} INFO - Processing /home/ubuntu/.local/lib/python3.8/site-packages/airflow/example_dags/example_task_group_decorator.py took 0.092 seconds
