[2022-08-22 07:36:11,820] {processor.py:153} INFO - Started process (PID=11641) to work on /home/ubuntu/.local/lib/python3.8/site-packages/airflow/example_dags/example_python_operator.py
[2022-08-22 07:36:11,820] {processor.py:641} INFO - Processing file /home/ubuntu/.local/lib/python3.8/site-packages/airflow/example_dags/example_python_operator.py for tasks to queue
[2022-08-22 07:36:11,820] {logging_mixin.py:115} INFO - [2022-08-22 07:36:11,820] {dagbag.py:508} INFO - Filling up the DagBag from /home/ubuntu/.local/lib/python3.8/site-packages/airflow/example_dags/example_python_operator.py
[2022-08-22 07:36:11,836] {processor.py:651} INFO - DAG(s) dict_keys(['example_python_operator']) retrieved from /home/ubuntu/.local/lib/python3.8/site-packages/airflow/example_dags/example_python_operator.py
[2022-08-22 07:36:11,854] {logging_mixin.py:115} INFO - [2022-08-22 07:36:11,854] {dag.py:2420} INFO - Sync 1 DAGs
[2022-08-22 07:36:11,868] {logging_mixin.py:115} INFO - [2022-08-22 07:36:11,868] {dag.py:2968} INFO - Setting next_dagrun for example_python_operator to None, run_after=None
[2022-08-22 07:36:11,896] {processor.py:161} INFO - Processing /home/ubuntu/.local/lib/python3.8/site-packages/airflow/example_dags/example_python_operator.py took 0.080 seconds
[2022-08-22 07:36:47,370] {processor.py:153} INFO - Started process (PID=11737) to work on /home/ubuntu/.local/lib/python3.8/site-packages/airflow/example_dags/example_python_operator.py
[2022-08-22 07:36:47,373] {processor.py:641} INFO - Processing file /home/ubuntu/.local/lib/python3.8/site-packages/airflow/example_dags/example_python_operator.py for tasks to queue
[2022-08-22 07:36:47,374] {logging_mixin.py:115} INFO - [2022-08-22 07:36:47,374] {dagbag.py:508} INFO - Filling up the DagBag from /home/ubuntu/.local/lib/python3.8/site-packages/airflow/example_dags/example_python_operator.py
[2022-08-22 07:36:47,394] {processor.py:651} INFO - DAG(s) dict_keys(['example_python_operator']) retrieved from /home/ubuntu/.local/lib/python3.8/site-packages/airflow/example_dags/example_python_operator.py
[2022-08-22 07:36:47,416] {logging_mixin.py:115} INFO - [2022-08-22 07:36:47,416] {dag.py:2420} INFO - Sync 1 DAGs
[2022-08-22 07:36:47,434] {logging_mixin.py:115} INFO - [2022-08-22 07:36:47,434] {dag.py:2968} INFO - Setting next_dagrun for example_python_operator to None, run_after=None
[2022-08-22 07:36:47,451] {processor.py:161} INFO - Processing /home/ubuntu/.local/lib/python3.8/site-packages/airflow/example_dags/example_python_operator.py took 0.085 seconds
[2022-08-22 07:37:24,617] {processor.py:153} INFO - Started process (PID=12080) to work on /home/ubuntu/.local/lib/python3.8/site-packages/airflow/example_dags/example_python_operator.py
[2022-08-22 07:37:24,619] {processor.py:641} INFO - Processing file /home/ubuntu/.local/lib/python3.8/site-packages/airflow/example_dags/example_python_operator.py for tasks to queue
[2022-08-22 07:37:24,620] {logging_mixin.py:115} INFO - [2022-08-22 07:37:24,620] {dagbag.py:508} INFO - Filling up the DagBag from /home/ubuntu/.local/lib/python3.8/site-packages/airflow/example_dags/example_python_operator.py
[2022-08-22 07:37:24,634] {processor.py:651} INFO - DAG(s) dict_keys(['example_python_operator']) retrieved from /home/ubuntu/.local/lib/python3.8/site-packages/airflow/example_dags/example_python_operator.py
[2022-08-22 07:37:24,650] {logging_mixin.py:115} INFO - [2022-08-22 07:37:24,650] {dag.py:2420} INFO - Sync 1 DAGs
[2022-08-22 07:37:24,664] {logging_mixin.py:115} INFO - [2022-08-22 07:37:24,663] {dag.py:2968} INFO - Setting next_dagrun for example_python_operator to None, run_after=None
[2022-08-22 07:37:24,689] {processor.py:161} INFO - Processing /home/ubuntu/.local/lib/python3.8/site-packages/airflow/example_dags/example_python_operator.py took 0.076 seconds
[2022-08-22 07:37:59,376] {processor.py:153} INFO - Started process (PID=12129) to work on /home/ubuntu/.local/lib/python3.8/site-packages/airflow/example_dags/example_python_operator.py
[2022-08-22 07:37:59,378] {processor.py:641} INFO - Processing file /home/ubuntu/.local/lib/python3.8/site-packages/airflow/example_dags/example_python_operator.py for tasks to queue
[2022-08-22 07:37:59,378] {logging_mixin.py:115} INFO - [2022-08-22 07:37:59,378] {dagbag.py:508} INFO - Filling up the DagBag from /home/ubuntu/.local/lib/python3.8/site-packages/airflow/example_dags/example_python_operator.py
[2022-08-22 07:37:59,397] {processor.py:651} INFO - DAG(s) dict_keys(['example_python_operator']) retrieved from /home/ubuntu/.local/lib/python3.8/site-packages/airflow/example_dags/example_python_operator.py
[2022-08-22 07:37:59,418] {logging_mixin.py:115} INFO - [2022-08-22 07:37:59,418] {dag.py:2420} INFO - Sync 1 DAGs
[2022-08-22 07:37:59,436] {logging_mixin.py:115} INFO - [2022-08-22 07:37:59,436] {dag.py:2968} INFO - Setting next_dagrun for example_python_operator to None, run_after=None
[2022-08-22 07:37:59,453] {processor.py:161} INFO - Processing /home/ubuntu/.local/lib/python3.8/site-packages/airflow/example_dags/example_python_operator.py took 0.080 seconds
[2022-08-22 07:38:33,668] {processor.py:153} INFO - Started process (PID=12262) to work on /home/ubuntu/.local/lib/python3.8/site-packages/airflow/example_dags/example_python_operator.py
[2022-08-22 07:38:33,670] {processor.py:641} INFO - Processing file /home/ubuntu/.local/lib/python3.8/site-packages/airflow/example_dags/example_python_operator.py for tasks to queue
[2022-08-22 07:38:33,671] {logging_mixin.py:115} INFO - [2022-08-22 07:38:33,671] {dagbag.py:508} INFO - Filling up the DagBag from /home/ubuntu/.local/lib/python3.8/site-packages/airflow/example_dags/example_python_operator.py
[2022-08-22 07:38:33,694] {processor.py:651} INFO - DAG(s) dict_keys(['example_python_operator']) retrieved from /home/ubuntu/.local/lib/python3.8/site-packages/airflow/example_dags/example_python_operator.py
[2022-08-22 07:38:33,711] {logging_mixin.py:115} INFO - [2022-08-22 07:38:33,711] {dag.py:2420} INFO - Sync 1 DAGs
[2022-08-22 07:38:33,729] {logging_mixin.py:115} INFO - [2022-08-22 07:38:33,728] {dag.py:2968} INFO - Setting next_dagrun for example_python_operator to None, run_after=None
[2022-08-22 07:38:33,761] {processor.py:161} INFO - Processing /home/ubuntu/.local/lib/python3.8/site-packages/airflow/example_dags/example_python_operator.py took 0.098 seconds
[2022-08-22 07:39:09,293] {processor.py:153} INFO - Started process (PID=12309) to work on /home/ubuntu/.local/lib/python3.8/site-packages/airflow/example_dags/example_python_operator.py
[2022-08-22 07:39:09,295] {processor.py:641} INFO - Processing file /home/ubuntu/.local/lib/python3.8/site-packages/airflow/example_dags/example_python_operator.py for tasks to queue
[2022-08-22 07:39:09,295] {logging_mixin.py:115} INFO - [2022-08-22 07:39:09,295] {dagbag.py:508} INFO - Filling up the DagBag from /home/ubuntu/.local/lib/python3.8/site-packages/airflow/example_dags/example_python_operator.py
[2022-08-22 07:39:09,319] {processor.py:651} INFO - DAG(s) dict_keys(['example_python_operator']) retrieved from /home/ubuntu/.local/lib/python3.8/site-packages/airflow/example_dags/example_python_operator.py
[2022-08-22 07:39:09,336] {logging_mixin.py:115} INFO - [2022-08-22 07:39:09,336] {dag.py:2420} INFO - Sync 1 DAGs
[2022-08-22 07:39:09,352] {logging_mixin.py:115} INFO - [2022-08-22 07:39:09,352] {dag.py:2968} INFO - Setting next_dagrun for example_python_operator to None, run_after=None
[2022-08-22 07:39:09,370] {processor.py:161} INFO - Processing /home/ubuntu/.local/lib/python3.8/site-packages/airflow/example_dags/example_python_operator.py took 0.081 seconds
[2022-08-22 07:39:44,875] {processor.py:153} INFO - Started process (PID=12353) to work on /home/ubuntu/.local/lib/python3.8/site-packages/airflow/example_dags/example_python_operator.py
[2022-08-22 07:39:44,877] {processor.py:641} INFO - Processing file /home/ubuntu/.local/lib/python3.8/site-packages/airflow/example_dags/example_python_operator.py for tasks to queue
[2022-08-22 07:39:44,877] {logging_mixin.py:115} INFO - [2022-08-22 07:39:44,877] {dagbag.py:508} INFO - Filling up the DagBag from /home/ubuntu/.local/lib/python3.8/site-packages/airflow/example_dags/example_python_operator.py
[2022-08-22 07:39:44,896] {processor.py:651} INFO - DAG(s) dict_keys(['example_python_operator']) retrieved from /home/ubuntu/.local/lib/python3.8/site-packages/airflow/example_dags/example_python_operator.py
[2022-08-22 07:39:44,910] {logging_mixin.py:115} INFO - [2022-08-22 07:39:44,910] {dag.py:2420} INFO - Sync 1 DAGs
[2022-08-22 07:39:44,924] {logging_mixin.py:115} INFO - [2022-08-22 07:39:44,924] {dag.py:2968} INFO - Setting next_dagrun for example_python_operator to None, run_after=None
[2022-08-22 07:39:44,939] {processor.py:161} INFO - Processing /home/ubuntu/.local/lib/python3.8/site-packages/airflow/example_dags/example_python_operator.py took 0.068 seconds
