[2022-09-15 16:19:20,629] {taskinstance.py:1179} INFO - Dependencies all met for <TaskInstance: preprocessing_data.fit_model scheduled__2022-09-15T15:54:58.361746+00:00 [queued]>
[2022-09-15 16:19:20,634] {taskinstance.py:1179} INFO - Dependencies all met for <TaskInstance: preprocessing_data.fit_model scheduled__2022-09-15T15:54:58.361746+00:00 [queued]>
[2022-09-15 16:19:20,634] {taskinstance.py:1376} INFO - 
--------------------------------------------------------------------------------
[2022-09-15 16:19:20,634] {taskinstance.py:1377} INFO - Starting attempt 2 of 2
[2022-09-15 16:19:20,634] {taskinstance.py:1378} INFO - 
--------------------------------------------------------------------------------
[2022-09-15 16:19:20,646] {taskinstance.py:1397} INFO - Executing <Task(PythonOperator): fit_model> on 2022-09-15 15:54:58.361746+00:00
[2022-09-15 16:19:20,652] {standard_task_runner.py:52} INFO - Started process 66959 to run task
[2022-09-15 16:19:20,656] {standard_task_runner.py:79} INFO - Running: ['airflow', 'tasks', 'run', 'preprocessing_data', 'fit_model', 'scheduled__2022-09-15T15:54:58.361746+00:00', '--job-id', '297', '--raw', '--subdir', 'DAGS_FOLDER/model_dag.py', '--cfg-path', '/tmp/tmpzg6gh8pg', '--error-file', '/tmp/tmplbksjc86']
[2022-09-15 16:19:20,656] {standard_task_runner.py:80} INFO - Job 297: Subtask fit_model
[2022-09-15 16:19:20,702] {task_command.py:371} INFO - Running <TaskInstance: preprocessing_data.fit_model scheduled__2022-09-15T15:54:58.361746+00:00 [running]> on host rc1b-dataproc-m-xzxwmqcudfo0foh0.mdb.yandexcloud.net
[2022-09-15 16:19:20,743] {taskinstance.py:1589} INFO - Exporting the following env vars:
AIRFLOW_CTX_DAG_EMAIL=airflow@example.com
AIRFLOW_CTX_DAG_OWNER=airflow
AIRFLOW_CTX_DAG_ID=preprocessing_data
AIRFLOW_CTX_TASK_ID=fit_model
AIRFLOW_CTX_EXECUTION_DATE=2022-09-15T15:54:58.361746+00:00
AIRFLOW_CTX_TRY_NUMBER=2
AIRFLOW_CTX_DAG_RUN_ID=scheduled__2022-09-15T15:54:58.361746+00:00
[2022-09-15 16:19:20,744] {train_model.py:37} INFO - GOT INTO TRAIN FUNCTION
[2022-09-15 16:19:20,751] {train_model.py:42} INFO - Data path: /user/airflow/processed_files/slice_of_67_77.parquet
[2022-09-15 16:21:31,920] {logging_mixin.py:115} WARNING - 2022/09/15 16:21:31 WARNING mlflow.utils.autologging_utils: Encountered unexpected error during pyspark.ml autologging: INVALID_PARAMETER_VALUE: Changing param values is not allowed. Params were already logged='[{'key': 'seed', 'old_value': '-580709173041160114', 'new_value': '-6286487743267350308'}]' for run ID='36cadb49eedf45a0bdb4bbc8c4159f72'.
[2022-09-15 16:21:42,426] {train_model.py:71} INFO - Accuracy SCORE: 0.6157841374193925
[2022-09-15 16:21:42,461] {python.py:173} INFO - Done. Returned value was: None
[2022-09-15 16:21:42,470] {taskinstance.py:1415} INFO - Marking task as SUCCESS. dag_id=preprocessing_data, task_id=fit_model, execution_date=20220915T155458, start_date=20220915T161920, end_date=20220915T162142
[2022-09-15 16:21:42,512] {local_task_job.py:156} INFO - Task exited with return code 0
[2022-09-15 16:21:42,535] {local_task_job.py:273} INFO - 1 downstream tasks scheduled from follow-on schedule check
