[2022-09-16 13:50:48,252] {taskinstance.py:1179} INFO - Dependencies all met for <TaskInstance: preprocessing_data.generate_data scheduled__2022-09-16T13:40:44.553876+00:00 [queued]>
[2022-09-16 13:50:48,257] {taskinstance.py:1179} INFO - Dependencies all met for <TaskInstance: preprocessing_data.generate_data scheduled__2022-09-16T13:40:44.553876+00:00 [queued]>
[2022-09-16 13:50:48,257] {taskinstance.py:1376} INFO - 
--------------------------------------------------------------------------------
[2022-09-16 13:50:48,257] {taskinstance.py:1377} INFO - Starting attempt 1 of 2
[2022-09-16 13:50:48,257] {taskinstance.py:1378} INFO - 
--------------------------------------------------------------------------------
[2022-09-16 13:50:48,270] {taskinstance.py:1397} INFO - Executing <Task(PythonOperator): generate_data> on 2022-09-16 13:40:44.553876+00:00
[2022-09-16 13:50:48,276] {standard_task_runner.py:52} INFO - Started process 72721 to run task
[2022-09-16 13:50:48,280] {standard_task_runner.py:79} INFO - Running: ['airflow', 'tasks', 'run', 'preprocessing_data', 'generate_data', 'scheduled__2022-09-16T13:40:44.553876+00:00', '--job-id', '370', '--raw', '--subdir', 'DAGS_FOLDER/model_dag.py', '--cfg-path', '/tmp/tmpqw23i_ve', '--error-file', '/tmp/tmpbicrtnpd']
[2022-09-16 13:50:48,280] {standard_task_runner.py:80} INFO - Job 370: Subtask generate_data
[2022-09-16 13:50:48,334] {task_command.py:371} INFO - Running <TaskInstance: preprocessing_data.generate_data scheduled__2022-09-16T13:40:44.553876+00:00 [running]> on host rc1b-dataproc-m-xzxwmqcudfo0foh0.mdb.yandexcloud.net
[2022-09-16 13:50:48,387] {taskinstance.py:1589} INFO - Exporting the following env vars:
AIRFLOW_CTX_DAG_EMAIL=airflow@example.com
AIRFLOW_CTX_DAG_OWNER=airflow
AIRFLOW_CTX_DAG_ID=preprocessing_data
AIRFLOW_CTX_TASK_ID=generate_data
AIRFLOW_CTX_EXECUTION_DATE=2022-09-16T13:40:44.553876+00:00
AIRFLOW_CTX_TRY_NUMBER=1
AIRFLOW_CTX_DAG_RUN_ID=scheduled__2022-09-16T13:40:44.553876+00:00
[2022-09-16 13:50:48,396] {logging_mixin.py:115} INFO - Time to generate customer profiles table: 0.0075s
[2022-09-16 13:50:48,401] {logging_mixin.py:115} INFO - Time to generate terminal profiles table: 0.0051s
[2022-09-16 13:50:48,602] {logging_mixin.py:115} INFO - Time to associate terminals to customers: 0.2s
[2022-09-16 13:51:07,753] {logging_mixin.py:115} INFO - Time to generate transactions: 1.9e+01s
[2022-09-16 13:51:07,898] {logging_mixin.py:115} INFO - Number of frauds from scenario 1: 204
[2022-09-16 13:51:25,911] {logging_mixin.py:115} INFO - Number of frauds from scenario 2: 18776
[2022-09-16 13:51:47,720] {logging_mixin.py:115} INFO - Number of frauds from scenario 3: 9118
[2022-09-16 13:51:47,721] {client.py:192} INFO - Instantiated <Client(url='http://rc1b-dataproc-m-xzxwmqcudfo0foh0.mdb.yandexcloud.net:9870')>.
[2022-09-16 13:51:47,721] {client.py:305} INFO - Fetching content summary for '/user/airflow/input_files'.
[2022-09-16 13:51:48,081] {client.py:558} INFO - Uploading '/home/ubuntu/fraud-detection-ml/airflow/output_simulation/partition_90.parquet' to '/user/airflow/input_files/partition_90.parquet'.
[2022-09-16 13:51:48,082] {client.py:1123} INFO - Listing '/user/airflow/input_files/partition_90.parquet'.
[2022-09-16 13:51:48,087] {client.py:503} INFO - Writing to '/user/airflow/input_files/partition_90.parquet'.
[2022-09-16 13:51:48,629] {python.py:173} INFO - Done. Returned value was: None
[2022-09-16 13:51:48,635] {taskinstance.py:1415} INFO - Marking task as SUCCESS. dag_id=preprocessing_data, task_id=generate_data, execution_date=20220916T134044, start_date=20220916T135048, end_date=20220916T135148
[2022-09-16 13:51:48,672] {local_task_job.py:156} INFO - Task exited with return code 0
[2022-09-16 13:51:48,697] {local_task_job.py:273} INFO - 1 downstream tasks scheduled from follow-on schedule check
