[2022-09-05 15:31:39,605] {taskinstance.py:1179} INFO - Dependencies all met for <TaskInstance: preprocessing_data.generate_data scheduled__2022-09-05T15:21:35.904498+00:00 [queued]>
[2022-09-05 15:31:39,610] {taskinstance.py:1179} INFO - Dependencies all met for <TaskInstance: preprocessing_data.generate_data scheduled__2022-09-05T15:21:35.904498+00:00 [queued]>
[2022-09-05 15:31:39,610] {taskinstance.py:1376} INFO - 
--------------------------------------------------------------------------------
[2022-09-05 15:31:39,610] {taskinstance.py:1377} INFO - Starting attempt 1 of 2
[2022-09-05 15:31:39,610] {taskinstance.py:1378} INFO - 
--------------------------------------------------------------------------------
[2022-09-05 15:31:39,635] {taskinstance.py:1397} INFO - Executing <Task(PythonOperator): generate_data> on 2022-09-05 15:21:35.904498+00:00
[2022-09-05 15:31:39,639] {standard_task_runner.py:52} INFO - Started process 44147 to run task
[2022-09-05 15:31:39,643] {standard_task_runner.py:79} INFO - Running: ['airflow', 'tasks', 'run', 'preprocessing_data', 'generate_data', 'scheduled__2022-09-05T15:21:35.904498+00:00', '--job-id', '146', '--raw', '--subdir', 'DAGS_FOLDER/model_dag.py', '--cfg-path', '/tmp/tmp9_qap8o5', '--error-file', '/tmp/tmpxen57y1d']
[2022-09-05 15:31:39,643] {standard_task_runner.py:80} INFO - Job 146: Subtask generate_data
[2022-09-05 15:31:39,708] {task_command.py:371} INFO - Running <TaskInstance: preprocessing_data.generate_data scheduled__2022-09-05T15:21:35.904498+00:00 [running]> on host rc1b-dataproc-m-xzxwmqcudfo0foh0.mdb.yandexcloud.net
[2022-09-05 15:31:39,784] {taskinstance.py:1589} INFO - Exporting the following env vars:
AIRFLOW_CTX_DAG_EMAIL=airflow@example.com
AIRFLOW_CTX_DAG_OWNER=airflow
AIRFLOW_CTX_DAG_ID=preprocessing_data
AIRFLOW_CTX_TASK_ID=generate_data
AIRFLOW_CTX_EXECUTION_DATE=2022-09-05T15:21:35.904498+00:00
AIRFLOW_CTX_TRY_NUMBER=1
AIRFLOW_CTX_DAG_RUN_ID=scheduled__2022-09-05T15:21:35.904498+00:00
[2022-09-05 15:31:39,836] {logging_mixin.py:115} INFO - Time to generate customer profiles table: 0.051s
[2022-09-05 15:31:39,888] {logging_mixin.py:115} INFO - Time to generate terminal profiles table: 0.052s
[2022-09-05 15:31:42,743] {logging_mixin.py:115} INFO - Time to associate terminals to customers: 2.9s
[2022-09-05 15:35:10,206] {logging_mixin.py:115} INFO - Time to generate transactions: 2.1e+02s
[2022-09-05 15:35:13,279] {logging_mixin.py:115} INFO - Number of frauds from scenario 1: 2044
[2022-09-05 15:38:49,864] {logging_mixin.py:115} INFO - Number of frauds from scenario 2: 19246
[2022-09-05 15:43:00,403] {logging_mixin.py:115} INFO - Number of frauds from scenario 3: 9710
[2022-09-05 15:43:00,404] {client.py:192} INFO - Instantiated <Client(url='http://rc1b-dataproc-m-xzxwmqcudfo0foh0.mdb.yandexcloud.net:9870')>.
[2022-09-05 15:43:00,404] {client.py:305} INFO - Fetching content summary for '/user/airflow/input_files'.
[2022-09-05 15:43:03,291] {client.py:558} INFO - Uploading '/home/ubuntu/fraud-detection-ml/airflow/output_simulation/partition_51.parquet' to '/user/airflow/input_files/partition_51.parquet'.
[2022-09-05 15:43:03,292] {client.py:1123} INFO - Listing '/user/airflow/input_files/partition_51.parquet'.
[2022-09-05 15:43:03,296] {client.py:503} INFO - Writing to '/user/airflow/input_files/partition_51.parquet'.
[2022-09-05 15:43:04,014] {python.py:173} INFO - Done. Returned value was: None
[2022-09-05 15:43:04,020] {taskinstance.py:1415} INFO - Marking task as SUCCESS. dag_id=preprocessing_data, task_id=generate_data, execution_date=20220905T152135, start_date=20220905T153139, end_date=20220905T154304
[2022-09-05 15:43:04,080] {local_task_job.py:156} INFO - Task exited with return code 0
[2022-09-05 15:43:04,103] {local_task_job.py:273} INFO - 1 downstream tasks scheduled from follow-on schedule check
