[2022-09-17 08:32:15,203] {taskinstance.py:1179} INFO - Dependencies all met for <TaskInstance: preprocessing_data.generate_data scheduled__2022-09-17T08:21:23.129180+00:00 [queued]>
[2022-09-17 08:32:15,211] {taskinstance.py:1179} INFO - Dependencies all met for <TaskInstance: preprocessing_data.generate_data scheduled__2022-09-17T08:21:23.129180+00:00 [queued]>
[2022-09-17 08:32:15,211] {taskinstance.py:1376} INFO - 
--------------------------------------------------------------------------------
[2022-09-17 08:32:15,211] {taskinstance.py:1377} INFO - Starting attempt 1 of 2
[2022-09-17 08:32:15,211] {taskinstance.py:1378} INFO - 
--------------------------------------------------------------------------------
[2022-09-17 08:32:15,234] {taskinstance.py:1397} INFO - Executing <Task(PythonOperator): generate_data> on 2022-09-17 08:21:23.129180+00:00
[2022-09-17 08:32:15,241] {standard_task_runner.py:52} INFO - Started process 8245 to run task
[2022-09-17 08:32:15,252] {standard_task_runner.py:79} INFO - Running: ['airflow', 'tasks', 'run', 'preprocessing_data', 'generate_data', 'scheduled__2022-09-17T08:21:23.129180+00:00', '--job-id', '397', '--raw', '--subdir', 'DAGS_FOLDER/model_dag.py', '--cfg-path', '/tmp/tmpsd4kp0jn', '--error-file', '/tmp/tmpyygv61lc']
[2022-09-17 08:32:15,252] {standard_task_runner.py:80} INFO - Job 397: Subtask generate_data
[2022-09-17 08:32:15,341] {task_command.py:371} INFO - Running <TaskInstance: preprocessing_data.generate_data scheduled__2022-09-17T08:21:23.129180+00:00 [running]> on host rc1b-dataproc-m-xzxwmqcudfo0foh0.mdb.yandexcloud.net
[2022-09-17 08:32:15,471] {taskinstance.py:1589} INFO - Exporting the following env vars:
AIRFLOW_CTX_DAG_EMAIL=airflow@example.com
AIRFLOW_CTX_DAG_OWNER=airflow
AIRFLOW_CTX_DAG_ID=preprocessing_data
AIRFLOW_CTX_TASK_ID=generate_data
AIRFLOW_CTX_EXECUTION_DATE=2022-09-17T08:21:23.129180+00:00
AIRFLOW_CTX_TRY_NUMBER=1
AIRFLOW_CTX_DAG_RUN_ID=scheduled__2022-09-17T08:21:23.129180+00:00
[2022-09-17 08:32:15,486] {logging_mixin.py:115} INFO - Time to generate customer profiles table: 0.012s
[2022-09-17 08:32:15,496] {logging_mixin.py:115} INFO - Time to generate terminal profiles table: 0.0095s
[2022-09-17 08:32:15,803] {logging_mixin.py:115} INFO - Time to associate terminals to customers: 0.31s
[2022-09-17 08:32:37,938] {logging_mixin.py:115} INFO - Time to generate transactions: 2.2e+01s
[2022-09-17 08:32:38,096] {logging_mixin.py:115} INFO - Number of frauds from scenario 1: 217
[2022-09-17 08:32:58,789] {logging_mixin.py:115} INFO - Number of frauds from scenario 2: 19118
[2022-09-17 08:33:24,042] {logging_mixin.py:115} INFO - Number of frauds from scenario 3: 9365
[2022-09-17 08:33:24,044] {client.py:192} INFO - Instantiated <Client(url='http://rc1b-dataproc-m-xzxwmqcudfo0foh0.mdb.yandexcloud.net:9870')>.
[2022-09-17 08:33:24,044] {client.py:305} INFO - Fetching content summary for '/user/airflow/input_files'.
[2022-09-17 08:33:25,200] {client.py:558} INFO - Uploading '/home/ubuntu/fraud-detection-ml/airflow/output_simulation/partition_94.parquet' to '/user/airflow/input_files/partition_94.parquet'.
[2022-09-17 08:33:25,200] {client.py:1123} INFO - Listing '/user/airflow/input_files/partition_94.parquet'.
[2022-09-17 08:33:25,207] {client.py:503} INFO - Writing to '/user/airflow/input_files/partition_94.parquet'.
[2022-09-17 08:33:25,965] {python.py:173} INFO - Done. Returned value was: None
[2022-09-17 08:33:25,973] {taskinstance.py:1415} INFO - Marking task as SUCCESS. dag_id=preprocessing_data, task_id=generate_data, execution_date=20220917T082123, start_date=20220917T083215, end_date=20220917T083325
[2022-09-17 08:33:26,010] {local_task_job.py:156} INFO - Task exited with return code 0
[2022-09-17 08:33:26,048] {local_task_job.py:273} INFO - 1 downstream tasks scheduled from follow-on schedule check
