[2022-09-16 13:18:51,157] {taskinstance.py:1179} INFO - Dependencies all met for <TaskInstance: preprocessing_data.fit_model scheduled__2022-09-16T13:06:11.661400+00:00 [queued]>
[2022-09-16 13:18:51,162] {taskinstance.py:1179} INFO - Dependencies all met for <TaskInstance: preprocessing_data.fit_model scheduled__2022-09-16T13:06:11.661400+00:00 [queued]>
[2022-09-16 13:18:51,162] {taskinstance.py:1376} INFO - 
--------------------------------------------------------------------------------
[2022-09-16 13:18:51,162] {taskinstance.py:1377} INFO - Starting attempt 1 of 2
[2022-09-16 13:18:51,162] {taskinstance.py:1378} INFO - 
--------------------------------------------------------------------------------
[2022-09-16 13:18:51,177] {taskinstance.py:1397} INFO - Executing <Task(PythonOperator): fit_model> on 2022-09-16 13:06:11.661400+00:00
[2022-09-16 13:18:51,183] {standard_task_runner.py:52} INFO - Started process 56822 to run task
[2022-09-16 13:18:51,187] {standard_task_runner.py:79} INFO - Running: ['airflow', 'tasks', 'run', 'preprocessing_data', 'fit_model', 'scheduled__2022-09-16T13:06:11.661400+00:00', '--job-id', '358', '--raw', '--subdir', 'DAGS_FOLDER/model_dag.py', '--cfg-path', '/tmp/tmpe01a20rj', '--error-file', '/tmp/tmp4g4o52eh']
[2022-09-16 13:18:51,188] {standard_task_runner.py:80} INFO - Job 358: Subtask fit_model
[2022-09-16 13:18:51,236] {task_command.py:371} INFO - Running <TaskInstance: preprocessing_data.fit_model scheduled__2022-09-16T13:06:11.661400+00:00 [running]> on host rc1b-dataproc-m-xzxwmqcudfo0foh0.mdb.yandexcloud.net
[2022-09-16 13:18:51,282] {taskinstance.py:1589} INFO - Exporting the following env vars:
AIRFLOW_CTX_DAG_EMAIL=airflow@example.com
AIRFLOW_CTX_DAG_OWNER=airflow
AIRFLOW_CTX_DAG_ID=preprocessing_data
AIRFLOW_CTX_TASK_ID=fit_model
AIRFLOW_CTX_EXECUTION_DATE=2022-09-16T13:06:11.661400+00:00
AIRFLOW_CTX_TRY_NUMBER=1
AIRFLOW_CTX_DAG_RUN_ID=scheduled__2022-09-16T13:06:11.661400+00:00
[2022-09-16 13:18:51,283] {train_model.py:37} INFO - GOT INTO TRAIN FUNCTION
[2022-09-16 13:18:51,290] {train_model.py:42} INFO - Data path: /user/airflow/processed_files/slice_of_78_88.parquet
[2022-09-16 13:20:47,602] {logging_mixin.py:115} WARNING - 2022/09/16 13:20:47 WARNING mlflow.pyspark.ml: Model inputs contain unsupported Spark data types: [StructField(featuresFinal,VectorUDT,true)]. Model signature is not logged.
[2022-09-16 13:21:05,768] {credentials.py:1094} INFO - Found credentials in environment variables.
[2022-09-16 13:21:19,611] {train_model.py:71} INFO - Accuracy SCORE: 0.5911780360288815
[2022-09-16 13:21:19,640] {python.py:173} INFO - Done. Returned value was: None
[2022-09-16 13:21:19,651] {taskinstance.py:1415} INFO - Marking task as SUCCESS. dag_id=preprocessing_data, task_id=fit_model, execution_date=20220916T130611, start_date=20220916T131851, end_date=20220916T132119
[2022-09-16 13:21:19,680] {local_task_job.py:156} INFO - Task exited with return code 0
[2022-09-16 13:21:19,700] {local_task_job.py:273} INFO - 1 downstream tasks scheduled from follow-on schedule check
