[2022-09-17 08:35:20,334] {processor.py:153} INFO - Started process (PID=9583) to work on /home/ubuntu/.local/lib/python3.8/site-packages/airflow/example_dags/example_skip_dag.py
[2022-09-17 08:35:20,335] {processor.py:641} INFO - Processing file /home/ubuntu/.local/lib/python3.8/site-packages/airflow/example_dags/example_skip_dag.py for tasks to queue
[2022-09-17 08:35:20,335] {logging_mixin.py:115} INFO - [2022-09-17 08:35:20,335] {dagbag.py:508} INFO - Filling up the DagBag from /home/ubuntu/.local/lib/python3.8/site-packages/airflow/example_dags/example_skip_dag.py
[2022-09-17 08:35:20,357] {processor.py:651} INFO - DAG(s) dict_keys(['example_skip_dag']) retrieved from /home/ubuntu/.local/lib/python3.8/site-packages/airflow/example_dags/example_skip_dag.py
[2022-09-17 08:35:20,406] {logging_mixin.py:115} INFO - [2022-09-17 08:35:20,406] {dag.py:2420} INFO - Sync 1 DAGs
[2022-09-17 08:35:20,479] {logging_mixin.py:115} INFO - [2022-09-17 08:35:20,478] {dag.py:2968} INFO - Setting next_dagrun for example_skip_dag to 2022-09-16T08:35:20.478419+00:00, run_after=2022-09-17T08:35:20.478419+00:00
[2022-09-17 08:35:20,506] {processor.py:161} INFO - Processing /home/ubuntu/.local/lib/python3.8/site-packages/airflow/example_dags/example_skip_dag.py took 0.177 seconds
[2022-09-17 08:35:57,842] {processor.py:153} INFO - Started process (PID=9844) to work on /home/ubuntu/.local/lib/python3.8/site-packages/airflow/example_dags/example_skip_dag.py
[2022-09-17 08:35:57,845] {processor.py:641} INFO - Processing file /home/ubuntu/.local/lib/python3.8/site-packages/airflow/example_dags/example_skip_dag.py for tasks to queue
[2022-09-17 08:35:57,845] {logging_mixin.py:115} INFO - [2022-09-17 08:35:57,845] {dagbag.py:508} INFO - Filling up the DagBag from /home/ubuntu/.local/lib/python3.8/site-packages/airflow/example_dags/example_skip_dag.py
[2022-09-17 08:35:57,874] {processor.py:651} INFO - DAG(s) dict_keys(['example_skip_dag']) retrieved from /home/ubuntu/.local/lib/python3.8/site-packages/airflow/example_dags/example_skip_dag.py
[2022-09-17 08:35:57,912] {logging_mixin.py:115} INFO - [2022-09-17 08:35:57,912] {dag.py:2420} INFO - Sync 1 DAGs
[2022-09-17 08:35:57,935] {logging_mixin.py:115} INFO - [2022-09-17 08:35:57,935] {dag.py:2968} INFO - Setting next_dagrun for example_skip_dag to 2022-09-16T08:35:57.935109+00:00, run_after=2022-09-17T08:35:57.935109+00:00
[2022-09-17 08:35:57,968] {processor.py:161} INFO - Processing /home/ubuntu/.local/lib/python3.8/site-packages/airflow/example_dags/example_skip_dag.py took 0.130 seconds
[2022-09-17 08:36:35,509] {processor.py:153} INFO - Started process (PID=9945) to work on /home/ubuntu/.local/lib/python3.8/site-packages/airflow/example_dags/example_skip_dag.py
[2022-09-17 08:36:35,511] {processor.py:641} INFO - Processing file /home/ubuntu/.local/lib/python3.8/site-packages/airflow/example_dags/example_skip_dag.py for tasks to queue
[2022-09-17 08:36:35,511] {logging_mixin.py:115} INFO - [2022-09-17 08:36:35,511] {dagbag.py:508} INFO - Filling up the DagBag from /home/ubuntu/.local/lib/python3.8/site-packages/airflow/example_dags/example_skip_dag.py
[2022-09-17 08:36:35,519] {processor.py:651} INFO - DAG(s) dict_keys(['example_skip_dag']) retrieved from /home/ubuntu/.local/lib/python3.8/site-packages/airflow/example_dags/example_skip_dag.py
[2022-09-17 08:36:35,541] {logging_mixin.py:115} INFO - [2022-09-17 08:36:35,541] {dag.py:2420} INFO - Sync 1 DAGs
[2022-09-17 08:36:35,562] {logging_mixin.py:115} INFO - [2022-09-17 08:36:35,562] {dag.py:2968} INFO - Setting next_dagrun for example_skip_dag to 2022-09-16T08:36:35.561973+00:00, run_after=2022-09-17T08:36:35.561973+00:00
[2022-09-17 08:36:35,580] {processor.py:161} INFO - Processing /home/ubuntu/.local/lib/python3.8/site-packages/airflow/example_dags/example_skip_dag.py took 0.076 seconds
[2022-09-17 08:37:13,583] {processor.py:153} INFO - Started process (PID=10007) to work on /home/ubuntu/.local/lib/python3.8/site-packages/airflow/example_dags/example_skip_dag.py
[2022-09-17 08:37:13,584] {processor.py:641} INFO - Processing file /home/ubuntu/.local/lib/python3.8/site-packages/airflow/example_dags/example_skip_dag.py for tasks to queue
[2022-09-17 08:37:13,585] {logging_mixin.py:115} INFO - [2022-09-17 08:37:13,585] {dagbag.py:508} INFO - Filling up the DagBag from /home/ubuntu/.local/lib/python3.8/site-packages/airflow/example_dags/example_skip_dag.py
[2022-09-17 08:37:13,592] {processor.py:651} INFO - DAG(s) dict_keys(['example_skip_dag']) retrieved from /home/ubuntu/.local/lib/python3.8/site-packages/airflow/example_dags/example_skip_dag.py
[2022-09-17 08:37:13,612] {logging_mixin.py:115} INFO - [2022-09-17 08:37:13,612] {dag.py:2420} INFO - Sync 1 DAGs
[2022-09-17 08:37:13,632] {logging_mixin.py:115} INFO - [2022-09-17 08:37:13,632] {dag.py:2968} INFO - Setting next_dagrun for example_skip_dag to 2022-09-16T08:37:13.632125+00:00, run_after=2022-09-17T08:37:13.632125+00:00
[2022-09-17 08:37:13,651] {processor.py:161} INFO - Processing /home/ubuntu/.local/lib/python3.8/site-packages/airflow/example_dags/example_skip_dag.py took 0.072 seconds
[2022-09-17 08:38:32,430] {processor.py:153} INFO - Started process (PID=10324) to work on /home/ubuntu/.local/lib/python3.8/site-packages/airflow/example_dags/example_skip_dag.py
[2022-09-17 08:38:32,432] {processor.py:641} INFO - Processing file /home/ubuntu/.local/lib/python3.8/site-packages/airflow/example_dags/example_skip_dag.py for tasks to queue
[2022-09-17 08:38:32,432] {logging_mixin.py:115} INFO - [2022-09-17 08:38:32,432] {dagbag.py:508} INFO - Filling up the DagBag from /home/ubuntu/.local/lib/python3.8/site-packages/airflow/example_dags/example_skip_dag.py
[2022-09-17 08:38:32,439] {processor.py:651} INFO - DAG(s) dict_keys(['example_skip_dag']) retrieved from /home/ubuntu/.local/lib/python3.8/site-packages/airflow/example_dags/example_skip_dag.py
[2022-09-17 08:38:32,459] {logging_mixin.py:115} INFO - [2022-09-17 08:38:32,459] {dag.py:2420} INFO - Sync 1 DAGs
[2022-09-17 08:38:32,481] {logging_mixin.py:115} INFO - [2022-09-17 08:38:32,480] {dag.py:2968} INFO - Setting next_dagrun for example_skip_dag to 2022-09-16T08:38:32.480589+00:00, run_after=2022-09-17T08:38:32.480589+00:00
[2022-09-17 08:38:32,499] {processor.py:161} INFO - Processing /home/ubuntu/.local/lib/python3.8/site-packages/airflow/example_dags/example_skip_dag.py took 0.073 seconds
[2022-09-17 08:39:09,637] {processor.py:153} INFO - Started process (PID=10366) to work on /home/ubuntu/.local/lib/python3.8/site-packages/airflow/example_dags/example_skip_dag.py
[2022-09-17 08:39:09,638] {processor.py:641} INFO - Processing file /home/ubuntu/.local/lib/python3.8/site-packages/airflow/example_dags/example_skip_dag.py for tasks to queue
[2022-09-17 08:39:09,639] {logging_mixin.py:115} INFO - [2022-09-17 08:39:09,639] {dagbag.py:508} INFO - Filling up the DagBag from /home/ubuntu/.local/lib/python3.8/site-packages/airflow/example_dags/example_skip_dag.py
[2022-09-17 08:39:09,646] {processor.py:651} INFO - DAG(s) dict_keys(['example_skip_dag']) retrieved from /home/ubuntu/.local/lib/python3.8/site-packages/airflow/example_dags/example_skip_dag.py
[2022-09-17 08:39:09,668] {logging_mixin.py:115} INFO - [2022-09-17 08:39:09,668] {dag.py:2420} INFO - Sync 1 DAGs
[2022-09-17 08:39:09,693] {logging_mixin.py:115} INFO - [2022-09-17 08:39:09,693] {dag.py:2968} INFO - Setting next_dagrun for example_skip_dag to 2022-09-16T08:39:09.692829+00:00, run_after=2022-09-17T08:39:09.692829+00:00
[2022-09-17 08:39:09,710] {processor.py:161} INFO - Processing /home/ubuntu/.local/lib/python3.8/site-packages/airflow/example_dags/example_skip_dag.py took 0.078 seconds
[2022-09-17 08:39:47,063] {processor.py:153} INFO - Started process (PID=10409) to work on /home/ubuntu/.local/lib/python3.8/site-packages/airflow/example_dags/example_skip_dag.py
[2022-09-17 08:39:47,065] {processor.py:641} INFO - Processing file /home/ubuntu/.local/lib/python3.8/site-packages/airflow/example_dags/example_skip_dag.py for tasks to queue
[2022-09-17 08:39:47,066] {logging_mixin.py:115} INFO - [2022-09-17 08:39:47,066] {dagbag.py:508} INFO - Filling up the DagBag from /home/ubuntu/.local/lib/python3.8/site-packages/airflow/example_dags/example_skip_dag.py
[2022-09-17 08:39:47,073] {processor.py:651} INFO - DAG(s) dict_keys(['example_skip_dag']) retrieved from /home/ubuntu/.local/lib/python3.8/site-packages/airflow/example_dags/example_skip_dag.py
[2022-09-17 08:39:47,095] {logging_mixin.py:115} INFO - [2022-09-17 08:39:47,095] {dag.py:2420} INFO - Sync 1 DAGs
[2022-09-17 08:39:47,119] {logging_mixin.py:115} INFO - [2022-09-17 08:39:47,119] {dag.py:2968} INFO - Setting next_dagrun for example_skip_dag to 2022-09-16T08:39:47.119185+00:00, run_after=2022-09-17T08:39:47.119185+00:00
[2022-09-17 08:39:47,150] {processor.py:161} INFO - Processing /home/ubuntu/.local/lib/python3.8/site-packages/airflow/example_dags/example_skip_dag.py took 0.092 seconds
