[2022-09-17 08:35:12,605] {processor.py:153} INFO - Started process (PID=9521) to work on /home/ubuntu/.local/lib/python3.8/site-packages/airflow/example_dags/example_trigger_controller_dag.py
[2022-09-17 08:35:12,606] {processor.py:641} INFO - Processing file /home/ubuntu/.local/lib/python3.8/site-packages/airflow/example_dags/example_trigger_controller_dag.py for tasks to queue
[2022-09-17 08:35:12,606] {logging_mixin.py:115} INFO - [2022-09-17 08:35:12,606] {dagbag.py:508} INFO - Filling up the DagBag from /home/ubuntu/.local/lib/python3.8/site-packages/airflow/example_dags/example_trigger_controller_dag.py
[2022-09-17 08:35:12,611] {processor.py:651} INFO - DAG(s) dict_keys(['example_trigger_controller_dag']) retrieved from /home/ubuntu/.local/lib/python3.8/site-packages/airflow/example_dags/example_trigger_controller_dag.py
[2022-09-17 08:35:12,629] {logging_mixin.py:115} INFO - [2022-09-17 08:35:12,629] {dag.py:2420} INFO - Sync 1 DAGs
[2022-09-17 08:35:12,647] {logging_mixin.py:115} INFO - [2022-09-17 08:35:12,647] {dag.py:2968} INFO - Setting next_dagrun for example_trigger_controller_dag to 2021-01-01T00:00:00+00:00, run_after=2021-01-01T00:00:00+00:00
[2022-09-17 08:35:12,663] {processor.py:161} INFO - Processing /home/ubuntu/.local/lib/python3.8/site-packages/airflow/example_dags/example_trigger_controller_dag.py took 0.063 seconds
[2022-09-17 08:35:50,174] {processor.py:153} INFO - Started process (PID=9837) to work on /home/ubuntu/.local/lib/python3.8/site-packages/airflow/example_dags/example_trigger_controller_dag.py
[2022-09-17 08:35:50,176] {processor.py:641} INFO - Processing file /home/ubuntu/.local/lib/python3.8/site-packages/airflow/example_dags/example_trigger_controller_dag.py for tasks to queue
[2022-09-17 08:35:50,177] {logging_mixin.py:115} INFO - [2022-09-17 08:35:50,176] {dagbag.py:508} INFO - Filling up the DagBag from /home/ubuntu/.local/lib/python3.8/site-packages/airflow/example_dags/example_trigger_controller_dag.py
[2022-09-17 08:35:50,181] {processor.py:651} INFO - DAG(s) dict_keys(['example_trigger_controller_dag']) retrieved from /home/ubuntu/.local/lib/python3.8/site-packages/airflow/example_dags/example_trigger_controller_dag.py
[2022-09-17 08:35:50,202] {logging_mixin.py:115} INFO - [2022-09-17 08:35:50,202] {dag.py:2420} INFO - Sync 1 DAGs
[2022-09-17 08:35:50,222] {logging_mixin.py:115} INFO - [2022-09-17 08:35:50,221] {dag.py:2968} INFO - Setting next_dagrun for example_trigger_controller_dag to 2021-01-01T00:00:00+00:00, run_after=2021-01-01T00:00:00+00:00
[2022-09-17 08:35:50,242] {processor.py:161} INFO - Processing /home/ubuntu/.local/lib/python3.8/site-packages/airflow/example_dags/example_trigger_controller_dag.py took 0.072 seconds
[2022-09-17 08:36:28,360] {processor.py:153} INFO - Started process (PID=9931) to work on /home/ubuntu/.local/lib/python3.8/site-packages/airflow/example_dags/example_trigger_controller_dag.py
[2022-09-17 08:36:28,361] {processor.py:641} INFO - Processing file /home/ubuntu/.local/lib/python3.8/site-packages/airflow/example_dags/example_trigger_controller_dag.py for tasks to queue
[2022-09-17 08:36:28,362] {logging_mixin.py:115} INFO - [2022-09-17 08:36:28,362] {dagbag.py:508} INFO - Filling up the DagBag from /home/ubuntu/.local/lib/python3.8/site-packages/airflow/example_dags/example_trigger_controller_dag.py
[2022-09-17 08:36:28,367] {processor.py:651} INFO - DAG(s) dict_keys(['example_trigger_controller_dag']) retrieved from /home/ubuntu/.local/lib/python3.8/site-packages/airflow/example_dags/example_trigger_controller_dag.py
[2022-09-17 08:36:28,384] {logging_mixin.py:115} INFO - [2022-09-17 08:36:28,384] {dag.py:2420} INFO - Sync 1 DAGs
[2022-09-17 08:36:28,400] {logging_mixin.py:115} INFO - [2022-09-17 08:36:28,400] {dag.py:2968} INFO - Setting next_dagrun for example_trigger_controller_dag to 2021-01-01T00:00:00+00:00, run_after=2021-01-01T00:00:00+00:00
[2022-09-17 08:36:28,417] {processor.py:161} INFO - Processing /home/ubuntu/.local/lib/python3.8/site-packages/airflow/example_dags/example_trigger_controller_dag.py took 0.061 seconds
[2022-09-17 08:37:06,812] {processor.py:153} INFO - Started process (PID=9993) to work on /home/ubuntu/.local/lib/python3.8/site-packages/airflow/example_dags/example_trigger_controller_dag.py
[2022-09-17 08:37:06,816] {processor.py:641} INFO - Processing file /home/ubuntu/.local/lib/python3.8/site-packages/airflow/example_dags/example_trigger_controller_dag.py for tasks to queue
[2022-09-17 08:37:06,817] {logging_mixin.py:115} INFO - [2022-09-17 08:37:06,817] {dagbag.py:508} INFO - Filling up the DagBag from /home/ubuntu/.local/lib/python3.8/site-packages/airflow/example_dags/example_trigger_controller_dag.py
[2022-09-17 08:37:06,822] {processor.py:651} INFO - DAG(s) dict_keys(['example_trigger_controller_dag']) retrieved from /home/ubuntu/.local/lib/python3.8/site-packages/airflow/example_dags/example_trigger_controller_dag.py
[2022-09-17 08:37:06,846] {logging_mixin.py:115} INFO - [2022-09-17 08:37:06,845] {dag.py:2420} INFO - Sync 1 DAGs
[2022-09-17 08:37:06,867] {logging_mixin.py:115} INFO - [2022-09-17 08:37:06,867] {dag.py:2968} INFO - Setting next_dagrun for example_trigger_controller_dag to 2021-01-01T00:00:00+00:00, run_after=2021-01-01T00:00:00+00:00
[2022-09-17 08:37:06,888] {processor.py:161} INFO - Processing /home/ubuntu/.local/lib/python3.8/site-packages/airflow/example_dags/example_trigger_controller_dag.py took 0.079 seconds
[2022-09-17 08:37:44,298] {processor.py:153} INFO - Started process (PID=10078) to work on /home/ubuntu/.local/lib/python3.8/site-packages/airflow/example_dags/example_trigger_controller_dag.py
[2022-09-17 08:37:44,299] {processor.py:641} INFO - Processing file /home/ubuntu/.local/lib/python3.8/site-packages/airflow/example_dags/example_trigger_controller_dag.py for tasks to queue
[2022-09-17 08:37:44,300] {logging_mixin.py:115} INFO - [2022-09-17 08:37:44,300] {dagbag.py:508} INFO - Filling up the DagBag from /home/ubuntu/.local/lib/python3.8/site-packages/airflow/example_dags/example_trigger_controller_dag.py
[2022-09-17 08:37:44,306] {processor.py:651} INFO - DAG(s) dict_keys(['example_trigger_controller_dag']) retrieved from /home/ubuntu/.local/lib/python3.8/site-packages/airflow/example_dags/example_trigger_controller_dag.py
[2022-09-17 08:37:44,329] {logging_mixin.py:115} INFO - [2022-09-17 08:37:44,329] {dag.py:2420} INFO - Sync 1 DAGs
[2022-09-17 08:37:44,351] {logging_mixin.py:115} INFO - [2022-09-17 08:37:44,351] {dag.py:2968} INFO - Setting next_dagrun for example_trigger_controller_dag to 2021-01-01T00:00:00+00:00, run_after=2021-01-01T00:00:00+00:00
[2022-09-17 08:37:44,369] {processor.py:161} INFO - Processing /home/ubuntu/.local/lib/python3.8/site-packages/airflow/example_dags/example_trigger_controller_dag.py took 0.076 seconds
[2022-09-17 08:38:25,357] {processor.py:153} INFO - Started process (PID=10314) to work on /home/ubuntu/.local/lib/python3.8/site-packages/airflow/example_dags/example_trigger_controller_dag.py
[2022-09-17 08:38:25,359] {processor.py:641} INFO - Processing file /home/ubuntu/.local/lib/python3.8/site-packages/airflow/example_dags/example_trigger_controller_dag.py for tasks to queue
[2022-09-17 08:38:25,360] {logging_mixin.py:115} INFO - [2022-09-17 08:38:25,360] {dagbag.py:508} INFO - Filling up the DagBag from /home/ubuntu/.local/lib/python3.8/site-packages/airflow/example_dags/example_trigger_controller_dag.py
[2022-09-17 08:38:25,363] {processor.py:651} INFO - DAG(s) dict_keys(['example_trigger_controller_dag']) retrieved from /home/ubuntu/.local/lib/python3.8/site-packages/airflow/example_dags/example_trigger_controller_dag.py
[2022-09-17 08:38:25,381] {logging_mixin.py:115} INFO - [2022-09-17 08:38:25,381] {dag.py:2420} INFO - Sync 1 DAGs
[2022-09-17 08:38:25,403] {logging_mixin.py:115} INFO - [2022-09-17 08:38:25,402] {dag.py:2968} INFO - Setting next_dagrun for example_trigger_controller_dag to 2021-01-01T00:00:00+00:00, run_after=2021-01-01T00:00:00+00:00
[2022-09-17 08:38:25,423] {processor.py:161} INFO - Processing /home/ubuntu/.local/lib/python3.8/site-packages/airflow/example_dags/example_trigger_controller_dag.py took 0.070 seconds
[2022-09-17 08:39:02,218] {processor.py:153} INFO - Started process (PID=10359) to work on /home/ubuntu/.local/lib/python3.8/site-packages/airflow/example_dags/example_trigger_controller_dag.py
[2022-09-17 08:39:02,219] {processor.py:641} INFO - Processing file /home/ubuntu/.local/lib/python3.8/site-packages/airflow/example_dags/example_trigger_controller_dag.py for tasks to queue
[2022-09-17 08:39:02,219] {logging_mixin.py:115} INFO - [2022-09-17 08:39:02,219] {dagbag.py:508} INFO - Filling up the DagBag from /home/ubuntu/.local/lib/python3.8/site-packages/airflow/example_dags/example_trigger_controller_dag.py
[2022-09-17 08:39:02,223] {processor.py:651} INFO - DAG(s) dict_keys(['example_trigger_controller_dag']) retrieved from /home/ubuntu/.local/lib/python3.8/site-packages/airflow/example_dags/example_trigger_controller_dag.py
[2022-09-17 08:39:02,241] {logging_mixin.py:115} INFO - [2022-09-17 08:39:02,241] {dag.py:2420} INFO - Sync 1 DAGs
[2022-09-17 08:39:02,261] {logging_mixin.py:115} INFO - [2022-09-17 08:39:02,261] {dag.py:2968} INFO - Setting next_dagrun for example_trigger_controller_dag to 2021-01-01T00:00:00+00:00, run_after=2021-01-01T00:00:00+00:00
[2022-09-17 08:39:02,283] {processor.py:161} INFO - Processing /home/ubuntu/.local/lib/python3.8/site-packages/airflow/example_dags/example_trigger_controller_dag.py took 0.069 seconds
[2022-09-17 08:39:39,710] {processor.py:153} INFO - Started process (PID=10400) to work on /home/ubuntu/.local/lib/python3.8/site-packages/airflow/example_dags/example_trigger_controller_dag.py
[2022-09-17 08:39:39,712] {processor.py:641} INFO - Processing file /home/ubuntu/.local/lib/python3.8/site-packages/airflow/example_dags/example_trigger_controller_dag.py for tasks to queue
[2022-09-17 08:39:39,713] {logging_mixin.py:115} INFO - [2022-09-17 08:39:39,712] {dagbag.py:508} INFO - Filling up the DagBag from /home/ubuntu/.local/lib/python3.8/site-packages/airflow/example_dags/example_trigger_controller_dag.py
[2022-09-17 08:39:39,717] {processor.py:651} INFO - DAG(s) dict_keys(['example_trigger_controller_dag']) retrieved from /home/ubuntu/.local/lib/python3.8/site-packages/airflow/example_dags/example_trigger_controller_dag.py
[2022-09-17 08:39:39,736] {logging_mixin.py:115} INFO - [2022-09-17 08:39:39,735] {dag.py:2420} INFO - Sync 1 DAGs
[2022-09-17 08:39:39,757] {logging_mixin.py:115} INFO - [2022-09-17 08:39:39,757] {dag.py:2968} INFO - Setting next_dagrun for example_trigger_controller_dag to 2021-01-01T00:00:00+00:00, run_after=2021-01-01T00:00:00+00:00
[2022-09-17 08:39:39,775] {processor.py:161} INFO - Processing /home/ubuntu/.local/lib/python3.8/site-packages/airflow/example_dags/example_trigger_controller_dag.py took 0.070 seconds
