[2022-09-17 08:35:29,514] {processor.py:153} INFO - Started process (PID=9704) to work on /home/ubuntu/.local/lib/python3.8/site-packages/airflow/example_dags/example_task_group_decorator.py
[2022-09-17 08:35:29,515] {processor.py:641} INFO - Processing file /home/ubuntu/.local/lib/python3.8/site-packages/airflow/example_dags/example_task_group_decorator.py for tasks to queue
[2022-09-17 08:35:29,515] {logging_mixin.py:115} INFO - [2022-09-17 08:35:29,515] {dagbag.py:508} INFO - Filling up the DagBag from /home/ubuntu/.local/lib/python3.8/site-packages/airflow/example_dags/example_task_group_decorator.py
[2022-09-17 08:35:29,543] {processor.py:651} INFO - DAG(s) dict_keys(['example_task_group_decorator']) retrieved from /home/ubuntu/.local/lib/python3.8/site-packages/airflow/example_dags/example_task_group_decorator.py
[2022-09-17 08:35:29,584] {logging_mixin.py:115} INFO - [2022-09-17 08:35:29,584] {dag.py:2420} INFO - Sync 1 DAGs
[2022-09-17 08:35:29,595] {logging_mixin.py:115} INFO - [2022-09-17 08:35:29,595] {dag.py:2968} INFO - Setting next_dagrun for example_task_group_decorator to 2022-09-16T08:35:29.594886+00:00, run_after=2022-09-17T08:35:29.594886+00:00
[2022-09-17 08:35:29,610] {processor.py:161} INFO - Processing /home/ubuntu/.local/lib/python3.8/site-packages/airflow/example_dags/example_task_group_decorator.py took 0.100 seconds
[2022-09-17 08:36:14,363] {processor.py:153} INFO - Started process (PID=9860) to work on /home/ubuntu/.local/lib/python3.8/site-packages/airflow/example_dags/example_task_group_decorator.py
[2022-09-17 08:36:14,365] {processor.py:641} INFO - Processing file /home/ubuntu/.local/lib/python3.8/site-packages/airflow/example_dags/example_task_group_decorator.py for tasks to queue
[2022-09-17 08:36:14,365] {logging_mixin.py:115} INFO - [2022-09-17 08:36:14,365] {dagbag.py:508} INFO - Filling up the DagBag from /home/ubuntu/.local/lib/python3.8/site-packages/airflow/example_dags/example_task_group_decorator.py
[2022-09-17 08:36:14,400] {processor.py:651} INFO - DAG(s) dict_keys(['example_task_group_decorator']) retrieved from /home/ubuntu/.local/lib/python3.8/site-packages/airflow/example_dags/example_task_group_decorator.py
[2022-09-17 08:36:14,450] {logging_mixin.py:115} INFO - [2022-09-17 08:36:14,450] {dag.py:2420} INFO - Sync 1 DAGs
[2022-09-17 08:36:14,467] {logging_mixin.py:115} INFO - [2022-09-17 08:36:14,467] {dag.py:2968} INFO - Setting next_dagrun for example_task_group_decorator to 2022-09-16T08:36:14.466798+00:00, run_after=2022-09-17T08:36:14.466798+00:00
[2022-09-17 08:36:14,491] {processor.py:161} INFO - Processing /home/ubuntu/.local/lib/python3.8/site-packages/airflow/example_dags/example_task_group_decorator.py took 0.132 seconds
[2022-09-17 08:36:51,455] {processor.py:153} INFO - Started process (PID=9976) to work on /home/ubuntu/.local/lib/python3.8/site-packages/airflow/example_dags/example_task_group_decorator.py
[2022-09-17 08:36:51,457] {processor.py:641} INFO - Processing file /home/ubuntu/.local/lib/python3.8/site-packages/airflow/example_dags/example_task_group_decorator.py for tasks to queue
[2022-09-17 08:36:51,457] {logging_mixin.py:115} INFO - [2022-09-17 08:36:51,457] {dagbag.py:508} INFO - Filling up the DagBag from /home/ubuntu/.local/lib/python3.8/site-packages/airflow/example_dags/example_task_group_decorator.py
[2022-09-17 08:36:51,489] {processor.py:651} INFO - DAG(s) dict_keys(['example_task_group_decorator']) retrieved from /home/ubuntu/.local/lib/python3.8/site-packages/airflow/example_dags/example_task_group_decorator.py
[2022-09-17 08:36:51,535] {logging_mixin.py:115} INFO - [2022-09-17 08:36:51,535] {dag.py:2420} INFO - Sync 1 DAGs
[2022-09-17 08:36:51,552] {logging_mixin.py:115} INFO - [2022-09-17 08:36:51,552] {dag.py:2968} INFO - Setting next_dagrun for example_task_group_decorator to 2022-09-16T08:36:51.552149+00:00, run_after=2022-09-17T08:36:51.552149+00:00
[2022-09-17 08:36:51,572] {processor.py:161} INFO - Processing /home/ubuntu/.local/lib/python3.8/site-packages/airflow/example_dags/example_task_group_decorator.py took 0.122 seconds
[2022-09-17 08:37:35,519] {processor.py:153} INFO - Started process (PID=10053) to work on /home/ubuntu/.local/lib/python3.8/site-packages/airflow/example_dags/example_task_group_decorator.py
[2022-09-17 08:37:35,522] {processor.py:641} INFO - Processing file /home/ubuntu/.local/lib/python3.8/site-packages/airflow/example_dags/example_task_group_decorator.py for tasks to queue
[2022-09-17 08:37:35,522] {logging_mixin.py:115} INFO - [2022-09-17 08:37:35,522] {dagbag.py:508} INFO - Filling up the DagBag from /home/ubuntu/.local/lib/python3.8/site-packages/airflow/example_dags/example_task_group_decorator.py
[2022-09-17 08:37:35,554] {processor.py:651} INFO - DAG(s) dict_keys(['example_task_group_decorator']) retrieved from /home/ubuntu/.local/lib/python3.8/site-packages/airflow/example_dags/example_task_group_decorator.py
[2022-09-17 08:37:35,573] {logging_mixin.py:115} INFO - [2022-09-17 08:37:35,573] {dag.py:2420} INFO - Sync 1 DAGs
[2022-09-17 08:37:35,589] {logging_mixin.py:115} INFO - [2022-09-17 08:37:35,588] {dag.py:2968} INFO - Setting next_dagrun for example_task_group_decorator to 2022-09-16T08:37:35.588534+00:00, run_after=2022-09-17T08:37:35.588534+00:00
[2022-09-17 08:37:35,607] {processor.py:161} INFO - Processing /home/ubuntu/.local/lib/python3.8/site-packages/airflow/example_dags/example_task_group_decorator.py took 0.093 seconds
[2022-09-17 08:38:41,591] {processor.py:153} INFO - Started process (PID=10338) to work on /home/ubuntu/.local/lib/python3.8/site-packages/airflow/example_dags/example_task_group_decorator.py
[2022-09-17 08:38:41,593] {processor.py:641} INFO - Processing file /home/ubuntu/.local/lib/python3.8/site-packages/airflow/example_dags/example_task_group_decorator.py for tasks to queue
[2022-09-17 08:38:41,593] {logging_mixin.py:115} INFO - [2022-09-17 08:38:41,593] {dagbag.py:508} INFO - Filling up the DagBag from /home/ubuntu/.local/lib/python3.8/site-packages/airflow/example_dags/example_task_group_decorator.py
[2022-09-17 08:38:41,621] {processor.py:651} INFO - DAG(s) dict_keys(['example_task_group_decorator']) retrieved from /home/ubuntu/.local/lib/python3.8/site-packages/airflow/example_dags/example_task_group_decorator.py
[2022-09-17 08:38:41,672] {logging_mixin.py:115} INFO - [2022-09-17 08:38:41,672] {dag.py:2420} INFO - Sync 1 DAGs
[2022-09-17 08:38:41,688] {logging_mixin.py:115} INFO - [2022-09-17 08:38:41,688] {dag.py:2968} INFO - Setting next_dagrun for example_task_group_decorator to 2022-09-16T08:38:41.687723+00:00, run_after=2022-09-17T08:38:41.687723+00:00
[2022-09-17 08:38:41,709] {processor.py:161} INFO - Processing /home/ubuntu/.local/lib/python3.8/site-packages/airflow/example_dags/example_task_group_decorator.py took 0.123 seconds
[2022-09-17 08:39:22,938] {processor.py:153} INFO - Started process (PID=10380) to work on /home/ubuntu/.local/lib/python3.8/site-packages/airflow/example_dags/example_task_group_decorator.py
[2022-09-17 08:39:22,940] {processor.py:641} INFO - Processing file /home/ubuntu/.local/lib/python3.8/site-packages/airflow/example_dags/example_task_group_decorator.py for tasks to queue
[2022-09-17 08:39:22,941] {logging_mixin.py:115} INFO - [2022-09-17 08:39:22,941] {dagbag.py:508} INFO - Filling up the DagBag from /home/ubuntu/.local/lib/python3.8/site-packages/airflow/example_dags/example_task_group_decorator.py
[2022-09-17 08:39:22,968] {processor.py:651} INFO - DAG(s) dict_keys(['example_task_group_decorator']) retrieved from /home/ubuntu/.local/lib/python3.8/site-packages/airflow/example_dags/example_task_group_decorator.py
[2022-09-17 08:39:23,020] {logging_mixin.py:115} INFO - [2022-09-17 08:39:23,020] {dag.py:2420} INFO - Sync 1 DAGs
[2022-09-17 08:39:23,037] {logging_mixin.py:115} INFO - [2022-09-17 08:39:23,036] {dag.py:2968} INFO - Setting next_dagrun for example_task_group_decorator to 2022-09-16T08:39:23.036434+00:00, run_after=2022-09-17T08:39:23.036434+00:00
[2022-09-17 08:39:23,057] {processor.py:161} INFO - Processing /home/ubuntu/.local/lib/python3.8/site-packages/airflow/example_dags/example_task_group_decorator.py took 0.123 seconds
