[2022-09-17 08:35:17,790] {processor.py:153} INFO - Started process (PID=9549) to work on /home/ubuntu/.local/lib/python3.8/site-packages/airflow/example_dags/example_xcomargs.py
[2022-09-17 08:35:17,791] {processor.py:641} INFO - Processing file /home/ubuntu/.local/lib/python3.8/site-packages/airflow/example_dags/example_xcomargs.py for tasks to queue
[2022-09-17 08:35:17,792] {logging_mixin.py:115} INFO - [2022-09-17 08:35:17,791] {dagbag.py:508} INFO - Filling up the DagBag from /home/ubuntu/.local/lib/python3.8/site-packages/airflow/example_dags/example_xcomargs.py
[2022-09-17 08:35:17,826] {processor.py:651} INFO - DAG(s) dict_keys(['example_xcom_args', 'example_xcom_args_with_operators']) retrieved from /home/ubuntu/.local/lib/python3.8/site-packages/airflow/example_dags/example_xcomargs.py
[2022-09-17 08:35:17,981] {logging_mixin.py:115} INFO - [2022-09-17 08:35:17,981] {dag.py:2420} INFO - Sync 2 DAGs
[2022-09-17 08:35:17,997] {logging_mixin.py:115} INFO - [2022-09-17 08:35:17,996] {dag.py:2968} INFO - Setting next_dagrun for example_xcom_args to None, run_after=None
[2022-09-17 08:35:17,997] {logging_mixin.py:115} INFO - [2022-09-17 08:35:17,997] {dag.py:2968} INFO - Setting next_dagrun for example_xcom_args_with_operators to None, run_after=None
[2022-09-17 08:35:18,032] {processor.py:161} INFO - Processing /home/ubuntu/.local/lib/python3.8/site-packages/airflow/example_dags/example_xcomargs.py took 0.247 seconds
[2022-09-17 08:35:55,332] {processor.py:153} INFO - Started process (PID=9842) to work on /home/ubuntu/.local/lib/python3.8/site-packages/airflow/example_dags/example_xcomargs.py
[2022-09-17 08:35:55,334] {processor.py:641} INFO - Processing file /home/ubuntu/.local/lib/python3.8/site-packages/airflow/example_dags/example_xcomargs.py for tasks to queue
[2022-09-17 08:35:55,334] {logging_mixin.py:115} INFO - [2022-09-17 08:35:55,334] {dagbag.py:508} INFO - Filling up the DagBag from /home/ubuntu/.local/lib/python3.8/site-packages/airflow/example_dags/example_xcomargs.py
[2022-09-17 08:35:55,361] {processor.py:651} INFO - DAG(s) dict_keys(['example_xcom_args', 'example_xcom_args_with_operators']) retrieved from /home/ubuntu/.local/lib/python3.8/site-packages/airflow/example_dags/example_xcomargs.py
[2022-09-17 08:35:55,411] {logging_mixin.py:115} INFO - [2022-09-17 08:35:55,411] {dag.py:2420} INFO - Sync 2 DAGs
[2022-09-17 08:35:55,424] {logging_mixin.py:115} INFO - [2022-09-17 08:35:55,424] {dag.py:2968} INFO - Setting next_dagrun for example_xcom_args to None, run_after=None
[2022-09-17 08:35:55,424] {logging_mixin.py:115} INFO - [2022-09-17 08:35:55,424] {dag.py:2968} INFO - Setting next_dagrun for example_xcom_args_with_operators to None, run_after=None
[2022-09-17 08:35:55,444] {processor.py:161} INFO - Processing /home/ubuntu/.local/lib/python3.8/site-packages/airflow/example_dags/example_xcomargs.py took 0.116 seconds
[2022-09-17 08:36:33,206] {processor.py:153} INFO - Started process (PID=9937) to work on /home/ubuntu/.local/lib/python3.8/site-packages/airflow/example_dags/example_xcomargs.py
[2022-09-17 08:36:33,208] {processor.py:641} INFO - Processing file /home/ubuntu/.local/lib/python3.8/site-packages/airflow/example_dags/example_xcomargs.py for tasks to queue
[2022-09-17 08:36:33,208] {logging_mixin.py:115} INFO - [2022-09-17 08:36:33,208] {dagbag.py:508} INFO - Filling up the DagBag from /home/ubuntu/.local/lib/python3.8/site-packages/airflow/example_dags/example_xcomargs.py
[2022-09-17 08:36:33,238] {processor.py:651} INFO - DAG(s) dict_keys(['example_xcom_args', 'example_xcom_args_with_operators']) retrieved from /home/ubuntu/.local/lib/python3.8/site-packages/airflow/example_dags/example_xcomargs.py
[2022-09-17 08:36:33,258] {logging_mixin.py:115} INFO - [2022-09-17 08:36:33,258] {dag.py:2420} INFO - Sync 2 DAGs
[2022-09-17 08:36:33,274] {logging_mixin.py:115} INFO - [2022-09-17 08:36:33,274] {dag.py:2968} INFO - Setting next_dagrun for example_xcom_args to None, run_after=None
[2022-09-17 08:36:33,275] {logging_mixin.py:115} INFO - [2022-09-17 08:36:33,274] {dag.py:2968} INFO - Setting next_dagrun for example_xcom_args_with_operators to None, run_after=None
[2022-09-17 08:36:33,292] {processor.py:161} INFO - Processing /home/ubuntu/.local/lib/python3.8/site-packages/airflow/example_dags/example_xcomargs.py took 0.091 seconds
[2022-09-17 08:37:11,874] {processor.py:153} INFO - Started process (PID=10005) to work on /home/ubuntu/.local/lib/python3.8/site-packages/airflow/example_dags/example_xcomargs.py
[2022-09-17 08:37:11,876] {processor.py:641} INFO - Processing file /home/ubuntu/.local/lib/python3.8/site-packages/airflow/example_dags/example_xcomargs.py for tasks to queue
[2022-09-17 08:37:11,877] {logging_mixin.py:115} INFO - [2022-09-17 08:37:11,877] {dagbag.py:508} INFO - Filling up the DagBag from /home/ubuntu/.local/lib/python3.8/site-packages/airflow/example_dags/example_xcomargs.py
[2022-09-17 08:37:11,907] {processor.py:651} INFO - DAG(s) dict_keys(['example_xcom_args', 'example_xcom_args_with_operators']) retrieved from /home/ubuntu/.local/lib/python3.8/site-packages/airflow/example_dags/example_xcomargs.py
[2022-09-17 08:37:11,931] {logging_mixin.py:115} INFO - [2022-09-17 08:37:11,931] {dag.py:2420} INFO - Sync 2 DAGs
[2022-09-17 08:37:11,950] {logging_mixin.py:115} INFO - [2022-09-17 08:37:11,950] {dag.py:2968} INFO - Setting next_dagrun for example_xcom_args to None, run_after=None
[2022-09-17 08:37:11,950] {logging_mixin.py:115} INFO - [2022-09-17 08:37:11,950] {dag.py:2968} INFO - Setting next_dagrun for example_xcom_args_with_operators to None, run_after=None
[2022-09-17 08:37:11,973] {processor.py:161} INFO - Processing /home/ubuntu/.local/lib/python3.8/site-packages/airflow/example_dags/example_xcomargs.py took 0.104 seconds
[2022-09-17 08:38:30,604] {processor.py:153} INFO - Started process (PID=10320) to work on /home/ubuntu/.local/lib/python3.8/site-packages/airflow/example_dags/example_xcomargs.py
[2022-09-17 08:38:30,607] {processor.py:641} INFO - Processing file /home/ubuntu/.local/lib/python3.8/site-packages/airflow/example_dags/example_xcomargs.py for tasks to queue
[2022-09-17 08:38:30,608] {logging_mixin.py:115} INFO - [2022-09-17 08:38:30,608] {dagbag.py:508} INFO - Filling up the DagBag from /home/ubuntu/.local/lib/python3.8/site-packages/airflow/example_dags/example_xcomargs.py
[2022-09-17 08:38:30,627] {processor.py:651} INFO - DAG(s) dict_keys(['example_xcom_args', 'example_xcom_args_with_operators']) retrieved from /home/ubuntu/.local/lib/python3.8/site-packages/airflow/example_dags/example_xcomargs.py
[2022-09-17 08:38:30,674] {logging_mixin.py:115} INFO - [2022-09-17 08:38:30,674] {dag.py:2420} INFO - Sync 2 DAGs
[2022-09-17 08:38:30,689] {logging_mixin.py:115} INFO - [2022-09-17 08:38:30,689] {dag.py:2968} INFO - Setting next_dagrun for example_xcom_args to None, run_after=None
[2022-09-17 08:38:30,689] {logging_mixin.py:115} INFO - [2022-09-17 08:38:30,689] {dag.py:2968} INFO - Setting next_dagrun for example_xcom_args_with_operators to None, run_after=None
[2022-09-17 08:38:30,714] {processor.py:161} INFO - Processing /home/ubuntu/.local/lib/python3.8/site-packages/airflow/example_dags/example_xcomargs.py took 0.114 seconds
[2022-09-17 08:39:07,208] {processor.py:153} INFO - Started process (PID=10364) to work on /home/ubuntu/.local/lib/python3.8/site-packages/airflow/example_dags/example_xcomargs.py
[2022-09-17 08:39:07,211] {processor.py:641} INFO - Processing file /home/ubuntu/.local/lib/python3.8/site-packages/airflow/example_dags/example_xcomargs.py for tasks to queue
[2022-09-17 08:39:07,212] {logging_mixin.py:115} INFO - [2022-09-17 08:39:07,212] {dagbag.py:508} INFO - Filling up the DagBag from /home/ubuntu/.local/lib/python3.8/site-packages/airflow/example_dags/example_xcomargs.py
[2022-09-17 08:39:07,233] {processor.py:651} INFO - DAG(s) dict_keys(['example_xcom_args', 'example_xcom_args_with_operators']) retrieved from /home/ubuntu/.local/lib/python3.8/site-packages/airflow/example_dags/example_xcomargs.py
[2022-09-17 08:39:07,282] {logging_mixin.py:115} INFO - [2022-09-17 08:39:07,282] {dag.py:2420} INFO - Sync 2 DAGs
[2022-09-17 08:39:07,297] {logging_mixin.py:115} INFO - [2022-09-17 08:39:07,297] {dag.py:2968} INFO - Setting next_dagrun for example_xcom_args to None, run_after=None
[2022-09-17 08:39:07,297] {logging_mixin.py:115} INFO - [2022-09-17 08:39:07,297] {dag.py:2968} INFO - Setting next_dagrun for example_xcom_args_with_operators to None, run_after=None
[2022-09-17 08:39:07,317] {processor.py:161} INFO - Processing /home/ubuntu/.local/lib/python3.8/site-packages/airflow/example_dags/example_xcomargs.py took 0.113 seconds
[2022-09-17 08:39:44,876] {processor.py:153} INFO - Started process (PID=10407) to work on /home/ubuntu/.local/lib/python3.8/site-packages/airflow/example_dags/example_xcomargs.py
[2022-09-17 08:39:44,877] {processor.py:641} INFO - Processing file /home/ubuntu/.local/lib/python3.8/site-packages/airflow/example_dags/example_xcomargs.py for tasks to queue
[2022-09-17 08:39:44,878] {logging_mixin.py:115} INFO - [2022-09-17 08:39:44,878] {dagbag.py:508} INFO - Filling up the DagBag from /home/ubuntu/.local/lib/python3.8/site-packages/airflow/example_dags/example_xcomargs.py
[2022-09-17 08:39:44,900] {processor.py:651} INFO - DAG(s) dict_keys(['example_xcom_args', 'example_xcom_args_with_operators']) retrieved from /home/ubuntu/.local/lib/python3.8/site-packages/airflow/example_dags/example_xcomargs.py
[2022-09-17 08:39:44,954] {logging_mixin.py:115} INFO - [2022-09-17 08:39:44,953] {dag.py:2420} INFO - Sync 2 DAGs
[2022-09-17 08:39:44,971] {logging_mixin.py:115} INFO - [2022-09-17 08:39:44,970] {dag.py:2968} INFO - Setting next_dagrun for example_xcom_args to None, run_after=None
[2022-09-17 08:39:44,971] {logging_mixin.py:115} INFO - [2022-09-17 08:39:44,971] {dag.py:2968} INFO - Setting next_dagrun for example_xcom_args_with_operators to None, run_after=None
[2022-09-17 08:39:44,993] {processor.py:161} INFO - Processing /home/ubuntu/.local/lib/python3.8/site-packages/airflow/example_dags/example_xcomargs.py took 0.122 seconds
