[2022-09-17 08:34:59,669] {processor.py:153} INFO - Started process (PID=9447) to work on /home/ubuntu/.local/lib/python3.8/site-packages/airflow/example_dags/tutorial_taskflow_api_etl.py
[2022-09-17 08:34:59,670] {processor.py:641} INFO - Processing file /home/ubuntu/.local/lib/python3.8/site-packages/airflow/example_dags/tutorial_taskflow_api_etl.py for tasks to queue
[2022-09-17 08:34:59,670] {logging_mixin.py:115} INFO - [2022-09-17 08:34:59,670] {dagbag.py:508} INFO - Filling up the DagBag from /home/ubuntu/.local/lib/python3.8/site-packages/airflow/example_dags/tutorial_taskflow_api_etl.py
[2022-09-17 08:34:59,693] {processor.py:651} INFO - DAG(s) dict_keys(['tutorial_taskflow_api_etl']) retrieved from /home/ubuntu/.local/lib/python3.8/site-packages/airflow/example_dags/tutorial_taskflow_api_etl.py
[2022-09-17 08:34:59,735] {logging_mixin.py:115} INFO - [2022-09-17 08:34:59,735] {dag.py:2420} INFO - Sync 1 DAGs
[2022-09-17 08:34:59,749] {logging_mixin.py:115} INFO - [2022-09-17 08:34:59,749] {dag.py:2968} INFO - Setting next_dagrun for tutorial_taskflow_api_etl to None, run_after=None
[2022-09-17 08:34:59,775] {processor.py:161} INFO - Processing /home/ubuntu/.local/lib/python3.8/site-packages/airflow/example_dags/tutorial_taskflow_api_etl.py took 0.110 seconds
[2022-09-17 08:35:35,935] {processor.py:153} INFO - Started process (PID=9764) to work on /home/ubuntu/.local/lib/python3.8/site-packages/airflow/example_dags/tutorial_taskflow_api_etl.py
[2022-09-17 08:35:35,937] {processor.py:641} INFO - Processing file /home/ubuntu/.local/lib/python3.8/site-packages/airflow/example_dags/tutorial_taskflow_api_etl.py for tasks to queue
[2022-09-17 08:35:35,938] {logging_mixin.py:115} INFO - [2022-09-17 08:35:35,938] {dagbag.py:508} INFO - Filling up the DagBag from /home/ubuntu/.local/lib/python3.8/site-packages/airflow/example_dags/tutorial_taskflow_api_etl.py
[2022-09-17 08:35:35,961] {processor.py:651} INFO - DAG(s) dict_keys(['tutorial_taskflow_api_etl']) retrieved from /home/ubuntu/.local/lib/python3.8/site-packages/airflow/example_dags/tutorial_taskflow_api_etl.py
[2022-09-17 08:35:35,978] {logging_mixin.py:115} INFO - [2022-09-17 08:35:35,978] {dag.py:2420} INFO - Sync 1 DAGs
[2022-09-17 08:35:35,991] {logging_mixin.py:115} INFO - [2022-09-17 08:35:35,991] {dag.py:2968} INFO - Setting next_dagrun for tutorial_taskflow_api_etl to None, run_after=None
[2022-09-17 08:35:36,014] {processor.py:161} INFO - Processing /home/ubuntu/.local/lib/python3.8/site-packages/airflow/example_dags/tutorial_taskflow_api_etl.py took 0.082 seconds
[2022-09-17 08:36:12,130] {processor.py:153} INFO - Started process (PID=9858) to work on /home/ubuntu/.local/lib/python3.8/site-packages/airflow/example_dags/tutorial_taskflow_api_etl.py
[2022-09-17 08:36:12,131] {processor.py:641} INFO - Processing file /home/ubuntu/.local/lib/python3.8/site-packages/airflow/example_dags/tutorial_taskflow_api_etl.py for tasks to queue
[2022-09-17 08:36:12,132] {logging_mixin.py:115} INFO - [2022-09-17 08:36:12,132] {dagbag.py:508} INFO - Filling up the DagBag from /home/ubuntu/.local/lib/python3.8/site-packages/airflow/example_dags/tutorial_taskflow_api_etl.py
[2022-09-17 08:36:12,158] {processor.py:651} INFO - DAG(s) dict_keys(['tutorial_taskflow_api_etl']) retrieved from /home/ubuntu/.local/lib/python3.8/site-packages/airflow/example_dags/tutorial_taskflow_api_etl.py
[2022-09-17 08:36:12,177] {logging_mixin.py:115} INFO - [2022-09-17 08:36:12,177] {dag.py:2420} INFO - Sync 1 DAGs
[2022-09-17 08:36:12,195] {logging_mixin.py:115} INFO - [2022-09-17 08:36:12,194] {dag.py:2968} INFO - Setting next_dagrun for tutorial_taskflow_api_etl to None, run_after=None
[2022-09-17 08:36:12,212] {processor.py:161} INFO - Processing /home/ubuntu/.local/lib/python3.8/site-packages/airflow/example_dags/tutorial_taskflow_api_etl.py took 0.087 seconds
[2022-09-17 08:36:49,387] {processor.py:153} INFO - Started process (PID=9973) to work on /home/ubuntu/.local/lib/python3.8/site-packages/airflow/example_dags/tutorial_taskflow_api_etl.py
[2022-09-17 08:36:49,389] {processor.py:641} INFO - Processing file /home/ubuntu/.local/lib/python3.8/site-packages/airflow/example_dags/tutorial_taskflow_api_etl.py for tasks to queue
[2022-09-17 08:36:49,390] {logging_mixin.py:115} INFO - [2022-09-17 08:36:49,389] {dagbag.py:508} INFO - Filling up the DagBag from /home/ubuntu/.local/lib/python3.8/site-packages/airflow/example_dags/tutorial_taskflow_api_etl.py
[2022-09-17 08:36:49,418] {processor.py:651} INFO - DAG(s) dict_keys(['tutorial_taskflow_api_etl']) retrieved from /home/ubuntu/.local/lib/python3.8/site-packages/airflow/example_dags/tutorial_taskflow_api_etl.py
[2022-09-17 08:36:49,439] {logging_mixin.py:115} INFO - [2022-09-17 08:36:49,439] {dag.py:2420} INFO - Sync 1 DAGs
[2022-09-17 08:36:49,454] {logging_mixin.py:115} INFO - [2022-09-17 08:36:49,454] {dag.py:2968} INFO - Setting next_dagrun for tutorial_taskflow_api_etl to None, run_after=None
[2022-09-17 08:36:49,473] {processor.py:161} INFO - Processing /home/ubuntu/.local/lib/python3.8/site-packages/airflow/example_dags/tutorial_taskflow_api_etl.py took 0.090 seconds
[2022-09-17 08:37:27,999] {processor.py:153} INFO - Started process (PID=10039) to work on /home/ubuntu/.local/lib/python3.8/site-packages/airflow/example_dags/tutorial_taskflow_api_etl.py
[2022-09-17 08:37:28,001] {processor.py:641} INFO - Processing file /home/ubuntu/.local/lib/python3.8/site-packages/airflow/example_dags/tutorial_taskflow_api_etl.py for tasks to queue
[2022-09-17 08:37:28,002] {logging_mixin.py:115} INFO - [2022-09-17 08:37:28,002] {dagbag.py:508} INFO - Filling up the DagBag from /home/ubuntu/.local/lib/python3.8/site-packages/airflow/example_dags/tutorial_taskflow_api_etl.py
[2022-09-17 08:37:28,028] {processor.py:651} INFO - DAG(s) dict_keys(['tutorial_taskflow_api_etl']) retrieved from /home/ubuntu/.local/lib/python3.8/site-packages/airflow/example_dags/tutorial_taskflow_api_etl.py
[2022-09-17 08:37:28,048] {logging_mixin.py:115} INFO - [2022-09-17 08:37:28,048] {dag.py:2420} INFO - Sync 1 DAGs
[2022-09-17 08:37:28,066] {logging_mixin.py:115} INFO - [2022-09-17 08:37:28,066] {dag.py:2968} INFO - Setting next_dagrun for tutorial_taskflow_api_etl to None, run_after=None
[2022-09-17 08:37:28,083] {processor.py:161} INFO - Processing /home/ubuntu/.local/lib/python3.8/site-packages/airflow/example_dags/tutorial_taskflow_api_etl.py took 0.089 seconds
[2022-09-17 08:38:11,443] {processor.py:153} INFO - Started process (PID=10265) to work on /home/ubuntu/.local/lib/python3.8/site-packages/airflow/example_dags/tutorial_taskflow_api_etl.py
[2022-09-17 08:38:11,445] {processor.py:641} INFO - Processing file /home/ubuntu/.local/lib/python3.8/site-packages/airflow/example_dags/tutorial_taskflow_api_etl.py for tasks to queue
[2022-09-17 08:38:11,446] {logging_mixin.py:115} INFO - [2022-09-17 08:38:11,446] {dagbag.py:508} INFO - Filling up the DagBag from /home/ubuntu/.local/lib/python3.8/site-packages/airflow/example_dags/tutorial_taskflow_api_etl.py
[2022-09-17 08:38:11,462] {processor.py:651} INFO - DAG(s) dict_keys(['tutorial_taskflow_api_etl']) retrieved from /home/ubuntu/.local/lib/python3.8/site-packages/airflow/example_dags/tutorial_taskflow_api_etl.py
[2022-09-17 08:38:11,505] {logging_mixin.py:115} INFO - [2022-09-17 08:38:11,504] {dag.py:2420} INFO - Sync 1 DAGs
[2022-09-17 08:38:11,519] {logging_mixin.py:115} INFO - [2022-09-17 08:38:11,519] {dag.py:2968} INFO - Setting next_dagrun for tutorial_taskflow_api_etl to None, run_after=None
[2022-09-17 08:38:11,537] {processor.py:161} INFO - Processing /home/ubuntu/.local/lib/python3.8/site-packages/airflow/example_dags/tutorial_taskflow_api_etl.py took 0.097 seconds
[2022-09-17 08:38:48,040] {processor.py:153} INFO - Started process (PID=10342) to work on /home/ubuntu/.local/lib/python3.8/site-packages/airflow/example_dags/tutorial_taskflow_api_etl.py
[2022-09-17 08:38:48,042] {processor.py:641} INFO - Processing file /home/ubuntu/.local/lib/python3.8/site-packages/airflow/example_dags/tutorial_taskflow_api_etl.py for tasks to queue
[2022-09-17 08:38:48,042] {logging_mixin.py:115} INFO - [2022-09-17 08:38:48,042] {dagbag.py:508} INFO - Filling up the DagBag from /home/ubuntu/.local/lib/python3.8/site-packages/airflow/example_dags/tutorial_taskflow_api_etl.py
[2022-09-17 08:38:48,061] {processor.py:651} INFO - DAG(s) dict_keys(['tutorial_taskflow_api_etl']) retrieved from /home/ubuntu/.local/lib/python3.8/site-packages/airflow/example_dags/tutorial_taskflow_api_etl.py
[2022-09-17 08:38:48,112] {logging_mixin.py:115} INFO - [2022-09-17 08:38:48,112] {dag.py:2420} INFO - Sync 1 DAGs
[2022-09-17 08:38:48,127] {logging_mixin.py:115} INFO - [2022-09-17 08:38:48,127] {dag.py:2968} INFO - Setting next_dagrun for tutorial_taskflow_api_etl to None, run_after=None
[2022-09-17 08:38:48,147] {processor.py:161} INFO - Processing /home/ubuntu/.local/lib/python3.8/site-packages/airflow/example_dags/tutorial_taskflow_api_etl.py took 0.111 seconds
[2022-09-17 08:39:26,639] {processor.py:153} INFO - Started process (PID=10383) to work on /home/ubuntu/.local/lib/python3.8/site-packages/airflow/example_dags/tutorial_taskflow_api_etl.py
[2022-09-17 08:39:26,641] {processor.py:641} INFO - Processing file /home/ubuntu/.local/lib/python3.8/site-packages/airflow/example_dags/tutorial_taskflow_api_etl.py for tasks to queue
[2022-09-17 08:39:26,641] {logging_mixin.py:115} INFO - [2022-09-17 08:39:26,641] {dagbag.py:508} INFO - Filling up the DagBag from /home/ubuntu/.local/lib/python3.8/site-packages/airflow/example_dags/tutorial_taskflow_api_etl.py
[2022-09-17 08:39:26,659] {processor.py:651} INFO - DAG(s) dict_keys(['tutorial_taskflow_api_etl']) retrieved from /home/ubuntu/.local/lib/python3.8/site-packages/airflow/example_dags/tutorial_taskflow_api_etl.py
[2022-09-17 08:39:26,718] {logging_mixin.py:115} INFO - [2022-09-17 08:39:26,717] {dag.py:2420} INFO - Sync 1 DAGs
[2022-09-17 08:39:26,734] {logging_mixin.py:115} INFO - [2022-09-17 08:39:26,734] {dag.py:2968} INFO - Setting next_dagrun for tutorial_taskflow_api_etl to None, run_after=None
[2022-09-17 08:39:26,753] {processor.py:161} INFO - Processing /home/ubuntu/.local/lib/python3.8/site-packages/airflow/example_dags/tutorial_taskflow_api_etl.py took 0.118 seconds
[2022-09-17 09:46:14,380] {processor.py:153} INFO - Started process (PID=32263) to work on /home/ubuntu/.local/lib/python3.8/site-packages/airflow/example_dags/tutorial_taskflow_api_etl.py
[2022-09-17 09:46:14,382] {processor.py:641} INFO - Processing file /home/ubuntu/.local/lib/python3.8/site-packages/airflow/example_dags/tutorial_taskflow_api_etl.py for tasks to queue
[2022-09-17 09:46:14,383] {logging_mixin.py:115} INFO - [2022-09-17 09:46:14,383] {dagbag.py:508} INFO - Filling up the DagBag from /home/ubuntu/.local/lib/python3.8/site-packages/airflow/example_dags/tutorial_taskflow_api_etl.py
[2022-09-17 09:46:14,407] {processor.py:651} INFO - DAG(s) dict_keys(['tutorial_taskflow_api_etl']) retrieved from /home/ubuntu/.local/lib/python3.8/site-packages/airflow/example_dags/tutorial_taskflow_api_etl.py
[2022-09-17 09:46:14,458] {logging_mixin.py:115} INFO - [2022-09-17 09:46:14,458] {dag.py:2420} INFO - Sync 1 DAGs
[2022-09-17 09:46:14,472] {logging_mixin.py:115} INFO - [2022-09-17 09:46:14,472] {dag.py:2968} INFO - Setting next_dagrun for tutorial_taskflow_api_etl to None, run_after=None
[2022-09-17 09:46:14,490] {processor.py:161} INFO - Processing /home/ubuntu/.local/lib/python3.8/site-packages/airflow/example_dags/tutorial_taskflow_api_etl.py took 0.115 seconds
