[2022-09-15 14:11:22,961] {taskinstance.py:1179} INFO - Dependencies all met for <TaskInstance: preprocessing_data.generate_data scheduled__2022-09-15T14:00:37.967001+00:00 [queued]>
[2022-09-15 14:11:22,965] {taskinstance.py:1179} INFO - Dependencies all met for <TaskInstance: preprocessing_data.generate_data scheduled__2022-09-15T14:00:37.967001+00:00 [queued]>
[2022-09-15 14:11:22,965] {taskinstance.py:1376} INFO - 
--------------------------------------------------------------------------------
[2022-09-15 14:11:22,965] {taskinstance.py:1377} INFO - Starting attempt 1 of 2
[2022-09-15 14:11:22,965] {taskinstance.py:1378} INFO - 
--------------------------------------------------------------------------------
[2022-09-15 14:11:22,982] {taskinstance.py:1397} INFO - Executing <Task(PythonOperator): generate_data> on 2022-09-15 14:00:37.967001+00:00
[2022-09-15 14:11:22,987] {standard_task_runner.py:52} INFO - Started process 15333 to run task
[2022-09-15 14:11:22,990] {standard_task_runner.py:79} INFO - Running: ['airflow', 'tasks', 'run', 'preprocessing_data', 'generate_data', 'scheduled__2022-09-15T14:00:37.967001+00:00', '--job-id', '244', '--raw', '--subdir', 'DAGS_FOLDER/model_dag.py', '--cfg-path', '/tmp/tmpcmsj7650', '--error-file', '/tmp/tmppeb_3i1c']
[2022-09-15 14:11:22,990] {standard_task_runner.py:80} INFO - Job 244: Subtask generate_data
[2022-09-15 14:11:23,034] {task_command.py:371} INFO - Running <TaskInstance: preprocessing_data.generate_data scheduled__2022-09-15T14:00:37.967001+00:00 [running]> on host rc1b-dataproc-m-xzxwmqcudfo0foh0.mdb.yandexcloud.net
[2022-09-15 14:11:23,080] {taskinstance.py:1589} INFO - Exporting the following env vars:
AIRFLOW_CTX_DAG_EMAIL=airflow@example.com
AIRFLOW_CTX_DAG_OWNER=airflow
AIRFLOW_CTX_DAG_ID=preprocessing_data
AIRFLOW_CTX_TASK_ID=generate_data
AIRFLOW_CTX_EXECUTION_DATE=2022-09-15T14:00:37.967001+00:00
AIRFLOW_CTX_TRY_NUMBER=1
AIRFLOW_CTX_DAG_RUN_ID=scheduled__2022-09-15T14:00:37.967001+00:00
[2022-09-15 14:11:23,088] {logging_mixin.py:115} INFO - Time to generate customer profiles table: 0.0065s
[2022-09-15 14:11:23,093] {logging_mixin.py:115} INFO - Time to generate terminal profiles table: 0.0048s
[2022-09-15 14:11:23,285] {logging_mixin.py:115} INFO - Time to associate terminals to customers: 0.19s
[2022-09-15 14:11:41,244] {logging_mixin.py:115} INFO - Time to generate transactions: 1.8e+01s
[2022-09-15 14:11:41,330] {logging_mixin.py:115} INFO - Number of frauds from scenario 1: 188
[2022-09-15 14:11:44,454] {logging_mixin.py:115} INFO - Number of frauds from scenario 2: 17895
[2022-09-15 14:11:48,464] {logging_mixin.py:115} INFO - Number of frauds from scenario 3: 8750
[2022-09-15 14:11:48,464] {client.py:192} INFO - Instantiated <Client(url='http://rc1b-dataproc-m-xzxwmqcudfo0foh0.mdb.yandexcloud.net:9870')>.
[2022-09-15 14:11:48,464] {client.py:305} INFO - Fetching content summary for '/user/airflow/input_files'.
[2022-09-15 14:11:48,664] {client.py:558} INFO - Uploading '/home/ubuntu/fraud-detection-ml/airflow/output_simulation/partition_69.parquet' to '/user/airflow/input_files/partition_69.parquet'.
[2022-09-15 14:11:48,664] {client.py:1123} INFO - Listing '/user/airflow/input_files/partition_69.parquet'.
[2022-09-15 14:11:48,669] {client.py:503} INFO - Writing to '/user/airflow/input_files/partition_69.parquet'.
[2022-09-15 14:11:49,155] {python.py:173} INFO - Done. Returned value was: None
[2022-09-15 14:11:49,160] {taskinstance.py:1415} INFO - Marking task as SUCCESS. dag_id=preprocessing_data, task_id=generate_data, execution_date=20220915T140037, start_date=20220915T141122, end_date=20220915T141149
[2022-09-15 14:11:49,185] {local_task_job.py:156} INFO - Task exited with return code 0
[2022-09-15 14:11:49,208] {local_task_job.py:273} INFO - 1 downstream tasks scheduled from follow-on schedule check
