[2022-07-05 13:40:58,072] {taskinstance.py:1159} INFO - Dependencies all met for <TaskInstance: fraud_generation.generate_transaction scheduled__2022-07-05T13:35:57.487325+00:00 [queued]>
[2022-07-05 13:40:58,085] {taskinstance.py:1159} INFO - Dependencies all met for <TaskInstance: fraud_generation.generate_transaction scheduled__2022-07-05T13:35:57.487325+00:00 [queued]>
[2022-07-05 13:40:58,085] {taskinstance.py:1356} INFO - 
--------------------------------------------------------------------------------
[2022-07-05 13:40:58,085] {taskinstance.py:1357} INFO - Starting attempt 1 of 2
[2022-07-05 13:40:58,085] {taskinstance.py:1358} INFO - 
--------------------------------------------------------------------------------
[2022-07-05 13:40:58,112] {taskinstance.py:1377} INFO - Executing <Task(BashOperator): generate_transaction> on 2022-07-05 13:35:57.487325+00:00
[2022-07-05 13:40:58,129] {standard_task_runner.py:52} INFO - Started process 591 to run task
[2022-07-05 13:40:58,142] {standard_task_runner.py:79} INFO - Running: ['***', 'tasks', 'run', 'fraud_generation', 'generate_transaction', 'scheduled__2022-07-05T13:35:57.487325+00:00', '--job-id', '205', '--raw', '--subdir', 'DAGS_FOLDER/fraud_generation_dag.py', '--cfg-path', '/tmp/tmptz8ji397', '--error-file', '/tmp/tmpb8td6gha']
[2022-07-05 13:40:58,144] {standard_task_runner.py:80} INFO - Job 205: Subtask generate_transaction
[2022-07-05 13:40:58,235] {task_command.py:370} INFO - Running <TaskInstance: fraud_generation.generate_transaction scheduled__2022-07-05T13:35:57.487325+00:00 [running]> on host 8d20ba717985
[2022-07-05 13:40:58,327] {taskinstance.py:1571} INFO - Exporting the following env vars:
AIRFLOW_CTX_DAG_EMAIL=***@example.com
AIRFLOW_CTX_DAG_OWNER=***
AIRFLOW_CTX_DAG_ID=fraud_generation
AIRFLOW_CTX_TASK_ID=generate_transaction
AIRFLOW_CTX_EXECUTION_DATE=2022-07-05T13:35:57.487325+00:00
AIRFLOW_CTX_TRY_NUMBER=1
AIRFLOW_CTX_DAG_RUN_ID=scheduled__2022-07-05T13:35:57.487325+00:00
[2022-07-05 13:40:58,328] {subprocess.py:62} INFO - Tmp dir root location: 
 /tmp
[2022-07-05 13:40:58,329] {subprocess.py:74} INFO - Running command: ['bash', '-c', 'python3 /opt/***/dags/script_generation.py 22836']
[2022-07-05 13:40:58,341] {subprocess.py:85} INFO - Output:
[2022-07-05 13:41:00,055] {subprocess.py:92} INFO - /tmp/***tmpyqo0abyp
[2022-07-05 13:41:00,282] {subprocess.py:96} INFO - Command exited with return code 0
[2022-07-05 13:41:00,375] {taskinstance.py:1400} INFO - Marking task as SUCCESS. dag_id=fraud_generation, task_id=generate_transaction, execution_date=20220705T133557, start_date=20220705T134058, end_date=20220705T134100
[2022-07-05 13:41:00,457] {local_task_job.py:156} INFO - Task exited with return code 0
[2022-07-05 13:41:00,567] {local_task_job.py:273} INFO - 0 downstream tasks scheduled from follow-on schedule check
