[2022-08-29 22:15:25,997] {taskinstance.py:1179} INFO - Dependencies all met for <TaskInstance: preprocessing_data.fit_model scheduled__2022-08-29T22:04:52.430824+00:00 [queued]>
[2022-08-29 22:15:26,003] {taskinstance.py:1179} INFO - Dependencies all met for <TaskInstance: preprocessing_data.fit_model scheduled__2022-08-29T22:04:52.430824+00:00 [queued]>
[2022-08-29 22:15:26,003] {taskinstance.py:1376} INFO - 
--------------------------------------------------------------------------------
[2022-08-29 22:15:26,003] {taskinstance.py:1377} INFO - Starting attempt 1 of 2
[2022-08-29 22:15:26,003] {taskinstance.py:1378} INFO - 
--------------------------------------------------------------------------------
[2022-08-29 22:15:26,023] {taskinstance.py:1397} INFO - Executing <Task(PythonOperator): fit_model> on 2022-08-29 22:04:52.430824+00:00
[2022-08-29 22:15:26,028] {standard_task_runner.py:52} INFO - Started process 29738 to run task
[2022-08-29 22:15:26,033] {standard_task_runner.py:79} INFO - Running: ['airflow', 'tasks', 'run', 'preprocessing_data', 'fit_model', 'scheduled__2022-08-29T22:04:52.430824+00:00', '--job-id', '98', '--raw', '--subdir', 'DAGS_FOLDER/model_dag.py', '--cfg-path', '/tmp/tmp581rho3q', '--error-file', '/tmp/tmpz3ppj4po']
[2022-08-29 22:15:26,034] {standard_task_runner.py:80} INFO - Job 98: Subtask fit_model
[2022-08-29 22:15:26,092] {task_command.py:371} INFO - Running <TaskInstance: preprocessing_data.fit_model scheduled__2022-08-29T22:04:52.430824+00:00 [running]> on host rc1b-dataproc-m-xzxwmqcudfo0foh0.mdb.yandexcloud.net
[2022-08-29 22:15:26,148] {taskinstance.py:1589} INFO - Exporting the following env vars:
AIRFLOW_CTX_DAG_EMAIL=airflow@example.com
AIRFLOW_CTX_DAG_OWNER=airflow
AIRFLOW_CTX_DAG_ID=preprocessing_data
AIRFLOW_CTX_TASK_ID=fit_model
AIRFLOW_CTX_EXECUTION_DATE=2022-08-29T22:04:52.430824+00:00
AIRFLOW_CTX_TRY_NUMBER=1
AIRFLOW_CTX_DAG_RUN_ID=scheduled__2022-08-29T22:04:52.430824+00:00
[2022-08-29 22:15:26,151] {logging_mixin.py:115} WARNING - 2022/08/29 22:15:26 INFO mlflow.pyspark.ml: No SparkSession detected. Autologging will log pyspark.ml models contained in the default allowlist. To specify a custom allowlist, initialize a SparkSession prior to calling mlflow.pyspark.ml.autolog() and specify the path to your allowlist file via the spark.mlflow.pysparkml.autolog.logModelAllowlistFile conf.
[2022-08-29 22:15:26,152] {train_model.py:38} INFO - GOT INTO TRAIN FUNCTION
[2022-08-29 22:15:51,410] {logging_mixin.py:115} WARNING - 2022/08/29 22:15:51 WARNING mlflow.pyspark.ml: Model inputs contain unsupported Spark data types: [StructField(featuresFinal,VectorUDT,true)]. Model signature is not logged.
[2022-08-29 22:16:10,748] {credentials.py:1094} INFO - Found credentials in environment variables.
[2022-08-29 22:16:13,355] {train_model.py:69} INFO - Accuracy SCORE: 0.5
[2022-08-29 22:16:13,401] {python.py:173} INFO - Done. Returned value was: None
[2022-08-29 22:16:13,412] {taskinstance.py:1415} INFO - Marking task as SUCCESS. dag_id=preprocessing_data, task_id=fit_model, execution_date=20220829T220452, start_date=20220829T221525, end_date=20220829T221613
[2022-08-29 22:16:13,468] {local_task_job.py:156} INFO - Task exited with return code 0
[2022-08-29 22:16:13,481] {local_task_job.py:273} INFO - 0 downstream tasks scheduled from follow-on schedule check
