[2022-09-05 11:19:59,874] {taskinstance.py:1179} INFO - Dependencies all met for <TaskInstance: preprocessing_data.generate_data scheduled__2022-09-05T11:09:56.022773+00:00 [queued]>
[2022-09-05 11:19:59,879] {taskinstance.py:1179} INFO - Dependencies all met for <TaskInstance: preprocessing_data.generate_data scheduled__2022-09-05T11:09:56.022773+00:00 [queued]>
[2022-09-05 11:19:59,879] {taskinstance.py:1376} INFO - 
--------------------------------------------------------------------------------
[2022-09-05 11:19:59,879] {taskinstance.py:1377} INFO - Starting attempt 1 of 2
[2022-09-05 11:19:59,879] {taskinstance.py:1378} INFO - 
--------------------------------------------------------------------------------
[2022-09-05 11:19:59,894] {taskinstance.py:1397} INFO - Executing <Task(PythonOperator): generate_data> on 2022-09-05 11:09:56.022773+00:00
[2022-09-05 11:19:59,897] {standard_task_runner.py:52} INFO - Started process 23573 to run task
[2022-09-05 11:19:59,901] {standard_task_runner.py:79} INFO - Running: ['airflow', 'tasks', 'run', 'preprocessing_data', 'generate_data', 'scheduled__2022-09-05T11:09:56.022773+00:00', '--job-id', '121', '--raw', '--subdir', 'DAGS_FOLDER/model_dag.py', '--cfg-path', '/tmp/tmpknpcd16t', '--error-file', '/tmp/tmp08je7mkc']
[2022-09-05 11:19:59,901] {standard_task_runner.py:80} INFO - Job 121: Subtask generate_data
[2022-09-05 11:19:59,950] {task_command.py:371} INFO - Running <TaskInstance: preprocessing_data.generate_data scheduled__2022-09-05T11:09:56.022773+00:00 [running]> on host rc1b-dataproc-m-xzxwmqcudfo0foh0.mdb.yandexcloud.net
[2022-09-05 11:20:00,005] {taskinstance.py:1589} INFO - Exporting the following env vars:
AIRFLOW_CTX_DAG_EMAIL=airflow@example.com
AIRFLOW_CTX_DAG_OWNER=airflow
AIRFLOW_CTX_DAG_ID=preprocessing_data
AIRFLOW_CTX_TASK_ID=generate_data
AIRFLOW_CTX_EXECUTION_DATE=2022-09-05T11:09:56.022773+00:00
AIRFLOW_CTX_TRY_NUMBER=1
AIRFLOW_CTX_DAG_RUN_ID=scheduled__2022-09-05T11:09:56.022773+00:00
[2022-09-05 11:20:00,014] {logging_mixin.py:115} INFO - Time to generate customer profiles table: 0.0076s
[2022-09-05 11:20:00,015] {logging_mixin.py:115} INFO - Time to generate terminal profiles table: 0.0011s
[2022-09-05 11:20:00,224] {logging_mixin.py:115} INFO - Time to associate terminals to customers: 0.21s
[2022-09-05 11:20:18,786] {logging_mixin.py:115} INFO - Time to generate transactions: 1.9e+01s
[2022-09-05 11:20:18,871] {logging_mixin.py:115} INFO - Number of frauds from scenario 1: 93
[2022-09-05 11:20:28,322] {logging_mixin.py:115} INFO - Number of frauds from scenario 2: 89512
[2022-09-05 11:20:42,225] {logging_mixin.py:115} INFO - Number of frauds from scenario 3: 3204
[2022-09-05 11:20:42,226] {client.py:192} INFO - Instantiated <Client(url='http://rc1b-dataproc-m-xzxwmqcudfo0foh0.mdb.yandexcloud.net:9870')>.
[2022-09-05 11:20:42,226] {client.py:305} INFO - Fetching content summary for '/user/airflow/input_files'.
[2022-09-05 11:20:42,465] {client.py:558} INFO - Uploading '/home/ubuntu/fraud-detection-ml/airflow/output_simulation/partition_43.parquet' to '/user/airflow/input_files/partition_43.parquet'.
[2022-09-05 11:20:42,465] {client.py:1123} INFO - Listing '/user/airflow/input_files/partition_43.parquet'.
[2022-09-05 11:20:42,470] {client.py:503} INFO - Writing to '/user/airflow/input_files/partition_43.parquet'.
[2022-09-05 11:20:42,585] {python.py:173} INFO - Done. Returned value was: None
[2022-09-05 11:20:42,590] {taskinstance.py:1415} INFO - Marking task as SUCCESS. dag_id=preprocessing_data, task_id=generate_data, execution_date=20220905T110956, start_date=20220905T111959, end_date=20220905T112042
[2022-09-05 11:20:42,642] {local_task_job.py:156} INFO - Task exited with return code 0
[2022-09-05 11:20:42,664] {local_task_job.py:273} INFO - 1 downstream tasks scheduled from follow-on schedule check
