[2022-09-17 08:34:24,877] {taskinstance.py:1179} INFO - Dependencies all met for <TaskInstance: preprocessing_data.clean_data scheduled__2022-09-17T08:21:23.129180+00:00 [queued]>
[2022-09-17 08:34:24,884] {taskinstance.py:1179} INFO - Dependencies all met for <TaskInstance: preprocessing_data.clean_data scheduled__2022-09-17T08:21:23.129180+00:00 [queued]>
[2022-09-17 08:34:24,885] {taskinstance.py:1376} INFO - 
--------------------------------------------------------------------------------
[2022-09-17 08:34:24,885] {taskinstance.py:1377} INFO - Starting attempt 1 of 2
[2022-09-17 08:34:24,885] {taskinstance.py:1378} INFO - 
--------------------------------------------------------------------------------
[2022-09-17 08:34:24,906] {taskinstance.py:1397} INFO - Executing <Task(PythonOperator): clean_data> on 2022-09-17 08:21:23.129180+00:00
[2022-09-17 08:34:24,914] {standard_task_runner.py:52} INFO - Started process 8975 to run task
[2022-09-17 08:34:24,919] {standard_task_runner.py:79} INFO - Running: ['airflow', 'tasks', 'run', 'preprocessing_data', 'clean_data', 'scheduled__2022-09-17T08:21:23.129180+00:00', '--job-id', '399', '--raw', '--subdir', 'DAGS_FOLDER/model_dag.py', '--cfg-path', '/tmp/tmpj50n200f', '--error-file', '/tmp/tmp_b85ibvo']
[2022-09-17 08:34:24,919] {standard_task_runner.py:80} INFO - Job 399: Subtask clean_data
[2022-09-17 08:34:24,978] {task_command.py:371} INFO - Running <TaskInstance: preprocessing_data.clean_data scheduled__2022-09-17T08:21:23.129180+00:00 [running]> on host rc1b-dataproc-m-xzxwmqcudfo0foh0.mdb.yandexcloud.net
[2022-09-17 08:34:25,051] {taskinstance.py:1589} INFO - Exporting the following env vars:
AIRFLOW_CTX_DAG_EMAIL=airflow@example.com
AIRFLOW_CTX_DAG_OWNER=airflow
AIRFLOW_CTX_DAG_ID=preprocessing_data
AIRFLOW_CTX_TASK_ID=clean_data
AIRFLOW_CTX_EXECUTION_DATE=2022-09-17T08:21:23.129180+00:00
AIRFLOW_CTX_TRY_NUMBER=1
AIRFLOW_CTX_DAG_RUN_ID=scheduled__2022-09-17T08:21:23.129180+00:00
[2022-09-17 08:34:56,348] {taskinstance.py:1909} ERROR - Task failed with exception
Traceback (most recent call last):
  File "/home/ubuntu/.local/lib/python3.8/site-packages/airflow/operators/python.py", line 171, in execute
    return_value = self.execute_callable()
  File "/home/ubuntu/.local/lib/python3.8/site-packages/airflow/operators/python.py", line 189, in execute_callable
    return self.python_callable(*self.op_args, **self.op_kwargs)
  File "/home/ubuntu/fraud-detection-ml/utils/pyspark_cleaning.py", line 79, in clean_data
    result = labelIndexer.transform(result.select("TX_FRAUD_I", "featuresFinal"))
AttributeError: 'StringIndexer' object has no attribute 'transform'
[2022-09-17 08:34:56,354] {taskinstance.py:1415} INFO - Marking task as UP_FOR_RETRY. dag_id=preprocessing_data, task_id=clean_data, execution_date=20220917T082123, start_date=20220917T083424, end_date=20220917T083456
[2022-09-17 08:34:56,377] {standard_task_runner.py:92} ERROR - Failed to execute job 399 for task clean_data ('StringIndexer' object has no attribute 'transform'; 8975)
[2022-09-17 08:34:56,418] {local_task_job.py:156} INFO - Task exited with return code 1
[2022-09-17 08:34:56,439] {local_task_job.py:273} INFO - 0 downstream tasks scheduled from follow-on schedule check
