[2022-09-05 12:05:08,791] {taskinstance.py:1179} INFO - Dependencies all met for <TaskInstance: preprocessing_data.generate_data scheduled__2022-09-05T11:54:26.684434+00:00 [queued]>
[2022-09-05 12:05:08,796] {taskinstance.py:1179} INFO - Dependencies all met for <TaskInstance: preprocessing_data.generate_data scheduled__2022-09-05T11:54:26.684434+00:00 [queued]>
[2022-09-05 12:05:08,796] {taskinstance.py:1376} INFO - 
--------------------------------------------------------------------------------
[2022-09-05 12:05:08,796] {taskinstance.py:1377} INFO - Starting attempt 1 of 2
[2022-09-05 12:05:08,796] {taskinstance.py:1378} INFO - 
--------------------------------------------------------------------------------
[2022-09-05 12:05:08,810] {taskinstance.py:1397} INFO - Executing <Task(PythonOperator): generate_data> on 2022-09-05 11:54:26.684434+00:00
[2022-09-05 12:05:08,816] {standard_task_runner.py:52} INFO - Started process 33959 to run task
[2022-09-05 12:05:08,819] {standard_task_runner.py:79} INFO - Running: ['airflow', 'tasks', 'run', 'preprocessing_data', 'generate_data', 'scheduled__2022-09-05T11:54:26.684434+00:00', '--job-id', '134', '--raw', '--subdir', 'DAGS_FOLDER/model_dag.py', '--cfg-path', '/tmp/tmpjfsu8uqs', '--error-file', '/tmp/tmpketfyh4w']
[2022-09-05 12:05:08,820] {standard_task_runner.py:80} INFO - Job 134: Subtask generate_data
[2022-09-05 12:05:08,868] {task_command.py:371} INFO - Running <TaskInstance: preprocessing_data.generate_data scheduled__2022-09-05T11:54:26.684434+00:00 [running]> on host rc1b-dataproc-m-xzxwmqcudfo0foh0.mdb.yandexcloud.net
[2022-09-05 12:05:08,914] {taskinstance.py:1589} INFO - Exporting the following env vars:
AIRFLOW_CTX_DAG_EMAIL=airflow@example.com
AIRFLOW_CTX_DAG_OWNER=airflow
AIRFLOW_CTX_DAG_ID=preprocessing_data
AIRFLOW_CTX_TASK_ID=generate_data
AIRFLOW_CTX_EXECUTION_DATE=2022-09-05T11:54:26.684434+00:00
AIRFLOW_CTX_TRY_NUMBER=1
AIRFLOW_CTX_DAG_RUN_ID=scheduled__2022-09-05T11:54:26.684434+00:00
[2022-09-05 12:05:08,966] {logging_mixin.py:115} INFO - Time to generate customer profiles table: 0.05s
[2022-09-05 12:05:09,014] {logging_mixin.py:115} INFO - Time to generate terminal profiles table: 0.048s
[2022-09-05 12:05:11,570] {logging_mixin.py:115} INFO - Time to associate terminals to customers: 2.6s
[2022-09-05 12:08:28,423] {logging_mixin.py:115} INFO - Time to generate transactions: 2e+02s
[2022-09-05 12:08:31,221] {logging_mixin.py:115} INFO - Number of frauds from scenario 1: 2026
[2022-09-05 12:12:08,323] {logging_mixin.py:115} INFO - Number of frauds from scenario 2: 19326
[2022-09-05 12:16:08,628] {logging_mixin.py:115} INFO - Number of frauds from scenario 3: 9443
[2022-09-05 12:16:08,628] {client.py:192} INFO - Instantiated <Client(url='http://rc1b-dataproc-m-xzxwmqcudfo0foh0.mdb.yandexcloud.net:9870')>.
[2022-09-05 12:16:08,629] {client.py:305} INFO - Fetching content summary for '/user/airflow/input_files'.
[2022-09-05 12:16:11,371] {client.py:558} INFO - Uploading '/home/ubuntu/fraud-detection-ml/airflow/output_simulation/partition_47.parquet' to '/user/airflow/input_files/partition_47.parquet'.
[2022-09-05 12:16:11,371] {client.py:1123} INFO - Listing '/user/airflow/input_files/partition_47.parquet'.
[2022-09-05 12:16:11,376] {client.py:503} INFO - Writing to '/user/airflow/input_files/partition_47.parquet'.
[2022-09-05 12:16:12,120] {python.py:173} INFO - Done. Returned value was: None
[2022-09-05 12:16:12,127] {taskinstance.py:1415} INFO - Marking task as SUCCESS. dag_id=preprocessing_data, task_id=generate_data, execution_date=20220905T115426, start_date=20220905T120508, end_date=20220905T121612
[2022-09-05 12:16:12,189] {local_task_job.py:156} INFO - Task exited with return code 0
[2022-09-05 12:16:12,212] {local_task_job.py:273} INFO - 1 downstream tasks scheduled from follow-on schedule check
