[2022-06-26 12:45:32,615] {taskinstance.py:1159} INFO - Dependencies all met for <TaskInstance: example_bash_operator.run_after_loop manual__2022-06-26T12:45:20.739291+00:00 [queued]>
[2022-06-26 12:45:32,659] {taskinstance.py:1159} INFO - Dependencies all met for <TaskInstance: example_bash_operator.run_after_loop manual__2022-06-26T12:45:20.739291+00:00 [queued]>
[2022-06-26 12:45:32,661] {taskinstance.py:1356} INFO - 
--------------------------------------------------------------------------------
[2022-06-26 12:45:32,661] {taskinstance.py:1357} INFO - Starting attempt 1 of 1
[2022-06-26 12:45:32,661] {taskinstance.py:1358} INFO - 
--------------------------------------------------------------------------------
[2022-06-26 12:45:32,787] {taskinstance.py:1377} INFO - Executing <Task(BashOperator): run_after_loop> on 2022-06-26 12:45:20.739291+00:00
[2022-06-26 12:45:32,802] {standard_task_runner.py:52} INFO - Started process 563 to run task
[2022-06-26 12:45:32,834] {standard_task_runner.py:79} INFO - Running: ['***', 'tasks', 'run', 'example_bash_operator', 'run_after_loop', 'manual__2022-06-26T12:45:20.739291+00:00', '--job-id', '14', '--raw', '--subdir', '/home/***/.local/lib/python3.7/site-packages/***/example_dags/example_bash_operator.py', '--cfg-path', '/tmp/tmpi8vz8g47', '--error-file', '/tmp/tmpn_60eua3']
[2022-06-26 12:45:32,854] {standard_task_runner.py:80} INFO - Job 14: Subtask run_after_loop
[2022-06-26 12:45:33,209] {task_command.py:370} INFO - Running <TaskInstance: example_bash_operator.run_after_loop manual__2022-06-26T12:45:20.739291+00:00 [running]> on host a64e0d15b5db
[2022-06-26 12:45:33,651] {taskinstance.py:1571} INFO - Exporting the following env vars:
AIRFLOW_CTX_DAG_OWNER=***
AIRFLOW_CTX_DAG_ID=example_bash_operator
AIRFLOW_CTX_TASK_ID=run_after_loop
AIRFLOW_CTX_EXECUTION_DATE=2022-06-26T12:45:20.739291+00:00
AIRFLOW_CTX_TRY_NUMBER=1
AIRFLOW_CTX_DAG_RUN_ID=manual__2022-06-26T12:45:20.739291+00:00
[2022-06-26 12:45:33,653] {subprocess.py:62} INFO - Tmp dir root location: 
 /tmp
[2022-06-26 12:45:33,654] {subprocess.py:74} INFO - Running command: ['bash', '-c', 'echo 1']
[2022-06-26 12:45:33,699] {subprocess.py:85} INFO - Output:
[2022-06-26 12:45:33,706] {subprocess.py:92} INFO - 1
[2022-06-26 12:45:33,708] {subprocess.py:96} INFO - Command exited with return code 0
[2022-06-26 12:45:33,820] {taskinstance.py:1400} INFO - Marking task as SUCCESS. dag_id=example_bash_operator, task_id=run_after_loop, execution_date=20220626T124520, start_date=20220626T124532, end_date=20220626T124533
[2022-06-26 12:45:33,921] {local_task_job.py:156} INFO - Task exited with return code 0
[2022-06-26 12:45:34,051] {local_task_job.py:273} INFO - 0 downstream tasks scheduled from follow-on schedule check
