[2022-09-14 20:30:08,936] {taskinstance.py:1179} INFO - Dependencies all met for <TaskInstance: preprocessing_data.fit_model scheduled__2022-09-14T20:12:05.692527+00:00 [queued]>
[2022-09-14 20:30:08,942] {taskinstance.py:1179} INFO - Dependencies all met for <TaskInstance: preprocessing_data.fit_model scheduled__2022-09-14T20:12:05.692527+00:00 [queued]>
[2022-09-14 20:30:08,942] {taskinstance.py:1376} INFO - 
--------------------------------------------------------------------------------
[2022-09-14 20:30:08,942] {taskinstance.py:1377} INFO - Starting attempt 1 of 2
[2022-09-14 20:30:08,942] {taskinstance.py:1378} INFO - 
--------------------------------------------------------------------------------
[2022-09-14 20:30:08,964] {taskinstance.py:1397} INFO - Executing <Task(PythonOperator): fit_model> on 2022-09-14 20:12:05.692527+00:00
[2022-09-14 20:30:08,970] {standard_task_runner.py:52} INFO - Started process 32928 to run task
[2022-09-14 20:30:08,974] {standard_task_runner.py:79} INFO - Running: ['airflow', 'tasks', 'run', 'preprocessing_data', 'fit_model', 'scheduled__2022-09-14T20:12:05.692527+00:00', '--job-id', '226', '--raw', '--subdir', 'DAGS_FOLDER/model_dag.py', '--cfg-path', '/tmp/tmp3_oua4qj', '--error-file', '/tmp/tmpfv5qics0']
[2022-09-14 20:30:08,974] {standard_task_runner.py:80} INFO - Job 226: Subtask fit_model
[2022-09-14 20:30:09,024] {task_command.py:371} INFO - Running <TaskInstance: preprocessing_data.fit_model scheduled__2022-09-14T20:12:05.692527+00:00 [running]> on host rc1b-dataproc-m-xzxwmqcudfo0foh0.mdb.yandexcloud.net
[2022-09-14 20:30:09,085] {taskinstance.py:1589} INFO - Exporting the following env vars:
AIRFLOW_CTX_DAG_EMAIL=airflow@example.com
AIRFLOW_CTX_DAG_OWNER=airflow
AIRFLOW_CTX_DAG_ID=preprocessing_data
AIRFLOW_CTX_TASK_ID=fit_model
AIRFLOW_CTX_EXECUTION_DATE=2022-09-14T20:12:05.692527+00:00
AIRFLOW_CTX_TRY_NUMBER=1
AIRFLOW_CTX_DAG_RUN_ID=scheduled__2022-09-14T20:12:05.692527+00:00
[2022-09-14 20:30:09,086] {train_model.py:37} INFO - GOT INTO TRAIN FUNCTION
[2022-09-14 20:30:09,092] {train_model.py:41} INFO - Data path: /user/airflow/processed_files/partition_65.parquet
[2022-09-14 20:30:26,171] {taskinstance.py:1909} ERROR - Task failed with exception
Traceback (most recent call last):
  File "/home/ubuntu/.local/lib/python3.8/site-packages/airflow/operators/python.py", line 171, in execute
    return_value = self.execute_callable()
  File "/home/ubuntu/.local/lib/python3.8/site-packages/airflow/operators/python.py", line 189, in execute_callable
    return self.python_callable(*self.op_args, **self.op_kwargs)
  File "/home/ubuntu/fraud-detection-ml/utils/train_model.py", line 54, in train_model
    lr = RandomForestClassifier(
  File "/usr/lib/spark/python/pyspark/__init__.py", line 110, in wrapper
    return func(self, **kwargs)
TypeError: __init__() got an unexpected keyword argument 'maxIter'
[2022-09-14 20:30:26,177] {taskinstance.py:1415} INFO - Marking task as UP_FOR_RETRY. dag_id=preprocessing_data, task_id=fit_model, execution_date=20220914T201205, start_date=20220914T203008, end_date=20220914T203026
[2022-09-14 20:30:26,193] {standard_task_runner.py:92} ERROR - Failed to execute job 226 for task fit_model (__init__() got an unexpected keyword argument 'maxIter'; 32928)
[2022-09-14 20:30:26,204] {local_task_job.py:156} INFO - Task exited with return code 1
[2022-09-14 20:30:26,217] {local_task_job.py:273} INFO - 0 downstream tasks scheduled from follow-on schedule check
