[2022-09-17 09:46:18,199] {taskinstance.py:1179} INFO - Dependencies all met for <TaskInstance: preprocessing_data.clean_data scheduled__2022-09-17T09:34:46.718712+00:00 [queued]>
[2022-09-17 09:46:18,206] {taskinstance.py:1179} INFO - Dependencies all met for <TaskInstance: preprocessing_data.clean_data scheduled__2022-09-17T09:34:46.718712+00:00 [queued]>
[2022-09-17 09:46:18,207] {taskinstance.py:1376} INFO - 
--------------------------------------------------------------------------------
[2022-09-17 09:46:18,207] {taskinstance.py:1377} INFO - Starting attempt 1 of 2
[2022-09-17 09:46:18,207] {taskinstance.py:1378} INFO - 
--------------------------------------------------------------------------------
[2022-09-17 09:46:18,228] {taskinstance.py:1397} INFO - Executing <Task(PythonOperator): clean_data> on 2022-09-17 09:34:46.718712+00:00
[2022-09-17 09:46:18,236] {standard_task_runner.py:52} INFO - Started process 32333 to run task
[2022-09-17 09:46:18,241] {standard_task_runner.py:79} INFO - Running: ['airflow', 'tasks', 'run', 'preprocessing_data', 'clean_data', 'scheduled__2022-09-17T09:34:46.718712+00:00', '--job-id', '421', '--raw', '--subdir', 'DAGS_FOLDER/model_dag.py', '--cfg-path', '/tmp/tmpqoxisa04', '--error-file', '/tmp/tmp0fcewl6k']
[2022-09-17 09:46:18,242] {standard_task_runner.py:80} INFO - Job 421: Subtask clean_data
[2022-09-17 09:46:18,313] {task_command.py:371} INFO - Running <TaskInstance: preprocessing_data.clean_data scheduled__2022-09-17T09:34:46.718712+00:00 [running]> on host rc1b-dataproc-m-xzxwmqcudfo0foh0.mdb.yandexcloud.net
[2022-09-17 09:46:18,392] {taskinstance.py:1589} INFO - Exporting the following env vars:
AIRFLOW_CTX_DAG_EMAIL=airflow@example.com
AIRFLOW_CTX_DAG_OWNER=airflow
AIRFLOW_CTX_DAG_ID=preprocessing_data
AIRFLOW_CTX_TASK_ID=clean_data
AIRFLOW_CTX_EXECUTION_DATE=2022-09-17T09:34:46.718712+00:00
AIRFLOW_CTX_TRY_NUMBER=1
AIRFLOW_CTX_DAG_RUN_ID=scheduled__2022-09-17T09:34:46.718712+00:00
[2022-09-17 09:47:53,768] {credentials.py:1094} INFO - Found credentials in environment variables.
[2022-09-17 09:47:55,467] {python.py:173} INFO - Done. Returned value was: None
[2022-09-17 09:47:55,476] {taskinstance.py:1415} INFO - Marking task as SUCCESS. dag_id=preprocessing_data, task_id=clean_data, execution_date=20220917T093446, start_date=20220917T094618, end_date=20220917T094755
[2022-09-17 09:47:55,555] {local_task_job.py:156} INFO - Task exited with return code 0
[2022-09-17 09:47:55,629] {local_task_job.py:273} INFO - 1 downstream tasks scheduled from follow-on schedule check
