[2022-09-17 09:44:51,632] {taskinstance.py:1179} INFO - Dependencies all met for <TaskInstance: preprocessing_data.generate_data scheduled__2022-09-17T09:34:46.718712+00:00 [queued]>
[2022-09-17 09:44:51,640] {taskinstance.py:1179} INFO - Dependencies all met for <TaskInstance: preprocessing_data.generate_data scheduled__2022-09-17T09:34:46.718712+00:00 [queued]>
[2022-09-17 09:44:51,641] {taskinstance.py:1376} INFO - 
--------------------------------------------------------------------------------
[2022-09-17 09:44:51,641] {taskinstance.py:1377} INFO - Starting attempt 1 of 2
[2022-09-17 09:44:51,641] {taskinstance.py:1378} INFO - 
--------------------------------------------------------------------------------
[2022-09-17 09:44:51,661] {taskinstance.py:1397} INFO - Executing <Task(PythonOperator): generate_data> on 2022-09-17 09:34:46.718712+00:00
[2022-09-17 09:44:51,671] {standard_task_runner.py:52} INFO - Started process 31620 to run task
[2022-09-17 09:44:51,676] {standard_task_runner.py:79} INFO - Running: ['airflow', 'tasks', 'run', 'preprocessing_data', 'generate_data', 'scheduled__2022-09-17T09:34:46.718712+00:00', '--job-id', '419', '--raw', '--subdir', 'DAGS_FOLDER/model_dag.py', '--cfg-path', '/tmp/tmp9tyizqa3', '--error-file', '/tmp/tmpi1_ve_2e']
[2022-09-17 09:44:51,677] {standard_task_runner.py:80} INFO - Job 419: Subtask generate_data
[2022-09-17 09:44:51,745] {task_command.py:371} INFO - Running <TaskInstance: preprocessing_data.generate_data scheduled__2022-09-17T09:34:46.718712+00:00 [running]> on host rc1b-dataproc-m-xzxwmqcudfo0foh0.mdb.yandexcloud.net
[2022-09-17 09:44:51,847] {taskinstance.py:1589} INFO - Exporting the following env vars:
AIRFLOW_CTX_DAG_EMAIL=airflow@example.com
AIRFLOW_CTX_DAG_OWNER=airflow
AIRFLOW_CTX_DAG_ID=preprocessing_data
AIRFLOW_CTX_TASK_ID=generate_data
AIRFLOW_CTX_EXECUTION_DATE=2022-09-17T09:34:46.718712+00:00
AIRFLOW_CTX_TRY_NUMBER=1
AIRFLOW_CTX_DAG_RUN_ID=scheduled__2022-09-17T09:34:46.718712+00:00
[2022-09-17 09:44:51,859] {logging_mixin.py:115} INFO - Time to generate customer profiles table: 0.0097s
[2022-09-17 09:44:51,866] {logging_mixin.py:115} INFO - Time to generate terminal profiles table: 0.0066s
[2022-09-17 09:44:52,157] {logging_mixin.py:115} INFO - Time to associate terminals to customers: 0.29s
[2022-09-17 09:45:18,165] {logging_mixin.py:115} INFO - Time to generate transactions: 2.6e+01s
[2022-09-17 09:45:18,315] {logging_mixin.py:115} INFO - Number of frauds from scenario 1: 158
[2022-09-17 09:45:23,457] {logging_mixin.py:115} INFO - Number of frauds from scenario 2: 18399
[2022-09-17 09:45:29,958] {logging_mixin.py:115} INFO - Number of frauds from scenario 3: 8634
[2022-09-17 09:45:29,960] {client.py:192} INFO - Instantiated <Client(url='http://rc1b-dataproc-m-xzxwmqcudfo0foh0.mdb.yandexcloud.net:9870')>.
[2022-09-17 09:45:29,960] {client.py:305} INFO - Fetching content summary for '/user/airflow/input_files'.
[2022-09-17 09:45:30,234] {client.py:558} INFO - Uploading '/home/ubuntu/fraud-detection-ml/airflow/output_simulation/partition_97.parquet' to '/user/airflow/input_files/partition_97.parquet'.
[2022-09-17 09:45:30,234] {client.py:1123} INFO - Listing '/user/airflow/input_files/partition_97.parquet'.
[2022-09-17 09:45:30,241] {client.py:503} INFO - Writing to '/user/airflow/input_files/partition_97.parquet'.
[2022-09-17 09:45:31,076] {python.py:173} INFO - Done. Returned value was: None
[2022-09-17 09:45:31,085] {taskinstance.py:1415} INFO - Marking task as SUCCESS. dag_id=preprocessing_data, task_id=generate_data, execution_date=20220917T093446, start_date=20220917T094451, end_date=20220917T094531
[2022-09-17 09:45:31,149] {local_task_job.py:156} INFO - Task exited with return code 0
[2022-09-17 09:45:31,178] {local_task_job.py:273} INFO - 1 downstream tasks scheduled from follow-on schedule check
