[2022-06-26 12:35:22,864] {processor.py:153} INFO - Started process (PID=93) to work on /home/airflow/.local/lib/python3.7/site-packages/airflow/example_dags/example_branch_operator_decorator.py
[2022-06-26 12:35:22,865] {processor.py:641} INFO - Processing file /home/airflow/.local/lib/python3.7/site-packages/airflow/example_dags/example_branch_operator_decorator.py for tasks to queue
[2022-06-26 12:35:22,866] {logging_mixin.py:115} INFO - [2022-06-26 12:35:22,866] {dagbag.py:507} INFO - Filling up the DagBag from /home/airflow/.local/lib/python3.7/site-packages/airflow/example_dags/example_branch_operator_decorator.py
[2022-06-26 12:35:22,897] {processor.py:651} INFO - DAG(s) dict_keys(['example_branch_python_operator_decorator']) retrieved from /home/airflow/.local/lib/python3.7/site-packages/airflow/example_dags/example_branch_operator_decorator.py
[2022-06-26 12:35:23,746] {logging_mixin.py:115} INFO - [2022-06-26 12:35:23,746] {manager.py:508} INFO - Created Permission View: can delete on DAG:example_branch_python_operator_decorator
[2022-06-26 12:35:23,794] {logging_mixin.py:115} INFO - [2022-06-26 12:35:23,794] {manager.py:508} INFO - Created Permission View: can edit on DAG:example_branch_python_operator_decorator
[2022-06-26 12:35:23,829] {logging_mixin.py:115} INFO - [2022-06-26 12:35:23,828] {manager.py:508} INFO - Created Permission View: can read on DAG:example_branch_python_operator_decorator
[2022-06-26 12:35:23,829] {logging_mixin.py:115} INFO - [2022-06-26 12:35:23,829] {dag.py:2379} INFO - Sync 1 DAGs
[2022-06-26 12:35:23,853] {logging_mixin.py:115} INFO - [2022-06-26 12:35:23,853] {dag.py:2398} INFO - Creating ORM DAG for example_branch_python_operator_decorator
[2022-06-26 12:35:23,902] {logging_mixin.py:115} INFO - [2022-06-26 12:35:23,902] {dag.py:2931} INFO - Setting next_dagrun for example_branch_python_operator_decorator to 2022-06-25T00:00:00+00:00, run_after=2022-06-26T00:00:00+00:00
[2022-06-26 12:35:23,974] {processor.py:161} INFO - Processing /home/airflow/.local/lib/python3.7/site-packages/airflow/example_dags/example_branch_operator_decorator.py took 1.116 seconds
[2022-06-26 12:35:54,384] {processor.py:153} INFO - Started process (PID=147) to work on /home/airflow/.local/lib/python3.7/site-packages/airflow/example_dags/example_branch_operator_decorator.py
[2022-06-26 12:35:54,386] {processor.py:641} INFO - Processing file /home/airflow/.local/lib/python3.7/site-packages/airflow/example_dags/example_branch_operator_decorator.py for tasks to queue
[2022-06-26 12:35:54,387] {logging_mixin.py:115} INFO - [2022-06-26 12:35:54,387] {dagbag.py:507} INFO - Filling up the DagBag from /home/airflow/.local/lib/python3.7/site-packages/airflow/example_dags/example_branch_operator_decorator.py
[2022-06-26 12:35:54,417] {processor.py:651} INFO - DAG(s) dict_keys(['example_branch_python_operator_decorator']) retrieved from /home/airflow/.local/lib/python3.7/site-packages/airflow/example_dags/example_branch_operator_decorator.py
[2022-06-26 12:35:54,509] {logging_mixin.py:115} INFO - [2022-06-26 12:35:54,509] {dag.py:2379} INFO - Sync 1 DAGs
[2022-06-26 12:35:54,847] {logging_mixin.py:115} INFO - [2022-06-26 12:35:54,847] {dag.py:2931} INFO - Setting next_dagrun for example_branch_python_operator_decorator to 2022-06-25T00:00:00+00:00, run_after=2022-06-26T00:00:00+00:00
[2022-06-26 12:35:54,861] {processor.py:161} INFO - Processing /home/airflow/.local/lib/python3.7/site-packages/airflow/example_dags/example_branch_operator_decorator.py took 0.482 seconds
[2022-06-26 12:36:25,022] {processor.py:153} INFO - Started process (PID=208) to work on /home/airflow/.local/lib/python3.7/site-packages/airflow/example_dags/example_branch_operator_decorator.py
[2022-06-26 12:36:25,040] {processor.py:641} INFO - Processing file /home/airflow/.local/lib/python3.7/site-packages/airflow/example_dags/example_branch_operator_decorator.py for tasks to queue
[2022-06-26 12:36:25,045] {logging_mixin.py:115} INFO - [2022-06-26 12:36:25,045] {dagbag.py:507} INFO - Filling up the DagBag from /home/airflow/.local/lib/python3.7/site-packages/airflow/example_dags/example_branch_operator_decorator.py
[2022-06-26 12:36:25,109] {processor.py:651} INFO - DAG(s) dict_keys(['example_branch_python_operator_decorator']) retrieved from /home/airflow/.local/lib/python3.7/site-packages/airflow/example_dags/example_branch_operator_decorator.py
[2022-06-26 12:36:25,191] {logging_mixin.py:115} INFO - [2022-06-26 12:36:25,191] {dag.py:2379} INFO - Sync 1 DAGs
[2022-06-26 12:36:25,471] {logging_mixin.py:115} INFO - [2022-06-26 12:36:25,471] {dag.py:2931} INFO - Setting next_dagrun for example_branch_python_operator_decorator to 2022-06-25T00:00:00+00:00, run_after=2022-06-26T00:00:00+00:00
[2022-06-26 12:36:25,503] {processor.py:161} INFO - Processing /home/airflow/.local/lib/python3.7/site-packages/airflow/example_dags/example_branch_operator_decorator.py took 0.487 seconds
[2022-06-26 12:36:56,319] {processor.py:153} INFO - Started process (PID=261) to work on /home/airflow/.local/lib/python3.7/site-packages/airflow/example_dags/example_branch_operator_decorator.py
[2022-06-26 12:36:56,320] {processor.py:641} INFO - Processing file /home/airflow/.local/lib/python3.7/site-packages/airflow/example_dags/example_branch_operator_decorator.py for tasks to queue
[2022-06-26 12:36:56,321] {logging_mixin.py:115} INFO - [2022-06-26 12:36:56,320] {dagbag.py:507} INFO - Filling up the DagBag from /home/airflow/.local/lib/python3.7/site-packages/airflow/example_dags/example_branch_operator_decorator.py
[2022-06-26 12:36:56,352] {processor.py:651} INFO - DAG(s) dict_keys(['example_branch_python_operator_decorator']) retrieved from /home/airflow/.local/lib/python3.7/site-packages/airflow/example_dags/example_branch_operator_decorator.py
[2022-06-26 12:36:56,407] {logging_mixin.py:115} INFO - [2022-06-26 12:36:56,407] {dag.py:2379} INFO - Sync 1 DAGs
[2022-06-26 12:36:56,707] {logging_mixin.py:115} INFO - [2022-06-26 12:36:56,707] {dag.py:2931} INFO - Setting next_dagrun for example_branch_python_operator_decorator to 2022-06-25T00:00:00+00:00, run_after=2022-06-26T00:00:00+00:00
[2022-06-26 12:36:56,727] {processor.py:161} INFO - Processing /home/airflow/.local/lib/python3.7/site-packages/airflow/example_dags/example_branch_operator_decorator.py took 0.415 seconds
[2022-06-26 12:37:29,049] {processor.py:153} INFO - Started process (PID=328) to work on /home/airflow/.local/lib/python3.7/site-packages/airflow/example_dags/example_branch_operator_decorator.py
[2022-06-26 12:37:29,071] {processor.py:641} INFO - Processing file /home/airflow/.local/lib/python3.7/site-packages/airflow/example_dags/example_branch_operator_decorator.py for tasks to queue
[2022-06-26 12:37:29,071] {logging_mixin.py:115} INFO - [2022-06-26 12:37:29,071] {dagbag.py:507} INFO - Filling up the DagBag from /home/airflow/.local/lib/python3.7/site-packages/airflow/example_dags/example_branch_operator_decorator.py
[2022-06-26 12:37:29,134] {processor.py:651} INFO - DAG(s) dict_keys(['example_branch_python_operator_decorator']) retrieved from /home/airflow/.local/lib/python3.7/site-packages/airflow/example_dags/example_branch_operator_decorator.py
[2022-06-26 12:37:29,258] {logging_mixin.py:115} INFO - [2022-06-26 12:37:29,258] {dag.py:2379} INFO - Sync 1 DAGs
[2022-06-26 12:37:29,759] {logging_mixin.py:115} INFO - [2022-06-26 12:37:29,759] {dag.py:2931} INFO - Setting next_dagrun for example_branch_python_operator_decorator to 2022-06-25T00:00:00+00:00, run_after=2022-06-26T00:00:00+00:00
[2022-06-26 12:37:29,804] {processor.py:161} INFO - Processing /home/airflow/.local/lib/python3.7/site-packages/airflow/example_dags/example_branch_operator_decorator.py took 0.762 seconds
[2022-06-26 12:38:00,460] {processor.py:153} INFO - Started process (PID=380) to work on /home/airflow/.local/lib/python3.7/site-packages/airflow/example_dags/example_branch_operator_decorator.py
[2022-06-26 12:38:00,461] {processor.py:641} INFO - Processing file /home/airflow/.local/lib/python3.7/site-packages/airflow/example_dags/example_branch_operator_decorator.py for tasks to queue
[2022-06-26 12:38:00,462] {logging_mixin.py:115} INFO - [2022-06-26 12:38:00,462] {dagbag.py:507} INFO - Filling up the DagBag from /home/airflow/.local/lib/python3.7/site-packages/airflow/example_dags/example_branch_operator_decorator.py
[2022-06-26 12:38:00,499] {processor.py:651} INFO - DAG(s) dict_keys(['example_branch_python_operator_decorator']) retrieved from /home/airflow/.local/lib/python3.7/site-packages/airflow/example_dags/example_branch_operator_decorator.py
[2022-06-26 12:38:00,635] {logging_mixin.py:115} INFO - [2022-06-26 12:38:00,635] {dag.py:2379} INFO - Sync 1 DAGs
[2022-06-26 12:38:00,935] {logging_mixin.py:115} INFO - [2022-06-26 12:38:00,935] {dag.py:2931} INFO - Setting next_dagrun for example_branch_python_operator_decorator to 2022-06-25T00:00:00+00:00, run_after=2022-06-26T00:00:00+00:00
[2022-06-26 12:38:00,955] {processor.py:161} INFO - Processing /home/airflow/.local/lib/python3.7/site-packages/airflow/example_dags/example_branch_operator_decorator.py took 0.500 seconds
[2022-06-26 12:38:31,937] {processor.py:153} INFO - Started process (PID=444) to work on /home/airflow/.local/lib/python3.7/site-packages/airflow/example_dags/example_branch_operator_decorator.py
[2022-06-26 12:38:31,971] {processor.py:641} INFO - Processing file /home/airflow/.local/lib/python3.7/site-packages/airflow/example_dags/example_branch_operator_decorator.py for tasks to queue
[2022-06-26 12:38:31,972] {logging_mixin.py:115} INFO - [2022-06-26 12:38:31,971] {dagbag.py:507} INFO - Filling up the DagBag from /home/airflow/.local/lib/python3.7/site-packages/airflow/example_dags/example_branch_operator_decorator.py
[2022-06-26 12:38:32,060] {processor.py:651} INFO - DAG(s) dict_keys(['example_branch_python_operator_decorator']) retrieved from /home/airflow/.local/lib/python3.7/site-packages/airflow/example_dags/example_branch_operator_decorator.py
[2022-06-26 12:38:32,205] {logging_mixin.py:115} INFO - [2022-06-26 12:38:32,205] {dag.py:2379} INFO - Sync 1 DAGs
[2022-06-26 12:38:32,722] {logging_mixin.py:115} INFO - [2022-06-26 12:38:32,722] {dag.py:2931} INFO - Setting next_dagrun for example_branch_python_operator_decorator to 2022-06-25T00:00:00+00:00, run_after=2022-06-26T00:00:00+00:00
[2022-06-26 12:38:32,785] {processor.py:161} INFO - Processing /home/airflow/.local/lib/python3.7/site-packages/airflow/example_dags/example_branch_operator_decorator.py took 0.859 seconds
[2022-06-26 12:39:03,183] {processor.py:153} INFO - Started process (PID=496) to work on /home/airflow/.local/lib/python3.7/site-packages/airflow/example_dags/example_branch_operator_decorator.py
[2022-06-26 12:39:03,187] {processor.py:641} INFO - Processing file /home/airflow/.local/lib/python3.7/site-packages/airflow/example_dags/example_branch_operator_decorator.py for tasks to queue
[2022-06-26 12:39:03,188] {logging_mixin.py:115} INFO - [2022-06-26 12:39:03,188] {dagbag.py:507} INFO - Filling up the DagBag from /home/airflow/.local/lib/python3.7/site-packages/airflow/example_dags/example_branch_operator_decorator.py
[2022-06-26 12:39:03,218] {processor.py:651} INFO - DAG(s) dict_keys(['example_branch_python_operator_decorator']) retrieved from /home/airflow/.local/lib/python3.7/site-packages/airflow/example_dags/example_branch_operator_decorator.py
[2022-06-26 12:39:03,266] {logging_mixin.py:115} INFO - [2022-06-26 12:39:03,266] {dag.py:2379} INFO - Sync 1 DAGs
[2022-06-26 12:39:03,524] {logging_mixin.py:115} INFO - [2022-06-26 12:39:03,524] {dag.py:2931} INFO - Setting next_dagrun for example_branch_python_operator_decorator to 2022-06-25T00:00:00+00:00, run_after=2022-06-26T00:00:00+00:00
[2022-06-26 12:39:03,546] {processor.py:161} INFO - Processing /home/airflow/.local/lib/python3.7/site-packages/airflow/example_dags/example_branch_operator_decorator.py took 0.368 seconds
[2022-06-26 12:39:34,861] {processor.py:153} INFO - Started process (PID=560) to work on /home/airflow/.local/lib/python3.7/site-packages/airflow/example_dags/example_branch_operator_decorator.py
[2022-06-26 12:39:34,863] {processor.py:641} INFO - Processing file /home/airflow/.local/lib/python3.7/site-packages/airflow/example_dags/example_branch_operator_decorator.py for tasks to queue
[2022-06-26 12:39:34,863] {logging_mixin.py:115} INFO - [2022-06-26 12:39:34,863] {dagbag.py:507} INFO - Filling up the DagBag from /home/airflow/.local/lib/python3.7/site-packages/airflow/example_dags/example_branch_operator_decorator.py
[2022-06-26 12:39:34,883] {processor.py:651} INFO - DAG(s) dict_keys(['example_branch_python_operator_decorator']) retrieved from /home/airflow/.local/lib/python3.7/site-packages/airflow/example_dags/example_branch_operator_decorator.py
[2022-06-26 12:39:34,916] {logging_mixin.py:115} INFO - [2022-06-26 12:39:34,916] {dag.py:2379} INFO - Sync 1 DAGs
[2022-06-26 12:39:35,097] {logging_mixin.py:115} INFO - [2022-06-26 12:39:35,097] {dag.py:2931} INFO - Setting next_dagrun for example_branch_python_operator_decorator to 2022-06-25T00:00:00+00:00, run_after=2022-06-26T00:00:00+00:00
[2022-06-26 12:39:35,109] {processor.py:161} INFO - Processing /home/airflow/.local/lib/python3.7/site-packages/airflow/example_dags/example_branch_operator_decorator.py took 0.251 seconds
[2022-06-26 12:40:06,033] {processor.py:153} INFO - Started process (PID=613) to work on /home/airflow/.local/lib/python3.7/site-packages/airflow/example_dags/example_branch_operator_decorator.py
[2022-06-26 12:40:06,033] {processor.py:641} INFO - Processing file /home/airflow/.local/lib/python3.7/site-packages/airflow/example_dags/example_branch_operator_decorator.py for tasks to queue
[2022-06-26 12:40:06,034] {logging_mixin.py:115} INFO - [2022-06-26 12:40:06,034] {dagbag.py:507} INFO - Filling up the DagBag from /home/airflow/.local/lib/python3.7/site-packages/airflow/example_dags/example_branch_operator_decorator.py
[2022-06-26 12:40:06,066] {processor.py:651} INFO - DAG(s) dict_keys(['example_branch_python_operator_decorator']) retrieved from /home/airflow/.local/lib/python3.7/site-packages/airflow/example_dags/example_branch_operator_decorator.py
[2022-06-26 12:40:06,537] {logging_mixin.py:115} INFO - [2022-06-26 12:40:06,536] {dag.py:2379} INFO - Sync 1 DAGs
[2022-06-26 12:40:06,573] {logging_mixin.py:115} INFO - [2022-06-26 12:40:06,573] {dag.py:2931} INFO - Setting next_dagrun for example_branch_python_operator_decorator to 2022-06-25T00:00:00+00:00, run_after=2022-06-26T00:00:00+00:00
[2022-06-26 12:40:06,616] {processor.py:161} INFO - Processing /home/airflow/.local/lib/python3.7/site-packages/airflow/example_dags/example_branch_operator_decorator.py took 0.591 seconds
[2022-06-26 12:40:37,376] {processor.py:153} INFO - Started process (PID=676) to work on /home/airflow/.local/lib/python3.7/site-packages/airflow/example_dags/example_branch_operator_decorator.py
[2022-06-26 12:40:37,380] {processor.py:641} INFO - Processing file /home/airflow/.local/lib/python3.7/site-packages/airflow/example_dags/example_branch_operator_decorator.py for tasks to queue
[2022-06-26 12:40:37,381] {logging_mixin.py:115} INFO - [2022-06-26 12:40:37,381] {dagbag.py:507} INFO - Filling up the DagBag from /home/airflow/.local/lib/python3.7/site-packages/airflow/example_dags/example_branch_operator_decorator.py
[2022-06-26 12:40:37,445] {processor.py:651} INFO - DAG(s) dict_keys(['example_branch_python_operator_decorator']) retrieved from /home/airflow/.local/lib/python3.7/site-packages/airflow/example_dags/example_branch_operator_decorator.py
[2022-06-26 12:40:37,980] {logging_mixin.py:115} INFO - [2022-06-26 12:40:37,980] {dag.py:2379} INFO - Sync 1 DAGs
[2022-06-26 12:40:38,065] {logging_mixin.py:115} INFO - [2022-06-26 12:40:38,065] {dag.py:2931} INFO - Setting next_dagrun for example_branch_python_operator_decorator to 2022-06-25T00:00:00+00:00, run_after=2022-06-26T00:00:00+00:00
[2022-06-26 12:40:38,130] {processor.py:161} INFO - Processing /home/airflow/.local/lib/python3.7/site-packages/airflow/example_dags/example_branch_operator_decorator.py took 0.764 seconds
[2022-06-26 12:41:08,645] {processor.py:153} INFO - Started process (PID=737) to work on /home/airflow/.local/lib/python3.7/site-packages/airflow/example_dags/example_branch_operator_decorator.py
[2022-06-26 12:41:08,645] {processor.py:641} INFO - Processing file /home/airflow/.local/lib/python3.7/site-packages/airflow/example_dags/example_branch_operator_decorator.py for tasks to queue
[2022-06-26 12:41:08,653] {logging_mixin.py:115} INFO - [2022-06-26 12:41:08,653] {dagbag.py:507} INFO - Filling up the DagBag from /home/airflow/.local/lib/python3.7/site-packages/airflow/example_dags/example_branch_operator_decorator.py
[2022-06-26 12:41:08,693] {processor.py:651} INFO - DAG(s) dict_keys(['example_branch_python_operator_decorator']) retrieved from /home/airflow/.local/lib/python3.7/site-packages/airflow/example_dags/example_branch_operator_decorator.py
[2022-06-26 12:41:09,029] {logging_mixin.py:115} INFO - [2022-06-26 12:41:09,029] {dag.py:2379} INFO - Sync 1 DAGs
[2022-06-26 12:41:09,075] {logging_mixin.py:115} INFO - [2022-06-26 12:41:09,074] {dag.py:2931} INFO - Setting next_dagrun for example_branch_python_operator_decorator to 2022-06-25T00:00:00+00:00, run_after=2022-06-26T00:00:00+00:00
[2022-06-26 12:41:09,104] {processor.py:161} INFO - Processing /home/airflow/.local/lib/python3.7/site-packages/airflow/example_dags/example_branch_operator_decorator.py took 0.474 seconds
[2022-06-26 12:41:39,942] {processor.py:153} INFO - Started process (PID=789) to work on /home/airflow/.local/lib/python3.7/site-packages/airflow/example_dags/example_branch_operator_decorator.py
[2022-06-26 12:41:39,946] {processor.py:641} INFO - Processing file /home/airflow/.local/lib/python3.7/site-packages/airflow/example_dags/example_branch_operator_decorator.py for tasks to queue
[2022-06-26 12:41:39,947] {logging_mixin.py:115} INFO - [2022-06-26 12:41:39,947] {dagbag.py:507} INFO - Filling up the DagBag from /home/airflow/.local/lib/python3.7/site-packages/airflow/example_dags/example_branch_operator_decorator.py
[2022-06-26 12:41:39,979] {processor.py:651} INFO - DAG(s) dict_keys(['example_branch_python_operator_decorator']) retrieved from /home/airflow/.local/lib/python3.7/site-packages/airflow/example_dags/example_branch_operator_decorator.py
[2022-06-26 12:41:40,255] {logging_mixin.py:115} INFO - [2022-06-26 12:41:40,255] {dag.py:2379} INFO - Sync 1 DAGs
[2022-06-26 12:41:40,291] {logging_mixin.py:115} INFO - [2022-06-26 12:41:40,291] {dag.py:2931} INFO - Setting next_dagrun for example_branch_python_operator_decorator to 2022-06-25T00:00:00+00:00, run_after=2022-06-26T00:00:00+00:00
[2022-06-26 12:41:40,309] {processor.py:161} INFO - Processing /home/airflow/.local/lib/python3.7/site-packages/airflow/example_dags/example_branch_operator_decorator.py took 0.372 seconds
[2022-06-26 12:42:11,099] {processor.py:153} INFO - Started process (PID=849) to work on /home/airflow/.local/lib/python3.7/site-packages/airflow/example_dags/example_branch_operator_decorator.py
[2022-06-26 12:42:11,101] {processor.py:641} INFO - Processing file /home/airflow/.local/lib/python3.7/site-packages/airflow/example_dags/example_branch_operator_decorator.py for tasks to queue
[2022-06-26 12:42:11,101] {logging_mixin.py:115} INFO - [2022-06-26 12:42:11,101] {dagbag.py:507} INFO - Filling up the DagBag from /home/airflow/.local/lib/python3.7/site-packages/airflow/example_dags/example_branch_operator_decorator.py
[2022-06-26 12:42:11,138] {processor.py:651} INFO - DAG(s) dict_keys(['example_branch_python_operator_decorator']) retrieved from /home/airflow/.local/lib/python3.7/site-packages/airflow/example_dags/example_branch_operator_decorator.py
[2022-06-26 12:42:11,422] {logging_mixin.py:115} INFO - [2022-06-26 12:42:11,422] {dag.py:2379} INFO - Sync 1 DAGs
[2022-06-26 12:42:11,456] {logging_mixin.py:115} INFO - [2022-06-26 12:42:11,456] {dag.py:2931} INFO - Setting next_dagrun for example_branch_python_operator_decorator to 2022-06-25T00:00:00+00:00, run_after=2022-06-26T00:00:00+00:00
[2022-06-26 12:42:11,472] {processor.py:161} INFO - Processing /home/airflow/.local/lib/python3.7/site-packages/airflow/example_dags/example_branch_operator_decorator.py took 0.378 seconds
[2022-06-26 12:42:41,857] {processor.py:153} INFO - Started process (PID=900) to work on /home/airflow/.local/lib/python3.7/site-packages/airflow/example_dags/example_branch_operator_decorator.py
[2022-06-26 12:42:41,858] {processor.py:641} INFO - Processing file /home/airflow/.local/lib/python3.7/site-packages/airflow/example_dags/example_branch_operator_decorator.py for tasks to queue
[2022-06-26 12:42:41,859] {logging_mixin.py:115} INFO - [2022-06-26 12:42:41,859] {dagbag.py:507} INFO - Filling up the DagBag from /home/airflow/.local/lib/python3.7/site-packages/airflow/example_dags/example_branch_operator_decorator.py
[2022-06-26 12:42:41,889] {processor.py:651} INFO - DAG(s) dict_keys(['example_branch_python_operator_decorator']) retrieved from /home/airflow/.local/lib/python3.7/site-packages/airflow/example_dags/example_branch_operator_decorator.py
[2022-06-26 12:42:42,346] {logging_mixin.py:115} INFO - [2022-06-26 12:42:42,346] {dag.py:2379} INFO - Sync 1 DAGs
[2022-06-26 12:42:42,416] {logging_mixin.py:115} INFO - [2022-06-26 12:42:42,416] {dag.py:2931} INFO - Setting next_dagrun for example_branch_python_operator_decorator to 2022-06-25T00:00:00+00:00, run_after=2022-06-26T00:00:00+00:00
[2022-06-26 12:42:42,499] {processor.py:161} INFO - Processing /home/airflow/.local/lib/python3.7/site-packages/airflow/example_dags/example_branch_operator_decorator.py took 0.647 seconds
[2022-06-26 12:43:12,935] {processor.py:153} INFO - Started process (PID=961) to work on /home/airflow/.local/lib/python3.7/site-packages/airflow/example_dags/example_branch_operator_decorator.py
[2022-06-26 12:43:12,959] {processor.py:641} INFO - Processing file /home/airflow/.local/lib/python3.7/site-packages/airflow/example_dags/example_branch_operator_decorator.py for tasks to queue
[2022-06-26 12:43:12,961] {logging_mixin.py:115} INFO - [2022-06-26 12:43:12,961] {dagbag.py:507} INFO - Filling up the DagBag from /home/airflow/.local/lib/python3.7/site-packages/airflow/example_dags/example_branch_operator_decorator.py
[2022-06-26 12:43:13,022] {processor.py:651} INFO - DAG(s) dict_keys(['example_branch_python_operator_decorator']) retrieved from /home/airflow/.local/lib/python3.7/site-packages/airflow/example_dags/example_branch_operator_decorator.py
[2022-06-26 12:43:13,449] {logging_mixin.py:115} INFO - [2022-06-26 12:43:13,448] {dag.py:2379} INFO - Sync 1 DAGs
[2022-06-26 12:43:13,483] {logging_mixin.py:115} INFO - [2022-06-26 12:43:13,483] {dag.py:2931} INFO - Setting next_dagrun for example_branch_python_operator_decorator to 2022-06-25T00:00:00+00:00, run_after=2022-06-26T00:00:00+00:00
[2022-06-26 12:43:13,501] {processor.py:161} INFO - Processing /home/airflow/.local/lib/python3.7/site-packages/airflow/example_dags/example_branch_operator_decorator.py took 0.587 seconds
[2022-06-26 12:43:44,432] {processor.py:153} INFO - Started process (PID=1013) to work on /home/airflow/.local/lib/python3.7/site-packages/airflow/example_dags/example_branch_operator_decorator.py
[2022-06-26 12:43:44,433] {processor.py:641} INFO - Processing file /home/airflow/.local/lib/python3.7/site-packages/airflow/example_dags/example_branch_operator_decorator.py for tasks to queue
[2022-06-26 12:43:44,433] {logging_mixin.py:115} INFO - [2022-06-26 12:43:44,433] {dagbag.py:507} INFO - Filling up the DagBag from /home/airflow/.local/lib/python3.7/site-packages/airflow/example_dags/example_branch_operator_decorator.py
[2022-06-26 12:43:44,462] {processor.py:651} INFO - DAG(s) dict_keys(['example_branch_python_operator_decorator']) retrieved from /home/airflow/.local/lib/python3.7/site-packages/airflow/example_dags/example_branch_operator_decorator.py
[2022-06-26 12:43:44,757] {logging_mixin.py:115} INFO - [2022-06-26 12:43:44,757] {dag.py:2379} INFO - Sync 1 DAGs
[2022-06-26 12:43:44,791] {logging_mixin.py:115} INFO - [2022-06-26 12:43:44,791] {dag.py:2931} INFO - Setting next_dagrun for example_branch_python_operator_decorator to 2022-06-25T00:00:00+00:00, run_after=2022-06-26T00:00:00+00:00
[2022-06-26 12:43:44,808] {processor.py:161} INFO - Processing /home/airflow/.local/lib/python3.7/site-packages/airflow/example_dags/example_branch_operator_decorator.py took 0.382 seconds
[2022-06-26 12:44:15,169] {processor.py:153} INFO - Started process (PID=1073) to work on /home/airflow/.local/lib/python3.7/site-packages/airflow/example_dags/example_branch_operator_decorator.py
[2022-06-26 12:44:15,183] {processor.py:641} INFO - Processing file /home/airflow/.local/lib/python3.7/site-packages/airflow/example_dags/example_branch_operator_decorator.py for tasks to queue
[2022-06-26 12:44:15,184] {logging_mixin.py:115} INFO - [2022-06-26 12:44:15,183] {dagbag.py:507} INFO - Filling up the DagBag from /home/airflow/.local/lib/python3.7/site-packages/airflow/example_dags/example_branch_operator_decorator.py
[2022-06-26 12:44:15,239] {processor.py:651} INFO - DAG(s) dict_keys(['example_branch_python_operator_decorator']) retrieved from /home/airflow/.local/lib/python3.7/site-packages/airflow/example_dags/example_branch_operator_decorator.py
[2022-06-26 12:44:15,570] {logging_mixin.py:115} INFO - [2022-06-26 12:44:15,570] {dag.py:2379} INFO - Sync 1 DAGs
[2022-06-26 12:44:15,636] {logging_mixin.py:115} INFO - [2022-06-26 12:44:15,635] {dag.py:2931} INFO - Setting next_dagrun for example_branch_python_operator_decorator to 2022-06-25T00:00:00+00:00, run_after=2022-06-26T00:00:00+00:00
[2022-06-26 12:44:15,685] {processor.py:161} INFO - Processing /home/airflow/.local/lib/python3.7/site-packages/airflow/example_dags/example_branch_operator_decorator.py took 0.527 seconds
[2022-06-26 12:44:46,088] {processor.py:153} INFO - Started process (PID=1125) to work on /home/airflow/.local/lib/python3.7/site-packages/airflow/example_dags/example_branch_operator_decorator.py
[2022-06-26 12:44:46,089] {processor.py:641} INFO - Processing file /home/airflow/.local/lib/python3.7/site-packages/airflow/example_dags/example_branch_operator_decorator.py for tasks to queue
[2022-06-26 12:44:46,090] {logging_mixin.py:115} INFO - [2022-06-26 12:44:46,090] {dagbag.py:507} INFO - Filling up the DagBag from /home/airflow/.local/lib/python3.7/site-packages/airflow/example_dags/example_branch_operator_decorator.py
[2022-06-26 12:44:46,147] {processor.py:651} INFO - DAG(s) dict_keys(['example_branch_python_operator_decorator']) retrieved from /home/airflow/.local/lib/python3.7/site-packages/airflow/example_dags/example_branch_operator_decorator.py
[2022-06-26 12:44:46,675] {logging_mixin.py:115} INFO - [2022-06-26 12:44:46,675] {dag.py:2379} INFO - Sync 1 DAGs
[2022-06-26 12:44:46,748] {logging_mixin.py:115} INFO - [2022-06-26 12:44:46,747] {dag.py:2931} INFO - Setting next_dagrun for example_branch_python_operator_decorator to 2022-06-25T00:00:00+00:00, run_after=2022-06-26T00:00:00+00:00
[2022-06-26 12:44:46,780] {processor.py:161} INFO - Processing /home/airflow/.local/lib/python3.7/site-packages/airflow/example_dags/example_branch_operator_decorator.py took 0.706 seconds
[2022-06-26 12:45:17,088] {processor.py:153} INFO - Started process (PID=1187) to work on /home/airflow/.local/lib/python3.7/site-packages/airflow/example_dags/example_branch_operator_decorator.py
[2022-06-26 12:45:17,103] {processor.py:641} INFO - Processing file /home/airflow/.local/lib/python3.7/site-packages/airflow/example_dags/example_branch_operator_decorator.py for tasks to queue
[2022-06-26 12:45:17,105] {logging_mixin.py:115} INFO - [2022-06-26 12:45:17,105] {dagbag.py:507} INFO - Filling up the DagBag from /home/airflow/.local/lib/python3.7/site-packages/airflow/example_dags/example_branch_operator_decorator.py
[2022-06-26 12:45:17,172] {processor.py:651} INFO - DAG(s) dict_keys(['example_branch_python_operator_decorator']) retrieved from /home/airflow/.local/lib/python3.7/site-packages/airflow/example_dags/example_branch_operator_decorator.py
[2022-06-26 12:45:17,539] {logging_mixin.py:115} INFO - [2022-06-26 12:45:17,538] {dag.py:2379} INFO - Sync 1 DAGs
[2022-06-26 12:45:17,608] {logging_mixin.py:115} INFO - [2022-06-26 12:45:17,608] {dag.py:2931} INFO - Setting next_dagrun for example_branch_python_operator_decorator to 2022-06-25T00:00:00+00:00, run_after=2022-06-26T00:00:00+00:00
[2022-06-26 12:45:17,647] {processor.py:161} INFO - Processing /home/airflow/.local/lib/python3.7/site-packages/airflow/example_dags/example_branch_operator_decorator.py took 0.565 seconds
[2022-06-26 12:45:48,343] {processor.py:153} INFO - Started process (PID=1238) to work on /home/airflow/.local/lib/python3.7/site-packages/airflow/example_dags/example_branch_operator_decorator.py
[2022-06-26 12:45:48,365] {processor.py:641} INFO - Processing file /home/airflow/.local/lib/python3.7/site-packages/airflow/example_dags/example_branch_operator_decorator.py for tasks to queue
[2022-06-26 12:45:48,366] {logging_mixin.py:115} INFO - [2022-06-26 12:45:48,366] {dagbag.py:507} INFO - Filling up the DagBag from /home/airflow/.local/lib/python3.7/site-packages/airflow/example_dags/example_branch_operator_decorator.py
[2022-06-26 12:45:48,461] {processor.py:651} INFO - DAG(s) dict_keys(['example_branch_python_operator_decorator']) retrieved from /home/airflow/.local/lib/python3.7/site-packages/airflow/example_dags/example_branch_operator_decorator.py
[2022-06-26 12:45:49,094] {logging_mixin.py:115} INFO - [2022-06-26 12:45:49,094] {dag.py:2379} INFO - Sync 1 DAGs
[2022-06-26 12:45:49,197] {logging_mixin.py:115} INFO - [2022-06-26 12:45:49,197] {dag.py:2931} INFO - Setting next_dagrun for example_branch_python_operator_decorator to 2022-06-25T00:00:00+00:00, run_after=2022-06-26T00:00:00+00:00
[2022-06-26 12:45:49,254] {processor.py:161} INFO - Processing /home/airflow/.local/lib/python3.7/site-packages/airflow/example_dags/example_branch_operator_decorator.py took 0.928 seconds
[2022-06-26 12:46:19,814] {processor.py:153} INFO - Started process (PID=1292) to work on /home/airflow/.local/lib/python3.7/site-packages/airflow/example_dags/example_branch_operator_decorator.py
[2022-06-26 12:46:19,816] {processor.py:641} INFO - Processing file /home/airflow/.local/lib/python3.7/site-packages/airflow/example_dags/example_branch_operator_decorator.py for tasks to queue
[2022-06-26 12:46:19,816] {logging_mixin.py:115} INFO - [2022-06-26 12:46:19,816] {dagbag.py:507} INFO - Filling up the DagBag from /home/airflow/.local/lib/python3.7/site-packages/airflow/example_dags/example_branch_operator_decorator.py
[2022-06-26 12:46:19,846] {processor.py:651} INFO - DAG(s) dict_keys(['example_branch_python_operator_decorator']) retrieved from /home/airflow/.local/lib/python3.7/site-packages/airflow/example_dags/example_branch_operator_decorator.py
[2022-06-26 12:46:20,143] {logging_mixin.py:115} INFO - [2022-06-26 12:46:20,143] {dag.py:2379} INFO - Sync 1 DAGs
[2022-06-26 12:46:20,211] {logging_mixin.py:115} INFO - [2022-06-26 12:46:20,211] {dag.py:2931} INFO - Setting next_dagrun for example_branch_python_operator_decorator to 2022-06-25T00:00:00+00:00, run_after=2022-06-26T00:00:00+00:00
[2022-06-26 12:46:20,255] {processor.py:161} INFO - Processing /home/airflow/.local/lib/python3.7/site-packages/airflow/example_dags/example_branch_operator_decorator.py took 0.447 seconds
[2022-06-26 12:46:51,795] {processor.py:153} INFO - Started process (PID=1346) to work on /home/airflow/.local/lib/python3.7/site-packages/airflow/example_dags/example_branch_operator_decorator.py
[2022-06-26 12:46:51,831] {processor.py:641} INFO - Processing file /home/airflow/.local/lib/python3.7/site-packages/airflow/example_dags/example_branch_operator_decorator.py for tasks to queue
[2022-06-26 12:46:51,832] {logging_mixin.py:115} INFO - [2022-06-26 12:46:51,832] {dagbag.py:507} INFO - Filling up the DagBag from /home/airflow/.local/lib/python3.7/site-packages/airflow/example_dags/example_branch_operator_decorator.py
[2022-06-26 12:46:51,863] {processor.py:651} INFO - DAG(s) dict_keys(['example_branch_python_operator_decorator']) retrieved from /home/airflow/.local/lib/python3.7/site-packages/airflow/example_dags/example_branch_operator_decorator.py
[2022-06-26 12:46:52,688] {logging_mixin.py:115} INFO - [2022-06-26 12:46:52,688] {dag.py:2379} INFO - Sync 1 DAGs
[2022-06-26 12:46:52,778] {logging_mixin.py:115} INFO - [2022-06-26 12:46:52,778] {dag.py:2931} INFO - Setting next_dagrun for example_branch_python_operator_decorator to 2022-06-25T00:00:00+00:00, run_after=2022-06-26T00:00:00+00:00
[2022-06-26 12:46:52,831] {processor.py:161} INFO - Processing /home/airflow/.local/lib/python3.7/site-packages/airflow/example_dags/example_branch_operator_decorator.py took 1.054 seconds
[2022-06-26 12:47:23,440] {processor.py:153} INFO - Started process (PID=1406) to work on /home/airflow/.local/lib/python3.7/site-packages/airflow/example_dags/example_branch_operator_decorator.py
[2022-06-26 12:47:23,443] {processor.py:641} INFO - Processing file /home/airflow/.local/lib/python3.7/site-packages/airflow/example_dags/example_branch_operator_decorator.py for tasks to queue
[2022-06-26 12:47:23,454] {logging_mixin.py:115} INFO - [2022-06-26 12:47:23,454] {dagbag.py:507} INFO - Filling up the DagBag from /home/airflow/.local/lib/python3.7/site-packages/airflow/example_dags/example_branch_operator_decorator.py
[2022-06-26 12:47:23,532] {processor.py:651} INFO - DAG(s) dict_keys(['example_branch_python_operator_decorator']) retrieved from /home/airflow/.local/lib/python3.7/site-packages/airflow/example_dags/example_branch_operator_decorator.py
[2022-06-26 12:47:24,115] {logging_mixin.py:115} INFO - [2022-06-26 12:47:24,115] {dag.py:2379} INFO - Sync 1 DAGs
[2022-06-26 12:47:24,184] {logging_mixin.py:115} INFO - [2022-06-26 12:47:24,183] {dag.py:2931} INFO - Setting next_dagrun for example_branch_python_operator_decorator to 2022-06-25T00:00:00+00:00, run_after=2022-06-26T00:00:00+00:00
[2022-06-26 12:47:24,219] {processor.py:161} INFO - Processing /home/airflow/.local/lib/python3.7/site-packages/airflow/example_dags/example_branch_operator_decorator.py took 0.796 seconds
[2022-06-26 12:47:54,370] {processor.py:153} INFO - Started process (PID=1458) to work on /home/airflow/.local/lib/python3.7/site-packages/airflow/example_dags/example_branch_operator_decorator.py
[2022-06-26 12:47:54,383] {processor.py:641} INFO - Processing file /home/airflow/.local/lib/python3.7/site-packages/airflow/example_dags/example_branch_operator_decorator.py for tasks to queue
[2022-06-26 12:47:54,384] {logging_mixin.py:115} INFO - [2022-06-26 12:47:54,384] {dagbag.py:507} INFO - Filling up the DagBag from /home/airflow/.local/lib/python3.7/site-packages/airflow/example_dags/example_branch_operator_decorator.py
[2022-06-26 12:47:54,439] {processor.py:651} INFO - DAG(s) dict_keys(['example_branch_python_operator_decorator']) retrieved from /home/airflow/.local/lib/python3.7/site-packages/airflow/example_dags/example_branch_operator_decorator.py
[2022-06-26 12:47:55,070] {logging_mixin.py:115} INFO - [2022-06-26 12:47:55,070] {dag.py:2379} INFO - Sync 1 DAGs
[2022-06-26 12:47:55,143] {logging_mixin.py:115} INFO - [2022-06-26 12:47:55,143] {dag.py:2931} INFO - Setting next_dagrun for example_branch_python_operator_decorator to 2022-06-25T00:00:00+00:00, run_after=2022-06-26T00:00:00+00:00
[2022-06-26 12:47:55,196] {processor.py:161} INFO - Processing /home/airflow/.local/lib/python3.7/site-packages/airflow/example_dags/example_branch_operator_decorator.py took 0.831 seconds
[2022-06-26 12:48:27,047] {processor.py:153} INFO - Started process (PID=1521) to work on /home/airflow/.local/lib/python3.7/site-packages/airflow/example_dags/example_branch_operator_decorator.py
[2022-06-26 12:48:27,048] {processor.py:641} INFO - Processing file /home/airflow/.local/lib/python3.7/site-packages/airflow/example_dags/example_branch_operator_decorator.py for tasks to queue
[2022-06-26 12:48:27,048] {logging_mixin.py:115} INFO - [2022-06-26 12:48:27,048] {dagbag.py:507} INFO - Filling up the DagBag from /home/airflow/.local/lib/python3.7/site-packages/airflow/example_dags/example_branch_operator_decorator.py
[2022-06-26 12:48:27,103] {processor.py:651} INFO - DAG(s) dict_keys(['example_branch_python_operator_decorator']) retrieved from /home/airflow/.local/lib/python3.7/site-packages/airflow/example_dags/example_branch_operator_decorator.py
[2022-06-26 12:48:27,419] {logging_mixin.py:115} INFO - [2022-06-26 12:48:27,418] {dag.py:2379} INFO - Sync 1 DAGs
[2022-06-26 12:48:27,488] {logging_mixin.py:115} INFO - [2022-06-26 12:48:27,488] {dag.py:2931} INFO - Setting next_dagrun for example_branch_python_operator_decorator to 2022-06-25T00:00:00+00:00, run_after=2022-06-26T00:00:00+00:00
[2022-06-26 12:48:27,529] {processor.py:161} INFO - Processing /home/airflow/.local/lib/python3.7/site-packages/airflow/example_dags/example_branch_operator_decorator.py took 0.496 seconds
[2022-06-26 12:48:58,829] {processor.py:153} INFO - Started process (PID=1586) to work on /home/airflow/.local/lib/python3.7/site-packages/airflow/example_dags/example_branch_operator_decorator.py
[2022-06-26 12:48:58,843] {processor.py:641} INFO - Processing file /home/airflow/.local/lib/python3.7/site-packages/airflow/example_dags/example_branch_operator_decorator.py for tasks to queue
[2022-06-26 12:48:58,844] {logging_mixin.py:115} INFO - [2022-06-26 12:48:58,843] {dagbag.py:507} INFO - Filling up the DagBag from /home/airflow/.local/lib/python3.7/site-packages/airflow/example_dags/example_branch_operator_decorator.py
[2022-06-26 12:48:58,875] {processor.py:651} INFO - DAG(s) dict_keys(['example_branch_python_operator_decorator']) retrieved from /home/airflow/.local/lib/python3.7/site-packages/airflow/example_dags/example_branch_operator_decorator.py
[2022-06-26 12:48:59,318] {logging_mixin.py:115} INFO - [2022-06-26 12:48:59,318] {dag.py:2379} INFO - Sync 1 DAGs
[2022-06-26 12:48:59,371] {logging_mixin.py:115} INFO - [2022-06-26 12:48:59,371] {dag.py:2931} INFO - Setting next_dagrun for example_branch_python_operator_decorator to 2022-06-25T00:00:00+00:00, run_after=2022-06-26T00:00:00+00:00
[2022-06-26 12:48:59,401] {processor.py:161} INFO - Processing /home/airflow/.local/lib/python3.7/site-packages/airflow/example_dags/example_branch_operator_decorator.py took 0.577 seconds
[2022-06-26 12:49:30,657] {processor.py:153} INFO - Started process (PID=1639) to work on /home/airflow/.local/lib/python3.7/site-packages/airflow/example_dags/example_branch_operator_decorator.py
[2022-06-26 12:49:30,679] {processor.py:641} INFO - Processing file /home/airflow/.local/lib/python3.7/site-packages/airflow/example_dags/example_branch_operator_decorator.py for tasks to queue
[2022-06-26 12:49:30,680] {logging_mixin.py:115} INFO - [2022-06-26 12:49:30,680] {dagbag.py:507} INFO - Filling up the DagBag from /home/airflow/.local/lib/python3.7/site-packages/airflow/example_dags/example_branch_operator_decorator.py
[2022-06-26 12:49:30,747] {processor.py:651} INFO - DAG(s) dict_keys(['example_branch_python_operator_decorator']) retrieved from /home/airflow/.local/lib/python3.7/site-packages/airflow/example_dags/example_branch_operator_decorator.py
[2022-06-26 12:49:31,209] {logging_mixin.py:115} INFO - [2022-06-26 12:49:31,209] {dag.py:2379} INFO - Sync 1 DAGs
[2022-06-26 12:49:31,316] {logging_mixin.py:115} INFO - [2022-06-26 12:49:31,315] {dag.py:2931} INFO - Setting next_dagrun for example_branch_python_operator_decorator to 2022-06-25T00:00:00+00:00, run_after=2022-06-26T00:00:00+00:00
[2022-06-26 12:49:31,391] {processor.py:161} INFO - Processing /home/airflow/.local/lib/python3.7/site-packages/airflow/example_dags/example_branch_operator_decorator.py took 0.759 seconds
[2022-06-26 12:50:01,510] {processor.py:153} INFO - Started process (PID=1699) to work on /home/airflow/.local/lib/python3.7/site-packages/airflow/example_dags/example_branch_operator_decorator.py
[2022-06-26 12:50:01,511] {processor.py:641} INFO - Processing file /home/airflow/.local/lib/python3.7/site-packages/airflow/example_dags/example_branch_operator_decorator.py for tasks to queue
[2022-06-26 12:50:01,511] {logging_mixin.py:115} INFO - [2022-06-26 12:50:01,511] {dagbag.py:507} INFO - Filling up the DagBag from /home/airflow/.local/lib/python3.7/site-packages/airflow/example_dags/example_branch_operator_decorator.py
[2022-06-26 12:50:01,546] {processor.py:651} INFO - DAG(s) dict_keys(['example_branch_python_operator_decorator']) retrieved from /home/airflow/.local/lib/python3.7/site-packages/airflow/example_dags/example_branch_operator_decorator.py
[2022-06-26 12:50:01,757] {logging_mixin.py:115} INFO - [2022-06-26 12:50:01,757] {dag.py:2379} INFO - Sync 1 DAGs
[2022-06-26 12:50:01,780] {logging_mixin.py:115} INFO - [2022-06-26 12:50:01,779] {dag.py:2931} INFO - Setting next_dagrun for example_branch_python_operator_decorator to 2022-06-25T00:00:00+00:00, run_after=2022-06-26T00:00:00+00:00
[2022-06-26 12:50:01,797] {processor.py:161} INFO - Processing /home/airflow/.local/lib/python3.7/site-packages/airflow/example_dags/example_branch_operator_decorator.py took 0.293 seconds
[2022-06-26 12:50:32,067] {processor.py:153} INFO - Started process (PID=1750) to work on /home/airflow/.local/lib/python3.7/site-packages/airflow/example_dags/example_branch_operator_decorator.py
[2022-06-26 12:50:32,069] {processor.py:641} INFO - Processing file /home/airflow/.local/lib/python3.7/site-packages/airflow/example_dags/example_branch_operator_decorator.py for tasks to queue
[2022-06-26 12:50:32,070] {logging_mixin.py:115} INFO - [2022-06-26 12:50:32,069] {dagbag.py:507} INFO - Filling up the DagBag from /home/airflow/.local/lib/python3.7/site-packages/airflow/example_dags/example_branch_operator_decorator.py
[2022-06-26 12:50:32,094] {processor.py:651} INFO - DAG(s) dict_keys(['example_branch_python_operator_decorator']) retrieved from /home/airflow/.local/lib/python3.7/site-packages/airflow/example_dags/example_branch_operator_decorator.py
[2022-06-26 12:50:32,285] {logging_mixin.py:115} INFO - [2022-06-26 12:50:32,285] {dag.py:2379} INFO - Sync 1 DAGs
[2022-06-26 12:50:32,308] {logging_mixin.py:115} INFO - [2022-06-26 12:50:32,307] {dag.py:2931} INFO - Setting next_dagrun for example_branch_python_operator_decorator to 2022-06-25T00:00:00+00:00, run_after=2022-06-26T00:00:00+00:00
[2022-06-26 12:50:32,319] {processor.py:161} INFO - Processing /home/airflow/.local/lib/python3.7/site-packages/airflow/example_dags/example_branch_operator_decorator.py took 0.257 seconds
[2022-06-26 12:51:02,694] {processor.py:153} INFO - Started process (PID=1802) to work on /home/airflow/.local/lib/python3.7/site-packages/airflow/example_dags/example_branch_operator_decorator.py
[2022-06-26 12:51:02,695] {processor.py:641} INFO - Processing file /home/airflow/.local/lib/python3.7/site-packages/airflow/example_dags/example_branch_operator_decorator.py for tasks to queue
[2022-06-26 12:51:02,695] {logging_mixin.py:115} INFO - [2022-06-26 12:51:02,695] {dagbag.py:507} INFO - Filling up the DagBag from /home/airflow/.local/lib/python3.7/site-packages/airflow/example_dags/example_branch_operator_decorator.py
[2022-06-26 12:51:02,730] {processor.py:651} INFO - DAG(s) dict_keys(['example_branch_python_operator_decorator']) retrieved from /home/airflow/.local/lib/python3.7/site-packages/airflow/example_dags/example_branch_operator_decorator.py
[2022-06-26 12:51:02,930] {logging_mixin.py:115} INFO - [2022-06-26 12:51:02,930] {dag.py:2379} INFO - Sync 1 DAGs
[2022-06-26 12:51:02,953] {logging_mixin.py:115} INFO - [2022-06-26 12:51:02,953] {dag.py:2931} INFO - Setting next_dagrun for example_branch_python_operator_decorator to 2022-06-25T00:00:00+00:00, run_after=2022-06-26T00:00:00+00:00
[2022-06-26 12:51:02,965] {processor.py:161} INFO - Processing /home/airflow/.local/lib/python3.7/site-packages/airflow/example_dags/example_branch_operator_decorator.py took 0.277 seconds
[2022-06-26 12:51:35,926] {processor.py:153} INFO - Started process (PID=1864) to work on /home/airflow/.local/lib/python3.7/site-packages/airflow/example_dags/example_branch_operator_decorator.py
[2022-06-26 12:51:35,945] {processor.py:641} INFO - Processing file /home/airflow/.local/lib/python3.7/site-packages/airflow/example_dags/example_branch_operator_decorator.py for tasks to queue
[2022-06-26 12:51:35,946] {logging_mixin.py:115} INFO - [2022-06-26 12:51:35,946] {dagbag.py:507} INFO - Filling up the DagBag from /home/airflow/.local/lib/python3.7/site-packages/airflow/example_dags/example_branch_operator_decorator.py
[2022-06-26 12:51:36,096] {processor.py:651} INFO - DAG(s) dict_keys(['example_branch_python_operator_decorator']) retrieved from /home/airflow/.local/lib/python3.7/site-packages/airflow/example_dags/example_branch_operator_decorator.py
[2022-06-26 12:51:36,673] {logging_mixin.py:115} INFO - [2022-06-26 12:51:36,673] {dag.py:2379} INFO - Sync 1 DAGs
[2022-06-26 12:51:36,746] {logging_mixin.py:115} INFO - [2022-06-26 12:51:36,746] {dag.py:2931} INFO - Setting next_dagrun for example_branch_python_operator_decorator to 2022-06-25T00:00:00+00:00, run_after=2022-06-26T00:00:00+00:00
[2022-06-26 12:51:36,817] {processor.py:161} INFO - Processing /home/airflow/.local/lib/python3.7/site-packages/airflow/example_dags/example_branch_operator_decorator.py took 0.919 seconds
[2022-06-26 12:52:07,065] {processor.py:153} INFO - Started process (PID=1915) to work on /home/airflow/.local/lib/python3.7/site-packages/airflow/example_dags/example_branch_operator_decorator.py
[2022-06-26 12:52:07,066] {processor.py:641} INFO - Processing file /home/airflow/.local/lib/python3.7/site-packages/airflow/example_dags/example_branch_operator_decorator.py for tasks to queue
[2022-06-26 12:52:07,067] {logging_mixin.py:115} INFO - [2022-06-26 12:52:07,067] {dagbag.py:507} INFO - Filling up the DagBag from /home/airflow/.local/lib/python3.7/site-packages/airflow/example_dags/example_branch_operator_decorator.py
[2022-06-26 12:52:07,107] {processor.py:651} INFO - DAG(s) dict_keys(['example_branch_python_operator_decorator']) retrieved from /home/airflow/.local/lib/python3.7/site-packages/airflow/example_dags/example_branch_operator_decorator.py
[2022-06-26 12:52:07,433] {logging_mixin.py:115} INFO - [2022-06-26 12:52:07,433] {dag.py:2379} INFO - Sync 1 DAGs
[2022-06-26 12:52:07,474] {logging_mixin.py:115} INFO - [2022-06-26 12:52:07,474] {dag.py:2931} INFO - Setting next_dagrun for example_branch_python_operator_decorator to 2022-06-25T00:00:00+00:00, run_after=2022-06-26T00:00:00+00:00
[2022-06-26 12:52:07,492] {processor.py:161} INFO - Processing /home/airflow/.local/lib/python3.7/site-packages/airflow/example_dags/example_branch_operator_decorator.py took 0.433 seconds
[2022-06-26 12:52:38,235] {processor.py:153} INFO - Started process (PID=1969) to work on /home/airflow/.local/lib/python3.7/site-packages/airflow/example_dags/example_branch_operator_decorator.py
[2022-06-26 12:52:38,243] {processor.py:641} INFO - Processing file /home/airflow/.local/lib/python3.7/site-packages/airflow/example_dags/example_branch_operator_decorator.py for tasks to queue
[2022-06-26 12:52:38,243] {logging_mixin.py:115} INFO - [2022-06-26 12:52:38,243] {dagbag.py:507} INFO - Filling up the DagBag from /home/airflow/.local/lib/python3.7/site-packages/airflow/example_dags/example_branch_operator_decorator.py
[2022-06-26 12:52:38,296] {processor.py:651} INFO - DAG(s) dict_keys(['example_branch_python_operator_decorator']) retrieved from /home/airflow/.local/lib/python3.7/site-packages/airflow/example_dags/example_branch_operator_decorator.py
[2022-06-26 12:52:38,616] {logging_mixin.py:115} INFO - [2022-06-26 12:52:38,615] {dag.py:2379} INFO - Sync 1 DAGs
[2022-06-26 12:52:38,653] {logging_mixin.py:115} INFO - [2022-06-26 12:52:38,653] {dag.py:2931} INFO - Setting next_dagrun for example_branch_python_operator_decorator to 2022-06-25T00:00:00+00:00, run_after=2022-06-26T00:00:00+00:00
[2022-06-26 12:52:38,670] {processor.py:161} INFO - Processing /home/airflow/.local/lib/python3.7/site-packages/airflow/example_dags/example_branch_operator_decorator.py took 0.448 seconds
[2022-06-26 12:53:09,206] {processor.py:153} INFO - Started process (PID=2029) to work on /home/airflow/.local/lib/python3.7/site-packages/airflow/example_dags/example_branch_operator_decorator.py
[2022-06-26 12:53:09,211] {processor.py:641} INFO - Processing file /home/airflow/.local/lib/python3.7/site-packages/airflow/example_dags/example_branch_operator_decorator.py for tasks to queue
[2022-06-26 12:53:09,217] {logging_mixin.py:115} INFO - [2022-06-26 12:53:09,217] {dagbag.py:507} INFO - Filling up the DagBag from /home/airflow/.local/lib/python3.7/site-packages/airflow/example_dags/example_branch_operator_decorator.py
[2022-06-26 12:53:09,291] {processor.py:651} INFO - DAG(s) dict_keys(['example_branch_python_operator_decorator']) retrieved from /home/airflow/.local/lib/python3.7/site-packages/airflow/example_dags/example_branch_operator_decorator.py
[2022-06-26 12:53:09,679] {logging_mixin.py:115} INFO - [2022-06-26 12:53:09,679] {dag.py:2379} INFO - Sync 1 DAGs
[2022-06-26 12:53:09,737] {logging_mixin.py:115} INFO - [2022-06-26 12:53:09,736] {dag.py:2931} INFO - Setting next_dagrun for example_branch_python_operator_decorator to 2022-06-25T00:00:00+00:00, run_after=2022-06-26T00:00:00+00:00
[2022-06-26 12:53:09,780] {processor.py:161} INFO - Processing /home/airflow/.local/lib/python3.7/site-packages/airflow/example_dags/example_branch_operator_decorator.py took 0.581 seconds
[2022-06-26 13:27:22,881] {processor.py:153} INFO - Started process (PID=88) to work on /home/airflow/.local/lib/python3.7/site-packages/airflow/example_dags/example_branch_operator_decorator.py
[2022-06-26 13:27:22,904] {processor.py:641} INFO - Processing file /home/airflow/.local/lib/python3.7/site-packages/airflow/example_dags/example_branch_operator_decorator.py for tasks to queue
[2022-06-26 13:27:22,905] {logging_mixin.py:115} INFO - [2022-06-26 13:27:22,905] {dagbag.py:507} INFO - Filling up the DagBag from /home/airflow/.local/lib/python3.7/site-packages/airflow/example_dags/example_branch_operator_decorator.py
[2022-06-26 13:27:23,003] {processor.py:651} INFO - DAG(s) dict_keys(['example_branch_python_operator_decorator']) retrieved from /home/airflow/.local/lib/python3.7/site-packages/airflow/example_dags/example_branch_operator_decorator.py
[2022-06-26 13:27:23,115] {logging_mixin.py:115} INFO - [2022-06-26 13:27:23,115] {dag.py:2379} INFO - Sync 1 DAGs
[2022-06-26 13:27:23,808] {logging_mixin.py:115} INFO - [2022-06-26 13:27:23,807] {dag.py:2931} INFO - Setting next_dagrun for example_branch_python_operator_decorator to 2022-06-25T00:00:00+00:00, run_after=2022-06-26T00:00:00+00:00
[2022-06-26 13:27:23,927] {processor.py:161} INFO - Processing /home/airflow/.local/lib/python3.7/site-packages/airflow/example_dags/example_branch_operator_decorator.py took 1.051 seconds
[2022-06-26 13:27:55,169] {processor.py:153} INFO - Started process (PID=150) to work on /home/airflow/.local/lib/python3.7/site-packages/airflow/example_dags/example_branch_operator_decorator.py
[2022-06-26 13:27:55,170] {processor.py:641} INFO - Processing file /home/airflow/.local/lib/python3.7/site-packages/airflow/example_dags/example_branch_operator_decorator.py for tasks to queue
[2022-06-26 13:27:55,171] {logging_mixin.py:115} INFO - [2022-06-26 13:27:55,170] {dagbag.py:507} INFO - Filling up the DagBag from /home/airflow/.local/lib/python3.7/site-packages/airflow/example_dags/example_branch_operator_decorator.py
[2022-06-26 13:27:55,297] {processor.py:651} INFO - DAG(s) dict_keys(['example_branch_python_operator_decorator']) retrieved from /home/airflow/.local/lib/python3.7/site-packages/airflow/example_dags/example_branch_operator_decorator.py
[2022-06-26 13:27:55,502] {logging_mixin.py:115} INFO - [2022-06-26 13:27:55,502] {dag.py:2379} INFO - Sync 1 DAGs
[2022-06-26 13:27:56,532] {logging_mixin.py:115} INFO - [2022-06-26 13:27:56,532] {dag.py:2931} INFO - Setting next_dagrun for example_branch_python_operator_decorator to 2022-06-25T00:00:00+00:00, run_after=2022-06-26T00:00:00+00:00
[2022-06-26 13:27:56,622] {processor.py:161} INFO - Processing /home/airflow/.local/lib/python3.7/site-packages/airflow/example_dags/example_branch_operator_decorator.py took 1.486 seconds
[2022-06-26 13:28:27,212] {processor.py:153} INFO - Started process (PID=201) to work on /home/airflow/.local/lib/python3.7/site-packages/airflow/example_dags/example_branch_operator_decorator.py
[2022-06-26 13:28:27,229] {processor.py:641} INFO - Processing file /home/airflow/.local/lib/python3.7/site-packages/airflow/example_dags/example_branch_operator_decorator.py for tasks to queue
[2022-06-26 13:28:27,230] {logging_mixin.py:115} INFO - [2022-06-26 13:28:27,230] {dagbag.py:507} INFO - Filling up the DagBag from /home/airflow/.local/lib/python3.7/site-packages/airflow/example_dags/example_branch_operator_decorator.py
[2022-06-26 13:28:27,269] {processor.py:651} INFO - DAG(s) dict_keys(['example_branch_python_operator_decorator']) retrieved from /home/airflow/.local/lib/python3.7/site-packages/airflow/example_dags/example_branch_operator_decorator.py
[2022-06-26 13:28:27,352] {logging_mixin.py:115} INFO - [2022-06-26 13:28:27,352] {dag.py:2379} INFO - Sync 1 DAGs
[2022-06-26 13:28:27,762] {logging_mixin.py:115} INFO - [2022-06-26 13:28:27,762] {dag.py:2931} INFO - Setting next_dagrun for example_branch_python_operator_decorator to 2022-06-25T00:00:00+00:00, run_after=2022-06-26T00:00:00+00:00
[2022-06-26 13:28:27,818] {processor.py:161} INFO - Processing /home/airflow/.local/lib/python3.7/site-packages/airflow/example_dags/example_branch_operator_decorator.py took 0.610 seconds
[2022-06-26 13:28:58,090] {processor.py:153} INFO - Started process (PID=255) to work on /home/airflow/.local/lib/python3.7/site-packages/airflow/example_dags/example_branch_operator_decorator.py
[2022-06-26 13:28:58,090] {processor.py:641} INFO - Processing file /home/airflow/.local/lib/python3.7/site-packages/airflow/example_dags/example_branch_operator_decorator.py for tasks to queue
[2022-06-26 13:28:58,091] {logging_mixin.py:115} INFO - [2022-06-26 13:28:58,091] {dagbag.py:507} INFO - Filling up the DagBag from /home/airflow/.local/lib/python3.7/site-packages/airflow/example_dags/example_branch_operator_decorator.py
[2022-06-26 13:28:58,110] {processor.py:651} INFO - DAG(s) dict_keys(['example_branch_python_operator_decorator']) retrieved from /home/airflow/.local/lib/python3.7/site-packages/airflow/example_dags/example_branch_operator_decorator.py
[2022-06-26 13:28:58,143] {logging_mixin.py:115} INFO - [2022-06-26 13:28:58,142] {dag.py:2379} INFO - Sync 1 DAGs
[2022-06-26 13:28:58,336] {logging_mixin.py:115} INFO - [2022-06-26 13:28:58,336] {dag.py:2931} INFO - Setting next_dagrun for example_branch_python_operator_decorator to 2022-06-25T00:00:00+00:00, run_after=2022-06-26T00:00:00+00:00
[2022-06-26 13:28:58,348] {processor.py:161} INFO - Processing /home/airflow/.local/lib/python3.7/site-packages/airflow/example_dags/example_branch_operator_decorator.py took 0.262 seconds
[2022-06-26 13:29:29,480] {processor.py:153} INFO - Started process (PID=306) to work on /home/airflow/.local/lib/python3.7/site-packages/airflow/example_dags/example_branch_operator_decorator.py
[2022-06-26 13:29:29,496] {processor.py:641} INFO - Processing file /home/airflow/.local/lib/python3.7/site-packages/airflow/example_dags/example_branch_operator_decorator.py for tasks to queue
[2022-06-26 13:29:29,497] {logging_mixin.py:115} INFO - [2022-06-26 13:29:29,497] {dagbag.py:507} INFO - Filling up the DagBag from /home/airflow/.local/lib/python3.7/site-packages/airflow/example_dags/example_branch_operator_decorator.py
[2022-06-26 13:29:29,536] {processor.py:651} INFO - DAG(s) dict_keys(['example_branch_python_operator_decorator']) retrieved from /home/airflow/.local/lib/python3.7/site-packages/airflow/example_dags/example_branch_operator_decorator.py
[2022-06-26 13:29:29,587] {logging_mixin.py:115} INFO - [2022-06-26 13:29:29,587] {dag.py:2379} INFO - Sync 1 DAGs
[2022-06-26 13:29:29,874] {logging_mixin.py:115} INFO - [2022-06-26 13:29:29,872] {dag.py:2931} INFO - Setting next_dagrun for example_branch_python_operator_decorator to 2022-06-25T00:00:00+00:00, run_after=2022-06-26T00:00:00+00:00
[2022-06-26 13:29:29,900] {processor.py:161} INFO - Processing /home/airflow/.local/lib/python3.7/site-packages/airflow/example_dags/example_branch_operator_decorator.py took 0.449 seconds
[2022-06-26 13:30:00,314] {processor.py:153} INFO - Started process (PID=368) to work on /home/airflow/.local/lib/python3.7/site-packages/airflow/example_dags/example_branch_operator_decorator.py
[2022-06-26 13:30:00,315] {processor.py:641} INFO - Processing file /home/airflow/.local/lib/python3.7/site-packages/airflow/example_dags/example_branch_operator_decorator.py for tasks to queue
[2022-06-26 13:30:00,316] {logging_mixin.py:115} INFO - [2022-06-26 13:30:00,316] {dagbag.py:507} INFO - Filling up the DagBag from /home/airflow/.local/lib/python3.7/site-packages/airflow/example_dags/example_branch_operator_decorator.py
[2022-06-26 13:30:00,344] {processor.py:651} INFO - DAG(s) dict_keys(['example_branch_python_operator_decorator']) retrieved from /home/airflow/.local/lib/python3.7/site-packages/airflow/example_dags/example_branch_operator_decorator.py
[2022-06-26 13:30:00,392] {logging_mixin.py:115} INFO - [2022-06-26 13:30:00,392] {dag.py:2379} INFO - Sync 1 DAGs
[2022-06-26 13:30:00,651] {logging_mixin.py:115} INFO - [2022-06-26 13:30:00,651] {dag.py:2931} INFO - Setting next_dagrun for example_branch_python_operator_decorator to 2022-06-25T00:00:00+00:00, run_after=2022-06-26T00:00:00+00:00
[2022-06-26 13:30:00,675] {processor.py:161} INFO - Processing /home/airflow/.local/lib/python3.7/site-packages/airflow/example_dags/example_branch_operator_decorator.py took 0.368 seconds
[2022-06-26 13:30:31,099] {processor.py:153} INFO - Started process (PID=421) to work on /home/airflow/.local/lib/python3.7/site-packages/airflow/example_dags/example_branch_operator_decorator.py
[2022-06-26 13:30:31,100] {processor.py:641} INFO - Processing file /home/airflow/.local/lib/python3.7/site-packages/airflow/example_dags/example_branch_operator_decorator.py for tasks to queue
[2022-06-26 13:30:31,101] {logging_mixin.py:115} INFO - [2022-06-26 13:30:31,101] {dagbag.py:507} INFO - Filling up the DagBag from /home/airflow/.local/lib/python3.7/site-packages/airflow/example_dags/example_branch_operator_decorator.py
[2022-06-26 13:30:31,131] {processor.py:651} INFO - DAG(s) dict_keys(['example_branch_python_operator_decorator']) retrieved from /home/airflow/.local/lib/python3.7/site-packages/airflow/example_dags/example_branch_operator_decorator.py
[2022-06-26 13:30:31,179] {logging_mixin.py:115} INFO - [2022-06-26 13:30:31,179] {dag.py:2379} INFO - Sync 1 DAGs
[2022-06-26 13:30:31,459] {logging_mixin.py:115} INFO - [2022-06-26 13:30:31,459] {dag.py:2931} INFO - Setting next_dagrun for example_branch_python_operator_decorator to 2022-06-25T00:00:00+00:00, run_after=2022-06-26T00:00:00+00:00
[2022-06-26 13:30:31,478] {processor.py:161} INFO - Processing /home/airflow/.local/lib/python3.7/site-packages/airflow/example_dags/example_branch_operator_decorator.py took 0.385 seconds
[2022-06-26 13:31:02,882] {processor.py:153} INFO - Started process (PID=479) to work on /home/airflow/.local/lib/python3.7/site-packages/airflow/example_dags/example_branch_operator_decorator.py
[2022-06-26 13:31:02,896] {processor.py:641} INFO - Processing file /home/airflow/.local/lib/python3.7/site-packages/airflow/example_dags/example_branch_operator_decorator.py for tasks to queue
[2022-06-26 13:31:02,897] {logging_mixin.py:115} INFO - [2022-06-26 13:31:02,897] {dagbag.py:507} INFO - Filling up the DagBag from /home/airflow/.local/lib/python3.7/site-packages/airflow/example_dags/example_branch_operator_decorator.py
[2022-06-26 13:31:02,953] {processor.py:651} INFO - DAG(s) dict_keys(['example_branch_python_operator_decorator']) retrieved from /home/airflow/.local/lib/python3.7/site-packages/airflow/example_dags/example_branch_operator_decorator.py
[2022-06-26 13:31:03,061] {logging_mixin.py:115} INFO - [2022-06-26 13:31:03,061] {dag.py:2379} INFO - Sync 1 DAGs
[2022-06-26 13:31:03,722] {logging_mixin.py:115} INFO - [2022-06-26 13:31:03,720] {dag.py:2931} INFO - Setting next_dagrun for example_branch_python_operator_decorator to 2022-06-25T00:00:00+00:00, run_after=2022-06-26T00:00:00+00:00
[2022-06-26 13:31:03,821] {processor.py:161} INFO - Processing /home/airflow/.local/lib/python3.7/site-packages/airflow/example_dags/example_branch_operator_decorator.py took 0.944 seconds
[2022-06-26 13:31:34,804] {processor.py:153} INFO - Started process (PID=532) to work on /home/airflow/.local/lib/python3.7/site-packages/airflow/example_dags/example_branch_operator_decorator.py
[2022-06-26 13:31:34,804] {processor.py:641} INFO - Processing file /home/airflow/.local/lib/python3.7/site-packages/airflow/example_dags/example_branch_operator_decorator.py for tasks to queue
[2022-06-26 13:31:34,805] {logging_mixin.py:115} INFO - [2022-06-26 13:31:34,805] {dagbag.py:507} INFO - Filling up the DagBag from /home/airflow/.local/lib/python3.7/site-packages/airflow/example_dags/example_branch_operator_decorator.py
[2022-06-26 13:31:34,835] {processor.py:651} INFO - DAG(s) dict_keys(['example_branch_python_operator_decorator']) retrieved from /home/airflow/.local/lib/python3.7/site-packages/airflow/example_dags/example_branch_operator_decorator.py
[2022-06-26 13:31:34,884] {logging_mixin.py:115} INFO - [2022-06-26 13:31:34,883] {dag.py:2379} INFO - Sync 1 DAGs
[2022-06-26 13:31:35,139] {logging_mixin.py:115} INFO - [2022-06-26 13:31:35,139] {dag.py:2931} INFO - Setting next_dagrun for example_branch_python_operator_decorator to 2022-06-25T00:00:00+00:00, run_after=2022-06-26T00:00:00+00:00
[2022-06-26 13:31:35,156] {processor.py:161} INFO - Processing /home/airflow/.local/lib/python3.7/site-packages/airflow/example_dags/example_branch_operator_decorator.py took 0.358 seconds
[2022-06-26 13:32:05,610] {processor.py:153} INFO - Started process (PID=585) to work on /home/airflow/.local/lib/python3.7/site-packages/airflow/example_dags/example_branch_operator_decorator.py
[2022-06-26 13:32:05,619] {processor.py:641} INFO - Processing file /home/airflow/.local/lib/python3.7/site-packages/airflow/example_dags/example_branch_operator_decorator.py for tasks to queue
[2022-06-26 13:32:05,620] {logging_mixin.py:115} INFO - [2022-06-26 13:32:05,620] {dagbag.py:507} INFO - Filling up the DagBag from /home/airflow/.local/lib/python3.7/site-packages/airflow/example_dags/example_branch_operator_decorator.py
[2022-06-26 13:32:05,682] {processor.py:651} INFO - DAG(s) dict_keys(['example_branch_python_operator_decorator']) retrieved from /home/airflow/.local/lib/python3.7/site-packages/airflow/example_dags/example_branch_operator_decorator.py
[2022-06-26 13:32:06,149] {logging_mixin.py:115} INFO - [2022-06-26 13:32:06,149] {dag.py:2379} INFO - Sync 1 DAGs
[2022-06-26 13:32:06,215] {logging_mixin.py:115} INFO - [2022-06-26 13:32:06,215] {dag.py:2931} INFO - Setting next_dagrun for example_branch_python_operator_decorator to 2022-06-25T00:00:00+00:00, run_after=2022-06-26T00:00:00+00:00
[2022-06-26 13:32:06,258] {processor.py:161} INFO - Processing /home/airflow/.local/lib/python3.7/site-packages/airflow/example_dags/example_branch_operator_decorator.py took 0.655 seconds
[2022-06-26 13:32:37,116] {processor.py:153} INFO - Started process (PID=646) to work on /home/airflow/.local/lib/python3.7/site-packages/airflow/example_dags/example_branch_operator_decorator.py
[2022-06-26 13:32:37,117] {processor.py:641} INFO - Processing file /home/airflow/.local/lib/python3.7/site-packages/airflow/example_dags/example_branch_operator_decorator.py for tasks to queue
[2022-06-26 13:32:37,118] {logging_mixin.py:115} INFO - [2022-06-26 13:32:37,117] {dagbag.py:507} INFO - Filling up the DagBag from /home/airflow/.local/lib/python3.7/site-packages/airflow/example_dags/example_branch_operator_decorator.py
[2022-06-26 13:32:37,147] {processor.py:651} INFO - DAG(s) dict_keys(['example_branch_python_operator_decorator']) retrieved from /home/airflow/.local/lib/python3.7/site-packages/airflow/example_dags/example_branch_operator_decorator.py
[2022-06-26 13:32:37,420] {logging_mixin.py:115} INFO - [2022-06-26 13:32:37,420] {dag.py:2379} INFO - Sync 1 DAGs
[2022-06-26 13:32:37,458] {logging_mixin.py:115} INFO - [2022-06-26 13:32:37,458] {dag.py:2931} INFO - Setting next_dagrun for example_branch_python_operator_decorator to 2022-06-25T00:00:00+00:00, run_after=2022-06-26T00:00:00+00:00
[2022-06-26 13:32:37,473] {processor.py:161} INFO - Processing /home/airflow/.local/lib/python3.7/site-packages/airflow/example_dags/example_branch_operator_decorator.py took 0.363 seconds
[2022-06-26 13:33:07,954] {processor.py:153} INFO - Started process (PID=708) to work on /home/airflow/.local/lib/python3.7/site-packages/airflow/example_dags/example_branch_operator_decorator.py
[2022-06-26 13:33:07,964] {processor.py:641} INFO - Processing file /home/airflow/.local/lib/python3.7/site-packages/airflow/example_dags/example_branch_operator_decorator.py for tasks to queue
[2022-06-26 13:33:07,965] {logging_mixin.py:115} INFO - [2022-06-26 13:33:07,965] {dagbag.py:507} INFO - Filling up the DagBag from /home/airflow/.local/lib/python3.7/site-packages/airflow/example_dags/example_branch_operator_decorator.py
[2022-06-26 13:33:08,016] {processor.py:651} INFO - DAG(s) dict_keys(['example_branch_python_operator_decorator']) retrieved from /home/airflow/.local/lib/python3.7/site-packages/airflow/example_dags/example_branch_operator_decorator.py
[2022-06-26 13:33:08,435] {logging_mixin.py:115} INFO - [2022-06-26 13:33:08,435] {dag.py:2379} INFO - Sync 1 DAGs
[2022-06-26 13:33:08,484] {logging_mixin.py:115} INFO - [2022-06-26 13:33:08,475] {dag.py:2931} INFO - Setting next_dagrun for example_branch_python_operator_decorator to 2022-06-25T00:00:00+00:00, run_after=2022-06-26T00:00:00+00:00
[2022-06-26 13:33:08,518] {processor.py:161} INFO - Processing /home/airflow/.local/lib/python3.7/site-packages/airflow/example_dags/example_branch_operator_decorator.py took 0.570 seconds
[2022-06-26 13:33:38,825] {processor.py:153} INFO - Started process (PID=761) to work on /home/airflow/.local/lib/python3.7/site-packages/airflow/example_dags/example_branch_operator_decorator.py
[2022-06-26 13:33:38,826] {processor.py:641} INFO - Processing file /home/airflow/.local/lib/python3.7/site-packages/airflow/example_dags/example_branch_operator_decorator.py for tasks to queue
[2022-06-26 13:33:38,827] {logging_mixin.py:115} INFO - [2022-06-26 13:33:38,827] {dagbag.py:507} INFO - Filling up the DagBag from /home/airflow/.local/lib/python3.7/site-packages/airflow/example_dags/example_branch_operator_decorator.py
[2022-06-26 13:33:38,863] {processor.py:651} INFO - DAG(s) dict_keys(['example_branch_python_operator_decorator']) retrieved from /home/airflow/.local/lib/python3.7/site-packages/airflow/example_dags/example_branch_operator_decorator.py
[2022-06-26 13:33:39,198] {logging_mixin.py:115} INFO - [2022-06-26 13:33:39,198] {dag.py:2379} INFO - Sync 1 DAGs
[2022-06-26 13:33:39,232] {logging_mixin.py:115} INFO - [2022-06-26 13:33:39,232] {dag.py:2931} INFO - Setting next_dagrun for example_branch_python_operator_decorator to 2022-06-25T00:00:00+00:00, run_after=2022-06-26T00:00:00+00:00
[2022-06-26 13:33:39,252] {processor.py:161} INFO - Processing /home/airflow/.local/lib/python3.7/site-packages/airflow/example_dags/example_branch_operator_decorator.py took 0.435 seconds
[2022-06-26 13:34:09,928] {processor.py:153} INFO - Started process (PID=814) to work on /home/airflow/.local/lib/python3.7/site-packages/airflow/example_dags/example_branch_operator_decorator.py
[2022-06-26 13:34:09,948] {processor.py:641} INFO - Processing file /home/airflow/.local/lib/python3.7/site-packages/airflow/example_dags/example_branch_operator_decorator.py for tasks to queue
[2022-06-26 13:34:09,949] {logging_mixin.py:115} INFO - [2022-06-26 13:34:09,949] {dagbag.py:507} INFO - Filling up the DagBag from /home/airflow/.local/lib/python3.7/site-packages/airflow/example_dags/example_branch_operator_decorator.py
[2022-06-26 13:34:10,052] {processor.py:651} INFO - DAG(s) dict_keys(['example_branch_python_operator_decorator']) retrieved from /home/airflow/.local/lib/python3.7/site-packages/airflow/example_dags/example_branch_operator_decorator.py
[2022-06-26 13:34:10,870] {logging_mixin.py:115} INFO - [2022-06-26 13:34:10,870] {dag.py:2379} INFO - Sync 1 DAGs
[2022-06-26 13:34:10,974] {logging_mixin.py:115} INFO - [2022-06-26 13:34:10,974] {dag.py:2931} INFO - Setting next_dagrun for example_branch_python_operator_decorator to 2022-06-25T00:00:00+00:00, run_after=2022-06-26T00:00:00+00:00
[2022-06-26 13:34:11,036] {processor.py:161} INFO - Processing /home/airflow/.local/lib/python3.7/site-packages/airflow/example_dags/example_branch_operator_decorator.py took 1.121 seconds
[2022-06-26 13:34:41,512] {processor.py:153} INFO - Started process (PID=874) to work on /home/airflow/.local/lib/python3.7/site-packages/airflow/example_dags/example_branch_operator_decorator.py
[2022-06-26 13:34:41,513] {processor.py:641} INFO - Processing file /home/airflow/.local/lib/python3.7/site-packages/airflow/example_dags/example_branch_operator_decorator.py for tasks to queue
[2022-06-26 13:34:41,514] {logging_mixin.py:115} INFO - [2022-06-26 13:34:41,514] {dagbag.py:507} INFO - Filling up the DagBag from /home/airflow/.local/lib/python3.7/site-packages/airflow/example_dags/example_branch_operator_decorator.py
[2022-06-26 13:34:41,543] {processor.py:651} INFO - DAG(s) dict_keys(['example_branch_python_operator_decorator']) retrieved from /home/airflow/.local/lib/python3.7/site-packages/airflow/example_dags/example_branch_operator_decorator.py
[2022-06-26 13:34:41,811] {logging_mixin.py:115} INFO - [2022-06-26 13:34:41,810] {dag.py:2379} INFO - Sync 1 DAGs
[2022-06-26 13:34:41,846] {logging_mixin.py:115} INFO - [2022-06-26 13:34:41,846] {dag.py:2931} INFO - Setting next_dagrun for example_branch_python_operator_decorator to 2022-06-25T00:00:00+00:00, run_after=2022-06-26T00:00:00+00:00
[2022-06-26 13:34:41,862] {processor.py:161} INFO - Processing /home/airflow/.local/lib/python3.7/site-packages/airflow/example_dags/example_branch_operator_decorator.py took 0.355 seconds
[2022-06-26 13:35:12,180] {processor.py:153} INFO - Started process (PID=928) to work on /home/airflow/.local/lib/python3.7/site-packages/airflow/example_dags/example_branch_operator_decorator.py
[2022-06-26 13:35:12,205] {processor.py:641} INFO - Processing file /home/airflow/.local/lib/python3.7/site-packages/airflow/example_dags/example_branch_operator_decorator.py for tasks to queue
[2022-06-26 13:35:12,207] {logging_mixin.py:115} INFO - [2022-06-26 13:35:12,207] {dagbag.py:507} INFO - Filling up the DagBag from /home/airflow/.local/lib/python3.7/site-packages/airflow/example_dags/example_branch_operator_decorator.py
[2022-06-26 13:35:12,332] {processor.py:651} INFO - DAG(s) dict_keys(['example_branch_python_operator_decorator']) retrieved from /home/airflow/.local/lib/python3.7/site-packages/airflow/example_dags/example_branch_operator_decorator.py
[2022-06-26 13:35:12,897] {logging_mixin.py:115} INFO - [2022-06-26 13:35:12,897] {dag.py:2379} INFO - Sync 1 DAGs
[2022-06-26 13:35:12,961] {logging_mixin.py:115} INFO - [2022-06-26 13:35:12,961] {dag.py:2931} INFO - Setting next_dagrun for example_branch_python_operator_decorator to 2022-06-25T00:00:00+00:00, run_after=2022-06-26T00:00:00+00:00
[2022-06-26 13:35:12,989] {processor.py:161} INFO - Processing /home/airflow/.local/lib/python3.7/site-packages/airflow/example_dags/example_branch_operator_decorator.py took 0.827 seconds
[2022-06-26 13:35:43,028] {processor.py:153} INFO - Started process (PID=990) to work on /home/airflow/.local/lib/python3.7/site-packages/airflow/example_dags/example_branch_operator_decorator.py
[2022-06-26 13:35:43,029] {processor.py:641} INFO - Processing file /home/airflow/.local/lib/python3.7/site-packages/airflow/example_dags/example_branch_operator_decorator.py for tasks to queue
[2022-06-26 13:35:43,029] {logging_mixin.py:115} INFO - [2022-06-26 13:35:43,029] {dagbag.py:507} INFO - Filling up the DagBag from /home/airflow/.local/lib/python3.7/site-packages/airflow/example_dags/example_branch_operator_decorator.py
[2022-06-26 13:35:43,049] {processor.py:651} INFO - DAG(s) dict_keys(['example_branch_python_operator_decorator']) retrieved from /home/airflow/.local/lib/python3.7/site-packages/airflow/example_dags/example_branch_operator_decorator.py
[2022-06-26 13:35:43,247] {logging_mixin.py:115} INFO - [2022-06-26 13:35:43,246] {dag.py:2379} INFO - Sync 1 DAGs
[2022-06-26 13:35:43,269] {logging_mixin.py:115} INFO - [2022-06-26 13:35:43,269] {dag.py:2931} INFO - Setting next_dagrun for example_branch_python_operator_decorator to 2022-06-25T00:00:00+00:00, run_after=2022-06-26T00:00:00+00:00
[2022-06-26 13:35:43,280] {processor.py:161} INFO - Processing /home/airflow/.local/lib/python3.7/site-packages/airflow/example_dags/example_branch_operator_decorator.py took 0.256 seconds
[2022-06-26 13:36:13,970] {processor.py:153} INFO - Started process (PID=1043) to work on /home/airflow/.local/lib/python3.7/site-packages/airflow/example_dags/example_branch_operator_decorator.py
[2022-06-26 13:36:13,984] {processor.py:641} INFO - Processing file /home/airflow/.local/lib/python3.7/site-packages/airflow/example_dags/example_branch_operator_decorator.py for tasks to queue
[2022-06-26 13:36:13,985] {logging_mixin.py:115} INFO - [2022-06-26 13:36:13,985] {dagbag.py:507} INFO - Filling up the DagBag from /home/airflow/.local/lib/python3.7/site-packages/airflow/example_dags/example_branch_operator_decorator.py
[2022-06-26 13:36:14,105] {processor.py:651} INFO - DAG(s) dict_keys(['example_branch_python_operator_decorator']) retrieved from /home/airflow/.local/lib/python3.7/site-packages/airflow/example_dags/example_branch_operator_decorator.py
[2022-06-26 13:36:14,634] {logging_mixin.py:115} INFO - [2022-06-26 13:36:14,634] {dag.py:2379} INFO - Sync 1 DAGs
[2022-06-26 13:36:14,702] {logging_mixin.py:115} INFO - [2022-06-26 13:36:14,702] {dag.py:2931} INFO - Setting next_dagrun for example_branch_python_operator_decorator to 2022-06-25T00:00:00+00:00, run_after=2022-06-26T00:00:00+00:00
[2022-06-26 13:36:14,746] {processor.py:161} INFO - Processing /home/airflow/.local/lib/python3.7/site-packages/airflow/example_dags/example_branch_operator_decorator.py took 0.792 seconds
[2022-06-26 13:36:45,407] {processor.py:153} INFO - Started process (PID=1106) to work on /home/airflow/.local/lib/python3.7/site-packages/airflow/example_dags/example_branch_operator_decorator.py
[2022-06-26 13:36:45,408] {processor.py:641} INFO - Processing file /home/airflow/.local/lib/python3.7/site-packages/airflow/example_dags/example_branch_operator_decorator.py for tasks to queue
[2022-06-26 13:36:45,409] {logging_mixin.py:115} INFO - [2022-06-26 13:36:45,409] {dagbag.py:507} INFO - Filling up the DagBag from /home/airflow/.local/lib/python3.7/site-packages/airflow/example_dags/example_branch_operator_decorator.py
[2022-06-26 13:36:45,438] {processor.py:651} INFO - DAG(s) dict_keys(['example_branch_python_operator_decorator']) retrieved from /home/airflow/.local/lib/python3.7/site-packages/airflow/example_dags/example_branch_operator_decorator.py
[2022-06-26 13:36:45,709] {logging_mixin.py:115} INFO - [2022-06-26 13:36:45,709] {dag.py:2379} INFO - Sync 1 DAGs
[2022-06-26 13:36:45,744] {logging_mixin.py:115} INFO - [2022-06-26 13:36:45,744] {dag.py:2931} INFO - Setting next_dagrun for example_branch_python_operator_decorator to 2022-06-25T00:00:00+00:00, run_after=2022-06-26T00:00:00+00:00
[2022-06-26 13:36:45,762] {processor.py:161} INFO - Processing /home/airflow/.local/lib/python3.7/site-packages/airflow/example_dags/example_branch_operator_decorator.py took 0.361 seconds
[2022-06-26 13:37:16,666] {processor.py:153} INFO - Started process (PID=1159) to work on /home/airflow/.local/lib/python3.7/site-packages/airflow/example_dags/example_branch_operator_decorator.py
[2022-06-26 13:37:16,670] {processor.py:641} INFO - Processing file /home/airflow/.local/lib/python3.7/site-packages/airflow/example_dags/example_branch_operator_decorator.py for tasks to queue
[2022-06-26 13:37:16,671] {logging_mixin.py:115} INFO - [2022-06-26 13:37:16,671] {dagbag.py:507} INFO - Filling up the DagBag from /home/airflow/.local/lib/python3.7/site-packages/airflow/example_dags/example_branch_operator_decorator.py
[2022-06-26 13:37:16,734] {processor.py:651} INFO - DAG(s) dict_keys(['example_branch_python_operator_decorator']) retrieved from /home/airflow/.local/lib/python3.7/site-packages/airflow/example_dags/example_branch_operator_decorator.py
[2022-06-26 13:37:17,295] {logging_mixin.py:115} INFO - [2022-06-26 13:37:17,294] {dag.py:2379} INFO - Sync 1 DAGs
[2022-06-26 13:37:17,408] {logging_mixin.py:115} INFO - [2022-06-26 13:37:17,396] {dag.py:2931} INFO - Setting next_dagrun for example_branch_python_operator_decorator to 2022-06-25T00:00:00+00:00, run_after=2022-06-26T00:00:00+00:00
[2022-06-26 13:37:17,473] {processor.py:161} INFO - Processing /home/airflow/.local/lib/python3.7/site-packages/airflow/example_dags/example_branch_operator_decorator.py took 0.822 seconds
[2022-06-26 13:37:48,361] {processor.py:153} INFO - Started process (PID=1221) to work on /home/airflow/.local/lib/python3.7/site-packages/airflow/example_dags/example_branch_operator_decorator.py
[2022-06-26 13:37:48,363] {processor.py:641} INFO - Processing file /home/airflow/.local/lib/python3.7/site-packages/airflow/example_dags/example_branch_operator_decorator.py for tasks to queue
[2022-06-26 13:37:48,364] {logging_mixin.py:115} INFO - [2022-06-26 13:37:48,364] {dagbag.py:507} INFO - Filling up the DagBag from /home/airflow/.local/lib/python3.7/site-packages/airflow/example_dags/example_branch_operator_decorator.py
[2022-06-26 13:37:48,394] {processor.py:651} INFO - DAG(s) dict_keys(['example_branch_python_operator_decorator']) retrieved from /home/airflow/.local/lib/python3.7/site-packages/airflow/example_dags/example_branch_operator_decorator.py
[2022-06-26 13:37:48,659] {logging_mixin.py:115} INFO - [2022-06-26 13:37:48,659] {dag.py:2379} INFO - Sync 1 DAGs
[2022-06-26 13:37:48,693] {logging_mixin.py:115} INFO - [2022-06-26 13:37:48,693] {dag.py:2931} INFO - Setting next_dagrun for example_branch_python_operator_decorator to 2022-06-25T00:00:00+00:00, run_after=2022-06-26T00:00:00+00:00
[2022-06-26 13:37:48,709] {processor.py:161} INFO - Processing /home/airflow/.local/lib/python3.7/site-packages/airflow/example_dags/example_branch_operator_decorator.py took 0.353 seconds
[2022-06-26 13:38:18,796] {processor.py:153} INFO - Started process (PID=1274) to work on /home/airflow/.local/lib/python3.7/site-packages/airflow/example_dags/example_branch_operator_decorator.py
[2022-06-26 13:38:18,797] {processor.py:641} INFO - Processing file /home/airflow/.local/lib/python3.7/site-packages/airflow/example_dags/example_branch_operator_decorator.py for tasks to queue
[2022-06-26 13:38:18,798] {logging_mixin.py:115} INFO - [2022-06-26 13:38:18,798] {dagbag.py:507} INFO - Filling up the DagBag from /home/airflow/.local/lib/python3.7/site-packages/airflow/example_dags/example_branch_operator_decorator.py
[2022-06-26 13:38:18,827] {processor.py:651} INFO - DAG(s) dict_keys(['example_branch_python_operator_decorator']) retrieved from /home/airflow/.local/lib/python3.7/site-packages/airflow/example_dags/example_branch_operator_decorator.py
[2022-06-26 13:38:19,092] {logging_mixin.py:115} INFO - [2022-06-26 13:38:19,092] {dag.py:2379} INFO - Sync 1 DAGs
[2022-06-26 13:38:19,128] {logging_mixin.py:115} INFO - [2022-06-26 13:38:19,128] {dag.py:2931} INFO - Setting next_dagrun for example_branch_python_operator_decorator to 2022-06-25T00:00:00+00:00, run_after=2022-06-26T00:00:00+00:00
[2022-06-26 13:38:19,141] {processor.py:161} INFO - Processing /home/airflow/.local/lib/python3.7/site-packages/airflow/example_dags/example_branch_operator_decorator.py took 0.350 seconds
[2022-06-26 13:38:49,382] {processor.py:153} INFO - Started process (PID=1335) to work on /home/airflow/.local/lib/python3.7/site-packages/airflow/example_dags/example_branch_operator_decorator.py
[2022-06-26 13:38:49,385] {processor.py:641} INFO - Processing file /home/airflow/.local/lib/python3.7/site-packages/airflow/example_dags/example_branch_operator_decorator.py for tasks to queue
[2022-06-26 13:38:49,385] {logging_mixin.py:115} INFO - [2022-06-26 13:38:49,385] {dagbag.py:507} INFO - Filling up the DagBag from /home/airflow/.local/lib/python3.7/site-packages/airflow/example_dags/example_branch_operator_decorator.py
[2022-06-26 13:38:49,421] {processor.py:651} INFO - DAG(s) dict_keys(['example_branch_python_operator_decorator']) retrieved from /home/airflow/.local/lib/python3.7/site-packages/airflow/example_dags/example_branch_operator_decorator.py
[2022-06-26 13:38:49,712] {logging_mixin.py:115} INFO - [2022-06-26 13:38:49,712] {dag.py:2379} INFO - Sync 1 DAGs
[2022-06-26 13:38:49,749] {logging_mixin.py:115} INFO - [2022-06-26 13:38:49,749] {dag.py:2931} INFO - Setting next_dagrun for example_branch_python_operator_decorator to 2022-06-25T00:00:00+00:00, run_after=2022-06-26T00:00:00+00:00
[2022-06-26 13:38:49,784] {processor.py:161} INFO - Processing /home/airflow/.local/lib/python3.7/site-packages/airflow/example_dags/example_branch_operator_decorator.py took 0.408 seconds
[2022-06-26 13:39:20,576] {processor.py:153} INFO - Started process (PID=1391) to work on /home/airflow/.local/lib/python3.7/site-packages/airflow/example_dags/example_branch_operator_decorator.py
[2022-06-26 13:39:20,581] {processor.py:641} INFO - Processing file /home/airflow/.local/lib/python3.7/site-packages/airflow/example_dags/example_branch_operator_decorator.py for tasks to queue
[2022-06-26 13:39:20,585] {logging_mixin.py:115} INFO - [2022-06-26 13:39:20,585] {dagbag.py:507} INFO - Filling up the DagBag from /home/airflow/.local/lib/python3.7/site-packages/airflow/example_dags/example_branch_operator_decorator.py
[2022-06-26 13:39:20,720] {processor.py:651} INFO - DAG(s) dict_keys(['example_branch_python_operator_decorator']) retrieved from /home/airflow/.local/lib/python3.7/site-packages/airflow/example_dags/example_branch_operator_decorator.py
[2022-06-26 13:39:21,336] {logging_mixin.py:115} INFO - [2022-06-26 13:39:21,336] {dag.py:2379} INFO - Sync 1 DAGs
[2022-06-26 13:39:21,407] {logging_mixin.py:115} INFO - [2022-06-26 13:39:21,407] {dag.py:2931} INFO - Setting next_dagrun for example_branch_python_operator_decorator to 2022-06-25T00:00:00+00:00, run_after=2022-06-26T00:00:00+00:00
[2022-06-26 13:39:21,460] {processor.py:161} INFO - Processing /home/airflow/.local/lib/python3.7/site-packages/airflow/example_dags/example_branch_operator_decorator.py took 0.904 seconds
[2022-06-26 13:39:52,409] {processor.py:153} INFO - Started process (PID=1451) to work on /home/airflow/.local/lib/python3.7/site-packages/airflow/example_dags/example_branch_operator_decorator.py
[2022-06-26 13:39:52,414] {processor.py:641} INFO - Processing file /home/airflow/.local/lib/python3.7/site-packages/airflow/example_dags/example_branch_operator_decorator.py for tasks to queue
[2022-06-26 13:39:52,415] {logging_mixin.py:115} INFO - [2022-06-26 13:39:52,414] {dagbag.py:507} INFO - Filling up the DagBag from /home/airflow/.local/lib/python3.7/site-packages/airflow/example_dags/example_branch_operator_decorator.py
[2022-06-26 13:39:52,445] {processor.py:651} INFO - DAG(s) dict_keys(['example_branch_python_operator_decorator']) retrieved from /home/airflow/.local/lib/python3.7/site-packages/airflow/example_dags/example_branch_operator_decorator.py
[2022-06-26 13:39:52,824] {logging_mixin.py:115} INFO - [2022-06-26 13:39:52,824] {dag.py:2379} INFO - Sync 1 DAGs
[2022-06-26 13:39:52,858] {logging_mixin.py:115} INFO - [2022-06-26 13:39:52,858] {dag.py:2931} INFO - Setting next_dagrun for example_branch_python_operator_decorator to 2022-06-25T00:00:00+00:00, run_after=2022-06-26T00:00:00+00:00
[2022-06-26 13:39:52,879] {processor.py:161} INFO - Processing /home/airflow/.local/lib/python3.7/site-packages/airflow/example_dags/example_branch_operator_decorator.py took 0.476 seconds
[2022-06-26 13:40:23,722] {processor.py:153} INFO - Started process (PID=1504) to work on /home/airflow/.local/lib/python3.7/site-packages/airflow/example_dags/example_branch_operator_decorator.py
[2022-06-26 13:40:23,722] {processor.py:641} INFO - Processing file /home/airflow/.local/lib/python3.7/site-packages/airflow/example_dags/example_branch_operator_decorator.py for tasks to queue
[2022-06-26 13:40:23,723] {logging_mixin.py:115} INFO - [2022-06-26 13:40:23,723] {dagbag.py:507} INFO - Filling up the DagBag from /home/airflow/.local/lib/python3.7/site-packages/airflow/example_dags/example_branch_operator_decorator.py
[2022-06-26 13:40:23,765] {processor.py:651} INFO - DAG(s) dict_keys(['example_branch_python_operator_decorator']) retrieved from /home/airflow/.local/lib/python3.7/site-packages/airflow/example_dags/example_branch_operator_decorator.py
[2022-06-26 13:40:24,063] {logging_mixin.py:115} INFO - [2022-06-26 13:40:24,063] {dag.py:2379} INFO - Sync 1 DAGs
[2022-06-26 13:40:24,141] {logging_mixin.py:115} INFO - [2022-06-26 13:40:24,140] {dag.py:2931} INFO - Setting next_dagrun for example_branch_python_operator_decorator to 2022-06-25T00:00:00+00:00, run_after=2022-06-26T00:00:00+00:00
[2022-06-26 13:40:24,189] {processor.py:161} INFO - Processing /home/airflow/.local/lib/python3.7/site-packages/airflow/example_dags/example_branch_operator_decorator.py took 0.473 seconds
[2022-06-26 13:40:54,304] {processor.py:153} INFO - Started process (PID=1557) to work on /home/airflow/.local/lib/python3.7/site-packages/airflow/example_dags/example_branch_operator_decorator.py
[2022-06-26 13:40:54,307] {processor.py:641} INFO - Processing file /home/airflow/.local/lib/python3.7/site-packages/airflow/example_dags/example_branch_operator_decorator.py for tasks to queue
[2022-06-26 13:40:54,308] {logging_mixin.py:115} INFO - [2022-06-26 13:40:54,307] {dagbag.py:507} INFO - Filling up the DagBag from /home/airflow/.local/lib/python3.7/site-packages/airflow/example_dags/example_branch_operator_decorator.py
[2022-06-26 13:40:54,384] {processor.py:651} INFO - DAG(s) dict_keys(['example_branch_python_operator_decorator']) retrieved from /home/airflow/.local/lib/python3.7/site-packages/airflow/example_dags/example_branch_operator_decorator.py
[2022-06-26 13:40:55,389] {logging_mixin.py:115} INFO - [2022-06-26 13:40:55,389] {dag.py:2379} INFO - Sync 1 DAGs
[2022-06-26 13:40:55,481] {logging_mixin.py:115} INFO - [2022-06-26 13:40:55,481] {dag.py:2931} INFO - Setting next_dagrun for example_branch_python_operator_decorator to 2022-06-25T00:00:00+00:00, run_after=2022-06-26T00:00:00+00:00
[2022-06-26 13:40:55,584] {processor.py:161} INFO - Processing /home/airflow/.local/lib/python3.7/site-packages/airflow/example_dags/example_branch_operator_decorator.py took 1.285 seconds
[2022-06-26 13:41:26,143] {processor.py:153} INFO - Started process (PID=1619) to work on /home/airflow/.local/lib/python3.7/site-packages/airflow/example_dags/example_branch_operator_decorator.py
[2022-06-26 13:41:26,143] {processor.py:641} INFO - Processing file /home/airflow/.local/lib/python3.7/site-packages/airflow/example_dags/example_branch_operator_decorator.py for tasks to queue
[2022-06-26 13:41:26,144] {logging_mixin.py:115} INFO - [2022-06-26 13:41:26,144] {dagbag.py:507} INFO - Filling up the DagBag from /home/airflow/.local/lib/python3.7/site-packages/airflow/example_dags/example_branch_operator_decorator.py
[2022-06-26 13:41:26,197] {processor.py:651} INFO - DAG(s) dict_keys(['example_branch_python_operator_decorator']) retrieved from /home/airflow/.local/lib/python3.7/site-packages/airflow/example_dags/example_branch_operator_decorator.py
[2022-06-26 13:41:26,557] {logging_mixin.py:115} INFO - [2022-06-26 13:41:26,557] {dag.py:2379} INFO - Sync 1 DAGs
[2022-06-26 13:41:26,593] {logging_mixin.py:115} INFO - [2022-06-26 13:41:26,593] {dag.py:2931} INFO - Setting next_dagrun for example_branch_python_operator_decorator to 2022-06-25T00:00:00+00:00, run_after=2022-06-26T00:00:00+00:00
[2022-06-26 13:41:26,609] {processor.py:161} INFO - Processing /home/airflow/.local/lib/python3.7/site-packages/airflow/example_dags/example_branch_operator_decorator.py took 0.472 seconds
[2022-06-26 13:41:56,774] {processor.py:153} INFO - Started process (PID=1672) to work on /home/airflow/.local/lib/python3.7/site-packages/airflow/example_dags/example_branch_operator_decorator.py
[2022-06-26 13:41:56,776] {processor.py:641} INFO - Processing file /home/airflow/.local/lib/python3.7/site-packages/airflow/example_dags/example_branch_operator_decorator.py for tasks to queue
[2022-06-26 13:41:56,777] {logging_mixin.py:115} INFO - [2022-06-26 13:41:56,777] {dagbag.py:507} INFO - Filling up the DagBag from /home/airflow/.local/lib/python3.7/site-packages/airflow/example_dags/example_branch_operator_decorator.py
[2022-06-26 13:41:56,806] {processor.py:651} INFO - DAG(s) dict_keys(['example_branch_python_operator_decorator']) retrieved from /home/airflow/.local/lib/python3.7/site-packages/airflow/example_dags/example_branch_operator_decorator.py
[2022-06-26 13:41:57,087] {logging_mixin.py:115} INFO - [2022-06-26 13:41:57,087] {dag.py:2379} INFO - Sync 1 DAGs
[2022-06-26 13:41:57,121] {logging_mixin.py:115} INFO - [2022-06-26 13:41:57,120] {dag.py:2931} INFO - Setting next_dagrun for example_branch_python_operator_decorator to 2022-06-25T00:00:00+00:00, run_after=2022-06-26T00:00:00+00:00
[2022-06-26 13:41:57,135] {processor.py:161} INFO - Processing /home/airflow/.local/lib/python3.7/site-packages/airflow/example_dags/example_branch_operator_decorator.py took 0.367 seconds
[2022-06-26 13:42:27,496] {processor.py:153} INFO - Started process (PID=1725) to work on /home/airflow/.local/lib/python3.7/site-packages/airflow/example_dags/example_branch_operator_decorator.py
[2022-06-26 13:42:27,497] {processor.py:641} INFO - Processing file /home/airflow/.local/lib/python3.7/site-packages/airflow/example_dags/example_branch_operator_decorator.py for tasks to queue
[2022-06-26 13:42:27,498] {logging_mixin.py:115} INFO - [2022-06-26 13:42:27,498] {dagbag.py:507} INFO - Filling up the DagBag from /home/airflow/.local/lib/python3.7/site-packages/airflow/example_dags/example_branch_operator_decorator.py
[2022-06-26 13:42:27,535] {processor.py:651} INFO - DAG(s) dict_keys(['example_branch_python_operator_decorator']) retrieved from /home/airflow/.local/lib/python3.7/site-packages/airflow/example_dags/example_branch_operator_decorator.py
[2022-06-26 13:42:28,069] {logging_mixin.py:115} INFO - [2022-06-26 13:42:28,069] {dag.py:2379} INFO - Sync 1 DAGs
[2022-06-26 13:42:28,131] {logging_mixin.py:115} INFO - [2022-06-26 13:42:28,131] {dag.py:2931} INFO - Setting next_dagrun for example_branch_python_operator_decorator to 2022-06-25T00:00:00+00:00, run_after=2022-06-26T00:00:00+00:00
[2022-06-26 13:42:28,193] {processor.py:161} INFO - Processing /home/airflow/.local/lib/python3.7/site-packages/airflow/example_dags/example_branch_operator_decorator.py took 0.714 seconds
[2022-06-26 13:42:59,016] {processor.py:153} INFO - Started process (PID=1787) to work on /home/airflow/.local/lib/python3.7/site-packages/airflow/example_dags/example_branch_operator_decorator.py
[2022-06-26 13:42:59,022] {processor.py:641} INFO - Processing file /home/airflow/.local/lib/python3.7/site-packages/airflow/example_dags/example_branch_operator_decorator.py for tasks to queue
[2022-06-26 13:42:59,022] {logging_mixin.py:115} INFO - [2022-06-26 13:42:59,022] {dagbag.py:507} INFO - Filling up the DagBag from /home/airflow/.local/lib/python3.7/site-packages/airflow/example_dags/example_branch_operator_decorator.py
[2022-06-26 13:42:59,099] {processor.py:651} INFO - DAG(s) dict_keys(['example_branch_python_operator_decorator']) retrieved from /home/airflow/.local/lib/python3.7/site-packages/airflow/example_dags/example_branch_operator_decorator.py
[2022-06-26 13:42:59,622] {logging_mixin.py:115} INFO - [2022-06-26 13:42:59,622] {dag.py:2379} INFO - Sync 1 DAGs
[2022-06-26 13:42:59,662] {logging_mixin.py:115} INFO - [2022-06-26 13:42:59,661] {dag.py:2931} INFO - Setting next_dagrun for example_branch_python_operator_decorator to 2022-06-25T00:00:00+00:00, run_after=2022-06-26T00:00:00+00:00
[2022-06-26 13:42:59,683] {processor.py:161} INFO - Processing /home/airflow/.local/lib/python3.7/site-packages/airflow/example_dags/example_branch_operator_decorator.py took 0.683 seconds
