[2022-06-26 12:35:20,323] {processor.py:153} INFO - Started process (PID=90) to work on /home/airflow/.local/lib/python3.7/site-packages/airflow/example_dags/example_branch_datetime_operator.py
[2022-06-26 12:35:20,329] {processor.py:641} INFO - Processing file /home/airflow/.local/lib/python3.7/site-packages/airflow/example_dags/example_branch_datetime_operator.py for tasks to queue
[2022-06-26 12:35:20,342] {logging_mixin.py:115} INFO - [2022-06-26 12:35:20,341] {dagbag.py:507} INFO - Filling up the DagBag from /home/airflow/.local/lib/python3.7/site-packages/airflow/example_dags/example_branch_datetime_operator.py
[2022-06-26 12:35:20,383] {processor.py:651} INFO - DAG(s) dict_keys(['example_branch_datetime_operator_2']) retrieved from /home/airflow/.local/lib/python3.7/site-packages/airflow/example_dags/example_branch_datetime_operator.py
[2022-06-26 12:35:21,466] {logging_mixin.py:115} INFO - [2022-06-26 12:35:21,466] {manager.py:508} INFO - Created Permission View: can delete on DAG:example_branch_datetime_operator_2
[2022-06-26 12:35:21,514] {logging_mixin.py:115} INFO - [2022-06-26 12:35:21,514] {manager.py:508} INFO - Created Permission View: can edit on DAG:example_branch_datetime_operator_2
[2022-06-26 12:35:21,571] {logging_mixin.py:115} INFO - [2022-06-26 12:35:21,571] {manager.py:508} INFO - Created Permission View: can read on DAG:example_branch_datetime_operator_2
[2022-06-26 12:35:21,571] {logging_mixin.py:115} INFO - [2022-06-26 12:35:21,571] {dag.py:2379} INFO - Sync 1 DAGs
[2022-06-26 12:35:21,634] {logging_mixin.py:115} INFO - [2022-06-26 12:35:21,634] {dag.py:2398} INFO - Creating ORM DAG for example_branch_datetime_operator_2
[2022-06-26 12:35:21,762] {logging_mixin.py:115} INFO - [2022-06-26 12:35:21,762] {dag.py:2931} INFO - Setting next_dagrun for example_branch_datetime_operator_2 to 2022-06-25T00:00:00+00:00, run_after=2022-06-26T00:00:00+00:00
[2022-06-26 12:35:21,844] {processor.py:161} INFO - Processing /home/airflow/.local/lib/python3.7/site-packages/airflow/example_dags/example_branch_datetime_operator.py took 1.526 seconds
[2022-06-26 12:35:52,177] {processor.py:153} INFO - Started process (PID=144) to work on /home/airflow/.local/lib/python3.7/site-packages/airflow/example_dags/example_branch_datetime_operator.py
[2022-06-26 12:35:52,178] {processor.py:641} INFO - Processing file /home/airflow/.local/lib/python3.7/site-packages/airflow/example_dags/example_branch_datetime_operator.py for tasks to queue
[2022-06-26 12:35:52,179] {logging_mixin.py:115} INFO - [2022-06-26 12:35:52,178] {dagbag.py:507} INFO - Filling up the DagBag from /home/airflow/.local/lib/python3.7/site-packages/airflow/example_dags/example_branch_datetime_operator.py
[2022-06-26 12:35:52,207] {processor.py:651} INFO - DAG(s) dict_keys(['example_branch_datetime_operator_2']) retrieved from /home/airflow/.local/lib/python3.7/site-packages/airflow/example_dags/example_branch_datetime_operator.py
[2022-06-26 12:35:52,305] {logging_mixin.py:115} INFO - [2022-06-26 12:35:52,304] {dag.py:2379} INFO - Sync 1 DAGs
[2022-06-26 12:35:52,760] {logging_mixin.py:115} INFO - [2022-06-26 12:35:52,760] {dag.py:2931} INFO - Setting next_dagrun for example_branch_datetime_operator_2 to 2022-06-25T00:00:00+00:00, run_after=2022-06-26T00:00:00+00:00
[2022-06-26 12:35:52,839] {processor.py:161} INFO - Processing /home/airflow/.local/lib/python3.7/site-packages/airflow/example_dags/example_branch_datetime_operator.py took 0.684 seconds
[2022-06-26 12:36:23,197] {processor.py:153} INFO - Started process (PID=205) to work on /home/airflow/.local/lib/python3.7/site-packages/airflow/example_dags/example_branch_datetime_operator.py
[2022-06-26 12:36:23,214] {processor.py:641} INFO - Processing file /home/airflow/.local/lib/python3.7/site-packages/airflow/example_dags/example_branch_datetime_operator.py for tasks to queue
[2022-06-26 12:36:23,215] {logging_mixin.py:115} INFO - [2022-06-26 12:36:23,215] {dagbag.py:507} INFO - Filling up the DagBag from /home/airflow/.local/lib/python3.7/site-packages/airflow/example_dags/example_branch_datetime_operator.py
[2022-06-26 12:36:23,243] {processor.py:651} INFO - DAG(s) dict_keys(['example_branch_datetime_operator_2']) retrieved from /home/airflow/.local/lib/python3.7/site-packages/airflow/example_dags/example_branch_datetime_operator.py
[2022-06-26 12:36:23,357] {logging_mixin.py:115} INFO - [2022-06-26 12:36:23,357] {dag.py:2379} INFO - Sync 1 DAGs
[2022-06-26 12:36:24,207] {logging_mixin.py:115} INFO - [2022-06-26 12:36:24,207] {dag.py:2931} INFO - Setting next_dagrun for example_branch_datetime_operator_2 to 2022-06-25T00:00:00+00:00, run_after=2022-06-26T00:00:00+00:00
[2022-06-26 12:36:24,275] {processor.py:161} INFO - Processing /home/airflow/.local/lib/python3.7/site-packages/airflow/example_dags/example_branch_datetime_operator.py took 1.095 seconds
[2022-06-26 12:36:54,911] {processor.py:153} INFO - Started process (PID=258) to work on /home/airflow/.local/lib/python3.7/site-packages/airflow/example_dags/example_branch_datetime_operator.py
[2022-06-26 12:36:54,912] {processor.py:641} INFO - Processing file /home/airflow/.local/lib/python3.7/site-packages/airflow/example_dags/example_branch_datetime_operator.py for tasks to queue
[2022-06-26 12:36:54,913] {logging_mixin.py:115} INFO - [2022-06-26 12:36:54,913] {dagbag.py:507} INFO - Filling up the DagBag from /home/airflow/.local/lib/python3.7/site-packages/airflow/example_dags/example_branch_datetime_operator.py
[2022-06-26 12:36:54,941] {processor.py:651} INFO - DAG(s) dict_keys(['example_branch_datetime_operator_2']) retrieved from /home/airflow/.local/lib/python3.7/site-packages/airflow/example_dags/example_branch_datetime_operator.py
[2022-06-26 12:36:55,026] {logging_mixin.py:115} INFO - [2022-06-26 12:36:55,026] {dag.py:2379} INFO - Sync 1 DAGs
[2022-06-26 12:36:55,548] {logging_mixin.py:115} INFO - [2022-06-26 12:36:55,548] {dag.py:2931} INFO - Setting next_dagrun for example_branch_datetime_operator_2 to 2022-06-25T00:00:00+00:00, run_after=2022-06-26T00:00:00+00:00
[2022-06-26 12:36:55,597] {processor.py:161} INFO - Processing /home/airflow/.local/lib/python3.7/site-packages/airflow/example_dags/example_branch_datetime_operator.py took 0.697 seconds
[2022-06-26 12:37:26,074] {processor.py:153} INFO - Started process (PID=312) to work on /home/airflow/.local/lib/python3.7/site-packages/airflow/example_dags/example_branch_datetime_operator.py
[2022-06-26 12:37:26,090] {processor.py:641} INFO - Processing file /home/airflow/.local/lib/python3.7/site-packages/airflow/example_dags/example_branch_datetime_operator.py for tasks to queue
[2022-06-26 12:37:26,091] {logging_mixin.py:115} INFO - [2022-06-26 12:37:26,091] {dagbag.py:507} INFO - Filling up the DagBag from /home/airflow/.local/lib/python3.7/site-packages/airflow/example_dags/example_branch_datetime_operator.py
[2022-06-26 12:37:26,111] {processor.py:651} INFO - DAG(s) dict_keys(['example_branch_datetime_operator_2']) retrieved from /home/airflow/.local/lib/python3.7/site-packages/airflow/example_dags/example_branch_datetime_operator.py
[2022-06-26 12:37:26,205] {logging_mixin.py:115} INFO - [2022-06-26 12:37:26,205] {dag.py:2379} INFO - Sync 1 DAGs
[2022-06-26 12:37:26,832] {logging_mixin.py:115} INFO - [2022-06-26 12:37:26,831] {dag.py:2931} INFO - Setting next_dagrun for example_branch_datetime_operator_2 to 2022-06-25T00:00:00+00:00, run_after=2022-06-26T00:00:00+00:00
[2022-06-26 12:37:26,891] {processor.py:161} INFO - Processing /home/airflow/.local/lib/python3.7/site-packages/airflow/example_dags/example_branch_datetime_operator.py took 0.825 seconds
[2022-06-26 12:37:56,966] {processor.py:153} INFO - Started process (PID=373) to work on /home/airflow/.local/lib/python3.7/site-packages/airflow/example_dags/example_branch_datetime_operator.py
[2022-06-26 12:37:56,982] {processor.py:641} INFO - Processing file /home/airflow/.local/lib/python3.7/site-packages/airflow/example_dags/example_branch_datetime_operator.py for tasks to queue
[2022-06-26 12:37:56,983] {logging_mixin.py:115} INFO - [2022-06-26 12:37:56,983] {dagbag.py:507} INFO - Filling up the DagBag from /home/airflow/.local/lib/python3.7/site-packages/airflow/example_dags/example_branch_datetime_operator.py
[2022-06-26 12:37:57,015] {processor.py:651} INFO - DAG(s) dict_keys(['example_branch_datetime_operator_2']) retrieved from /home/airflow/.local/lib/python3.7/site-packages/airflow/example_dags/example_branch_datetime_operator.py
[2022-06-26 12:37:57,056] {logging_mixin.py:115} INFO - [2022-06-26 12:37:57,056] {dag.py:2379} INFO - Sync 1 DAGs
[2022-06-26 12:37:57,339] {logging_mixin.py:115} INFO - [2022-06-26 12:37:57,339] {dag.py:2931} INFO - Setting next_dagrun for example_branch_datetime_operator_2 to 2022-06-25T00:00:00+00:00, run_after=2022-06-26T00:00:00+00:00
[2022-06-26 12:37:57,355] {processor.py:161} INFO - Processing /home/airflow/.local/lib/python3.7/site-packages/airflow/example_dags/example_branch_datetime_operator.py took 0.405 seconds
[2022-06-26 12:38:27,517] {processor.py:153} INFO - Started process (PID=426) to work on /home/airflow/.local/lib/python3.7/site-packages/airflow/example_dags/example_branch_datetime_operator.py
[2022-06-26 12:38:27,521] {processor.py:641} INFO - Processing file /home/airflow/.local/lib/python3.7/site-packages/airflow/example_dags/example_branch_datetime_operator.py for tasks to queue
[2022-06-26 12:38:27,523] {logging_mixin.py:115} INFO - [2022-06-26 12:38:27,522] {dagbag.py:507} INFO - Filling up the DagBag from /home/airflow/.local/lib/python3.7/site-packages/airflow/example_dags/example_branch_datetime_operator.py
[2022-06-26 12:38:27,535] {processor.py:651} INFO - DAG(s) dict_keys(['example_branch_datetime_operator_2']) retrieved from /home/airflow/.local/lib/python3.7/site-packages/airflow/example_dags/example_branch_datetime_operator.py
[2022-06-26 12:38:27,581] {logging_mixin.py:115} INFO - [2022-06-26 12:38:27,581] {dag.py:2379} INFO - Sync 1 DAGs
[2022-06-26 12:38:27,840] {logging_mixin.py:115} INFO - [2022-06-26 12:38:27,840] {dag.py:2931} INFO - Setting next_dagrun for example_branch_datetime_operator_2 to 2022-06-25T00:00:00+00:00, run_after=2022-06-26T00:00:00+00:00
[2022-06-26 12:38:27,856] {processor.py:161} INFO - Processing /home/airflow/.local/lib/python3.7/site-packages/airflow/example_dags/example_branch_datetime_operator.py took 0.348 seconds
[2022-06-26 12:38:58,247] {processor.py:153} INFO - Started process (PID=487) to work on /home/airflow/.local/lib/python3.7/site-packages/airflow/example_dags/example_branch_datetime_operator.py
[2022-06-26 12:38:58,266] {processor.py:641} INFO - Processing file /home/airflow/.local/lib/python3.7/site-packages/airflow/example_dags/example_branch_datetime_operator.py for tasks to queue
[2022-06-26 12:38:58,267] {logging_mixin.py:115} INFO - [2022-06-26 12:38:58,267] {dagbag.py:507} INFO - Filling up the DagBag from /home/airflow/.local/lib/python3.7/site-packages/airflow/example_dags/example_branch_datetime_operator.py
[2022-06-26 12:38:58,289] {processor.py:651} INFO - DAG(s) dict_keys(['example_branch_datetime_operator_2']) retrieved from /home/airflow/.local/lib/python3.7/site-packages/airflow/example_dags/example_branch_datetime_operator.py
[2022-06-26 12:38:58,373] {logging_mixin.py:115} INFO - [2022-06-26 12:38:58,373] {dag.py:2379} INFO - Sync 1 DAGs
[2022-06-26 12:38:58,662] {logging_mixin.py:115} INFO - [2022-06-26 12:38:58,662] {dag.py:2931} INFO - Setting next_dagrun for example_branch_datetime_operator_2 to 2022-06-25T00:00:00+00:00, run_after=2022-06-26T00:00:00+00:00
[2022-06-26 12:38:58,681] {processor.py:161} INFO - Processing /home/airflow/.local/lib/python3.7/site-packages/airflow/example_dags/example_branch_datetime_operator.py took 0.439 seconds
[2022-06-26 12:39:28,726] {processor.py:153} INFO - Started process (PID=539) to work on /home/airflow/.local/lib/python3.7/site-packages/airflow/example_dags/example_branch_datetime_operator.py
[2022-06-26 12:39:28,729] {processor.py:641} INFO - Processing file /home/airflow/.local/lib/python3.7/site-packages/airflow/example_dags/example_branch_datetime_operator.py for tasks to queue
[2022-06-26 12:39:28,730] {logging_mixin.py:115} INFO - [2022-06-26 12:39:28,730] {dagbag.py:507} INFO - Filling up the DagBag from /home/airflow/.local/lib/python3.7/site-packages/airflow/example_dags/example_branch_datetime_operator.py
[2022-06-26 12:39:28,742] {processor.py:651} INFO - DAG(s) dict_keys(['example_branch_datetime_operator_2']) retrieved from /home/airflow/.local/lib/python3.7/site-packages/airflow/example_dags/example_branch_datetime_operator.py
[2022-06-26 12:39:28,782] {logging_mixin.py:115} INFO - [2022-06-26 12:39:28,782] {dag.py:2379} INFO - Sync 1 DAGs
[2022-06-26 12:39:29,028] {logging_mixin.py:115} INFO - [2022-06-26 12:39:29,027] {dag.py:2931} INFO - Setting next_dagrun for example_branch_datetime_operator_2 to 2022-06-25T00:00:00+00:00, run_after=2022-06-26T00:00:00+00:00
[2022-06-26 12:39:29,043] {processor.py:161} INFO - Processing /home/airflow/.local/lib/python3.7/site-packages/airflow/example_dags/example_branch_datetime_operator.py took 0.323 seconds
[2022-06-26 12:39:59,605] {processor.py:153} INFO - Started process (PID=602) to work on /home/airflow/.local/lib/python3.7/site-packages/airflow/example_dags/example_branch_datetime_operator.py
[2022-06-26 12:39:59,607] {processor.py:641} INFO - Processing file /home/airflow/.local/lib/python3.7/site-packages/airflow/example_dags/example_branch_datetime_operator.py for tasks to queue
[2022-06-26 12:39:59,608] {logging_mixin.py:115} INFO - [2022-06-26 12:39:59,608] {dagbag.py:507} INFO - Filling up the DagBag from /home/airflow/.local/lib/python3.7/site-packages/airflow/example_dags/example_branch_datetime_operator.py
[2022-06-26 12:39:59,620] {processor.py:651} INFO - DAG(s) dict_keys(['example_branch_datetime_operator_2']) retrieved from /home/airflow/.local/lib/python3.7/site-packages/airflow/example_dags/example_branch_datetime_operator.py
[2022-06-26 12:39:59,662] {logging_mixin.py:115} INFO - [2022-06-26 12:39:59,662] {dag.py:2379} INFO - Sync 1 DAGs
[2022-06-26 12:40:00,109] {logging_mixin.py:115} INFO - [2022-06-26 12:40:00,109] {dag.py:2931} INFO - Setting next_dagrun for example_branch_datetime_operator_2 to 2022-06-25T00:00:00+00:00, run_after=2022-06-26T00:00:00+00:00
[2022-06-26 12:40:00,167] {processor.py:161} INFO - Processing /home/airflow/.local/lib/python3.7/site-packages/airflow/example_dags/example_branch_datetime_operator.py took 0.567 seconds
[2022-06-26 12:40:30,894] {processor.py:153} INFO - Started process (PID=661) to work on /home/airflow/.local/lib/python3.7/site-packages/airflow/example_dags/example_branch_datetime_operator.py
[2022-06-26 12:40:30,906] {processor.py:641} INFO - Processing file /home/airflow/.local/lib/python3.7/site-packages/airflow/example_dags/example_branch_datetime_operator.py for tasks to queue
[2022-06-26 12:40:30,907] {logging_mixin.py:115} INFO - [2022-06-26 12:40:30,907] {dagbag.py:507} INFO - Filling up the DagBag from /home/airflow/.local/lib/python3.7/site-packages/airflow/example_dags/example_branch_datetime_operator.py
[2022-06-26 12:40:30,930] {processor.py:651} INFO - DAG(s) dict_keys(['example_branch_datetime_operator_2']) retrieved from /home/airflow/.local/lib/python3.7/site-packages/airflow/example_dags/example_branch_datetime_operator.py
[2022-06-26 12:40:31,022] {logging_mixin.py:115} INFO - [2022-06-26 12:40:31,022] {dag.py:2379} INFO - Sync 1 DAGs
[2022-06-26 12:40:31,458] {logging_mixin.py:115} INFO - [2022-06-26 12:40:31,458] {dag.py:2931} INFO - Setting next_dagrun for example_branch_datetime_operator_2 to 2022-06-25T00:00:00+00:00, run_after=2022-06-26T00:00:00+00:00
[2022-06-26 12:40:31,488] {processor.py:161} INFO - Processing /home/airflow/.local/lib/python3.7/site-packages/airflow/example_dags/example_branch_datetime_operator.py took 0.599 seconds
[2022-06-26 12:41:01,925] {processor.py:153} INFO - Started process (PID=716) to work on /home/airflow/.local/lib/python3.7/site-packages/airflow/example_dags/example_branch_datetime_operator.py
[2022-06-26 12:41:01,926] {processor.py:641} INFO - Processing file /home/airflow/.local/lib/python3.7/site-packages/airflow/example_dags/example_branch_datetime_operator.py for tasks to queue
[2022-06-26 12:41:01,927] {logging_mixin.py:115} INFO - [2022-06-26 12:41:01,927] {dagbag.py:507} INFO - Filling up the DagBag from /home/airflow/.local/lib/python3.7/site-packages/airflow/example_dags/example_branch_datetime_operator.py
[2022-06-26 12:41:01,971] {processor.py:651} INFO - DAG(s) dict_keys(['example_branch_datetime_operator_2']) retrieved from /home/airflow/.local/lib/python3.7/site-packages/airflow/example_dags/example_branch_datetime_operator.py
[2022-06-26 12:41:02,059] {logging_mixin.py:115} INFO - [2022-06-26 12:41:02,059] {dag.py:2379} INFO - Sync 1 DAGs
[2022-06-26 12:41:02,469] {logging_mixin.py:115} INFO - [2022-06-26 12:41:02,468] {dag.py:2931} INFO - Setting next_dagrun for example_branch_datetime_operator_2 to 2022-06-25T00:00:00+00:00, run_after=2022-06-26T00:00:00+00:00
[2022-06-26 12:41:02,484] {processor.py:161} INFO - Processing /home/airflow/.local/lib/python3.7/site-packages/airflow/example_dags/example_branch_datetime_operator.py took 0.577 seconds
[2022-06-26 12:41:33,349] {processor.py:153} INFO - Started process (PID=777) to work on /home/airflow/.local/lib/python3.7/site-packages/airflow/example_dags/example_branch_datetime_operator.py
[2022-06-26 12:41:33,351] {processor.py:641} INFO - Processing file /home/airflow/.local/lib/python3.7/site-packages/airflow/example_dags/example_branch_datetime_operator.py for tasks to queue
[2022-06-26 12:41:33,352] {logging_mixin.py:115} INFO - [2022-06-26 12:41:33,352] {dagbag.py:507} INFO - Filling up the DagBag from /home/airflow/.local/lib/python3.7/site-packages/airflow/example_dags/example_branch_datetime_operator.py
[2022-06-26 12:41:33,365] {processor.py:651} INFO - DAG(s) dict_keys(['example_branch_datetime_operator_2']) retrieved from /home/airflow/.local/lib/python3.7/site-packages/airflow/example_dags/example_branch_datetime_operator.py
[2022-06-26 12:41:33,407] {logging_mixin.py:115} INFO - [2022-06-26 12:41:33,407] {dag.py:2379} INFO - Sync 1 DAGs
[2022-06-26 12:41:33,670] {logging_mixin.py:115} INFO - [2022-06-26 12:41:33,670] {dag.py:2931} INFO - Setting next_dagrun for example_branch_datetime_operator_2 to 2022-06-25T00:00:00+00:00, run_after=2022-06-26T00:00:00+00:00
[2022-06-26 12:41:33,687] {processor.py:161} INFO - Processing /home/airflow/.local/lib/python3.7/site-packages/airflow/example_dags/example_branch_datetime_operator.py took 0.343 seconds
[2022-06-26 12:42:04,335] {processor.py:153} INFO - Started process (PID=829) to work on /home/airflow/.local/lib/python3.7/site-packages/airflow/example_dags/example_branch_datetime_operator.py
[2022-06-26 12:42:04,336] {processor.py:641} INFO - Processing file /home/airflow/.local/lib/python3.7/site-packages/airflow/example_dags/example_branch_datetime_operator.py for tasks to queue
[2022-06-26 12:42:04,349] {logging_mixin.py:115} INFO - [2022-06-26 12:42:04,349] {dagbag.py:507} INFO - Filling up the DagBag from /home/airflow/.local/lib/python3.7/site-packages/airflow/example_dags/example_branch_datetime_operator.py
[2022-06-26 12:42:04,382] {processor.py:651} INFO - DAG(s) dict_keys(['example_branch_datetime_operator_2']) retrieved from /home/airflow/.local/lib/python3.7/site-packages/airflow/example_dags/example_branch_datetime_operator.py
[2022-06-26 12:42:04,507] {logging_mixin.py:115} INFO - [2022-06-26 12:42:04,507] {dag.py:2379} INFO - Sync 1 DAGs
[2022-06-26 12:42:05,292] {logging_mixin.py:115} INFO - [2022-06-26 12:42:05,291] {dag.py:2931} INFO - Setting next_dagrun for example_branch_datetime_operator_2 to 2022-06-25T00:00:00+00:00, run_after=2022-06-26T00:00:00+00:00
[2022-06-26 12:42:05,380] {processor.py:161} INFO - Processing /home/airflow/.local/lib/python3.7/site-packages/airflow/example_dags/example_branch_datetime_operator.py took 1.056 seconds
[2022-06-26 12:42:36,382] {processor.py:153} INFO - Started process (PID=889) to work on /home/airflow/.local/lib/python3.7/site-packages/airflow/example_dags/example_branch_datetime_operator.py
[2022-06-26 12:42:36,383] {processor.py:641} INFO - Processing file /home/airflow/.local/lib/python3.7/site-packages/airflow/example_dags/example_branch_datetime_operator.py for tasks to queue
[2022-06-26 12:42:36,384] {logging_mixin.py:115} INFO - [2022-06-26 12:42:36,384] {dagbag.py:507} INFO - Filling up the DagBag from /home/airflow/.local/lib/python3.7/site-packages/airflow/example_dags/example_branch_datetime_operator.py
[2022-06-26 12:42:36,393] {processor.py:651} INFO - DAG(s) dict_keys(['example_branch_datetime_operator_2']) retrieved from /home/airflow/.local/lib/python3.7/site-packages/airflow/example_dags/example_branch_datetime_operator.py
[2022-06-26 12:42:36,423] {logging_mixin.py:115} INFO - [2022-06-26 12:42:36,422] {dag.py:2379} INFO - Sync 1 DAGs
[2022-06-26 12:42:36,609] {logging_mixin.py:115} INFO - [2022-06-26 12:42:36,609] {dag.py:2931} INFO - Setting next_dagrun for example_branch_datetime_operator_2 to 2022-06-25T00:00:00+00:00, run_after=2022-06-26T00:00:00+00:00
[2022-06-26 12:42:36,621] {processor.py:161} INFO - Processing /home/airflow/.local/lib/python3.7/site-packages/airflow/example_dags/example_branch_datetime_operator.py took 0.245 seconds
[2022-06-26 12:43:06,888] {processor.py:153} INFO - Started process (PID=941) to work on /home/airflow/.local/lib/python3.7/site-packages/airflow/example_dags/example_branch_datetime_operator.py
[2022-06-26 12:43:06,890] {processor.py:641} INFO - Processing file /home/airflow/.local/lib/python3.7/site-packages/airflow/example_dags/example_branch_datetime_operator.py for tasks to queue
[2022-06-26 12:43:06,891] {logging_mixin.py:115} INFO - [2022-06-26 12:43:06,891] {dagbag.py:507} INFO - Filling up the DagBag from /home/airflow/.local/lib/python3.7/site-packages/airflow/example_dags/example_branch_datetime_operator.py
[2022-06-26 12:43:06,902] {processor.py:651} INFO - DAG(s) dict_keys(['example_branch_datetime_operator_2']) retrieved from /home/airflow/.local/lib/python3.7/site-packages/airflow/example_dags/example_branch_datetime_operator.py
[2022-06-26 12:43:06,932] {logging_mixin.py:115} INFO - [2022-06-26 12:43:06,932] {dag.py:2379} INFO - Sync 1 DAGs
[2022-06-26 12:43:07,122] {logging_mixin.py:115} INFO - [2022-06-26 12:43:07,121] {dag.py:2931} INFO - Setting next_dagrun for example_branch_datetime_operator_2 to 2022-06-25T00:00:00+00:00, run_after=2022-06-26T00:00:00+00:00
[2022-06-26 12:43:07,137] {processor.py:161} INFO - Processing /home/airflow/.local/lib/python3.7/site-packages/airflow/example_dags/example_branch_datetime_operator.py took 0.254 seconds
[2022-06-26 12:43:38,262] {processor.py:153} INFO - Started process (PID=1002) to work on /home/airflow/.local/lib/python3.7/site-packages/airflow/example_dags/example_branch_datetime_operator.py
[2022-06-26 12:43:38,272] {processor.py:641} INFO - Processing file /home/airflow/.local/lib/python3.7/site-packages/airflow/example_dags/example_branch_datetime_operator.py for tasks to queue
[2022-06-26 12:43:38,273] {logging_mixin.py:115} INFO - [2022-06-26 12:43:38,273] {dagbag.py:507} INFO - Filling up the DagBag from /home/airflow/.local/lib/python3.7/site-packages/airflow/example_dags/example_branch_datetime_operator.py
[2022-06-26 12:43:38,285] {processor.py:651} INFO - DAG(s) dict_keys(['example_branch_datetime_operator_2']) retrieved from /home/airflow/.local/lib/python3.7/site-packages/airflow/example_dags/example_branch_datetime_operator.py
[2022-06-26 12:43:38,341] {logging_mixin.py:115} INFO - [2022-06-26 12:43:38,341] {dag.py:2379} INFO - Sync 1 DAGs
[2022-06-26 12:43:38,624] {logging_mixin.py:115} INFO - [2022-06-26 12:43:38,623] {dag.py:2931} INFO - Setting next_dagrun for example_branch_datetime_operator_2 to 2022-06-25T00:00:00+00:00, run_after=2022-06-26T00:00:00+00:00
[2022-06-26 12:43:38,660] {processor.py:161} INFO - Processing /home/airflow/.local/lib/python3.7/site-packages/airflow/example_dags/example_branch_datetime_operator.py took 0.404 seconds
[2022-06-26 12:44:09,164] {processor.py:153} INFO - Started process (PID=1054) to work on /home/airflow/.local/lib/python3.7/site-packages/airflow/example_dags/example_branch_datetime_operator.py
[2022-06-26 12:44:09,173] {processor.py:641} INFO - Processing file /home/airflow/.local/lib/python3.7/site-packages/airflow/example_dags/example_branch_datetime_operator.py for tasks to queue
[2022-06-26 12:44:09,174] {logging_mixin.py:115} INFO - [2022-06-26 12:44:09,174] {dagbag.py:507} INFO - Filling up the DagBag from /home/airflow/.local/lib/python3.7/site-packages/airflow/example_dags/example_branch_datetime_operator.py
[2022-06-26 12:44:09,196] {processor.py:651} INFO - DAG(s) dict_keys(['example_branch_datetime_operator_2']) retrieved from /home/airflow/.local/lib/python3.7/site-packages/airflow/example_dags/example_branch_datetime_operator.py
[2022-06-26 12:44:09,274] {logging_mixin.py:115} INFO - [2022-06-26 12:44:09,273] {dag.py:2379} INFO - Sync 1 DAGs
[2022-06-26 12:44:09,736] {logging_mixin.py:115} INFO - [2022-06-26 12:44:09,736] {dag.py:2931} INFO - Setting next_dagrun for example_branch_datetime_operator_2 to 2022-06-25T00:00:00+00:00, run_after=2022-06-26T00:00:00+00:00
[2022-06-26 12:44:09,777] {processor.py:161} INFO - Processing /home/airflow/.local/lib/python3.7/site-packages/airflow/example_dags/example_branch_datetime_operator.py took 0.623 seconds
[2022-06-26 12:44:40,338] {processor.py:153} INFO - Started process (PID=1115) to work on /home/airflow/.local/lib/python3.7/site-packages/airflow/example_dags/example_branch_datetime_operator.py
[2022-06-26 12:44:40,355] {processor.py:641} INFO - Processing file /home/airflow/.local/lib/python3.7/site-packages/airflow/example_dags/example_branch_datetime_operator.py for tasks to queue
[2022-06-26 12:44:40,355] {logging_mixin.py:115} INFO - [2022-06-26 12:44:40,355] {dagbag.py:507} INFO - Filling up the DagBag from /home/airflow/.local/lib/python3.7/site-packages/airflow/example_dags/example_branch_datetime_operator.py
[2022-06-26 12:44:40,372] {processor.py:651} INFO - DAG(s) dict_keys(['example_branch_datetime_operator_2']) retrieved from /home/airflow/.local/lib/python3.7/site-packages/airflow/example_dags/example_branch_datetime_operator.py
[2022-06-26 12:44:40,453] {logging_mixin.py:115} INFO - [2022-06-26 12:44:40,453] {dag.py:2379} INFO - Sync 1 DAGs
[2022-06-26 12:44:40,836] {logging_mixin.py:115} INFO - [2022-06-26 12:44:40,835] {dag.py:2931} INFO - Setting next_dagrun for example_branch_datetime_operator_2 to 2022-06-25T00:00:00+00:00, run_after=2022-06-26T00:00:00+00:00
[2022-06-26 12:44:40,880] {processor.py:161} INFO - Processing /home/airflow/.local/lib/python3.7/site-packages/airflow/example_dags/example_branch_datetime_operator.py took 0.552 seconds
[2022-06-26 12:45:11,721] {processor.py:153} INFO - Started process (PID=1168) to work on /home/airflow/.local/lib/python3.7/site-packages/airflow/example_dags/example_branch_datetime_operator.py
[2022-06-26 12:45:11,721] {processor.py:641} INFO - Processing file /home/airflow/.local/lib/python3.7/site-packages/airflow/example_dags/example_branch_datetime_operator.py for tasks to queue
[2022-06-26 12:45:11,722] {logging_mixin.py:115} INFO - [2022-06-26 12:45:11,722] {dagbag.py:507} INFO - Filling up the DagBag from /home/airflow/.local/lib/python3.7/site-packages/airflow/example_dags/example_branch_datetime_operator.py
[2022-06-26 12:45:11,737] {processor.py:651} INFO - DAG(s) dict_keys(['example_branch_datetime_operator_2']) retrieved from /home/airflow/.local/lib/python3.7/site-packages/airflow/example_dags/example_branch_datetime_operator.py
[2022-06-26 12:45:11,785] {logging_mixin.py:115} INFO - [2022-06-26 12:45:11,784] {dag.py:2379} INFO - Sync 1 DAGs
[2022-06-26 12:45:12,046] {logging_mixin.py:115} INFO - [2022-06-26 12:45:12,046] {dag.py:2931} INFO - Setting next_dagrun for example_branch_datetime_operator_2 to 2022-06-25T00:00:00+00:00, run_after=2022-06-26T00:00:00+00:00
[2022-06-26 12:45:12,065] {processor.py:161} INFO - Processing /home/airflow/.local/lib/python3.7/site-packages/airflow/example_dags/example_branch_datetime_operator.py took 0.354 seconds
[2022-06-26 12:45:42,303] {processor.py:153} INFO - Started process (PID=1220) to work on /home/airflow/.local/lib/python3.7/site-packages/airflow/example_dags/example_branch_datetime_operator.py
[2022-06-26 12:45:42,307] {processor.py:641} INFO - Processing file /home/airflow/.local/lib/python3.7/site-packages/airflow/example_dags/example_branch_datetime_operator.py for tasks to queue
[2022-06-26 12:45:42,308] {logging_mixin.py:115} INFO - [2022-06-26 12:45:42,308] {dagbag.py:507} INFO - Filling up the DagBag from /home/airflow/.local/lib/python3.7/site-packages/airflow/example_dags/example_branch_datetime_operator.py
[2022-06-26 12:45:42,321] {processor.py:651} INFO - DAG(s) dict_keys(['example_branch_datetime_operator_2']) retrieved from /home/airflow/.local/lib/python3.7/site-packages/airflow/example_dags/example_branch_datetime_operator.py
[2022-06-26 12:45:42,367] {logging_mixin.py:115} INFO - [2022-06-26 12:45:42,367] {dag.py:2379} INFO - Sync 1 DAGs
[2022-06-26 12:45:42,656] {logging_mixin.py:115} INFO - [2022-06-26 12:45:42,656] {dag.py:2931} INFO - Setting next_dagrun for example_branch_datetime_operator_2 to 2022-06-25T00:00:00+00:00, run_after=2022-06-26T00:00:00+00:00
[2022-06-26 12:45:42,672] {processor.py:161} INFO - Processing /home/airflow/.local/lib/python3.7/site-packages/airflow/example_dags/example_branch_datetime_operator.py took 0.375 seconds
[2022-06-26 12:46:13,070] {processor.py:153} INFO - Started process (PID=1283) to work on /home/airflow/.local/lib/python3.7/site-packages/airflow/example_dags/example_branch_datetime_operator.py
[2022-06-26 12:46:13,075] {processor.py:641} INFO - Processing file /home/airflow/.local/lib/python3.7/site-packages/airflow/example_dags/example_branch_datetime_operator.py for tasks to queue
[2022-06-26 12:46:13,076] {logging_mixin.py:115} INFO - [2022-06-26 12:46:13,076] {dagbag.py:507} INFO - Filling up the DagBag from /home/airflow/.local/lib/python3.7/site-packages/airflow/example_dags/example_branch_datetime_operator.py
[2022-06-26 12:46:13,106] {processor.py:651} INFO - DAG(s) dict_keys(['example_branch_datetime_operator_2']) retrieved from /home/airflow/.local/lib/python3.7/site-packages/airflow/example_dags/example_branch_datetime_operator.py
[2022-06-26 12:46:13,187] {logging_mixin.py:115} INFO - [2022-06-26 12:46:13,187] {dag.py:2379} INFO - Sync 1 DAGs
[2022-06-26 12:46:13,672] {logging_mixin.py:115} INFO - [2022-06-26 12:46:13,671] {dag.py:2931} INFO - Setting next_dagrun for example_branch_datetime_operator_2 to 2022-06-25T00:00:00+00:00, run_after=2022-06-26T00:00:00+00:00
[2022-06-26 12:46:13,721] {processor.py:161} INFO - Processing /home/airflow/.local/lib/python3.7/site-packages/airflow/example_dags/example_branch_datetime_operator.py took 0.658 seconds
[2022-06-26 12:46:44,255] {processor.py:153} INFO - Started process (PID=1335) to work on /home/airflow/.local/lib/python3.7/site-packages/airflow/example_dags/example_branch_datetime_operator.py
[2022-06-26 12:46:44,283] {processor.py:641} INFO - Processing file /home/airflow/.local/lib/python3.7/site-packages/airflow/example_dags/example_branch_datetime_operator.py for tasks to queue
[2022-06-26 12:46:44,284] {logging_mixin.py:115} INFO - [2022-06-26 12:46:44,284] {dagbag.py:507} INFO - Filling up the DagBag from /home/airflow/.local/lib/python3.7/site-packages/airflow/example_dags/example_branch_datetime_operator.py
[2022-06-26 12:46:44,308] {processor.py:651} INFO - DAG(s) dict_keys(['example_branch_datetime_operator_2']) retrieved from /home/airflow/.local/lib/python3.7/site-packages/airflow/example_dags/example_branch_datetime_operator.py
[2022-06-26 12:46:44,379] {logging_mixin.py:115} INFO - [2022-06-26 12:46:44,379] {dag.py:2379} INFO - Sync 1 DAGs
[2022-06-26 12:46:44,919] {logging_mixin.py:115} INFO - [2022-06-26 12:46:44,918] {dag.py:2931} INFO - Setting next_dagrun for example_branch_datetime_operator_2 to 2022-06-25T00:00:00+00:00, run_after=2022-06-26T00:00:00+00:00
[2022-06-26 12:46:44,939] {processor.py:161} INFO - Processing /home/airflow/.local/lib/python3.7/site-packages/airflow/example_dags/example_branch_datetime_operator.py took 0.690 seconds
[2022-06-26 12:47:15,711] {processor.py:153} INFO - Started process (PID=1387) to work on /home/airflow/.local/lib/python3.7/site-packages/airflow/example_dags/example_branch_datetime_operator.py
[2022-06-26 12:47:15,712] {processor.py:641} INFO - Processing file /home/airflow/.local/lib/python3.7/site-packages/airflow/example_dags/example_branch_datetime_operator.py for tasks to queue
[2022-06-26 12:47:15,713] {logging_mixin.py:115} INFO - [2022-06-26 12:47:15,713] {dagbag.py:507} INFO - Filling up the DagBag from /home/airflow/.local/lib/python3.7/site-packages/airflow/example_dags/example_branch_datetime_operator.py
[2022-06-26 12:47:15,726] {processor.py:651} INFO - DAG(s) dict_keys(['example_branch_datetime_operator_2']) retrieved from /home/airflow/.local/lib/python3.7/site-packages/airflow/example_dags/example_branch_datetime_operator.py
[2022-06-26 12:47:15,768] {logging_mixin.py:115} INFO - [2022-06-26 12:47:15,768] {dag.py:2379} INFO - Sync 1 DAGs
[2022-06-26 12:47:16,035] {logging_mixin.py:115} INFO - [2022-06-26 12:47:16,035] {dag.py:2931} INFO - Setting next_dagrun for example_branch_datetime_operator_2 to 2022-06-25T00:00:00+00:00, run_after=2022-06-26T00:00:00+00:00
[2022-06-26 12:47:16,052] {processor.py:161} INFO - Processing /home/airflow/.local/lib/python3.7/site-packages/airflow/example_dags/example_branch_datetime_operator.py took 0.346 seconds
[2022-06-26 12:47:46,882] {processor.py:153} INFO - Started process (PID=1447) to work on /home/airflow/.local/lib/python3.7/site-packages/airflow/example_dags/example_branch_datetime_operator.py
[2022-06-26 12:47:46,884] {processor.py:641} INFO - Processing file /home/airflow/.local/lib/python3.7/site-packages/airflow/example_dags/example_branch_datetime_operator.py for tasks to queue
[2022-06-26 12:47:46,885] {logging_mixin.py:115} INFO - [2022-06-26 12:47:46,885] {dagbag.py:507} INFO - Filling up the DagBag from /home/airflow/.local/lib/python3.7/site-packages/airflow/example_dags/example_branch_datetime_operator.py
[2022-06-26 12:47:46,902] {processor.py:651} INFO - DAG(s) dict_keys(['example_branch_datetime_operator_2']) retrieved from /home/airflow/.local/lib/python3.7/site-packages/airflow/example_dags/example_branch_datetime_operator.py
[2022-06-26 12:47:46,956] {logging_mixin.py:115} INFO - [2022-06-26 12:47:46,955] {dag.py:2379} INFO - Sync 1 DAGs
[2022-06-26 12:47:47,233] {logging_mixin.py:115} INFO - [2022-06-26 12:47:47,232] {dag.py:2931} INFO - Setting next_dagrun for example_branch_datetime_operator_2 to 2022-06-25T00:00:00+00:00, run_after=2022-06-26T00:00:00+00:00
[2022-06-26 12:47:47,254] {processor.py:161} INFO - Processing /home/airflow/.local/lib/python3.7/site-packages/airflow/example_dags/example_branch_datetime_operator.py took 0.377 seconds
[2022-06-26 12:48:17,747] {processor.py:153} INFO - Started process (PID=1499) to work on /home/airflow/.local/lib/python3.7/site-packages/airflow/example_dags/example_branch_datetime_operator.py
[2022-06-26 12:48:17,747] {processor.py:641} INFO - Processing file /home/airflow/.local/lib/python3.7/site-packages/airflow/example_dags/example_branch_datetime_operator.py for tasks to queue
[2022-06-26 12:48:17,748] {logging_mixin.py:115} INFO - [2022-06-26 12:48:17,748] {dagbag.py:507} INFO - Filling up the DagBag from /home/airflow/.local/lib/python3.7/site-packages/airflow/example_dags/example_branch_datetime_operator.py
[2022-06-26 12:48:17,762] {processor.py:651} INFO - DAG(s) dict_keys(['example_branch_datetime_operator_2']) retrieved from /home/airflow/.local/lib/python3.7/site-packages/airflow/example_dags/example_branch_datetime_operator.py
[2022-06-26 12:48:17,809] {logging_mixin.py:115} INFO - [2022-06-26 12:48:17,809] {dag.py:2379} INFO - Sync 1 DAGs
[2022-06-26 12:48:18,067] {logging_mixin.py:115} INFO - [2022-06-26 12:48:18,066] {dag.py:2931} INFO - Setting next_dagrun for example_branch_datetime_operator_2 to 2022-06-25T00:00:00+00:00, run_after=2022-06-26T00:00:00+00:00
[2022-06-26 12:48:18,083] {processor.py:161} INFO - Processing /home/airflow/.local/lib/python3.7/site-packages/airflow/example_dags/example_branch_datetime_operator.py took 0.342 seconds
[2022-06-26 12:48:48,936] {processor.py:153} INFO - Started process (PID=1562) to work on /home/airflow/.local/lib/python3.7/site-packages/airflow/example_dags/example_branch_datetime_operator.py
[2022-06-26 12:48:48,942] {processor.py:641} INFO - Processing file /home/airflow/.local/lib/python3.7/site-packages/airflow/example_dags/example_branch_datetime_operator.py for tasks to queue
[2022-06-26 12:48:48,943] {logging_mixin.py:115} INFO - [2022-06-26 12:48:48,942] {dagbag.py:507} INFO - Filling up the DagBag from /home/airflow/.local/lib/python3.7/site-packages/airflow/example_dags/example_branch_datetime_operator.py
[2022-06-26 12:48:48,957] {processor.py:651} INFO - DAG(s) dict_keys(['example_branch_datetime_operator_2']) retrieved from /home/airflow/.local/lib/python3.7/site-packages/airflow/example_dags/example_branch_datetime_operator.py
[2022-06-26 12:48:49,001] {logging_mixin.py:115} INFO - [2022-06-26 12:48:49,001] {dag.py:2379} INFO - Sync 1 DAGs
[2022-06-26 12:48:49,264] {logging_mixin.py:115} INFO - [2022-06-26 12:48:49,264] {dag.py:2931} INFO - Setting next_dagrun for example_branch_datetime_operator_2 to 2022-06-25T00:00:00+00:00, run_after=2022-06-26T00:00:00+00:00
[2022-06-26 12:48:49,281] {processor.py:161} INFO - Processing /home/airflow/.local/lib/python3.7/site-packages/airflow/example_dags/example_branch_datetime_operator.py took 0.351 seconds
[2022-06-26 12:49:20,093] {processor.py:153} INFO - Started process (PID=1613) to work on /home/airflow/.local/lib/python3.7/site-packages/airflow/example_dags/example_branch_datetime_operator.py
[2022-06-26 12:49:20,094] {processor.py:641} INFO - Processing file /home/airflow/.local/lib/python3.7/site-packages/airflow/example_dags/example_branch_datetime_operator.py for tasks to queue
[2022-06-26 12:49:20,095] {logging_mixin.py:115} INFO - [2022-06-26 12:49:20,095] {dagbag.py:507} INFO - Filling up the DagBag from /home/airflow/.local/lib/python3.7/site-packages/airflow/example_dags/example_branch_datetime_operator.py
[2022-06-26 12:49:20,108] {processor.py:651} INFO - DAG(s) dict_keys(['example_branch_datetime_operator_2']) retrieved from /home/airflow/.local/lib/python3.7/site-packages/airflow/example_dags/example_branch_datetime_operator.py
[2022-06-26 12:49:20,153] {logging_mixin.py:115} INFO - [2022-06-26 12:49:20,153] {dag.py:2379} INFO - Sync 1 DAGs
[2022-06-26 12:49:20,423] {logging_mixin.py:115} INFO - [2022-06-26 12:49:20,423] {dag.py:2931} INFO - Setting next_dagrun for example_branch_datetime_operator_2 to 2022-06-25T00:00:00+00:00, run_after=2022-06-26T00:00:00+00:00
[2022-06-26 12:49:20,440] {processor.py:161} INFO - Processing /home/airflow/.local/lib/python3.7/site-packages/airflow/example_dags/example_branch_datetime_operator.py took 0.355 seconds
[2022-06-26 12:49:51,046] {processor.py:153} INFO - Started process (PID=1676) to work on /home/airflow/.local/lib/python3.7/site-packages/airflow/example_dags/example_branch_datetime_operator.py
[2022-06-26 12:49:51,047] {processor.py:641} INFO - Processing file /home/airflow/.local/lib/python3.7/site-packages/airflow/example_dags/example_branch_datetime_operator.py for tasks to queue
[2022-06-26 12:49:51,048] {logging_mixin.py:115} INFO - [2022-06-26 12:49:51,048] {dagbag.py:507} INFO - Filling up the DagBag from /home/airflow/.local/lib/python3.7/site-packages/airflow/example_dags/example_branch_datetime_operator.py
[2022-06-26 12:49:51,063] {processor.py:651} INFO - DAG(s) dict_keys(['example_branch_datetime_operator_2']) retrieved from /home/airflow/.local/lib/python3.7/site-packages/airflow/example_dags/example_branch_datetime_operator.py
[2022-06-26 12:49:51,107] {logging_mixin.py:115} INFO - [2022-06-26 12:49:51,107] {dag.py:2379} INFO - Sync 1 DAGs
[2022-06-26 12:49:51,364] {logging_mixin.py:115} INFO - [2022-06-26 12:49:51,364] {dag.py:2931} INFO - Setting next_dagrun for example_branch_datetime_operator_2 to 2022-06-25T00:00:00+00:00, run_after=2022-06-26T00:00:00+00:00
[2022-06-26 12:49:51,380] {processor.py:161} INFO - Processing /home/airflow/.local/lib/python3.7/site-packages/airflow/example_dags/example_branch_datetime_operator.py took 0.340 seconds
[2022-06-26 12:50:21,943] {processor.py:153} INFO - Started process (PID=1727) to work on /home/airflow/.local/lib/python3.7/site-packages/airflow/example_dags/example_branch_datetime_operator.py
[2022-06-26 12:50:21,944] {processor.py:641} INFO - Processing file /home/airflow/.local/lib/python3.7/site-packages/airflow/example_dags/example_branch_datetime_operator.py for tasks to queue
[2022-06-26 12:50:21,944] {logging_mixin.py:115} INFO - [2022-06-26 12:50:21,944] {dagbag.py:507} INFO - Filling up the DagBag from /home/airflow/.local/lib/python3.7/site-packages/airflow/example_dags/example_branch_datetime_operator.py
[2022-06-26 12:50:21,956] {processor.py:651} INFO - DAG(s) dict_keys(['example_branch_datetime_operator_2']) retrieved from /home/airflow/.local/lib/python3.7/site-packages/airflow/example_dags/example_branch_datetime_operator.py
[2022-06-26 12:50:22,006] {logging_mixin.py:115} INFO - [2022-06-26 12:50:22,006] {dag.py:2379} INFO - Sync 1 DAGs
[2022-06-26 12:50:22,259] {logging_mixin.py:115} INFO - [2022-06-26 12:50:22,259] {dag.py:2931} INFO - Setting next_dagrun for example_branch_datetime_operator_2 to 2022-06-25T00:00:00+00:00, run_after=2022-06-26T00:00:00+00:00
[2022-06-26 12:50:22,277] {processor.py:161} INFO - Processing /home/airflow/.local/lib/python3.7/site-packages/airflow/example_dags/example_branch_datetime_operator.py took 0.339 seconds
[2022-06-26 12:50:53,265] {processor.py:153} INFO - Started process (PID=1785) to work on /home/airflow/.local/lib/python3.7/site-packages/airflow/example_dags/example_branch_datetime_operator.py
[2022-06-26 12:50:53,293] {processor.py:641} INFO - Processing file /home/airflow/.local/lib/python3.7/site-packages/airflow/example_dags/example_branch_datetime_operator.py for tasks to queue
[2022-06-26 12:50:53,294] {logging_mixin.py:115} INFO - [2022-06-26 12:50:53,294] {dagbag.py:507} INFO - Filling up the DagBag from /home/airflow/.local/lib/python3.7/site-packages/airflow/example_dags/example_branch_datetime_operator.py
[2022-06-26 12:50:53,366] {processor.py:651} INFO - DAG(s) dict_keys(['example_branch_datetime_operator_2']) retrieved from /home/airflow/.local/lib/python3.7/site-packages/airflow/example_dags/example_branch_datetime_operator.py
[2022-06-26 12:50:53,590] {logging_mixin.py:115} INFO - [2022-06-26 12:50:53,590] {dag.py:2379} INFO - Sync 1 DAGs
[2022-06-26 12:50:54,242] {logging_mixin.py:115} INFO - [2022-06-26 12:50:54,241] {dag.py:2931} INFO - Setting next_dagrun for example_branch_datetime_operator_2 to 2022-06-25T00:00:00+00:00, run_after=2022-06-26T00:00:00+00:00
[2022-06-26 12:50:54,297] {processor.py:161} INFO - Processing /home/airflow/.local/lib/python3.7/site-packages/airflow/example_dags/example_branch_datetime_operator.py took 1.055 seconds
[2022-06-26 12:51:24,734] {processor.py:153} INFO - Started process (PID=1839) to work on /home/airflow/.local/lib/python3.7/site-packages/airflow/example_dags/example_branch_datetime_operator.py
[2022-06-26 12:51:24,735] {processor.py:641} INFO - Processing file /home/airflow/.local/lib/python3.7/site-packages/airflow/example_dags/example_branch_datetime_operator.py for tasks to queue
[2022-06-26 12:51:24,736] {logging_mixin.py:115} INFO - [2022-06-26 12:51:24,736] {dagbag.py:507} INFO - Filling up the DagBag from /home/airflow/.local/lib/python3.7/site-packages/airflow/example_dags/example_branch_datetime_operator.py
[2022-06-26 12:51:24,748] {processor.py:651} INFO - DAG(s) dict_keys(['example_branch_datetime_operator_2']) retrieved from /home/airflow/.local/lib/python3.7/site-packages/airflow/example_dags/example_branch_datetime_operator.py
[2022-06-26 12:51:24,795] {logging_mixin.py:115} INFO - [2022-06-26 12:51:24,795] {dag.py:2379} INFO - Sync 1 DAGs
[2022-06-26 12:51:25,051] {logging_mixin.py:115} INFO - [2022-06-26 12:51:25,051] {dag.py:2931} INFO - Setting next_dagrun for example_branch_datetime_operator_2 to 2022-06-25T00:00:00+00:00, run_after=2022-06-26T00:00:00+00:00
[2022-06-26 12:51:25,068] {processor.py:161} INFO - Processing /home/airflow/.local/lib/python3.7/site-packages/airflow/example_dags/example_branch_datetime_operator.py took 0.339 seconds
[2022-06-26 12:51:55,360] {processor.py:153} INFO - Started process (PID=1890) to work on /home/airflow/.local/lib/python3.7/site-packages/airflow/example_dags/example_branch_datetime_operator.py
[2022-06-26 12:51:55,363] {processor.py:641} INFO - Processing file /home/airflow/.local/lib/python3.7/site-packages/airflow/example_dags/example_branch_datetime_operator.py for tasks to queue
[2022-06-26 12:51:55,363] {logging_mixin.py:115} INFO - [2022-06-26 12:51:55,363] {dagbag.py:507} INFO - Filling up the DagBag from /home/airflow/.local/lib/python3.7/site-packages/airflow/example_dags/example_branch_datetime_operator.py
[2022-06-26 12:51:55,376] {processor.py:651} INFO - DAG(s) dict_keys(['example_branch_datetime_operator_2']) retrieved from /home/airflow/.local/lib/python3.7/site-packages/airflow/example_dags/example_branch_datetime_operator.py
[2022-06-26 12:51:55,423] {logging_mixin.py:115} INFO - [2022-06-26 12:51:55,423] {dag.py:2379} INFO - Sync 1 DAGs
[2022-06-26 12:51:55,690] {logging_mixin.py:115} INFO - [2022-06-26 12:51:55,690] {dag.py:2931} INFO - Setting next_dagrun for example_branch_datetime_operator_2 to 2022-06-25T00:00:00+00:00, run_after=2022-06-26T00:00:00+00:00
[2022-06-26 12:51:55,706] {processor.py:161} INFO - Processing /home/airflow/.local/lib/python3.7/site-packages/airflow/example_dags/example_branch_datetime_operator.py took 0.351 seconds
[2022-06-26 12:52:26,516] {processor.py:153} INFO - Started process (PID=1943) to work on /home/airflow/.local/lib/python3.7/site-packages/airflow/example_dags/example_branch_datetime_operator.py
[2022-06-26 12:52:26,517] {processor.py:641} INFO - Processing file /home/airflow/.local/lib/python3.7/site-packages/airflow/example_dags/example_branch_datetime_operator.py for tasks to queue
[2022-06-26 12:52:26,518] {logging_mixin.py:115} INFO - [2022-06-26 12:52:26,518] {dagbag.py:507} INFO - Filling up the DagBag from /home/airflow/.local/lib/python3.7/site-packages/airflow/example_dags/example_branch_datetime_operator.py
[2022-06-26 12:52:26,551] {processor.py:651} INFO - DAG(s) dict_keys(['example_branch_datetime_operator_2']) retrieved from /home/airflow/.local/lib/python3.7/site-packages/airflow/example_dags/example_branch_datetime_operator.py
[2022-06-26 12:52:26,678] {logging_mixin.py:115} INFO - [2022-06-26 12:52:26,678] {dag.py:2379} INFO - Sync 1 DAGs
[2022-06-26 12:52:27,164] {logging_mixin.py:115} INFO - [2022-06-26 12:52:27,164] {dag.py:2931} INFO - Setting next_dagrun for example_branch_datetime_operator_2 to 2022-06-25T00:00:00+00:00, run_after=2022-06-26T00:00:00+00:00
[2022-06-26 12:52:27,183] {processor.py:161} INFO - Processing /home/airflow/.local/lib/python3.7/site-packages/airflow/example_dags/example_branch_datetime_operator.py took 0.697 seconds
[2022-06-26 12:52:58,069] {processor.py:153} INFO - Started process (PID=2003) to work on /home/airflow/.local/lib/python3.7/site-packages/airflow/example_dags/example_branch_datetime_operator.py
[2022-06-26 12:52:58,071] {processor.py:641} INFO - Processing file /home/airflow/.local/lib/python3.7/site-packages/airflow/example_dags/example_branch_datetime_operator.py for tasks to queue
[2022-06-26 12:52:58,072] {logging_mixin.py:115} INFO - [2022-06-26 12:52:58,072] {dagbag.py:507} INFO - Filling up the DagBag from /home/airflow/.local/lib/python3.7/site-packages/airflow/example_dags/example_branch_datetime_operator.py
[2022-06-26 12:52:58,085] {processor.py:651} INFO - DAG(s) dict_keys(['example_branch_datetime_operator_2']) retrieved from /home/airflow/.local/lib/python3.7/site-packages/airflow/example_dags/example_branch_datetime_operator.py
[2022-06-26 12:52:58,137] {logging_mixin.py:115} INFO - [2022-06-26 12:52:58,137] {dag.py:2379} INFO - Sync 1 DAGs
[2022-06-26 12:52:58,403] {logging_mixin.py:115} INFO - [2022-06-26 12:52:58,403] {dag.py:2931} INFO - Setting next_dagrun for example_branch_datetime_operator_2 to 2022-06-25T00:00:00+00:00, run_after=2022-06-26T00:00:00+00:00
[2022-06-26 12:52:58,420] {processor.py:161} INFO - Processing /home/airflow/.local/lib/python3.7/site-packages/airflow/example_dags/example_branch_datetime_operator.py took 0.356 seconds
[2022-06-26 13:27:21,405] {processor.py:153} INFO - Started process (PID=85) to work on /home/airflow/.local/lib/python3.7/site-packages/airflow/example_dags/example_branch_datetime_operator.py
[2022-06-26 13:27:21,420] {processor.py:641} INFO - Processing file /home/airflow/.local/lib/python3.7/site-packages/airflow/example_dags/example_branch_datetime_operator.py for tasks to queue
[2022-06-26 13:27:21,421] {logging_mixin.py:115} INFO - [2022-06-26 13:27:21,421] {dagbag.py:507} INFO - Filling up the DagBag from /home/airflow/.local/lib/python3.7/site-packages/airflow/example_dags/example_branch_datetime_operator.py
[2022-06-26 13:27:21,447] {processor.py:651} INFO - DAG(s) dict_keys(['example_branch_datetime_operator_2']) retrieved from /home/airflow/.local/lib/python3.7/site-packages/airflow/example_dags/example_branch_datetime_operator.py
[2022-06-26 13:27:21,553] {logging_mixin.py:115} INFO - [2022-06-26 13:27:21,553] {dag.py:2379} INFO - Sync 1 DAGs
[2022-06-26 13:27:22,085] {logging_mixin.py:115} INFO - [2022-06-26 13:27:22,085] {dag.py:2931} INFO - Setting next_dagrun for example_branch_datetime_operator_2 to 2022-06-25T00:00:00+00:00, run_after=2022-06-26T00:00:00+00:00
[2022-06-26 13:27:22,150] {processor.py:161} INFO - Processing /home/airflow/.local/lib/python3.7/site-packages/airflow/example_dags/example_branch_datetime_operator.py took 0.759 seconds
[2022-06-26 13:27:52,248] {processor.py:153} INFO - Started process (PID=138) to work on /home/airflow/.local/lib/python3.7/site-packages/airflow/example_dags/example_branch_datetime_operator.py
[2022-06-26 13:27:52,250] {processor.py:641} INFO - Processing file /home/airflow/.local/lib/python3.7/site-packages/airflow/example_dags/example_branch_datetime_operator.py for tasks to queue
[2022-06-26 13:27:52,251] {logging_mixin.py:115} INFO - [2022-06-26 13:27:52,251] {dagbag.py:507} INFO - Filling up the DagBag from /home/airflow/.local/lib/python3.7/site-packages/airflow/example_dags/example_branch_datetime_operator.py
[2022-06-26 13:27:52,265] {processor.py:651} INFO - DAG(s) dict_keys(['example_branch_datetime_operator_2']) retrieved from /home/airflow/.local/lib/python3.7/site-packages/airflow/example_dags/example_branch_datetime_operator.py
[2022-06-26 13:27:52,306] {logging_mixin.py:115} INFO - [2022-06-26 13:27:52,306] {dag.py:2379} INFO - Sync 1 DAGs
[2022-06-26 13:27:52,633] {logging_mixin.py:115} INFO - [2022-06-26 13:27:52,633] {dag.py:2931} INFO - Setting next_dagrun for example_branch_datetime_operator_2 to 2022-06-25T00:00:00+00:00, run_after=2022-06-26T00:00:00+00:00
[2022-06-26 13:27:52,670] {processor.py:161} INFO - Processing /home/airflow/.local/lib/python3.7/site-packages/airflow/example_dags/example_branch_datetime_operator.py took 0.428 seconds
[2022-06-26 13:28:25,323] {processor.py:153} INFO - Started process (PID=198) to work on /home/airflow/.local/lib/python3.7/site-packages/airflow/example_dags/example_branch_datetime_operator.py
[2022-06-26 13:28:25,341] {processor.py:641} INFO - Processing file /home/airflow/.local/lib/python3.7/site-packages/airflow/example_dags/example_branch_datetime_operator.py for tasks to queue
[2022-06-26 13:28:25,342] {logging_mixin.py:115} INFO - [2022-06-26 13:28:25,342] {dagbag.py:507} INFO - Filling up the DagBag from /home/airflow/.local/lib/python3.7/site-packages/airflow/example_dags/example_branch_datetime_operator.py
[2022-06-26 13:28:25,410] {processor.py:651} INFO - DAG(s) dict_keys(['example_branch_datetime_operator_2']) retrieved from /home/airflow/.local/lib/python3.7/site-packages/airflow/example_dags/example_branch_datetime_operator.py
[2022-06-26 13:28:25,637] {logging_mixin.py:115} INFO - [2022-06-26 13:28:25,636] {dag.py:2379} INFO - Sync 1 DAGs
[2022-06-26 13:28:26,254] {logging_mixin.py:115} INFO - [2022-06-26 13:28:26,254] {dag.py:2931} INFO - Setting next_dagrun for example_branch_datetime_operator_2 to 2022-06-25T00:00:00+00:00, run_after=2022-06-26T00:00:00+00:00
[2022-06-26 13:28:26,338] {processor.py:161} INFO - Processing /home/airflow/.local/lib/python3.7/site-packages/airflow/example_dags/example_branch_datetime_operator.py took 1.028 seconds
[2022-06-26 13:28:56,586] {processor.py:153} INFO - Started process (PID=250) to work on /home/airflow/.local/lib/python3.7/site-packages/airflow/example_dags/example_branch_datetime_operator.py
[2022-06-26 13:28:56,587] {processor.py:641} INFO - Processing file /home/airflow/.local/lib/python3.7/site-packages/airflow/example_dags/example_branch_datetime_operator.py for tasks to queue
[2022-06-26 13:28:56,587] {logging_mixin.py:115} INFO - [2022-06-26 13:28:56,587] {dagbag.py:507} INFO - Filling up the DagBag from /home/airflow/.local/lib/python3.7/site-packages/airflow/example_dags/example_branch_datetime_operator.py
[2022-06-26 13:28:56,599] {processor.py:651} INFO - DAG(s) dict_keys(['example_branch_datetime_operator_2']) retrieved from /home/airflow/.local/lib/python3.7/site-packages/airflow/example_dags/example_branch_datetime_operator.py
[2022-06-26 13:28:56,629] {logging_mixin.py:115} INFO - [2022-06-26 13:28:56,628] {dag.py:2379} INFO - Sync 1 DAGs
[2022-06-26 13:28:56,817] {logging_mixin.py:115} INFO - [2022-06-26 13:28:56,816] {dag.py:2931} INFO - Setting next_dagrun for example_branch_datetime_operator_2 to 2022-06-25T00:00:00+00:00, run_after=2022-06-26T00:00:00+00:00
[2022-06-26 13:28:56,831] {processor.py:161} INFO - Processing /home/airflow/.local/lib/python3.7/site-packages/airflow/example_dags/example_branch_datetime_operator.py took 0.250 seconds
[2022-06-26 13:29:27,186] {processor.py:153} INFO - Started process (PID=303) to work on /home/airflow/.local/lib/python3.7/site-packages/airflow/example_dags/example_branch_datetime_operator.py
[2022-06-26 13:29:27,188] {processor.py:641} INFO - Processing file /home/airflow/.local/lib/python3.7/site-packages/airflow/example_dags/example_branch_datetime_operator.py for tasks to queue
[2022-06-26 13:29:27,189] {logging_mixin.py:115} INFO - [2022-06-26 13:29:27,189] {dagbag.py:507} INFO - Filling up the DagBag from /home/airflow/.local/lib/python3.7/site-packages/airflow/example_dags/example_branch_datetime_operator.py
[2022-06-26 13:29:27,227] {processor.py:651} INFO - DAG(s) dict_keys(['example_branch_datetime_operator_2']) retrieved from /home/airflow/.local/lib/python3.7/site-packages/airflow/example_dags/example_branch_datetime_operator.py
[2022-06-26 13:29:27,274] {logging_mixin.py:115} INFO - [2022-06-26 13:29:27,274] {dag.py:2379} INFO - Sync 1 DAGs
[2022-06-26 13:29:27,639] {logging_mixin.py:115} INFO - [2022-06-26 13:29:27,638] {dag.py:2931} INFO - Setting next_dagrun for example_branch_datetime_operator_2 to 2022-06-25T00:00:00+00:00, run_after=2022-06-26T00:00:00+00:00
[2022-06-26 13:29:27,681] {processor.py:161} INFO - Processing /home/airflow/.local/lib/python3.7/site-packages/airflow/example_dags/example_branch_datetime_operator.py took 0.501 seconds
[2022-06-26 13:29:58,137] {processor.py:153} INFO - Started process (PID=363) to work on /home/airflow/.local/lib/python3.7/site-packages/airflow/example_dags/example_branch_datetime_operator.py
[2022-06-26 13:29:58,149] {processor.py:641} INFO - Processing file /home/airflow/.local/lib/python3.7/site-packages/airflow/example_dags/example_branch_datetime_operator.py for tasks to queue
[2022-06-26 13:29:58,150] {logging_mixin.py:115} INFO - [2022-06-26 13:29:58,150] {dagbag.py:507} INFO - Filling up the DagBag from /home/airflow/.local/lib/python3.7/site-packages/airflow/example_dags/example_branch_datetime_operator.py
[2022-06-26 13:29:58,189] {processor.py:651} INFO - DAG(s) dict_keys(['example_branch_datetime_operator_2']) retrieved from /home/airflow/.local/lib/python3.7/site-packages/airflow/example_dags/example_branch_datetime_operator.py
[2022-06-26 13:29:58,288] {logging_mixin.py:115} INFO - [2022-06-26 13:29:58,287] {dag.py:2379} INFO - Sync 1 DAGs
[2022-06-26 13:29:58,774] {logging_mixin.py:115} INFO - [2022-06-26 13:29:58,774] {dag.py:2931} INFO - Setting next_dagrun for example_branch_datetime_operator_2 to 2022-06-25T00:00:00+00:00, run_after=2022-06-26T00:00:00+00:00
[2022-06-26 13:29:58,790] {processor.py:161} INFO - Processing /home/airflow/.local/lib/python3.7/site-packages/airflow/example_dags/example_branch_datetime_operator.py took 0.667 seconds
[2022-06-26 13:30:29,608] {processor.py:153} INFO - Started process (PID=416) to work on /home/airflow/.local/lib/python3.7/site-packages/airflow/example_dags/example_branch_datetime_operator.py
[2022-06-26 13:30:29,626] {processor.py:641} INFO - Processing file /home/airflow/.local/lib/python3.7/site-packages/airflow/example_dags/example_branch_datetime_operator.py for tasks to queue
[2022-06-26 13:30:29,628] {logging_mixin.py:115} INFO - [2022-06-26 13:30:29,627] {dagbag.py:507} INFO - Filling up the DagBag from /home/airflow/.local/lib/python3.7/site-packages/airflow/example_dags/example_branch_datetime_operator.py
[2022-06-26 13:30:29,643] {processor.py:651} INFO - DAG(s) dict_keys(['example_branch_datetime_operator_2']) retrieved from /home/airflow/.local/lib/python3.7/site-packages/airflow/example_dags/example_branch_datetime_operator.py
[2022-06-26 13:30:29,721] {logging_mixin.py:115} INFO - [2022-06-26 13:30:29,721] {dag.py:2379} INFO - Sync 1 DAGs
[2022-06-26 13:30:29,986] {logging_mixin.py:115} INFO - [2022-06-26 13:30:29,986] {dag.py:2931} INFO - Setting next_dagrun for example_branch_datetime_operator_2 to 2022-06-25T00:00:00+00:00, run_after=2022-06-26T00:00:00+00:00
[2022-06-26 13:30:30,012] {processor.py:161} INFO - Processing /home/airflow/.local/lib/python3.7/site-packages/airflow/example_dags/example_branch_datetime_operator.py took 0.414 seconds
[2022-06-26 13:31:01,588] {processor.py:153} INFO - Started process (PID=474) to work on /home/airflow/.local/lib/python3.7/site-packages/airflow/example_dags/example_branch_datetime_operator.py
[2022-06-26 13:31:01,604] {processor.py:641} INFO - Processing file /home/airflow/.local/lib/python3.7/site-packages/airflow/example_dags/example_branch_datetime_operator.py for tasks to queue
[2022-06-26 13:31:01,605] {logging_mixin.py:115} INFO - [2022-06-26 13:31:01,605] {dagbag.py:507} INFO - Filling up the DagBag from /home/airflow/.local/lib/python3.7/site-packages/airflow/example_dags/example_branch_datetime_operator.py
[2022-06-26 13:31:01,625] {processor.py:651} INFO - DAG(s) dict_keys(['example_branch_datetime_operator_2']) retrieved from /home/airflow/.local/lib/python3.7/site-packages/airflow/example_dags/example_branch_datetime_operator.py
[2022-06-26 13:31:01,710] {logging_mixin.py:115} INFO - [2022-06-26 13:31:01,710] {dag.py:2379} INFO - Sync 1 DAGs
[2022-06-26 13:31:02,080] {logging_mixin.py:115} INFO - [2022-06-26 13:31:02,080] {dag.py:2931} INFO - Setting next_dagrun for example_branch_datetime_operator_2 to 2022-06-25T00:00:00+00:00, run_after=2022-06-26T00:00:00+00:00
[2022-06-26 13:31:02,141] {processor.py:161} INFO - Processing /home/airflow/.local/lib/python3.7/site-packages/airflow/example_dags/example_branch_datetime_operator.py took 0.571 seconds
[2022-06-26 13:31:32,387] {processor.py:153} INFO - Started process (PID=529) to work on /home/airflow/.local/lib/python3.7/site-packages/airflow/example_dags/example_branch_datetime_operator.py
[2022-06-26 13:31:32,388] {processor.py:641} INFO - Processing file /home/airflow/.local/lib/python3.7/site-packages/airflow/example_dags/example_branch_datetime_operator.py for tasks to queue
[2022-06-26 13:31:32,389] {logging_mixin.py:115} INFO - [2022-06-26 13:31:32,389] {dagbag.py:507} INFO - Filling up the DagBag from /home/airflow/.local/lib/python3.7/site-packages/airflow/example_dags/example_branch_datetime_operator.py
[2022-06-26 13:31:32,401] {processor.py:651} INFO - DAG(s) dict_keys(['example_branch_datetime_operator_2']) retrieved from /home/airflow/.local/lib/python3.7/site-packages/airflow/example_dags/example_branch_datetime_operator.py
[2022-06-26 13:31:32,430] {logging_mixin.py:115} INFO - [2022-06-26 13:31:32,430] {dag.py:2379} INFO - Sync 1 DAGs
[2022-06-26 13:31:32,620] {logging_mixin.py:115} INFO - [2022-06-26 13:31:32,620] {dag.py:2931} INFO - Setting next_dagrun for example_branch_datetime_operator_2 to 2022-06-25T00:00:00+00:00, run_after=2022-06-26T00:00:00+00:00
[2022-06-26 13:31:32,636] {processor.py:161} INFO - Processing /home/airflow/.local/lib/python3.7/site-packages/airflow/example_dags/example_branch_datetime_operator.py took 0.254 seconds
[2022-06-26 13:32:03,202] {processor.py:153} INFO - Started process (PID=582) to work on /home/airflow/.local/lib/python3.7/site-packages/airflow/example_dags/example_branch_datetime_operator.py
[2022-06-26 13:32:03,203] {processor.py:641} INFO - Processing file /home/airflow/.local/lib/python3.7/site-packages/airflow/example_dags/example_branch_datetime_operator.py for tasks to queue
[2022-06-26 13:32:03,204] {logging_mixin.py:115} INFO - [2022-06-26 13:32:03,204] {dagbag.py:507} INFO - Filling up the DagBag from /home/airflow/.local/lib/python3.7/site-packages/airflow/example_dags/example_branch_datetime_operator.py
[2022-06-26 13:32:03,213] {processor.py:651} INFO - DAG(s) dict_keys(['example_branch_datetime_operator_2']) retrieved from /home/airflow/.local/lib/python3.7/site-packages/airflow/example_dags/example_branch_datetime_operator.py
[2022-06-26 13:32:03,243] {logging_mixin.py:115} INFO - [2022-06-26 13:32:03,243] {dag.py:2379} INFO - Sync 1 DAGs
[2022-06-26 13:32:03,429] {logging_mixin.py:115} INFO - [2022-06-26 13:32:03,429] {dag.py:2931} INFO - Setting next_dagrun for example_branch_datetime_operator_2 to 2022-06-25T00:00:00+00:00, run_after=2022-06-26T00:00:00+00:00
[2022-06-26 13:32:03,441] {processor.py:161} INFO - Processing /home/airflow/.local/lib/python3.7/site-packages/airflow/example_dags/example_branch_datetime_operator.py took 0.243 seconds
[2022-06-26 13:32:33,694] {processor.py:153} INFO - Started process (PID=643) to work on /home/airflow/.local/lib/python3.7/site-packages/airflow/example_dags/example_branch_datetime_operator.py
[2022-06-26 13:32:33,695] {processor.py:641} INFO - Processing file /home/airflow/.local/lib/python3.7/site-packages/airflow/example_dags/example_branch_datetime_operator.py for tasks to queue
[2022-06-26 13:32:33,696] {logging_mixin.py:115} INFO - [2022-06-26 13:32:33,695] {dagbag.py:507} INFO - Filling up the DagBag from /home/airflow/.local/lib/python3.7/site-packages/airflow/example_dags/example_branch_datetime_operator.py
[2022-06-26 13:32:33,705] {processor.py:651} INFO - DAG(s) dict_keys(['example_branch_datetime_operator_2']) retrieved from /home/airflow/.local/lib/python3.7/site-packages/airflow/example_dags/example_branch_datetime_operator.py
[2022-06-26 13:32:33,734] {logging_mixin.py:115} INFO - [2022-06-26 13:32:33,734] {dag.py:2379} INFO - Sync 1 DAGs
[2022-06-26 13:32:33,936] {logging_mixin.py:115} INFO - [2022-06-26 13:32:33,936] {dag.py:2931} INFO - Setting next_dagrun for example_branch_datetime_operator_2 to 2022-06-25T00:00:00+00:00, run_after=2022-06-26T00:00:00+00:00
[2022-06-26 13:32:33,948] {processor.py:161} INFO - Processing /home/airflow/.local/lib/python3.7/site-packages/airflow/example_dags/example_branch_datetime_operator.py took 0.258 seconds
[2022-06-26 13:33:04,248] {processor.py:153} INFO - Started process (PID=696) to work on /home/airflow/.local/lib/python3.7/site-packages/airflow/example_dags/example_branch_datetime_operator.py
[2022-06-26 13:33:04,264] {processor.py:641} INFO - Processing file /home/airflow/.local/lib/python3.7/site-packages/airflow/example_dags/example_branch_datetime_operator.py for tasks to queue
[2022-06-26 13:33:04,265] {logging_mixin.py:115} INFO - [2022-06-26 13:33:04,265] {dagbag.py:507} INFO - Filling up the DagBag from /home/airflow/.local/lib/python3.7/site-packages/airflow/example_dags/example_branch_datetime_operator.py
[2022-06-26 13:33:04,286] {processor.py:651} INFO - DAG(s) dict_keys(['example_branch_datetime_operator_2']) retrieved from /home/airflow/.local/lib/python3.7/site-packages/airflow/example_dags/example_branch_datetime_operator.py
[2022-06-26 13:33:04,397] {logging_mixin.py:115} INFO - [2022-06-26 13:33:04,397] {dag.py:2379} INFO - Sync 1 DAGs
[2022-06-26 13:33:04,934] {logging_mixin.py:115} INFO - [2022-06-26 13:33:04,934] {dag.py:2931} INFO - Setting next_dagrun for example_branch_datetime_operator_2 to 2022-06-25T00:00:00+00:00, run_after=2022-06-26T00:00:00+00:00
[2022-06-26 13:33:04,988] {processor.py:161} INFO - Processing /home/airflow/.local/lib/python3.7/site-packages/airflow/example_dags/example_branch_datetime_operator.py took 0.746 seconds
[2022-06-26 13:33:35,965] {processor.py:153} INFO - Started process (PID=758) to work on /home/airflow/.local/lib/python3.7/site-packages/airflow/example_dags/example_branch_datetime_operator.py
[2022-06-26 13:33:35,968] {processor.py:641} INFO - Processing file /home/airflow/.local/lib/python3.7/site-packages/airflow/example_dags/example_branch_datetime_operator.py for tasks to queue
[2022-06-26 13:33:35,969] {logging_mixin.py:115} INFO - [2022-06-26 13:33:35,969] {dagbag.py:507} INFO - Filling up the DagBag from /home/airflow/.local/lib/python3.7/site-packages/airflow/example_dags/example_branch_datetime_operator.py
[2022-06-26 13:33:35,983] {processor.py:651} INFO - DAG(s) dict_keys(['example_branch_datetime_operator_2']) retrieved from /home/airflow/.local/lib/python3.7/site-packages/airflow/example_dags/example_branch_datetime_operator.py
[2022-06-26 13:33:36,033] {logging_mixin.py:115} INFO - [2022-06-26 13:33:36,033] {dag.py:2379} INFO - Sync 1 DAGs
[2022-06-26 13:33:36,362] {logging_mixin.py:115} INFO - [2022-06-26 13:33:36,362] {dag.py:2931} INFO - Setting next_dagrun for example_branch_datetime_operator_2 to 2022-06-25T00:00:00+00:00, run_after=2022-06-26T00:00:00+00:00
[2022-06-26 13:33:36,382] {processor.py:161} INFO - Processing /home/airflow/.local/lib/python3.7/site-packages/airflow/example_dags/example_branch_datetime_operator.py took 0.423 seconds
[2022-06-26 13:34:06,511] {processor.py:153} INFO - Started process (PID=811) to work on /home/airflow/.local/lib/python3.7/site-packages/airflow/example_dags/example_branch_datetime_operator.py
[2022-06-26 13:34:06,512] {processor.py:641} INFO - Processing file /home/airflow/.local/lib/python3.7/site-packages/airflow/example_dags/example_branch_datetime_operator.py for tasks to queue
[2022-06-26 13:34:06,513] {logging_mixin.py:115} INFO - [2022-06-26 13:34:06,512] {dagbag.py:507} INFO - Filling up the DagBag from /home/airflow/.local/lib/python3.7/site-packages/airflow/example_dags/example_branch_datetime_operator.py
[2022-06-26 13:34:06,525] {processor.py:651} INFO - DAG(s) dict_keys(['example_branch_datetime_operator_2']) retrieved from /home/airflow/.local/lib/python3.7/site-packages/airflow/example_dags/example_branch_datetime_operator.py
[2022-06-26 13:34:06,568] {logging_mixin.py:115} INFO - [2022-06-26 13:34:06,568] {dag.py:2379} INFO - Sync 1 DAGs
[2022-06-26 13:34:06,885] {logging_mixin.py:115} INFO - [2022-06-26 13:34:06,884] {dag.py:2931} INFO - Setting next_dagrun for example_branch_datetime_operator_2 to 2022-06-25T00:00:00+00:00, run_after=2022-06-26T00:00:00+00:00
[2022-06-26 13:34:06,912] {processor.py:161} INFO - Processing /home/airflow/.local/lib/python3.7/site-packages/airflow/example_dags/example_branch_datetime_operator.py took 0.407 seconds
[2022-06-26 13:34:37,395] {processor.py:153} INFO - Started process (PID=871) to work on /home/airflow/.local/lib/python3.7/site-packages/airflow/example_dags/example_branch_datetime_operator.py
[2022-06-26 13:34:37,408] {processor.py:641} INFO - Processing file /home/airflow/.local/lib/python3.7/site-packages/airflow/example_dags/example_branch_datetime_operator.py for tasks to queue
[2022-06-26 13:34:37,409] {logging_mixin.py:115} INFO - [2022-06-26 13:34:37,409] {dagbag.py:507} INFO - Filling up the DagBag from /home/airflow/.local/lib/python3.7/site-packages/airflow/example_dags/example_branch_datetime_operator.py
[2022-06-26 13:34:37,426] {processor.py:651} INFO - DAG(s) dict_keys(['example_branch_datetime_operator_2']) retrieved from /home/airflow/.local/lib/python3.7/site-packages/airflow/example_dags/example_branch_datetime_operator.py
[2022-06-26 13:34:37,573] {logging_mixin.py:115} INFO - [2022-06-26 13:34:37,573] {dag.py:2379} INFO - Sync 1 DAGs
[2022-06-26 13:34:38,078] {logging_mixin.py:115} INFO - [2022-06-26 13:34:38,078] {dag.py:2931} INFO - Setting next_dagrun for example_branch_datetime_operator_2 to 2022-06-25T00:00:00+00:00, run_after=2022-06-26T00:00:00+00:00
[2022-06-26 13:34:38,115] {processor.py:161} INFO - Processing /home/airflow/.local/lib/python3.7/site-packages/airflow/example_dags/example_branch_datetime_operator.py took 0.725 seconds
[2022-06-26 13:35:08,967] {processor.py:153} INFO - Started process (PID=925) to work on /home/airflow/.local/lib/python3.7/site-packages/airflow/example_dags/example_branch_datetime_operator.py
[2022-06-26 13:35:08,973] {processor.py:641} INFO - Processing file /home/airflow/.local/lib/python3.7/site-packages/airflow/example_dags/example_branch_datetime_operator.py for tasks to queue
[2022-06-26 13:35:08,974] {logging_mixin.py:115} INFO - [2022-06-26 13:35:08,973] {dagbag.py:507} INFO - Filling up the DagBag from /home/airflow/.local/lib/python3.7/site-packages/airflow/example_dags/example_branch_datetime_operator.py
[2022-06-26 13:35:08,993] {processor.py:651} INFO - DAG(s) dict_keys(['example_branch_datetime_operator_2']) retrieved from /home/airflow/.local/lib/python3.7/site-packages/airflow/example_dags/example_branch_datetime_operator.py
[2022-06-26 13:35:09,065] {logging_mixin.py:115} INFO - [2022-06-26 13:35:09,065] {dag.py:2379} INFO - Sync 1 DAGs
[2022-06-26 13:35:09,367] {logging_mixin.py:115} INFO - [2022-06-26 13:35:09,366] {dag.py:2931} INFO - Setting next_dagrun for example_branch_datetime_operator_2 to 2022-06-25T00:00:00+00:00, run_after=2022-06-26T00:00:00+00:00
[2022-06-26 13:35:09,384] {processor.py:161} INFO - Processing /home/airflow/.local/lib/python3.7/site-packages/airflow/example_dags/example_branch_datetime_operator.py took 0.423 seconds
[2022-06-26 13:35:39,944] {processor.py:153} INFO - Started process (PID=987) to work on /home/airflow/.local/lib/python3.7/site-packages/airflow/example_dags/example_branch_datetime_operator.py
[2022-06-26 13:35:39,944] {processor.py:641} INFO - Processing file /home/airflow/.local/lib/python3.7/site-packages/airflow/example_dags/example_branch_datetime_operator.py for tasks to queue
[2022-06-26 13:35:39,945] {logging_mixin.py:115} INFO - [2022-06-26 13:35:39,945] {dagbag.py:507} INFO - Filling up the DagBag from /home/airflow/.local/lib/python3.7/site-packages/airflow/example_dags/example_branch_datetime_operator.py
[2022-06-26 13:35:39,970] {processor.py:651} INFO - DAG(s) dict_keys(['example_branch_datetime_operator_2']) retrieved from /home/airflow/.local/lib/python3.7/site-packages/airflow/example_dags/example_branch_datetime_operator.py
[2022-06-26 13:35:40,070] {logging_mixin.py:115} INFO - [2022-06-26 13:35:40,070] {dag.py:2379} INFO - Sync 1 DAGs
[2022-06-26 13:35:40,454] {logging_mixin.py:115} INFO - [2022-06-26 13:35:40,454] {dag.py:2931} INFO - Setting next_dagrun for example_branch_datetime_operator_2 to 2022-06-25T00:00:00+00:00, run_after=2022-06-26T00:00:00+00:00
[2022-06-26 13:35:40,498] {processor.py:161} INFO - Processing /home/airflow/.local/lib/python3.7/site-packages/airflow/example_dags/example_branch_datetime_operator.py took 0.568 seconds
[2022-06-26 13:36:10,802] {processor.py:153} INFO - Started process (PID=1040) to work on /home/airflow/.local/lib/python3.7/site-packages/airflow/example_dags/example_branch_datetime_operator.py
[2022-06-26 13:36:10,805] {processor.py:641} INFO - Processing file /home/airflow/.local/lib/python3.7/site-packages/airflow/example_dags/example_branch_datetime_operator.py for tasks to queue
[2022-06-26 13:36:10,806] {logging_mixin.py:115} INFO - [2022-06-26 13:36:10,806] {dagbag.py:507} INFO - Filling up the DagBag from /home/airflow/.local/lib/python3.7/site-packages/airflow/example_dags/example_branch_datetime_operator.py
[2022-06-26 13:36:10,822] {processor.py:651} INFO - DAG(s) dict_keys(['example_branch_datetime_operator_2']) retrieved from /home/airflow/.local/lib/python3.7/site-packages/airflow/example_dags/example_branch_datetime_operator.py
[2022-06-26 13:36:10,864] {logging_mixin.py:115} INFO - [2022-06-26 13:36:10,863] {dag.py:2379} INFO - Sync 1 DAGs
[2022-06-26 13:36:11,120] {logging_mixin.py:115} INFO - [2022-06-26 13:36:11,119] {dag.py:2931} INFO - Setting next_dagrun for example_branch_datetime_operator_2 to 2022-06-25T00:00:00+00:00, run_after=2022-06-26T00:00:00+00:00
[2022-06-26 13:36:11,135] {processor.py:161} INFO - Processing /home/airflow/.local/lib/python3.7/site-packages/airflow/example_dags/example_branch_datetime_operator.py took 0.339 seconds
[2022-06-26 13:36:41,683] {processor.py:153} INFO - Started process (PID=1103) to work on /home/airflow/.local/lib/python3.7/site-packages/airflow/example_dags/example_branch_datetime_operator.py
[2022-06-26 13:36:41,684] {processor.py:641} INFO - Processing file /home/airflow/.local/lib/python3.7/site-packages/airflow/example_dags/example_branch_datetime_operator.py for tasks to queue
[2022-06-26 13:36:41,687] {logging_mixin.py:115} INFO - [2022-06-26 13:36:41,687] {dagbag.py:507} INFO - Filling up the DagBag from /home/airflow/.local/lib/python3.7/site-packages/airflow/example_dags/example_branch_datetime_operator.py
[2022-06-26 13:36:41,707] {processor.py:651} INFO - DAG(s) dict_keys(['example_branch_datetime_operator_2']) retrieved from /home/airflow/.local/lib/python3.7/site-packages/airflow/example_dags/example_branch_datetime_operator.py
[2022-06-26 13:36:41,751] {logging_mixin.py:115} INFO - [2022-06-26 13:36:41,751] {dag.py:2379} INFO - Sync 1 DAGs
[2022-06-26 13:36:42,111] {logging_mixin.py:115} INFO - [2022-06-26 13:36:42,110] {dag.py:2931} INFO - Setting next_dagrun for example_branch_datetime_operator_2 to 2022-06-25T00:00:00+00:00, run_after=2022-06-26T00:00:00+00:00
[2022-06-26 13:36:42,137] {processor.py:161} INFO - Processing /home/airflow/.local/lib/python3.7/site-packages/airflow/example_dags/example_branch_datetime_operator.py took 0.467 seconds
[2022-06-26 13:37:12,436] {processor.py:153} INFO - Started process (PID=1156) to work on /home/airflow/.local/lib/python3.7/site-packages/airflow/example_dags/example_branch_datetime_operator.py
[2022-06-26 13:37:12,439] {processor.py:641} INFO - Processing file /home/airflow/.local/lib/python3.7/site-packages/airflow/example_dags/example_branch_datetime_operator.py for tasks to queue
[2022-06-26 13:37:12,440] {logging_mixin.py:115} INFO - [2022-06-26 13:37:12,440] {dagbag.py:507} INFO - Filling up the DagBag from /home/airflow/.local/lib/python3.7/site-packages/airflow/example_dags/example_branch_datetime_operator.py
[2022-06-26 13:37:12,454] {processor.py:651} INFO - DAG(s) dict_keys(['example_branch_datetime_operator_2']) retrieved from /home/airflow/.local/lib/python3.7/site-packages/airflow/example_dags/example_branch_datetime_operator.py
[2022-06-26 13:37:12,496] {logging_mixin.py:115} INFO - [2022-06-26 13:37:12,495] {dag.py:2379} INFO - Sync 1 DAGs
[2022-06-26 13:37:12,754] {logging_mixin.py:115} INFO - [2022-06-26 13:37:12,754] {dag.py:2931} INFO - Setting next_dagrun for example_branch_datetime_operator_2 to 2022-06-25T00:00:00+00:00, run_after=2022-06-26T00:00:00+00:00
[2022-06-26 13:37:12,773] {processor.py:161} INFO - Processing /home/airflow/.local/lib/python3.7/site-packages/airflow/example_dags/example_branch_datetime_operator.py took 0.343 seconds
[2022-06-26 13:37:44,335] {processor.py:153} INFO - Started process (PID=1218) to work on /home/airflow/.local/lib/python3.7/site-packages/airflow/example_dags/example_branch_datetime_operator.py
[2022-06-26 13:37:44,345] {processor.py:641} INFO - Processing file /home/airflow/.local/lib/python3.7/site-packages/airflow/example_dags/example_branch_datetime_operator.py for tasks to queue
[2022-06-26 13:37:44,346] {logging_mixin.py:115} INFO - [2022-06-26 13:37:44,346] {dagbag.py:507} INFO - Filling up the DagBag from /home/airflow/.local/lib/python3.7/site-packages/airflow/example_dags/example_branch_datetime_operator.py
[2022-06-26 13:37:44,362] {processor.py:651} INFO - DAG(s) dict_keys(['example_branch_datetime_operator_2']) retrieved from /home/airflow/.local/lib/python3.7/site-packages/airflow/example_dags/example_branch_datetime_operator.py
[2022-06-26 13:37:44,417] {logging_mixin.py:115} INFO - [2022-06-26 13:37:44,417] {dag.py:2379} INFO - Sync 1 DAGs
[2022-06-26 13:37:44,693] {logging_mixin.py:115} INFO - [2022-06-26 13:37:44,693] {dag.py:2931} INFO - Setting next_dagrun for example_branch_datetime_operator_2 to 2022-06-25T00:00:00+00:00, run_after=2022-06-26T00:00:00+00:00
[2022-06-26 13:37:44,719] {processor.py:161} INFO - Processing /home/airflow/.local/lib/python3.7/site-packages/airflow/example_dags/example_branch_datetime_operator.py took 0.390 seconds
[2022-06-26 13:38:14,992] {processor.py:153} INFO - Started process (PID=1271) to work on /home/airflow/.local/lib/python3.7/site-packages/airflow/example_dags/example_branch_datetime_operator.py
[2022-06-26 13:38:14,995] {processor.py:641} INFO - Processing file /home/airflow/.local/lib/python3.7/site-packages/airflow/example_dags/example_branch_datetime_operator.py for tasks to queue
[2022-06-26 13:38:14,996] {logging_mixin.py:115} INFO - [2022-06-26 13:38:14,996] {dagbag.py:507} INFO - Filling up the DagBag from /home/airflow/.local/lib/python3.7/site-packages/airflow/example_dags/example_branch_datetime_operator.py
[2022-06-26 13:38:15,010] {processor.py:651} INFO - DAG(s) dict_keys(['example_branch_datetime_operator_2']) retrieved from /home/airflow/.local/lib/python3.7/site-packages/airflow/example_dags/example_branch_datetime_operator.py
[2022-06-26 13:38:15,052] {logging_mixin.py:115} INFO - [2022-06-26 13:38:15,052] {dag.py:2379} INFO - Sync 1 DAGs
[2022-06-26 13:38:15,303] {logging_mixin.py:115} INFO - [2022-06-26 13:38:15,303] {dag.py:2931} INFO - Setting next_dagrun for example_branch_datetime_operator_2 to 2022-06-25T00:00:00+00:00, run_after=2022-06-26T00:00:00+00:00
[2022-06-26 13:38:15,322] {processor.py:161} INFO - Processing /home/airflow/.local/lib/python3.7/site-packages/airflow/example_dags/example_branch_datetime_operator.py took 0.335 seconds
[2022-06-26 13:38:45,587] {processor.py:153} INFO - Started process (PID=1330) to work on /home/airflow/.local/lib/python3.7/site-packages/airflow/example_dags/example_branch_datetime_operator.py
[2022-06-26 13:38:45,588] {processor.py:641} INFO - Processing file /home/airflow/.local/lib/python3.7/site-packages/airflow/example_dags/example_branch_datetime_operator.py for tasks to queue
[2022-06-26 13:38:45,589] {logging_mixin.py:115} INFO - [2022-06-26 13:38:45,589] {dagbag.py:507} INFO - Filling up the DagBag from /home/airflow/.local/lib/python3.7/site-packages/airflow/example_dags/example_branch_datetime_operator.py
[2022-06-26 13:38:45,604] {processor.py:651} INFO - DAG(s) dict_keys(['example_branch_datetime_operator_2']) retrieved from /home/airflow/.local/lib/python3.7/site-packages/airflow/example_dags/example_branch_datetime_operator.py
[2022-06-26 13:38:45,677] {logging_mixin.py:115} INFO - [2022-06-26 13:38:45,676] {dag.py:2379} INFO - Sync 1 DAGs
[2022-06-26 13:38:45,945] {logging_mixin.py:115} INFO - [2022-06-26 13:38:45,945] {dag.py:2931} INFO - Setting next_dagrun for example_branch_datetime_operator_2 to 2022-06-25T00:00:00+00:00, run_after=2022-06-26T00:00:00+00:00
[2022-06-26 13:38:45,963] {processor.py:161} INFO - Processing /home/airflow/.local/lib/python3.7/site-packages/airflow/example_dags/example_branch_datetime_operator.py took 0.382 seconds
[2022-06-26 13:39:16,117] {processor.py:153} INFO - Started process (PID=1386) to work on /home/airflow/.local/lib/python3.7/site-packages/airflow/example_dags/example_branch_datetime_operator.py
[2022-06-26 13:39:16,123] {processor.py:641} INFO - Processing file /home/airflow/.local/lib/python3.7/site-packages/airflow/example_dags/example_branch_datetime_operator.py for tasks to queue
[2022-06-26 13:39:16,124] {logging_mixin.py:115} INFO - [2022-06-26 13:39:16,124] {dagbag.py:507} INFO - Filling up the DagBag from /home/airflow/.local/lib/python3.7/site-packages/airflow/example_dags/example_branch_datetime_operator.py
[2022-06-26 13:39:16,137] {processor.py:651} INFO - DAG(s) dict_keys(['example_branch_datetime_operator_2']) retrieved from /home/airflow/.local/lib/python3.7/site-packages/airflow/example_dags/example_branch_datetime_operator.py
[2022-06-26 13:39:16,178] {logging_mixin.py:115} INFO - [2022-06-26 13:39:16,178] {dag.py:2379} INFO - Sync 1 DAGs
[2022-06-26 13:39:16,392] {logging_mixin.py:115} INFO - [2022-06-26 13:39:16,392] {dag.py:2931} INFO - Setting next_dagrun for example_branch_datetime_operator_2 to 2022-06-25T00:00:00+00:00, run_after=2022-06-26T00:00:00+00:00
[2022-06-26 13:39:16,404] {processor.py:161} INFO - Processing /home/airflow/.local/lib/python3.7/site-packages/airflow/example_dags/example_branch_datetime_operator.py took 0.293 seconds
[2022-06-26 13:39:48,093] {processor.py:153} INFO - Started process (PID=1444) to work on /home/airflow/.local/lib/python3.7/site-packages/airflow/example_dags/example_branch_datetime_operator.py
[2022-06-26 13:39:48,094] {processor.py:641} INFO - Processing file /home/airflow/.local/lib/python3.7/site-packages/airflow/example_dags/example_branch_datetime_operator.py for tasks to queue
[2022-06-26 13:39:48,095] {logging_mixin.py:115} INFO - [2022-06-26 13:39:48,095] {dagbag.py:507} INFO - Filling up the DagBag from /home/airflow/.local/lib/python3.7/site-packages/airflow/example_dags/example_branch_datetime_operator.py
[2022-06-26 13:39:48,109] {processor.py:651} INFO - DAG(s) dict_keys(['example_branch_datetime_operator_2']) retrieved from /home/airflow/.local/lib/python3.7/site-packages/airflow/example_dags/example_branch_datetime_operator.py
[2022-06-26 13:39:48,150] {logging_mixin.py:115} INFO - [2022-06-26 13:39:48,149] {dag.py:2379} INFO - Sync 1 DAGs
[2022-06-26 13:39:48,526] {logging_mixin.py:115} INFO - [2022-06-26 13:39:48,526] {dag.py:2931} INFO - Setting next_dagrun for example_branch_datetime_operator_2 to 2022-06-25T00:00:00+00:00, run_after=2022-06-26T00:00:00+00:00
[2022-06-26 13:39:48,551] {processor.py:161} INFO - Processing /home/airflow/.local/lib/python3.7/site-packages/airflow/example_dags/example_branch_datetime_operator.py took 0.464 seconds
[2022-06-26 13:40:18,725] {processor.py:153} INFO - Started process (PID=1499) to work on /home/airflow/.local/lib/python3.7/site-packages/airflow/example_dags/example_branch_datetime_operator.py
[2022-06-26 13:40:18,730] {processor.py:641} INFO - Processing file /home/airflow/.local/lib/python3.7/site-packages/airflow/example_dags/example_branch_datetime_operator.py for tasks to queue
[2022-06-26 13:40:18,730] {logging_mixin.py:115} INFO - [2022-06-26 13:40:18,730] {dagbag.py:507} INFO - Filling up the DagBag from /home/airflow/.local/lib/python3.7/site-packages/airflow/example_dags/example_branch_datetime_operator.py
[2022-06-26 13:40:18,743] {processor.py:651} INFO - DAG(s) dict_keys(['example_branch_datetime_operator_2']) retrieved from /home/airflow/.local/lib/python3.7/site-packages/airflow/example_dags/example_branch_datetime_operator.py
[2022-06-26 13:40:18,785] {logging_mixin.py:115} INFO - [2022-06-26 13:40:18,784] {dag.py:2379} INFO - Sync 1 DAGs
[2022-06-26 13:40:19,154] {logging_mixin.py:115} INFO - [2022-06-26 13:40:19,154] {dag.py:2931} INFO - Setting next_dagrun for example_branch_datetime_operator_2 to 2022-06-25T00:00:00+00:00, run_after=2022-06-26T00:00:00+00:00
[2022-06-26 13:40:19,186] {processor.py:161} INFO - Processing /home/airflow/.local/lib/python3.7/site-packages/airflow/example_dags/example_branch_datetime_operator.py took 0.466 seconds
[2022-06-26 13:40:49,492] {processor.py:153} INFO - Started process (PID=1552) to work on /home/airflow/.local/lib/python3.7/site-packages/airflow/example_dags/example_branch_datetime_operator.py
[2022-06-26 13:40:49,493] {processor.py:641} INFO - Processing file /home/airflow/.local/lib/python3.7/site-packages/airflow/example_dags/example_branch_datetime_operator.py for tasks to queue
[2022-06-26 13:40:49,494] {logging_mixin.py:115} INFO - [2022-06-26 13:40:49,494] {dagbag.py:507} INFO - Filling up the DagBag from /home/airflow/.local/lib/python3.7/site-packages/airflow/example_dags/example_branch_datetime_operator.py
[2022-06-26 13:40:49,505] {processor.py:651} INFO - DAG(s) dict_keys(['example_branch_datetime_operator_2']) retrieved from /home/airflow/.local/lib/python3.7/site-packages/airflow/example_dags/example_branch_datetime_operator.py
[2022-06-26 13:40:49,545] {logging_mixin.py:115} INFO - [2022-06-26 13:40:49,545] {dag.py:2379} INFO - Sync 1 DAGs
[2022-06-26 13:40:49,807] {logging_mixin.py:115} INFO - [2022-06-26 13:40:49,807] {dag.py:2931} INFO - Setting next_dagrun for example_branch_datetime_operator_2 to 2022-06-25T00:00:00+00:00, run_after=2022-06-26T00:00:00+00:00
[2022-06-26 13:40:49,824] {processor.py:161} INFO - Processing /home/airflow/.local/lib/python3.7/site-packages/airflow/example_dags/example_branch_datetime_operator.py took 0.338 seconds
[2022-06-26 13:41:20,285] {processor.py:153} INFO - Started process (PID=1605) to work on /home/airflow/.local/lib/python3.7/site-packages/airflow/example_dags/example_branch_datetime_operator.py
[2022-06-26 13:41:20,287] {processor.py:641} INFO - Processing file /home/airflow/.local/lib/python3.7/site-packages/airflow/example_dags/example_branch_datetime_operator.py for tasks to queue
[2022-06-26 13:41:20,288] {logging_mixin.py:115} INFO - [2022-06-26 13:41:20,288] {dagbag.py:507} INFO - Filling up the DagBag from /home/airflow/.local/lib/python3.7/site-packages/airflow/example_dags/example_branch_datetime_operator.py
[2022-06-26 13:41:20,301] {processor.py:651} INFO - DAG(s) dict_keys(['example_branch_datetime_operator_2']) retrieved from /home/airflow/.local/lib/python3.7/site-packages/airflow/example_dags/example_branch_datetime_operator.py
[2022-06-26 13:41:20,342] {logging_mixin.py:115} INFO - [2022-06-26 13:41:20,342] {dag.py:2379} INFO - Sync 1 DAGs
[2022-06-26 13:41:20,654] {logging_mixin.py:115} INFO - [2022-06-26 13:41:20,654] {dag.py:2931} INFO - Setting next_dagrun for example_branch_datetime_operator_2 to 2022-06-25T00:00:00+00:00, run_after=2022-06-26T00:00:00+00:00
[2022-06-26 13:41:20,671] {processor.py:161} INFO - Processing /home/airflow/.local/lib/python3.7/site-packages/airflow/example_dags/example_branch_datetime_operator.py took 0.393 seconds
[2022-06-26 13:41:51,701] {processor.py:153} INFO - Started process (PID=1667) to work on /home/airflow/.local/lib/python3.7/site-packages/airflow/example_dags/example_branch_datetime_operator.py
[2022-06-26 13:41:51,702] {processor.py:641} INFO - Processing file /home/airflow/.local/lib/python3.7/site-packages/airflow/example_dags/example_branch_datetime_operator.py for tasks to queue
[2022-06-26 13:41:51,709] {logging_mixin.py:115} INFO - [2022-06-26 13:41:51,709] {dagbag.py:507} INFO - Filling up the DagBag from /home/airflow/.local/lib/python3.7/site-packages/airflow/example_dags/example_branch_datetime_operator.py
[2022-06-26 13:41:51,744] {processor.py:651} INFO - DAG(s) dict_keys(['example_branch_datetime_operator_2']) retrieved from /home/airflow/.local/lib/python3.7/site-packages/airflow/example_dags/example_branch_datetime_operator.py
[2022-06-26 13:41:51,805] {logging_mixin.py:115} INFO - [2022-06-26 13:41:51,805] {dag.py:2379} INFO - Sync 1 DAGs
[2022-06-26 13:41:52,197] {logging_mixin.py:115} INFO - [2022-06-26 13:41:52,196] {dag.py:2931} INFO - Setting next_dagrun for example_branch_datetime_operator_2 to 2022-06-25T00:00:00+00:00, run_after=2022-06-26T00:00:00+00:00
[2022-06-26 13:41:52,212] {processor.py:161} INFO - Processing /home/airflow/.local/lib/python3.7/site-packages/airflow/example_dags/example_branch_datetime_operator.py took 0.526 seconds
[2022-06-26 13:42:22,650] {processor.py:153} INFO - Started process (PID=1720) to work on /home/airflow/.local/lib/python3.7/site-packages/airflow/example_dags/example_branch_datetime_operator.py
[2022-06-26 13:42:22,652] {processor.py:641} INFO - Processing file /home/airflow/.local/lib/python3.7/site-packages/airflow/example_dags/example_branch_datetime_operator.py for tasks to queue
[2022-06-26 13:42:22,653] {logging_mixin.py:115} INFO - [2022-06-26 13:42:22,653] {dagbag.py:507} INFO - Filling up the DagBag from /home/airflow/.local/lib/python3.7/site-packages/airflow/example_dags/example_branch_datetime_operator.py
[2022-06-26 13:42:22,666] {processor.py:651} INFO - DAG(s) dict_keys(['example_branch_datetime_operator_2']) retrieved from /home/airflow/.local/lib/python3.7/site-packages/airflow/example_dags/example_branch_datetime_operator.py
[2022-06-26 13:42:22,710] {logging_mixin.py:115} INFO - [2022-06-26 13:42:22,709] {dag.py:2379} INFO - Sync 1 DAGs
[2022-06-26 13:42:22,952] {logging_mixin.py:115} INFO - [2022-06-26 13:42:22,951] {dag.py:2931} INFO - Setting next_dagrun for example_branch_datetime_operator_2 to 2022-06-25T00:00:00+00:00, run_after=2022-06-26T00:00:00+00:00
[2022-06-26 13:42:22,970] {processor.py:161} INFO - Processing /home/airflow/.local/lib/python3.7/site-packages/airflow/example_dags/example_branch_datetime_operator.py took 0.326 seconds
[2022-06-26 13:42:53,268] {processor.py:153} INFO - Started process (PID=1773) to work on /home/airflow/.local/lib/python3.7/site-packages/airflow/example_dags/example_branch_datetime_operator.py
[2022-06-26 13:42:53,269] {processor.py:641} INFO - Processing file /home/airflow/.local/lib/python3.7/site-packages/airflow/example_dags/example_branch_datetime_operator.py for tasks to queue
[2022-06-26 13:42:53,270] {logging_mixin.py:115} INFO - [2022-06-26 13:42:53,270] {dagbag.py:507} INFO - Filling up the DagBag from /home/airflow/.local/lib/python3.7/site-packages/airflow/example_dags/example_branch_datetime_operator.py
[2022-06-26 13:42:53,292] {processor.py:651} INFO - DAG(s) dict_keys(['example_branch_datetime_operator_2']) retrieved from /home/airflow/.local/lib/python3.7/site-packages/airflow/example_dags/example_branch_datetime_operator.py
[2022-06-26 13:42:53,381] {logging_mixin.py:115} INFO - [2022-06-26 13:42:53,381] {dag.py:2379} INFO - Sync 1 DAGs
[2022-06-26 13:42:53,764] {logging_mixin.py:115} INFO - [2022-06-26 13:42:53,764] {dag.py:2931} INFO - Setting next_dagrun for example_branch_datetime_operator_2 to 2022-06-25T00:00:00+00:00, run_after=2022-06-26T00:00:00+00:00
[2022-06-26 13:42:53,780] {processor.py:161} INFO - Processing /home/airflow/.local/lib/python3.7/site-packages/airflow/example_dags/example_branch_datetime_operator.py took 0.530 seconds
