[2022-06-26 12:35:11,942] {processor.py:153} INFO - Started process (PID=73) to work on /home/airflow/.local/lib/python3.7/site-packages/airflow/example_dags/example_branch_python_dop_operator_3.py
[2022-06-26 12:35:11,943] {processor.py:641} INFO - Processing file /home/airflow/.local/lib/python3.7/site-packages/airflow/example_dags/example_branch_python_dop_operator_3.py for tasks to queue
[2022-06-26 12:35:11,945] {logging_mixin.py:115} INFO - [2022-06-26 12:35:11,945] {dagbag.py:507} INFO - Filling up the DagBag from /home/airflow/.local/lib/python3.7/site-packages/airflow/example_dags/example_branch_python_dop_operator_3.py
[2022-06-26 12:35:11,967] {processor.py:651} INFO - DAG(s) dict_keys(['example_branch_dop_operator_v3']) retrieved from /home/airflow/.local/lib/python3.7/site-packages/airflow/example_dags/example_branch_python_dop_operator_3.py
[2022-06-26 12:35:12,650] {logging_mixin.py:115} INFO - [2022-06-26 12:35:12,650] {manager.py:508} INFO - Created Permission View: can delete on DAG:example_branch_dop_operator_v3
[2022-06-26 12:35:12,706] {logging_mixin.py:115} INFO - [2022-06-26 12:35:12,706] {manager.py:508} INFO - Created Permission View: can edit on DAG:example_branch_dop_operator_v3
[2022-06-26 12:35:12,746] {logging_mixin.py:115} INFO - [2022-06-26 12:35:12,746] {manager.py:508} INFO - Created Permission View: can read on DAG:example_branch_dop_operator_v3
[2022-06-26 12:35:12,746] {logging_mixin.py:115} INFO - [2022-06-26 12:35:12,746] {dag.py:2379} INFO - Sync 1 DAGs
[2022-06-26 12:35:12,771] {logging_mixin.py:115} INFO - [2022-06-26 12:35:12,771] {dag.py:2398} INFO - Creating ORM DAG for example_branch_dop_operator_v3
[2022-06-26 12:35:12,825] {logging_mixin.py:115} INFO - [2022-06-26 12:35:12,824] {dag.py:2931} INFO - Setting next_dagrun for example_branch_dop_operator_v3 to 2022-06-26T12:34:00+00:00, run_after=2022-06-26T12:35:00+00:00
[2022-06-26 12:35:12,887] {processor.py:161} INFO - Processing /home/airflow/.local/lib/python3.7/site-packages/airflow/example_dags/example_branch_python_dop_operator_3.py took 0.951 seconds
[2022-06-26 12:35:43,472] {processor.py:153} INFO - Started process (PID=126) to work on /home/airflow/.local/lib/python3.7/site-packages/airflow/example_dags/example_branch_python_dop_operator_3.py
[2022-06-26 12:35:43,473] {processor.py:641} INFO - Processing file /home/airflow/.local/lib/python3.7/site-packages/airflow/example_dags/example_branch_python_dop_operator_3.py for tasks to queue
[2022-06-26 12:35:43,474] {logging_mixin.py:115} INFO - [2022-06-26 12:35:43,474] {dagbag.py:507} INFO - Filling up the DagBag from /home/airflow/.local/lib/python3.7/site-packages/airflow/example_dags/example_branch_python_dop_operator_3.py
[2022-06-26 12:35:43,491] {processor.py:651} INFO - DAG(s) dict_keys(['example_branch_dop_operator_v3']) retrieved from /home/airflow/.local/lib/python3.7/site-packages/airflow/example_dags/example_branch_python_dop_operator_3.py
[2022-06-26 12:35:43,532] {logging_mixin.py:115} INFO - [2022-06-26 12:35:43,532] {dag.py:2379} INFO - Sync 1 DAGs
[2022-06-26 12:35:43,795] {logging_mixin.py:115} INFO - [2022-06-26 12:35:43,794] {dag.py:2931} INFO - Setting next_dagrun for example_branch_dop_operator_v3 to 2022-06-26T12:34:00+00:00, run_after=2022-06-26T12:35:00+00:00
[2022-06-26 12:35:43,810] {processor.py:161} INFO - Processing /home/airflow/.local/lib/python3.7/site-packages/airflow/example_dags/example_branch_python_dop_operator_3.py took 0.346 seconds
[2022-06-26 12:36:14,479] {processor.py:153} INFO - Started process (PID=188) to work on /home/airflow/.local/lib/python3.7/site-packages/airflow/example_dags/example_branch_python_dop_operator_3.py
[2022-06-26 12:36:14,480] {processor.py:641} INFO - Processing file /home/airflow/.local/lib/python3.7/site-packages/airflow/example_dags/example_branch_python_dop_operator_3.py for tasks to queue
[2022-06-26 12:36:14,481] {logging_mixin.py:115} INFO - [2022-06-26 12:36:14,481] {dagbag.py:507} INFO - Filling up the DagBag from /home/airflow/.local/lib/python3.7/site-packages/airflow/example_dags/example_branch_python_dop_operator_3.py
[2022-06-26 12:36:14,496] {processor.py:651} INFO - DAG(s) dict_keys(['example_branch_dop_operator_v3']) retrieved from /home/airflow/.local/lib/python3.7/site-packages/airflow/example_dags/example_branch_python_dop_operator_3.py
[2022-06-26 12:36:14,538] {logging_mixin.py:115} INFO - [2022-06-26 12:36:14,538] {dag.py:2379} INFO - Sync 1 DAGs
[2022-06-26 12:36:14,798] {logging_mixin.py:115} INFO - [2022-06-26 12:36:14,798] {dag.py:2931} INFO - Setting next_dagrun for example_branch_dop_operator_v3 to 2022-06-26T12:35:00+00:00, run_after=2022-06-26T12:36:00+00:00
[2022-06-26 12:36:14,815] {processor.py:161} INFO - Processing /home/airflow/.local/lib/python3.7/site-packages/airflow/example_dags/example_branch_python_dop_operator_3.py took 0.344 seconds
[2022-06-26 12:36:45,789] {processor.py:153} INFO - Started process (PID=240) to work on /home/airflow/.local/lib/python3.7/site-packages/airflow/example_dags/example_branch_python_dop_operator_3.py
[2022-06-26 12:36:45,791] {processor.py:641} INFO - Processing file /home/airflow/.local/lib/python3.7/site-packages/airflow/example_dags/example_branch_python_dop_operator_3.py for tasks to queue
[2022-06-26 12:36:45,792] {logging_mixin.py:115} INFO - [2022-06-26 12:36:45,792] {dagbag.py:507} INFO - Filling up the DagBag from /home/airflow/.local/lib/python3.7/site-packages/airflow/example_dags/example_branch_python_dop_operator_3.py
[2022-06-26 12:36:45,810] {processor.py:651} INFO - DAG(s) dict_keys(['example_branch_dop_operator_v3']) retrieved from /home/airflow/.local/lib/python3.7/site-packages/airflow/example_dags/example_branch_python_dop_operator_3.py
[2022-06-26 12:36:45,853] {logging_mixin.py:115} INFO - [2022-06-26 12:36:45,853] {dag.py:2379} INFO - Sync 1 DAGs
[2022-06-26 12:36:46,131] {logging_mixin.py:115} INFO - [2022-06-26 12:36:46,131] {dag.py:2931} INFO - Setting next_dagrun for example_branch_dop_operator_v3 to 2022-06-26T12:35:00+00:00, run_after=2022-06-26T12:36:00+00:00
[2022-06-26 12:36:46,148] {processor.py:161} INFO - Processing /home/airflow/.local/lib/python3.7/site-packages/airflow/example_dags/example_branch_python_dop_operator_3.py took 0.365 seconds
[2022-06-26 12:37:16,588] {processor.py:153} INFO - Started process (PID=304) to work on /home/airflow/.local/lib/python3.7/site-packages/airflow/example_dags/example_branch_python_dop_operator_3.py
[2022-06-26 12:37:16,589] {processor.py:641} INFO - Processing file /home/airflow/.local/lib/python3.7/site-packages/airflow/example_dags/example_branch_python_dop_operator_3.py for tasks to queue
[2022-06-26 12:37:16,590] {logging_mixin.py:115} INFO - [2022-06-26 12:37:16,590] {dagbag.py:507} INFO - Filling up the DagBag from /home/airflow/.local/lib/python3.7/site-packages/airflow/example_dags/example_branch_python_dop_operator_3.py
[2022-06-26 12:37:16,606] {processor.py:651} INFO - DAG(s) dict_keys(['example_branch_dop_operator_v3']) retrieved from /home/airflow/.local/lib/python3.7/site-packages/airflow/example_dags/example_branch_python_dop_operator_3.py
[2022-06-26 12:37:16,671] {logging_mixin.py:115} INFO - [2022-06-26 12:37:16,671] {dag.py:2379} INFO - Sync 1 DAGs
[2022-06-26 12:37:16,956] {logging_mixin.py:115} INFO - [2022-06-26 12:37:16,956] {dag.py:2931} INFO - Setting next_dagrun for example_branch_dop_operator_v3 to 2022-06-26T12:36:00+00:00, run_after=2022-06-26T12:37:00+00:00
[2022-06-26 12:37:16,974] {processor.py:161} INFO - Processing /home/airflow/.local/lib/python3.7/site-packages/airflow/example_dags/example_branch_python_dop_operator_3.py took 0.392 seconds
[2022-06-26 12:37:47,218] {processor.py:153} INFO - Started process (PID=356) to work on /home/airflow/.local/lib/python3.7/site-packages/airflow/example_dags/example_branch_python_dop_operator_3.py
[2022-06-26 12:37:47,221] {processor.py:641} INFO - Processing file /home/airflow/.local/lib/python3.7/site-packages/airflow/example_dags/example_branch_python_dop_operator_3.py for tasks to queue
[2022-06-26 12:37:47,222] {logging_mixin.py:115} INFO - [2022-06-26 12:37:47,222] {dagbag.py:507} INFO - Filling up the DagBag from /home/airflow/.local/lib/python3.7/site-packages/airflow/example_dags/example_branch_python_dop_operator_3.py
[2022-06-26 12:37:47,238] {processor.py:651} INFO - DAG(s) dict_keys(['example_branch_dop_operator_v3']) retrieved from /home/airflow/.local/lib/python3.7/site-packages/airflow/example_dags/example_branch_python_dop_operator_3.py
[2022-06-26 12:37:47,281] {logging_mixin.py:115} INFO - [2022-06-26 12:37:47,281] {dag.py:2379} INFO - Sync 1 DAGs
[2022-06-26 12:37:47,564] {logging_mixin.py:115} INFO - [2022-06-26 12:37:47,564] {dag.py:2931} INFO - Setting next_dagrun for example_branch_dop_operator_v3 to 2022-06-26T12:36:00+00:00, run_after=2022-06-26T12:37:00+00:00
[2022-06-26 12:37:47,604] {processor.py:161} INFO - Processing /home/airflow/.local/lib/python3.7/site-packages/airflow/example_dags/example_branch_python_dop_operator_3.py took 0.392 seconds
[2022-06-26 12:38:18,418] {processor.py:153} INFO - Started process (PID=418) to work on /home/airflow/.local/lib/python3.7/site-packages/airflow/example_dags/example_branch_python_dop_operator_3.py
[2022-06-26 12:38:18,418] {processor.py:641} INFO - Processing file /home/airflow/.local/lib/python3.7/site-packages/airflow/example_dags/example_branch_python_dop_operator_3.py for tasks to queue
[2022-06-26 12:38:18,419] {logging_mixin.py:115} INFO - [2022-06-26 12:38:18,419] {dagbag.py:507} INFO - Filling up the DagBag from /home/airflow/.local/lib/python3.7/site-packages/airflow/example_dags/example_branch_python_dop_operator_3.py
[2022-06-26 12:38:18,443] {processor.py:651} INFO - DAG(s) dict_keys(['example_branch_dop_operator_v3']) retrieved from /home/airflow/.local/lib/python3.7/site-packages/airflow/example_dags/example_branch_python_dop_operator_3.py
[2022-06-26 12:38:18,517] {logging_mixin.py:115} INFO - [2022-06-26 12:38:18,517] {dag.py:2379} INFO - Sync 1 DAGs
[2022-06-26 12:38:19,024] {logging_mixin.py:115} INFO - [2022-06-26 12:38:19,024] {dag.py:2931} INFO - Setting next_dagrun for example_branch_dop_operator_v3 to 2022-06-26T12:37:00+00:00, run_after=2022-06-26T12:38:00+00:00
[2022-06-26 12:38:19,056] {processor.py:161} INFO - Processing /home/airflow/.local/lib/python3.7/site-packages/airflow/example_dags/example_branch_python_dop_operator_3.py took 0.656 seconds
[2022-06-26 12:38:49,157] {processor.py:153} INFO - Started process (PID=470) to work on /home/airflow/.local/lib/python3.7/site-packages/airflow/example_dags/example_branch_python_dop_operator_3.py
[2022-06-26 12:38:49,170] {processor.py:641} INFO - Processing file /home/airflow/.local/lib/python3.7/site-packages/airflow/example_dags/example_branch_python_dop_operator_3.py for tasks to queue
[2022-06-26 12:38:49,171] {logging_mixin.py:115} INFO - [2022-06-26 12:38:49,171] {dagbag.py:507} INFO - Filling up the DagBag from /home/airflow/.local/lib/python3.7/site-packages/airflow/example_dags/example_branch_python_dop_operator_3.py
[2022-06-26 12:38:49,199] {processor.py:651} INFO - DAG(s) dict_keys(['example_branch_dop_operator_v3']) retrieved from /home/airflow/.local/lib/python3.7/site-packages/airflow/example_dags/example_branch_python_dop_operator_3.py
[2022-06-26 12:38:49,271] {logging_mixin.py:115} INFO - [2022-06-26 12:38:49,271] {dag.py:2379} INFO - Sync 1 DAGs
[2022-06-26 12:38:49,710] {logging_mixin.py:115} INFO - [2022-06-26 12:38:49,710] {dag.py:2931} INFO - Setting next_dagrun for example_branch_dop_operator_v3 to 2022-06-26T12:37:00+00:00, run_after=2022-06-26T12:38:00+00:00
[2022-06-26 12:38:49,739] {processor.py:161} INFO - Processing /home/airflow/.local/lib/python3.7/site-packages/airflow/example_dags/example_branch_python_dop_operator_3.py took 0.587 seconds
[2022-06-26 12:39:19,804] {processor.py:153} INFO - Started process (PID=530) to work on /home/airflow/.local/lib/python3.7/site-packages/airflow/example_dags/example_branch_python_dop_operator_3.py
[2022-06-26 12:39:19,805] {processor.py:641} INFO - Processing file /home/airflow/.local/lib/python3.7/site-packages/airflow/example_dags/example_branch_python_dop_operator_3.py for tasks to queue
[2022-06-26 12:39:19,806] {logging_mixin.py:115} INFO - [2022-06-26 12:39:19,806] {dagbag.py:507} INFO - Filling up the DagBag from /home/airflow/.local/lib/python3.7/site-packages/airflow/example_dags/example_branch_python_dop_operator_3.py
[2022-06-26 12:39:19,820] {processor.py:651} INFO - DAG(s) dict_keys(['example_branch_dop_operator_v3']) retrieved from /home/airflow/.local/lib/python3.7/site-packages/airflow/example_dags/example_branch_python_dop_operator_3.py
[2022-06-26 12:39:19,863] {logging_mixin.py:115} INFO - [2022-06-26 12:39:19,862] {dag.py:2379} INFO - Sync 1 DAGs
[2022-06-26 12:39:20,068] {logging_mixin.py:115} INFO - [2022-06-26 12:39:20,068] {dag.py:2931} INFO - Setting next_dagrun for example_branch_dop_operator_v3 to 2022-06-26T12:38:00+00:00, run_after=2022-06-26T12:39:00+00:00
[2022-06-26 12:39:20,088] {processor.py:161} INFO - Processing /home/airflow/.local/lib/python3.7/site-packages/airflow/example_dags/example_branch_python_dop_operator_3.py took 0.288 seconds
[2022-06-26 12:39:50,835] {processor.py:153} INFO - Started process (PID=584) to work on /home/airflow/.local/lib/python3.7/site-packages/airflow/example_dags/example_branch_python_dop_operator_3.py
[2022-06-26 12:39:50,837] {processor.py:641} INFO - Processing file /home/airflow/.local/lib/python3.7/site-packages/airflow/example_dags/example_branch_python_dop_operator_3.py for tasks to queue
[2022-06-26 12:39:50,838] {logging_mixin.py:115} INFO - [2022-06-26 12:39:50,838] {dagbag.py:507} INFO - Filling up the DagBag from /home/airflow/.local/lib/python3.7/site-packages/airflow/example_dags/example_branch_python_dop_operator_3.py
[2022-06-26 12:39:50,853] {processor.py:651} INFO - DAG(s) dict_keys(['example_branch_dop_operator_v3']) retrieved from /home/airflow/.local/lib/python3.7/site-packages/airflow/example_dags/example_branch_python_dop_operator_3.py
[2022-06-26 12:39:50,899] {logging_mixin.py:115} INFO - [2022-06-26 12:39:50,898] {dag.py:2379} INFO - Sync 1 DAGs
[2022-06-26 12:39:51,169] {logging_mixin.py:115} INFO - [2022-06-26 12:39:51,169] {dag.py:2931} INFO - Setting next_dagrun for example_branch_dop_operator_v3 to 2022-06-26T12:38:00+00:00, run_after=2022-06-26T12:39:00+00:00
[2022-06-26 12:39:51,186] {processor.py:161} INFO - Processing /home/airflow/.local/lib/python3.7/site-packages/airflow/example_dags/example_branch_python_dop_operator_3.py took 0.357 seconds
[2022-06-26 12:40:21,583] {processor.py:153} INFO - Started process (PID=647) to work on /home/airflow/.local/lib/python3.7/site-packages/airflow/example_dags/example_branch_python_dop_operator_3.py
[2022-06-26 12:40:21,583] {processor.py:641} INFO - Processing file /home/airflow/.local/lib/python3.7/site-packages/airflow/example_dags/example_branch_python_dop_operator_3.py for tasks to queue
[2022-06-26 12:40:21,584] {logging_mixin.py:115} INFO - [2022-06-26 12:40:21,584] {dagbag.py:507} INFO - Filling up the DagBag from /home/airflow/.local/lib/python3.7/site-packages/airflow/example_dags/example_branch_python_dop_operator_3.py
[2022-06-26 12:40:21,613] {processor.py:651} INFO - DAG(s) dict_keys(['example_branch_dop_operator_v3']) retrieved from /home/airflow/.local/lib/python3.7/site-packages/airflow/example_dags/example_branch_python_dop_operator_3.py
[2022-06-26 12:40:21,701] {logging_mixin.py:115} INFO - [2022-06-26 12:40:21,701] {dag.py:2379} INFO - Sync 1 DAGs
[2022-06-26 12:40:22,218] {logging_mixin.py:115} INFO - [2022-06-26 12:40:22,217] {dag.py:2931} INFO - Setting next_dagrun for example_branch_dop_operator_v3 to 2022-06-26T12:39:00+00:00, run_after=2022-06-26T12:40:00+00:00
[2022-06-26 12:40:22,261] {processor.py:161} INFO - Processing /home/airflow/.local/lib/python3.7/site-packages/airflow/example_dags/example_branch_python_dop_operator_3.py took 0.690 seconds
[2022-06-26 12:40:52,633] {processor.py:153} INFO - Started process (PID=699) to work on /home/airflow/.local/lib/python3.7/site-packages/airflow/example_dags/example_branch_python_dop_operator_3.py
[2022-06-26 12:40:52,640] {processor.py:641} INFO - Processing file /home/airflow/.local/lib/python3.7/site-packages/airflow/example_dags/example_branch_python_dop_operator_3.py for tasks to queue
[2022-06-26 12:40:52,641] {logging_mixin.py:115} INFO - [2022-06-26 12:40:52,641] {dagbag.py:507} INFO - Filling up the DagBag from /home/airflow/.local/lib/python3.7/site-packages/airflow/example_dags/example_branch_python_dop_operator_3.py
[2022-06-26 12:40:52,656] {processor.py:651} INFO - DAG(s) dict_keys(['example_branch_dop_operator_v3']) retrieved from /home/airflow/.local/lib/python3.7/site-packages/airflow/example_dags/example_branch_python_dop_operator_3.py
[2022-06-26 12:40:52,703] {logging_mixin.py:115} INFO - [2022-06-26 12:40:52,703] {dag.py:2379} INFO - Sync 1 DAGs
[2022-06-26 12:40:52,970] {logging_mixin.py:115} INFO - [2022-06-26 12:40:52,970] {dag.py:2931} INFO - Setting next_dagrun for example_branch_dop_operator_v3 to 2022-06-26T12:39:00+00:00, run_after=2022-06-26T12:40:00+00:00
[2022-06-26 12:40:52,988] {processor.py:161} INFO - Processing /home/airflow/.local/lib/python3.7/site-packages/airflow/example_dags/example_branch_python_dop_operator_3.py took 0.360 seconds
[2022-06-26 12:41:23,562] {processor.py:153} INFO - Started process (PID=760) to work on /home/airflow/.local/lib/python3.7/site-packages/airflow/example_dags/example_branch_python_dop_operator_3.py
[2022-06-26 12:41:23,573] {processor.py:641} INFO - Processing file /home/airflow/.local/lib/python3.7/site-packages/airflow/example_dags/example_branch_python_dop_operator_3.py for tasks to queue
[2022-06-26 12:41:23,574] {logging_mixin.py:115} INFO - [2022-06-26 12:41:23,574] {dagbag.py:507} INFO - Filling up the DagBag from /home/airflow/.local/lib/python3.7/site-packages/airflow/example_dags/example_branch_python_dop_operator_3.py
[2022-06-26 12:41:23,600] {processor.py:651} INFO - DAG(s) dict_keys(['example_branch_dop_operator_v3']) retrieved from /home/airflow/.local/lib/python3.7/site-packages/airflow/example_dags/example_branch_python_dop_operator_3.py
[2022-06-26 12:41:23,681] {logging_mixin.py:115} INFO - [2022-06-26 12:41:23,681] {dag.py:2379} INFO - Sync 1 DAGs
[2022-06-26 12:41:24,226] {logging_mixin.py:115} INFO - [2022-06-26 12:41:24,226] {dag.py:2931} INFO - Setting next_dagrun for example_branch_dop_operator_v3 to 2022-06-26T12:40:00+00:00, run_after=2022-06-26T12:41:00+00:00
[2022-06-26 12:41:24,277] {processor.py:161} INFO - Processing /home/airflow/.local/lib/python3.7/site-packages/airflow/example_dags/example_branch_python_dop_operator_3.py took 0.737 seconds
[2022-06-26 12:41:54,665] {processor.py:153} INFO - Started process (PID=821) to work on /home/airflow/.local/lib/python3.7/site-packages/airflow/example_dags/example_branch_python_dop_operator_3.py
[2022-06-26 12:41:54,677] {processor.py:641} INFO - Processing file /home/airflow/.local/lib/python3.7/site-packages/airflow/example_dags/example_branch_python_dop_operator_3.py for tasks to queue
[2022-06-26 12:41:54,678] {logging_mixin.py:115} INFO - [2022-06-26 12:41:54,678] {dagbag.py:507} INFO - Filling up the DagBag from /home/airflow/.local/lib/python3.7/site-packages/airflow/example_dags/example_branch_python_dop_operator_3.py
[2022-06-26 12:41:54,699] {processor.py:651} INFO - DAG(s) dict_keys(['example_branch_dop_operator_v3']) retrieved from /home/airflow/.local/lib/python3.7/site-packages/airflow/example_dags/example_branch_python_dop_operator_3.py
[2022-06-26 12:41:54,761] {logging_mixin.py:115} INFO - [2022-06-26 12:41:54,761] {dag.py:2379} INFO - Sync 1 DAGs
[2022-06-26 12:41:55,074] {logging_mixin.py:115} INFO - [2022-06-26 12:41:55,074] {dag.py:2931} INFO - Setting next_dagrun for example_branch_dop_operator_v3 to 2022-06-26T12:40:00+00:00, run_after=2022-06-26T12:41:00+00:00
[2022-06-26 12:41:55,126] {processor.py:161} INFO - Processing /home/airflow/.local/lib/python3.7/site-packages/airflow/example_dags/example_branch_python_dop_operator_3.py took 0.467 seconds
[2022-06-26 12:42:25,409] {processor.py:153} INFO - Started process (PID=872) to work on /home/airflow/.local/lib/python3.7/site-packages/airflow/example_dags/example_branch_python_dop_operator_3.py
[2022-06-26 12:42:25,414] {processor.py:641} INFO - Processing file /home/airflow/.local/lib/python3.7/site-packages/airflow/example_dags/example_branch_python_dop_operator_3.py for tasks to queue
[2022-06-26 12:42:25,415] {logging_mixin.py:115} INFO - [2022-06-26 12:42:25,415] {dagbag.py:507} INFO - Filling up the DagBag from /home/airflow/.local/lib/python3.7/site-packages/airflow/example_dags/example_branch_python_dop_operator_3.py
[2022-06-26 12:42:25,431] {processor.py:651} INFO - DAG(s) dict_keys(['example_branch_dop_operator_v3']) retrieved from /home/airflow/.local/lib/python3.7/site-packages/airflow/example_dags/example_branch_python_dop_operator_3.py
[2022-06-26 12:42:25,474] {logging_mixin.py:115} INFO - [2022-06-26 12:42:25,474] {dag.py:2379} INFO - Sync 1 DAGs
[2022-06-26 12:42:25,741] {logging_mixin.py:115} INFO - [2022-06-26 12:42:25,741] {dag.py:2931} INFO - Setting next_dagrun for example_branch_dop_operator_v3 to 2022-06-26T12:41:00+00:00, run_after=2022-06-26T12:42:00+00:00
[2022-06-26 12:42:25,758] {processor.py:161} INFO - Processing /home/airflow/.local/lib/python3.7/site-packages/airflow/example_dags/example_branch_python_dop_operator_3.py took 0.355 seconds
[2022-06-26 12:42:56,101] {processor.py:153} INFO - Started process (PID=923) to work on /home/airflow/.local/lib/python3.7/site-packages/airflow/example_dags/example_branch_python_dop_operator_3.py
[2022-06-26 12:42:56,102] {processor.py:641} INFO - Processing file /home/airflow/.local/lib/python3.7/site-packages/airflow/example_dags/example_branch_python_dop_operator_3.py for tasks to queue
[2022-06-26 12:42:56,103] {logging_mixin.py:115} INFO - [2022-06-26 12:42:56,103] {dagbag.py:507} INFO - Filling up the DagBag from /home/airflow/.local/lib/python3.7/site-packages/airflow/example_dags/example_branch_python_dop_operator_3.py
[2022-06-26 12:42:56,139] {processor.py:651} INFO - DAG(s) dict_keys(['example_branch_dop_operator_v3']) retrieved from /home/airflow/.local/lib/python3.7/site-packages/airflow/example_dags/example_branch_python_dop_operator_3.py
[2022-06-26 12:42:56,226] {logging_mixin.py:115} INFO - [2022-06-26 12:42:56,226] {dag.py:2379} INFO - Sync 1 DAGs
[2022-06-26 12:42:56,705] {logging_mixin.py:115} INFO - [2022-06-26 12:42:56,705] {dag.py:2931} INFO - Setting next_dagrun for example_branch_dop_operator_v3 to 2022-06-26T12:41:00+00:00, run_after=2022-06-26T12:42:00+00:00
[2022-06-26 12:42:56,736] {processor.py:161} INFO - Processing /home/airflow/.local/lib/python3.7/site-packages/airflow/example_dags/example_branch_python_dop_operator_3.py took 0.660 seconds
[2022-06-26 12:43:27,095] {processor.py:153} INFO - Started process (PID=984) to work on /home/airflow/.local/lib/python3.7/site-packages/airflow/example_dags/example_branch_python_dop_operator_3.py
[2022-06-26 12:43:27,102] {processor.py:641} INFO - Processing file /home/airflow/.local/lib/python3.7/site-packages/airflow/example_dags/example_branch_python_dop_operator_3.py for tasks to queue
[2022-06-26 12:43:27,103] {logging_mixin.py:115} INFO - [2022-06-26 12:43:27,102] {dagbag.py:507} INFO - Filling up the DagBag from /home/airflow/.local/lib/python3.7/site-packages/airflow/example_dags/example_branch_python_dop_operator_3.py
[2022-06-26 12:43:27,119] {processor.py:651} INFO - DAG(s) dict_keys(['example_branch_dop_operator_v3']) retrieved from /home/airflow/.local/lib/python3.7/site-packages/airflow/example_dags/example_branch_python_dop_operator_3.py
[2022-06-26 12:43:27,164] {logging_mixin.py:115} INFO - [2022-06-26 12:43:27,164] {dag.py:2379} INFO - Sync 1 DAGs
[2022-06-26 12:43:27,465] {logging_mixin.py:115} INFO - [2022-06-26 12:43:27,465] {dag.py:2931} INFO - Setting next_dagrun for example_branch_dop_operator_v3 to 2022-06-26T12:42:00+00:00, run_after=2022-06-26T12:43:00+00:00
[2022-06-26 12:43:27,478] {processor.py:161} INFO - Processing /home/airflow/.local/lib/python3.7/site-packages/airflow/example_dags/example_branch_python_dop_operator_3.py took 0.389 seconds
[2022-06-26 12:43:57,943] {processor.py:153} INFO - Started process (PID=1035) to work on /home/airflow/.local/lib/python3.7/site-packages/airflow/example_dags/example_branch_python_dop_operator_3.py
[2022-06-26 12:43:57,963] {processor.py:641} INFO - Processing file /home/airflow/.local/lib/python3.7/site-packages/airflow/example_dags/example_branch_python_dop_operator_3.py for tasks to queue
[2022-06-26 12:43:57,964] {logging_mixin.py:115} INFO - [2022-06-26 12:43:57,963] {dagbag.py:507} INFO - Filling up the DagBag from /home/airflow/.local/lib/python3.7/site-packages/airflow/example_dags/example_branch_python_dop_operator_3.py
[2022-06-26 12:43:57,998] {processor.py:651} INFO - DAG(s) dict_keys(['example_branch_dop_operator_v3']) retrieved from /home/airflow/.local/lib/python3.7/site-packages/airflow/example_dags/example_branch_python_dop_operator_3.py
[2022-06-26 12:43:58,127] {logging_mixin.py:115} INFO - [2022-06-26 12:43:58,127] {dag.py:2379} INFO - Sync 1 DAGs
[2022-06-26 12:43:58,428] {logging_mixin.py:115} INFO - [2022-06-26 12:43:58,428] {dag.py:2931} INFO - Setting next_dagrun for example_branch_dop_operator_v3 to 2022-06-26T12:42:00+00:00, run_after=2022-06-26T12:43:00+00:00
[2022-06-26 12:43:58,450] {processor.py:161} INFO - Processing /home/airflow/.local/lib/python3.7/site-packages/airflow/example_dags/example_branch_python_dop_operator_3.py took 0.515 seconds
[2022-06-26 12:44:29,191] {processor.py:153} INFO - Started process (PID=1096) to work on /home/airflow/.local/lib/python3.7/site-packages/airflow/example_dags/example_branch_python_dop_operator_3.py
[2022-06-26 12:44:29,192] {processor.py:641} INFO - Processing file /home/airflow/.local/lib/python3.7/site-packages/airflow/example_dags/example_branch_python_dop_operator_3.py for tasks to queue
[2022-06-26 12:44:29,193] {logging_mixin.py:115} INFO - [2022-06-26 12:44:29,193] {dagbag.py:507} INFO - Filling up the DagBag from /home/airflow/.local/lib/python3.7/site-packages/airflow/example_dags/example_branch_python_dop_operator_3.py
[2022-06-26 12:44:29,208] {processor.py:651} INFO - DAG(s) dict_keys(['example_branch_dop_operator_v3']) retrieved from /home/airflow/.local/lib/python3.7/site-packages/airflow/example_dags/example_branch_python_dop_operator_3.py
[2022-06-26 12:44:29,252] {logging_mixin.py:115} INFO - [2022-06-26 12:44:29,252] {dag.py:2379} INFO - Sync 1 DAGs
[2022-06-26 12:44:29,564] {logging_mixin.py:115} INFO - [2022-06-26 12:44:29,564] {dag.py:2931} INFO - Setting next_dagrun for example_branch_dop_operator_v3 to 2022-06-26T12:43:00+00:00, run_after=2022-06-26T12:44:00+00:00
[2022-06-26 12:44:29,577] {processor.py:161} INFO - Processing /home/airflow/.local/lib/python3.7/site-packages/airflow/example_dags/example_branch_python_dop_operator_3.py took 0.392 seconds
[2022-06-26 12:45:00,196] {processor.py:153} INFO - Started process (PID=1149) to work on /home/airflow/.local/lib/python3.7/site-packages/airflow/example_dags/example_branch_python_dop_operator_3.py
[2022-06-26 12:45:00,197] {processor.py:641} INFO - Processing file /home/airflow/.local/lib/python3.7/site-packages/airflow/example_dags/example_branch_python_dop_operator_3.py for tasks to queue
[2022-06-26 12:45:00,198] {logging_mixin.py:115} INFO - [2022-06-26 12:45:00,198] {dagbag.py:507} INFO - Filling up the DagBag from /home/airflow/.local/lib/python3.7/site-packages/airflow/example_dags/example_branch_python_dop_operator_3.py
[2022-06-26 12:45:00,215] {processor.py:651} INFO - DAG(s) dict_keys(['example_branch_dop_operator_v3']) retrieved from /home/airflow/.local/lib/python3.7/site-packages/airflow/example_dags/example_branch_python_dop_operator_3.py
[2022-06-26 12:45:00,259] {logging_mixin.py:115} INFO - [2022-06-26 12:45:00,259] {dag.py:2379} INFO - Sync 1 DAGs
[2022-06-26 12:45:00,536] {logging_mixin.py:115} INFO - [2022-06-26 12:45:00,536] {dag.py:2931} INFO - Setting next_dagrun for example_branch_dop_operator_v3 to 2022-06-26T12:44:00+00:00, run_after=2022-06-26T12:45:00+00:00
[2022-06-26 12:45:00,560] {processor.py:161} INFO - Processing /home/airflow/.local/lib/python3.7/site-packages/airflow/example_dags/example_branch_python_dop_operator_3.py took 0.370 seconds
[2022-06-26 12:45:31,134] {processor.py:153} INFO - Started process (PID=1208) to work on /home/airflow/.local/lib/python3.7/site-packages/airflow/example_dags/example_branch_python_dop_operator_3.py
[2022-06-26 12:45:31,162] {processor.py:641} INFO - Processing file /home/airflow/.local/lib/python3.7/site-packages/airflow/example_dags/example_branch_python_dop_operator_3.py for tasks to queue
[2022-06-26 12:45:31,165] {logging_mixin.py:115} INFO - [2022-06-26 12:45:31,164] {dagbag.py:507} INFO - Filling up the DagBag from /home/airflow/.local/lib/python3.7/site-packages/airflow/example_dags/example_branch_python_dop_operator_3.py
[2022-06-26 12:45:31,241] {processor.py:651} INFO - DAG(s) dict_keys(['example_branch_dop_operator_v3']) retrieved from /home/airflow/.local/lib/python3.7/site-packages/airflow/example_dags/example_branch_python_dop_operator_3.py
[2022-06-26 12:45:31,405] {logging_mixin.py:115} INFO - [2022-06-26 12:45:31,405] {dag.py:2379} INFO - Sync 1 DAGs
[2022-06-26 12:45:32,359] {logging_mixin.py:115} INFO - [2022-06-26 12:45:32,359] {dag.py:2931} INFO - Setting next_dagrun for example_branch_dop_operator_v3 to 2022-06-26T12:44:00+00:00, run_after=2022-06-26T12:45:00+00:00
[2022-06-26 12:45:32,419] {processor.py:161} INFO - Processing /home/airflow/.local/lib/python3.7/site-packages/airflow/example_dags/example_branch_python_dop_operator_3.py took 1.298 seconds
[2022-06-26 12:46:02,554] {processor.py:153} INFO - Started process (PID=1263) to work on /home/airflow/.local/lib/python3.7/site-packages/airflow/example_dags/example_branch_python_dop_operator_3.py
[2022-06-26 12:46:02,555] {processor.py:641} INFO - Processing file /home/airflow/.local/lib/python3.7/site-packages/airflow/example_dags/example_branch_python_dop_operator_3.py for tasks to queue
[2022-06-26 12:46:02,556] {logging_mixin.py:115} INFO - [2022-06-26 12:46:02,556] {dagbag.py:507} INFO - Filling up the DagBag from /home/airflow/.local/lib/python3.7/site-packages/airflow/example_dags/example_branch_python_dop_operator_3.py
[2022-06-26 12:46:02,607] {processor.py:651} INFO - DAG(s) dict_keys(['example_branch_dop_operator_v3']) retrieved from /home/airflow/.local/lib/python3.7/site-packages/airflow/example_dags/example_branch_python_dop_operator_3.py
[2022-06-26 12:46:02,694] {logging_mixin.py:115} INFO - [2022-06-26 12:46:02,694] {dag.py:2379} INFO - Sync 1 DAGs
[2022-06-26 12:46:03,279] {logging_mixin.py:115} INFO - [2022-06-26 12:46:03,279] {dag.py:2931} INFO - Setting next_dagrun for example_branch_dop_operator_v3 to 2022-06-26T12:45:00+00:00, run_after=2022-06-26T12:46:00+00:00
[2022-06-26 12:46:03,338] {processor.py:161} INFO - Processing /home/airflow/.local/lib/python3.7/site-packages/airflow/example_dags/example_branch_python_dop_operator_3.py took 0.814 seconds
[2022-06-26 12:46:33,809] {processor.py:153} INFO - Started process (PID=1316) to work on /home/airflow/.local/lib/python3.7/site-packages/airflow/example_dags/example_branch_python_dop_operator_3.py
[2022-06-26 12:46:33,814] {processor.py:641} INFO - Processing file /home/airflow/.local/lib/python3.7/site-packages/airflow/example_dags/example_branch_python_dop_operator_3.py for tasks to queue
[2022-06-26 12:46:33,817] {logging_mixin.py:115} INFO - [2022-06-26 12:46:33,817] {dagbag.py:507} INFO - Filling up the DagBag from /home/airflow/.local/lib/python3.7/site-packages/airflow/example_dags/example_branch_python_dop_operator_3.py
[2022-06-26 12:46:33,844] {processor.py:651} INFO - DAG(s) dict_keys(['example_branch_dop_operator_v3']) retrieved from /home/airflow/.local/lib/python3.7/site-packages/airflow/example_dags/example_branch_python_dop_operator_3.py
[2022-06-26 12:46:33,922] {logging_mixin.py:115} INFO - [2022-06-26 12:46:33,922] {dag.py:2379} INFO - Sync 1 DAGs
[2022-06-26 12:46:34,779] {logging_mixin.py:115} INFO - [2022-06-26 12:46:34,779] {dag.py:2931} INFO - Setting next_dagrun for example_branch_dop_operator_v3 to 2022-06-26T12:45:00+00:00, run_after=2022-06-26T12:46:00+00:00
[2022-06-26 12:46:34,902] {processor.py:161} INFO - Processing /home/airflow/.local/lib/python3.7/site-packages/airflow/example_dags/example_branch_python_dop_operator_3.py took 1.099 seconds
[2022-06-26 12:47:05,272] {processor.py:153} INFO - Started process (PID=1368) to work on /home/airflow/.local/lib/python3.7/site-packages/airflow/example_dags/example_branch_python_dop_operator_3.py
[2022-06-26 12:47:05,285] {processor.py:641} INFO - Processing file /home/airflow/.local/lib/python3.7/site-packages/airflow/example_dags/example_branch_python_dop_operator_3.py for tasks to queue
[2022-06-26 12:47:05,286] {logging_mixin.py:115} INFO - [2022-06-26 12:47:05,286] {dagbag.py:507} INFO - Filling up the DagBag from /home/airflow/.local/lib/python3.7/site-packages/airflow/example_dags/example_branch_python_dop_operator_3.py
[2022-06-26 12:47:05,334] {processor.py:651} INFO - DAG(s) dict_keys(['example_branch_dop_operator_v3']) retrieved from /home/airflow/.local/lib/python3.7/site-packages/airflow/example_dags/example_branch_python_dop_operator_3.py
[2022-06-26 12:47:05,429] {logging_mixin.py:115} INFO - [2022-06-26 12:47:05,429] {dag.py:2379} INFO - Sync 1 DAGs
[2022-06-26 12:47:05,891] {logging_mixin.py:115} INFO - [2022-06-26 12:47:05,891] {dag.py:2931} INFO - Setting next_dagrun for example_branch_dop_operator_v3 to 2022-06-26T12:46:00+00:00, run_after=2022-06-26T12:47:00+00:00
[2022-06-26 12:47:05,973] {processor.py:161} INFO - Processing /home/airflow/.local/lib/python3.7/site-packages/airflow/example_dags/example_branch_python_dop_operator_3.py took 0.722 seconds
[2022-06-26 12:47:36,062] {processor.py:153} INFO - Started process (PID=1428) to work on /home/airflow/.local/lib/python3.7/site-packages/airflow/example_dags/example_branch_python_dop_operator_3.py
[2022-06-26 12:47:36,064] {processor.py:641} INFO - Processing file /home/airflow/.local/lib/python3.7/site-packages/airflow/example_dags/example_branch_python_dop_operator_3.py for tasks to queue
[2022-06-26 12:47:36,065] {logging_mixin.py:115} INFO - [2022-06-26 12:47:36,065] {dagbag.py:507} INFO - Filling up the DagBag from /home/airflow/.local/lib/python3.7/site-packages/airflow/example_dags/example_branch_python_dop_operator_3.py
[2022-06-26 12:47:36,081] {processor.py:651} INFO - DAG(s) dict_keys(['example_branch_dop_operator_v3']) retrieved from /home/airflow/.local/lib/python3.7/site-packages/airflow/example_dags/example_branch_python_dop_operator_3.py
[2022-06-26 12:47:36,123] {logging_mixin.py:115} INFO - [2022-06-26 12:47:36,123] {dag.py:2379} INFO - Sync 1 DAGs
[2022-06-26 12:47:36,462] {logging_mixin.py:115} INFO - [2022-06-26 12:47:36,461] {dag.py:2931} INFO - Setting next_dagrun for example_branch_dop_operator_v3 to 2022-06-26T12:46:00+00:00, run_after=2022-06-26T12:47:00+00:00
[2022-06-26 12:47:36,529] {processor.py:161} INFO - Processing /home/airflow/.local/lib/python3.7/site-packages/airflow/example_dags/example_branch_python_dop_operator_3.py took 0.474 seconds
[2022-06-26 12:48:06,969] {processor.py:153} INFO - Started process (PID=1480) to work on /home/airflow/.local/lib/python3.7/site-packages/airflow/example_dags/example_branch_python_dop_operator_3.py
[2022-06-26 12:48:06,970] {processor.py:641} INFO - Processing file /home/airflow/.local/lib/python3.7/site-packages/airflow/example_dags/example_branch_python_dop_operator_3.py for tasks to queue
[2022-06-26 12:48:06,971] {logging_mixin.py:115} INFO - [2022-06-26 12:48:06,970] {dagbag.py:507} INFO - Filling up the DagBag from /home/airflow/.local/lib/python3.7/site-packages/airflow/example_dags/example_branch_python_dop_operator_3.py
[2022-06-26 12:48:07,029] {processor.py:651} INFO - DAG(s) dict_keys(['example_branch_dop_operator_v3']) retrieved from /home/airflow/.local/lib/python3.7/site-packages/airflow/example_dags/example_branch_python_dop_operator_3.py
[2022-06-26 12:48:07,110] {logging_mixin.py:115} INFO - [2022-06-26 12:48:07,110] {dag.py:2379} INFO - Sync 1 DAGs
[2022-06-26 12:48:07,582] {logging_mixin.py:115} INFO - [2022-06-26 12:48:07,582] {dag.py:2931} INFO - Setting next_dagrun for example_branch_dop_operator_v3 to 2022-06-26T12:47:00+00:00, run_after=2022-06-26T12:48:00+00:00
[2022-06-26 12:48:07,622] {processor.py:161} INFO - Processing /home/airflow/.local/lib/python3.7/site-packages/airflow/example_dags/example_branch_python_dop_operator_3.py took 0.683 seconds
[2022-06-26 12:48:38,563] {processor.py:153} INFO - Started process (PID=1543) to work on /home/airflow/.local/lib/python3.7/site-packages/airflow/example_dags/example_branch_python_dop_operator_3.py
[2022-06-26 12:48:38,579] {processor.py:641} INFO - Processing file /home/airflow/.local/lib/python3.7/site-packages/airflow/example_dags/example_branch_python_dop_operator_3.py for tasks to queue
[2022-06-26 12:48:38,580] {logging_mixin.py:115} INFO - [2022-06-26 12:48:38,580] {dagbag.py:507} INFO - Filling up the DagBag from /home/airflow/.local/lib/python3.7/site-packages/airflow/example_dags/example_branch_python_dop_operator_3.py
[2022-06-26 12:48:38,611] {processor.py:651} INFO - DAG(s) dict_keys(['example_branch_dop_operator_v3']) retrieved from /home/airflow/.local/lib/python3.7/site-packages/airflow/example_dags/example_branch_python_dop_operator_3.py
[2022-06-26 12:48:38,698] {logging_mixin.py:115} INFO - [2022-06-26 12:48:38,696] {dag.py:2379} INFO - Sync 1 DAGs
[2022-06-26 12:48:39,232] {logging_mixin.py:115} INFO - [2022-06-26 12:48:39,231] {dag.py:2931} INFO - Setting next_dagrun for example_branch_dop_operator_v3 to 2022-06-26T12:47:00+00:00, run_after=2022-06-26T12:48:00+00:00
[2022-06-26 12:48:39,251] {processor.py:161} INFO - Processing /home/airflow/.local/lib/python3.7/site-packages/airflow/example_dags/example_branch_python_dop_operator_3.py took 0.693 seconds
[2022-06-26 12:49:09,573] {processor.py:153} INFO - Started process (PID=1601) to work on /home/airflow/.local/lib/python3.7/site-packages/airflow/example_dags/example_branch_python_dop_operator_3.py
[2022-06-26 12:49:09,575] {processor.py:641} INFO - Processing file /home/airflow/.local/lib/python3.7/site-packages/airflow/example_dags/example_branch_python_dop_operator_3.py for tasks to queue
[2022-06-26 12:49:09,576] {logging_mixin.py:115} INFO - [2022-06-26 12:49:09,576] {dagbag.py:507} INFO - Filling up the DagBag from /home/airflow/.local/lib/python3.7/site-packages/airflow/example_dags/example_branch_python_dop_operator_3.py
[2022-06-26 12:49:09,592] {processor.py:651} INFO - DAG(s) dict_keys(['example_branch_dop_operator_v3']) retrieved from /home/airflow/.local/lib/python3.7/site-packages/airflow/example_dags/example_branch_python_dop_operator_3.py
[2022-06-26 12:49:09,633] {logging_mixin.py:115} INFO - [2022-06-26 12:49:09,633] {dag.py:2379} INFO - Sync 1 DAGs
[2022-06-26 12:49:09,908] {logging_mixin.py:115} INFO - [2022-06-26 12:49:09,908] {dag.py:2931} INFO - Setting next_dagrun for example_branch_dop_operator_v3 to 2022-06-26T12:48:00+00:00, run_after=2022-06-26T12:49:00+00:00
[2022-06-26 12:49:09,926] {processor.py:161} INFO - Processing /home/airflow/.local/lib/python3.7/site-packages/airflow/example_dags/example_branch_python_dop_operator_3.py took 0.359 seconds
[2022-06-26 12:49:40,276] {processor.py:153} INFO - Started process (PID=1656) to work on /home/airflow/.local/lib/python3.7/site-packages/airflow/example_dags/example_branch_python_dop_operator_3.py
[2022-06-26 12:49:40,277] {processor.py:641} INFO - Processing file /home/airflow/.local/lib/python3.7/site-packages/airflow/example_dags/example_branch_python_dop_operator_3.py for tasks to queue
[2022-06-26 12:49:40,278] {logging_mixin.py:115} INFO - [2022-06-26 12:49:40,278] {dagbag.py:507} INFO - Filling up the DagBag from /home/airflow/.local/lib/python3.7/site-packages/airflow/example_dags/example_branch_python_dop_operator_3.py
[2022-06-26 12:49:40,293] {processor.py:651} INFO - DAG(s) dict_keys(['example_branch_dop_operator_v3']) retrieved from /home/airflow/.local/lib/python3.7/site-packages/airflow/example_dags/example_branch_python_dop_operator_3.py
[2022-06-26 12:49:40,349] {logging_mixin.py:115} INFO - [2022-06-26 12:49:40,349] {dag.py:2379} INFO - Sync 1 DAGs
[2022-06-26 12:49:40,624] {logging_mixin.py:115} INFO - [2022-06-26 12:49:40,624] {dag.py:2931} INFO - Setting next_dagrun for example_branch_dop_operator_v3 to 2022-06-26T12:48:00+00:00, run_after=2022-06-26T12:49:00+00:00
[2022-06-26 12:49:40,641] {processor.py:161} INFO - Processing /home/airflow/.local/lib/python3.7/site-packages/airflow/example_dags/example_branch_python_dop_operator_3.py took 0.371 seconds
[2022-06-26 12:50:11,046] {processor.py:153} INFO - Started process (PID=1708) to work on /home/airflow/.local/lib/python3.7/site-packages/airflow/example_dags/example_branch_python_dop_operator_3.py
[2022-06-26 12:50:11,075] {processor.py:641} INFO - Processing file /home/airflow/.local/lib/python3.7/site-packages/airflow/example_dags/example_branch_python_dop_operator_3.py for tasks to queue
[2022-06-26 12:50:11,076] {logging_mixin.py:115} INFO - [2022-06-26 12:50:11,076] {dagbag.py:507} INFO - Filling up the DagBag from /home/airflow/.local/lib/python3.7/site-packages/airflow/example_dags/example_branch_python_dop_operator_3.py
[2022-06-26 12:50:11,141] {processor.py:651} INFO - DAG(s) dict_keys(['example_branch_dop_operator_v3']) retrieved from /home/airflow/.local/lib/python3.7/site-packages/airflow/example_dags/example_branch_python_dop_operator_3.py
[2022-06-26 12:50:11,265] {logging_mixin.py:115} INFO - [2022-06-26 12:50:11,265] {dag.py:2379} INFO - Sync 1 DAGs
[2022-06-26 12:50:12,129] {logging_mixin.py:115} INFO - [2022-06-26 12:50:12,108] {dag.py:2931} INFO - Setting next_dagrun for example_branch_dop_operator_v3 to 2022-06-26T12:49:00+00:00, run_after=2022-06-26T12:50:00+00:00
[2022-06-26 12:50:12,242] {processor.py:161} INFO - Processing /home/airflow/.local/lib/python3.7/site-packages/airflow/example_dags/example_branch_python_dop_operator_3.py took 1.204 seconds
[2022-06-26 12:50:43,022] {processor.py:153} INFO - Started process (PID=1768) to work on /home/airflow/.local/lib/python3.7/site-packages/airflow/example_dags/example_branch_python_dop_operator_3.py
[2022-06-26 12:50:43,023] {processor.py:641} INFO - Processing file /home/airflow/.local/lib/python3.7/site-packages/airflow/example_dags/example_branch_python_dop_operator_3.py for tasks to queue
[2022-06-26 12:50:43,024] {logging_mixin.py:115} INFO - [2022-06-26 12:50:43,024] {dagbag.py:507} INFO - Filling up the DagBag from /home/airflow/.local/lib/python3.7/site-packages/airflow/example_dags/example_branch_python_dop_operator_3.py
[2022-06-26 12:50:43,039] {processor.py:651} INFO - DAG(s) dict_keys(['example_branch_dop_operator_v3']) retrieved from /home/airflow/.local/lib/python3.7/site-packages/airflow/example_dags/example_branch_python_dop_operator_3.py
[2022-06-26 12:50:43,090] {logging_mixin.py:115} INFO - [2022-06-26 12:50:43,090] {dag.py:2379} INFO - Sync 1 DAGs
[2022-06-26 12:50:43,358] {logging_mixin.py:115} INFO - [2022-06-26 12:50:43,358] {dag.py:2931} INFO - Setting next_dagrun for example_branch_dop_operator_v3 to 2022-06-26T12:49:00+00:00, run_after=2022-06-26T12:50:00+00:00
[2022-06-26 12:50:43,376] {processor.py:161} INFO - Processing /home/airflow/.local/lib/python3.7/site-packages/airflow/example_dags/example_branch_python_dop_operator_3.py took 0.359 seconds
[2022-06-26 12:51:13,437] {processor.py:153} INFO - Started process (PID=1820) to work on /home/airflow/.local/lib/python3.7/site-packages/airflow/example_dags/example_branch_python_dop_operator_3.py
[2022-06-26 12:51:13,438] {processor.py:641} INFO - Processing file /home/airflow/.local/lib/python3.7/site-packages/airflow/example_dags/example_branch_python_dop_operator_3.py for tasks to queue
[2022-06-26 12:51:13,439] {logging_mixin.py:115} INFO - [2022-06-26 12:51:13,439] {dagbag.py:507} INFO - Filling up the DagBag from /home/airflow/.local/lib/python3.7/site-packages/airflow/example_dags/example_branch_python_dop_operator_3.py
[2022-06-26 12:51:13,465] {processor.py:651} INFO - DAG(s) dict_keys(['example_branch_dop_operator_v3']) retrieved from /home/airflow/.local/lib/python3.7/site-packages/airflow/example_dags/example_branch_python_dop_operator_3.py
[2022-06-26 12:51:13,525] {logging_mixin.py:115} INFO - [2022-06-26 12:51:13,524] {dag.py:2379} INFO - Sync 1 DAGs
[2022-06-26 12:51:13,789] {logging_mixin.py:115} INFO - [2022-06-26 12:51:13,789] {dag.py:2931} INFO - Setting next_dagrun for example_branch_dop_operator_v3 to 2022-06-26T12:50:00+00:00, run_after=2022-06-26T12:51:00+00:00
[2022-06-26 12:51:13,810] {processor.py:161} INFO - Processing /home/airflow/.local/lib/python3.7/site-packages/airflow/example_dags/example_branch_python_dop_operator_3.py took 0.379 seconds
[2022-06-26 12:51:44,367] {processor.py:153} INFO - Started process (PID=1872) to work on /home/airflow/.local/lib/python3.7/site-packages/airflow/example_dags/example_branch_python_dop_operator_3.py
[2022-06-26 12:51:44,370] {processor.py:641} INFO - Processing file /home/airflow/.local/lib/python3.7/site-packages/airflow/example_dags/example_branch_python_dop_operator_3.py for tasks to queue
[2022-06-26 12:51:44,371] {logging_mixin.py:115} INFO - [2022-06-26 12:51:44,371] {dagbag.py:507} INFO - Filling up the DagBag from /home/airflow/.local/lib/python3.7/site-packages/airflow/example_dags/example_branch_python_dop_operator_3.py
[2022-06-26 12:51:44,389] {processor.py:651} INFO - DAG(s) dict_keys(['example_branch_dop_operator_v3']) retrieved from /home/airflow/.local/lib/python3.7/site-packages/airflow/example_dags/example_branch_python_dop_operator_3.py
[2022-06-26 12:51:44,439] {logging_mixin.py:115} INFO - [2022-06-26 12:51:44,438] {dag.py:2379} INFO - Sync 1 DAGs
[2022-06-26 12:51:44,703] {logging_mixin.py:115} INFO - [2022-06-26 12:51:44,703] {dag.py:2931} INFO - Setting next_dagrun for example_branch_dop_operator_v3 to 2022-06-26T12:50:00+00:00, run_after=2022-06-26T12:51:00+00:00
[2022-06-26 12:51:44,720] {processor.py:161} INFO - Processing /home/airflow/.local/lib/python3.7/site-packages/airflow/example_dags/example_branch_python_dop_operator_3.py took 0.359 seconds
[2022-06-26 12:52:15,546] {processor.py:153} INFO - Started process (PID=1933) to work on /home/airflow/.local/lib/python3.7/site-packages/airflow/example_dags/example_branch_python_dop_operator_3.py
[2022-06-26 12:52:15,546] {processor.py:641} INFO - Processing file /home/airflow/.local/lib/python3.7/site-packages/airflow/example_dags/example_branch_python_dop_operator_3.py for tasks to queue
[2022-06-26 12:52:15,550] {logging_mixin.py:115} INFO - [2022-06-26 12:52:15,550] {dagbag.py:507} INFO - Filling up the DagBag from /home/airflow/.local/lib/python3.7/site-packages/airflow/example_dags/example_branch_python_dop_operator_3.py
[2022-06-26 12:52:15,590] {processor.py:651} INFO - DAG(s) dict_keys(['example_branch_dop_operator_v3']) retrieved from /home/airflow/.local/lib/python3.7/site-packages/airflow/example_dags/example_branch_python_dop_operator_3.py
[2022-06-26 12:52:15,731] {logging_mixin.py:115} INFO - [2022-06-26 12:52:15,731] {dag.py:2379} INFO - Sync 1 DAGs
[2022-06-26 12:52:16,341] {logging_mixin.py:115} INFO - [2022-06-26 12:52:16,341] {dag.py:2931} INFO - Setting next_dagrun for example_branch_dop_operator_v3 to 2022-06-26T12:51:00+00:00, run_after=2022-06-26T12:52:00+00:00
[2022-06-26 12:52:16,376] {processor.py:161} INFO - Processing /home/airflow/.local/lib/python3.7/site-packages/airflow/example_dags/example_branch_python_dop_operator_3.py took 0.852 seconds
[2022-06-26 12:52:46,603] {processor.py:153} INFO - Started process (PID=1984) to work on /home/airflow/.local/lib/python3.7/site-packages/airflow/example_dags/example_branch_python_dop_operator_3.py
[2022-06-26 12:52:46,606] {processor.py:641} INFO - Processing file /home/airflow/.local/lib/python3.7/site-packages/airflow/example_dags/example_branch_python_dop_operator_3.py for tasks to queue
[2022-06-26 12:52:46,607] {logging_mixin.py:115} INFO - [2022-06-26 12:52:46,607] {dagbag.py:507} INFO - Filling up the DagBag from /home/airflow/.local/lib/python3.7/site-packages/airflow/example_dags/example_branch_python_dop_operator_3.py
[2022-06-26 12:52:46,642] {processor.py:651} INFO - DAG(s) dict_keys(['example_branch_dop_operator_v3']) retrieved from /home/airflow/.local/lib/python3.7/site-packages/airflow/example_dags/example_branch_python_dop_operator_3.py
[2022-06-26 12:52:46,696] {logging_mixin.py:115} INFO - [2022-06-26 12:52:46,696] {dag.py:2379} INFO - Sync 1 DAGs
[2022-06-26 12:52:47,152] {logging_mixin.py:115} INFO - [2022-06-26 12:52:47,151] {dag.py:2931} INFO - Setting next_dagrun for example_branch_dop_operator_v3 to 2022-06-26T12:51:00+00:00, run_after=2022-06-26T12:52:00+00:00
[2022-06-26 12:52:47,188] {processor.py:161} INFO - Processing /home/airflow/.local/lib/python3.7/site-packages/airflow/example_dags/example_branch_python_dop_operator_3.py took 0.591 seconds
[2022-06-26 12:53:17,597] {processor.py:153} INFO - Started process (PID=2035) to work on /home/airflow/.local/lib/python3.7/site-packages/airflow/example_dags/example_branch_python_dop_operator_3.py
[2022-06-26 12:53:17,597] {processor.py:641} INFO - Processing file /home/airflow/.local/lib/python3.7/site-packages/airflow/example_dags/example_branch_python_dop_operator_3.py for tasks to queue
[2022-06-26 12:53:17,598] {logging_mixin.py:115} INFO - [2022-06-26 12:53:17,598] {dagbag.py:507} INFO - Filling up the DagBag from /home/airflow/.local/lib/python3.7/site-packages/airflow/example_dags/example_branch_python_dop_operator_3.py
[2022-06-26 12:53:17,614] {processor.py:651} INFO - DAG(s) dict_keys(['example_branch_dop_operator_v3']) retrieved from /home/airflow/.local/lib/python3.7/site-packages/airflow/example_dags/example_branch_python_dop_operator_3.py
[2022-06-26 12:53:17,663] {logging_mixin.py:115} INFO - [2022-06-26 12:53:17,663] {dag.py:2379} INFO - Sync 1 DAGs
[2022-06-26 12:53:17,959] {logging_mixin.py:115} INFO - [2022-06-26 12:53:17,959] {dag.py:2931} INFO - Setting next_dagrun for example_branch_dop_operator_v3 to 2022-06-26T12:52:00+00:00, run_after=2022-06-26T12:53:00+00:00
[2022-06-26 12:53:17,976] {processor.py:161} INFO - Processing /home/airflow/.local/lib/python3.7/site-packages/airflow/example_dags/example_branch_python_dop_operator_3.py took 0.385 seconds
[2022-06-26 13:27:16,650] {processor.py:153} INFO - Started process (PID=77) to work on /home/airflow/.local/lib/python3.7/site-packages/airflow/example_dags/example_branch_python_dop_operator_3.py
[2022-06-26 13:27:16,669] {processor.py:641} INFO - Processing file /home/airflow/.local/lib/python3.7/site-packages/airflow/example_dags/example_branch_python_dop_operator_3.py for tasks to queue
[2022-06-26 13:27:16,669] {logging_mixin.py:115} INFO - [2022-06-26 13:27:16,669] {dagbag.py:507} INFO - Filling up the DagBag from /home/airflow/.local/lib/python3.7/site-packages/airflow/example_dags/example_branch_python_dop_operator_3.py
[2022-06-26 13:27:16,768] {processor.py:651} INFO - DAG(s) dict_keys(['example_branch_dop_operator_v3']) retrieved from /home/airflow/.local/lib/python3.7/site-packages/airflow/example_dags/example_branch_python_dop_operator_3.py
[2022-06-26 13:27:16,994] {logging_mixin.py:115} INFO - [2022-06-26 13:27:16,994] {dag.py:2379} INFO - Sync 1 DAGs
[2022-06-26 13:27:17,894] {logging_mixin.py:115} INFO - [2022-06-26 13:27:17,894] {dag.py:2931} INFO - Setting next_dagrun for example_branch_dop_operator_v3 to 2022-06-26T13:26:00+00:00, run_after=2022-06-26T13:27:00+00:00
[2022-06-26 13:27:17,969] {processor.py:161} INFO - Processing /home/airflow/.local/lib/python3.7/site-packages/airflow/example_dags/example_branch_python_dop_operator_3.py took 1.347 seconds
[2022-06-26 13:27:48,267] {processor.py:153} INFO - Started process (PID=130) to work on /home/airflow/.local/lib/python3.7/site-packages/airflow/example_dags/example_branch_python_dop_operator_3.py
[2022-06-26 13:27:48,269] {processor.py:641} INFO - Processing file /home/airflow/.local/lib/python3.7/site-packages/airflow/example_dags/example_branch_python_dop_operator_3.py for tasks to queue
[2022-06-26 13:27:48,270] {logging_mixin.py:115} INFO - [2022-06-26 13:27:48,270] {dagbag.py:507} INFO - Filling up the DagBag from /home/airflow/.local/lib/python3.7/site-packages/airflow/example_dags/example_branch_python_dop_operator_3.py
[2022-06-26 13:27:48,285] {processor.py:651} INFO - DAG(s) dict_keys(['example_branch_dop_operator_v3']) retrieved from /home/airflow/.local/lib/python3.7/site-packages/airflow/example_dags/example_branch_python_dop_operator_3.py
[2022-06-26 13:27:48,313] {logging_mixin.py:115} INFO - [2022-06-26 13:27:48,313] {dag.py:2379} INFO - Sync 1 DAGs
[2022-06-26 13:27:48,514] {logging_mixin.py:115} INFO - [2022-06-26 13:27:48,513] {dag.py:2931} INFO - Setting next_dagrun for example_branch_dop_operator_v3 to 2022-06-26T13:26:00+00:00, run_after=2022-06-26T13:27:00+00:00
[2022-06-26 13:27:48,527] {processor.py:161} INFO - Processing /home/airflow/.local/lib/python3.7/site-packages/airflow/example_dags/example_branch_python_dop_operator_3.py took 0.264 seconds
[2022-06-26 13:28:18,706] {processor.py:153} INFO - Started process (PID=182) to work on /home/airflow/.local/lib/python3.7/site-packages/airflow/example_dags/example_branch_python_dop_operator_3.py
[2022-06-26 13:28:18,713] {processor.py:641} INFO - Processing file /home/airflow/.local/lib/python3.7/site-packages/airflow/example_dags/example_branch_python_dop_operator_3.py for tasks to queue
[2022-06-26 13:28:18,715] {logging_mixin.py:115} INFO - [2022-06-26 13:28:18,715] {dagbag.py:507} INFO - Filling up the DagBag from /home/airflow/.local/lib/python3.7/site-packages/airflow/example_dags/example_branch_python_dop_operator_3.py
[2022-06-26 13:28:18,749] {processor.py:651} INFO - DAG(s) dict_keys(['example_branch_dop_operator_v3']) retrieved from /home/airflow/.local/lib/python3.7/site-packages/airflow/example_dags/example_branch_python_dop_operator_3.py
[2022-06-26 13:28:18,802] {logging_mixin.py:115} INFO - [2022-06-26 13:28:18,802] {dag.py:2379} INFO - Sync 1 DAGs
[2022-06-26 13:28:19,282] {logging_mixin.py:115} INFO - [2022-06-26 13:28:19,282] {dag.py:2931} INFO - Setting next_dagrun for example_branch_dop_operator_v3 to 2022-06-26T13:27:00+00:00, run_after=2022-06-26T13:28:00+00:00
[2022-06-26 13:28:19,302] {processor.py:161} INFO - Processing /home/airflow/.local/lib/python3.7/site-packages/airflow/example_dags/example_branch_python_dop_operator_3.py took 0.610 seconds
[2022-06-26 13:28:49,608] {processor.py:153} INFO - Started process (PID=234) to work on /home/airflow/.local/lib/python3.7/site-packages/airflow/example_dags/example_branch_python_dop_operator_3.py
[2022-06-26 13:28:49,645] {processor.py:641} INFO - Processing file /home/airflow/.local/lib/python3.7/site-packages/airflow/example_dags/example_branch_python_dop_operator_3.py for tasks to queue
[2022-06-26 13:28:49,646] {logging_mixin.py:115} INFO - [2022-06-26 13:28:49,646] {dagbag.py:507} INFO - Filling up the DagBag from /home/airflow/.local/lib/python3.7/site-packages/airflow/example_dags/example_branch_python_dop_operator_3.py
[2022-06-26 13:28:49,708] {processor.py:651} INFO - DAG(s) dict_keys(['example_branch_dop_operator_v3']) retrieved from /home/airflow/.local/lib/python3.7/site-packages/airflow/example_dags/example_branch_python_dop_operator_3.py
[2022-06-26 13:28:49,821] {logging_mixin.py:115} INFO - [2022-06-26 13:28:49,821] {dag.py:2379} INFO - Sync 1 DAGs
[2022-06-26 13:28:50,694] {logging_mixin.py:115} INFO - [2022-06-26 13:28:50,693] {dag.py:2931} INFO - Setting next_dagrun for example_branch_dop_operator_v3 to 2022-06-26T13:27:00+00:00, run_after=2022-06-26T13:28:00+00:00
[2022-06-26 13:28:50,754] {processor.py:161} INFO - Processing /home/airflow/.local/lib/python3.7/site-packages/airflow/example_dags/example_branch_python_dop_operator_3.py took 1.164 seconds
[2022-06-26 13:29:21,444] {processor.py:153} INFO - Started process (PID=295) to work on /home/airflow/.local/lib/python3.7/site-packages/airflow/example_dags/example_branch_python_dop_operator_3.py
[2022-06-26 13:29:21,445] {processor.py:641} INFO - Processing file /home/airflow/.local/lib/python3.7/site-packages/airflow/example_dags/example_branch_python_dop_operator_3.py for tasks to queue
[2022-06-26 13:29:21,445] {logging_mixin.py:115} INFO - [2022-06-26 13:29:21,445] {dagbag.py:507} INFO - Filling up the DagBag from /home/airflow/.local/lib/python3.7/site-packages/airflow/example_dags/example_branch_python_dop_operator_3.py
[2022-06-26 13:29:21,460] {processor.py:651} INFO - DAG(s) dict_keys(['example_branch_dop_operator_v3']) retrieved from /home/airflow/.local/lib/python3.7/site-packages/airflow/example_dags/example_branch_python_dop_operator_3.py
[2022-06-26 13:29:21,506] {logging_mixin.py:115} INFO - [2022-06-26 13:29:21,505] {dag.py:2379} INFO - Sync 1 DAGs
[2022-06-26 13:29:21,848] {logging_mixin.py:115} INFO - [2022-06-26 13:29:21,848] {dag.py:2931} INFO - Setting next_dagrun for example_branch_dop_operator_v3 to 2022-06-26T13:28:00+00:00, run_after=2022-06-26T13:29:00+00:00
[2022-06-26 13:29:21,867] {processor.py:161} INFO - Processing /home/airflow/.local/lib/python3.7/site-packages/airflow/example_dags/example_branch_python_dop_operator_3.py took 0.429 seconds
[2022-06-26 13:29:52,102] {processor.py:153} INFO - Started process (PID=347) to work on /home/airflow/.local/lib/python3.7/site-packages/airflow/example_dags/example_branch_python_dop_operator_3.py
[2022-06-26 13:29:52,129] {processor.py:641} INFO - Processing file /home/airflow/.local/lib/python3.7/site-packages/airflow/example_dags/example_branch_python_dop_operator_3.py for tasks to queue
[2022-06-26 13:29:52,130] {logging_mixin.py:115} INFO - [2022-06-26 13:29:52,130] {dagbag.py:507} INFO - Filling up the DagBag from /home/airflow/.local/lib/python3.7/site-packages/airflow/example_dags/example_branch_python_dop_operator_3.py
[2022-06-26 13:29:52,147] {processor.py:651} INFO - DAG(s) dict_keys(['example_branch_dop_operator_v3']) retrieved from /home/airflow/.local/lib/python3.7/site-packages/airflow/example_dags/example_branch_python_dop_operator_3.py
[2022-06-26 13:29:52,214] {logging_mixin.py:115} INFO - [2022-06-26 13:29:52,214] {dag.py:2379} INFO - Sync 1 DAGs
[2022-06-26 13:29:52,771] {logging_mixin.py:115} INFO - [2022-06-26 13:29:52,770] {dag.py:2931} INFO - Setting next_dagrun for example_branch_dop_operator_v3 to 2022-06-26T13:28:00+00:00, run_after=2022-06-26T13:29:00+00:00
[2022-06-26 13:29:52,826] {processor.py:161} INFO - Processing /home/airflow/.local/lib/python3.7/site-packages/airflow/example_dags/example_branch_python_dop_operator_3.py took 0.736 seconds
[2022-06-26 13:30:23,016] {processor.py:153} INFO - Started process (PID=408) to work on /home/airflow/.local/lib/python3.7/site-packages/airflow/example_dags/example_branch_python_dop_operator_3.py
[2022-06-26 13:30:23,043] {processor.py:641} INFO - Processing file /home/airflow/.local/lib/python3.7/site-packages/airflow/example_dags/example_branch_python_dop_operator_3.py for tasks to queue
[2022-06-26 13:30:23,044] {logging_mixin.py:115} INFO - [2022-06-26 13:30:23,043] {dagbag.py:507} INFO - Filling up the DagBag from /home/airflow/.local/lib/python3.7/site-packages/airflow/example_dags/example_branch_python_dop_operator_3.py
[2022-06-26 13:30:23,109] {processor.py:651} INFO - DAG(s) dict_keys(['example_branch_dop_operator_v3']) retrieved from /home/airflow/.local/lib/python3.7/site-packages/airflow/example_dags/example_branch_python_dop_operator_3.py
[2022-06-26 13:30:23,227] {logging_mixin.py:115} INFO - [2022-06-26 13:30:23,227] {dag.py:2379} INFO - Sync 1 DAGs
[2022-06-26 13:30:23,836] {logging_mixin.py:115} INFO - [2022-06-26 13:30:23,836] {dag.py:2931} INFO - Setting next_dagrun for example_branch_dop_operator_v3 to 2022-06-26T13:29:00+00:00, run_after=2022-06-26T13:30:00+00:00
[2022-06-26 13:30:23,882] {processor.py:161} INFO - Processing /home/airflow/.local/lib/python3.7/site-packages/airflow/example_dags/example_branch_python_dop_operator_3.py took 0.891 seconds
[2022-06-26 13:30:54,136] {processor.py:153} INFO - Started process (PID=459) to work on /home/airflow/.local/lib/python3.7/site-packages/airflow/example_dags/example_branch_python_dop_operator_3.py
[2022-06-26 13:30:54,138] {processor.py:641} INFO - Processing file /home/airflow/.local/lib/python3.7/site-packages/airflow/example_dags/example_branch_python_dop_operator_3.py for tasks to queue
[2022-06-26 13:30:54,139] {logging_mixin.py:115} INFO - [2022-06-26 13:30:54,139] {dagbag.py:507} INFO - Filling up the DagBag from /home/airflow/.local/lib/python3.7/site-packages/airflow/example_dags/example_branch_python_dop_operator_3.py
[2022-06-26 13:30:54,155] {processor.py:651} INFO - DAG(s) dict_keys(['example_branch_dop_operator_v3']) retrieved from /home/airflow/.local/lib/python3.7/site-packages/airflow/example_dags/example_branch_python_dop_operator_3.py
[2022-06-26 13:30:54,197] {logging_mixin.py:115} INFO - [2022-06-26 13:30:54,197] {dag.py:2379} INFO - Sync 1 DAGs
[2022-06-26 13:30:54,543] {logging_mixin.py:115} INFO - [2022-06-26 13:30:54,543] {dag.py:2931} INFO - Setting next_dagrun for example_branch_dop_operator_v3 to 2022-06-26T13:29:00+00:00, run_after=2022-06-26T13:30:00+00:00
[2022-06-26 13:30:54,565] {processor.py:161} INFO - Processing /home/airflow/.local/lib/python3.7/site-packages/airflow/example_dags/example_branch_python_dop_operator_3.py took 0.435 seconds
[2022-06-26 13:31:24,802] {processor.py:153} INFO - Started process (PID=512) to work on /home/airflow/.local/lib/python3.7/site-packages/airflow/example_dags/example_branch_python_dop_operator_3.py
[2022-06-26 13:31:24,802] {processor.py:641} INFO - Processing file /home/airflow/.local/lib/python3.7/site-packages/airflow/example_dags/example_branch_python_dop_operator_3.py for tasks to queue
[2022-06-26 13:31:24,803] {logging_mixin.py:115} INFO - [2022-06-26 13:31:24,803] {dagbag.py:507} INFO - Filling up the DagBag from /home/airflow/.local/lib/python3.7/site-packages/airflow/example_dags/example_branch_python_dop_operator_3.py
[2022-06-26 13:31:24,858] {processor.py:651} INFO - DAG(s) dict_keys(['example_branch_dop_operator_v3']) retrieved from /home/airflow/.local/lib/python3.7/site-packages/airflow/example_dags/example_branch_python_dop_operator_3.py
[2022-06-26 13:31:24,930] {logging_mixin.py:115} INFO - [2022-06-26 13:31:24,930] {dag.py:2379} INFO - Sync 1 DAGs
[2022-06-26 13:31:25,524] {logging_mixin.py:115} INFO - [2022-06-26 13:31:25,524] {dag.py:2931} INFO - Setting next_dagrun for example_branch_dop_operator_v3 to 2022-06-26T13:30:00+00:00, run_after=2022-06-26T13:31:00+00:00
[2022-06-26 13:31:25,563] {processor.py:161} INFO - Processing /home/airflow/.local/lib/python3.7/site-packages/airflow/example_dags/example_branch_python_dop_operator_3.py took 0.790 seconds
[2022-06-26 13:31:55,833] {processor.py:153} INFO - Started process (PID=574) to work on /home/airflow/.local/lib/python3.7/site-packages/airflow/example_dags/example_branch_python_dop_operator_3.py
[2022-06-26 13:31:55,848] {processor.py:641} INFO - Processing file /home/airflow/.local/lib/python3.7/site-packages/airflow/example_dags/example_branch_python_dop_operator_3.py for tasks to queue
[2022-06-26 13:31:55,849] {logging_mixin.py:115} INFO - [2022-06-26 13:31:55,849] {dagbag.py:507} INFO - Filling up the DagBag from /home/airflow/.local/lib/python3.7/site-packages/airflow/example_dags/example_branch_python_dop_operator_3.py
[2022-06-26 13:31:55,872] {processor.py:651} INFO - DAG(s) dict_keys(['example_branch_dop_operator_v3']) retrieved from /home/airflow/.local/lib/python3.7/site-packages/airflow/example_dags/example_branch_python_dop_operator_3.py
[2022-06-26 13:31:55,927] {logging_mixin.py:115} INFO - [2022-06-26 13:31:55,927] {dag.py:2379} INFO - Sync 1 DAGs
[2022-06-26 13:31:56,339] {logging_mixin.py:115} INFO - [2022-06-26 13:31:56,339] {dag.py:2931} INFO - Setting next_dagrun for example_branch_dop_operator_v3 to 2022-06-26T13:30:00+00:00, run_after=2022-06-26T13:31:00+00:00
[2022-06-26 13:31:56,378] {processor.py:161} INFO - Processing /home/airflow/.local/lib/python3.7/site-packages/airflow/example_dags/example_branch_python_dop_operator_3.py took 0.560 seconds
[2022-06-26 13:32:27,003] {processor.py:153} INFO - Started process (PID=626) to work on /home/airflow/.local/lib/python3.7/site-packages/airflow/example_dags/example_branch_python_dop_operator_3.py
[2022-06-26 13:32:27,004] {processor.py:641} INFO - Processing file /home/airflow/.local/lib/python3.7/site-packages/airflow/example_dags/example_branch_python_dop_operator_3.py for tasks to queue
[2022-06-26 13:32:27,017] {logging_mixin.py:115} INFO - [2022-06-26 13:32:27,017] {dagbag.py:507} INFO - Filling up the DagBag from /home/airflow/.local/lib/python3.7/site-packages/airflow/example_dags/example_branch_python_dop_operator_3.py
[2022-06-26 13:32:27,050] {processor.py:651} INFO - DAG(s) dict_keys(['example_branch_dop_operator_v3']) retrieved from /home/airflow/.local/lib/python3.7/site-packages/airflow/example_dags/example_branch_python_dop_operator_3.py
[2022-06-26 13:32:27,114] {logging_mixin.py:115} INFO - [2022-06-26 13:32:27,113] {dag.py:2379} INFO - Sync 1 DAGs
[2022-06-26 13:32:27,575] {logging_mixin.py:115} INFO - [2022-06-26 13:32:27,575] {dag.py:2931} INFO - Setting next_dagrun for example_branch_dop_operator_v3 to 2022-06-26T13:31:00+00:00, run_after=2022-06-26T13:32:00+00:00
[2022-06-26 13:32:27,652] {processor.py:161} INFO - Processing /home/airflow/.local/lib/python3.7/site-packages/airflow/example_dags/example_branch_python_dop_operator_3.py took 0.647 seconds
[2022-06-26 13:32:58,069] {processor.py:153} INFO - Started process (PID=688) to work on /home/airflow/.local/lib/python3.7/site-packages/airflow/example_dags/example_branch_python_dop_operator_3.py
[2022-06-26 13:32:58,082] {processor.py:641} INFO - Processing file /home/airflow/.local/lib/python3.7/site-packages/airflow/example_dags/example_branch_python_dop_operator_3.py for tasks to queue
[2022-06-26 13:32:58,083] {logging_mixin.py:115} INFO - [2022-06-26 13:32:58,083] {dagbag.py:507} INFO - Filling up the DagBag from /home/airflow/.local/lib/python3.7/site-packages/airflow/example_dags/example_branch_python_dop_operator_3.py
[2022-06-26 13:32:58,099] {processor.py:651} INFO - DAG(s) dict_keys(['example_branch_dop_operator_v3']) retrieved from /home/airflow/.local/lib/python3.7/site-packages/airflow/example_dags/example_branch_python_dop_operator_3.py
[2022-06-26 13:32:58,141] {logging_mixin.py:115} INFO - [2022-06-26 13:32:58,141] {dag.py:2379} INFO - Sync 1 DAGs
[2022-06-26 13:32:58,405] {logging_mixin.py:115} INFO - [2022-06-26 13:32:58,405] {dag.py:2931} INFO - Setting next_dagrun for example_branch_dop_operator_v3 to 2022-06-26T13:31:00+00:00, run_after=2022-06-26T13:32:00+00:00
[2022-06-26 13:32:58,421] {processor.py:161} INFO - Processing /home/airflow/.local/lib/python3.7/site-packages/airflow/example_dags/example_branch_python_dop_operator_3.py took 0.357 seconds
[2022-06-26 13:33:28,574] {processor.py:153} INFO - Started process (PID=741) to work on /home/airflow/.local/lib/python3.7/site-packages/airflow/example_dags/example_branch_python_dop_operator_3.py
[2022-06-26 13:33:28,585] {processor.py:641} INFO - Processing file /home/airflow/.local/lib/python3.7/site-packages/airflow/example_dags/example_branch_python_dop_operator_3.py for tasks to queue
[2022-06-26 13:33:28,586] {logging_mixin.py:115} INFO - [2022-06-26 13:33:28,586] {dagbag.py:507} INFO - Filling up the DagBag from /home/airflow/.local/lib/python3.7/site-packages/airflow/example_dags/example_branch_python_dop_operator_3.py
[2022-06-26 13:33:28,626] {processor.py:651} INFO - DAG(s) dict_keys(['example_branch_dop_operator_v3']) retrieved from /home/airflow/.local/lib/python3.7/site-packages/airflow/example_dags/example_branch_python_dop_operator_3.py
[2022-06-26 13:33:28,703] {logging_mixin.py:115} INFO - [2022-06-26 13:33:28,702] {dag.py:2379} INFO - Sync 1 DAGs
[2022-06-26 13:33:29,255] {logging_mixin.py:115} INFO - [2022-06-26 13:33:29,255] {dag.py:2931} INFO - Setting next_dagrun for example_branch_dop_operator_v3 to 2022-06-26T13:32:00+00:00, run_after=2022-06-26T13:33:00+00:00
[2022-06-26 13:33:29,274] {processor.py:161} INFO - Processing /home/airflow/.local/lib/python3.7/site-packages/airflow/example_dags/example_branch_python_dop_operator_3.py took 0.716 seconds
[2022-06-26 13:33:59,532] {processor.py:153} INFO - Started process (PID=803) to work on /home/airflow/.local/lib/python3.7/site-packages/airflow/example_dags/example_branch_python_dop_operator_3.py
[2022-06-26 13:33:59,556] {processor.py:641} INFO - Processing file /home/airflow/.local/lib/python3.7/site-packages/airflow/example_dags/example_branch_python_dop_operator_3.py for tasks to queue
[2022-06-26 13:33:59,557] {logging_mixin.py:115} INFO - [2022-06-26 13:33:59,557] {dagbag.py:507} INFO - Filling up the DagBag from /home/airflow/.local/lib/python3.7/site-packages/airflow/example_dags/example_branch_python_dop_operator_3.py
[2022-06-26 13:33:59,577] {processor.py:651} INFO - DAG(s) dict_keys(['example_branch_dop_operator_v3']) retrieved from /home/airflow/.local/lib/python3.7/site-packages/airflow/example_dags/example_branch_python_dop_operator_3.py
[2022-06-26 13:33:59,687] {logging_mixin.py:115} INFO - [2022-06-26 13:33:59,687] {dag.py:2379} INFO - Sync 1 DAGs
[2022-06-26 13:34:00,098] {logging_mixin.py:115} INFO - [2022-06-26 13:34:00,097] {dag.py:2931} INFO - Setting next_dagrun for example_branch_dop_operator_v3 to 2022-06-26T13:33:00+00:00, run_after=2022-06-26T13:34:00+00:00
[2022-06-26 13:34:00,122] {processor.py:161} INFO - Processing /home/airflow/.local/lib/python3.7/site-packages/airflow/example_dags/example_branch_python_dop_operator_3.py took 0.603 seconds
[2022-06-26 13:34:30,198] {processor.py:153} INFO - Started process (PID=855) to work on /home/airflow/.local/lib/python3.7/site-packages/airflow/example_dags/example_branch_python_dop_operator_3.py
[2022-06-26 13:34:30,199] {processor.py:641} INFO - Processing file /home/airflow/.local/lib/python3.7/site-packages/airflow/example_dags/example_branch_python_dop_operator_3.py for tasks to queue
[2022-06-26 13:34:30,200] {logging_mixin.py:115} INFO - [2022-06-26 13:34:30,200] {dagbag.py:507} INFO - Filling up the DagBag from /home/airflow/.local/lib/python3.7/site-packages/airflow/example_dags/example_branch_python_dop_operator_3.py
[2022-06-26 13:34:30,217] {processor.py:651} INFO - DAG(s) dict_keys(['example_branch_dop_operator_v3']) retrieved from /home/airflow/.local/lib/python3.7/site-packages/airflow/example_dags/example_branch_python_dop_operator_3.py
[2022-06-26 13:34:30,259] {logging_mixin.py:115} INFO - [2022-06-26 13:34:30,259] {dag.py:2379} INFO - Sync 1 DAGs
[2022-06-26 13:34:30,543] {logging_mixin.py:115} INFO - [2022-06-26 13:34:30,543] {dag.py:2931} INFO - Setting next_dagrun for example_branch_dop_operator_v3 to 2022-06-26T13:33:00+00:00, run_after=2022-06-26T13:34:00+00:00
[2022-06-26 13:34:30,569] {processor.py:161} INFO - Processing /home/airflow/.local/lib/python3.7/site-packages/airflow/example_dags/example_branch_python_dop_operator_3.py took 0.377 seconds
[2022-06-26 13:35:00,896] {processor.py:153} INFO - Started process (PID=908) to work on /home/airflow/.local/lib/python3.7/site-packages/airflow/example_dags/example_branch_python_dop_operator_3.py
[2022-06-26 13:35:00,900] {processor.py:641} INFO - Processing file /home/airflow/.local/lib/python3.7/site-packages/airflow/example_dags/example_branch_python_dop_operator_3.py for tasks to queue
[2022-06-26 13:35:00,903] {logging_mixin.py:115} INFO - [2022-06-26 13:35:00,903] {dagbag.py:507} INFO - Filling up the DagBag from /home/airflow/.local/lib/python3.7/site-packages/airflow/example_dags/example_branch_python_dop_operator_3.py
[2022-06-26 13:35:00,940] {processor.py:651} INFO - DAG(s) dict_keys(['example_branch_dop_operator_v3']) retrieved from /home/airflow/.local/lib/python3.7/site-packages/airflow/example_dags/example_branch_python_dop_operator_3.py
[2022-06-26 13:35:01,086] {logging_mixin.py:115} INFO - [2022-06-26 13:35:01,086] {dag.py:2379} INFO - Sync 1 DAGs
[2022-06-26 13:35:01,665] {logging_mixin.py:115} INFO - [2022-06-26 13:35:01,665] {dag.py:2931} INFO - Setting next_dagrun for example_branch_dop_operator_v3 to 2022-06-26T13:34:00+00:00, run_after=2022-06-26T13:35:00+00:00
[2022-06-26 13:35:01,725] {processor.py:161} INFO - Processing /home/airflow/.local/lib/python3.7/site-packages/airflow/example_dags/example_branch_python_dop_operator_3.py took 0.865 seconds
[2022-06-26 13:35:32,097] {processor.py:153} INFO - Started process (PID=970) to work on /home/airflow/.local/lib/python3.7/site-packages/airflow/example_dags/example_branch_python_dop_operator_3.py
[2022-06-26 13:35:32,098] {processor.py:641} INFO - Processing file /home/airflow/.local/lib/python3.7/site-packages/airflow/example_dags/example_branch_python_dop_operator_3.py for tasks to queue
[2022-06-26 13:35:32,099] {logging_mixin.py:115} INFO - [2022-06-26 13:35:32,099] {dagbag.py:507} INFO - Filling up the DagBag from /home/airflow/.local/lib/python3.7/site-packages/airflow/example_dags/example_branch_python_dop_operator_3.py
[2022-06-26 13:35:32,115] {processor.py:651} INFO - DAG(s) dict_keys(['example_branch_dop_operator_v3']) retrieved from /home/airflow/.local/lib/python3.7/site-packages/airflow/example_dags/example_branch_python_dop_operator_3.py
[2022-06-26 13:35:32,158] {logging_mixin.py:115} INFO - [2022-06-26 13:35:32,158] {dag.py:2379} INFO - Sync 1 DAGs
[2022-06-26 13:35:32,525] {logging_mixin.py:115} INFO - [2022-06-26 13:35:32,524] {dag.py:2931} INFO - Setting next_dagrun for example_branch_dop_operator_v3 to 2022-06-26T13:34:00+00:00, run_after=2022-06-26T13:35:00+00:00
[2022-06-26 13:35:32,550] {processor.py:161} INFO - Processing /home/airflow/.local/lib/python3.7/site-packages/airflow/example_dags/example_branch_python_dop_operator_3.py took 0.459 seconds
[2022-06-26 13:36:02,890] {processor.py:153} INFO - Started process (PID=1023) to work on /home/airflow/.local/lib/python3.7/site-packages/airflow/example_dags/example_branch_python_dop_operator_3.py
[2022-06-26 13:36:02,900] {processor.py:641} INFO - Processing file /home/airflow/.local/lib/python3.7/site-packages/airflow/example_dags/example_branch_python_dop_operator_3.py for tasks to queue
[2022-06-26 13:36:02,901] {logging_mixin.py:115} INFO - [2022-06-26 13:36:02,901] {dagbag.py:507} INFO - Filling up the DagBag from /home/airflow/.local/lib/python3.7/site-packages/airflow/example_dags/example_branch_python_dop_operator_3.py
[2022-06-26 13:36:02,934] {processor.py:651} INFO - DAG(s) dict_keys(['example_branch_dop_operator_v3']) retrieved from /home/airflow/.local/lib/python3.7/site-packages/airflow/example_dags/example_branch_python_dop_operator_3.py
[2022-06-26 13:36:03,004] {logging_mixin.py:115} INFO - [2022-06-26 13:36:03,004] {dag.py:2379} INFO - Sync 1 DAGs
[2022-06-26 13:36:03,512] {logging_mixin.py:115} INFO - [2022-06-26 13:36:03,511] {dag.py:2931} INFO - Setting next_dagrun for example_branch_dop_operator_v3 to 2022-06-26T13:35:00+00:00, run_after=2022-06-26T13:36:00+00:00
[2022-06-26 13:36:03,549] {processor.py:161} INFO - Processing /home/airflow/.local/lib/python3.7/site-packages/airflow/example_dags/example_branch_python_dop_operator_3.py took 0.665 seconds
[2022-06-26 13:36:33,887] {processor.py:153} INFO - Started process (PID=1086) to work on /home/airflow/.local/lib/python3.7/site-packages/airflow/example_dags/example_branch_python_dop_operator_3.py
[2022-06-26 13:36:33,888] {processor.py:641} INFO - Processing file /home/airflow/.local/lib/python3.7/site-packages/airflow/example_dags/example_branch_python_dop_operator_3.py for tasks to queue
[2022-06-26 13:36:33,889] {logging_mixin.py:115} INFO - [2022-06-26 13:36:33,889] {dagbag.py:507} INFO - Filling up the DagBag from /home/airflow/.local/lib/python3.7/site-packages/airflow/example_dags/example_branch_python_dop_operator_3.py
[2022-06-26 13:36:33,906] {processor.py:651} INFO - DAG(s) dict_keys(['example_branch_dop_operator_v3']) retrieved from /home/airflow/.local/lib/python3.7/site-packages/airflow/example_dags/example_branch_python_dop_operator_3.py
[2022-06-26 13:36:33,949] {logging_mixin.py:115} INFO - [2022-06-26 13:36:33,948] {dag.py:2379} INFO - Sync 1 DAGs
[2022-06-26 13:36:34,213] {logging_mixin.py:115} INFO - [2022-06-26 13:36:34,213] {dag.py:2931} INFO - Setting next_dagrun for example_branch_dop_operator_v3 to 2022-06-26T13:35:00+00:00, run_after=2022-06-26T13:36:00+00:00
[2022-06-26 13:36:34,238] {processor.py:161} INFO - Processing /home/airflow/.local/lib/python3.7/site-packages/airflow/example_dags/example_branch_python_dop_operator_3.py took 0.367 seconds
[2022-06-26 13:37:04,542] {processor.py:153} INFO - Started process (PID=1139) to work on /home/airflow/.local/lib/python3.7/site-packages/airflow/example_dags/example_branch_python_dop_operator_3.py
[2022-06-26 13:37:04,563] {processor.py:641} INFO - Processing file /home/airflow/.local/lib/python3.7/site-packages/airflow/example_dags/example_branch_python_dop_operator_3.py for tasks to queue
[2022-06-26 13:37:04,564] {logging_mixin.py:115} INFO - [2022-06-26 13:37:04,564] {dagbag.py:507} INFO - Filling up the DagBag from /home/airflow/.local/lib/python3.7/site-packages/airflow/example_dags/example_branch_python_dop_operator_3.py
[2022-06-26 13:37:04,595] {processor.py:651} INFO - DAG(s) dict_keys(['example_branch_dop_operator_v3']) retrieved from /home/airflow/.local/lib/python3.7/site-packages/airflow/example_dags/example_branch_python_dop_operator_3.py
[2022-06-26 13:37:04,678] {logging_mixin.py:115} INFO - [2022-06-26 13:37:04,678] {dag.py:2379} INFO - Sync 1 DAGs
[2022-06-26 13:37:05,246] {logging_mixin.py:115} INFO - [2022-06-26 13:37:05,246] {dag.py:2931} INFO - Setting next_dagrun for example_branch_dop_operator_v3 to 2022-06-26T13:36:00+00:00, run_after=2022-06-26T13:37:00+00:00
[2022-06-26 13:37:05,288] {processor.py:161} INFO - Processing /home/airflow/.local/lib/python3.7/site-packages/airflow/example_dags/example_branch_python_dop_operator_3.py took 0.768 seconds
[2022-06-26 13:37:35,734] {processor.py:153} INFO - Started process (PID=1201) to work on /home/airflow/.local/lib/python3.7/site-packages/airflow/example_dags/example_branch_python_dop_operator_3.py
[2022-06-26 13:37:35,734] {processor.py:641} INFO - Processing file /home/airflow/.local/lib/python3.7/site-packages/airflow/example_dags/example_branch_python_dop_operator_3.py for tasks to queue
[2022-06-26 13:37:35,735] {logging_mixin.py:115} INFO - [2022-06-26 13:37:35,735] {dagbag.py:507} INFO - Filling up the DagBag from /home/airflow/.local/lib/python3.7/site-packages/airflow/example_dags/example_branch_python_dop_operator_3.py
[2022-06-26 13:37:35,751] {processor.py:651} INFO - DAG(s) dict_keys(['example_branch_dop_operator_v3']) retrieved from /home/airflow/.local/lib/python3.7/site-packages/airflow/example_dags/example_branch_python_dop_operator_3.py
[2022-06-26 13:37:35,801] {logging_mixin.py:115} INFO - [2022-06-26 13:37:35,801] {dag.py:2379} INFO - Sync 1 DAGs
[2022-06-26 13:37:36,072] {logging_mixin.py:115} INFO - [2022-06-26 13:37:36,072] {dag.py:2931} INFO - Setting next_dagrun for example_branch_dop_operator_v3 to 2022-06-26T13:36:00+00:00, run_after=2022-06-26T13:37:00+00:00
[2022-06-26 13:37:36,096] {processor.py:161} INFO - Processing /home/airflow/.local/lib/python3.7/site-packages/airflow/example_dags/example_branch_python_dop_operator_3.py took 0.369 seconds
[2022-06-26 13:38:07,421] {processor.py:153} INFO - Started process (PID=1254) to work on /home/airflow/.local/lib/python3.7/site-packages/airflow/example_dags/example_branch_python_dop_operator_3.py
[2022-06-26 13:38:07,436] {processor.py:641} INFO - Processing file /home/airflow/.local/lib/python3.7/site-packages/airflow/example_dags/example_branch_python_dop_operator_3.py for tasks to queue
[2022-06-26 13:38:07,437] {logging_mixin.py:115} INFO - [2022-06-26 13:38:07,437] {dagbag.py:507} INFO - Filling up the DagBag from /home/airflow/.local/lib/python3.7/site-packages/airflow/example_dags/example_branch_python_dop_operator_3.py
[2022-06-26 13:38:07,467] {processor.py:651} INFO - DAG(s) dict_keys(['example_branch_dop_operator_v3']) retrieved from /home/airflow/.local/lib/python3.7/site-packages/airflow/example_dags/example_branch_python_dop_operator_3.py
[2022-06-26 13:38:07,577] {logging_mixin.py:115} INFO - [2022-06-26 13:38:07,577] {dag.py:2379} INFO - Sync 1 DAGs
[2022-06-26 13:38:07,999] {logging_mixin.py:115} INFO - [2022-06-26 13:38:07,999] {dag.py:2931} INFO - Setting next_dagrun for example_branch_dop_operator_v3 to 2022-06-26T13:37:00+00:00, run_after=2022-06-26T13:38:00+00:00
[2022-06-26 13:38:08,043] {processor.py:161} INFO - Processing /home/airflow/.local/lib/python3.7/site-packages/airflow/example_dags/example_branch_python_dop_operator_3.py took 0.641 seconds
[2022-06-26 13:38:38,454] {processor.py:153} INFO - Started process (PID=1315) to work on /home/airflow/.local/lib/python3.7/site-packages/airflow/example_dags/example_branch_python_dop_operator_3.py
[2022-06-26 13:38:38,456] {processor.py:641} INFO - Processing file /home/airflow/.local/lib/python3.7/site-packages/airflow/example_dags/example_branch_python_dop_operator_3.py for tasks to queue
[2022-06-26 13:38:38,456] {logging_mixin.py:115} INFO - [2022-06-26 13:38:38,456] {dagbag.py:507} INFO - Filling up the DagBag from /home/airflow/.local/lib/python3.7/site-packages/airflow/example_dags/example_branch_python_dop_operator_3.py
[2022-06-26 13:38:38,472] {processor.py:651} INFO - DAG(s) dict_keys(['example_branch_dop_operator_v3']) retrieved from /home/airflow/.local/lib/python3.7/site-packages/airflow/example_dags/example_branch_python_dop_operator_3.py
[2022-06-26 13:38:38,516] {logging_mixin.py:115} INFO - [2022-06-26 13:38:38,516] {dag.py:2379} INFO - Sync 1 DAGs
[2022-06-26 13:38:38,717] {logging_mixin.py:115} INFO - [2022-06-26 13:38:38,716] {dag.py:2931} INFO - Setting next_dagrun for example_branch_dop_operator_v3 to 2022-06-26T13:37:00+00:00, run_after=2022-06-26T13:38:00+00:00
[2022-06-26 13:38:38,729] {processor.py:161} INFO - Processing /home/airflow/.local/lib/python3.7/site-packages/airflow/example_dags/example_branch_python_dop_operator_3.py took 0.280 seconds
[2022-06-26 13:39:09,774] {processor.py:153} INFO - Started process (PID=1376) to work on /home/airflow/.local/lib/python3.7/site-packages/airflow/example_dags/example_branch_python_dop_operator_3.py
[2022-06-26 13:39:09,785] {processor.py:641} INFO - Processing file /home/airflow/.local/lib/python3.7/site-packages/airflow/example_dags/example_branch_python_dop_operator_3.py for tasks to queue
[2022-06-26 13:39:09,786] {logging_mixin.py:115} INFO - [2022-06-26 13:39:09,785] {dagbag.py:507} INFO - Filling up the DagBag from /home/airflow/.local/lib/python3.7/site-packages/airflow/example_dags/example_branch_python_dop_operator_3.py
[2022-06-26 13:39:09,820] {processor.py:651} INFO - DAG(s) dict_keys(['example_branch_dop_operator_v3']) retrieved from /home/airflow/.local/lib/python3.7/site-packages/airflow/example_dags/example_branch_python_dop_operator_3.py
[2022-06-26 13:39:09,868] {logging_mixin.py:115} INFO - [2022-06-26 13:39:09,868] {dag.py:2379} INFO - Sync 1 DAGs
[2022-06-26 13:39:10,137] {logging_mixin.py:115} INFO - [2022-06-26 13:39:10,136] {dag.py:2931} INFO - Setting next_dagrun for example_branch_dop_operator_v3 to 2022-06-26T13:38:00+00:00, run_after=2022-06-26T13:39:00+00:00
[2022-06-26 13:39:10,207] {processor.py:161} INFO - Processing /home/airflow/.local/lib/python3.7/site-packages/airflow/example_dags/example_branch_python_dop_operator_3.py took 0.448 seconds
[2022-06-26 13:39:40,670] {processor.py:153} INFO - Started process (PID=1430) to work on /home/airflow/.local/lib/python3.7/site-packages/airflow/example_dags/example_branch_python_dop_operator_3.py
[2022-06-26 13:39:40,670] {processor.py:641} INFO - Processing file /home/airflow/.local/lib/python3.7/site-packages/airflow/example_dags/example_branch_python_dop_operator_3.py for tasks to queue
[2022-06-26 13:39:40,671] {logging_mixin.py:115} INFO - [2022-06-26 13:39:40,671] {dagbag.py:507} INFO - Filling up the DagBag from /home/airflow/.local/lib/python3.7/site-packages/airflow/example_dags/example_branch_python_dop_operator_3.py
[2022-06-26 13:39:40,682] {processor.py:651} INFO - DAG(s) dict_keys(['example_branch_dop_operator_v3']) retrieved from /home/airflow/.local/lib/python3.7/site-packages/airflow/example_dags/example_branch_python_dop_operator_3.py
[2022-06-26 13:39:40,717] {logging_mixin.py:115} INFO - [2022-06-26 13:39:40,717] {dag.py:2379} INFO - Sync 1 DAGs
[2022-06-26 13:39:40,902] {logging_mixin.py:115} INFO - [2022-06-26 13:39:40,902] {dag.py:2931} INFO - Setting next_dagrun for example_branch_dop_operator_v3 to 2022-06-26T13:38:00+00:00, run_after=2022-06-26T13:39:00+00:00
[2022-06-26 13:39:40,914] {processor.py:161} INFO - Processing /home/airflow/.local/lib/python3.7/site-packages/airflow/example_dags/example_branch_python_dop_operator_3.py took 0.251 seconds
[2022-06-26 13:40:11,334] {processor.py:153} INFO - Started process (PID=1482) to work on /home/airflow/.local/lib/python3.7/site-packages/airflow/example_dags/example_branch_python_dop_operator_3.py
[2022-06-26 13:40:11,341] {processor.py:641} INFO - Processing file /home/airflow/.local/lib/python3.7/site-packages/airflow/example_dags/example_branch_python_dop_operator_3.py for tasks to queue
[2022-06-26 13:40:11,342] {logging_mixin.py:115} INFO - [2022-06-26 13:40:11,341] {dagbag.py:507} INFO - Filling up the DagBag from /home/airflow/.local/lib/python3.7/site-packages/airflow/example_dags/example_branch_python_dop_operator_3.py
[2022-06-26 13:40:11,367] {processor.py:651} INFO - DAG(s) dict_keys(['example_branch_dop_operator_v3']) retrieved from /home/airflow/.local/lib/python3.7/site-packages/airflow/example_dags/example_branch_python_dop_operator_3.py
[2022-06-26 13:40:11,465] {logging_mixin.py:115} INFO - [2022-06-26 13:40:11,460] {dag.py:2379} INFO - Sync 1 DAGs
[2022-06-26 13:40:12,112] {logging_mixin.py:115} INFO - [2022-06-26 13:40:12,112] {dag.py:2931} INFO - Setting next_dagrun for example_branch_dop_operator_v3 to 2022-06-26T13:39:00+00:00, run_after=2022-06-26T13:40:00+00:00
[2022-06-26 13:40:12,171] {processor.py:161} INFO - Processing /home/airflow/.local/lib/python3.7/site-packages/airflow/example_dags/example_branch_python_dop_operator_3.py took 0.847 seconds
[2022-06-26 13:40:43,755] {processor.py:153} INFO - Started process (PID=1542) to work on /home/airflow/.local/lib/python3.7/site-packages/airflow/example_dags/example_branch_python_dop_operator_3.py
[2022-06-26 13:40:43,755] {processor.py:641} INFO - Processing file /home/airflow/.local/lib/python3.7/site-packages/airflow/example_dags/example_branch_python_dop_operator_3.py for tasks to queue
[2022-06-26 13:40:43,765] {logging_mixin.py:115} INFO - [2022-06-26 13:40:43,765] {dagbag.py:507} INFO - Filling up the DagBag from /home/airflow/.local/lib/python3.7/site-packages/airflow/example_dags/example_branch_python_dop_operator_3.py
[2022-06-26 13:40:43,827] {processor.py:651} INFO - DAG(s) dict_keys(['example_branch_dop_operator_v3']) retrieved from /home/airflow/.local/lib/python3.7/site-packages/airflow/example_dags/example_branch_python_dop_operator_3.py
[2022-06-26 13:40:43,975] {logging_mixin.py:115} INFO - [2022-06-26 13:40:43,975] {dag.py:2379} INFO - Sync 1 DAGs
[2022-06-26 13:40:44,574] {logging_mixin.py:115} INFO - [2022-06-26 13:40:44,574] {dag.py:2931} INFO - Setting next_dagrun for example_branch_dop_operator_v3 to 2022-06-26T13:39:00+00:00, run_after=2022-06-26T13:40:00+00:00
[2022-06-26 13:40:44,621] {processor.py:161} INFO - Processing /home/airflow/.local/lib/python3.7/site-packages/airflow/example_dags/example_branch_python_dop_operator_3.py took 0.891 seconds
[2022-06-26 13:41:15,022] {processor.py:153} INFO - Started process (PID=1598) to work on /home/airflow/.local/lib/python3.7/site-packages/airflow/example_dags/example_branch_python_dop_operator_3.py
[2022-06-26 13:41:15,026] {processor.py:641} INFO - Processing file /home/airflow/.local/lib/python3.7/site-packages/airflow/example_dags/example_branch_python_dop_operator_3.py for tasks to queue
[2022-06-26 13:41:15,027] {logging_mixin.py:115} INFO - [2022-06-26 13:41:15,027] {dagbag.py:507} INFO - Filling up the DagBag from /home/airflow/.local/lib/python3.7/site-packages/airflow/example_dags/example_branch_python_dop_operator_3.py
[2022-06-26 13:41:15,044] {processor.py:651} INFO - DAG(s) dict_keys(['example_branch_dop_operator_v3']) retrieved from /home/airflow/.local/lib/python3.7/site-packages/airflow/example_dags/example_branch_python_dop_operator_3.py
[2022-06-26 13:41:15,098] {logging_mixin.py:115} INFO - [2022-06-26 13:41:15,097] {dag.py:2379} INFO - Sync 1 DAGs
[2022-06-26 13:41:15,416] {logging_mixin.py:115} INFO - [2022-06-26 13:41:15,416] {dag.py:2931} INFO - Setting next_dagrun for example_branch_dop_operator_v3 to 2022-06-26T13:40:00+00:00, run_after=2022-06-26T13:41:00+00:00
[2022-06-26 13:41:15,436] {processor.py:161} INFO - Processing /home/airflow/.local/lib/python3.7/site-packages/airflow/example_dags/example_branch_python_dop_operator_3.py took 0.422 seconds
[2022-06-26 13:41:45,934] {processor.py:153} INFO - Started process (PID=1650) to work on /home/airflow/.local/lib/python3.7/site-packages/airflow/example_dags/example_branch_python_dop_operator_3.py
[2022-06-26 13:41:45,935] {processor.py:641} INFO - Processing file /home/airflow/.local/lib/python3.7/site-packages/airflow/example_dags/example_branch_python_dop_operator_3.py for tasks to queue
[2022-06-26 13:41:45,935] {logging_mixin.py:115} INFO - [2022-06-26 13:41:45,935] {dagbag.py:507} INFO - Filling up the DagBag from /home/airflow/.local/lib/python3.7/site-packages/airflow/example_dags/example_branch_python_dop_operator_3.py
[2022-06-26 13:41:45,995] {processor.py:651} INFO - DAG(s) dict_keys(['example_branch_dop_operator_v3']) retrieved from /home/airflow/.local/lib/python3.7/site-packages/airflow/example_dags/example_branch_python_dop_operator_3.py
[2022-06-26 13:41:46,055] {logging_mixin.py:115} INFO - [2022-06-26 13:41:46,055] {dag.py:2379} INFO - Sync 1 DAGs
[2022-06-26 13:41:46,531] {logging_mixin.py:115} INFO - [2022-06-26 13:41:46,531] {dag.py:2931} INFO - Setting next_dagrun for example_branch_dop_operator_v3 to 2022-06-26T13:40:00+00:00, run_after=2022-06-26T13:41:00+00:00
[2022-06-26 13:41:46,571] {processor.py:161} INFO - Processing /home/airflow/.local/lib/python3.7/site-packages/airflow/example_dags/example_branch_python_dop_operator_3.py took 0.652 seconds
[2022-06-26 13:42:17,375] {processor.py:153} INFO - Started process (PID=1712) to work on /home/airflow/.local/lib/python3.7/site-packages/airflow/example_dags/example_branch_python_dop_operator_3.py
[2022-06-26 13:42:17,394] {processor.py:641} INFO - Processing file /home/airflow/.local/lib/python3.7/site-packages/airflow/example_dags/example_branch_python_dop_operator_3.py for tasks to queue
[2022-06-26 13:42:17,396] {logging_mixin.py:115} INFO - [2022-06-26 13:42:17,396] {dagbag.py:507} INFO - Filling up the DagBag from /home/airflow/.local/lib/python3.7/site-packages/airflow/example_dags/example_branch_python_dop_operator_3.py
[2022-06-26 13:42:17,434] {processor.py:651} INFO - DAG(s) dict_keys(['example_branch_dop_operator_v3']) retrieved from /home/airflow/.local/lib/python3.7/site-packages/airflow/example_dags/example_branch_python_dop_operator_3.py
[2022-06-26 13:42:17,512] {logging_mixin.py:115} INFO - [2022-06-26 13:42:17,511] {dag.py:2379} INFO - Sync 1 DAGs
[2022-06-26 13:42:17,919] {logging_mixin.py:115} INFO - [2022-06-26 13:42:17,919] {dag.py:2931} INFO - Setting next_dagrun for example_branch_dop_operator_v3 to 2022-06-26T13:41:00+00:00, run_after=2022-06-26T13:42:00+00:00
[2022-06-26 13:42:17,967] {processor.py:161} INFO - Processing /home/airflow/.local/lib/python3.7/site-packages/airflow/example_dags/example_branch_python_dop_operator_3.py took 0.605 seconds
[2022-06-26 13:42:48,692] {processor.py:153} INFO - Started process (PID=1765) to work on /home/airflow/.local/lib/python3.7/site-packages/airflow/example_dags/example_branch_python_dop_operator_3.py
[2022-06-26 13:42:48,693] {processor.py:641} INFO - Processing file /home/airflow/.local/lib/python3.7/site-packages/airflow/example_dags/example_branch_python_dop_operator_3.py for tasks to queue
[2022-06-26 13:42:48,694] {logging_mixin.py:115} INFO - [2022-06-26 13:42:48,693] {dagbag.py:507} INFO - Filling up the DagBag from /home/airflow/.local/lib/python3.7/site-packages/airflow/example_dags/example_branch_python_dop_operator_3.py
[2022-06-26 13:42:48,710] {processor.py:651} INFO - DAG(s) dict_keys(['example_branch_dop_operator_v3']) retrieved from /home/airflow/.local/lib/python3.7/site-packages/airflow/example_dags/example_branch_python_dop_operator_3.py
[2022-06-26 13:42:48,754] {logging_mixin.py:115} INFO - [2022-06-26 13:42:48,754] {dag.py:2379} INFO - Sync 1 DAGs
[2022-06-26 13:42:49,029] {logging_mixin.py:115} INFO - [2022-06-26 13:42:49,029] {dag.py:2931} INFO - Setting next_dagrun for example_branch_dop_operator_v3 to 2022-06-26T13:41:00+00:00, run_after=2022-06-26T13:42:00+00:00
[2022-06-26 13:42:49,047] {processor.py:161} INFO - Processing /home/airflow/.local/lib/python3.7/site-packages/airflow/example_dags/example_branch_python_dop_operator_3.py took 0.360 seconds
