[2022-06-26 12:35:12,954] {processor.py:153} INFO - Started process (PID=74) to work on /home/airflow/.local/lib/python3.7/site-packages/airflow/example_dags/example_skip_dag.py
[2022-06-26 12:35:12,954] {processor.py:641} INFO - Processing file /home/airflow/.local/lib/python3.7/site-packages/airflow/example_dags/example_skip_dag.py for tasks to queue
[2022-06-26 12:35:12,955] {logging_mixin.py:115} INFO - [2022-06-26 12:35:12,955] {dagbag.py:507} INFO - Filling up the DagBag from /home/airflow/.local/lib/python3.7/site-packages/airflow/example_dags/example_skip_dag.py
[2022-06-26 12:35:12,989] {processor.py:651} INFO - DAG(s) dict_keys(['example_skip_dag']) retrieved from /home/airflow/.local/lib/python3.7/site-packages/airflow/example_dags/example_skip_dag.py
[2022-06-26 12:35:14,926] {logging_mixin.py:115} INFO - [2022-06-26 12:35:14,926] {manager.py:508} INFO - Created Permission View: can delete on DAG:example_skip_dag
[2022-06-26 12:35:15,034] {logging_mixin.py:115} INFO - [2022-06-26 12:35:15,034] {manager.py:508} INFO - Created Permission View: can edit on DAG:example_skip_dag
[2022-06-26 12:35:15,106] {logging_mixin.py:115} INFO - [2022-06-26 12:35:15,106] {manager.py:508} INFO - Created Permission View: can read on DAG:example_skip_dag
[2022-06-26 12:35:15,106] {logging_mixin.py:115} INFO - [2022-06-26 12:35:15,106] {dag.py:2379} INFO - Sync 1 DAGs
[2022-06-26 12:35:15,169] {logging_mixin.py:115} INFO - [2022-06-26 12:35:15,169] {dag.py:2398} INFO - Creating ORM DAG for example_skip_dag
[2022-06-26 12:35:15,254] {logging_mixin.py:115} INFO - [2022-06-26 12:35:15,254] {dag.py:2931} INFO - Setting next_dagrun for example_skip_dag to 2022-06-25T12:35:15.253709+00:00, run_after=2022-06-26T12:35:15.253709+00:00
[2022-06-26 12:35:15,388] {processor.py:161} INFO - Processing /home/airflow/.local/lib/python3.7/site-packages/airflow/example_dags/example_skip_dag.py took 2.453 seconds
[2022-06-26 12:35:45,897] {processor.py:153} INFO - Started process (PID=137) to work on /home/airflow/.local/lib/python3.7/site-packages/airflow/example_dags/example_skip_dag.py
[2022-06-26 12:35:45,914] {processor.py:641} INFO - Processing file /home/airflow/.local/lib/python3.7/site-packages/airflow/example_dags/example_skip_dag.py for tasks to queue
[2022-06-26 12:35:45,915] {logging_mixin.py:115} INFO - [2022-06-26 12:35:45,915] {dagbag.py:507} INFO - Filling up the DagBag from /home/airflow/.local/lib/python3.7/site-packages/airflow/example_dags/example_skip_dag.py
[2022-06-26 12:35:45,931] {processor.py:651} INFO - DAG(s) dict_keys(['example_skip_dag']) retrieved from /home/airflow/.local/lib/python3.7/site-packages/airflow/example_dags/example_skip_dag.py
[2022-06-26 12:35:46,028] {logging_mixin.py:115} INFO - [2022-06-26 12:35:46,027] {dag.py:2379} INFO - Sync 1 DAGs
[2022-06-26 12:35:46,428] {logging_mixin.py:115} INFO - [2022-06-26 12:35:46,427] {dag.py:2931} INFO - Setting next_dagrun for example_skip_dag to 2022-06-25T12:35:46.427629+00:00, run_after=2022-06-26T12:35:46.427629+00:00
[2022-06-26 12:35:46,471] {processor.py:161} INFO - Processing /home/airflow/.local/lib/python3.7/site-packages/airflow/example_dags/example_skip_dag.py took 0.592 seconds
[2022-06-26 12:36:16,859] {processor.py:153} INFO - Started process (PID=189) to work on /home/airflow/.local/lib/python3.7/site-packages/airflow/example_dags/example_skip_dag.py
[2022-06-26 12:36:16,860] {processor.py:641} INFO - Processing file /home/airflow/.local/lib/python3.7/site-packages/airflow/example_dags/example_skip_dag.py for tasks to queue
[2022-06-26 12:36:16,868] {logging_mixin.py:115} INFO - [2022-06-26 12:36:16,868] {dagbag.py:507} INFO - Filling up the DagBag from /home/airflow/.local/lib/python3.7/site-packages/airflow/example_dags/example_skip_dag.py
[2022-06-26 12:36:16,883] {processor.py:651} INFO - DAG(s) dict_keys(['example_skip_dag']) retrieved from /home/airflow/.local/lib/python3.7/site-packages/airflow/example_dags/example_skip_dag.py
[2022-06-26 12:36:16,962] {logging_mixin.py:115} INFO - [2022-06-26 12:36:16,961] {dag.py:2379} INFO - Sync 1 DAGs
[2022-06-26 12:36:17,367] {logging_mixin.py:115} INFO - [2022-06-26 12:36:17,367] {dag.py:2931} INFO - Setting next_dagrun for example_skip_dag to 2022-06-25T12:36:17.367257+00:00, run_after=2022-06-26T12:36:17.367257+00:00
[2022-06-26 12:36:17,416] {processor.py:161} INFO - Processing /home/airflow/.local/lib/python3.7/site-packages/airflow/example_dags/example_skip_dag.py took 0.564 seconds
[2022-06-26 12:36:48,195] {processor.py:153} INFO - Started process (PID=251) to work on /home/airflow/.local/lib/python3.7/site-packages/airflow/example_dags/example_skip_dag.py
[2022-06-26 12:36:48,214] {processor.py:641} INFO - Processing file /home/airflow/.local/lib/python3.7/site-packages/airflow/example_dags/example_skip_dag.py for tasks to queue
[2022-06-26 12:36:48,215] {logging_mixin.py:115} INFO - [2022-06-26 12:36:48,215] {dagbag.py:507} INFO - Filling up the DagBag from /home/airflow/.local/lib/python3.7/site-packages/airflow/example_dags/example_skip_dag.py
[2022-06-26 12:36:48,230] {processor.py:651} INFO - DAG(s) dict_keys(['example_skip_dag']) retrieved from /home/airflow/.local/lib/python3.7/site-packages/airflow/example_dags/example_skip_dag.py
[2022-06-26 12:36:48,313] {logging_mixin.py:115} INFO - [2022-06-26 12:36:48,313] {dag.py:2379} INFO - Sync 1 DAGs
[2022-06-26 12:36:49,083] {logging_mixin.py:115} INFO - [2022-06-26 12:36:49,083] {dag.py:2931} INFO - Setting next_dagrun for example_skip_dag to 2022-06-25T12:36:49.082924+00:00, run_after=2022-06-26T12:36:49.082924+00:00
[2022-06-26 12:36:49,136] {processor.py:161} INFO - Processing /home/airflow/.local/lib/python3.7/site-packages/airflow/example_dags/example_skip_dag.py took 0.951 seconds
[2022-06-26 12:37:20,017] {processor.py:153} INFO - Started process (PID=305) to work on /home/airflow/.local/lib/python3.7/site-packages/airflow/example_dags/example_skip_dag.py
[2022-06-26 12:37:20,018] {processor.py:641} INFO - Processing file /home/airflow/.local/lib/python3.7/site-packages/airflow/example_dags/example_skip_dag.py for tasks to queue
[2022-06-26 12:37:20,019] {logging_mixin.py:115} INFO - [2022-06-26 12:37:20,019] {dagbag.py:507} INFO - Filling up the DagBag from /home/airflow/.local/lib/python3.7/site-packages/airflow/example_dags/example_skip_dag.py
[2022-06-26 12:37:20,029] {processor.py:651} INFO - DAG(s) dict_keys(['example_skip_dag']) retrieved from /home/airflow/.local/lib/python3.7/site-packages/airflow/example_dags/example_skip_dag.py
[2022-06-26 12:37:20,097] {logging_mixin.py:115} INFO - [2022-06-26 12:37:20,097] {dag.py:2379} INFO - Sync 1 DAGs
[2022-06-26 12:37:20,368] {logging_mixin.py:115} INFO - [2022-06-26 12:37:20,368] {dag.py:2931} INFO - Setting next_dagrun for example_skip_dag to 2022-06-25T12:37:20.368435+00:00, run_after=2022-06-26T12:37:20.368435+00:00
[2022-06-26 12:37:20,386] {processor.py:161} INFO - Processing /home/airflow/.local/lib/python3.7/site-packages/airflow/example_dags/example_skip_dag.py took 0.375 seconds
[2022-06-26 12:37:50,670] {processor.py:153} INFO - Started process (PID=357) to work on /home/airflow/.local/lib/python3.7/site-packages/airflow/example_dags/example_skip_dag.py
[2022-06-26 12:37:50,671] {processor.py:641} INFO - Processing file /home/airflow/.local/lib/python3.7/site-packages/airflow/example_dags/example_skip_dag.py for tasks to queue
[2022-06-26 12:37:50,672] {logging_mixin.py:115} INFO - [2022-06-26 12:37:50,671] {dagbag.py:507} INFO - Filling up the DagBag from /home/airflow/.local/lib/python3.7/site-packages/airflow/example_dags/example_skip_dag.py
[2022-06-26 12:37:50,681] {processor.py:651} INFO - DAG(s) dict_keys(['example_skip_dag']) retrieved from /home/airflow/.local/lib/python3.7/site-packages/airflow/example_dags/example_skip_dag.py
[2022-06-26 12:37:50,728] {logging_mixin.py:115} INFO - [2022-06-26 12:37:50,727] {dag.py:2379} INFO - Sync 1 DAGs
[2022-06-26 12:37:50,985] {logging_mixin.py:115} INFO - [2022-06-26 12:37:50,985] {dag.py:2931} INFO - Setting next_dagrun for example_skip_dag to 2022-06-25T12:37:50.984897+00:00, run_after=2022-06-26T12:37:50.984897+00:00
[2022-06-26 12:37:51,007] {processor.py:161} INFO - Processing /home/airflow/.local/lib/python3.7/site-packages/airflow/example_dags/example_skip_dag.py took 0.342 seconds
[2022-06-26 12:38:21,114] {processor.py:153} INFO - Started process (PID=419) to work on /home/airflow/.local/lib/python3.7/site-packages/airflow/example_dags/example_skip_dag.py
[2022-06-26 12:38:21,143] {processor.py:641} INFO - Processing file /home/airflow/.local/lib/python3.7/site-packages/airflow/example_dags/example_skip_dag.py for tasks to queue
[2022-06-26 12:38:21,144] {logging_mixin.py:115} INFO - [2022-06-26 12:38:21,144] {dagbag.py:507} INFO - Filling up the DagBag from /home/airflow/.local/lib/python3.7/site-packages/airflow/example_dags/example_skip_dag.py
[2022-06-26 12:38:21,152] {processor.py:651} INFO - DAG(s) dict_keys(['example_skip_dag']) retrieved from /home/airflow/.local/lib/python3.7/site-packages/airflow/example_dags/example_skip_dag.py
[2022-06-26 12:38:21,241] {logging_mixin.py:115} INFO - [2022-06-26 12:38:21,241] {dag.py:2379} INFO - Sync 1 DAGs
[2022-06-26 12:38:21,508] {logging_mixin.py:115} INFO - [2022-06-26 12:38:21,508] {dag.py:2931} INFO - Setting next_dagrun for example_skip_dag to 2022-06-25T12:38:21.508433+00:00, run_after=2022-06-26T12:38:21.508433+00:00
[2022-06-26 12:38:21,524] {processor.py:161} INFO - Processing /home/airflow/.local/lib/python3.7/site-packages/airflow/example_dags/example_skip_dag.py took 0.415 seconds
[2022-06-26 12:38:51,776] {processor.py:153} INFO - Started process (PID=471) to work on /home/airflow/.local/lib/python3.7/site-packages/airflow/example_dags/example_skip_dag.py
[2022-06-26 12:38:51,777] {processor.py:641} INFO - Processing file /home/airflow/.local/lib/python3.7/site-packages/airflow/example_dags/example_skip_dag.py for tasks to queue
[2022-06-26 12:38:51,778] {logging_mixin.py:115} INFO - [2022-06-26 12:38:51,778] {dagbag.py:507} INFO - Filling up the DagBag from /home/airflow/.local/lib/python3.7/site-packages/airflow/example_dags/example_skip_dag.py
[2022-06-26 12:38:51,787] {processor.py:651} INFO - DAG(s) dict_keys(['example_skip_dag']) retrieved from /home/airflow/.local/lib/python3.7/site-packages/airflow/example_dags/example_skip_dag.py
[2022-06-26 12:38:51,837] {logging_mixin.py:115} INFO - [2022-06-26 12:38:51,836] {dag.py:2379} INFO - Sync 1 DAGs
[2022-06-26 12:38:52,123] {logging_mixin.py:115} INFO - [2022-06-26 12:38:52,123] {dag.py:2931} INFO - Setting next_dagrun for example_skip_dag to 2022-06-25T12:38:52.123005+00:00, run_after=2022-06-26T12:38:52.123005+00:00
[2022-06-26 12:38:52,138] {processor.py:161} INFO - Processing /home/airflow/.local/lib/python3.7/site-packages/airflow/example_dags/example_skip_dag.py took 0.367 seconds
[2022-06-26 12:39:22,459] {processor.py:153} INFO - Started process (PID=532) to work on /home/airflow/.local/lib/python3.7/site-packages/airflow/example_dags/example_skip_dag.py
[2022-06-26 12:39:22,461] {processor.py:641} INFO - Processing file /home/airflow/.local/lib/python3.7/site-packages/airflow/example_dags/example_skip_dag.py for tasks to queue
[2022-06-26 12:39:22,462] {logging_mixin.py:115} INFO - [2022-06-26 12:39:22,462] {dagbag.py:507} INFO - Filling up the DagBag from /home/airflow/.local/lib/python3.7/site-packages/airflow/example_dags/example_skip_dag.py
[2022-06-26 12:39:22,471] {processor.py:651} INFO - DAG(s) dict_keys(['example_skip_dag']) retrieved from /home/airflow/.local/lib/python3.7/site-packages/airflow/example_dags/example_skip_dag.py
[2022-06-26 12:39:22,517] {logging_mixin.py:115} INFO - [2022-06-26 12:39:22,517] {dag.py:2379} INFO - Sync 1 DAGs
[2022-06-26 12:39:22,775] {logging_mixin.py:115} INFO - [2022-06-26 12:39:22,775] {dag.py:2931} INFO - Setting next_dagrun for example_skip_dag to 2022-06-25T12:39:22.775108+00:00, run_after=2022-06-26T12:39:22.775108+00:00
[2022-06-26 12:39:22,792] {processor.py:161} INFO - Processing /home/airflow/.local/lib/python3.7/site-packages/airflow/example_dags/example_skip_dag.py took 0.338 seconds
[2022-06-26 12:39:53,221] {processor.py:153} INFO - Started process (PID=585) to work on /home/airflow/.local/lib/python3.7/site-packages/airflow/example_dags/example_skip_dag.py
[2022-06-26 12:39:53,222] {processor.py:641} INFO - Processing file /home/airflow/.local/lib/python3.7/site-packages/airflow/example_dags/example_skip_dag.py for tasks to queue
[2022-06-26 12:39:53,223] {logging_mixin.py:115} INFO - [2022-06-26 12:39:53,223] {dagbag.py:507} INFO - Filling up the DagBag from /home/airflow/.local/lib/python3.7/site-packages/airflow/example_dags/example_skip_dag.py
[2022-06-26 12:39:53,233] {processor.py:651} INFO - DAG(s) dict_keys(['example_skip_dag']) retrieved from /home/airflow/.local/lib/python3.7/site-packages/airflow/example_dags/example_skip_dag.py
[2022-06-26 12:39:53,280] {logging_mixin.py:115} INFO - [2022-06-26 12:39:53,280] {dag.py:2379} INFO - Sync 1 DAGs
[2022-06-26 12:39:53,543] {logging_mixin.py:115} INFO - [2022-06-26 12:39:53,543] {dag.py:2931} INFO - Setting next_dagrun for example_skip_dag to 2022-06-25T12:39:53.542907+00:00, run_after=2022-06-26T12:39:53.542907+00:00
[2022-06-26 12:39:53,561] {processor.py:161} INFO - Processing /home/airflow/.local/lib/python3.7/site-packages/airflow/example_dags/example_skip_dag.py took 0.345 seconds
[2022-06-26 12:40:24,316] {processor.py:153} INFO - Started process (PID=648) to work on /home/airflow/.local/lib/python3.7/site-packages/airflow/example_dags/example_skip_dag.py
[2022-06-26 12:40:24,327] {processor.py:641} INFO - Processing file /home/airflow/.local/lib/python3.7/site-packages/airflow/example_dags/example_skip_dag.py for tasks to queue
[2022-06-26 12:40:24,328] {logging_mixin.py:115} INFO - [2022-06-26 12:40:24,328] {dagbag.py:507} INFO - Filling up the DagBag from /home/airflow/.local/lib/python3.7/site-packages/airflow/example_dags/example_skip_dag.py
[2022-06-26 12:40:24,344] {processor.py:651} INFO - DAG(s) dict_keys(['example_skip_dag']) retrieved from /home/airflow/.local/lib/python3.7/site-packages/airflow/example_dags/example_skip_dag.py
[2022-06-26 12:40:24,433] {logging_mixin.py:115} INFO - [2022-06-26 12:40:24,433] {dag.py:2379} INFO - Sync 1 DAGs
[2022-06-26 12:40:24,946] {logging_mixin.py:115} INFO - [2022-06-26 12:40:24,946] {dag.py:2931} INFO - Setting next_dagrun for example_skip_dag to 2022-06-25T12:40:24.946412+00:00, run_after=2022-06-26T12:40:24.946412+00:00
[2022-06-26 12:40:25,025] {processor.py:161} INFO - Processing /home/airflow/.local/lib/python3.7/site-packages/airflow/example_dags/example_skip_dag.py took 0.715 seconds
[2022-06-26 12:40:55,072] {processor.py:153} INFO - Started process (PID=709) to work on /home/airflow/.local/lib/python3.7/site-packages/airflow/example_dags/example_skip_dag.py
[2022-06-26 12:40:55,073] {processor.py:641} INFO - Processing file /home/airflow/.local/lib/python3.7/site-packages/airflow/example_dags/example_skip_dag.py for tasks to queue
[2022-06-26 12:40:55,073] {logging_mixin.py:115} INFO - [2022-06-26 12:40:55,073] {dagbag.py:507} INFO - Filling up the DagBag from /home/airflow/.local/lib/python3.7/site-packages/airflow/example_dags/example_skip_dag.py
[2022-06-26 12:40:55,082] {processor.py:651} INFO - DAG(s) dict_keys(['example_skip_dag']) retrieved from /home/airflow/.local/lib/python3.7/site-packages/airflow/example_dags/example_skip_dag.py
[2022-06-26 12:40:55,124] {logging_mixin.py:115} INFO - [2022-06-26 12:40:55,124] {dag.py:2379} INFO - Sync 1 DAGs
[2022-06-26 12:40:55,365] {logging_mixin.py:115} INFO - [2022-06-26 12:40:55,365] {dag.py:2931} INFO - Setting next_dagrun for example_skip_dag to 2022-06-25T12:40:55.364938+00:00, run_after=2022-06-26T12:40:55.364938+00:00
[2022-06-26 12:40:55,382] {processor.py:161} INFO - Processing /home/airflow/.local/lib/python3.7/site-packages/airflow/example_dags/example_skip_dag.py took 0.315 seconds
[2022-06-26 12:41:25,462] {processor.py:153} INFO - Started process (PID=761) to work on /home/airflow/.local/lib/python3.7/site-packages/airflow/example_dags/example_skip_dag.py
[2022-06-26 12:41:25,465] {processor.py:641} INFO - Processing file /home/airflow/.local/lib/python3.7/site-packages/airflow/example_dags/example_skip_dag.py for tasks to queue
[2022-06-26 12:41:25,466] {logging_mixin.py:115} INFO - [2022-06-26 12:41:25,466] {dagbag.py:507} INFO - Filling up the DagBag from /home/airflow/.local/lib/python3.7/site-packages/airflow/example_dags/example_skip_dag.py
[2022-06-26 12:41:25,474] {processor.py:651} INFO - DAG(s) dict_keys(['example_skip_dag']) retrieved from /home/airflow/.local/lib/python3.7/site-packages/airflow/example_dags/example_skip_dag.py
[2022-06-26 12:41:25,560] {logging_mixin.py:115} INFO - [2022-06-26 12:41:25,560] {dag.py:2379} INFO - Sync 1 DAGs
[2022-06-26 12:41:25,810] {logging_mixin.py:115} INFO - [2022-06-26 12:41:25,810] {dag.py:2931} INFO - Setting next_dagrun for example_skip_dag to 2022-06-25T12:41:25.809987+00:00, run_after=2022-06-26T12:41:25.809987+00:00
[2022-06-26 12:41:25,835] {processor.py:161} INFO - Processing /home/airflow/.local/lib/python3.7/site-packages/airflow/example_dags/example_skip_dag.py took 0.377 seconds
[2022-06-26 12:41:56,169] {processor.py:153} INFO - Started process (PID=822) to work on /home/airflow/.local/lib/python3.7/site-packages/airflow/example_dags/example_skip_dag.py
[2022-06-26 12:41:56,170] {processor.py:641} INFO - Processing file /home/airflow/.local/lib/python3.7/site-packages/airflow/example_dags/example_skip_dag.py for tasks to queue
[2022-06-26 12:41:56,171] {logging_mixin.py:115} INFO - [2022-06-26 12:41:56,171] {dagbag.py:507} INFO - Filling up the DagBag from /home/airflow/.local/lib/python3.7/site-packages/airflow/example_dags/example_skip_dag.py
[2022-06-26 12:41:56,177] {processor.py:651} INFO - DAG(s) dict_keys(['example_skip_dag']) retrieved from /home/airflow/.local/lib/python3.7/site-packages/airflow/example_dags/example_skip_dag.py
[2022-06-26 12:41:56,208] {logging_mixin.py:115} INFO - [2022-06-26 12:41:56,208] {dag.py:2379} INFO - Sync 1 DAGs
[2022-06-26 12:41:56,397] {logging_mixin.py:115} INFO - [2022-06-26 12:41:56,397] {dag.py:2931} INFO - Setting next_dagrun for example_skip_dag to 2022-06-25T12:41:56.397536+00:00, run_after=2022-06-26T12:41:56.397536+00:00
[2022-06-26 12:41:56,411] {processor.py:161} INFO - Processing /home/airflow/.local/lib/python3.7/site-packages/airflow/example_dags/example_skip_dag.py took 0.247 seconds
[2022-06-26 12:42:26,790] {processor.py:153} INFO - Started process (PID=873) to work on /home/airflow/.local/lib/python3.7/site-packages/airflow/example_dags/example_skip_dag.py
[2022-06-26 12:42:26,792] {processor.py:641} INFO - Processing file /home/airflow/.local/lib/python3.7/site-packages/airflow/example_dags/example_skip_dag.py for tasks to queue
[2022-06-26 12:42:26,793] {logging_mixin.py:115} INFO - [2022-06-26 12:42:26,793] {dagbag.py:507} INFO - Filling up the DagBag from /home/airflow/.local/lib/python3.7/site-packages/airflow/example_dags/example_skip_dag.py
[2022-06-26 12:42:26,799] {processor.py:651} INFO - DAG(s) dict_keys(['example_skip_dag']) retrieved from /home/airflow/.local/lib/python3.7/site-packages/airflow/example_dags/example_skip_dag.py
[2022-06-26 12:42:26,830] {logging_mixin.py:115} INFO - [2022-06-26 12:42:26,830] {dag.py:2379} INFO - Sync 1 DAGs
[2022-06-26 12:42:27,016] {logging_mixin.py:115} INFO - [2022-06-26 12:42:27,016] {dag.py:2931} INFO - Setting next_dagrun for example_skip_dag to 2022-06-25T12:42:27.016368+00:00, run_after=2022-06-26T12:42:27.016368+00:00
[2022-06-26 12:42:27,029] {processor.py:161} INFO - Processing /home/airflow/.local/lib/python3.7/site-packages/airflow/example_dags/example_skip_dag.py took 0.244 seconds
[2022-06-26 12:42:57,769] {processor.py:153} INFO - Started process (PID=924) to work on /home/airflow/.local/lib/python3.7/site-packages/airflow/example_dags/example_skip_dag.py
[2022-06-26 12:42:57,770] {processor.py:641} INFO - Processing file /home/airflow/.local/lib/python3.7/site-packages/airflow/example_dags/example_skip_dag.py for tasks to queue
[2022-06-26 12:42:57,771] {logging_mixin.py:115} INFO - [2022-06-26 12:42:57,770] {dagbag.py:507} INFO - Filling up the DagBag from /home/airflow/.local/lib/python3.7/site-packages/airflow/example_dags/example_skip_dag.py
[2022-06-26 12:42:57,788] {processor.py:651} INFO - DAG(s) dict_keys(['example_skip_dag']) retrieved from /home/airflow/.local/lib/python3.7/site-packages/airflow/example_dags/example_skip_dag.py
[2022-06-26 12:42:57,885] {logging_mixin.py:115} INFO - [2022-06-26 12:42:57,885] {dag.py:2379} INFO - Sync 1 DAGs
[2022-06-26 12:42:58,393] {logging_mixin.py:115} INFO - [2022-06-26 12:42:58,393] {dag.py:2931} INFO - Setting next_dagrun for example_skip_dag to 2022-06-25T12:42:58.393257+00:00, run_after=2022-06-26T12:42:58.393257+00:00
[2022-06-26 12:42:58,436] {processor.py:161} INFO - Processing /home/airflow/.local/lib/python3.7/site-packages/airflow/example_dags/example_skip_dag.py took 0.674 seconds
[2022-06-26 12:43:28,472] {processor.py:153} INFO - Started process (PID=985) to work on /home/airflow/.local/lib/python3.7/site-packages/airflow/example_dags/example_skip_dag.py
[2022-06-26 12:43:28,474] {processor.py:641} INFO - Processing file /home/airflow/.local/lib/python3.7/site-packages/airflow/example_dags/example_skip_dag.py for tasks to queue
[2022-06-26 12:43:28,474] {logging_mixin.py:115} INFO - [2022-06-26 12:43:28,474] {dagbag.py:507} INFO - Filling up the DagBag from /home/airflow/.local/lib/python3.7/site-packages/airflow/example_dags/example_skip_dag.py
[2022-06-26 12:43:28,480] {processor.py:651} INFO - DAG(s) dict_keys(['example_skip_dag']) retrieved from /home/airflow/.local/lib/python3.7/site-packages/airflow/example_dags/example_skip_dag.py
[2022-06-26 12:43:28,512] {logging_mixin.py:115} INFO - [2022-06-26 12:43:28,511] {dag.py:2379} INFO - Sync 1 DAGs
[2022-06-26 12:43:28,698] {logging_mixin.py:115} INFO - [2022-06-26 12:43:28,698] {dag.py:2931} INFO - Setting next_dagrun for example_skip_dag to 2022-06-25T12:43:28.697845+00:00, run_after=2022-06-26T12:43:28.697845+00:00
[2022-06-26 12:43:28,710] {processor.py:161} INFO - Processing /home/airflow/.local/lib/python3.7/site-packages/airflow/example_dags/example_skip_dag.py took 0.243 seconds
[2022-06-26 12:43:59,489] {processor.py:153} INFO - Started process (PID=1036) to work on /home/airflow/.local/lib/python3.7/site-packages/airflow/example_dags/example_skip_dag.py
[2022-06-26 12:43:59,489] {processor.py:641} INFO - Processing file /home/airflow/.local/lib/python3.7/site-packages/airflow/example_dags/example_skip_dag.py for tasks to queue
[2022-06-26 12:43:59,490] {logging_mixin.py:115} INFO - [2022-06-26 12:43:59,490] {dagbag.py:507} INFO - Filling up the DagBag from /home/airflow/.local/lib/python3.7/site-packages/airflow/example_dags/example_skip_dag.py
[2022-06-26 12:43:59,500] {processor.py:651} INFO - DAG(s) dict_keys(['example_skip_dag']) retrieved from /home/airflow/.local/lib/python3.7/site-packages/airflow/example_dags/example_skip_dag.py
[2022-06-26 12:43:59,549] {logging_mixin.py:115} INFO - [2022-06-26 12:43:59,548] {dag.py:2379} INFO - Sync 1 DAGs
[2022-06-26 12:43:59,791] {logging_mixin.py:115} INFO - [2022-06-26 12:43:59,791] {dag.py:2931} INFO - Setting next_dagrun for example_skip_dag to 2022-06-25T12:43:59.791203+00:00, run_after=2022-06-26T12:43:59.791203+00:00
[2022-06-26 12:43:59,825] {processor.py:161} INFO - Processing /home/airflow/.local/lib/python3.7/site-packages/airflow/example_dags/example_skip_dag.py took 0.342 seconds
[2022-06-26 12:44:30,594] {processor.py:153} INFO - Started process (PID=1097) to work on /home/airflow/.local/lib/python3.7/site-packages/airflow/example_dags/example_skip_dag.py
[2022-06-26 12:44:30,604] {processor.py:641} INFO - Processing file /home/airflow/.local/lib/python3.7/site-packages/airflow/example_dags/example_skip_dag.py for tasks to queue
[2022-06-26 12:44:30,605] {logging_mixin.py:115} INFO - [2022-06-26 12:44:30,605] {dagbag.py:507} INFO - Filling up the DagBag from /home/airflow/.local/lib/python3.7/site-packages/airflow/example_dags/example_skip_dag.py
[2022-06-26 12:44:30,614] {processor.py:651} INFO - DAG(s) dict_keys(['example_skip_dag']) retrieved from /home/airflow/.local/lib/python3.7/site-packages/airflow/example_dags/example_skip_dag.py
[2022-06-26 12:44:30,662] {logging_mixin.py:115} INFO - [2022-06-26 12:44:30,662] {dag.py:2379} INFO - Sync 1 DAGs
[2022-06-26 12:44:30,939] {logging_mixin.py:115} INFO - [2022-06-26 12:44:30,939] {dag.py:2931} INFO - Setting next_dagrun for example_skip_dag to 2022-06-25T12:44:30.939011+00:00, run_after=2022-06-26T12:44:30.939011+00:00
[2022-06-26 12:44:30,957] {processor.py:161} INFO - Processing /home/airflow/.local/lib/python3.7/site-packages/airflow/example_dags/example_skip_dag.py took 0.370 seconds
[2022-06-26 12:45:01,613] {processor.py:153} INFO - Started process (PID=1150) to work on /home/airflow/.local/lib/python3.7/site-packages/airflow/example_dags/example_skip_dag.py
[2022-06-26 12:45:01,614] {processor.py:641} INFO - Processing file /home/airflow/.local/lib/python3.7/site-packages/airflow/example_dags/example_skip_dag.py for tasks to queue
[2022-06-26 12:45:01,615] {logging_mixin.py:115} INFO - [2022-06-26 12:45:01,615] {dagbag.py:507} INFO - Filling up the DagBag from /home/airflow/.local/lib/python3.7/site-packages/airflow/example_dags/example_skip_dag.py
[2022-06-26 12:45:01,627] {processor.py:651} INFO - DAG(s) dict_keys(['example_skip_dag']) retrieved from /home/airflow/.local/lib/python3.7/site-packages/airflow/example_dags/example_skip_dag.py
[2022-06-26 12:45:01,700] {logging_mixin.py:115} INFO - [2022-06-26 12:45:01,699] {dag.py:2379} INFO - Sync 1 DAGs
[2022-06-26 12:45:02,343] {logging_mixin.py:115} INFO - [2022-06-26 12:45:02,342] {dag.py:2931} INFO - Setting next_dagrun for example_skip_dag to 2022-06-25T12:45:02.342693+00:00, run_after=2022-06-26T12:45:02.342693+00:00
[2022-06-26 12:45:02,384] {processor.py:161} INFO - Processing /home/airflow/.local/lib/python3.7/site-packages/airflow/example_dags/example_skip_dag.py took 0.785 seconds
[2022-06-26 12:45:32,492] {processor.py:153} INFO - Started process (PID=1211) to work on /home/airflow/.local/lib/python3.7/site-packages/airflow/example_dags/example_skip_dag.py
[2022-06-26 12:45:32,509] {processor.py:641} INFO - Processing file /home/airflow/.local/lib/python3.7/site-packages/airflow/example_dags/example_skip_dag.py for tasks to queue
[2022-06-26 12:45:32,510] {logging_mixin.py:115} INFO - [2022-06-26 12:45:32,510] {dagbag.py:507} INFO - Filling up the DagBag from /home/airflow/.local/lib/python3.7/site-packages/airflow/example_dags/example_skip_dag.py
[2022-06-26 12:45:32,539] {processor.py:651} INFO - DAG(s) dict_keys(['example_skip_dag']) retrieved from /home/airflow/.local/lib/python3.7/site-packages/airflow/example_dags/example_skip_dag.py
[2022-06-26 12:45:32,688] {logging_mixin.py:115} INFO - [2022-06-26 12:45:32,688] {dag.py:2379} INFO - Sync 1 DAGs
[2022-06-26 12:45:33,845] {logging_mixin.py:115} INFO - [2022-06-26 12:45:33,845] {dag.py:2931} INFO - Setting next_dagrun for example_skip_dag to 2022-06-25T12:45:33.845466+00:00, run_after=2022-06-26T12:45:33.845466+00:00
[2022-06-26 12:45:33,924] {processor.py:161} INFO - Processing /home/airflow/.local/lib/python3.7/site-packages/airflow/example_dags/example_skip_dag.py took 1.464 seconds
[2022-06-26 12:46:04,380] {processor.py:153} INFO - Started process (PID=1264) to work on /home/airflow/.local/lib/python3.7/site-packages/airflow/example_dags/example_skip_dag.py
[2022-06-26 12:46:04,381] {processor.py:641} INFO - Processing file /home/airflow/.local/lib/python3.7/site-packages/airflow/example_dags/example_skip_dag.py for tasks to queue
[2022-06-26 12:46:04,382] {logging_mixin.py:115} INFO - [2022-06-26 12:46:04,382] {dagbag.py:507} INFO - Filling up the DagBag from /home/airflow/.local/lib/python3.7/site-packages/airflow/example_dags/example_skip_dag.py
[2022-06-26 12:46:04,391] {processor.py:651} INFO - DAG(s) dict_keys(['example_skip_dag']) retrieved from /home/airflow/.local/lib/python3.7/site-packages/airflow/example_dags/example_skip_dag.py
[2022-06-26 12:46:04,453] {logging_mixin.py:115} INFO - [2022-06-26 12:46:04,453] {dag.py:2379} INFO - Sync 1 DAGs
[2022-06-26 12:46:04,713] {logging_mixin.py:115} INFO - [2022-06-26 12:46:04,713] {dag.py:2931} INFO - Setting next_dagrun for example_skip_dag to 2022-06-25T12:46:04.713239+00:00, run_after=2022-06-26T12:46:04.713239+00:00
[2022-06-26 12:46:04,731] {processor.py:161} INFO - Processing /home/airflow/.local/lib/python3.7/site-packages/airflow/example_dags/example_skip_dag.py took 0.356 seconds
[2022-06-26 12:46:34,916] {processor.py:153} INFO - Started process (PID=1317) to work on /home/airflow/.local/lib/python3.7/site-packages/airflow/example_dags/example_skip_dag.py
[2022-06-26 12:46:34,943] {processor.py:641} INFO - Processing file /home/airflow/.local/lib/python3.7/site-packages/airflow/example_dags/example_skip_dag.py for tasks to queue
[2022-06-26 12:46:34,943] {logging_mixin.py:115} INFO - [2022-06-26 12:46:34,943] {dagbag.py:507} INFO - Filling up the DagBag from /home/airflow/.local/lib/python3.7/site-packages/airflow/example_dags/example_skip_dag.py
[2022-06-26 12:46:34,960] {processor.py:651} INFO - DAG(s) dict_keys(['example_skip_dag']) retrieved from /home/airflow/.local/lib/python3.7/site-packages/airflow/example_dags/example_skip_dag.py
[2022-06-26 12:46:35,057] {logging_mixin.py:115} INFO - [2022-06-26 12:46:35,055] {dag.py:2379} INFO - Sync 1 DAGs
[2022-06-26 12:46:35,554] {logging_mixin.py:115} INFO - [2022-06-26 12:46:35,554] {dag.py:2931} INFO - Setting next_dagrun for example_skip_dag to 2022-06-25T12:46:35.554224+00:00, run_after=2022-06-26T12:46:35.554224+00:00
[2022-06-26 12:46:35,591] {processor.py:161} INFO - Processing /home/airflow/.local/lib/python3.7/site-packages/airflow/example_dags/example_skip_dag.py took 0.686 seconds
[2022-06-26 12:47:05,900] {processor.py:153} INFO - Started process (PID=1369) to work on /home/airflow/.local/lib/python3.7/site-packages/airflow/example_dags/example_skip_dag.py
[2022-06-26 12:47:05,904] {processor.py:641} INFO - Processing file /home/airflow/.local/lib/python3.7/site-packages/airflow/example_dags/example_skip_dag.py for tasks to queue
[2022-06-26 12:47:05,905] {logging_mixin.py:115} INFO - [2022-06-26 12:47:05,905] {dagbag.py:507} INFO - Filling up the DagBag from /home/airflow/.local/lib/python3.7/site-packages/airflow/example_dags/example_skip_dag.py
[2022-06-26 12:47:05,915] {processor.py:651} INFO - DAG(s) dict_keys(['example_skip_dag']) retrieved from /home/airflow/.local/lib/python3.7/site-packages/airflow/example_dags/example_skip_dag.py
[2022-06-26 12:47:05,970] {logging_mixin.py:115} INFO - [2022-06-26 12:47:05,970] {dag.py:2379} INFO - Sync 1 DAGs
[2022-06-26 12:47:06,749] {logging_mixin.py:115} INFO - [2022-06-26 12:47:06,749] {dag.py:2931} INFO - Setting next_dagrun for example_skip_dag to 2022-06-25T12:47:06.749339+00:00, run_after=2022-06-26T12:47:06.749339+00:00
[2022-06-26 12:47:06,797] {processor.py:161} INFO - Processing /home/airflow/.local/lib/python3.7/site-packages/airflow/example_dags/example_skip_dag.py took 0.903 seconds
[2022-06-26 12:47:37,576] {processor.py:153} INFO - Started process (PID=1429) to work on /home/airflow/.local/lib/python3.7/site-packages/airflow/example_dags/example_skip_dag.py
[2022-06-26 12:47:37,583] {processor.py:641} INFO - Processing file /home/airflow/.local/lib/python3.7/site-packages/airflow/example_dags/example_skip_dag.py for tasks to queue
[2022-06-26 12:47:37,583] {logging_mixin.py:115} INFO - [2022-06-26 12:47:37,583] {dagbag.py:507} INFO - Filling up the DagBag from /home/airflow/.local/lib/python3.7/site-packages/airflow/example_dags/example_skip_dag.py
[2022-06-26 12:47:37,592] {processor.py:651} INFO - DAG(s) dict_keys(['example_skip_dag']) retrieved from /home/airflow/.local/lib/python3.7/site-packages/airflow/example_dags/example_skip_dag.py
[2022-06-26 12:47:37,664] {logging_mixin.py:115} INFO - [2022-06-26 12:47:37,664] {dag.py:2379} INFO - Sync 1 DAGs
[2022-06-26 12:47:38,197] {logging_mixin.py:115} INFO - [2022-06-26 12:47:38,196] {dag.py:2931} INFO - Setting next_dagrun for example_skip_dag to 2022-06-25T12:47:38.196611+00:00, run_after=2022-06-26T12:47:38.196611+00:00
[2022-06-26 12:47:38,250] {processor.py:161} INFO - Processing /home/airflow/.local/lib/python3.7/site-packages/airflow/example_dags/example_skip_dag.py took 0.683 seconds
[2022-06-26 12:48:08,679] {processor.py:153} INFO - Started process (PID=1489) to work on /home/airflow/.local/lib/python3.7/site-packages/airflow/example_dags/example_skip_dag.py
[2022-06-26 12:48:08,680] {processor.py:641} INFO - Processing file /home/airflow/.local/lib/python3.7/site-packages/airflow/example_dags/example_skip_dag.py for tasks to queue
[2022-06-26 12:48:08,682] {logging_mixin.py:115} INFO - [2022-06-26 12:48:08,682] {dagbag.py:507} INFO - Filling up the DagBag from /home/airflow/.local/lib/python3.7/site-packages/airflow/example_dags/example_skip_dag.py
[2022-06-26 12:48:08,698] {processor.py:651} INFO - DAG(s) dict_keys(['example_skip_dag']) retrieved from /home/airflow/.local/lib/python3.7/site-packages/airflow/example_dags/example_skip_dag.py
[2022-06-26 12:48:08,776] {logging_mixin.py:115} INFO - [2022-06-26 12:48:08,776] {dag.py:2379} INFO - Sync 1 DAGs
[2022-06-26 12:48:09,255] {logging_mixin.py:115} INFO - [2022-06-26 12:48:09,255] {dag.py:2931} INFO - Setting next_dagrun for example_skip_dag to 2022-06-25T12:48:09.255307+00:00, run_after=2022-06-26T12:48:09.255307+00:00
[2022-06-26 12:48:09,299] {processor.py:161} INFO - Processing /home/airflow/.local/lib/python3.7/site-packages/airflow/example_dags/example_skip_dag.py took 0.635 seconds
[2022-06-26 12:48:39,661] {processor.py:153} INFO - Started process (PID=1545) to work on /home/airflow/.local/lib/python3.7/site-packages/airflow/example_dags/example_skip_dag.py
[2022-06-26 12:48:39,662] {processor.py:641} INFO - Processing file /home/airflow/.local/lib/python3.7/site-packages/airflow/example_dags/example_skip_dag.py for tasks to queue
[2022-06-26 12:48:39,663] {logging_mixin.py:115} INFO - [2022-06-26 12:48:39,663] {dagbag.py:507} INFO - Filling up the DagBag from /home/airflow/.local/lib/python3.7/site-packages/airflow/example_dags/example_skip_dag.py
[2022-06-26 12:48:39,671] {processor.py:651} INFO - DAG(s) dict_keys(['example_skip_dag']) retrieved from /home/airflow/.local/lib/python3.7/site-packages/airflow/example_dags/example_skip_dag.py
[2022-06-26 12:48:39,715] {logging_mixin.py:115} INFO - [2022-06-26 12:48:39,714] {dag.py:2379} INFO - Sync 1 DAGs
[2022-06-26 12:48:39,962] {logging_mixin.py:115} INFO - [2022-06-26 12:48:39,961] {dag.py:2931} INFO - Setting next_dagrun for example_skip_dag to 2022-06-25T12:48:39.961616+00:00, run_after=2022-06-26T12:48:39.961616+00:00
[2022-06-26 12:48:39,982] {processor.py:161} INFO - Processing /home/airflow/.local/lib/python3.7/site-packages/airflow/example_dags/example_skip_dag.py took 0.326 seconds
[2022-06-26 12:49:10,321] {processor.py:153} INFO - Started process (PID=1605) to work on /home/airflow/.local/lib/python3.7/site-packages/airflow/example_dags/example_skip_dag.py
[2022-06-26 12:49:10,323] {processor.py:641} INFO - Processing file /home/airflow/.local/lib/python3.7/site-packages/airflow/example_dags/example_skip_dag.py for tasks to queue
[2022-06-26 12:49:10,324] {logging_mixin.py:115} INFO - [2022-06-26 12:49:10,324] {dagbag.py:507} INFO - Filling up the DagBag from /home/airflow/.local/lib/python3.7/site-packages/airflow/example_dags/example_skip_dag.py
[2022-06-26 12:49:10,332] {processor.py:651} INFO - DAG(s) dict_keys(['example_skip_dag']) retrieved from /home/airflow/.local/lib/python3.7/site-packages/airflow/example_dags/example_skip_dag.py
[2022-06-26 12:49:10,375] {logging_mixin.py:115} INFO - [2022-06-26 12:49:10,375] {dag.py:2379} INFO - Sync 1 DAGs
[2022-06-26 12:49:10,614] {logging_mixin.py:115} INFO - [2022-06-26 12:49:10,614] {dag.py:2931} INFO - Setting next_dagrun for example_skip_dag to 2022-06-25T12:49:10.613887+00:00, run_after=2022-06-26T12:49:10.613887+00:00
[2022-06-26 12:49:10,636] {processor.py:161} INFO - Processing /home/airflow/.local/lib/python3.7/site-packages/airflow/example_dags/example_skip_dag.py took 0.321 seconds
[2022-06-26 12:49:40,675] {processor.py:153} INFO - Started process (PID=1657) to work on /home/airflow/.local/lib/python3.7/site-packages/airflow/example_dags/example_skip_dag.py
[2022-06-26 12:49:40,677] {processor.py:641} INFO - Processing file /home/airflow/.local/lib/python3.7/site-packages/airflow/example_dags/example_skip_dag.py for tasks to queue
[2022-06-26 12:49:40,683] {logging_mixin.py:115} INFO - [2022-06-26 12:49:40,681] {dagbag.py:507} INFO - Filling up the DagBag from /home/airflow/.local/lib/python3.7/site-packages/airflow/example_dags/example_skip_dag.py
[2022-06-26 12:49:40,697] {processor.py:651} INFO - DAG(s) dict_keys(['example_skip_dag']) retrieved from /home/airflow/.local/lib/python3.7/site-packages/airflow/example_dags/example_skip_dag.py
[2022-06-26 12:49:40,747] {logging_mixin.py:115} INFO - [2022-06-26 12:49:40,747] {dag.py:2379} INFO - Sync 1 DAGs
[2022-06-26 12:49:41,011] {logging_mixin.py:115} INFO - [2022-06-26 12:49:41,011] {dag.py:2931} INFO - Setting next_dagrun for example_skip_dag to 2022-06-25T12:49:41.010867+00:00, run_after=2022-06-26T12:49:41.010867+00:00
[2022-06-26 12:49:41,030] {processor.py:161} INFO - Processing /home/airflow/.local/lib/python3.7/site-packages/airflow/example_dags/example_skip_dag.py took 0.361 seconds
[2022-06-26 12:50:12,394] {processor.py:153} INFO - Started process (PID=1716) to work on /home/airflow/.local/lib/python3.7/site-packages/airflow/example_dags/example_skip_dag.py
[2022-06-26 12:50:12,411] {processor.py:641} INFO - Processing file /home/airflow/.local/lib/python3.7/site-packages/airflow/example_dags/example_skip_dag.py for tasks to queue
[2022-06-26 12:50:12,412] {logging_mixin.py:115} INFO - [2022-06-26 12:50:12,411] {dagbag.py:507} INFO - Filling up the DagBag from /home/airflow/.local/lib/python3.7/site-packages/airflow/example_dags/example_skip_dag.py
[2022-06-26 12:50:12,440] {processor.py:651} INFO - DAG(s) dict_keys(['example_skip_dag']) retrieved from /home/airflow/.local/lib/python3.7/site-packages/airflow/example_dags/example_skip_dag.py
[2022-06-26 12:50:12,702] {logging_mixin.py:115} INFO - [2022-06-26 12:50:12,702] {dag.py:2379} INFO - Sync 1 DAGs
[2022-06-26 12:50:13,533] {logging_mixin.py:115} INFO - [2022-06-26 12:50:13,533] {dag.py:2931} INFO - Setting next_dagrun for example_skip_dag to 2022-06-25T12:50:13.533374+00:00, run_after=2022-06-26T12:50:13.533374+00:00
[2022-06-26 12:50:13,579] {processor.py:161} INFO - Processing /home/airflow/.local/lib/python3.7/site-packages/airflow/example_dags/example_skip_dag.py took 1.218 seconds
[2022-06-26 12:50:44,405] {processor.py:153} INFO - Started process (PID=1769) to work on /home/airflow/.local/lib/python3.7/site-packages/airflow/example_dags/example_skip_dag.py
[2022-06-26 12:50:44,406] {processor.py:641} INFO - Processing file /home/airflow/.local/lib/python3.7/site-packages/airflow/example_dags/example_skip_dag.py for tasks to queue
[2022-06-26 12:50:44,407] {logging_mixin.py:115} INFO - [2022-06-26 12:50:44,407] {dagbag.py:507} INFO - Filling up the DagBag from /home/airflow/.local/lib/python3.7/site-packages/airflow/example_dags/example_skip_dag.py
[2022-06-26 12:50:44,417] {processor.py:651} INFO - DAG(s) dict_keys(['example_skip_dag']) retrieved from /home/airflow/.local/lib/python3.7/site-packages/airflow/example_dags/example_skip_dag.py
[2022-06-26 12:50:44,472] {logging_mixin.py:115} INFO - [2022-06-26 12:50:44,472] {dag.py:2379} INFO - Sync 1 DAGs
[2022-06-26 12:50:44,716] {logging_mixin.py:115} INFO - [2022-06-26 12:50:44,716] {dag.py:2931} INFO - Setting next_dagrun for example_skip_dag to 2022-06-25T12:50:44.715852+00:00, run_after=2022-06-26T12:50:44.715852+00:00
[2022-06-26 12:50:44,737] {processor.py:161} INFO - Processing /home/airflow/.local/lib/python3.7/site-packages/airflow/example_dags/example_skip_dag.py took 0.338 seconds
[2022-06-26 12:51:14,836] {processor.py:153} INFO - Started process (PID=1821) to work on /home/airflow/.local/lib/python3.7/site-packages/airflow/example_dags/example_skip_dag.py
[2022-06-26 12:51:14,841] {processor.py:641} INFO - Processing file /home/airflow/.local/lib/python3.7/site-packages/airflow/example_dags/example_skip_dag.py for tasks to queue
[2022-06-26 12:51:14,842] {logging_mixin.py:115} INFO - [2022-06-26 12:51:14,842] {dagbag.py:507} INFO - Filling up the DagBag from /home/airflow/.local/lib/python3.7/site-packages/airflow/example_dags/example_skip_dag.py
[2022-06-26 12:51:14,851] {processor.py:651} INFO - DAG(s) dict_keys(['example_skip_dag']) retrieved from /home/airflow/.local/lib/python3.7/site-packages/airflow/example_dags/example_skip_dag.py
[2022-06-26 12:51:14,901] {logging_mixin.py:115} INFO - [2022-06-26 12:51:14,901] {dag.py:2379} INFO - Sync 1 DAGs
[2022-06-26 12:51:15,198] {logging_mixin.py:115} INFO - [2022-06-26 12:51:15,198] {dag.py:2931} INFO - Setting next_dagrun for example_skip_dag to 2022-06-25T12:51:15.197971+00:00, run_after=2022-06-26T12:51:15.197971+00:00
[2022-06-26 12:51:15,235] {processor.py:161} INFO - Processing /home/airflow/.local/lib/python3.7/site-packages/airflow/example_dags/example_skip_dag.py took 0.405 seconds
[2022-06-26 12:51:45,411] {processor.py:153} INFO - Started process (PID=1873) to work on /home/airflow/.local/lib/python3.7/site-packages/airflow/example_dags/example_skip_dag.py
[2022-06-26 12:51:45,412] {processor.py:641} INFO - Processing file /home/airflow/.local/lib/python3.7/site-packages/airflow/example_dags/example_skip_dag.py for tasks to queue
[2022-06-26 12:51:45,413] {logging_mixin.py:115} INFO - [2022-06-26 12:51:45,413] {dagbag.py:507} INFO - Filling up the DagBag from /home/airflow/.local/lib/python3.7/site-packages/airflow/example_dags/example_skip_dag.py
[2022-06-26 12:51:45,422] {processor.py:651} INFO - DAG(s) dict_keys(['example_skip_dag']) retrieved from /home/airflow/.local/lib/python3.7/site-packages/airflow/example_dags/example_skip_dag.py
[2022-06-26 12:51:45,473] {logging_mixin.py:115} INFO - [2022-06-26 12:51:45,473] {dag.py:2379} INFO - Sync 1 DAGs
[2022-06-26 12:51:45,953] {logging_mixin.py:115} INFO - [2022-06-26 12:51:45,953] {dag.py:2931} INFO - Setting next_dagrun for example_skip_dag to 2022-06-25T12:51:45.953138+00:00, run_after=2022-06-26T12:51:45.953138+00:00
[2022-06-26 12:51:45,993] {processor.py:161} INFO - Processing /home/airflow/.local/lib/python3.7/site-packages/airflow/example_dags/example_skip_dag.py took 0.588 seconds
[2022-06-26 12:52:16,433] {processor.py:153} INFO - Started process (PID=1934) to work on /home/airflow/.local/lib/python3.7/site-packages/airflow/example_dags/example_skip_dag.py
[2022-06-26 12:52:16,442] {processor.py:641} INFO - Processing file /home/airflow/.local/lib/python3.7/site-packages/airflow/example_dags/example_skip_dag.py for tasks to queue
[2022-06-26 12:52:16,443] {logging_mixin.py:115} INFO - [2022-06-26 12:52:16,443] {dagbag.py:507} INFO - Filling up the DagBag from /home/airflow/.local/lib/python3.7/site-packages/airflow/example_dags/example_skip_dag.py
[2022-06-26 12:52:16,452] {processor.py:651} INFO - DAG(s) dict_keys(['example_skip_dag']) retrieved from /home/airflow/.local/lib/python3.7/site-packages/airflow/example_dags/example_skip_dag.py
[2022-06-26 12:52:16,545] {logging_mixin.py:115} INFO - [2022-06-26 12:52:16,545] {dag.py:2379} INFO - Sync 1 DAGs
[2022-06-26 12:52:16,997] {logging_mixin.py:115} INFO - [2022-06-26 12:52:16,997] {dag.py:2931} INFO - Setting next_dagrun for example_skip_dag to 2022-06-25T12:52:16.997413+00:00, run_after=2022-06-26T12:52:16.997413+00:00
[2022-06-26 12:52:17,053] {processor.py:161} INFO - Processing /home/airflow/.local/lib/python3.7/site-packages/airflow/example_dags/example_skip_dag.py took 0.629 seconds
[2022-06-26 12:52:47,280] {processor.py:153} INFO - Started process (PID=1985) to work on /home/airflow/.local/lib/python3.7/site-packages/airflow/example_dags/example_skip_dag.py
[2022-06-26 12:52:47,287] {processor.py:641} INFO - Processing file /home/airflow/.local/lib/python3.7/site-packages/airflow/example_dags/example_skip_dag.py for tasks to queue
[2022-06-26 12:52:47,291] {logging_mixin.py:115} INFO - [2022-06-26 12:52:47,291] {dagbag.py:507} INFO - Filling up the DagBag from /home/airflow/.local/lib/python3.7/site-packages/airflow/example_dags/example_skip_dag.py
[2022-06-26 12:52:47,310] {processor.py:651} INFO - DAG(s) dict_keys(['example_skip_dag']) retrieved from /home/airflow/.local/lib/python3.7/site-packages/airflow/example_dags/example_skip_dag.py
[2022-06-26 12:52:47,393] {logging_mixin.py:115} INFO - [2022-06-26 12:52:47,393] {dag.py:2379} INFO - Sync 1 DAGs
[2022-06-26 12:52:47,962] {logging_mixin.py:115} INFO - [2022-06-26 12:52:47,962] {dag.py:2931} INFO - Setting next_dagrun for example_skip_dag to 2022-06-25T12:52:47.962341+00:00, run_after=2022-06-26T12:52:47.962341+00:00
[2022-06-26 12:52:48,009] {processor.py:161} INFO - Processing /home/airflow/.local/lib/python3.7/site-packages/airflow/example_dags/example_skip_dag.py took 0.740 seconds
[2022-06-26 12:53:18,998] {processor.py:153} INFO - Started process (PID=2036) to work on /home/airflow/.local/lib/python3.7/site-packages/airflow/example_dags/example_skip_dag.py
[2022-06-26 12:53:19,008] {processor.py:641} INFO - Processing file /home/airflow/.local/lib/python3.7/site-packages/airflow/example_dags/example_skip_dag.py for tasks to queue
[2022-06-26 12:53:19,010] {logging_mixin.py:115} INFO - [2022-06-26 12:53:19,009] {dagbag.py:507} INFO - Filling up the DagBag from /home/airflow/.local/lib/python3.7/site-packages/airflow/example_dags/example_skip_dag.py
[2022-06-26 12:53:19,019] {processor.py:651} INFO - DAG(s) dict_keys(['example_skip_dag']) retrieved from /home/airflow/.local/lib/python3.7/site-packages/airflow/example_dags/example_skip_dag.py
[2022-06-26 12:53:19,134] {logging_mixin.py:115} INFO - [2022-06-26 12:53:19,134] {dag.py:2379} INFO - Sync 1 DAGs
[2022-06-26 12:53:19,584] {logging_mixin.py:115} INFO - [2022-06-26 12:53:19,584] {dag.py:2931} INFO - Setting next_dagrun for example_skip_dag to 2022-06-25T12:53:19.583893+00:00, run_after=2022-06-26T12:53:19.583893+00:00
[2022-06-26 12:53:19,629] {processor.py:161} INFO - Processing /home/airflow/.local/lib/python3.7/site-packages/airflow/example_dags/example_skip_dag.py took 0.636 seconds
[2022-06-26 13:27:17,882] {processor.py:153} INFO - Started process (PID=78) to work on /home/airflow/.local/lib/python3.7/site-packages/airflow/example_dags/example_skip_dag.py
[2022-06-26 13:27:17,900] {processor.py:641} INFO - Processing file /home/airflow/.local/lib/python3.7/site-packages/airflow/example_dags/example_skip_dag.py for tasks to queue
[2022-06-26 13:27:17,901] {logging_mixin.py:115} INFO - [2022-06-26 13:27:17,901] {dagbag.py:507} INFO - Filling up the DagBag from /home/airflow/.local/lib/python3.7/site-packages/airflow/example_dags/example_skip_dag.py
[2022-06-26 13:27:17,934] {processor.py:651} INFO - DAG(s) dict_keys(['example_skip_dag']) retrieved from /home/airflow/.local/lib/python3.7/site-packages/airflow/example_dags/example_skip_dag.py
[2022-06-26 13:27:18,041] {logging_mixin.py:115} INFO - [2022-06-26 13:27:18,041] {dag.py:2379} INFO - Sync 1 DAGs
[2022-06-26 13:27:19,008] {logging_mixin.py:115} INFO - [2022-06-26 13:27:19,008] {dag.py:2931} INFO - Setting next_dagrun for example_skip_dag to 2022-06-25T13:27:19.007656+00:00, run_after=2022-06-26T13:27:19.007656+00:00
[2022-06-26 13:27:19,060] {processor.py:161} INFO - Processing /home/airflow/.local/lib/python3.7/site-packages/airflow/example_dags/example_skip_dag.py took 1.222 seconds
[2022-06-26 13:27:49,275] {processor.py:153} INFO - Started process (PID=131) to work on /home/airflow/.local/lib/python3.7/site-packages/airflow/example_dags/example_skip_dag.py
[2022-06-26 13:27:49,275] {processor.py:641} INFO - Processing file /home/airflow/.local/lib/python3.7/site-packages/airflow/example_dags/example_skip_dag.py for tasks to queue
[2022-06-26 13:27:49,276] {logging_mixin.py:115} INFO - [2022-06-26 13:27:49,276] {dagbag.py:507} INFO - Filling up the DagBag from /home/airflow/.local/lib/python3.7/site-packages/airflow/example_dags/example_skip_dag.py
[2022-06-26 13:27:49,282] {processor.py:651} INFO - DAG(s) dict_keys(['example_skip_dag']) retrieved from /home/airflow/.local/lib/python3.7/site-packages/airflow/example_dags/example_skip_dag.py
[2022-06-26 13:27:49,329] {logging_mixin.py:115} INFO - [2022-06-26 13:27:49,329] {dag.py:2379} INFO - Sync 1 DAGs
[2022-06-26 13:27:49,521] {logging_mixin.py:115} INFO - [2022-06-26 13:27:49,521] {dag.py:2931} INFO - Setting next_dagrun for example_skip_dag to 2022-06-25T13:27:49.521197+00:00, run_after=2022-06-26T13:27:49.521197+00:00
[2022-06-26 13:27:49,533] {processor.py:161} INFO - Processing /home/airflow/.local/lib/python3.7/site-packages/airflow/example_dags/example_skip_dag.py took 0.263 seconds
[2022-06-26 13:28:20,303] {processor.py:153} INFO - Started process (PID=183) to work on /home/airflow/.local/lib/python3.7/site-packages/airflow/example_dags/example_skip_dag.py
[2022-06-26 13:28:20,316] {processor.py:641} INFO - Processing file /home/airflow/.local/lib/python3.7/site-packages/airflow/example_dags/example_skip_dag.py for tasks to queue
[2022-06-26 13:28:20,317] {logging_mixin.py:115} INFO - [2022-06-26 13:28:20,317] {dagbag.py:507} INFO - Filling up the DagBag from /home/airflow/.local/lib/python3.7/site-packages/airflow/example_dags/example_skip_dag.py
[2022-06-26 13:28:20,326] {processor.py:651} INFO - DAG(s) dict_keys(['example_skip_dag']) retrieved from /home/airflow/.local/lib/python3.7/site-packages/airflow/example_dags/example_skip_dag.py
[2022-06-26 13:28:20,368] {logging_mixin.py:115} INFO - [2022-06-26 13:28:20,367] {dag.py:2379} INFO - Sync 1 DAGs
[2022-06-26 13:28:21,101] {logging_mixin.py:115} INFO - [2022-06-26 13:28:21,101] {dag.py:2931} INFO - Setting next_dagrun for example_skip_dag to 2022-06-25T13:28:21.101168+00:00, run_after=2022-06-26T13:28:21.101168+00:00
[2022-06-26 13:28:21,165] {processor.py:161} INFO - Processing /home/airflow/.local/lib/python3.7/site-packages/airflow/example_dags/example_skip_dag.py took 0.867 seconds
[2022-06-26 13:28:51,767] {processor.py:153} INFO - Started process (PID=243) to work on /home/airflow/.local/lib/python3.7/site-packages/airflow/example_dags/example_skip_dag.py
[2022-06-26 13:28:51,776] {processor.py:641} INFO - Processing file /home/airflow/.local/lib/python3.7/site-packages/airflow/example_dags/example_skip_dag.py for tasks to queue
[2022-06-26 13:28:51,777] {logging_mixin.py:115} INFO - [2022-06-26 13:28:51,777] {dagbag.py:507} INFO - Filling up the DagBag from /home/airflow/.local/lib/python3.7/site-packages/airflow/example_dags/example_skip_dag.py
[2022-06-26 13:28:51,861] {processor.py:651} INFO - DAG(s) dict_keys(['example_skip_dag']) retrieved from /home/airflow/.local/lib/python3.7/site-packages/airflow/example_dags/example_skip_dag.py
[2022-06-26 13:28:52,086] {logging_mixin.py:115} INFO - [2022-06-26 13:28:52,086] {dag.py:2379} INFO - Sync 1 DAGs
[2022-06-26 13:28:52,948] {logging_mixin.py:115} INFO - [2022-06-26 13:28:52,948] {dag.py:2931} INFO - Setting next_dagrun for example_skip_dag to 2022-06-25T13:28:52.947765+00:00, run_after=2022-06-26T13:28:52.947765+00:00
[2022-06-26 13:28:53,018] {processor.py:161} INFO - Processing /home/airflow/.local/lib/python3.7/site-packages/airflow/example_dags/example_skip_dag.py took 1.266 seconds
[2022-06-26 13:29:23,912] {processor.py:153} INFO - Started process (PID=296) to work on /home/airflow/.local/lib/python3.7/site-packages/airflow/example_dags/example_skip_dag.py
[2022-06-26 13:29:23,916] {processor.py:641} INFO - Processing file /home/airflow/.local/lib/python3.7/site-packages/airflow/example_dags/example_skip_dag.py for tasks to queue
[2022-06-26 13:29:23,917] {logging_mixin.py:115} INFO - [2022-06-26 13:29:23,917] {dagbag.py:507} INFO - Filling up the DagBag from /home/airflow/.local/lib/python3.7/site-packages/airflow/example_dags/example_skip_dag.py
[2022-06-26 13:29:23,926] {processor.py:651} INFO - DAG(s) dict_keys(['example_skip_dag']) retrieved from /home/airflow/.local/lib/python3.7/site-packages/airflow/example_dags/example_skip_dag.py
[2022-06-26 13:29:23,997] {logging_mixin.py:115} INFO - [2022-06-26 13:29:23,997] {dag.py:2379} INFO - Sync 1 DAGs
[2022-06-26 13:29:24,284] {logging_mixin.py:115} INFO - [2022-06-26 13:29:24,284] {dag.py:2931} INFO - Setting next_dagrun for example_skip_dag to 2022-06-25T13:29:24.284428+00:00, run_after=2022-06-26T13:29:24.284428+00:00
[2022-06-26 13:29:24,303] {processor.py:161} INFO - Processing /home/airflow/.local/lib/python3.7/site-packages/airflow/example_dags/example_skip_dag.py took 0.401 seconds
[2022-06-26 13:29:54,883] {processor.py:153} INFO - Started process (PID=348) to work on /home/airflow/.local/lib/python3.7/site-packages/airflow/example_dags/example_skip_dag.py
[2022-06-26 13:29:54,884] {processor.py:641} INFO - Processing file /home/airflow/.local/lib/python3.7/site-packages/airflow/example_dags/example_skip_dag.py for tasks to queue
[2022-06-26 13:29:54,885] {logging_mixin.py:115} INFO - [2022-06-26 13:29:54,884] {dagbag.py:507} INFO - Filling up the DagBag from /home/airflow/.local/lib/python3.7/site-packages/airflow/example_dags/example_skip_dag.py
[2022-06-26 13:29:54,894] {processor.py:651} INFO - DAG(s) dict_keys(['example_skip_dag']) retrieved from /home/airflow/.local/lib/python3.7/site-packages/airflow/example_dags/example_skip_dag.py
[2022-06-26 13:29:54,942] {logging_mixin.py:115} INFO - [2022-06-26 13:29:54,942] {dag.py:2379} INFO - Sync 1 DAGs
[2022-06-26 13:29:55,203] {logging_mixin.py:115} INFO - [2022-06-26 13:29:55,203] {dag.py:2931} INFO - Setting next_dagrun for example_skip_dag to 2022-06-25T13:29:55.202672+00:00, run_after=2022-06-26T13:29:55.202672+00:00
[2022-06-26 13:29:55,229] {processor.py:161} INFO - Processing /home/airflow/.local/lib/python3.7/site-packages/airflow/example_dags/example_skip_dag.py took 0.354 seconds
[2022-06-26 13:30:25,925] {processor.py:153} INFO - Started process (PID=409) to work on /home/airflow/.local/lib/python3.7/site-packages/airflow/example_dags/example_skip_dag.py
[2022-06-26 13:30:25,927] {processor.py:641} INFO - Processing file /home/airflow/.local/lib/python3.7/site-packages/airflow/example_dags/example_skip_dag.py for tasks to queue
[2022-06-26 13:30:25,928] {logging_mixin.py:115} INFO - [2022-06-26 13:30:25,927] {dagbag.py:507} INFO - Filling up the DagBag from /home/airflow/.local/lib/python3.7/site-packages/airflow/example_dags/example_skip_dag.py
[2022-06-26 13:30:25,937] {processor.py:651} INFO - DAG(s) dict_keys(['example_skip_dag']) retrieved from /home/airflow/.local/lib/python3.7/site-packages/airflow/example_dags/example_skip_dag.py
[2022-06-26 13:30:25,982] {logging_mixin.py:115} INFO - [2022-06-26 13:30:25,982] {dag.py:2379} INFO - Sync 1 DAGs
[2022-06-26 13:30:26,244] {logging_mixin.py:115} INFO - [2022-06-26 13:30:26,244] {dag.py:2931} INFO - Setting next_dagrun for example_skip_dag to 2022-06-25T13:30:26.244315+00:00, run_after=2022-06-26T13:30:26.244315+00:00
[2022-06-26 13:30:26,265] {processor.py:161} INFO - Processing /home/airflow/.local/lib/python3.7/site-packages/airflow/example_dags/example_skip_dag.py took 0.345 seconds
[2022-06-26 13:30:56,603] {processor.py:153} INFO - Started process (PID=460) to work on /home/airflow/.local/lib/python3.7/site-packages/airflow/example_dags/example_skip_dag.py
[2022-06-26 13:30:56,606] {processor.py:641} INFO - Processing file /home/airflow/.local/lib/python3.7/site-packages/airflow/example_dags/example_skip_dag.py for tasks to queue
[2022-06-26 13:30:56,606] {logging_mixin.py:115} INFO - [2022-06-26 13:30:56,606] {dagbag.py:507} INFO - Filling up the DagBag from /home/airflow/.local/lib/python3.7/site-packages/airflow/example_dags/example_skip_dag.py
[2022-06-26 13:30:56,616] {processor.py:651} INFO - DAG(s) dict_keys(['example_skip_dag']) retrieved from /home/airflow/.local/lib/python3.7/site-packages/airflow/example_dags/example_skip_dag.py
[2022-06-26 13:30:56,666] {logging_mixin.py:115} INFO - [2022-06-26 13:30:56,665] {dag.py:2379} INFO - Sync 1 DAGs
[2022-06-26 13:30:56,999] {logging_mixin.py:115} INFO - [2022-06-26 13:30:56,999] {dag.py:2931} INFO - Setting next_dagrun for example_skip_dag to 2022-06-25T13:30:56.999168+00:00, run_after=2022-06-26T13:30:56.999168+00:00
[2022-06-26 13:30:57,017] {processor.py:161} INFO - Processing /home/airflow/.local/lib/python3.7/site-packages/airflow/example_dags/example_skip_dag.py took 0.419 seconds
[2022-06-26 13:31:27,580] {processor.py:153} INFO - Started process (PID=513) to work on /home/airflow/.local/lib/python3.7/site-packages/airflow/example_dags/example_skip_dag.py
[2022-06-26 13:31:27,582] {processor.py:641} INFO - Processing file /home/airflow/.local/lib/python3.7/site-packages/airflow/example_dags/example_skip_dag.py for tasks to queue
[2022-06-26 13:31:27,583] {logging_mixin.py:115} INFO - [2022-06-26 13:31:27,583] {dagbag.py:507} INFO - Filling up the DagBag from /home/airflow/.local/lib/python3.7/site-packages/airflow/example_dags/example_skip_dag.py
[2022-06-26 13:31:27,593] {processor.py:651} INFO - DAG(s) dict_keys(['example_skip_dag']) retrieved from /home/airflow/.local/lib/python3.7/site-packages/airflow/example_dags/example_skip_dag.py
[2022-06-26 13:31:27,637] {logging_mixin.py:115} INFO - [2022-06-26 13:31:27,637] {dag.py:2379} INFO - Sync 1 DAGs
[2022-06-26 13:31:27,898] {logging_mixin.py:115} INFO - [2022-06-26 13:31:27,898] {dag.py:2931} INFO - Setting next_dagrun for example_skip_dag to 2022-06-25T13:31:27.897863+00:00, run_after=2022-06-26T13:31:27.897863+00:00
[2022-06-26 13:31:27,915] {processor.py:161} INFO - Processing /home/airflow/.local/lib/python3.7/site-packages/airflow/example_dags/example_skip_dag.py took 0.341 seconds
[2022-06-26 13:31:58,434] {processor.py:153} INFO - Started process (PID=575) to work on /home/airflow/.local/lib/python3.7/site-packages/airflow/example_dags/example_skip_dag.py
[2022-06-26 13:31:58,445] {processor.py:641} INFO - Processing file /home/airflow/.local/lib/python3.7/site-packages/airflow/example_dags/example_skip_dag.py for tasks to queue
[2022-06-26 13:31:58,446] {logging_mixin.py:115} INFO - [2022-06-26 13:31:58,446] {dagbag.py:507} INFO - Filling up the DagBag from /home/airflow/.local/lib/python3.7/site-packages/airflow/example_dags/example_skip_dag.py
[2022-06-26 13:31:58,455] {processor.py:651} INFO - DAG(s) dict_keys(['example_skip_dag']) retrieved from /home/airflow/.local/lib/python3.7/site-packages/airflow/example_dags/example_skip_dag.py
[2022-06-26 13:31:58,497] {logging_mixin.py:115} INFO - [2022-06-26 13:31:58,497] {dag.py:2379} INFO - Sync 1 DAGs
[2022-06-26 13:31:58,742] {logging_mixin.py:115} INFO - [2022-06-26 13:31:58,742] {dag.py:2931} INFO - Setting next_dagrun for example_skip_dag to 2022-06-25T13:31:58.741815+00:00, run_after=2022-06-26T13:31:58.741815+00:00
[2022-06-26 13:31:58,757] {processor.py:161} INFO - Processing /home/airflow/.local/lib/python3.7/site-packages/airflow/example_dags/example_skip_dag.py took 0.329 seconds
[2022-06-26 13:32:28,797] {processor.py:153} INFO - Started process (PID=627) to work on /home/airflow/.local/lib/python3.7/site-packages/airflow/example_dags/example_skip_dag.py
[2022-06-26 13:32:28,798] {processor.py:641} INFO - Processing file /home/airflow/.local/lib/python3.7/site-packages/airflow/example_dags/example_skip_dag.py for tasks to queue
[2022-06-26 13:32:28,798] {logging_mixin.py:115} INFO - [2022-06-26 13:32:28,798] {dagbag.py:507} INFO - Filling up the DagBag from /home/airflow/.local/lib/python3.7/site-packages/airflow/example_dags/example_skip_dag.py
[2022-06-26 13:32:28,807] {processor.py:651} INFO - DAG(s) dict_keys(['example_skip_dag']) retrieved from /home/airflow/.local/lib/python3.7/site-packages/airflow/example_dags/example_skip_dag.py
[2022-06-26 13:32:28,852] {logging_mixin.py:115} INFO - [2022-06-26 13:32:28,852] {dag.py:2379} INFO - Sync 1 DAGs
[2022-06-26 13:32:29,236] {logging_mixin.py:115} INFO - [2022-06-26 13:32:29,235] {dag.py:2931} INFO - Setting next_dagrun for example_skip_dag to 2022-06-25T13:32:29.235650+00:00, run_after=2022-06-26T13:32:29.235650+00:00
[2022-06-26 13:32:29,261] {processor.py:161} INFO - Processing /home/airflow/.local/lib/python3.7/site-packages/airflow/example_dags/example_skip_dag.py took 0.470 seconds
[2022-06-26 13:32:59,455] {processor.py:153} INFO - Started process (PID=689) to work on /home/airflow/.local/lib/python3.7/site-packages/airflow/example_dags/example_skip_dag.py
[2022-06-26 13:32:59,455] {processor.py:641} INFO - Processing file /home/airflow/.local/lib/python3.7/site-packages/airflow/example_dags/example_skip_dag.py for tasks to queue
[2022-06-26 13:32:59,456] {logging_mixin.py:115} INFO - [2022-06-26 13:32:59,456] {dagbag.py:507} INFO - Filling up the DagBag from /home/airflow/.local/lib/python3.7/site-packages/airflow/example_dags/example_skip_dag.py
[2022-06-26 13:32:59,465] {processor.py:651} INFO - DAG(s) dict_keys(['example_skip_dag']) retrieved from /home/airflow/.local/lib/python3.7/site-packages/airflow/example_dags/example_skip_dag.py
[2022-06-26 13:32:59,513] {logging_mixin.py:115} INFO - [2022-06-26 13:32:59,513] {dag.py:2379} INFO - Sync 1 DAGs
[2022-06-26 13:32:59,775] {logging_mixin.py:115} INFO - [2022-06-26 13:32:59,775] {dag.py:2931} INFO - Setting next_dagrun for example_skip_dag to 2022-06-25T13:32:59.774740+00:00, run_after=2022-06-26T13:32:59.774740+00:00
[2022-06-26 13:32:59,792] {processor.py:161} INFO - Processing /home/airflow/.local/lib/python3.7/site-packages/airflow/example_dags/example_skip_dag.py took 0.343 seconds
[2022-06-26 13:33:30,274] {processor.py:153} INFO - Started process (PID=742) to work on /home/airflow/.local/lib/python3.7/site-packages/airflow/example_dags/example_skip_dag.py
[2022-06-26 13:33:30,300] {processor.py:641} INFO - Processing file /home/airflow/.local/lib/python3.7/site-packages/airflow/example_dags/example_skip_dag.py for tasks to queue
[2022-06-26 13:33:30,301] {logging_mixin.py:115} INFO - [2022-06-26 13:33:30,301] {dagbag.py:507} INFO - Filling up the DagBag from /home/airflow/.local/lib/python3.7/site-packages/airflow/example_dags/example_skip_dag.py
[2022-06-26 13:33:30,344] {processor.py:651} INFO - DAG(s) dict_keys(['example_skip_dag']) retrieved from /home/airflow/.local/lib/python3.7/site-packages/airflow/example_dags/example_skip_dag.py
[2022-06-26 13:33:30,550] {logging_mixin.py:115} INFO - [2022-06-26 13:33:30,550] {dag.py:2379} INFO - Sync 1 DAGs
[2022-06-26 13:33:31,393] {logging_mixin.py:115} INFO - [2022-06-26 13:33:31,393] {dag.py:2931} INFO - Setting next_dagrun for example_skip_dag to 2022-06-25T13:33:31.393180+00:00, run_after=2022-06-26T13:33:31.393180+00:00
[2022-06-26 13:33:31,452] {processor.py:161} INFO - Processing /home/airflow/.local/lib/python3.7/site-packages/airflow/example_dags/example_skip_dag.py took 1.183 seconds
[2022-06-26 13:34:02,120] {processor.py:153} INFO - Started process (PID=804) to work on /home/airflow/.local/lib/python3.7/site-packages/airflow/example_dags/example_skip_dag.py
[2022-06-26 13:34:02,122] {processor.py:641} INFO - Processing file /home/airflow/.local/lib/python3.7/site-packages/airflow/example_dags/example_skip_dag.py for tasks to queue
[2022-06-26 13:34:02,123] {logging_mixin.py:115} INFO - [2022-06-26 13:34:02,122] {dagbag.py:507} INFO - Filling up the DagBag from /home/airflow/.local/lib/python3.7/site-packages/airflow/example_dags/example_skip_dag.py
[2022-06-26 13:34:02,132] {processor.py:651} INFO - DAG(s) dict_keys(['example_skip_dag']) retrieved from /home/airflow/.local/lib/python3.7/site-packages/airflow/example_dags/example_skip_dag.py
[2022-06-26 13:34:02,184] {logging_mixin.py:115} INFO - [2022-06-26 13:34:02,183] {dag.py:2379} INFO - Sync 1 DAGs
[2022-06-26 13:34:02,447] {logging_mixin.py:115} INFO - [2022-06-26 13:34:02,447] {dag.py:2931} INFO - Setting next_dagrun for example_skip_dag to 2022-06-25T13:34:02.447341+00:00, run_after=2022-06-26T13:34:02.447341+00:00
[2022-06-26 13:34:02,464] {processor.py:161} INFO - Processing /home/airflow/.local/lib/python3.7/site-packages/airflow/example_dags/example_skip_dag.py took 0.351 seconds
[2022-06-26 13:34:32,616] {processor.py:153} INFO - Started process (PID=856) to work on /home/airflow/.local/lib/python3.7/site-packages/airflow/example_dags/example_skip_dag.py
[2022-06-26 13:34:32,627] {processor.py:641} INFO - Processing file /home/airflow/.local/lib/python3.7/site-packages/airflow/example_dags/example_skip_dag.py for tasks to queue
[2022-06-26 13:34:32,628] {logging_mixin.py:115} INFO - [2022-06-26 13:34:32,628] {dagbag.py:507} INFO - Filling up the DagBag from /home/airflow/.local/lib/python3.7/site-packages/airflow/example_dags/example_skip_dag.py
[2022-06-26 13:34:32,655] {processor.py:651} INFO - DAG(s) dict_keys(['example_skip_dag']) retrieved from /home/airflow/.local/lib/python3.7/site-packages/airflow/example_dags/example_skip_dag.py
[2022-06-26 13:34:32,758] {logging_mixin.py:115} INFO - [2022-06-26 13:34:32,758] {dag.py:2379} INFO - Sync 1 DAGs
[2022-06-26 13:34:33,344] {logging_mixin.py:115} INFO - [2022-06-26 13:34:33,344] {dag.py:2931} INFO - Setting next_dagrun for example_skip_dag to 2022-06-25T13:34:33.343449+00:00, run_after=2022-06-26T13:34:33.343449+00:00
[2022-06-26 13:34:33,371] {processor.py:161} INFO - Processing /home/airflow/.local/lib/python3.7/site-packages/airflow/example_dags/example_skip_dag.py took 0.763 seconds
[2022-06-26 13:35:03,776] {processor.py:153} INFO - Started process (PID=918) to work on /home/airflow/.local/lib/python3.7/site-packages/airflow/example_dags/example_skip_dag.py
[2022-06-26 13:35:03,777] {processor.py:641} INFO - Processing file /home/airflow/.local/lib/python3.7/site-packages/airflow/example_dags/example_skip_dag.py for tasks to queue
[2022-06-26 13:35:03,778] {logging_mixin.py:115} INFO - [2022-06-26 13:35:03,778] {dagbag.py:507} INFO - Filling up the DagBag from /home/airflow/.local/lib/python3.7/site-packages/airflow/example_dags/example_skip_dag.py
[2022-06-26 13:35:03,787] {processor.py:651} INFO - DAG(s) dict_keys(['example_skip_dag']) retrieved from /home/airflow/.local/lib/python3.7/site-packages/airflow/example_dags/example_skip_dag.py
[2022-06-26 13:35:03,838] {logging_mixin.py:115} INFO - [2022-06-26 13:35:03,838] {dag.py:2379} INFO - Sync 1 DAGs
[2022-06-26 13:35:04,097] {logging_mixin.py:115} INFO - [2022-06-26 13:35:04,097] {dag.py:2931} INFO - Setting next_dagrun for example_skip_dag to 2022-06-25T13:35:04.097054+00:00, run_after=2022-06-26T13:35:04.097054+00:00
[2022-06-26 13:35:04,121] {processor.py:161} INFO - Processing /home/airflow/.local/lib/python3.7/site-packages/airflow/example_dags/example_skip_dag.py took 0.351 seconds
[2022-06-26 13:35:34,581] {processor.py:153} INFO - Started process (PID=971) to work on /home/airflow/.local/lib/python3.7/site-packages/airflow/example_dags/example_skip_dag.py
[2022-06-26 13:35:34,583] {processor.py:641} INFO - Processing file /home/airflow/.local/lib/python3.7/site-packages/airflow/example_dags/example_skip_dag.py for tasks to queue
[2022-06-26 13:35:34,584] {logging_mixin.py:115} INFO - [2022-06-26 13:35:34,584] {dagbag.py:507} INFO - Filling up the DagBag from /home/airflow/.local/lib/python3.7/site-packages/airflow/example_dags/example_skip_dag.py
[2022-06-26 13:35:34,593] {processor.py:651} INFO - DAG(s) dict_keys(['example_skip_dag']) retrieved from /home/airflow/.local/lib/python3.7/site-packages/airflow/example_dags/example_skip_dag.py
[2022-06-26 13:35:34,637] {logging_mixin.py:115} INFO - [2022-06-26 13:35:34,637] {dag.py:2379} INFO - Sync 1 DAGs
[2022-06-26 13:35:35,209] {logging_mixin.py:115} INFO - [2022-06-26 13:35:35,209] {dag.py:2931} INFO - Setting next_dagrun for example_skip_dag to 2022-06-25T13:35:35.208612+00:00, run_after=2022-06-26T13:35:35.208612+00:00
[2022-06-26 13:35:35,254] {processor.py:161} INFO - Processing /home/airflow/.local/lib/python3.7/site-packages/airflow/example_dags/example_skip_dag.py took 0.688 seconds
[2022-06-26 13:36:05,545] {processor.py:153} INFO - Started process (PID=1033) to work on /home/airflow/.local/lib/python3.7/site-packages/airflow/example_dags/example_skip_dag.py
[2022-06-26 13:36:05,561] {processor.py:641} INFO - Processing file /home/airflow/.local/lib/python3.7/site-packages/airflow/example_dags/example_skip_dag.py for tasks to queue
[2022-06-26 13:36:05,562] {logging_mixin.py:115} INFO - [2022-06-26 13:36:05,562] {dagbag.py:507} INFO - Filling up the DagBag from /home/airflow/.local/lib/python3.7/site-packages/airflow/example_dags/example_skip_dag.py
[2022-06-26 13:36:05,573] {processor.py:651} INFO - DAG(s) dict_keys(['example_skip_dag']) retrieved from /home/airflow/.local/lib/python3.7/site-packages/airflow/example_dags/example_skip_dag.py
[2022-06-26 13:36:05,626] {logging_mixin.py:115} INFO - [2022-06-26 13:36:05,626] {dag.py:2379} INFO - Sync 1 DAGs
[2022-06-26 13:36:05,902] {logging_mixin.py:115} INFO - [2022-06-26 13:36:05,902] {dag.py:2931} INFO - Setting next_dagrun for example_skip_dag to 2022-06-25T13:36:05.902170+00:00, run_after=2022-06-26T13:36:05.902170+00:00
[2022-06-26 13:36:05,914] {processor.py:161} INFO - Processing /home/airflow/.local/lib/python3.7/site-packages/airflow/example_dags/example_skip_dag.py took 0.375 seconds
[2022-06-26 13:36:36,296] {processor.py:153} INFO - Started process (PID=1087) to work on /home/airflow/.local/lib/python3.7/site-packages/airflow/example_dags/example_skip_dag.py
[2022-06-26 13:36:36,297] {processor.py:641} INFO - Processing file /home/airflow/.local/lib/python3.7/site-packages/airflow/example_dags/example_skip_dag.py for tasks to queue
[2022-06-26 13:36:36,298] {logging_mixin.py:115} INFO - [2022-06-26 13:36:36,298] {dagbag.py:507} INFO - Filling up the DagBag from /home/airflow/.local/lib/python3.7/site-packages/airflow/example_dags/example_skip_dag.py
[2022-06-26 13:36:36,313] {processor.py:651} INFO - DAG(s) dict_keys(['example_skip_dag']) retrieved from /home/airflow/.local/lib/python3.7/site-packages/airflow/example_dags/example_skip_dag.py
[2022-06-26 13:36:36,365] {logging_mixin.py:115} INFO - [2022-06-26 13:36:36,365] {dag.py:2379} INFO - Sync 1 DAGs
[2022-06-26 13:36:36,864] {logging_mixin.py:115} INFO - [2022-06-26 13:36:36,863] {dag.py:2931} INFO - Setting next_dagrun for example_skip_dag to 2022-06-25T13:36:36.863581+00:00, run_after=2022-06-26T13:36:36.863581+00:00
[2022-06-26 13:36:36,910] {processor.py:161} INFO - Processing /home/airflow/.local/lib/python3.7/site-packages/airflow/example_dags/example_skip_dag.py took 0.626 seconds
[2022-06-26 13:37:07,368] {processor.py:153} INFO - Started process (PID=1149) to work on /home/airflow/.local/lib/python3.7/site-packages/airflow/example_dags/example_skip_dag.py
[2022-06-26 13:37:07,370] {processor.py:641} INFO - Processing file /home/airflow/.local/lib/python3.7/site-packages/airflow/example_dags/example_skip_dag.py for tasks to queue
[2022-06-26 13:37:07,371] {logging_mixin.py:115} INFO - [2022-06-26 13:37:07,371] {dagbag.py:507} INFO - Filling up the DagBag from /home/airflow/.local/lib/python3.7/site-packages/airflow/example_dags/example_skip_dag.py
[2022-06-26 13:37:07,378] {processor.py:651} INFO - DAG(s) dict_keys(['example_skip_dag']) retrieved from /home/airflow/.local/lib/python3.7/site-packages/airflow/example_dags/example_skip_dag.py
[2022-06-26 13:37:07,426] {logging_mixin.py:115} INFO - [2022-06-26 13:37:07,425] {dag.py:2379} INFO - Sync 1 DAGs
[2022-06-26 13:37:07,685] {logging_mixin.py:115} INFO - [2022-06-26 13:37:07,684] {dag.py:2931} INFO - Setting next_dagrun for example_skip_dag to 2022-06-25T13:37:07.684545+00:00, run_after=2022-06-26T13:37:07.684545+00:00
[2022-06-26 13:37:07,703] {processor.py:161} INFO - Processing /home/airflow/.local/lib/python3.7/site-packages/airflow/example_dags/example_skip_dag.py took 0.340 seconds
[2022-06-26 13:37:38,152] {processor.py:153} INFO - Started process (PID=1202) to work on /home/airflow/.local/lib/python3.7/site-packages/airflow/example_dags/example_skip_dag.py
[2022-06-26 13:37:38,153] {processor.py:641} INFO - Processing file /home/airflow/.local/lib/python3.7/site-packages/airflow/example_dags/example_skip_dag.py for tasks to queue
[2022-06-26 13:37:38,154] {logging_mixin.py:115} INFO - [2022-06-26 13:37:38,154] {dagbag.py:507} INFO - Filling up the DagBag from /home/airflow/.local/lib/python3.7/site-packages/airflow/example_dags/example_skip_dag.py
[2022-06-26 13:37:38,167] {processor.py:651} INFO - DAG(s) dict_keys(['example_skip_dag']) retrieved from /home/airflow/.local/lib/python3.7/site-packages/airflow/example_dags/example_skip_dag.py
[2022-06-26 13:37:38,257] {logging_mixin.py:115} INFO - [2022-06-26 13:37:38,257] {dag.py:2379} INFO - Sync 1 DAGs
[2022-06-26 13:37:38,738] {logging_mixin.py:115} INFO - [2022-06-26 13:37:38,737] {dag.py:2931} INFO - Setting next_dagrun for example_skip_dag to 2022-06-25T13:37:38.737588+00:00, run_after=2022-06-26T13:37:38.737588+00:00
[2022-06-26 13:37:38,780] {processor.py:161} INFO - Processing /home/airflow/.local/lib/python3.7/site-packages/airflow/example_dags/example_skip_dag.py took 0.633 seconds
[2022-06-26 13:38:09,106] {processor.py:153} INFO - Started process (PID=1264) to work on /home/airflow/.local/lib/python3.7/site-packages/airflow/example_dags/example_skip_dag.py
[2022-06-26 13:38:09,116] {processor.py:641} INFO - Processing file /home/airflow/.local/lib/python3.7/site-packages/airflow/example_dags/example_skip_dag.py for tasks to queue
[2022-06-26 13:38:09,117] {logging_mixin.py:115} INFO - [2022-06-26 13:38:09,117] {dagbag.py:507} INFO - Filling up the DagBag from /home/airflow/.local/lib/python3.7/site-packages/airflow/example_dags/example_skip_dag.py
[2022-06-26 13:38:09,127] {processor.py:651} INFO - DAG(s) dict_keys(['example_skip_dag']) retrieved from /home/airflow/.local/lib/python3.7/site-packages/airflow/example_dags/example_skip_dag.py
[2022-06-26 13:38:09,217] {logging_mixin.py:115} INFO - [2022-06-26 13:38:09,216] {dag.py:2379} INFO - Sync 1 DAGs
[2022-06-26 13:38:09,585] {logging_mixin.py:115} INFO - [2022-06-26 13:38:09,585] {dag.py:2931} INFO - Setting next_dagrun for example_skip_dag to 2022-06-25T13:38:09.585218+00:00, run_after=2022-06-26T13:38:09.585218+00:00
[2022-06-26 13:38:09,626] {processor.py:161} INFO - Processing /home/airflow/.local/lib/python3.7/site-packages/airflow/example_dags/example_skip_dag.py took 0.525 seconds
[2022-06-26 13:38:39,756] {processor.py:153} INFO - Started process (PID=1316) to work on /home/airflow/.local/lib/python3.7/site-packages/airflow/example_dags/example_skip_dag.py
[2022-06-26 13:38:39,757] {processor.py:641} INFO - Processing file /home/airflow/.local/lib/python3.7/site-packages/airflow/example_dags/example_skip_dag.py for tasks to queue
[2022-06-26 13:38:39,758] {logging_mixin.py:115} INFO - [2022-06-26 13:38:39,758] {dagbag.py:507} INFO - Filling up the DagBag from /home/airflow/.local/lib/python3.7/site-packages/airflow/example_dags/example_skip_dag.py
[2022-06-26 13:38:39,769] {processor.py:651} INFO - DAG(s) dict_keys(['example_skip_dag']) retrieved from /home/airflow/.local/lib/python3.7/site-packages/airflow/example_dags/example_skip_dag.py
[2022-06-26 13:38:39,816] {logging_mixin.py:115} INFO - [2022-06-26 13:38:39,816] {dag.py:2379} INFO - Sync 1 DAGs
[2022-06-26 13:38:40,080] {logging_mixin.py:115} INFO - [2022-06-26 13:38:40,080] {dag.py:2931} INFO - Setting next_dagrun for example_skip_dag to 2022-06-25T13:38:40.079656+00:00, run_after=2022-06-26T13:38:40.079656+00:00
[2022-06-26 13:38:40,095] {processor.py:161} INFO - Processing /home/airflow/.local/lib/python3.7/site-packages/airflow/example_dags/example_skip_dag.py took 0.345 seconds
[2022-06-26 13:39:10,257] {processor.py:153} INFO - Started process (PID=1379) to work on /home/airflow/.local/lib/python3.7/site-packages/airflow/example_dags/example_skip_dag.py
[2022-06-26 13:39:10,259] {processor.py:641} INFO - Processing file /home/airflow/.local/lib/python3.7/site-packages/airflow/example_dags/example_skip_dag.py for tasks to queue
[2022-06-26 13:39:10,260] {logging_mixin.py:115} INFO - [2022-06-26 13:39:10,260] {dagbag.py:507} INFO - Filling up the DagBag from /home/airflow/.local/lib/python3.7/site-packages/airflow/example_dags/example_skip_dag.py
[2022-06-26 13:39:10,275] {processor.py:651} INFO - DAG(s) dict_keys(['example_skip_dag']) retrieved from /home/airflow/.local/lib/python3.7/site-packages/airflow/example_dags/example_skip_dag.py
[2022-06-26 13:39:10,370] {logging_mixin.py:115} INFO - [2022-06-26 13:39:10,370] {dag.py:2379} INFO - Sync 1 DAGs
[2022-06-26 13:39:10,847] {logging_mixin.py:115} INFO - [2022-06-26 13:39:10,847] {dag.py:2931} INFO - Setting next_dagrun for example_skip_dag to 2022-06-25T13:39:10.846844+00:00, run_after=2022-06-26T13:39:10.846844+00:00
[2022-06-26 13:39:10,878] {processor.py:161} INFO - Processing /home/airflow/.local/lib/python3.7/site-packages/airflow/example_dags/example_skip_dag.py took 0.627 seconds
[2022-06-26 13:39:40,942] {processor.py:153} INFO - Started process (PID=1431) to work on /home/airflow/.local/lib/python3.7/site-packages/airflow/example_dags/example_skip_dag.py
[2022-06-26 13:39:40,943] {processor.py:641} INFO - Processing file /home/airflow/.local/lib/python3.7/site-packages/airflow/example_dags/example_skip_dag.py for tasks to queue
[2022-06-26 13:39:40,944] {logging_mixin.py:115} INFO - [2022-06-26 13:39:40,944] {dagbag.py:507} INFO - Filling up the DagBag from /home/airflow/.local/lib/python3.7/site-packages/airflow/example_dags/example_skip_dag.py
[2022-06-26 13:39:40,950] {processor.py:651} INFO - DAG(s) dict_keys(['example_skip_dag']) retrieved from /home/airflow/.local/lib/python3.7/site-packages/airflow/example_dags/example_skip_dag.py
[2022-06-26 13:39:40,981] {logging_mixin.py:115} INFO - [2022-06-26 13:39:40,981] {dag.py:2379} INFO - Sync 1 DAGs
[2022-06-26 13:39:41,171] {logging_mixin.py:115} INFO - [2022-06-26 13:39:41,171] {dag.py:2931} INFO - Setting next_dagrun for example_skip_dag to 2022-06-25T13:39:41.171570+00:00, run_after=2022-06-26T13:39:41.171570+00:00
[2022-06-26 13:39:41,185] {processor.py:161} INFO - Processing /home/airflow/.local/lib/python3.7/site-packages/airflow/example_dags/example_skip_dag.py took 0.247 seconds
[2022-06-26 13:40:11,355] {processor.py:153} INFO - Started process (PID=1483) to work on /home/airflow/.local/lib/python3.7/site-packages/airflow/example_dags/example_skip_dag.py
[2022-06-26 13:40:11,369] {processor.py:641} INFO - Processing file /home/airflow/.local/lib/python3.7/site-packages/airflow/example_dags/example_skip_dag.py for tasks to queue
[2022-06-26 13:40:11,370] {logging_mixin.py:115} INFO - [2022-06-26 13:40:11,369] {dagbag.py:507} INFO - Filling up the DagBag from /home/airflow/.local/lib/python3.7/site-packages/airflow/example_dags/example_skip_dag.py
[2022-06-26 13:40:11,387] {processor.py:651} INFO - DAG(s) dict_keys(['example_skip_dag']) retrieved from /home/airflow/.local/lib/python3.7/site-packages/airflow/example_dags/example_skip_dag.py
[2022-06-26 13:40:11,477] {logging_mixin.py:115} INFO - [2022-06-26 13:40:11,477] {dag.py:2379} INFO - Sync 1 DAGs
[2022-06-26 13:40:12,113] {logging_mixin.py:115} INFO - [2022-06-26 13:40:12,113] {dag.py:2931} INFO - Setting next_dagrun for example_skip_dag to 2022-06-25T13:40:12.113377+00:00, run_after=2022-06-26T13:40:12.113377+00:00
[2022-06-26 13:40:12,185] {processor.py:161} INFO - Processing /home/airflow/.local/lib/python3.7/site-packages/airflow/example_dags/example_skip_dag.py took 0.837 seconds
[2022-06-26 13:40:43,937] {processor.py:153} INFO - Started process (PID=1545) to work on /home/airflow/.local/lib/python3.7/site-packages/airflow/example_dags/example_skip_dag.py
[2022-06-26 13:40:43,941] {processor.py:641} INFO - Processing file /home/airflow/.local/lib/python3.7/site-packages/airflow/example_dags/example_skip_dag.py for tasks to queue
[2022-06-26 13:40:43,945] {logging_mixin.py:115} INFO - [2022-06-26 13:40:43,945] {dagbag.py:507} INFO - Filling up the DagBag from /home/airflow/.local/lib/python3.7/site-packages/airflow/example_dags/example_skip_dag.py
[2022-06-26 13:40:43,987] {processor.py:651} INFO - DAG(s) dict_keys(['example_skip_dag']) retrieved from /home/airflow/.local/lib/python3.7/site-packages/airflow/example_dags/example_skip_dag.py
[2022-06-26 13:40:44,129] {logging_mixin.py:115} INFO - [2022-06-26 13:40:44,129] {dag.py:2379} INFO - Sync 1 DAGs
[2022-06-26 13:40:44,560] {logging_mixin.py:115} INFO - [2022-06-26 13:40:44,559] {dag.py:2931} INFO - Setting next_dagrun for example_skip_dag to 2022-06-25T13:40:44.559702+00:00, run_after=2022-06-26T13:40:44.559702+00:00
[2022-06-26 13:40:44,592] {processor.py:161} INFO - Processing /home/airflow/.local/lib/python3.7/site-packages/airflow/example_dags/example_skip_dag.py took 0.687 seconds
[2022-06-26 13:41:14,984] {processor.py:153} INFO - Started process (PID=1597) to work on /home/airflow/.local/lib/python3.7/site-packages/airflow/example_dags/example_skip_dag.py
[2022-06-26 13:41:14,987] {processor.py:641} INFO - Processing file /home/airflow/.local/lib/python3.7/site-packages/airflow/example_dags/example_skip_dag.py for tasks to queue
[2022-06-26 13:41:14,988] {logging_mixin.py:115} INFO - [2022-06-26 13:41:14,988] {dagbag.py:507} INFO - Filling up the DagBag from /home/airflow/.local/lib/python3.7/site-packages/airflow/example_dags/example_skip_dag.py
[2022-06-26 13:41:14,996] {processor.py:651} INFO - DAG(s) dict_keys(['example_skip_dag']) retrieved from /home/airflow/.local/lib/python3.7/site-packages/airflow/example_dags/example_skip_dag.py
[2022-06-26 13:41:15,041] {logging_mixin.py:115} INFO - [2022-06-26 13:41:15,041] {dag.py:2379} INFO - Sync 1 DAGs
[2022-06-26 13:41:15,383] {logging_mixin.py:115} INFO - [2022-06-26 13:41:15,383] {dag.py:2931} INFO - Setting next_dagrun for example_skip_dag to 2022-06-25T13:41:15.383143+00:00, run_after=2022-06-26T13:41:15.383143+00:00
[2022-06-26 13:41:15,403] {processor.py:161} INFO - Processing /home/airflow/.local/lib/python3.7/site-packages/airflow/example_dags/example_skip_dag.py took 0.424 seconds
[2022-06-26 13:41:46,082] {processor.py:153} INFO - Started process (PID=1651) to work on /home/airflow/.local/lib/python3.7/site-packages/airflow/example_dags/example_skip_dag.py
[2022-06-26 13:41:46,083] {processor.py:641} INFO - Processing file /home/airflow/.local/lib/python3.7/site-packages/airflow/example_dags/example_skip_dag.py for tasks to queue
[2022-06-26 13:41:46,084] {logging_mixin.py:115} INFO - [2022-06-26 13:41:46,084] {dagbag.py:507} INFO - Filling up the DagBag from /home/airflow/.local/lib/python3.7/site-packages/airflow/example_dags/example_skip_dag.py
[2022-06-26 13:41:46,119] {processor.py:651} INFO - DAG(s) dict_keys(['example_skip_dag']) retrieved from /home/airflow/.local/lib/python3.7/site-packages/airflow/example_dags/example_skip_dag.py
[2022-06-26 13:41:46,204] {logging_mixin.py:115} INFO - [2022-06-26 13:41:46,203] {dag.py:2379} INFO - Sync 1 DAGs
[2022-06-26 13:41:46,716] {logging_mixin.py:115} INFO - [2022-06-26 13:41:46,716] {dag.py:2931} INFO - Setting next_dagrun for example_skip_dag to 2022-06-25T13:41:46.716411+00:00, run_after=2022-06-26T13:41:46.716411+00:00
[2022-06-26 13:41:46,784] {processor.py:161} INFO - Processing /home/airflow/.local/lib/python3.7/site-packages/airflow/example_dags/example_skip_dag.py took 0.725 seconds
[2022-06-26 13:42:17,520] {processor.py:153} INFO - Started process (PID=1713) to work on /home/airflow/.local/lib/python3.7/site-packages/airflow/example_dags/example_skip_dag.py
[2022-06-26 13:42:17,537] {processor.py:641} INFO - Processing file /home/airflow/.local/lib/python3.7/site-packages/airflow/example_dags/example_skip_dag.py for tasks to queue
[2022-06-26 13:42:17,538] {logging_mixin.py:115} INFO - [2022-06-26 13:42:17,538] {dagbag.py:507} INFO - Filling up the DagBag from /home/airflow/.local/lib/python3.7/site-packages/airflow/example_dags/example_skip_dag.py
[2022-06-26 13:42:17,555] {processor.py:651} INFO - DAG(s) dict_keys(['example_skip_dag']) retrieved from /home/airflow/.local/lib/python3.7/site-packages/airflow/example_dags/example_skip_dag.py
[2022-06-26 13:42:17,647] {logging_mixin.py:115} INFO - [2022-06-26 13:42:17,646] {dag.py:2379} INFO - Sync 1 DAGs
[2022-06-26 13:42:18,038] {logging_mixin.py:115} INFO - [2022-06-26 13:42:18,038] {dag.py:2931} INFO - Setting next_dagrun for example_skip_dag to 2022-06-25T13:42:18.038331+00:00, run_after=2022-06-26T13:42:18.038331+00:00
[2022-06-26 13:42:18,086] {processor.py:161} INFO - Processing /home/airflow/.local/lib/python3.7/site-packages/airflow/example_dags/example_skip_dag.py took 0.580 seconds
[2022-06-26 13:42:48,798] {processor.py:153} INFO - Started process (PID=1766) to work on /home/airflow/.local/lib/python3.7/site-packages/airflow/example_dags/example_skip_dag.py
[2022-06-26 13:42:48,799] {processor.py:641} INFO - Processing file /home/airflow/.local/lib/python3.7/site-packages/airflow/example_dags/example_skip_dag.py for tasks to queue
[2022-06-26 13:42:48,799] {logging_mixin.py:115} INFO - [2022-06-26 13:42:48,799] {dagbag.py:507} INFO - Filling up the DagBag from /home/airflow/.local/lib/python3.7/site-packages/airflow/example_dags/example_skip_dag.py
[2022-06-26 13:42:48,821] {processor.py:651} INFO - DAG(s) dict_keys(['example_skip_dag']) retrieved from /home/airflow/.local/lib/python3.7/site-packages/airflow/example_dags/example_skip_dag.py
[2022-06-26 13:42:48,908] {logging_mixin.py:115} INFO - [2022-06-26 13:42:48,908] {dag.py:2379} INFO - Sync 1 DAGs
[2022-06-26 13:42:49,170] {logging_mixin.py:115} INFO - [2022-06-26 13:42:49,170] {dag.py:2931} INFO - Setting next_dagrun for example_skip_dag to 2022-06-25T13:42:49.169850+00:00, run_after=2022-06-26T13:42:49.169850+00:00
[2022-06-26 13:42:49,187] {processor.py:161} INFO - Processing /home/airflow/.local/lib/python3.7/site-packages/airflow/example_dags/example_skip_dag.py took 0.407 seconds
