[2022-06-26 12:35:10,294] {processor.py:153} INFO - Started process (PID=71) to work on /home/airflow/.local/lib/python3.7/site-packages/airflow/example_dags/example_time_delta_sensor_async.py
[2022-06-26 12:35:10,295] {processor.py:641} INFO - Processing file /home/airflow/.local/lib/python3.7/site-packages/airflow/example_dags/example_time_delta_sensor_async.py for tasks to queue
[2022-06-26 12:35:10,296] {logging_mixin.py:115} INFO - [2022-06-26 12:35:10,296] {dagbag.py:507} INFO - Filling up the DagBag from /home/airflow/.local/lib/python3.7/site-packages/airflow/example_dags/example_time_delta_sensor_async.py
[2022-06-26 12:35:10,331] {processor.py:651} INFO - DAG(s) dict_keys(['example_time_delta_sensor_async']) retrieved from /home/airflow/.local/lib/python3.7/site-packages/airflow/example_dags/example_time_delta_sensor_async.py
[2022-06-26 12:35:11,626] {logging_mixin.py:115} INFO - [2022-06-26 12:35:11,626] {manager.py:508} INFO - Created Permission View: can delete on DAG:example_time_delta_sensor_async
[2022-06-26 12:35:11,690] {logging_mixin.py:115} INFO - [2022-06-26 12:35:11,690] {manager.py:508} INFO - Created Permission View: can edit on DAG:example_time_delta_sensor_async
[2022-06-26 12:35:11,730] {logging_mixin.py:115} INFO - [2022-06-26 12:35:11,729] {manager.py:508} INFO - Created Permission View: can read on DAG:example_time_delta_sensor_async
[2022-06-26 12:35:11,730] {logging_mixin.py:115} INFO - [2022-06-26 12:35:11,730] {dag.py:2379} INFO - Sync 1 DAGs
[2022-06-26 12:35:11,770] {logging_mixin.py:115} INFO - [2022-06-26 12:35:11,770] {dag.py:2398} INFO - Creating ORM DAG for example_time_delta_sensor_async
[2022-06-26 12:35:11,822] {logging_mixin.py:115} INFO - [2022-06-26 12:35:11,822] {dag.py:2931} INFO - Setting next_dagrun for example_time_delta_sensor_async to None, run_after=None
[2022-06-26 12:35:11,894] {processor.py:161} INFO - Processing /home/airflow/.local/lib/python3.7/site-packages/airflow/example_dags/example_time_delta_sensor_async.py took 1.614 seconds
[2022-06-26 12:35:42,044] {processor.py:153} INFO - Started process (PID=124) to work on /home/airflow/.local/lib/python3.7/site-packages/airflow/example_dags/example_time_delta_sensor_async.py
[2022-06-26 12:35:42,044] {processor.py:641} INFO - Processing file /home/airflow/.local/lib/python3.7/site-packages/airflow/example_dags/example_time_delta_sensor_async.py for tasks to queue
[2022-06-26 12:35:42,045] {logging_mixin.py:115} INFO - [2022-06-26 12:35:42,045] {dagbag.py:507} INFO - Filling up the DagBag from /home/airflow/.local/lib/python3.7/site-packages/airflow/example_dags/example_time_delta_sensor_async.py
[2022-06-26 12:35:42,055] {processor.py:651} INFO - DAG(s) dict_keys(['example_time_delta_sensor_async']) retrieved from /home/airflow/.local/lib/python3.7/site-packages/airflow/example_dags/example_time_delta_sensor_async.py
[2022-06-26 12:35:42,126] {logging_mixin.py:115} INFO - [2022-06-26 12:35:42,126] {dag.py:2379} INFO - Sync 1 DAGs
[2022-06-26 12:35:42,405] {logging_mixin.py:115} INFO - [2022-06-26 12:35:42,404] {dag.py:2931} INFO - Setting next_dagrun for example_time_delta_sensor_async to None, run_after=None
[2022-06-26 12:35:42,448] {processor.py:161} INFO - Processing /home/airflow/.local/lib/python3.7/site-packages/airflow/example_dags/example_time_delta_sensor_async.py took 0.411 seconds
[2022-06-26 12:36:13,104] {processor.py:153} INFO - Started process (PID=186) to work on /home/airflow/.local/lib/python3.7/site-packages/airflow/example_dags/example_time_delta_sensor_async.py
[2022-06-26 12:36:13,123] {processor.py:641} INFO - Processing file /home/airflow/.local/lib/python3.7/site-packages/airflow/example_dags/example_time_delta_sensor_async.py for tasks to queue
[2022-06-26 12:36:13,123] {logging_mixin.py:115} INFO - [2022-06-26 12:36:13,123] {dagbag.py:507} INFO - Filling up the DagBag from /home/airflow/.local/lib/python3.7/site-packages/airflow/example_dags/example_time_delta_sensor_async.py
[2022-06-26 12:36:13,133] {processor.py:651} INFO - DAG(s) dict_keys(['example_time_delta_sensor_async']) retrieved from /home/airflow/.local/lib/python3.7/site-packages/airflow/example_dags/example_time_delta_sensor_async.py
[2022-06-26 12:36:13,199] {logging_mixin.py:115} INFO - [2022-06-26 12:36:13,199] {dag.py:2379} INFO - Sync 1 DAGs
[2022-06-26 12:36:13,451] {logging_mixin.py:115} INFO - [2022-06-26 12:36:13,451] {dag.py:2931} INFO - Setting next_dagrun for example_time_delta_sensor_async to None, run_after=None
[2022-06-26 12:36:13,463] {processor.py:161} INFO - Processing /home/airflow/.local/lib/python3.7/site-packages/airflow/example_dags/example_time_delta_sensor_async.py took 0.378 seconds
[2022-06-26 12:36:44,385] {processor.py:153} INFO - Started process (PID=238) to work on /home/airflow/.local/lib/python3.7/site-packages/airflow/example_dags/example_time_delta_sensor_async.py
[2022-06-26 12:36:44,388] {processor.py:641} INFO - Processing file /home/airflow/.local/lib/python3.7/site-packages/airflow/example_dags/example_time_delta_sensor_async.py for tasks to queue
[2022-06-26 12:36:44,389] {logging_mixin.py:115} INFO - [2022-06-26 12:36:44,388] {dagbag.py:507} INFO - Filling up the DagBag from /home/airflow/.local/lib/python3.7/site-packages/airflow/example_dags/example_time_delta_sensor_async.py
[2022-06-26 12:36:44,398] {processor.py:651} INFO - DAG(s) dict_keys(['example_time_delta_sensor_async']) retrieved from /home/airflow/.local/lib/python3.7/site-packages/airflow/example_dags/example_time_delta_sensor_async.py
[2022-06-26 12:36:44,469] {logging_mixin.py:115} INFO - [2022-06-26 12:36:44,468] {dag.py:2379} INFO - Sync 1 DAGs
[2022-06-26 12:36:44,763] {logging_mixin.py:115} INFO - [2022-06-26 12:36:44,763] {dag.py:2931} INFO - Setting next_dagrun for example_time_delta_sensor_async to None, run_after=None
[2022-06-26 12:36:44,779] {processor.py:161} INFO - Processing /home/airflow/.local/lib/python3.7/site-packages/airflow/example_dags/example_time_delta_sensor_async.py took 0.399 seconds
[2022-06-26 12:37:15,160] {processor.py:153} INFO - Started process (PID=302) to work on /home/airflow/.local/lib/python3.7/site-packages/airflow/example_dags/example_time_delta_sensor_async.py
[2022-06-26 12:37:15,161] {processor.py:641} INFO - Processing file /home/airflow/.local/lib/python3.7/site-packages/airflow/example_dags/example_time_delta_sensor_async.py for tasks to queue
[2022-06-26 12:37:15,162] {logging_mixin.py:115} INFO - [2022-06-26 12:37:15,162] {dagbag.py:507} INFO - Filling up the DagBag from /home/airflow/.local/lib/python3.7/site-packages/airflow/example_dags/example_time_delta_sensor_async.py
[2022-06-26 12:37:15,181] {processor.py:651} INFO - DAG(s) dict_keys(['example_time_delta_sensor_async']) retrieved from /home/airflow/.local/lib/python3.7/site-packages/airflow/example_dags/example_time_delta_sensor_async.py
[2022-06-26 12:37:15,317] {logging_mixin.py:115} INFO - [2022-06-26 12:37:15,317] {dag.py:2379} INFO - Sync 1 DAGs
[2022-06-26 12:37:15,618] {logging_mixin.py:115} INFO - [2022-06-26 12:37:15,618] {dag.py:2931} INFO - Setting next_dagrun for example_time_delta_sensor_async to None, run_after=None
[2022-06-26 12:37:15,637] {processor.py:161} INFO - Processing /home/airflow/.local/lib/python3.7/site-packages/airflow/example_dags/example_time_delta_sensor_async.py took 0.492 seconds
[2022-06-26 12:37:45,923] {processor.py:153} INFO - Started process (PID=354) to work on /home/airflow/.local/lib/python3.7/site-packages/airflow/example_dags/example_time_delta_sensor_async.py
[2022-06-26 12:37:45,924] {processor.py:641} INFO - Processing file /home/airflow/.local/lib/python3.7/site-packages/airflow/example_dags/example_time_delta_sensor_async.py for tasks to queue
[2022-06-26 12:37:45,925] {logging_mixin.py:115} INFO - [2022-06-26 12:37:45,925] {dagbag.py:507} INFO - Filling up the DagBag from /home/airflow/.local/lib/python3.7/site-packages/airflow/example_dags/example_time_delta_sensor_async.py
[2022-06-26 12:37:45,932] {processor.py:651} INFO - DAG(s) dict_keys(['example_time_delta_sensor_async']) retrieved from /home/airflow/.local/lib/python3.7/site-packages/airflow/example_dags/example_time_delta_sensor_async.py
[2022-06-26 12:37:45,975] {logging_mixin.py:115} INFO - [2022-06-26 12:37:45,975] {dag.py:2379} INFO - Sync 1 DAGs
[2022-06-26 12:37:46,166] {logging_mixin.py:115} INFO - [2022-06-26 12:37:46,166] {dag.py:2931} INFO - Setting next_dagrun for example_time_delta_sensor_async to None, run_after=None
[2022-06-26 12:37:46,181] {processor.py:161} INFO - Processing /home/airflow/.local/lib/python3.7/site-packages/airflow/example_dags/example_time_delta_sensor_async.py took 0.262 seconds
[2022-06-26 12:38:16,381] {processor.py:153} INFO - Started process (PID=407) to work on /home/airflow/.local/lib/python3.7/site-packages/airflow/example_dags/example_time_delta_sensor_async.py
[2022-06-26 12:38:16,382] {processor.py:641} INFO - Processing file /home/airflow/.local/lib/python3.7/site-packages/airflow/example_dags/example_time_delta_sensor_async.py for tasks to queue
[2022-06-26 12:38:16,382] {logging_mixin.py:115} INFO - [2022-06-26 12:38:16,382] {dagbag.py:507} INFO - Filling up the DagBag from /home/airflow/.local/lib/python3.7/site-packages/airflow/example_dags/example_time_delta_sensor_async.py
[2022-06-26 12:38:16,388] {processor.py:651} INFO - DAG(s) dict_keys(['example_time_delta_sensor_async']) retrieved from /home/airflow/.local/lib/python3.7/site-packages/airflow/example_dags/example_time_delta_sensor_async.py
[2022-06-26 12:38:16,431] {logging_mixin.py:115} INFO - [2022-06-26 12:38:16,431] {dag.py:2379} INFO - Sync 1 DAGs
[2022-06-26 12:38:16,612] {logging_mixin.py:115} INFO - [2022-06-26 12:38:16,612] {dag.py:2931} INFO - Setting next_dagrun for example_time_delta_sensor_async to None, run_after=None
[2022-06-26 12:38:16,624] {processor.py:161} INFO - Processing /home/airflow/.local/lib/python3.7/site-packages/airflow/example_dags/example_time_delta_sensor_async.py took 0.247 seconds
[2022-06-26 12:38:46,884] {processor.py:153} INFO - Started process (PID=468) to work on /home/airflow/.local/lib/python3.7/site-packages/airflow/example_dags/example_time_delta_sensor_async.py
[2022-06-26 12:38:46,887] {processor.py:641} INFO - Processing file /home/airflow/.local/lib/python3.7/site-packages/airflow/example_dags/example_time_delta_sensor_async.py for tasks to queue
[2022-06-26 12:38:46,887] {logging_mixin.py:115} INFO - [2022-06-26 12:38:46,887] {dagbag.py:507} INFO - Filling up the DagBag from /home/airflow/.local/lib/python3.7/site-packages/airflow/example_dags/example_time_delta_sensor_async.py
[2022-06-26 12:38:46,896] {processor.py:651} INFO - DAG(s) dict_keys(['example_time_delta_sensor_async']) retrieved from /home/airflow/.local/lib/python3.7/site-packages/airflow/example_dags/example_time_delta_sensor_async.py
[2022-06-26 12:38:46,960] {logging_mixin.py:115} INFO - [2022-06-26 12:38:46,960] {dag.py:2379} INFO - Sync 1 DAGs
[2022-06-26 12:38:47,188] {logging_mixin.py:115} INFO - [2022-06-26 12:38:47,188] {dag.py:2931} INFO - Setting next_dagrun for example_time_delta_sensor_async to None, run_after=None
[2022-06-26 12:38:47,200] {processor.py:161} INFO - Processing /home/airflow/.local/lib/python3.7/site-packages/airflow/example_dags/example_time_delta_sensor_async.py took 0.322 seconds
[2022-06-26 12:39:17,424] {processor.py:153} INFO - Started process (PID=520) to work on /home/airflow/.local/lib/python3.7/site-packages/airflow/example_dags/example_time_delta_sensor_async.py
[2022-06-26 12:39:17,425] {processor.py:641} INFO - Processing file /home/airflow/.local/lib/python3.7/site-packages/airflow/example_dags/example_time_delta_sensor_async.py for tasks to queue
[2022-06-26 12:39:17,425] {logging_mixin.py:115} INFO - [2022-06-26 12:39:17,425] {dagbag.py:507} INFO - Filling up the DagBag from /home/airflow/.local/lib/python3.7/site-packages/airflow/example_dags/example_time_delta_sensor_async.py
[2022-06-26 12:39:17,436] {processor.py:651} INFO - DAG(s) dict_keys(['example_time_delta_sensor_async']) retrieved from /home/airflow/.local/lib/python3.7/site-packages/airflow/example_dags/example_time_delta_sensor_async.py
[2022-06-26 12:39:17,501] {logging_mixin.py:115} INFO - [2022-06-26 12:39:17,501] {dag.py:2379} INFO - Sync 1 DAGs
[2022-06-26 12:39:17,755] {logging_mixin.py:115} INFO - [2022-06-26 12:39:17,754] {dag.py:2931} INFO - Setting next_dagrun for example_time_delta_sensor_async to None, run_after=None
[2022-06-26 12:39:17,774] {processor.py:161} INFO - Processing /home/airflow/.local/lib/python3.7/site-packages/airflow/example_dags/example_time_delta_sensor_async.py took 0.356 seconds
[2022-06-26 12:39:48,072] {processor.py:153} INFO - Started process (PID=582) to work on /home/airflow/.local/lib/python3.7/site-packages/airflow/example_dags/example_time_delta_sensor_async.py
[2022-06-26 12:39:48,094] {processor.py:641} INFO - Processing file /home/airflow/.local/lib/python3.7/site-packages/airflow/example_dags/example_time_delta_sensor_async.py for tasks to queue
[2022-06-26 12:39:48,096] {logging_mixin.py:115} INFO - [2022-06-26 12:39:48,095] {dagbag.py:507} INFO - Filling up the DagBag from /home/airflow/.local/lib/python3.7/site-packages/airflow/example_dags/example_time_delta_sensor_async.py
[2022-06-26 12:39:48,105] {processor.py:651} INFO - DAG(s) dict_keys(['example_time_delta_sensor_async']) retrieved from /home/airflow/.local/lib/python3.7/site-packages/airflow/example_dags/example_time_delta_sensor_async.py
[2022-06-26 12:39:48,226] {logging_mixin.py:115} INFO - [2022-06-26 12:39:48,226] {dag.py:2379} INFO - Sync 1 DAGs
[2022-06-26 12:39:48,757] {logging_mixin.py:115} INFO - [2022-06-26 12:39:48,757] {dag.py:2931} INFO - Setting next_dagrun for example_time_delta_sensor_async to None, run_after=None
[2022-06-26 12:39:48,789] {processor.py:161} INFO - Processing /home/airflow/.local/lib/python3.7/site-packages/airflow/example_dags/example_time_delta_sensor_async.py took 0.722 seconds
[2022-06-26 12:40:19,548] {processor.py:153} INFO - Started process (PID=645) to work on /home/airflow/.local/lib/python3.7/site-packages/airflow/example_dags/example_time_delta_sensor_async.py
[2022-06-26 12:40:19,549] {processor.py:641} INFO - Processing file /home/airflow/.local/lib/python3.7/site-packages/airflow/example_dags/example_time_delta_sensor_async.py for tasks to queue
[2022-06-26 12:40:19,550] {logging_mixin.py:115} INFO - [2022-06-26 12:40:19,549] {dagbag.py:507} INFO - Filling up the DagBag from /home/airflow/.local/lib/python3.7/site-packages/airflow/example_dags/example_time_delta_sensor_async.py
[2022-06-26 12:40:19,558] {processor.py:651} INFO - DAG(s) dict_keys(['example_time_delta_sensor_async']) retrieved from /home/airflow/.local/lib/python3.7/site-packages/airflow/example_dags/example_time_delta_sensor_async.py
[2022-06-26 12:40:19,630] {logging_mixin.py:115} INFO - [2022-06-26 12:40:19,630] {dag.py:2379} INFO - Sync 1 DAGs
[2022-06-26 12:40:19,924] {logging_mixin.py:115} INFO - [2022-06-26 12:40:19,924] {dag.py:2931} INFO - Setting next_dagrun for example_time_delta_sensor_async to None, run_after=None
[2022-06-26 12:40:19,940] {processor.py:161} INFO - Processing /home/airflow/.local/lib/python3.7/site-packages/airflow/example_dags/example_time_delta_sensor_async.py took 0.397 seconds
[2022-06-26 12:40:50,410] {processor.py:153} INFO - Started process (PID=697) to work on /home/airflow/.local/lib/python3.7/site-packages/airflow/example_dags/example_time_delta_sensor_async.py
[2022-06-26 12:40:50,410] {processor.py:641} INFO - Processing file /home/airflow/.local/lib/python3.7/site-packages/airflow/example_dags/example_time_delta_sensor_async.py for tasks to queue
[2022-06-26 12:40:50,411] {logging_mixin.py:115} INFO - [2022-06-26 12:40:50,411] {dagbag.py:507} INFO - Filling up the DagBag from /home/airflow/.local/lib/python3.7/site-packages/airflow/example_dags/example_time_delta_sensor_async.py
[2022-06-26 12:40:50,433] {processor.py:651} INFO - DAG(s) dict_keys(['example_time_delta_sensor_async']) retrieved from /home/airflow/.local/lib/python3.7/site-packages/airflow/example_dags/example_time_delta_sensor_async.py
[2022-06-26 12:40:50,528] {logging_mixin.py:115} INFO - [2022-06-26 12:40:50,528] {dag.py:2379} INFO - Sync 1 DAGs
[2022-06-26 12:40:50,750] {logging_mixin.py:115} INFO - [2022-06-26 12:40:50,750] {dag.py:2931} INFO - Setting next_dagrun for example_time_delta_sensor_async to None, run_after=None
[2022-06-26 12:40:50,762] {processor.py:161} INFO - Processing /home/airflow/.local/lib/python3.7/site-packages/airflow/example_dags/example_time_delta_sensor_async.py took 0.367 seconds
[2022-06-26 12:41:21,441] {processor.py:153} INFO - Started process (PID=758) to work on /home/airflow/.local/lib/python3.7/site-packages/airflow/example_dags/example_time_delta_sensor_async.py
[2022-06-26 12:41:21,443] {processor.py:641} INFO - Processing file /home/airflow/.local/lib/python3.7/site-packages/airflow/example_dags/example_time_delta_sensor_async.py for tasks to queue
[2022-06-26 12:41:21,443] {logging_mixin.py:115} INFO - [2022-06-26 12:41:21,443] {dagbag.py:507} INFO - Filling up the DagBag from /home/airflow/.local/lib/python3.7/site-packages/airflow/example_dags/example_time_delta_sensor_async.py
[2022-06-26 12:41:21,452] {processor.py:651} INFO - DAG(s) dict_keys(['example_time_delta_sensor_async']) retrieved from /home/airflow/.local/lib/python3.7/site-packages/airflow/example_dags/example_time_delta_sensor_async.py
[2022-06-26 12:41:21,515] {logging_mixin.py:115} INFO - [2022-06-26 12:41:21,515] {dag.py:2379} INFO - Sync 1 DAGs
[2022-06-26 12:41:21,744] {logging_mixin.py:115} INFO - [2022-06-26 12:41:21,743] {dag.py:2931} INFO - Setting next_dagrun for example_time_delta_sensor_async to None, run_after=None
[2022-06-26 12:41:21,778] {processor.py:161} INFO - Processing /home/airflow/.local/lib/python3.7/site-packages/airflow/example_dags/example_time_delta_sensor_async.py took 0.343 seconds
[2022-06-26 12:41:52,531] {processor.py:153} INFO - Started process (PID=810) to work on /home/airflow/.local/lib/python3.7/site-packages/airflow/example_dags/example_time_delta_sensor_async.py
[2022-06-26 12:41:52,544] {processor.py:641} INFO - Processing file /home/airflow/.local/lib/python3.7/site-packages/airflow/example_dags/example_time_delta_sensor_async.py for tasks to queue
[2022-06-26 12:41:52,546] {logging_mixin.py:115} INFO - [2022-06-26 12:41:52,545] {dagbag.py:507} INFO - Filling up the DagBag from /home/airflow/.local/lib/python3.7/site-packages/airflow/example_dags/example_time_delta_sensor_async.py
[2022-06-26 12:41:52,560] {processor.py:651} INFO - DAG(s) dict_keys(['example_time_delta_sensor_async']) retrieved from /home/airflow/.local/lib/python3.7/site-packages/airflow/example_dags/example_time_delta_sensor_async.py
[2022-06-26 12:41:52,641] {logging_mixin.py:115} INFO - [2022-06-26 12:41:52,641] {dag.py:2379} INFO - Sync 1 DAGs
[2022-06-26 12:41:52,873] {logging_mixin.py:115} INFO - [2022-06-26 12:41:52,873] {dag.py:2931} INFO - Setting next_dagrun for example_time_delta_sensor_async to None, run_after=None
[2022-06-26 12:41:52,885] {processor.py:161} INFO - Processing /home/airflow/.local/lib/python3.7/site-packages/airflow/example_dags/example_time_delta_sensor_async.py took 0.363 seconds
[2022-06-26 12:42:23,330] {processor.py:153} INFO - Started process (PID=870) to work on /home/airflow/.local/lib/python3.7/site-packages/airflow/example_dags/example_time_delta_sensor_async.py
[2022-06-26 12:42:23,332] {processor.py:641} INFO - Processing file /home/airflow/.local/lib/python3.7/site-packages/airflow/example_dags/example_time_delta_sensor_async.py for tasks to queue
[2022-06-26 12:42:23,333] {logging_mixin.py:115} INFO - [2022-06-26 12:42:23,333] {dagbag.py:507} INFO - Filling up the DagBag from /home/airflow/.local/lib/python3.7/site-packages/airflow/example_dags/example_time_delta_sensor_async.py
[2022-06-26 12:42:23,341] {processor.py:651} INFO - DAG(s) dict_keys(['example_time_delta_sensor_async']) retrieved from /home/airflow/.local/lib/python3.7/site-packages/airflow/example_dags/example_time_delta_sensor_async.py
[2022-06-26 12:42:23,396] {logging_mixin.py:115} INFO - [2022-06-26 12:42:23,395] {dag.py:2379} INFO - Sync 1 DAGs
[2022-06-26 12:42:23,593] {logging_mixin.py:115} INFO - [2022-06-26 12:42:23,593] {dag.py:2931} INFO - Setting next_dagrun for example_time_delta_sensor_async to None, run_after=None
[2022-06-26 12:42:23,606] {processor.py:161} INFO - Processing /home/airflow/.local/lib/python3.7/site-packages/airflow/example_dags/example_time_delta_sensor_async.py took 0.282 seconds
[2022-06-26 12:42:53,670] {processor.py:153} INFO - Started process (PID=921) to work on /home/airflow/.local/lib/python3.7/site-packages/airflow/example_dags/example_time_delta_sensor_async.py
[2022-06-26 12:42:53,671] {processor.py:641} INFO - Processing file /home/airflow/.local/lib/python3.7/site-packages/airflow/example_dags/example_time_delta_sensor_async.py for tasks to queue
[2022-06-26 12:42:53,672] {logging_mixin.py:115} INFO - [2022-06-26 12:42:53,672] {dagbag.py:507} INFO - Filling up the DagBag from /home/airflow/.local/lib/python3.7/site-packages/airflow/example_dags/example_time_delta_sensor_async.py
[2022-06-26 12:42:53,681] {processor.py:651} INFO - DAG(s) dict_keys(['example_time_delta_sensor_async']) retrieved from /home/airflow/.local/lib/python3.7/site-packages/airflow/example_dags/example_time_delta_sensor_async.py
[2022-06-26 12:42:53,758] {logging_mixin.py:115} INFO - [2022-06-26 12:42:53,758] {dag.py:2379} INFO - Sync 1 DAGs
[2022-06-26 12:42:54,012] {logging_mixin.py:115} INFO - [2022-06-26 12:42:54,012] {dag.py:2931} INFO - Setting next_dagrun for example_time_delta_sensor_async to None, run_after=None
[2022-06-26 12:42:54,028] {processor.py:161} INFO - Processing /home/airflow/.local/lib/python3.7/site-packages/airflow/example_dags/example_time_delta_sensor_async.py took 0.365 seconds
[2022-06-26 12:43:24,255] {processor.py:153} INFO - Started process (PID=973) to work on /home/airflow/.local/lib/python3.7/site-packages/airflow/example_dags/example_time_delta_sensor_async.py
[2022-06-26 12:43:24,279] {processor.py:641} INFO - Processing file /home/airflow/.local/lib/python3.7/site-packages/airflow/example_dags/example_time_delta_sensor_async.py for tasks to queue
[2022-06-26 12:43:24,280] {logging_mixin.py:115} INFO - [2022-06-26 12:43:24,280] {dagbag.py:507} INFO - Filling up the DagBag from /home/airflow/.local/lib/python3.7/site-packages/airflow/example_dags/example_time_delta_sensor_async.py
[2022-06-26 12:43:24,317] {processor.py:651} INFO - DAG(s) dict_keys(['example_time_delta_sensor_async']) retrieved from /home/airflow/.local/lib/python3.7/site-packages/airflow/example_dags/example_time_delta_sensor_async.py
[2022-06-26 12:43:24,481] {logging_mixin.py:115} INFO - [2022-06-26 12:43:24,481] {dag.py:2379} INFO - Sync 1 DAGs
[2022-06-26 12:43:25,018] {logging_mixin.py:115} INFO - [2022-06-26 12:43:25,017] {dag.py:2931} INFO - Setting next_dagrun for example_time_delta_sensor_async to None, run_after=None
[2022-06-26 12:43:25,049] {processor.py:161} INFO - Processing /home/airflow/.local/lib/python3.7/site-packages/airflow/example_dags/example_time_delta_sensor_async.py took 0.819 seconds
[2022-06-26 12:43:55,433] {processor.py:153} INFO - Started process (PID=1033) to work on /home/airflow/.local/lib/python3.7/site-packages/airflow/example_dags/example_time_delta_sensor_async.py
[2022-06-26 12:43:55,434] {processor.py:641} INFO - Processing file /home/airflow/.local/lib/python3.7/site-packages/airflow/example_dags/example_time_delta_sensor_async.py for tasks to queue
[2022-06-26 12:43:55,434] {logging_mixin.py:115} INFO - [2022-06-26 12:43:55,434] {dagbag.py:507} INFO - Filling up the DagBag from /home/airflow/.local/lib/python3.7/site-packages/airflow/example_dags/example_time_delta_sensor_async.py
[2022-06-26 12:43:55,443] {processor.py:651} INFO - DAG(s) dict_keys(['example_time_delta_sensor_async']) retrieved from /home/airflow/.local/lib/python3.7/site-packages/airflow/example_dags/example_time_delta_sensor_async.py
[2022-06-26 12:43:55,563] {logging_mixin.py:115} INFO - [2022-06-26 12:43:55,563] {dag.py:2379} INFO - Sync 1 DAGs
[2022-06-26 12:43:55,851] {logging_mixin.py:115} INFO - [2022-06-26 12:43:55,851] {dag.py:2931} INFO - Setting next_dagrun for example_time_delta_sensor_async to None, run_after=None
[2022-06-26 12:43:55,867] {processor.py:161} INFO - Processing /home/airflow/.local/lib/python3.7/site-packages/airflow/example_dags/example_time_delta_sensor_async.py took 0.440 seconds
[2022-06-26 12:44:26,613] {processor.py:153} INFO - Started process (PID=1085) to work on /home/airflow/.local/lib/python3.7/site-packages/airflow/example_dags/example_time_delta_sensor_async.py
[2022-06-26 12:44:26,631] {processor.py:641} INFO - Processing file /home/airflow/.local/lib/python3.7/site-packages/airflow/example_dags/example_time_delta_sensor_async.py for tasks to queue
[2022-06-26 12:44:26,631] {logging_mixin.py:115} INFO - [2022-06-26 12:44:26,631] {dagbag.py:507} INFO - Filling up the DagBag from /home/airflow/.local/lib/python3.7/site-packages/airflow/example_dags/example_time_delta_sensor_async.py
[2022-06-26 12:44:26,655] {processor.py:651} INFO - DAG(s) dict_keys(['example_time_delta_sensor_async']) retrieved from /home/airflow/.local/lib/python3.7/site-packages/airflow/example_dags/example_time_delta_sensor_async.py
[2022-06-26 12:44:26,805] {logging_mixin.py:115} INFO - [2022-06-26 12:44:26,805] {dag.py:2379} INFO - Sync 1 DAGs
[2022-06-26 12:44:27,128] {logging_mixin.py:115} INFO - [2022-06-26 12:44:27,128] {dag.py:2931} INFO - Setting next_dagrun for example_time_delta_sensor_async to None, run_after=None
[2022-06-26 12:44:27,145] {processor.py:161} INFO - Processing /home/airflow/.local/lib/python3.7/site-packages/airflow/example_dags/example_time_delta_sensor_async.py took 0.537 seconds
[2022-06-26 12:44:57,417] {processor.py:153} INFO - Started process (PID=1147) to work on /home/airflow/.local/lib/python3.7/site-packages/airflow/example_dags/example_time_delta_sensor_async.py
[2022-06-26 12:44:57,418] {processor.py:641} INFO - Processing file /home/airflow/.local/lib/python3.7/site-packages/airflow/example_dags/example_time_delta_sensor_async.py for tasks to queue
[2022-06-26 12:44:57,419] {logging_mixin.py:115} INFO - [2022-06-26 12:44:57,419] {dagbag.py:507} INFO - Filling up the DagBag from /home/airflow/.local/lib/python3.7/site-packages/airflow/example_dags/example_time_delta_sensor_async.py
[2022-06-26 12:44:57,427] {processor.py:651} INFO - DAG(s) dict_keys(['example_time_delta_sensor_async']) retrieved from /home/airflow/.local/lib/python3.7/site-packages/airflow/example_dags/example_time_delta_sensor_async.py
[2022-06-26 12:44:57,550] {logging_mixin.py:115} INFO - [2022-06-26 12:44:57,550] {dag.py:2379} INFO - Sync 1 DAGs
[2022-06-26 12:44:58,095] {logging_mixin.py:115} INFO - [2022-06-26 12:44:58,094] {dag.py:2931} INFO - Setting next_dagrun for example_time_delta_sensor_async to None, run_after=None
[2022-06-26 12:44:58,133] {processor.py:161} INFO - Processing /home/airflow/.local/lib/python3.7/site-packages/airflow/example_dags/example_time_delta_sensor_async.py took 0.722 seconds
[2022-06-26 12:45:29,006] {processor.py:153} INFO - Started process (PID=1199) to work on /home/airflow/.local/lib/python3.7/site-packages/airflow/example_dags/example_time_delta_sensor_async.py
[2022-06-26 12:45:29,031] {processor.py:641} INFO - Processing file /home/airflow/.local/lib/python3.7/site-packages/airflow/example_dags/example_time_delta_sensor_async.py for tasks to queue
[2022-06-26 12:45:29,032] {logging_mixin.py:115} INFO - [2022-06-26 12:45:29,032] {dagbag.py:507} INFO - Filling up the DagBag from /home/airflow/.local/lib/python3.7/site-packages/airflow/example_dags/example_time_delta_sensor_async.py
[2022-06-26 12:45:29,039] {processor.py:651} INFO - DAG(s) dict_keys(['example_time_delta_sensor_async']) retrieved from /home/airflow/.local/lib/python3.7/site-packages/airflow/example_dags/example_time_delta_sensor_async.py
[2022-06-26 12:45:29,182] {logging_mixin.py:115} INFO - [2022-06-26 12:45:29,182] {dag.py:2379} INFO - Sync 1 DAGs
[2022-06-26 12:45:29,945] {logging_mixin.py:115} INFO - [2022-06-26 12:45:29,945] {dag.py:2931} INFO - Setting next_dagrun for example_time_delta_sensor_async to None, run_after=None
[2022-06-26 12:45:30,009] {processor.py:161} INFO - Processing /home/airflow/.local/lib/python3.7/site-packages/airflow/example_dags/example_time_delta_sensor_async.py took 1.009 seconds
[2022-06-26 12:46:00,540] {processor.py:153} INFO - Started process (PID=1261) to work on /home/airflow/.local/lib/python3.7/site-packages/airflow/example_dags/example_time_delta_sensor_async.py
[2022-06-26 12:46:00,555] {processor.py:641} INFO - Processing file /home/airflow/.local/lib/python3.7/site-packages/airflow/example_dags/example_time_delta_sensor_async.py for tasks to queue
[2022-06-26 12:46:00,556] {logging_mixin.py:115} INFO - [2022-06-26 12:46:00,556] {dagbag.py:507} INFO - Filling up the DagBag from /home/airflow/.local/lib/python3.7/site-packages/airflow/example_dags/example_time_delta_sensor_async.py
[2022-06-26 12:46:00,564] {processor.py:651} INFO - DAG(s) dict_keys(['example_time_delta_sensor_async']) retrieved from /home/airflow/.local/lib/python3.7/site-packages/airflow/example_dags/example_time_delta_sensor_async.py
[2022-06-26 12:46:00,701] {logging_mixin.py:115} INFO - [2022-06-26 12:46:00,701] {dag.py:2379} INFO - Sync 1 DAGs
[2022-06-26 12:46:01,289] {logging_mixin.py:115} INFO - [2022-06-26 12:46:01,289] {dag.py:2931} INFO - Setting next_dagrun for example_time_delta_sensor_async to None, run_after=None
[2022-06-26 12:46:01,353] {processor.py:161} INFO - Processing /home/airflow/.local/lib/python3.7/site-packages/airflow/example_dags/example_time_delta_sensor_async.py took 0.827 seconds
[2022-06-26 12:46:31,505] {processor.py:153} INFO - Started process (PID=1313) to work on /home/airflow/.local/lib/python3.7/site-packages/airflow/example_dags/example_time_delta_sensor_async.py
[2022-06-26 12:46:31,506] {processor.py:641} INFO - Processing file /home/airflow/.local/lib/python3.7/site-packages/airflow/example_dags/example_time_delta_sensor_async.py for tasks to queue
[2022-06-26 12:46:31,507] {logging_mixin.py:115} INFO - [2022-06-26 12:46:31,507] {dagbag.py:507} INFO - Filling up the DagBag from /home/airflow/.local/lib/python3.7/site-packages/airflow/example_dags/example_time_delta_sensor_async.py
[2022-06-26 12:46:31,516] {processor.py:651} INFO - DAG(s) dict_keys(['example_time_delta_sensor_async']) retrieved from /home/airflow/.local/lib/python3.7/site-packages/airflow/example_dags/example_time_delta_sensor_async.py
[2022-06-26 12:46:31,563] {logging_mixin.py:115} INFO - [2022-06-26 12:46:31,563] {dag.py:2379} INFO - Sync 1 DAGs
[2022-06-26 12:46:31,750] {logging_mixin.py:115} INFO - [2022-06-26 12:46:31,750] {dag.py:2931} INFO - Setting next_dagrun for example_time_delta_sensor_async to None, run_after=None
[2022-06-26 12:46:31,765] {processor.py:161} INFO - Processing /home/airflow/.local/lib/python3.7/site-packages/airflow/example_dags/example_time_delta_sensor_async.py took 0.265 seconds
[2022-06-26 12:47:01,865] {processor.py:153} INFO - Started process (PID=1365) to work on /home/airflow/.local/lib/python3.7/site-packages/airflow/example_dags/example_time_delta_sensor_async.py
[2022-06-26 12:47:01,868] {processor.py:641} INFO - Processing file /home/airflow/.local/lib/python3.7/site-packages/airflow/example_dags/example_time_delta_sensor_async.py for tasks to queue
[2022-06-26 12:47:01,868] {logging_mixin.py:115} INFO - [2022-06-26 12:47:01,868] {dagbag.py:507} INFO - Filling up the DagBag from /home/airflow/.local/lib/python3.7/site-packages/airflow/example_dags/example_time_delta_sensor_async.py
[2022-06-26 12:47:01,875] {processor.py:651} INFO - DAG(s) dict_keys(['example_time_delta_sensor_async']) retrieved from /home/airflow/.local/lib/python3.7/site-packages/airflow/example_dags/example_time_delta_sensor_async.py
[2022-06-26 12:47:01,931] {logging_mixin.py:115} INFO - [2022-06-26 12:47:01,931] {dag.py:2379} INFO - Sync 1 DAGs
[2022-06-26 12:47:02,197] {logging_mixin.py:115} INFO - [2022-06-26 12:47:02,197] {dag.py:2931} INFO - Setting next_dagrun for example_time_delta_sensor_async to None, run_after=None
[2022-06-26 12:47:02,212] {processor.py:161} INFO - Processing /home/airflow/.local/lib/python3.7/site-packages/airflow/example_dags/example_time_delta_sensor_async.py took 0.351 seconds
[2022-06-26 12:47:32,541] {processor.py:153} INFO - Started process (PID=1425) to work on /home/airflow/.local/lib/python3.7/site-packages/airflow/example_dags/example_time_delta_sensor_async.py
[2022-06-26 12:47:32,542] {processor.py:641} INFO - Processing file /home/airflow/.local/lib/python3.7/site-packages/airflow/example_dags/example_time_delta_sensor_async.py for tasks to queue
[2022-06-26 12:47:32,543] {logging_mixin.py:115} INFO - [2022-06-26 12:47:32,543] {dagbag.py:507} INFO - Filling up the DagBag from /home/airflow/.local/lib/python3.7/site-packages/airflow/example_dags/example_time_delta_sensor_async.py
[2022-06-26 12:47:32,552] {processor.py:651} INFO - DAG(s) dict_keys(['example_time_delta_sensor_async']) retrieved from /home/airflow/.local/lib/python3.7/site-packages/airflow/example_dags/example_time_delta_sensor_async.py
[2022-06-26 12:47:32,622] {logging_mixin.py:115} INFO - [2022-06-26 12:47:32,622] {dag.py:2379} INFO - Sync 1 DAGs
[2022-06-26 12:47:32,958] {logging_mixin.py:115} INFO - [2022-06-26 12:47:32,958] {dag.py:2931} INFO - Setting next_dagrun for example_time_delta_sensor_async to None, run_after=None
[2022-06-26 12:47:33,006] {processor.py:161} INFO - Processing /home/airflow/.local/lib/python3.7/site-packages/airflow/example_dags/example_time_delta_sensor_async.py took 0.471 seconds
[2022-06-26 12:48:03,528] {processor.py:153} INFO - Started process (PID=1478) to work on /home/airflow/.local/lib/python3.7/site-packages/airflow/example_dags/example_time_delta_sensor_async.py
[2022-06-26 12:48:03,530] {processor.py:641} INFO - Processing file /home/airflow/.local/lib/python3.7/site-packages/airflow/example_dags/example_time_delta_sensor_async.py for tasks to queue
[2022-06-26 12:48:03,531] {logging_mixin.py:115} INFO - [2022-06-26 12:48:03,531] {dagbag.py:507} INFO - Filling up the DagBag from /home/airflow/.local/lib/python3.7/site-packages/airflow/example_dags/example_time_delta_sensor_async.py
[2022-06-26 12:48:03,539] {processor.py:651} INFO - DAG(s) dict_keys(['example_time_delta_sensor_async']) retrieved from /home/airflow/.local/lib/python3.7/site-packages/airflow/example_dags/example_time_delta_sensor_async.py
[2022-06-26 12:48:03,609] {logging_mixin.py:115} INFO - [2022-06-26 12:48:03,609] {dag.py:2379} INFO - Sync 1 DAGs
[2022-06-26 12:48:03,876] {logging_mixin.py:115} INFO - [2022-06-26 12:48:03,876] {dag.py:2931} INFO - Setting next_dagrun for example_time_delta_sensor_async to None, run_after=None
[2022-06-26 12:48:03,894] {processor.py:161} INFO - Processing /home/airflow/.local/lib/python3.7/site-packages/airflow/example_dags/example_time_delta_sensor_async.py took 0.371 seconds
[2022-06-26 12:48:34,039] {processor.py:153} INFO - Started process (PID=1541) to work on /home/airflow/.local/lib/python3.7/site-packages/airflow/example_dags/example_time_delta_sensor_async.py
[2022-06-26 12:48:34,039] {processor.py:641} INFO - Processing file /home/airflow/.local/lib/python3.7/site-packages/airflow/example_dags/example_time_delta_sensor_async.py for tasks to queue
[2022-06-26 12:48:34,040] {logging_mixin.py:115} INFO - [2022-06-26 12:48:34,040] {dagbag.py:507} INFO - Filling up the DagBag from /home/airflow/.local/lib/python3.7/site-packages/airflow/example_dags/example_time_delta_sensor_async.py
[2022-06-26 12:48:34,048] {processor.py:651} INFO - DAG(s) dict_keys(['example_time_delta_sensor_async']) retrieved from /home/airflow/.local/lib/python3.7/site-packages/airflow/example_dags/example_time_delta_sensor_async.py
[2022-06-26 12:48:34,193] {logging_mixin.py:115} INFO - [2022-06-26 12:48:34,193] {dag.py:2379} INFO - Sync 1 DAGs
[2022-06-26 12:48:34,466] {logging_mixin.py:115} INFO - [2022-06-26 12:48:34,466] {dag.py:2931} INFO - Setting next_dagrun for example_time_delta_sensor_async to None, run_after=None
[2022-06-26 12:48:34,505] {processor.py:161} INFO - Processing /home/airflow/.local/lib/python3.7/site-packages/airflow/example_dags/example_time_delta_sensor_async.py took 0.480 seconds
[2022-06-26 12:49:05,189] {processor.py:153} INFO - Started process (PID=1593) to work on /home/airflow/.local/lib/python3.7/site-packages/airflow/example_dags/example_time_delta_sensor_async.py
[2022-06-26 12:49:05,203] {processor.py:641} INFO - Processing file /home/airflow/.local/lib/python3.7/site-packages/airflow/example_dags/example_time_delta_sensor_async.py for tasks to queue
[2022-06-26 12:49:05,204] {logging_mixin.py:115} INFO - [2022-06-26 12:49:05,204] {dagbag.py:507} INFO - Filling up the DagBag from /home/airflow/.local/lib/python3.7/site-packages/airflow/example_dags/example_time_delta_sensor_async.py
[2022-06-26 12:49:05,212] {processor.py:651} INFO - DAG(s) dict_keys(['example_time_delta_sensor_async']) retrieved from /home/airflow/.local/lib/python3.7/site-packages/airflow/example_dags/example_time_delta_sensor_async.py
[2022-06-26 12:49:05,296] {logging_mixin.py:115} INFO - [2022-06-26 12:49:05,296] {dag.py:2379} INFO - Sync 1 DAGs
[2022-06-26 12:49:05,962] {logging_mixin.py:115} INFO - [2022-06-26 12:49:05,962] {dag.py:2931} INFO - Setting next_dagrun for example_time_delta_sensor_async to None, run_after=None
[2022-06-26 12:49:06,051] {processor.py:161} INFO - Processing /home/airflow/.local/lib/python3.7/site-packages/airflow/example_dags/example_time_delta_sensor_async.py took 0.876 seconds
[2022-06-26 12:49:36,794] {processor.py:153} INFO - Started process (PID=1654) to work on /home/airflow/.local/lib/python3.7/site-packages/airflow/example_dags/example_time_delta_sensor_async.py
[2022-06-26 12:49:36,795] {processor.py:641} INFO - Processing file /home/airflow/.local/lib/python3.7/site-packages/airflow/example_dags/example_time_delta_sensor_async.py for tasks to queue
[2022-06-26 12:49:36,796] {logging_mixin.py:115} INFO - [2022-06-26 12:49:36,796] {dagbag.py:507} INFO - Filling up the DagBag from /home/airflow/.local/lib/python3.7/site-packages/airflow/example_dags/example_time_delta_sensor_async.py
[2022-06-26 12:49:36,804] {processor.py:651} INFO - DAG(s) dict_keys(['example_time_delta_sensor_async']) retrieved from /home/airflow/.local/lib/python3.7/site-packages/airflow/example_dags/example_time_delta_sensor_async.py
[2022-06-26 12:49:36,878] {logging_mixin.py:115} INFO - [2022-06-26 12:49:36,878] {dag.py:2379} INFO - Sync 1 DAGs
[2022-06-26 12:49:37,194] {logging_mixin.py:115} INFO - [2022-06-26 12:49:37,194] {dag.py:2931} INFO - Setting next_dagrun for example_time_delta_sensor_async to None, run_after=None
[2022-06-26 12:49:37,230] {processor.py:161} INFO - Processing /home/airflow/.local/lib/python3.7/site-packages/airflow/example_dags/example_time_delta_sensor_async.py took 0.441 seconds
[2022-06-26 12:50:07,587] {processor.py:153} INFO - Started process (PID=1706) to work on /home/airflow/.local/lib/python3.7/site-packages/airflow/example_dags/example_time_delta_sensor_async.py
[2022-06-26 12:50:07,589] {processor.py:641} INFO - Processing file /home/airflow/.local/lib/python3.7/site-packages/airflow/example_dags/example_time_delta_sensor_async.py for tasks to queue
[2022-06-26 12:50:07,590] {logging_mixin.py:115} INFO - [2022-06-26 12:50:07,590] {dagbag.py:507} INFO - Filling up the DagBag from /home/airflow/.local/lib/python3.7/site-packages/airflow/example_dags/example_time_delta_sensor_async.py
[2022-06-26 12:50:07,599] {processor.py:651} INFO - DAG(s) dict_keys(['example_time_delta_sensor_async']) retrieved from /home/airflow/.local/lib/python3.7/site-packages/airflow/example_dags/example_time_delta_sensor_async.py
[2022-06-26 12:50:07,668] {logging_mixin.py:115} INFO - [2022-06-26 12:50:07,667] {dag.py:2379} INFO - Sync 1 DAGs
[2022-06-26 12:50:07,917] {logging_mixin.py:115} INFO - [2022-06-26 12:50:07,917] {dag.py:2931} INFO - Setting next_dagrun for example_time_delta_sensor_async to None, run_after=None
[2022-06-26 12:50:07,933] {processor.py:161} INFO - Processing /home/airflow/.local/lib/python3.7/site-packages/airflow/example_dags/example_time_delta_sensor_async.py took 0.352 seconds
[2022-06-26 12:50:38,213] {processor.py:153} INFO - Started process (PID=1757) to work on /home/airflow/.local/lib/python3.7/site-packages/airflow/example_dags/example_time_delta_sensor_async.py
[2022-06-26 12:50:38,221] {processor.py:641} INFO - Processing file /home/airflow/.local/lib/python3.7/site-packages/airflow/example_dags/example_time_delta_sensor_async.py for tasks to queue
[2022-06-26 12:50:38,222] {logging_mixin.py:115} INFO - [2022-06-26 12:50:38,222] {dagbag.py:507} INFO - Filling up the DagBag from /home/airflow/.local/lib/python3.7/site-packages/airflow/example_dags/example_time_delta_sensor_async.py
[2022-06-26 12:50:38,238] {processor.py:651} INFO - DAG(s) dict_keys(['example_time_delta_sensor_async']) retrieved from /home/airflow/.local/lib/python3.7/site-packages/airflow/example_dags/example_time_delta_sensor_async.py
[2022-06-26 12:50:38,425] {logging_mixin.py:115} INFO - [2022-06-26 12:50:38,425] {dag.py:2379} INFO - Sync 1 DAGs
[2022-06-26 12:50:39,829] {logging_mixin.py:115} INFO - [2022-06-26 12:50:39,828] {dag.py:2931} INFO - Setting next_dagrun for example_time_delta_sensor_async to None, run_after=None
[2022-06-26 12:50:39,918] {processor.py:161} INFO - Processing /home/airflow/.local/lib/python3.7/site-packages/airflow/example_dags/example_time_delta_sensor_async.py took 1.716 seconds
[2022-06-26 12:51:10,086] {processor.py:153} INFO - Started process (PID=1817) to work on /home/airflow/.local/lib/python3.7/site-packages/airflow/example_dags/example_time_delta_sensor_async.py
[2022-06-26 12:51:10,088] {processor.py:641} INFO - Processing file /home/airflow/.local/lib/python3.7/site-packages/airflow/example_dags/example_time_delta_sensor_async.py for tasks to queue
[2022-06-26 12:51:10,089] {logging_mixin.py:115} INFO - [2022-06-26 12:51:10,089] {dagbag.py:507} INFO - Filling up the DagBag from /home/airflow/.local/lib/python3.7/site-packages/airflow/example_dags/example_time_delta_sensor_async.py
[2022-06-26 12:51:10,097] {processor.py:651} INFO - DAG(s) dict_keys(['example_time_delta_sensor_async']) retrieved from /home/airflow/.local/lib/python3.7/site-packages/airflow/example_dags/example_time_delta_sensor_async.py
[2022-06-26 12:51:10,167] {logging_mixin.py:115} INFO - [2022-06-26 12:51:10,167] {dag.py:2379} INFO - Sync 1 DAGs
[2022-06-26 12:51:10,366] {logging_mixin.py:115} INFO - [2022-06-26 12:51:10,366] {dag.py:2931} INFO - Setting next_dagrun for example_time_delta_sensor_async to None, run_after=None
[2022-06-26 12:51:10,384] {processor.py:161} INFO - Processing /home/airflow/.local/lib/python3.7/site-packages/airflow/example_dags/example_time_delta_sensor_async.py took 0.303 seconds
[2022-06-26 12:51:40,916] {processor.py:153} INFO - Started process (PID=1870) to work on /home/airflow/.local/lib/python3.7/site-packages/airflow/example_dags/example_time_delta_sensor_async.py
[2022-06-26 12:51:40,917] {processor.py:641} INFO - Processing file /home/airflow/.local/lib/python3.7/site-packages/airflow/example_dags/example_time_delta_sensor_async.py for tasks to queue
[2022-06-26 12:51:40,917] {logging_mixin.py:115} INFO - [2022-06-26 12:51:40,917] {dagbag.py:507} INFO - Filling up the DagBag from /home/airflow/.local/lib/python3.7/site-packages/airflow/example_dags/example_time_delta_sensor_async.py
[2022-06-26 12:51:40,926] {processor.py:651} INFO - DAG(s) dict_keys(['example_time_delta_sensor_async']) retrieved from /home/airflow/.local/lib/python3.7/site-packages/airflow/example_dags/example_time_delta_sensor_async.py
[2022-06-26 12:51:41,018] {logging_mixin.py:115} INFO - [2022-06-26 12:51:41,018] {dag.py:2379} INFO - Sync 1 DAGs
[2022-06-26 12:51:41,350] {logging_mixin.py:115} INFO - [2022-06-26 12:51:41,350] {dag.py:2931} INFO - Setting next_dagrun for example_time_delta_sensor_async to None, run_after=None
[2022-06-26 12:51:41,366] {processor.py:161} INFO - Processing /home/airflow/.local/lib/python3.7/site-packages/airflow/example_dags/example_time_delta_sensor_async.py took 0.457 seconds
[2022-06-26 12:52:11,697] {processor.py:153} INFO - Started process (PID=1921) to work on /home/airflow/.local/lib/python3.7/site-packages/airflow/example_dags/example_time_delta_sensor_async.py
[2022-06-26 12:52:11,713] {processor.py:641} INFO - Processing file /home/airflow/.local/lib/python3.7/site-packages/airflow/example_dags/example_time_delta_sensor_async.py for tasks to queue
[2022-06-26 12:52:11,714] {logging_mixin.py:115} INFO - [2022-06-26 12:52:11,714] {dagbag.py:507} INFO - Filling up the DagBag from /home/airflow/.local/lib/python3.7/site-packages/airflow/example_dags/example_time_delta_sensor_async.py
[2022-06-26 12:52:11,738] {processor.py:651} INFO - DAG(s) dict_keys(['example_time_delta_sensor_async']) retrieved from /home/airflow/.local/lib/python3.7/site-packages/airflow/example_dags/example_time_delta_sensor_async.py
[2022-06-26 12:52:11,881] {logging_mixin.py:115} INFO - [2022-06-26 12:52:11,881] {dag.py:2379} INFO - Sync 1 DAGs
[2022-06-26 12:52:12,383] {logging_mixin.py:115} INFO - [2022-06-26 12:52:12,383] {dag.py:2931} INFO - Setting next_dagrun for example_time_delta_sensor_async to None, run_after=None
[2022-06-26 12:52:12,438] {processor.py:161} INFO - Processing /home/airflow/.local/lib/python3.7/site-packages/airflow/example_dags/example_time_delta_sensor_async.py took 0.746 seconds
[2022-06-26 12:52:43,140] {processor.py:153} INFO - Started process (PID=1982) to work on /home/airflow/.local/lib/python3.7/site-packages/airflow/example_dags/example_time_delta_sensor_async.py
[2022-06-26 12:52:43,141] {processor.py:641} INFO - Processing file /home/airflow/.local/lib/python3.7/site-packages/airflow/example_dags/example_time_delta_sensor_async.py for tasks to queue
[2022-06-26 12:52:43,142] {logging_mixin.py:115} INFO - [2022-06-26 12:52:43,142] {dagbag.py:507} INFO - Filling up the DagBag from /home/airflow/.local/lib/python3.7/site-packages/airflow/example_dags/example_time_delta_sensor_async.py
[2022-06-26 12:52:43,151] {processor.py:651} INFO - DAG(s) dict_keys(['example_time_delta_sensor_async']) retrieved from /home/airflow/.local/lib/python3.7/site-packages/airflow/example_dags/example_time_delta_sensor_async.py
[2022-06-26 12:52:43,222] {logging_mixin.py:115} INFO - [2022-06-26 12:52:43,222] {dag.py:2379} INFO - Sync 1 DAGs
[2022-06-26 12:52:43,530] {logging_mixin.py:115} INFO - [2022-06-26 12:52:43,529] {dag.py:2931} INFO - Setting next_dagrun for example_time_delta_sensor_async to None, run_after=None
[2022-06-26 12:52:43,552] {processor.py:161} INFO - Processing /home/airflow/.local/lib/python3.7/site-packages/airflow/example_dags/example_time_delta_sensor_async.py took 0.418 seconds
[2022-06-26 12:53:14,180] {processor.py:153} INFO - Started process (PID=2033) to work on /home/airflow/.local/lib/python3.7/site-packages/airflow/example_dags/example_time_delta_sensor_async.py
[2022-06-26 12:53:14,183] {processor.py:641} INFO - Processing file /home/airflow/.local/lib/python3.7/site-packages/airflow/example_dags/example_time_delta_sensor_async.py for tasks to queue
[2022-06-26 12:53:14,183] {logging_mixin.py:115} INFO - [2022-06-26 12:53:14,183] {dagbag.py:507} INFO - Filling up the DagBag from /home/airflow/.local/lib/python3.7/site-packages/airflow/example_dags/example_time_delta_sensor_async.py
[2022-06-26 12:53:14,192] {processor.py:651} INFO - DAG(s) dict_keys(['example_time_delta_sensor_async']) retrieved from /home/airflow/.local/lib/python3.7/site-packages/airflow/example_dags/example_time_delta_sensor_async.py
[2022-06-26 12:53:14,267] {logging_mixin.py:115} INFO - [2022-06-26 12:53:14,266] {dag.py:2379} INFO - Sync 1 DAGs
[2022-06-26 12:53:14,532] {logging_mixin.py:115} INFO - [2022-06-26 12:53:14,532] {dag.py:2931} INFO - Setting next_dagrun for example_time_delta_sensor_async to None, run_after=None
[2022-06-26 12:53:14,548] {processor.py:161} INFO - Processing /home/airflow/.local/lib/python3.7/site-packages/airflow/example_dags/example_time_delta_sensor_async.py took 0.374 seconds
[2022-06-26 13:27:15,108] {processor.py:153} INFO - Started process (PID=75) to work on /home/airflow/.local/lib/python3.7/site-packages/airflow/example_dags/example_time_delta_sensor_async.py
[2022-06-26 13:27:15,137] {processor.py:641} INFO - Processing file /home/airflow/.local/lib/python3.7/site-packages/airflow/example_dags/example_time_delta_sensor_async.py for tasks to queue
[2022-06-26 13:27:15,138] {logging_mixin.py:115} INFO - [2022-06-26 13:27:15,137] {dagbag.py:507} INFO - Filling up the DagBag from /home/airflow/.local/lib/python3.7/site-packages/airflow/example_dags/example_time_delta_sensor_async.py
[2022-06-26 13:27:15,196] {processor.py:651} INFO - DAG(s) dict_keys(['example_time_delta_sensor_async']) retrieved from /home/airflow/.local/lib/python3.7/site-packages/airflow/example_dags/example_time_delta_sensor_async.py
[2022-06-26 13:27:15,479] {logging_mixin.py:115} INFO - [2022-06-26 13:27:15,479] {dag.py:2379} INFO - Sync 1 DAGs
[2022-06-26 13:27:16,371] {logging_mixin.py:115} INFO - [2022-06-26 13:27:16,371] {dag.py:2931} INFO - Setting next_dagrun for example_time_delta_sensor_async to None, run_after=None
[2022-06-26 13:27:16,497] {processor.py:161} INFO - Processing /home/airflow/.local/lib/python3.7/site-packages/airflow/example_dags/example_time_delta_sensor_async.py took 1.407 seconds
[2022-06-26 13:27:46,988] {processor.py:153} INFO - Started process (PID=128) to work on /home/airflow/.local/lib/python3.7/site-packages/airflow/example_dags/example_time_delta_sensor_async.py
[2022-06-26 13:27:46,989] {processor.py:641} INFO - Processing file /home/airflow/.local/lib/python3.7/site-packages/airflow/example_dags/example_time_delta_sensor_async.py for tasks to queue
[2022-06-26 13:27:46,990] {logging_mixin.py:115} INFO - [2022-06-26 13:27:46,990] {dagbag.py:507} INFO - Filling up the DagBag from /home/airflow/.local/lib/python3.7/site-packages/airflow/example_dags/example_time_delta_sensor_async.py
[2022-06-26 13:27:46,997] {processor.py:651} INFO - DAG(s) dict_keys(['example_time_delta_sensor_async']) retrieved from /home/airflow/.local/lib/python3.7/site-packages/airflow/example_dags/example_time_delta_sensor_async.py
[2022-06-26 13:27:47,045] {logging_mixin.py:115} INFO - [2022-06-26 13:27:47,045] {dag.py:2379} INFO - Sync 1 DAGs
[2022-06-26 13:27:47,235] {logging_mixin.py:115} INFO - [2022-06-26 13:27:47,234] {dag.py:2931} INFO - Setting next_dagrun for example_time_delta_sensor_async to None, run_after=None
[2022-06-26 13:27:47,250] {processor.py:161} INFO - Processing /home/airflow/.local/lib/python3.7/site-packages/airflow/example_dags/example_time_delta_sensor_async.py took 0.268 seconds
[2022-06-26 13:28:17,422] {processor.py:153} INFO - Started process (PID=180) to work on /home/airflow/.local/lib/python3.7/site-packages/airflow/example_dags/example_time_delta_sensor_async.py
[2022-06-26 13:28:17,422] {processor.py:641} INFO - Processing file /home/airflow/.local/lib/python3.7/site-packages/airflow/example_dags/example_time_delta_sensor_async.py for tasks to queue
[2022-06-26 13:28:17,423] {logging_mixin.py:115} INFO - [2022-06-26 13:28:17,423] {dagbag.py:507} INFO - Filling up the DagBag from /home/airflow/.local/lib/python3.7/site-packages/airflow/example_dags/example_time_delta_sensor_async.py
[2022-06-26 13:28:17,432] {processor.py:651} INFO - DAG(s) dict_keys(['example_time_delta_sensor_async']) retrieved from /home/airflow/.local/lib/python3.7/site-packages/airflow/example_dags/example_time_delta_sensor_async.py
[2022-06-26 13:28:17,500] {logging_mixin.py:115} INFO - [2022-06-26 13:28:17,499] {dag.py:2379} INFO - Sync 1 DAGs
[2022-06-26 13:28:17,721] {logging_mixin.py:115} INFO - [2022-06-26 13:28:17,721] {dag.py:2931} INFO - Setting next_dagrun for example_time_delta_sensor_async to None, run_after=None
[2022-06-26 13:28:17,733] {processor.py:161} INFO - Processing /home/airflow/.local/lib/python3.7/site-packages/airflow/example_dags/example_time_delta_sensor_async.py took 0.315 seconds
[2022-06-26 13:28:48,264] {processor.py:153} INFO - Started process (PID=232) to work on /home/airflow/.local/lib/python3.7/site-packages/airflow/example_dags/example_time_delta_sensor_async.py
[2022-06-26 13:28:48,264] {processor.py:641} INFO - Processing file /home/airflow/.local/lib/python3.7/site-packages/airflow/example_dags/example_time_delta_sensor_async.py for tasks to queue
[2022-06-26 13:28:48,265] {logging_mixin.py:115} INFO - [2022-06-26 13:28:48,265] {dagbag.py:507} INFO - Filling up the DagBag from /home/airflow/.local/lib/python3.7/site-packages/airflow/example_dags/example_time_delta_sensor_async.py
[2022-06-26 13:28:48,271] {processor.py:651} INFO - DAG(s) dict_keys(['example_time_delta_sensor_async']) retrieved from /home/airflow/.local/lib/python3.7/site-packages/airflow/example_dags/example_time_delta_sensor_async.py
[2022-06-26 13:28:48,314] {logging_mixin.py:115} INFO - [2022-06-26 13:28:48,314] {dag.py:2379} INFO - Sync 1 DAGs
[2022-06-26 13:28:48,498] {logging_mixin.py:115} INFO - [2022-06-26 13:28:48,498] {dag.py:2931} INFO - Setting next_dagrun for example_time_delta_sensor_async to None, run_after=None
[2022-06-26 13:28:48,512] {processor.py:161} INFO - Processing /home/airflow/.local/lib/python3.7/site-packages/airflow/example_dags/example_time_delta_sensor_async.py took 0.253 seconds
[2022-06-26 13:29:18,585] {processor.py:153} INFO - Started process (PID=290) to work on /home/airflow/.local/lib/python3.7/site-packages/airflow/example_dags/example_time_delta_sensor_async.py
[2022-06-26 13:29:18,586] {processor.py:641} INFO - Processing file /home/airflow/.local/lib/python3.7/site-packages/airflow/example_dags/example_time_delta_sensor_async.py for tasks to queue
[2022-06-26 13:29:18,587] {logging_mixin.py:115} INFO - [2022-06-26 13:29:18,586] {dagbag.py:507} INFO - Filling up the DagBag from /home/airflow/.local/lib/python3.7/site-packages/airflow/example_dags/example_time_delta_sensor_async.py
[2022-06-26 13:29:18,614] {processor.py:651} INFO - DAG(s) dict_keys(['example_time_delta_sensor_async']) retrieved from /home/airflow/.local/lib/python3.7/site-packages/airflow/example_dags/example_time_delta_sensor_async.py
[2022-06-26 13:29:18,748] {logging_mixin.py:115} INFO - [2022-06-26 13:29:18,745] {dag.py:2379} INFO - Sync 1 DAGs
[2022-06-26 13:29:19,327] {logging_mixin.py:115} INFO - [2022-06-26 13:29:19,327] {dag.py:2931} INFO - Setting next_dagrun for example_time_delta_sensor_async to None, run_after=None
[2022-06-26 13:29:19,371] {processor.py:161} INFO - Processing /home/airflow/.local/lib/python3.7/site-packages/airflow/example_dags/example_time_delta_sensor_async.py took 0.819 seconds
[2022-06-26 13:29:50,043] {processor.py:153} INFO - Started process (PID=345) to work on /home/airflow/.local/lib/python3.7/site-packages/airflow/example_dags/example_time_delta_sensor_async.py
[2022-06-26 13:29:50,045] {processor.py:641} INFO - Processing file /home/airflow/.local/lib/python3.7/site-packages/airflow/example_dags/example_time_delta_sensor_async.py for tasks to queue
[2022-06-26 13:29:50,045] {logging_mixin.py:115} INFO - [2022-06-26 13:29:50,045] {dagbag.py:507} INFO - Filling up the DagBag from /home/airflow/.local/lib/python3.7/site-packages/airflow/example_dags/example_time_delta_sensor_async.py
[2022-06-26 13:29:50,052] {processor.py:651} INFO - DAG(s) dict_keys(['example_time_delta_sensor_async']) retrieved from /home/airflow/.local/lib/python3.7/site-packages/airflow/example_dags/example_time_delta_sensor_async.py
[2022-06-26 13:29:50,095] {logging_mixin.py:115} INFO - [2022-06-26 13:29:50,095] {dag.py:2379} INFO - Sync 1 DAGs
[2022-06-26 13:29:50,284] {logging_mixin.py:115} INFO - [2022-06-26 13:29:50,284] {dag.py:2931} INFO - Setting next_dagrun for example_time_delta_sensor_async to None, run_after=None
[2022-06-26 13:29:50,297] {processor.py:161} INFO - Processing /home/airflow/.local/lib/python3.7/site-packages/airflow/example_dags/example_time_delta_sensor_async.py took 0.258 seconds
[2022-06-26 13:30:20,819] {processor.py:153} INFO - Started process (PID=397) to work on /home/airflow/.local/lib/python3.7/site-packages/airflow/example_dags/example_time_delta_sensor_async.py
[2022-06-26 13:30:20,821] {processor.py:641} INFO - Processing file /home/airflow/.local/lib/python3.7/site-packages/airflow/example_dags/example_time_delta_sensor_async.py for tasks to queue
[2022-06-26 13:30:20,821] {logging_mixin.py:115} INFO - [2022-06-26 13:30:20,821] {dagbag.py:507} INFO - Filling up the DagBag from /home/airflow/.local/lib/python3.7/site-packages/airflow/example_dags/example_time_delta_sensor_async.py
[2022-06-26 13:30:20,828] {processor.py:651} INFO - DAG(s) dict_keys(['example_time_delta_sensor_async']) retrieved from /home/airflow/.local/lib/python3.7/site-packages/airflow/example_dags/example_time_delta_sensor_async.py
[2022-06-26 13:30:20,873] {logging_mixin.py:115} INFO - [2022-06-26 13:30:20,873] {dag.py:2379} INFO - Sync 1 DAGs
[2022-06-26 13:30:21,061] {logging_mixin.py:115} INFO - [2022-06-26 13:30:21,061] {dag.py:2931} INFO - Setting next_dagrun for example_time_delta_sensor_async to None, run_after=None
[2022-06-26 13:30:21,091] {processor.py:161} INFO - Processing /home/airflow/.local/lib/python3.7/site-packages/airflow/example_dags/example_time_delta_sensor_async.py took 0.276 seconds
[2022-06-26 13:30:51,754] {processor.py:153} INFO - Started process (PID=457) to work on /home/airflow/.local/lib/python3.7/site-packages/airflow/example_dags/example_time_delta_sensor_async.py
[2022-06-26 13:30:51,757] {processor.py:641} INFO - Processing file /home/airflow/.local/lib/python3.7/site-packages/airflow/example_dags/example_time_delta_sensor_async.py for tasks to queue
[2022-06-26 13:30:51,758] {logging_mixin.py:115} INFO - [2022-06-26 13:30:51,757] {dagbag.py:507} INFO - Filling up the DagBag from /home/airflow/.local/lib/python3.7/site-packages/airflow/example_dags/example_time_delta_sensor_async.py
[2022-06-26 13:30:51,766] {processor.py:651} INFO - DAG(s) dict_keys(['example_time_delta_sensor_async']) retrieved from /home/airflow/.local/lib/python3.7/site-packages/airflow/example_dags/example_time_delta_sensor_async.py
[2022-06-26 13:30:51,828] {logging_mixin.py:115} INFO - [2022-06-26 13:30:51,828] {dag.py:2379} INFO - Sync 1 DAGs
[2022-06-26 13:30:52,074] {logging_mixin.py:115} INFO - [2022-06-26 13:30:52,074] {dag.py:2931} INFO - Setting next_dagrun for example_time_delta_sensor_async to None, run_after=None
[2022-06-26 13:30:52,091] {processor.py:161} INFO - Processing /home/airflow/.local/lib/python3.7/site-packages/airflow/example_dags/example_time_delta_sensor_async.py took 0.352 seconds
[2022-06-26 13:31:22,743] {processor.py:153} INFO - Started process (PID=510) to work on /home/airflow/.local/lib/python3.7/site-packages/airflow/example_dags/example_time_delta_sensor_async.py
[2022-06-26 13:31:22,744] {processor.py:641} INFO - Processing file /home/airflow/.local/lib/python3.7/site-packages/airflow/example_dags/example_time_delta_sensor_async.py for tasks to queue
[2022-06-26 13:31:22,744] {logging_mixin.py:115} INFO - [2022-06-26 13:31:22,744] {dagbag.py:507} INFO - Filling up the DagBag from /home/airflow/.local/lib/python3.7/site-packages/airflow/example_dags/example_time_delta_sensor_async.py
[2022-06-26 13:31:22,751] {processor.py:651} INFO - DAG(s) dict_keys(['example_time_delta_sensor_async']) retrieved from /home/airflow/.local/lib/python3.7/site-packages/airflow/example_dags/example_time_delta_sensor_async.py
[2022-06-26 13:31:22,792] {logging_mixin.py:115} INFO - [2022-06-26 13:31:22,792] {dag.py:2379} INFO - Sync 1 DAGs
[2022-06-26 13:31:22,979] {logging_mixin.py:115} INFO - [2022-06-26 13:31:22,979] {dag.py:2931} INFO - Setting next_dagrun for example_time_delta_sensor_async to None, run_after=None
[2022-06-26 13:31:22,992] {processor.py:161} INFO - Processing /home/airflow/.local/lib/python3.7/site-packages/airflow/example_dags/example_time_delta_sensor_async.py took 0.254 seconds
[2022-06-26 13:31:53,792] {processor.py:153} INFO - Started process (PID=563) to work on /home/airflow/.local/lib/python3.7/site-packages/airflow/example_dags/example_time_delta_sensor_async.py
[2022-06-26 13:31:53,794] {processor.py:641} INFO - Processing file /home/airflow/.local/lib/python3.7/site-packages/airflow/example_dags/example_time_delta_sensor_async.py for tasks to queue
[2022-06-26 13:31:53,794] {logging_mixin.py:115} INFO - [2022-06-26 13:31:53,794] {dagbag.py:507} INFO - Filling up the DagBag from /home/airflow/.local/lib/python3.7/site-packages/airflow/example_dags/example_time_delta_sensor_async.py
[2022-06-26 13:31:53,803] {processor.py:651} INFO - DAG(s) dict_keys(['example_time_delta_sensor_async']) retrieved from /home/airflow/.local/lib/python3.7/site-packages/airflow/example_dags/example_time_delta_sensor_async.py
[2022-06-26 13:31:53,877] {logging_mixin.py:115} INFO - [2022-06-26 13:31:53,876] {dag.py:2379} INFO - Sync 1 DAGs
[2022-06-26 13:31:54,116] {logging_mixin.py:115} INFO - [2022-06-26 13:31:54,116] {dag.py:2931} INFO - Setting next_dagrun for example_time_delta_sensor_async to None, run_after=None
[2022-06-26 13:31:54,132] {processor.py:161} INFO - Processing /home/airflow/.local/lib/python3.7/site-packages/airflow/example_dags/example_time_delta_sensor_async.py took 0.345 seconds
[2022-06-26 13:32:24,964] {processor.py:153} INFO - Started process (PID=624) to work on /home/airflow/.local/lib/python3.7/site-packages/airflow/example_dags/example_time_delta_sensor_async.py
[2022-06-26 13:32:24,965] {processor.py:641} INFO - Processing file /home/airflow/.local/lib/python3.7/site-packages/airflow/example_dags/example_time_delta_sensor_async.py for tasks to queue
[2022-06-26 13:32:24,965] {logging_mixin.py:115} INFO - [2022-06-26 13:32:24,965] {dagbag.py:507} INFO - Filling up the DagBag from /home/airflow/.local/lib/python3.7/site-packages/airflow/example_dags/example_time_delta_sensor_async.py
[2022-06-26 13:32:24,972] {processor.py:651} INFO - DAG(s) dict_keys(['example_time_delta_sensor_async']) retrieved from /home/airflow/.local/lib/python3.7/site-packages/airflow/example_dags/example_time_delta_sensor_async.py
[2022-06-26 13:32:25,016] {logging_mixin.py:115} INFO - [2022-06-26 13:32:25,016] {dag.py:2379} INFO - Sync 1 DAGs
[2022-06-26 13:32:25,207] {logging_mixin.py:115} INFO - [2022-06-26 13:32:25,206] {dag.py:2931} INFO - Setting next_dagrun for example_time_delta_sensor_async to None, run_after=None
[2022-06-26 13:32:25,219] {processor.py:161} INFO - Processing /home/airflow/.local/lib/python3.7/site-packages/airflow/example_dags/example_time_delta_sensor_async.py took 0.259 seconds
[2022-06-26 13:32:55,599] {processor.py:153} INFO - Started process (PID=684) to work on /home/airflow/.local/lib/python3.7/site-packages/airflow/example_dags/example_time_delta_sensor_async.py
[2022-06-26 13:32:55,600] {processor.py:641} INFO - Processing file /home/airflow/.local/lib/python3.7/site-packages/airflow/example_dags/example_time_delta_sensor_async.py for tasks to queue
[2022-06-26 13:32:55,603] {logging_mixin.py:115} INFO - [2022-06-26 13:32:55,600] {dagbag.py:507} INFO - Filling up the DagBag from /home/airflow/.local/lib/python3.7/site-packages/airflow/example_dags/example_time_delta_sensor_async.py
[2022-06-26 13:32:55,626] {processor.py:651} INFO - DAG(s) dict_keys(['example_time_delta_sensor_async']) retrieved from /home/airflow/.local/lib/python3.7/site-packages/airflow/example_dags/example_time_delta_sensor_async.py
[2022-06-26 13:32:55,712] {logging_mixin.py:115} INFO - [2022-06-26 13:32:55,711] {dag.py:2379} INFO - Sync 1 DAGs
[2022-06-26 13:32:56,004] {logging_mixin.py:115} INFO - [2022-06-26 13:32:56,003] {dag.py:2931} INFO - Setting next_dagrun for example_time_delta_sensor_async to None, run_after=None
[2022-06-26 13:32:56,022] {processor.py:161} INFO - Processing /home/airflow/.local/lib/python3.7/site-packages/airflow/example_dags/example_time_delta_sensor_async.py took 0.446 seconds
[2022-06-26 13:33:26,198] {processor.py:153} INFO - Started process (PID=739) to work on /home/airflow/.local/lib/python3.7/site-packages/airflow/example_dags/example_time_delta_sensor_async.py
[2022-06-26 13:33:26,203] {processor.py:641} INFO - Processing file /home/airflow/.local/lib/python3.7/site-packages/airflow/example_dags/example_time_delta_sensor_async.py for tasks to queue
[2022-06-26 13:33:26,203] {logging_mixin.py:115} INFO - [2022-06-26 13:33:26,203] {dagbag.py:507} INFO - Filling up the DagBag from /home/airflow/.local/lib/python3.7/site-packages/airflow/example_dags/example_time_delta_sensor_async.py
[2022-06-26 13:33:26,217] {processor.py:651} INFO - DAG(s) dict_keys(['example_time_delta_sensor_async']) retrieved from /home/airflow/.local/lib/python3.7/site-packages/airflow/example_dags/example_time_delta_sensor_async.py
[2022-06-26 13:33:26,263] {logging_mixin.py:115} INFO - [2022-06-26 13:33:26,263] {dag.py:2379} INFO - Sync 1 DAGs
[2022-06-26 13:33:26,485] {logging_mixin.py:115} INFO - [2022-06-26 13:33:26,484] {dag.py:2931} INFO - Setting next_dagrun for example_time_delta_sensor_async to None, run_after=None
[2022-06-26 13:33:26,503] {processor.py:161} INFO - Processing /home/airflow/.local/lib/python3.7/site-packages/airflow/example_dags/example_time_delta_sensor_async.py took 0.314 seconds
[2022-06-26 13:33:57,612] {processor.py:153} INFO - Started process (PID=799) to work on /home/airflow/.local/lib/python3.7/site-packages/airflow/example_dags/example_time_delta_sensor_async.py
[2022-06-26 13:33:57,628] {processor.py:641} INFO - Processing file /home/airflow/.local/lib/python3.7/site-packages/airflow/example_dags/example_time_delta_sensor_async.py for tasks to queue
[2022-06-26 13:33:57,629] {logging_mixin.py:115} INFO - [2022-06-26 13:33:57,629] {dagbag.py:507} INFO - Filling up the DagBag from /home/airflow/.local/lib/python3.7/site-packages/airflow/example_dags/example_time_delta_sensor_async.py
[2022-06-26 13:33:57,638] {processor.py:651} INFO - DAG(s) dict_keys(['example_time_delta_sensor_async']) retrieved from /home/airflow/.local/lib/python3.7/site-packages/airflow/example_dags/example_time_delta_sensor_async.py
[2022-06-26 13:33:57,761] {logging_mixin.py:115} INFO - [2022-06-26 13:33:57,761] {dag.py:2379} INFO - Sync 1 DAGs
[2022-06-26 13:33:58,404] {logging_mixin.py:115} INFO - [2022-06-26 13:33:58,404] {dag.py:2931} INFO - Setting next_dagrun for example_time_delta_sensor_async to None, run_after=None
[2022-06-26 13:33:58,454] {processor.py:161} INFO - Processing /home/airflow/.local/lib/python3.7/site-packages/airflow/example_dags/example_time_delta_sensor_async.py took 0.864 seconds
[2022-06-26 13:34:29,173] {processor.py:153} INFO - Started process (PID=853) to work on /home/airflow/.local/lib/python3.7/site-packages/airflow/example_dags/example_time_delta_sensor_async.py
[2022-06-26 13:34:29,174] {processor.py:641} INFO - Processing file /home/airflow/.local/lib/python3.7/site-packages/airflow/example_dags/example_time_delta_sensor_async.py for tasks to queue
[2022-06-26 13:34:29,174] {logging_mixin.py:115} INFO - [2022-06-26 13:34:29,174] {dagbag.py:507} INFO - Filling up the DagBag from /home/airflow/.local/lib/python3.7/site-packages/airflow/example_dags/example_time_delta_sensor_async.py
[2022-06-26 13:34:29,180] {processor.py:651} INFO - DAG(s) dict_keys(['example_time_delta_sensor_async']) retrieved from /home/airflow/.local/lib/python3.7/site-packages/airflow/example_dags/example_time_delta_sensor_async.py
[2022-06-26 13:34:29,224] {logging_mixin.py:115} INFO - [2022-06-26 13:34:29,224] {dag.py:2379} INFO - Sync 1 DAGs
[2022-06-26 13:34:29,414] {logging_mixin.py:115} INFO - [2022-06-26 13:34:29,414] {dag.py:2931} INFO - Setting next_dagrun for example_time_delta_sensor_async to None, run_after=None
[2022-06-26 13:34:29,431] {processor.py:161} INFO - Processing /home/airflow/.local/lib/python3.7/site-packages/airflow/example_dags/example_time_delta_sensor_async.py took 0.263 seconds
[2022-06-26 13:35:00,382] {processor.py:153} INFO - Started process (PID=906) to work on /home/airflow/.local/lib/python3.7/site-packages/airflow/example_dags/example_time_delta_sensor_async.py
[2022-06-26 13:35:00,386] {processor.py:641} INFO - Processing file /home/airflow/.local/lib/python3.7/site-packages/airflow/example_dags/example_time_delta_sensor_async.py for tasks to queue
[2022-06-26 13:35:00,387] {logging_mixin.py:115} INFO - [2022-06-26 13:35:00,387] {dagbag.py:507} INFO - Filling up the DagBag from /home/airflow/.local/lib/python3.7/site-packages/airflow/example_dags/example_time_delta_sensor_async.py
[2022-06-26 13:35:00,395] {processor.py:651} INFO - DAG(s) dict_keys(['example_time_delta_sensor_async']) retrieved from /home/airflow/.local/lib/python3.7/site-packages/airflow/example_dags/example_time_delta_sensor_async.py
[2022-06-26 13:35:00,510] {logging_mixin.py:115} INFO - [2022-06-26 13:35:00,510] {dag.py:2379} INFO - Sync 1 DAGs
[2022-06-26 13:35:00,802] {logging_mixin.py:115} INFO - [2022-06-26 13:35:00,802] {dag.py:2931} INFO - Setting next_dagrun for example_time_delta_sensor_async to None, run_after=None
[2022-06-26 13:35:00,821] {processor.py:161} INFO - Processing /home/airflow/.local/lib/python3.7/site-packages/airflow/example_dags/example_time_delta_sensor_async.py took 0.444 seconds
[2022-06-26 13:35:31,075] {processor.py:153} INFO - Started process (PID=968) to work on /home/airflow/.local/lib/python3.7/site-packages/airflow/example_dags/example_time_delta_sensor_async.py
[2022-06-26 13:35:31,075] {processor.py:641} INFO - Processing file /home/airflow/.local/lib/python3.7/site-packages/airflow/example_dags/example_time_delta_sensor_async.py for tasks to queue
[2022-06-26 13:35:31,076] {logging_mixin.py:115} INFO - [2022-06-26 13:35:31,076] {dagbag.py:507} INFO - Filling up the DagBag from /home/airflow/.local/lib/python3.7/site-packages/airflow/example_dags/example_time_delta_sensor_async.py
[2022-06-26 13:35:31,082] {processor.py:651} INFO - DAG(s) dict_keys(['example_time_delta_sensor_async']) retrieved from /home/airflow/.local/lib/python3.7/site-packages/airflow/example_dags/example_time_delta_sensor_async.py
[2022-06-26 13:35:31,126] {logging_mixin.py:115} INFO - [2022-06-26 13:35:31,125] {dag.py:2379} INFO - Sync 1 DAGs
[2022-06-26 13:35:31,323] {logging_mixin.py:115} INFO - [2022-06-26 13:35:31,323] {dag.py:2931} INFO - Setting next_dagrun for example_time_delta_sensor_async to None, run_after=None
[2022-06-26 13:35:31,335] {processor.py:161} INFO - Processing /home/airflow/.local/lib/python3.7/site-packages/airflow/example_dags/example_time_delta_sensor_async.py took 0.265 seconds
[2022-06-26 13:36:01,862] {processor.py:153} INFO - Started process (PID=1021) to work on /home/airflow/.local/lib/python3.7/site-packages/airflow/example_dags/example_time_delta_sensor_async.py
[2022-06-26 13:36:01,867] {processor.py:641} INFO - Processing file /home/airflow/.local/lib/python3.7/site-packages/airflow/example_dags/example_time_delta_sensor_async.py for tasks to queue
[2022-06-26 13:36:01,868] {logging_mixin.py:115} INFO - [2022-06-26 13:36:01,868] {dagbag.py:507} INFO - Filling up the DagBag from /home/airflow/.local/lib/python3.7/site-packages/airflow/example_dags/example_time_delta_sensor_async.py
[2022-06-26 13:36:01,877] {processor.py:651} INFO - DAG(s) dict_keys(['example_time_delta_sensor_async']) retrieved from /home/airflow/.local/lib/python3.7/site-packages/airflow/example_dags/example_time_delta_sensor_async.py
[2022-06-26 13:36:01,943] {logging_mixin.py:115} INFO - [2022-06-26 13:36:01,942] {dag.py:2379} INFO - Sync 1 DAGs
[2022-06-26 13:36:02,297] {logging_mixin.py:115} INFO - [2022-06-26 13:36:02,297] {dag.py:2931} INFO - Setting next_dagrun for example_time_delta_sensor_async to None, run_after=None
[2022-06-26 13:36:02,333] {processor.py:161} INFO - Processing /home/airflow/.local/lib/python3.7/site-packages/airflow/example_dags/example_time_delta_sensor_async.py took 0.476 seconds
[2022-06-26 13:36:32,850] {processor.py:153} INFO - Started process (PID=1084) to work on /home/airflow/.local/lib/python3.7/site-packages/airflow/example_dags/example_time_delta_sensor_async.py
[2022-06-26 13:36:32,850] {processor.py:641} INFO - Processing file /home/airflow/.local/lib/python3.7/site-packages/airflow/example_dags/example_time_delta_sensor_async.py for tasks to queue
[2022-06-26 13:36:32,851] {logging_mixin.py:115} INFO - [2022-06-26 13:36:32,851] {dagbag.py:507} INFO - Filling up the DagBag from /home/airflow/.local/lib/python3.7/site-packages/airflow/example_dags/example_time_delta_sensor_async.py
[2022-06-26 13:36:32,859] {processor.py:651} INFO - DAG(s) dict_keys(['example_time_delta_sensor_async']) retrieved from /home/airflow/.local/lib/python3.7/site-packages/airflow/example_dags/example_time_delta_sensor_async.py
[2022-06-26 13:36:32,903] {logging_mixin.py:115} INFO - [2022-06-26 13:36:32,903] {dag.py:2379} INFO - Sync 1 DAGs
[2022-06-26 13:36:33,092] {logging_mixin.py:115} INFO - [2022-06-26 13:36:33,092] {dag.py:2931} INFO - Setting next_dagrun for example_time_delta_sensor_async to None, run_after=None
[2022-06-26 13:36:33,103] {processor.py:161} INFO - Processing /home/airflow/.local/lib/python3.7/site-packages/airflow/example_dags/example_time_delta_sensor_async.py took 0.259 seconds
[2022-06-26 13:37:03,855] {processor.py:153} INFO - Started process (PID=1137) to work on /home/airflow/.local/lib/python3.7/site-packages/airflow/example_dags/example_time_delta_sensor_async.py
[2022-06-26 13:37:03,869] {processor.py:641} INFO - Processing file /home/airflow/.local/lib/python3.7/site-packages/airflow/example_dags/example_time_delta_sensor_async.py for tasks to queue
[2022-06-26 13:37:03,870] {logging_mixin.py:115} INFO - [2022-06-26 13:37:03,870] {dagbag.py:507} INFO - Filling up the DagBag from /home/airflow/.local/lib/python3.7/site-packages/airflow/example_dags/example_time_delta_sensor_async.py
[2022-06-26 13:37:03,893] {processor.py:651} INFO - DAG(s) dict_keys(['example_time_delta_sensor_async']) retrieved from /home/airflow/.local/lib/python3.7/site-packages/airflow/example_dags/example_time_delta_sensor_async.py
[2022-06-26 13:37:04,075] {logging_mixin.py:115} INFO - [2022-06-26 13:37:04,075] {dag.py:2379} INFO - Sync 1 DAGs
[2022-06-26 13:37:04,406] {logging_mixin.py:115} INFO - [2022-06-26 13:37:04,406] {dag.py:2931} INFO - Setting next_dagrun for example_time_delta_sensor_async to None, run_after=None
[2022-06-26 13:37:04,443] {processor.py:161} INFO - Processing /home/airflow/.local/lib/python3.7/site-packages/airflow/example_dags/example_time_delta_sensor_async.py took 0.607 seconds
[2022-06-26 13:37:34,701] {processor.py:153} INFO - Started process (PID=1199) to work on /home/airflow/.local/lib/python3.7/site-packages/airflow/example_dags/example_time_delta_sensor_async.py
[2022-06-26 13:37:34,702] {processor.py:641} INFO - Processing file /home/airflow/.local/lib/python3.7/site-packages/airflow/example_dags/example_time_delta_sensor_async.py for tasks to queue
[2022-06-26 13:37:34,702] {logging_mixin.py:115} INFO - [2022-06-26 13:37:34,702] {dagbag.py:507} INFO - Filling up the DagBag from /home/airflow/.local/lib/python3.7/site-packages/airflow/example_dags/example_time_delta_sensor_async.py
[2022-06-26 13:37:34,711] {processor.py:651} INFO - DAG(s) dict_keys(['example_time_delta_sensor_async']) retrieved from /home/airflow/.local/lib/python3.7/site-packages/airflow/example_dags/example_time_delta_sensor_async.py
[2022-06-26 13:37:34,756] {logging_mixin.py:115} INFO - [2022-06-26 13:37:34,756] {dag.py:2379} INFO - Sync 1 DAGs
[2022-06-26 13:37:34,971] {logging_mixin.py:115} INFO - [2022-06-26 13:37:34,971] {dag.py:2931} INFO - Setting next_dagrun for example_time_delta_sensor_async to None, run_after=None
[2022-06-26 13:37:34,982] {processor.py:161} INFO - Processing /home/airflow/.local/lib/python3.7/site-packages/airflow/example_dags/example_time_delta_sensor_async.py took 0.286 seconds
[2022-06-26 13:38:06,344] {processor.py:153} INFO - Started process (PID=1252) to work on /home/airflow/.local/lib/python3.7/site-packages/airflow/example_dags/example_time_delta_sensor_async.py
[2022-06-26 13:38:06,375] {processor.py:641} INFO - Processing file /home/airflow/.local/lib/python3.7/site-packages/airflow/example_dags/example_time_delta_sensor_async.py for tasks to queue
[2022-06-26 13:38:06,381] {logging_mixin.py:115} INFO - [2022-06-26 13:38:06,376] {dagbag.py:507} INFO - Filling up the DagBag from /home/airflow/.local/lib/python3.7/site-packages/airflow/example_dags/example_time_delta_sensor_async.py
[2022-06-26 13:38:06,418] {processor.py:651} INFO - DAG(s) dict_keys(['example_time_delta_sensor_async']) retrieved from /home/airflow/.local/lib/python3.7/site-packages/airflow/example_dags/example_time_delta_sensor_async.py
[2022-06-26 13:38:06,635] {logging_mixin.py:115} INFO - [2022-06-26 13:38:06,635] {dag.py:2379} INFO - Sync 1 DAGs
[2022-06-26 13:38:07,280] {logging_mixin.py:115} INFO - [2022-06-26 13:38:07,279] {dag.py:2931} INFO - Setting next_dagrun for example_time_delta_sensor_async to None, run_after=None
[2022-06-26 13:38:07,304] {processor.py:161} INFO - Processing /home/airflow/.local/lib/python3.7/site-packages/airflow/example_dags/example_time_delta_sensor_async.py took 0.986 seconds
[2022-06-26 13:38:38,012] {processor.py:153} INFO - Started process (PID=1313) to work on /home/airflow/.local/lib/python3.7/site-packages/airflow/example_dags/example_time_delta_sensor_async.py
[2022-06-26 13:38:38,028] {processor.py:641} INFO - Processing file /home/airflow/.local/lib/python3.7/site-packages/airflow/example_dags/example_time_delta_sensor_async.py for tasks to queue
[2022-06-26 13:38:38,029] {logging_mixin.py:115} INFO - [2022-06-26 13:38:38,029] {dagbag.py:507} INFO - Filling up the DagBag from /home/airflow/.local/lib/python3.7/site-packages/airflow/example_dags/example_time_delta_sensor_async.py
[2022-06-26 13:38:38,053] {processor.py:651} INFO - DAG(s) dict_keys(['example_time_delta_sensor_async']) retrieved from /home/airflow/.local/lib/python3.7/site-packages/airflow/example_dags/example_time_delta_sensor_async.py
[2022-06-26 13:38:38,134] {logging_mixin.py:115} INFO - [2022-06-26 13:38:38,133] {dag.py:2379} INFO - Sync 1 DAGs
[2022-06-26 13:38:38,404] {logging_mixin.py:115} INFO - [2022-06-26 13:38:38,404] {dag.py:2931} INFO - Setting next_dagrun for example_time_delta_sensor_async to None, run_after=None
[2022-06-26 13:38:38,421] {processor.py:161} INFO - Processing /home/airflow/.local/lib/python3.7/site-packages/airflow/example_dags/example_time_delta_sensor_async.py took 0.415 seconds
[2022-06-26 13:39:09,274] {processor.py:153} INFO - Started process (PID=1367) to work on /home/airflow/.local/lib/python3.7/site-packages/airflow/example_dags/example_time_delta_sensor_async.py
[2022-06-26 13:39:09,277] {processor.py:641} INFO - Processing file /home/airflow/.local/lib/python3.7/site-packages/airflow/example_dags/example_time_delta_sensor_async.py for tasks to queue
[2022-06-26 13:39:09,278] {logging_mixin.py:115} INFO - [2022-06-26 13:39:09,278] {dagbag.py:507} INFO - Filling up the DagBag from /home/airflow/.local/lib/python3.7/site-packages/airflow/example_dags/example_time_delta_sensor_async.py
[2022-06-26 13:39:09,286] {processor.py:651} INFO - DAG(s) dict_keys(['example_time_delta_sensor_async']) retrieved from /home/airflow/.local/lib/python3.7/site-packages/airflow/example_dags/example_time_delta_sensor_async.py
[2022-06-26 13:39:09,356] {logging_mixin.py:115} INFO - [2022-06-26 13:39:09,356] {dag.py:2379} INFO - Sync 1 DAGs
[2022-06-26 13:39:09,660] {logging_mixin.py:115} INFO - [2022-06-26 13:39:09,660] {dag.py:2931} INFO - Setting next_dagrun for example_time_delta_sensor_async to None, run_after=None
[2022-06-26 13:39:09,710] {processor.py:161} INFO - Processing /home/airflow/.local/lib/python3.7/site-packages/airflow/example_dags/example_time_delta_sensor_async.py took 0.442 seconds
[2022-06-26 13:39:40,284] {processor.py:153} INFO - Started process (PID=1428) to work on /home/airflow/.local/lib/python3.7/site-packages/airflow/example_dags/example_time_delta_sensor_async.py
[2022-06-26 13:39:40,285] {processor.py:641} INFO - Processing file /home/airflow/.local/lib/python3.7/site-packages/airflow/example_dags/example_time_delta_sensor_async.py for tasks to queue
[2022-06-26 13:39:40,286] {logging_mixin.py:115} INFO - [2022-06-26 13:39:40,286] {dagbag.py:507} INFO - Filling up the DagBag from /home/airflow/.local/lib/python3.7/site-packages/airflow/example_dags/example_time_delta_sensor_async.py
[2022-06-26 13:39:40,295] {processor.py:651} INFO - DAG(s) dict_keys(['example_time_delta_sensor_async']) retrieved from /home/airflow/.local/lib/python3.7/site-packages/airflow/example_dags/example_time_delta_sensor_async.py
[2022-06-26 13:39:40,368] {logging_mixin.py:115} INFO - [2022-06-26 13:39:40,368] {dag.py:2379} INFO - Sync 1 DAGs
[2022-06-26 13:39:40,616] {logging_mixin.py:115} INFO - [2022-06-26 13:39:40,616] {dag.py:2931} INFO - Setting next_dagrun for example_time_delta_sensor_async to None, run_after=None
[2022-06-26 13:39:40,633] {processor.py:161} INFO - Processing /home/airflow/.local/lib/python3.7/site-packages/airflow/example_dags/example_time_delta_sensor_async.py took 0.355 seconds
[2022-06-26 13:40:10,731] {processor.py:153} INFO - Started process (PID=1480) to work on /home/airflow/.local/lib/python3.7/site-packages/airflow/example_dags/example_time_delta_sensor_async.py
[2022-06-26 13:40:10,732] {processor.py:641} INFO - Processing file /home/airflow/.local/lib/python3.7/site-packages/airflow/example_dags/example_time_delta_sensor_async.py for tasks to queue
[2022-06-26 13:40:10,733] {logging_mixin.py:115} INFO - [2022-06-26 13:40:10,733] {dagbag.py:507} INFO - Filling up the DagBag from /home/airflow/.local/lib/python3.7/site-packages/airflow/example_dags/example_time_delta_sensor_async.py
[2022-06-26 13:40:10,742] {processor.py:651} INFO - DAG(s) dict_keys(['example_time_delta_sensor_async']) retrieved from /home/airflow/.local/lib/python3.7/site-packages/airflow/example_dags/example_time_delta_sensor_async.py
[2022-06-26 13:40:10,816] {logging_mixin.py:115} INFO - [2022-06-26 13:40:10,815] {dag.py:2379} INFO - Sync 1 DAGs
[2022-06-26 13:40:11,228] {logging_mixin.py:115} INFO - [2022-06-26 13:40:11,228] {dag.py:2931} INFO - Setting next_dagrun for example_time_delta_sensor_async to None, run_after=None
[2022-06-26 13:40:11,259] {processor.py:161} INFO - Processing /home/airflow/.local/lib/python3.7/site-packages/airflow/example_dags/example_time_delta_sensor_async.py took 0.534 seconds
[2022-06-26 13:40:41,831] {processor.py:153} INFO - Started process (PID=1540) to work on /home/airflow/.local/lib/python3.7/site-packages/airflow/example_dags/example_time_delta_sensor_async.py
[2022-06-26 13:40:41,849] {processor.py:641} INFO - Processing file /home/airflow/.local/lib/python3.7/site-packages/airflow/example_dags/example_time_delta_sensor_async.py for tasks to queue
[2022-06-26 13:40:41,850] {logging_mixin.py:115} INFO - [2022-06-26 13:40:41,850] {dagbag.py:507} INFO - Filling up the DagBag from /home/airflow/.local/lib/python3.7/site-packages/airflow/example_dags/example_time_delta_sensor_async.py
[2022-06-26 13:40:41,916] {processor.py:651} INFO - DAG(s) dict_keys(['example_time_delta_sensor_async']) retrieved from /home/airflow/.local/lib/python3.7/site-packages/airflow/example_dags/example_time_delta_sensor_async.py
[2022-06-26 13:40:42,268] {logging_mixin.py:115} INFO - [2022-06-26 13:40:42,268] {dag.py:2379} INFO - Sync 1 DAGs
[2022-06-26 13:40:43,565] {logging_mixin.py:115} INFO - [2022-06-26 13:40:43,565] {dag.py:2931} INFO - Setting next_dagrun for example_time_delta_sensor_async to None, run_after=None
[2022-06-26 13:40:43,613] {processor.py:161} INFO - Processing /home/airflow/.local/lib/python3.7/site-packages/airflow/example_dags/example_time_delta_sensor_async.py took 1.800 seconds
[2022-06-26 13:41:14,599] {processor.py:153} INFO - Started process (PID=1595) to work on /home/airflow/.local/lib/python3.7/site-packages/airflow/example_dags/example_time_delta_sensor_async.py
[2022-06-26 13:41:14,600] {processor.py:641} INFO - Processing file /home/airflow/.local/lib/python3.7/site-packages/airflow/example_dags/example_time_delta_sensor_async.py for tasks to queue
[2022-06-26 13:41:14,600] {logging_mixin.py:115} INFO - [2022-06-26 13:41:14,600] {dagbag.py:507} INFO - Filling up the DagBag from /home/airflow/.local/lib/python3.7/site-packages/airflow/example_dags/example_time_delta_sensor_async.py
[2022-06-26 13:41:14,609] {processor.py:651} INFO - DAG(s) dict_keys(['example_time_delta_sensor_async']) retrieved from /home/airflow/.local/lib/python3.7/site-packages/airflow/example_dags/example_time_delta_sensor_async.py
[2022-06-26 13:41:14,679] {logging_mixin.py:115} INFO - [2022-06-26 13:41:14,679] {dag.py:2379} INFO - Sync 1 DAGs
[2022-06-26 13:41:14,934] {logging_mixin.py:115} INFO - [2022-06-26 13:41:14,934] {dag.py:2931} INFO - Setting next_dagrun for example_time_delta_sensor_async to None, run_after=None
[2022-06-26 13:41:14,951] {processor.py:161} INFO - Processing /home/airflow/.local/lib/python3.7/site-packages/airflow/example_dags/example_time_delta_sensor_async.py took 0.358 seconds
[2022-06-26 13:41:45,124] {processor.py:153} INFO - Started process (PID=1648) to work on /home/airflow/.local/lib/python3.7/site-packages/airflow/example_dags/example_time_delta_sensor_async.py
[2022-06-26 13:41:45,131] {processor.py:641} INFO - Processing file /home/airflow/.local/lib/python3.7/site-packages/airflow/example_dags/example_time_delta_sensor_async.py for tasks to queue
[2022-06-26 13:41:45,134] {logging_mixin.py:115} INFO - [2022-06-26 13:41:45,134] {dagbag.py:507} INFO - Filling up the DagBag from /home/airflow/.local/lib/python3.7/site-packages/airflow/example_dags/example_time_delta_sensor_async.py
[2022-06-26 13:41:45,161] {processor.py:651} INFO - DAG(s) dict_keys(['example_time_delta_sensor_async']) retrieved from /home/airflow/.local/lib/python3.7/site-packages/airflow/example_dags/example_time_delta_sensor_async.py
[2022-06-26 13:41:45,329] {logging_mixin.py:115} INFO - [2022-06-26 13:41:45,329] {dag.py:2379} INFO - Sync 1 DAGs
[2022-06-26 13:41:45,912] {logging_mixin.py:115} INFO - [2022-06-26 13:41:45,912] {dag.py:2931} INFO - Setting next_dagrun for example_time_delta_sensor_async to None, run_after=None
[2022-06-26 13:41:45,979] {processor.py:161} INFO - Processing /home/airflow/.local/lib/python3.7/site-packages/airflow/example_dags/example_time_delta_sensor_async.py took 0.867 seconds
[2022-06-26 13:42:16,500] {processor.py:153} INFO - Started process (PID=1710) to work on /home/airflow/.local/lib/python3.7/site-packages/airflow/example_dags/example_time_delta_sensor_async.py
[2022-06-26 13:42:16,517] {processor.py:641} INFO - Processing file /home/airflow/.local/lib/python3.7/site-packages/airflow/example_dags/example_time_delta_sensor_async.py for tasks to queue
[2022-06-26 13:42:16,518] {logging_mixin.py:115} INFO - [2022-06-26 13:42:16,517] {dagbag.py:507} INFO - Filling up the DagBag from /home/airflow/.local/lib/python3.7/site-packages/airflow/example_dags/example_time_delta_sensor_async.py
[2022-06-26 13:42:16,555] {processor.py:651} INFO - DAG(s) dict_keys(['example_time_delta_sensor_async']) retrieved from /home/airflow/.local/lib/python3.7/site-packages/airflow/example_dags/example_time_delta_sensor_async.py
[2022-06-26 13:42:16,746] {logging_mixin.py:115} INFO - [2022-06-26 13:42:16,745] {dag.py:2379} INFO - Sync 1 DAGs
[2022-06-26 13:42:17,290] {logging_mixin.py:115} INFO - [2022-06-26 13:42:17,290] {dag.py:2931} INFO - Setting next_dagrun for example_time_delta_sensor_async to None, run_after=None
[2022-06-26 13:42:17,327] {processor.py:161} INFO - Processing /home/airflow/.local/lib/python3.7/site-packages/airflow/example_dags/example_time_delta_sensor_async.py took 0.844 seconds
[2022-06-26 13:42:48,296] {processor.py:153} INFO - Started process (PID=1763) to work on /home/airflow/.local/lib/python3.7/site-packages/airflow/example_dags/example_time_delta_sensor_async.py
[2022-06-26 13:42:48,302] {processor.py:641} INFO - Processing file /home/airflow/.local/lib/python3.7/site-packages/airflow/example_dags/example_time_delta_sensor_async.py for tasks to queue
[2022-06-26 13:42:48,303] {logging_mixin.py:115} INFO - [2022-06-26 13:42:48,302] {dagbag.py:507} INFO - Filling up the DagBag from /home/airflow/.local/lib/python3.7/site-packages/airflow/example_dags/example_time_delta_sensor_async.py
[2022-06-26 13:42:48,311] {processor.py:651} INFO - DAG(s) dict_keys(['example_time_delta_sensor_async']) retrieved from /home/airflow/.local/lib/python3.7/site-packages/airflow/example_dags/example_time_delta_sensor_async.py
[2022-06-26 13:42:48,386] {logging_mixin.py:115} INFO - [2022-06-26 13:42:48,386] {dag.py:2379} INFO - Sync 1 DAGs
[2022-06-26 13:42:48,634] {logging_mixin.py:115} INFO - [2022-06-26 13:42:48,634] {dag.py:2931} INFO - Setting next_dagrun for example_time_delta_sensor_async to None, run_after=None
[2022-06-26 13:42:48,656] {processor.py:161} INFO - Processing /home/airflow/.local/lib/python3.7/site-packages/airflow/example_dags/example_time_delta_sensor_async.py took 0.365 seconds
