[2022-06-26 12:35:11,615] {processor.py:153} INFO - Started process (PID=72) to work on /home/airflow/.local/lib/python3.7/site-packages/airflow/example_dags/example_xcomargs.py
[2022-06-26 12:35:11,616] {processor.py:641} INFO - Processing file /home/airflow/.local/lib/python3.7/site-packages/airflow/example_dags/example_xcomargs.py for tasks to queue
[2022-06-26 12:35:11,621] {logging_mixin.py:115} INFO - [2022-06-26 12:35:11,621] {dagbag.py:507} INFO - Filling up the DagBag from /home/airflow/.local/lib/python3.7/site-packages/airflow/example_dags/example_xcomargs.py
[2022-06-26 12:35:11,675] {processor.py:651} INFO - DAG(s) dict_keys(['example_xcom_args', 'example_xcom_args_with_operators']) retrieved from /home/airflow/.local/lib/python3.7/site-packages/airflow/example_dags/example_xcomargs.py
[2022-06-26 12:35:12,474] {logging_mixin.py:115} INFO - [2022-06-26 12:35:12,474] {manager.py:508} INFO - Created Permission View: can delete on DAG:example_xcom_args
[2022-06-26 12:35:12,522] {logging_mixin.py:115} INFO - [2022-06-26 12:35:12,521] {manager.py:508} INFO - Created Permission View: can edit on DAG:example_xcom_args
[2022-06-26 12:35:12,558] {logging_mixin.py:115} INFO - [2022-06-26 12:35:12,557] {manager.py:508} INFO - Created Permission View: can read on DAG:example_xcom_args
[2022-06-26 12:35:12,670] {logging_mixin.py:115} INFO - [2022-06-26 12:35:12,670] {manager.py:508} INFO - Created Permission View: can delete on DAG:example_xcom_args_with_operators
[2022-06-26 12:35:12,730] {logging_mixin.py:115} INFO - [2022-06-26 12:35:12,730] {manager.py:508} INFO - Created Permission View: can edit on DAG:example_xcom_args_with_operators
[2022-06-26 12:35:12,781] {logging_mixin.py:115} INFO - [2022-06-26 12:35:12,781] {manager.py:508} INFO - Created Permission View: can read on DAG:example_xcom_args_with_operators
[2022-06-26 12:35:12,781] {logging_mixin.py:115} INFO - [2022-06-26 12:35:12,781] {dag.py:2379} INFO - Sync 2 DAGs
[2022-06-26 12:35:12,849] {logging_mixin.py:115} INFO - [2022-06-26 12:35:12,849] {dag.py:2398} INFO - Creating ORM DAG for example_xcom_args_with_operators
[2022-06-26 12:35:12,850] {logging_mixin.py:115} INFO - [2022-06-26 12:35:12,850] {dag.py:2398} INFO - Creating ORM DAG for example_xcom_args
[2022-06-26 12:35:12,967] {logging_mixin.py:115} INFO - [2022-06-26 12:35:12,967] {dag.py:2931} INFO - Setting next_dagrun for example_xcom_args to None, run_after=None
[2022-06-26 12:35:12,972] {logging_mixin.py:115} INFO - [2022-06-26 12:35:12,972] {dag.py:2931} INFO - Setting next_dagrun for example_xcom_args_with_operators to None, run_after=None
[2022-06-26 12:35:13,077] {processor.py:161} INFO - Processing /home/airflow/.local/lib/python3.7/site-packages/airflow/example_dags/example_xcomargs.py took 1.467 seconds
[2022-06-26 12:35:43,447] {processor.py:153} INFO - Started process (PID=125) to work on /home/airflow/.local/lib/python3.7/site-packages/airflow/example_dags/example_xcomargs.py
[2022-06-26 12:35:43,449] {processor.py:641} INFO - Processing file /home/airflow/.local/lib/python3.7/site-packages/airflow/example_dags/example_xcomargs.py for tasks to queue
[2022-06-26 12:35:43,450] {logging_mixin.py:115} INFO - [2022-06-26 12:35:43,450] {dagbag.py:507} INFO - Filling up the DagBag from /home/airflow/.local/lib/python3.7/site-packages/airflow/example_dags/example_xcomargs.py
[2022-06-26 12:35:43,479] {processor.py:651} INFO - DAG(s) dict_keys(['example_xcom_args', 'example_xcom_args_with_operators']) retrieved from /home/airflow/.local/lib/python3.7/site-packages/airflow/example_dags/example_xcomargs.py
[2022-06-26 12:35:43,833] {logging_mixin.py:115} INFO - [2022-06-26 12:35:43,833] {dag.py:2379} INFO - Sync 2 DAGs
[2022-06-26 12:35:43,852] {logging_mixin.py:115} INFO - [2022-06-26 12:35:43,852] {dag.py:2931} INFO - Setting next_dagrun for example_xcom_args to None, run_after=None
[2022-06-26 12:35:43,853] {logging_mixin.py:115} INFO - [2022-06-26 12:35:43,853] {dag.py:2931} INFO - Setting next_dagrun for example_xcom_args_with_operators to None, run_after=None
[2022-06-26 12:35:43,866] {processor.py:161} INFO - Processing /home/airflow/.local/lib/python3.7/site-packages/airflow/example_dags/example_xcomargs.py took 0.424 seconds
[2022-06-26 12:36:14,468] {processor.py:153} INFO - Started process (PID=187) to work on /home/airflow/.local/lib/python3.7/site-packages/airflow/example_dags/example_xcomargs.py
[2022-06-26 12:36:14,469] {processor.py:641} INFO - Processing file /home/airflow/.local/lib/python3.7/site-packages/airflow/example_dags/example_xcomargs.py for tasks to queue
[2022-06-26 12:36:14,470] {logging_mixin.py:115} INFO - [2022-06-26 12:36:14,470] {dagbag.py:507} INFO - Filling up the DagBag from /home/airflow/.local/lib/python3.7/site-packages/airflow/example_dags/example_xcomargs.py
[2022-06-26 12:36:14,499] {processor.py:651} INFO - DAG(s) dict_keys(['example_xcom_args', 'example_xcom_args_with_operators']) retrieved from /home/airflow/.local/lib/python3.7/site-packages/airflow/example_dags/example_xcomargs.py
[2022-06-26 12:36:14,830] {logging_mixin.py:115} INFO - [2022-06-26 12:36:14,830] {dag.py:2379} INFO - Sync 2 DAGs
[2022-06-26 12:36:14,850] {logging_mixin.py:115} INFO - [2022-06-26 12:36:14,849] {dag.py:2931} INFO - Setting next_dagrun for example_xcom_args to None, run_after=None
[2022-06-26 12:36:14,850] {logging_mixin.py:115} INFO - [2022-06-26 12:36:14,850] {dag.py:2931} INFO - Setting next_dagrun for example_xcom_args_with_operators to None, run_after=None
[2022-06-26 12:36:14,866] {processor.py:161} INFO - Processing /home/airflow/.local/lib/python3.7/site-packages/airflow/example_dags/example_xcomargs.py took 0.404 seconds
[2022-06-26 12:36:45,780] {processor.py:153} INFO - Started process (PID=239) to work on /home/airflow/.local/lib/python3.7/site-packages/airflow/example_dags/example_xcomargs.py
[2022-06-26 12:36:45,782] {processor.py:641} INFO - Processing file /home/airflow/.local/lib/python3.7/site-packages/airflow/example_dags/example_xcomargs.py for tasks to queue
[2022-06-26 12:36:45,783] {logging_mixin.py:115} INFO - [2022-06-26 12:36:45,783] {dagbag.py:507} INFO - Filling up the DagBag from /home/airflow/.local/lib/python3.7/site-packages/airflow/example_dags/example_xcomargs.py
[2022-06-26 12:36:45,813] {processor.py:651} INFO - DAG(s) dict_keys(['example_xcom_args', 'example_xcom_args_with_operators']) retrieved from /home/airflow/.local/lib/python3.7/site-packages/airflow/example_dags/example_xcomargs.py
[2022-06-26 12:36:46,176] {logging_mixin.py:115} INFO - [2022-06-26 12:36:46,176] {dag.py:2379} INFO - Sync 2 DAGs
[2022-06-26 12:36:46,196] {logging_mixin.py:115} INFO - [2022-06-26 12:36:46,196] {dag.py:2931} INFO - Setting next_dagrun for example_xcom_args to None, run_after=None
[2022-06-26 12:36:46,196] {logging_mixin.py:115} INFO - [2022-06-26 12:36:46,196] {dag.py:2931} INFO - Setting next_dagrun for example_xcom_args_with_operators to None, run_after=None
[2022-06-26 12:36:46,211] {processor.py:161} INFO - Processing /home/airflow/.local/lib/python3.7/site-packages/airflow/example_dags/example_xcomargs.py took 0.436 seconds
[2022-06-26 12:37:16,563] {processor.py:153} INFO - Started process (PID=303) to work on /home/airflow/.local/lib/python3.7/site-packages/airflow/example_dags/example_xcomargs.py
[2022-06-26 12:37:16,564] {processor.py:641} INFO - Processing file /home/airflow/.local/lib/python3.7/site-packages/airflow/example_dags/example_xcomargs.py for tasks to queue
[2022-06-26 12:37:16,564] {logging_mixin.py:115} INFO - [2022-06-26 12:37:16,564] {dagbag.py:507} INFO - Filling up the DagBag from /home/airflow/.local/lib/python3.7/site-packages/airflow/example_dags/example_xcomargs.py
[2022-06-26 12:37:16,621] {processor.py:651} INFO - DAG(s) dict_keys(['example_xcom_args', 'example_xcom_args_with_operators']) retrieved from /home/airflow/.local/lib/python3.7/site-packages/airflow/example_dags/example_xcomargs.py
[2022-06-26 12:37:16,969] {logging_mixin.py:115} INFO - [2022-06-26 12:37:16,968] {dag.py:2379} INFO - Sync 2 DAGs
[2022-06-26 12:37:16,997] {logging_mixin.py:115} INFO - [2022-06-26 12:37:16,997] {dag.py:2931} INFO - Setting next_dagrun for example_xcom_args to None, run_after=None
[2022-06-26 12:37:16,997] {logging_mixin.py:115} INFO - [2022-06-26 12:37:16,997] {dag.py:2931} INFO - Setting next_dagrun for example_xcom_args_with_operators to None, run_after=None
[2022-06-26 12:37:17,011] {processor.py:161} INFO - Processing /home/airflow/.local/lib/python3.7/site-packages/airflow/example_dags/example_xcomargs.py took 0.453 seconds
[2022-06-26 12:37:47,208] {processor.py:153} INFO - Started process (PID=355) to work on /home/airflow/.local/lib/python3.7/site-packages/airflow/example_dags/example_xcomargs.py
[2022-06-26 12:37:47,211] {processor.py:641} INFO - Processing file /home/airflow/.local/lib/python3.7/site-packages/airflow/example_dags/example_xcomargs.py for tasks to queue
[2022-06-26 12:37:47,212] {logging_mixin.py:115} INFO - [2022-06-26 12:37:47,211] {dagbag.py:507} INFO - Filling up the DagBag from /home/airflow/.local/lib/python3.7/site-packages/airflow/example_dags/example_xcomargs.py
[2022-06-26 12:37:47,242] {processor.py:651} INFO - DAG(s) dict_keys(['example_xcom_args', 'example_xcom_args_with_operators']) retrieved from /home/airflow/.local/lib/python3.7/site-packages/airflow/example_dags/example_xcomargs.py
[2022-06-26 12:37:47,692] {logging_mixin.py:115} INFO - [2022-06-26 12:37:47,692] {dag.py:2379} INFO - Sync 2 DAGs
[2022-06-26 12:37:47,724] {logging_mixin.py:115} INFO - [2022-06-26 12:37:47,724] {dag.py:2931} INFO - Setting next_dagrun for example_xcom_args to None, run_after=None
[2022-06-26 12:37:47,725] {logging_mixin.py:115} INFO - [2022-06-26 12:37:47,725] {dag.py:2931} INFO - Setting next_dagrun for example_xcom_args_with_operators to None, run_after=None
[2022-06-26 12:37:47,738] {processor.py:161} INFO - Processing /home/airflow/.local/lib/python3.7/site-packages/airflow/example_dags/example_xcomargs.py took 0.536 seconds
[2022-06-26 12:38:18,402] {processor.py:153} INFO - Started process (PID=417) to work on /home/airflow/.local/lib/python3.7/site-packages/airflow/example_dags/example_xcomargs.py
[2022-06-26 12:38:18,403] {processor.py:641} INFO - Processing file /home/airflow/.local/lib/python3.7/site-packages/airflow/example_dags/example_xcomargs.py for tasks to queue
[2022-06-26 12:38:18,404] {logging_mixin.py:115} INFO - [2022-06-26 12:38:18,404] {dagbag.py:507} INFO - Filling up the DagBag from /home/airflow/.local/lib/python3.7/site-packages/airflow/example_dags/example_xcomargs.py
[2022-06-26 12:38:18,433] {processor.py:651} INFO - DAG(s) dict_keys(['example_xcom_args', 'example_xcom_args_with_operators']) retrieved from /home/airflow/.local/lib/python3.7/site-packages/airflow/example_dags/example_xcomargs.py
[2022-06-26 12:38:19,046] {logging_mixin.py:115} INFO - [2022-06-26 12:38:19,046] {dag.py:2379} INFO - Sync 2 DAGs
[2022-06-26 12:38:19,092] {logging_mixin.py:115} INFO - [2022-06-26 12:38:19,092] {dag.py:2931} INFO - Setting next_dagrun for example_xcom_args to None, run_after=None
[2022-06-26 12:38:19,093] {logging_mixin.py:115} INFO - [2022-06-26 12:38:19,093] {dag.py:2931} INFO - Setting next_dagrun for example_xcom_args_with_operators to None, run_after=None
[2022-06-26 12:38:19,112] {processor.py:161} INFO - Processing /home/airflow/.local/lib/python3.7/site-packages/airflow/example_dags/example_xcomargs.py took 0.715 seconds
[2022-06-26 12:38:49,151] {processor.py:153} INFO - Started process (PID=469) to work on /home/airflow/.local/lib/python3.7/site-packages/airflow/example_dags/example_xcomargs.py
[2022-06-26 12:38:49,158] {processor.py:641} INFO - Processing file /home/airflow/.local/lib/python3.7/site-packages/airflow/example_dags/example_xcomargs.py for tasks to queue
[2022-06-26 12:38:49,159] {logging_mixin.py:115} INFO - [2022-06-26 12:38:49,159] {dagbag.py:507} INFO - Filling up the DagBag from /home/airflow/.local/lib/python3.7/site-packages/airflow/example_dags/example_xcomargs.py
[2022-06-26 12:38:49,218] {processor.py:651} INFO - DAG(s) dict_keys(['example_xcom_args', 'example_xcom_args_with_operators']) retrieved from /home/airflow/.local/lib/python3.7/site-packages/airflow/example_dags/example_xcomargs.py
[2022-06-26 12:38:49,794] {logging_mixin.py:115} INFO - [2022-06-26 12:38:49,794] {dag.py:2379} INFO - Sync 2 DAGs
[2022-06-26 12:38:49,813] {logging_mixin.py:115} INFO - [2022-06-26 12:38:49,813] {dag.py:2931} INFO - Setting next_dagrun for example_xcom_args to None, run_after=None
[2022-06-26 12:38:49,813] {logging_mixin.py:115} INFO - [2022-06-26 12:38:49,813] {dag.py:2931} INFO - Setting next_dagrun for example_xcom_args_with_operators to None, run_after=None
[2022-06-26 12:38:49,828] {processor.py:161} INFO - Processing /home/airflow/.local/lib/python3.7/site-packages/airflow/example_dags/example_xcomargs.py took 0.682 seconds
[2022-06-26 12:39:20,113] {processor.py:153} INFO - Started process (PID=531) to work on /home/airflow/.local/lib/python3.7/site-packages/airflow/example_dags/example_xcomargs.py
[2022-06-26 12:39:20,114] {processor.py:641} INFO - Processing file /home/airflow/.local/lib/python3.7/site-packages/airflow/example_dags/example_xcomargs.py for tasks to queue
[2022-06-26 12:39:20,114] {logging_mixin.py:115} INFO - [2022-06-26 12:39:20,114] {dagbag.py:507} INFO - Filling up the DagBag from /home/airflow/.local/lib/python3.7/site-packages/airflow/example_dags/example_xcomargs.py
[2022-06-26 12:39:20,141] {processor.py:651} INFO - DAG(s) dict_keys(['example_xcom_args', 'example_xcom_args_with_operators']) retrieved from /home/airflow/.local/lib/python3.7/site-packages/airflow/example_dags/example_xcomargs.py
[2022-06-26 12:39:20,383] {logging_mixin.py:115} INFO - [2022-06-26 12:39:20,383] {dag.py:2379} INFO - Sync 2 DAGs
[2022-06-26 12:39:20,403] {logging_mixin.py:115} INFO - [2022-06-26 12:39:20,403] {dag.py:2931} INFO - Setting next_dagrun for example_xcom_args to None, run_after=None
[2022-06-26 12:39:20,403] {logging_mixin.py:115} INFO - [2022-06-26 12:39:20,403] {dag.py:2931} INFO - Setting next_dagrun for example_xcom_args_with_operators to None, run_after=None
[2022-06-26 12:39:20,423] {processor.py:161} INFO - Processing /home/airflow/.local/lib/python3.7/site-packages/airflow/example_dags/example_xcomargs.py took 0.316 seconds
[2022-06-26 12:39:50,824] {processor.py:153} INFO - Started process (PID=583) to work on /home/airflow/.local/lib/python3.7/site-packages/airflow/example_dags/example_xcomargs.py
[2022-06-26 12:39:50,827] {processor.py:641} INFO - Processing file /home/airflow/.local/lib/python3.7/site-packages/airflow/example_dags/example_xcomargs.py for tasks to queue
[2022-06-26 12:39:50,828] {logging_mixin.py:115} INFO - [2022-06-26 12:39:50,828] {dagbag.py:507} INFO - Filling up the DagBag from /home/airflow/.local/lib/python3.7/site-packages/airflow/example_dags/example_xcomargs.py
[2022-06-26 12:39:50,857] {processor.py:651} INFO - DAG(s) dict_keys(['example_xcom_args', 'example_xcom_args_with_operators']) retrieved from /home/airflow/.local/lib/python3.7/site-packages/airflow/example_dags/example_xcomargs.py
[2022-06-26 12:39:51,202] {logging_mixin.py:115} INFO - [2022-06-26 12:39:51,202] {dag.py:2379} INFO - Sync 2 DAGs
[2022-06-26 12:39:51,226] {logging_mixin.py:115} INFO - [2022-06-26 12:39:51,226] {dag.py:2931} INFO - Setting next_dagrun for example_xcom_args to None, run_after=None
[2022-06-26 12:39:51,226] {logging_mixin.py:115} INFO - [2022-06-26 12:39:51,226] {dag.py:2931} INFO - Setting next_dagrun for example_xcom_args_with_operators to None, run_after=None
[2022-06-26 12:39:51,247] {processor.py:161} INFO - Processing /home/airflow/.local/lib/python3.7/site-packages/airflow/example_dags/example_xcomargs.py took 0.429 seconds
[2022-06-26 12:40:21,570] {processor.py:153} INFO - Started process (PID=646) to work on /home/airflow/.local/lib/python3.7/site-packages/airflow/example_dags/example_xcomargs.py
[2022-06-26 12:40:21,577] {processor.py:641} INFO - Processing file /home/airflow/.local/lib/python3.7/site-packages/airflow/example_dags/example_xcomargs.py for tasks to queue
[2022-06-26 12:40:21,578] {logging_mixin.py:115} INFO - [2022-06-26 12:40:21,578] {dagbag.py:507} INFO - Filling up the DagBag from /home/airflow/.local/lib/python3.7/site-packages/airflow/example_dags/example_xcomargs.py
[2022-06-26 12:40:21,647] {processor.py:651} INFO - DAG(s) dict_keys(['example_xcom_args', 'example_xcom_args_with_operators']) retrieved from /home/airflow/.local/lib/python3.7/site-packages/airflow/example_dags/example_xcomargs.py
[2022-06-26 12:40:22,298] {logging_mixin.py:115} INFO - [2022-06-26 12:40:22,297] {dag.py:2379} INFO - Sync 2 DAGs
[2022-06-26 12:40:22,328] {logging_mixin.py:115} INFO - [2022-06-26 12:40:22,328] {dag.py:2931} INFO - Setting next_dagrun for example_xcom_args to None, run_after=None
[2022-06-26 12:40:22,328] {logging_mixin.py:115} INFO - [2022-06-26 12:40:22,328] {dag.py:2931} INFO - Setting next_dagrun for example_xcom_args_with_operators to None, run_after=None
[2022-06-26 12:40:22,349] {processor.py:161} INFO - Processing /home/airflow/.local/lib/python3.7/site-packages/airflow/example_dags/example_xcomargs.py took 0.790 seconds
[2022-06-26 12:40:52,630] {processor.py:153} INFO - Started process (PID=698) to work on /home/airflow/.local/lib/python3.7/site-packages/airflow/example_dags/example_xcomargs.py
[2022-06-26 12:40:52,633] {processor.py:641} INFO - Processing file /home/airflow/.local/lib/python3.7/site-packages/airflow/example_dags/example_xcomargs.py for tasks to queue
[2022-06-26 12:40:52,634] {logging_mixin.py:115} INFO - [2022-06-26 12:40:52,634] {dagbag.py:507} INFO - Filling up the DagBag from /home/airflow/.local/lib/python3.7/site-packages/airflow/example_dags/example_xcomargs.py
[2022-06-26 12:40:52,662] {processor.py:651} INFO - DAG(s) dict_keys(['example_xcom_args', 'example_xcom_args_with_operators']) retrieved from /home/airflow/.local/lib/python3.7/site-packages/airflow/example_dags/example_xcomargs.py
[2022-06-26 12:40:53,004] {logging_mixin.py:115} INFO - [2022-06-26 12:40:53,003] {dag.py:2379} INFO - Sync 2 DAGs
[2022-06-26 12:40:53,025] {logging_mixin.py:115} INFO - [2022-06-26 12:40:53,025] {dag.py:2931} INFO - Setting next_dagrun for example_xcom_args to None, run_after=None
[2022-06-26 12:40:53,026] {logging_mixin.py:115} INFO - [2022-06-26 12:40:53,026] {dag.py:2931} INFO - Setting next_dagrun for example_xcom_args_with_operators to None, run_after=None
[2022-06-26 12:40:53,040] {processor.py:161} INFO - Processing /home/airflow/.local/lib/python3.7/site-packages/airflow/example_dags/example_xcomargs.py took 0.416 seconds
[2022-06-26 12:41:23,546] {processor.py:153} INFO - Started process (PID=759) to work on /home/airflow/.local/lib/python3.7/site-packages/airflow/example_dags/example_xcomargs.py
[2022-06-26 12:41:23,547] {processor.py:641} INFO - Processing file /home/airflow/.local/lib/python3.7/site-packages/airflow/example_dags/example_xcomargs.py for tasks to queue
[2022-06-26 12:41:23,548] {logging_mixin.py:115} INFO - [2022-06-26 12:41:23,548] {dagbag.py:507} INFO - Filling up the DagBag from /home/airflow/.local/lib/python3.7/site-packages/airflow/example_dags/example_xcomargs.py
[2022-06-26 12:41:23,578] {processor.py:651} INFO - DAG(s) dict_keys(['example_xcom_args', 'example_xcom_args_with_operators']) retrieved from /home/airflow/.local/lib/python3.7/site-packages/airflow/example_dags/example_xcomargs.py
[2022-06-26 12:41:24,278] {logging_mixin.py:115} INFO - [2022-06-26 12:41:24,277] {dag.py:2379} INFO - Sync 2 DAGs
[2022-06-26 12:41:24,331] {logging_mixin.py:115} INFO - [2022-06-26 12:41:24,331] {dag.py:2931} INFO - Setting next_dagrun for example_xcom_args to None, run_after=None
[2022-06-26 12:41:24,332] {logging_mixin.py:115} INFO - [2022-06-26 12:41:24,332] {dag.py:2931} INFO - Setting next_dagrun for example_xcom_args_with_operators to None, run_after=None
[2022-06-26 12:41:24,393] {processor.py:161} INFO - Processing /home/airflow/.local/lib/python3.7/site-packages/airflow/example_dags/example_xcomargs.py took 0.852 seconds
[2022-06-26 12:41:54,659] {processor.py:153} INFO - Started process (PID=820) to work on /home/airflow/.local/lib/python3.7/site-packages/airflow/example_dags/example_xcomargs.py
[2022-06-26 12:41:54,667] {processor.py:641} INFO - Processing file /home/airflow/.local/lib/python3.7/site-packages/airflow/example_dags/example_xcomargs.py for tasks to queue
[2022-06-26 12:41:54,668] {logging_mixin.py:115} INFO - [2022-06-26 12:41:54,668] {dagbag.py:507} INFO - Filling up the DagBag from /home/airflow/.local/lib/python3.7/site-packages/airflow/example_dags/example_xcomargs.py
[2022-06-26 12:41:54,719] {processor.py:651} INFO - DAG(s) dict_keys(['example_xcom_args', 'example_xcom_args_with_operators']) retrieved from /home/airflow/.local/lib/python3.7/site-packages/airflow/example_dags/example_xcomargs.py
[2022-06-26 12:41:55,174] {logging_mixin.py:115} INFO - [2022-06-26 12:41:55,174] {dag.py:2379} INFO - Sync 2 DAGs
[2022-06-26 12:41:55,218] {logging_mixin.py:115} INFO - [2022-06-26 12:41:55,218] {dag.py:2931} INFO - Setting next_dagrun for example_xcom_args to None, run_after=None
[2022-06-26 12:41:55,219] {logging_mixin.py:115} INFO - [2022-06-26 12:41:55,219] {dag.py:2931} INFO - Setting next_dagrun for example_xcom_args_with_operators to None, run_after=None
[2022-06-26 12:41:55,251] {processor.py:161} INFO - Processing /home/airflow/.local/lib/python3.7/site-packages/airflow/example_dags/example_xcomargs.py took 0.598 seconds
[2022-06-26 12:42:25,403] {processor.py:153} INFO - Started process (PID=871) to work on /home/airflow/.local/lib/python3.7/site-packages/airflow/example_dags/example_xcomargs.py
[2022-06-26 12:42:25,405] {processor.py:641} INFO - Processing file /home/airflow/.local/lib/python3.7/site-packages/airflow/example_dags/example_xcomargs.py for tasks to queue
[2022-06-26 12:42:25,406] {logging_mixin.py:115} INFO - [2022-06-26 12:42:25,406] {dagbag.py:507} INFO - Filling up the DagBag from /home/airflow/.local/lib/python3.7/site-packages/airflow/example_dags/example_xcomargs.py
[2022-06-26 12:42:25,435] {processor.py:651} INFO - DAG(s) dict_keys(['example_xcom_args', 'example_xcom_args_with_operators']) retrieved from /home/airflow/.local/lib/python3.7/site-packages/airflow/example_dags/example_xcomargs.py
[2022-06-26 12:42:25,733] {logging_mixin.py:115} INFO - [2022-06-26 12:42:25,733] {dag.py:2379} INFO - Sync 2 DAGs
[2022-06-26 12:42:25,764] {logging_mixin.py:115} INFO - [2022-06-26 12:42:25,764] {dag.py:2931} INFO - Setting next_dagrun for example_xcom_args to None, run_after=None
[2022-06-26 12:42:25,765] {logging_mixin.py:115} INFO - [2022-06-26 12:42:25,764] {dag.py:2931} INFO - Setting next_dagrun for example_xcom_args_with_operators to None, run_after=None
[2022-06-26 12:42:25,779] {processor.py:161} INFO - Processing /home/airflow/.local/lib/python3.7/site-packages/airflow/example_dags/example_xcomargs.py took 0.381 seconds
[2022-06-26 12:42:56,077] {processor.py:153} INFO - Started process (PID=922) to work on /home/airflow/.local/lib/python3.7/site-packages/airflow/example_dags/example_xcomargs.py
[2022-06-26 12:42:56,078] {processor.py:641} INFO - Processing file /home/airflow/.local/lib/python3.7/site-packages/airflow/example_dags/example_xcomargs.py for tasks to queue
[2022-06-26 12:42:56,079] {logging_mixin.py:115} INFO - [2022-06-26 12:42:56,079] {dagbag.py:507} INFO - Filling up the DagBag from /home/airflow/.local/lib/python3.7/site-packages/airflow/example_dags/example_xcomargs.py
[2022-06-26 12:42:56,108] {processor.py:651} INFO - DAG(s) dict_keys(['example_xcom_args', 'example_xcom_args_with_operators']) retrieved from /home/airflow/.local/lib/python3.7/site-packages/airflow/example_dags/example_xcomargs.py
[2022-06-26 12:42:56,581] {logging_mixin.py:115} INFO - [2022-06-26 12:42:56,581] {dag.py:2379} INFO - Sync 2 DAGs
[2022-06-26 12:42:56,648] {logging_mixin.py:115} INFO - [2022-06-26 12:42:56,648] {dag.py:2931} INFO - Setting next_dagrun for example_xcom_args to None, run_after=None
[2022-06-26 12:42:56,649] {logging_mixin.py:115} INFO - [2022-06-26 12:42:56,649] {dag.py:2931} INFO - Setting next_dagrun for example_xcom_args_with_operators to None, run_after=None
[2022-06-26 12:42:56,715] {processor.py:161} INFO - Processing /home/airflow/.local/lib/python3.7/site-packages/airflow/example_dags/example_xcomargs.py took 0.644 seconds
[2022-06-26 12:43:27,085] {processor.py:153} INFO - Started process (PID=983) to work on /home/airflow/.local/lib/python3.7/site-packages/airflow/example_dags/example_xcomargs.py
[2022-06-26 12:43:27,087] {processor.py:641} INFO - Processing file /home/airflow/.local/lib/python3.7/site-packages/airflow/example_dags/example_xcomargs.py for tasks to queue
[2022-06-26 12:43:27,088] {logging_mixin.py:115} INFO - [2022-06-26 12:43:27,088] {dagbag.py:507} INFO - Filling up the DagBag from /home/airflow/.local/lib/python3.7/site-packages/airflow/example_dags/example_xcomargs.py
[2022-06-26 12:43:27,115] {processor.py:651} INFO - DAG(s) dict_keys(['example_xcom_args', 'example_xcom_args_with_operators']) retrieved from /home/airflow/.local/lib/python3.7/site-packages/airflow/example_dags/example_xcomargs.py
[2022-06-26 12:43:27,379] {logging_mixin.py:115} INFO - [2022-06-26 12:43:27,379] {dag.py:2379} INFO - Sync 2 DAGs
[2022-06-26 12:43:27,411] {logging_mixin.py:115} INFO - [2022-06-26 12:43:27,411] {dag.py:2931} INFO - Setting next_dagrun for example_xcom_args to None, run_after=None
[2022-06-26 12:43:27,411] {logging_mixin.py:115} INFO - [2022-06-26 12:43:27,411] {dag.py:2931} INFO - Setting next_dagrun for example_xcom_args_with_operators to None, run_after=None
[2022-06-26 12:43:27,440] {processor.py:161} INFO - Processing /home/airflow/.local/lib/python3.7/site-packages/airflow/example_dags/example_xcomargs.py took 0.361 seconds
[2022-06-26 12:43:57,934] {processor.py:153} INFO - Started process (PID=1034) to work on /home/airflow/.local/lib/python3.7/site-packages/airflow/example_dags/example_xcomargs.py
[2022-06-26 12:43:57,951] {processor.py:641} INFO - Processing file /home/airflow/.local/lib/python3.7/site-packages/airflow/example_dags/example_xcomargs.py for tasks to queue
[2022-06-26 12:43:57,952] {logging_mixin.py:115} INFO - [2022-06-26 12:43:57,952] {dagbag.py:507} INFO - Filling up the DagBag from /home/airflow/.local/lib/python3.7/site-packages/airflow/example_dags/example_xcomargs.py
[2022-06-26 12:43:58,086] {processor.py:651} INFO - DAG(s) dict_keys(['example_xcom_args', 'example_xcom_args_with_operators']) retrieved from /home/airflow/.local/lib/python3.7/site-packages/airflow/example_dags/example_xcomargs.py
[2022-06-26 12:43:58,502] {logging_mixin.py:115} INFO - [2022-06-26 12:43:58,502] {dag.py:2379} INFO - Sync 2 DAGs
[2022-06-26 12:43:58,521] {logging_mixin.py:115} INFO - [2022-06-26 12:43:58,521] {dag.py:2931} INFO - Setting next_dagrun for example_xcom_args to None, run_after=None
[2022-06-26 12:43:58,522] {logging_mixin.py:115} INFO - [2022-06-26 12:43:58,522] {dag.py:2931} INFO - Setting next_dagrun for example_xcom_args_with_operators to None, run_after=None
[2022-06-26 12:43:58,541] {processor.py:161} INFO - Processing /home/airflow/.local/lib/python3.7/site-packages/airflow/example_dags/example_xcomargs.py took 0.625 seconds
[2022-06-26 12:44:29,179] {processor.py:153} INFO - Started process (PID=1095) to work on /home/airflow/.local/lib/python3.7/site-packages/airflow/example_dags/example_xcomargs.py
[2022-06-26 12:44:29,189] {processor.py:641} INFO - Processing file /home/airflow/.local/lib/python3.7/site-packages/airflow/example_dags/example_xcomargs.py for tasks to queue
[2022-06-26 12:44:29,190] {logging_mixin.py:115} INFO - [2022-06-26 12:44:29,190] {dagbag.py:507} INFO - Filling up the DagBag from /home/airflow/.local/lib/python3.7/site-packages/airflow/example_dags/example_xcomargs.py
[2022-06-26 12:44:29,224] {processor.py:651} INFO - DAG(s) dict_keys(['example_xcom_args', 'example_xcom_args_with_operators']) retrieved from /home/airflow/.local/lib/python3.7/site-packages/airflow/example_dags/example_xcomargs.py
[2022-06-26 12:44:29,500] {logging_mixin.py:115} INFO - [2022-06-26 12:44:29,500] {dag.py:2379} INFO - Sync 2 DAGs
[2022-06-26 12:44:29,534] {logging_mixin.py:115} INFO - [2022-06-26 12:44:29,533] {dag.py:2931} INFO - Setting next_dagrun for example_xcom_args to None, run_after=None
[2022-06-26 12:44:29,534] {logging_mixin.py:115} INFO - [2022-06-26 12:44:29,534] {dag.py:2931} INFO - Setting next_dagrun for example_xcom_args_with_operators to None, run_after=None
[2022-06-26 12:44:29,552] {processor.py:161} INFO - Processing /home/airflow/.local/lib/python3.7/site-packages/airflow/example_dags/example_xcomargs.py took 0.379 seconds
[2022-06-26 12:45:00,186] {processor.py:153} INFO - Started process (PID=1148) to work on /home/airflow/.local/lib/python3.7/site-packages/airflow/example_dags/example_xcomargs.py
[2022-06-26 12:45:00,187] {processor.py:641} INFO - Processing file /home/airflow/.local/lib/python3.7/site-packages/airflow/example_dags/example_xcomargs.py for tasks to queue
[2022-06-26 12:45:00,188] {logging_mixin.py:115} INFO - [2022-06-26 12:45:00,188] {dagbag.py:507} INFO - Filling up the DagBag from /home/airflow/.local/lib/python3.7/site-packages/airflow/example_dags/example_xcomargs.py
[2022-06-26 12:45:00,227] {processor.py:651} INFO - DAG(s) dict_keys(['example_xcom_args', 'example_xcom_args_with_operators']) retrieved from /home/airflow/.local/lib/python3.7/site-packages/airflow/example_dags/example_xcomargs.py
[2022-06-26 12:45:00,570] {logging_mixin.py:115} INFO - [2022-06-26 12:45:00,570] {dag.py:2379} INFO - Sync 2 DAGs
[2022-06-26 12:45:00,593] {logging_mixin.py:115} INFO - [2022-06-26 12:45:00,593] {dag.py:2931} INFO - Setting next_dagrun for example_xcom_args to None, run_after=None
[2022-06-26 12:45:00,593] {logging_mixin.py:115} INFO - [2022-06-26 12:45:00,593] {dag.py:2931} INFO - Setting next_dagrun for example_xcom_args_with_operators to None, run_after=None
[2022-06-26 12:45:00,609] {processor.py:161} INFO - Processing /home/airflow/.local/lib/python3.7/site-packages/airflow/example_dags/example_xcomargs.py took 0.429 seconds
[2022-06-26 12:45:31,097] {processor.py:153} INFO - Started process (PID=1207) to work on /home/airflow/.local/lib/python3.7/site-packages/airflow/example_dags/example_xcomargs.py
[2022-06-26 12:45:31,111] {processor.py:641} INFO - Processing file /home/airflow/.local/lib/python3.7/site-packages/airflow/example_dags/example_xcomargs.py for tasks to queue
[2022-06-26 12:45:31,112] {logging_mixin.py:115} INFO - [2022-06-26 12:45:31,112] {dagbag.py:507} INFO - Filling up the DagBag from /home/airflow/.local/lib/python3.7/site-packages/airflow/example_dags/example_xcomargs.py
[2022-06-26 12:45:31,256] {processor.py:651} INFO - DAG(s) dict_keys(['example_xcom_args', 'example_xcom_args_with_operators']) retrieved from /home/airflow/.local/lib/python3.7/site-packages/airflow/example_dags/example_xcomargs.py
[2022-06-26 12:45:32,192] {logging_mixin.py:115} INFO - [2022-06-26 12:45:32,192] {dag.py:2379} INFO - Sync 2 DAGs
[2022-06-26 12:45:32,325] {logging_mixin.py:115} INFO - [2022-06-26 12:45:32,325] {dag.py:2931} INFO - Setting next_dagrun for example_xcom_args to None, run_after=None
[2022-06-26 12:45:32,326] {logging_mixin.py:115} INFO - [2022-06-26 12:45:32,326] {dag.py:2931} INFO - Setting next_dagrun for example_xcom_args_with_operators to None, run_after=None
[2022-06-26 12:45:32,392] {processor.py:161} INFO - Processing /home/airflow/.local/lib/python3.7/site-packages/airflow/example_dags/example_xcomargs.py took 1.317 seconds
[2022-06-26 12:46:02,530] {processor.py:153} INFO - Started process (PID=1262) to work on /home/airflow/.local/lib/python3.7/site-packages/airflow/example_dags/example_xcomargs.py
[2022-06-26 12:46:02,531] {processor.py:641} INFO - Processing file /home/airflow/.local/lib/python3.7/site-packages/airflow/example_dags/example_xcomargs.py for tasks to queue
[2022-06-26 12:46:02,532] {logging_mixin.py:115} INFO - [2022-06-26 12:46:02,532] {dagbag.py:507} INFO - Filling up the DagBag from /home/airflow/.local/lib/python3.7/site-packages/airflow/example_dags/example_xcomargs.py
[2022-06-26 12:46:02,571] {processor.py:651} INFO - DAG(s) dict_keys(['example_xcom_args', 'example_xcom_args_with_operators']) retrieved from /home/airflow/.local/lib/python3.7/site-packages/airflow/example_dags/example_xcomargs.py
[2022-06-26 12:46:03,198] {logging_mixin.py:115} INFO - [2022-06-26 12:46:03,198] {dag.py:2379} INFO - Sync 2 DAGs
[2022-06-26 12:46:03,267] {logging_mixin.py:115} INFO - [2022-06-26 12:46:03,266] {dag.py:2931} INFO - Setting next_dagrun for example_xcom_args to None, run_after=None
[2022-06-26 12:46:03,267] {logging_mixin.py:115} INFO - [2022-06-26 12:46:03,267] {dag.py:2931} INFO - Setting next_dagrun for example_xcom_args_with_operators to None, run_after=None
[2022-06-26 12:46:03,320] {processor.py:161} INFO - Processing /home/airflow/.local/lib/python3.7/site-packages/airflow/example_dags/example_xcomargs.py took 0.796 seconds
[2022-06-26 12:46:33,805] {processor.py:153} INFO - Started process (PID=1315) to work on /home/airflow/.local/lib/python3.7/site-packages/airflow/example_dags/example_xcomargs.py
[2022-06-26 12:46:33,815] {processor.py:641} INFO - Processing file /home/airflow/.local/lib/python3.7/site-packages/airflow/example_dags/example_xcomargs.py for tasks to queue
[2022-06-26 12:46:33,816] {logging_mixin.py:115} INFO - [2022-06-26 12:46:33,816] {dagbag.py:507} INFO - Filling up the DagBag from /home/airflow/.local/lib/python3.7/site-packages/airflow/example_dags/example_xcomargs.py
[2022-06-26 12:46:33,899] {processor.py:651} INFO - DAG(s) dict_keys(['example_xcom_args', 'example_xcom_args_with_operators']) retrieved from /home/airflow/.local/lib/python3.7/site-packages/airflow/example_dags/example_xcomargs.py
[2022-06-26 12:46:34,705] {logging_mixin.py:115} INFO - [2022-06-26 12:46:34,704] {dag.py:2379} INFO - Sync 2 DAGs
[2022-06-26 12:46:34,792] {logging_mixin.py:115} INFO - [2022-06-26 12:46:34,792] {dag.py:2931} INFO - Setting next_dagrun for example_xcom_args to None, run_after=None
[2022-06-26 12:46:34,794] {logging_mixin.py:115} INFO - [2022-06-26 12:46:34,794] {dag.py:2931} INFO - Setting next_dagrun for example_xcom_args_with_operators to None, run_after=None
[2022-06-26 12:46:34,846] {processor.py:161} INFO - Processing /home/airflow/.local/lib/python3.7/site-packages/airflow/example_dags/example_xcomargs.py took 1.052 seconds
[2022-06-26 12:47:05,257] {processor.py:153} INFO - Started process (PID=1367) to work on /home/airflow/.local/lib/python3.7/site-packages/airflow/example_dags/example_xcomargs.py
[2022-06-26 12:47:05,258] {processor.py:641} INFO - Processing file /home/airflow/.local/lib/python3.7/site-packages/airflow/example_dags/example_xcomargs.py for tasks to queue
[2022-06-26 12:47:05,259] {logging_mixin.py:115} INFO - [2022-06-26 12:47:05,259] {dagbag.py:507} INFO - Filling up the DagBag from /home/airflow/.local/lib/python3.7/site-packages/airflow/example_dags/example_xcomargs.py
[2022-06-26 12:47:05,294] {processor.py:651} INFO - DAG(s) dict_keys(['example_xcom_args', 'example_xcom_args_with_operators']) retrieved from /home/airflow/.local/lib/python3.7/site-packages/airflow/example_dags/example_xcomargs.py
[2022-06-26 12:47:05,737] {logging_mixin.py:115} INFO - [2022-06-26 12:47:05,737] {dag.py:2379} INFO - Sync 2 DAGs
[2022-06-26 12:47:05,794] {logging_mixin.py:115} INFO - [2022-06-26 12:47:05,794] {dag.py:2931} INFO - Setting next_dagrun for example_xcom_args to None, run_after=None
[2022-06-26 12:47:05,795] {logging_mixin.py:115} INFO - [2022-06-26 12:47:05,795] {dag.py:2931} INFO - Setting next_dagrun for example_xcom_args_with_operators to None, run_after=None
[2022-06-26 12:47:05,829] {processor.py:161} INFO - Processing /home/airflow/.local/lib/python3.7/site-packages/airflow/example_dags/example_xcomargs.py took 0.577 seconds
[2022-06-26 12:47:36,053] {processor.py:153} INFO - Started process (PID=1427) to work on /home/airflow/.local/lib/python3.7/site-packages/airflow/example_dags/example_xcomargs.py
[2022-06-26 12:47:36,055] {processor.py:641} INFO - Processing file /home/airflow/.local/lib/python3.7/site-packages/airflow/example_dags/example_xcomargs.py for tasks to queue
[2022-06-26 12:47:36,056] {logging_mixin.py:115} INFO - [2022-06-26 12:47:36,056] {dagbag.py:507} INFO - Filling up the DagBag from /home/airflow/.local/lib/python3.7/site-packages/airflow/example_dags/example_xcomargs.py
[2022-06-26 12:47:36,094] {processor.py:651} INFO - DAG(s) dict_keys(['example_xcom_args', 'example_xcom_args_with_operators']) retrieved from /home/airflow/.local/lib/python3.7/site-packages/airflow/example_dags/example_xcomargs.py
[2022-06-26 12:47:36,491] {logging_mixin.py:115} INFO - [2022-06-26 12:47:36,491] {dag.py:2379} INFO - Sync 2 DAGs
[2022-06-26 12:47:36,520] {logging_mixin.py:115} INFO - [2022-06-26 12:47:36,520] {dag.py:2931} INFO - Setting next_dagrun for example_xcom_args to None, run_after=None
[2022-06-26 12:47:36,520] {logging_mixin.py:115} INFO - [2022-06-26 12:47:36,520] {dag.py:2931} INFO - Setting next_dagrun for example_xcom_args_with_operators to None, run_after=None
[2022-06-26 12:47:36,550] {processor.py:161} INFO - Processing /home/airflow/.local/lib/python3.7/site-packages/airflow/example_dags/example_xcomargs.py took 0.503 seconds
[2022-06-26 12:48:06,946] {processor.py:153} INFO - Started process (PID=1479) to work on /home/airflow/.local/lib/python3.7/site-packages/airflow/example_dags/example_xcomargs.py
[2022-06-26 12:48:06,947] {processor.py:641} INFO - Processing file /home/airflow/.local/lib/python3.7/site-packages/airflow/example_dags/example_xcomargs.py for tasks to queue
[2022-06-26 12:48:06,947] {logging_mixin.py:115} INFO - [2022-06-26 12:48:06,947] {dagbag.py:507} INFO - Filling up the DagBag from /home/airflow/.local/lib/python3.7/site-packages/airflow/example_dags/example_xcomargs.py
[2022-06-26 12:48:06,988] {processor.py:651} INFO - DAG(s) dict_keys(['example_xcom_args', 'example_xcom_args_with_operators']) retrieved from /home/airflow/.local/lib/python3.7/site-packages/airflow/example_dags/example_xcomargs.py
[2022-06-26 12:48:07,642] {logging_mixin.py:115} INFO - [2022-06-26 12:48:07,642] {dag.py:2379} INFO - Sync 2 DAGs
[2022-06-26 12:48:07,694] {logging_mixin.py:115} INFO - [2022-06-26 12:48:07,693] {dag.py:2931} INFO - Setting next_dagrun for example_xcom_args to None, run_after=None
[2022-06-26 12:48:07,694] {logging_mixin.py:115} INFO - [2022-06-26 12:48:07,694] {dag.py:2931} INFO - Setting next_dagrun for example_xcom_args_with_operators to None, run_after=None
[2022-06-26 12:48:07,715] {processor.py:161} INFO - Processing /home/airflow/.local/lib/python3.7/site-packages/airflow/example_dags/example_xcomargs.py took 0.775 seconds
[2022-06-26 12:48:38,557] {processor.py:153} INFO - Started process (PID=1542) to work on /home/airflow/.local/lib/python3.7/site-packages/airflow/example_dags/example_xcomargs.py
[2022-06-26 12:48:38,564] {processor.py:641} INFO - Processing file /home/airflow/.local/lib/python3.7/site-packages/airflow/example_dags/example_xcomargs.py for tasks to queue
[2022-06-26 12:48:38,565] {logging_mixin.py:115} INFO - [2022-06-26 12:48:38,565] {dagbag.py:507} INFO - Filling up the DagBag from /home/airflow/.local/lib/python3.7/site-packages/airflow/example_dags/example_xcomargs.py
[2022-06-26 12:48:38,635] {processor.py:651} INFO - DAG(s) dict_keys(['example_xcom_args', 'example_xcom_args_with_operators']) retrieved from /home/airflow/.local/lib/python3.7/site-packages/airflow/example_dags/example_xcomargs.py
[2022-06-26 12:48:39,020] {logging_mixin.py:115} INFO - [2022-06-26 12:48:39,020] {dag.py:2379} INFO - Sync 2 DAGs
[2022-06-26 12:48:39,098] {logging_mixin.py:115} INFO - [2022-06-26 12:48:39,097] {dag.py:2931} INFO - Setting next_dagrun for example_xcom_args to None, run_after=None
[2022-06-26 12:48:39,098] {logging_mixin.py:115} INFO - [2022-06-26 12:48:39,098] {dag.py:2931} INFO - Setting next_dagrun for example_xcom_args_with_operators to None, run_after=None
[2022-06-26 12:48:39,141] {processor.py:161} INFO - Processing /home/airflow/.local/lib/python3.7/site-packages/airflow/example_dags/example_xcomargs.py took 0.590 seconds
[2022-06-26 12:49:09,249] {processor.py:153} INFO - Started process (PID=1594) to work on /home/airflow/.local/lib/python3.7/site-packages/airflow/example_dags/example_xcomargs.py
[2022-06-26 12:49:09,251] {processor.py:641} INFO - Processing file /home/airflow/.local/lib/python3.7/site-packages/airflow/example_dags/example_xcomargs.py for tasks to queue
[2022-06-26 12:49:09,251] {logging_mixin.py:115} INFO - [2022-06-26 12:49:09,251] {dagbag.py:507} INFO - Filling up the DagBag from /home/airflow/.local/lib/python3.7/site-packages/airflow/example_dags/example_xcomargs.py
[2022-06-26 12:49:09,277] {processor.py:651} INFO - DAG(s) dict_keys(['example_xcom_args', 'example_xcom_args_with_operators']) retrieved from /home/airflow/.local/lib/python3.7/site-packages/airflow/example_dags/example_xcomargs.py
[2022-06-26 12:49:09,490] {logging_mixin.py:115} INFO - [2022-06-26 12:49:09,490] {dag.py:2379} INFO - Sync 2 DAGs
[2022-06-26 12:49:09,518] {logging_mixin.py:115} INFO - [2022-06-26 12:49:09,517] {dag.py:2931} INFO - Setting next_dagrun for example_xcom_args to None, run_after=None
[2022-06-26 12:49:09,518] {logging_mixin.py:115} INFO - [2022-06-26 12:49:09,518] {dag.py:2931} INFO - Setting next_dagrun for example_xcom_args_with_operators to None, run_after=None
[2022-06-26 12:49:09,543] {processor.py:161} INFO - Processing /home/airflow/.local/lib/python3.7/site-packages/airflow/example_dags/example_xcomargs.py took 0.298 seconds
[2022-06-26 12:49:40,267] {processor.py:153} INFO - Started process (PID=1655) to work on /home/airflow/.local/lib/python3.7/site-packages/airflow/example_dags/example_xcomargs.py
[2022-06-26 12:49:40,269] {processor.py:641} INFO - Processing file /home/airflow/.local/lib/python3.7/site-packages/airflow/example_dags/example_xcomargs.py for tasks to queue
[2022-06-26 12:49:40,270] {logging_mixin.py:115} INFO - [2022-06-26 12:49:40,269] {dagbag.py:507} INFO - Filling up the DagBag from /home/airflow/.local/lib/python3.7/site-packages/airflow/example_dags/example_xcomargs.py
[2022-06-26 12:49:40,304] {processor.py:651} INFO - DAG(s) dict_keys(['example_xcom_args', 'example_xcom_args_with_operators']) retrieved from /home/airflow/.local/lib/python3.7/site-packages/airflow/example_dags/example_xcomargs.py
[2022-06-26 12:49:40,650] {logging_mixin.py:115} INFO - [2022-06-26 12:49:40,650] {dag.py:2379} INFO - Sync 2 DAGs
[2022-06-26 12:49:40,683] {logging_mixin.py:115} INFO - [2022-06-26 12:49:40,682] {dag.py:2931} INFO - Setting next_dagrun for example_xcom_args to None, run_after=None
[2022-06-26 12:49:40,683] {logging_mixin.py:115} INFO - [2022-06-26 12:49:40,683] {dag.py:2931} INFO - Setting next_dagrun for example_xcom_args_with_operators to None, run_after=None
[2022-06-26 12:49:40,703] {processor.py:161} INFO - Processing /home/airflow/.local/lib/python3.7/site-packages/airflow/example_dags/example_xcomargs.py took 0.441 seconds
[2022-06-26 12:50:10,993] {processor.py:153} INFO - Started process (PID=1707) to work on /home/airflow/.local/lib/python3.7/site-packages/airflow/example_dags/example_xcomargs.py
[2022-06-26 12:50:11,011] {processor.py:641} INFO - Processing file /home/airflow/.local/lib/python3.7/site-packages/airflow/example_dags/example_xcomargs.py for tasks to queue
[2022-06-26 12:50:11,012] {logging_mixin.py:115} INFO - [2022-06-26 12:50:11,011] {dagbag.py:507} INFO - Filling up the DagBag from /home/airflow/.local/lib/python3.7/site-packages/airflow/example_dags/example_xcomargs.py
[2022-06-26 12:50:11,174] {processor.py:651} INFO - DAG(s) dict_keys(['example_xcom_args', 'example_xcom_args_with_operators']) retrieved from /home/airflow/.local/lib/python3.7/site-packages/airflow/example_dags/example_xcomargs.py
[2022-06-26 12:50:12,497] {logging_mixin.py:115} INFO - [2022-06-26 12:50:12,497] {dag.py:2379} INFO - Sync 2 DAGs
[2022-06-26 12:50:12,632] {logging_mixin.py:115} INFO - [2022-06-26 12:50:12,632] {dag.py:2931} INFO - Setting next_dagrun for example_xcom_args to None, run_after=None
[2022-06-26 12:50:12,637] {logging_mixin.py:115} INFO - [2022-06-26 12:50:12,637] {dag.py:2931} INFO - Setting next_dagrun for example_xcom_args_with_operators to None, run_after=None
[2022-06-26 12:50:12,737] {processor.py:161} INFO - Processing /home/airflow/.local/lib/python3.7/site-packages/airflow/example_dags/example_xcomargs.py took 1.755 seconds
[2022-06-26 12:50:43,013] {processor.py:153} INFO - Started process (PID=1767) to work on /home/airflow/.local/lib/python3.7/site-packages/airflow/example_dags/example_xcomargs.py
[2022-06-26 12:50:43,014] {processor.py:641} INFO - Processing file /home/airflow/.local/lib/python3.7/site-packages/airflow/example_dags/example_xcomargs.py for tasks to queue
[2022-06-26 12:50:43,015] {logging_mixin.py:115} INFO - [2022-06-26 12:50:43,015] {dagbag.py:507} INFO - Filling up the DagBag from /home/airflow/.local/lib/python3.7/site-packages/airflow/example_dags/example_xcomargs.py
[2022-06-26 12:50:43,052] {processor.py:651} INFO - DAG(s) dict_keys(['example_xcom_args', 'example_xcom_args_with_operators']) retrieved from /home/airflow/.local/lib/python3.7/site-packages/airflow/example_dags/example_xcomargs.py
[2022-06-26 12:50:43,342] {logging_mixin.py:115} INFO - [2022-06-26 12:50:43,342] {dag.py:2379} INFO - Sync 2 DAGs
[2022-06-26 12:50:43,373] {logging_mixin.py:115} INFO - [2022-06-26 12:50:43,373] {dag.py:2931} INFO - Setting next_dagrun for example_xcom_args to None, run_after=None
[2022-06-26 12:50:43,374] {logging_mixin.py:115} INFO - [2022-06-26 12:50:43,374] {dag.py:2931} INFO - Setting next_dagrun for example_xcom_args_with_operators to None, run_after=None
[2022-06-26 12:50:43,392] {processor.py:161} INFO - Processing /home/airflow/.local/lib/python3.7/site-packages/airflow/example_dags/example_xcomargs.py took 0.385 seconds
[2022-06-26 12:51:13,428] {processor.py:153} INFO - Started process (PID=1819) to work on /home/airflow/.local/lib/python3.7/site-packages/airflow/example_dags/example_xcomargs.py
[2022-06-26 12:51:13,429] {processor.py:641} INFO - Processing file /home/airflow/.local/lib/python3.7/site-packages/airflow/example_dags/example_xcomargs.py for tasks to queue
[2022-06-26 12:51:13,430] {logging_mixin.py:115} INFO - [2022-06-26 12:51:13,429] {dagbag.py:507} INFO - Filling up the DagBag from /home/airflow/.local/lib/python3.7/site-packages/airflow/example_dags/example_xcomargs.py
[2022-06-26 12:51:13,474] {processor.py:651} INFO - DAG(s) dict_keys(['example_xcom_args', 'example_xcom_args_with_operators']) retrieved from /home/airflow/.local/lib/python3.7/site-packages/airflow/example_dags/example_xcomargs.py
[2022-06-26 12:51:13,753] {logging_mixin.py:115} INFO - [2022-06-26 12:51:13,753] {dag.py:2379} INFO - Sync 2 DAGs
[2022-06-26 12:51:13,788] {logging_mixin.py:115} INFO - [2022-06-26 12:51:13,788] {dag.py:2931} INFO - Setting next_dagrun for example_xcom_args to None, run_after=None
[2022-06-26 12:51:13,789] {logging_mixin.py:115} INFO - [2022-06-26 12:51:13,789] {dag.py:2931} INFO - Setting next_dagrun for example_xcom_args_with_operators to None, run_after=None
[2022-06-26 12:51:13,804] {processor.py:161} INFO - Processing /home/airflow/.local/lib/python3.7/site-packages/airflow/example_dags/example_xcomargs.py took 0.382 seconds
[2022-06-26 12:51:44,357] {processor.py:153} INFO - Started process (PID=1871) to work on /home/airflow/.local/lib/python3.7/site-packages/airflow/example_dags/example_xcomargs.py
[2022-06-26 12:51:44,360] {processor.py:641} INFO - Processing file /home/airflow/.local/lib/python3.7/site-packages/airflow/example_dags/example_xcomargs.py for tasks to queue
[2022-06-26 12:51:44,361] {logging_mixin.py:115} INFO - [2022-06-26 12:51:44,361] {dagbag.py:507} INFO - Filling up the DagBag from /home/airflow/.local/lib/python3.7/site-packages/airflow/example_dags/example_xcomargs.py
[2022-06-26 12:51:44,399] {processor.py:651} INFO - DAG(s) dict_keys(['example_xcom_args', 'example_xcom_args_with_operators']) retrieved from /home/airflow/.local/lib/python3.7/site-packages/airflow/example_dags/example_xcomargs.py
[2022-06-26 12:51:44,671] {logging_mixin.py:115} INFO - [2022-06-26 12:51:44,671] {dag.py:2379} INFO - Sync 2 DAGs
[2022-06-26 12:51:44,703] {logging_mixin.py:115} INFO - [2022-06-26 12:51:44,703] {dag.py:2931} INFO - Setting next_dagrun for example_xcom_args to None, run_after=None
[2022-06-26 12:51:44,704] {logging_mixin.py:115} INFO - [2022-06-26 12:51:44,704] {dag.py:2931} INFO - Setting next_dagrun for example_xcom_args_with_operators to None, run_after=None
[2022-06-26 12:51:44,720] {processor.py:161} INFO - Processing /home/airflow/.local/lib/python3.7/site-packages/airflow/example_dags/example_xcomargs.py took 0.369 seconds
[2022-06-26 12:52:15,503] {processor.py:153} INFO - Started process (PID=1932) to work on /home/airflow/.local/lib/python3.7/site-packages/airflow/example_dags/example_xcomargs.py
[2022-06-26 12:52:15,503] {processor.py:641} INFO - Processing file /home/airflow/.local/lib/python3.7/site-packages/airflow/example_dags/example_xcomargs.py for tasks to queue
[2022-06-26 12:52:15,504] {logging_mixin.py:115} INFO - [2022-06-26 12:52:15,504] {dagbag.py:507} INFO - Filling up the DagBag from /home/airflow/.local/lib/python3.7/site-packages/airflow/example_dags/example_xcomargs.py
[2022-06-26 12:52:15,642] {processor.py:651} INFO - DAG(s) dict_keys(['example_xcom_args', 'example_xcom_args_with_operators']) retrieved from /home/airflow/.local/lib/python3.7/site-packages/airflow/example_dags/example_xcomargs.py
[2022-06-26 12:52:16,397] {logging_mixin.py:115} INFO - [2022-06-26 12:52:16,397] {dag.py:2379} INFO - Sync 2 DAGs
[2022-06-26 12:52:16,427] {logging_mixin.py:115} INFO - [2022-06-26 12:52:16,427] {dag.py:2931} INFO - Setting next_dagrun for example_xcom_args to None, run_after=None
[2022-06-26 12:52:16,428] {logging_mixin.py:115} INFO - [2022-06-26 12:52:16,428] {dag.py:2931} INFO - Setting next_dagrun for example_xcom_args_with_operators to None, run_after=None
[2022-06-26 12:52:16,467] {processor.py:161} INFO - Processing /home/airflow/.local/lib/python3.7/site-packages/airflow/example_dags/example_xcomargs.py took 0.970 seconds
[2022-06-26 12:52:46,594] {processor.py:153} INFO - Started process (PID=1983) to work on /home/airflow/.local/lib/python3.7/site-packages/airflow/example_dags/example_xcomargs.py
[2022-06-26 12:52:46,597] {processor.py:641} INFO - Processing file /home/airflow/.local/lib/python3.7/site-packages/airflow/example_dags/example_xcomargs.py for tasks to queue
[2022-06-26 12:52:46,597] {logging_mixin.py:115} INFO - [2022-06-26 12:52:46,597] {dagbag.py:507} INFO - Filling up the DagBag from /home/airflow/.local/lib/python3.7/site-packages/airflow/example_dags/example_xcomargs.py
[2022-06-26 12:52:46,641] {processor.py:651} INFO - DAG(s) dict_keys(['example_xcom_args', 'example_xcom_args_with_operators']) retrieved from /home/airflow/.local/lib/python3.7/site-packages/airflow/example_dags/example_xcomargs.py
[2022-06-26 12:52:47,221] {logging_mixin.py:115} INFO - [2022-06-26 12:52:47,221] {dag.py:2379} INFO - Sync 2 DAGs
[2022-06-26 12:52:47,303] {logging_mixin.py:115} INFO - [2022-06-26 12:52:47,303] {dag.py:2931} INFO - Setting next_dagrun for example_xcom_args to None, run_after=None
[2022-06-26 12:52:47,303] {logging_mixin.py:115} INFO - [2022-06-26 12:52:47,303] {dag.py:2931} INFO - Setting next_dagrun for example_xcom_args_with_operators to None, run_after=None
[2022-06-26 12:52:47,350] {processor.py:161} INFO - Processing /home/airflow/.local/lib/python3.7/site-packages/airflow/example_dags/example_xcomargs.py took 0.762 seconds
[2022-06-26 12:53:17,585] {processor.py:153} INFO - Started process (PID=2034) to work on /home/airflow/.local/lib/python3.7/site-packages/airflow/example_dags/example_xcomargs.py
[2022-06-26 12:53:17,586] {processor.py:641} INFO - Processing file /home/airflow/.local/lib/python3.7/site-packages/airflow/example_dags/example_xcomargs.py for tasks to queue
[2022-06-26 12:53:17,587] {logging_mixin.py:115} INFO - [2022-06-26 12:53:17,586] {dagbag.py:507} INFO - Filling up the DagBag from /home/airflow/.local/lib/python3.7/site-packages/airflow/example_dags/example_xcomargs.py
[2022-06-26 12:53:17,626] {processor.py:651} INFO - DAG(s) dict_keys(['example_xcom_args', 'example_xcom_args_with_operators']) retrieved from /home/airflow/.local/lib/python3.7/site-packages/airflow/example_dags/example_xcomargs.py
[2022-06-26 12:53:17,902] {logging_mixin.py:115} INFO - [2022-06-26 12:53:17,902] {dag.py:2379} INFO - Sync 2 DAGs
[2022-06-26 12:53:17,938] {logging_mixin.py:115} INFO - [2022-06-26 12:53:17,938] {dag.py:2931} INFO - Setting next_dagrun for example_xcom_args to None, run_after=None
[2022-06-26 12:53:17,938] {logging_mixin.py:115} INFO - [2022-06-26 12:53:17,938] {dag.py:2931} INFO - Setting next_dagrun for example_xcom_args_with_operators to None, run_after=None
[2022-06-26 12:53:17,955] {processor.py:161} INFO - Processing /home/airflow/.local/lib/python3.7/site-packages/airflow/example_dags/example_xcomargs.py took 0.376 seconds
[2022-06-26 13:27:15,947] {processor.py:153} INFO - Started process (PID=76) to work on /home/airflow/.local/lib/python3.7/site-packages/airflow/example_dags/example_xcomargs.py
[2022-06-26 13:27:15,965] {processor.py:641} INFO - Processing file /home/airflow/.local/lib/python3.7/site-packages/airflow/example_dags/example_xcomargs.py for tasks to queue
[2022-06-26 13:27:15,969] {logging_mixin.py:115} INFO - [2022-06-26 13:27:15,969] {dagbag.py:507} INFO - Filling up the DagBag from /home/airflow/.local/lib/python3.7/site-packages/airflow/example_dags/example_xcomargs.py
[2022-06-26 13:27:16,074] {processor.py:651} INFO - DAG(s) dict_keys(['example_xcom_args', 'example_xcom_args_with_operators']) retrieved from /home/airflow/.local/lib/python3.7/site-packages/airflow/example_dags/example_xcomargs.py
[2022-06-26 13:27:17,596] {logging_mixin.py:115} INFO - [2022-06-26 13:27:17,595] {dag.py:2379} INFO - Sync 2 DAGs
[2022-06-26 13:27:17,689] {logging_mixin.py:115} INFO - [2022-06-26 13:27:17,689] {dag.py:2931} INFO - Setting next_dagrun for example_xcom_args to None, run_after=None
[2022-06-26 13:27:17,696] {logging_mixin.py:115} INFO - [2022-06-26 13:27:17,696] {dag.py:2931} INFO - Setting next_dagrun for example_xcom_args_with_operators to None, run_after=None
[2022-06-26 13:27:17,765] {processor.py:161} INFO - Processing /home/airflow/.local/lib/python3.7/site-packages/airflow/example_dags/example_xcomargs.py took 1.835 seconds
[2022-06-26 13:27:47,994] {processor.py:153} INFO - Started process (PID=129) to work on /home/airflow/.local/lib/python3.7/site-packages/airflow/example_dags/example_xcomargs.py
[2022-06-26 13:27:47,997] {processor.py:641} INFO - Processing file /home/airflow/.local/lib/python3.7/site-packages/airflow/example_dags/example_xcomargs.py for tasks to queue
[2022-06-26 13:27:47,997] {logging_mixin.py:115} INFO - [2022-06-26 13:27:47,997] {dagbag.py:507} INFO - Filling up the DagBag from /home/airflow/.local/lib/python3.7/site-packages/airflow/example_dags/example_xcomargs.py
[2022-06-26 13:27:48,019] {processor.py:651} INFO - DAG(s) dict_keys(['example_xcom_args', 'example_xcom_args_with_operators']) retrieved from /home/airflow/.local/lib/python3.7/site-packages/airflow/example_dags/example_xcomargs.py
[2022-06-26 13:27:48,211] {logging_mixin.py:115} INFO - [2022-06-26 13:27:48,211] {dag.py:2379} INFO - Sync 2 DAGs
[2022-06-26 13:27:48,231] {logging_mixin.py:115} INFO - [2022-06-26 13:27:48,231] {dag.py:2931} INFO - Setting next_dagrun for example_xcom_args to None, run_after=None
[2022-06-26 13:27:48,232] {logging_mixin.py:115} INFO - [2022-06-26 13:27:48,232] {dag.py:2931} INFO - Setting next_dagrun for example_xcom_args_with_operators to None, run_after=None
[2022-06-26 13:27:48,244] {processor.py:161} INFO - Processing /home/airflow/.local/lib/python3.7/site-packages/airflow/example_dags/example_xcomargs.py took 0.254 seconds
[2022-06-26 13:28:18,688] {processor.py:153} INFO - Started process (PID=181) to work on /home/airflow/.local/lib/python3.7/site-packages/airflow/example_dags/example_xcomargs.py
[2022-06-26 13:28:18,689] {processor.py:641} INFO - Processing file /home/airflow/.local/lib/python3.7/site-packages/airflow/example_dags/example_xcomargs.py for tasks to queue
[2022-06-26 13:28:18,690] {logging_mixin.py:115} INFO - [2022-06-26 13:28:18,690] {dagbag.py:507} INFO - Filling up the DagBag from /home/airflow/.local/lib/python3.7/site-packages/airflow/example_dags/example_xcomargs.py
[2022-06-26 13:28:18,727] {processor.py:651} INFO - DAG(s) dict_keys(['example_xcom_args', 'example_xcom_args_with_operators']) retrieved from /home/airflow/.local/lib/python3.7/site-packages/airflow/example_dags/example_xcomargs.py
[2022-06-26 13:28:19,180] {logging_mixin.py:115} INFO - [2022-06-26 13:28:19,180] {dag.py:2379} INFO - Sync 2 DAGs
[2022-06-26 13:28:19,218] {logging_mixin.py:115} INFO - [2022-06-26 13:28:19,218] {dag.py:2931} INFO - Setting next_dagrun for example_xcom_args to None, run_after=None
[2022-06-26 13:28:19,219] {logging_mixin.py:115} INFO - [2022-06-26 13:28:19,219] {dag.py:2931} INFO - Setting next_dagrun for example_xcom_args_with_operators to None, run_after=None
[2022-06-26 13:28:19,264] {processor.py:161} INFO - Processing /home/airflow/.local/lib/python3.7/site-packages/airflow/example_dags/example_xcomargs.py took 0.588 seconds
[2022-06-26 13:28:49,550] {processor.py:153} INFO - Started process (PID=233) to work on /home/airflow/.local/lib/python3.7/site-packages/airflow/example_dags/example_xcomargs.py
[2022-06-26 13:28:49,554] {processor.py:641} INFO - Processing file /home/airflow/.local/lib/python3.7/site-packages/airflow/example_dags/example_xcomargs.py for tasks to queue
[2022-06-26 13:28:49,554] {logging_mixin.py:115} INFO - [2022-06-26 13:28:49,554] {dagbag.py:507} INFO - Filling up the DagBag from /home/airflow/.local/lib/python3.7/site-packages/airflow/example_dags/example_xcomargs.py
[2022-06-26 13:28:49,633] {processor.py:651} INFO - DAG(s) dict_keys(['example_xcom_args', 'example_xcom_args_with_operators']) retrieved from /home/airflow/.local/lib/python3.7/site-packages/airflow/example_dags/example_xcomargs.py
[2022-06-26 13:28:50,544] {logging_mixin.py:115} INFO - [2022-06-26 13:28:50,537] {dag.py:2379} INFO - Sync 2 DAGs
[2022-06-26 13:28:50,645] {logging_mixin.py:115} INFO - [2022-06-26 13:28:50,645] {dag.py:2931} INFO - Setting next_dagrun for example_xcom_args to None, run_after=None
[2022-06-26 13:28:50,645] {logging_mixin.py:115} INFO - [2022-06-26 13:28:50,645] {dag.py:2931} INFO - Setting next_dagrun for example_xcom_args_with_operators to None, run_after=None
[2022-06-26 13:28:50,697] {processor.py:161} INFO - Processing /home/airflow/.local/lib/python3.7/site-packages/airflow/example_dags/example_xcomargs.py took 1.159 seconds
[2022-06-26 13:29:21,434] {processor.py:153} INFO - Started process (PID=294) to work on /home/airflow/.local/lib/python3.7/site-packages/airflow/example_dags/example_xcomargs.py
[2022-06-26 13:29:21,435] {processor.py:641} INFO - Processing file /home/airflow/.local/lib/python3.7/site-packages/airflow/example_dags/example_xcomargs.py for tasks to queue
[2022-06-26 13:29:21,436] {logging_mixin.py:115} INFO - [2022-06-26 13:29:21,436] {dagbag.py:507} INFO - Filling up the DagBag from /home/airflow/.local/lib/python3.7/site-packages/airflow/example_dags/example_xcomargs.py
[2022-06-26 13:29:21,464] {processor.py:651} INFO - DAG(s) dict_keys(['example_xcom_args', 'example_xcom_args_with_operators']) retrieved from /home/airflow/.local/lib/python3.7/site-packages/airflow/example_dags/example_xcomargs.py
[2022-06-26 13:29:21,902] {logging_mixin.py:115} INFO - [2022-06-26 13:29:21,902] {dag.py:2379} INFO - Sync 2 DAGs
[2022-06-26 13:29:21,919] {logging_mixin.py:115} INFO - [2022-06-26 13:29:21,919] {dag.py:2931} INFO - Setting next_dagrun for example_xcom_args to None, run_after=None
[2022-06-26 13:29:21,919] {logging_mixin.py:115} INFO - [2022-06-26 13:29:21,919] {dag.py:2931} INFO - Setting next_dagrun for example_xcom_args_with_operators to None, run_after=None
[2022-06-26 13:29:21,932] {processor.py:161} INFO - Processing /home/airflow/.local/lib/python3.7/site-packages/airflow/example_dags/example_xcomargs.py took 0.503 seconds
[2022-06-26 13:29:52,079] {processor.py:153} INFO - Started process (PID=346) to work on /home/airflow/.local/lib/python3.7/site-packages/airflow/example_dags/example_xcomargs.py
[2022-06-26 13:29:52,092] {processor.py:641} INFO - Processing file /home/airflow/.local/lib/python3.7/site-packages/airflow/example_dags/example_xcomargs.py for tasks to queue
[2022-06-26 13:29:52,093] {logging_mixin.py:115} INFO - [2022-06-26 13:29:52,093] {dagbag.py:507} INFO - Filling up the DagBag from /home/airflow/.local/lib/python3.7/site-packages/airflow/example_dags/example_xcomargs.py
[2022-06-26 13:29:52,164] {processor.py:651} INFO - DAG(s) dict_keys(['example_xcom_args', 'example_xcom_args_with_operators']) retrieved from /home/airflow/.local/lib/python3.7/site-packages/airflow/example_dags/example_xcomargs.py
[2022-06-26 13:29:52,853] {logging_mixin.py:115} INFO - [2022-06-26 13:29:52,853] {dag.py:2379} INFO - Sync 2 DAGs
[2022-06-26 13:29:52,880] {logging_mixin.py:115} INFO - [2022-06-26 13:29:52,880] {dag.py:2931} INFO - Setting next_dagrun for example_xcom_args to None, run_after=None
[2022-06-26 13:29:52,881] {logging_mixin.py:115} INFO - [2022-06-26 13:29:52,880] {dag.py:2931} INFO - Setting next_dagrun for example_xcom_args_with_operators to None, run_after=None
[2022-06-26 13:29:52,899] {processor.py:161} INFO - Processing /home/airflow/.local/lib/python3.7/site-packages/airflow/example_dags/example_xcomargs.py took 0.838 seconds
[2022-06-26 13:30:22,996] {processor.py:153} INFO - Started process (PID=407) to work on /home/airflow/.local/lib/python3.7/site-packages/airflow/example_dags/example_xcomargs.py
[2022-06-26 13:30:23,001] {processor.py:641} INFO - Processing file /home/airflow/.local/lib/python3.7/site-packages/airflow/example_dags/example_xcomargs.py for tasks to queue
[2022-06-26 13:30:23,002] {logging_mixin.py:115} INFO - [2022-06-26 13:30:23,002] {dagbag.py:507} INFO - Filling up the DagBag from /home/airflow/.local/lib/python3.7/site-packages/airflow/example_dags/example_xcomargs.py
[2022-06-26 13:30:23,129] {processor.py:651} INFO - DAG(s) dict_keys(['example_xcom_args', 'example_xcom_args_with_operators']) retrieved from /home/airflow/.local/lib/python3.7/site-packages/airflow/example_dags/example_xcomargs.py
[2022-06-26 13:30:23,833] {logging_mixin.py:115} INFO - [2022-06-26 13:30:23,833] {dag.py:2379} INFO - Sync 2 DAGs
[2022-06-26 13:30:23,885] {logging_mixin.py:115} INFO - [2022-06-26 13:30:23,881] {dag.py:2931} INFO - Setting next_dagrun for example_xcom_args to None, run_after=None
[2022-06-26 13:30:23,886] {logging_mixin.py:115} INFO - [2022-06-26 13:30:23,886] {dag.py:2931} INFO - Setting next_dagrun for example_xcom_args_with_operators to None, run_after=None
[2022-06-26 13:30:23,918] {processor.py:161} INFO - Processing /home/airflow/.local/lib/python3.7/site-packages/airflow/example_dags/example_xcomargs.py took 0.935 seconds
[2022-06-26 13:30:54,126] {processor.py:153} INFO - Started process (PID=458) to work on /home/airflow/.local/lib/python3.7/site-packages/airflow/example_dags/example_xcomargs.py
[2022-06-26 13:30:54,128] {processor.py:641} INFO - Processing file /home/airflow/.local/lib/python3.7/site-packages/airflow/example_dags/example_xcomargs.py for tasks to queue
[2022-06-26 13:30:54,129] {logging_mixin.py:115} INFO - [2022-06-26 13:30:54,129] {dagbag.py:507} INFO - Filling up the DagBag from /home/airflow/.local/lib/python3.7/site-packages/airflow/example_dags/example_xcomargs.py
[2022-06-26 13:30:54,159] {processor.py:651} INFO - DAG(s) dict_keys(['example_xcom_args', 'example_xcom_args_with_operators']) retrieved from /home/airflow/.local/lib/python3.7/site-packages/airflow/example_dags/example_xcomargs.py
[2022-06-26 13:30:54,512] {logging_mixin.py:115} INFO - [2022-06-26 13:30:54,512] {dag.py:2379} INFO - Sync 2 DAGs
[2022-06-26 13:30:54,547] {logging_mixin.py:115} INFO - [2022-06-26 13:30:54,547] {dag.py:2931} INFO - Setting next_dagrun for example_xcom_args to None, run_after=None
[2022-06-26 13:30:54,548] {logging_mixin.py:115} INFO - [2022-06-26 13:30:54,548] {dag.py:2931} INFO - Setting next_dagrun for example_xcom_args_with_operators to None, run_after=None
[2022-06-26 13:30:54,569] {processor.py:161} INFO - Processing /home/airflow/.local/lib/python3.7/site-packages/airflow/example_dags/example_xcomargs.py took 0.449 seconds
[2022-06-26 13:31:24,770] {processor.py:153} INFO - Started process (PID=511) to work on /home/airflow/.local/lib/python3.7/site-packages/airflow/example_dags/example_xcomargs.py
[2022-06-26 13:31:24,771] {processor.py:641} INFO - Processing file /home/airflow/.local/lib/python3.7/site-packages/airflow/example_dags/example_xcomargs.py for tasks to queue
[2022-06-26 13:31:24,772] {logging_mixin.py:115} INFO - [2022-06-26 13:31:24,771] {dagbag.py:507} INFO - Filling up the DagBag from /home/airflow/.local/lib/python3.7/site-packages/airflow/example_dags/example_xcomargs.py
[2022-06-26 13:31:24,801] {processor.py:651} INFO - DAG(s) dict_keys(['example_xcom_args', 'example_xcom_args_with_operators']) retrieved from /home/airflow/.local/lib/python3.7/site-packages/airflow/example_dags/example_xcomargs.py
[2022-06-26 13:31:25,451] {logging_mixin.py:115} INFO - [2022-06-26 13:31:25,451] {dag.py:2379} INFO - Sync 2 DAGs
[2022-06-26 13:31:25,504] {logging_mixin.py:115} INFO - [2022-06-26 13:31:25,504] {dag.py:2931} INFO - Setting next_dagrun for example_xcom_args to None, run_after=None
[2022-06-26 13:31:25,505] {logging_mixin.py:115} INFO - [2022-06-26 13:31:25,504] {dag.py:2931} INFO - Setting next_dagrun for example_xcom_args_with_operators to None, run_after=None
[2022-06-26 13:31:25,543] {processor.py:161} INFO - Processing /home/airflow/.local/lib/python3.7/site-packages/airflow/example_dags/example_xcomargs.py took 0.780 seconds
[2022-06-26 13:31:55,830] {processor.py:153} INFO - Started process (PID=573) to work on /home/airflow/.local/lib/python3.7/site-packages/airflow/example_dags/example_xcomargs.py
[2022-06-26 13:31:55,835] {processor.py:641} INFO - Processing file /home/airflow/.local/lib/python3.7/site-packages/airflow/example_dags/example_xcomargs.py for tasks to queue
[2022-06-26 13:31:55,836] {logging_mixin.py:115} INFO - [2022-06-26 13:31:55,836] {dagbag.py:507} INFO - Filling up the DagBag from /home/airflow/.local/lib/python3.7/site-packages/airflow/example_dags/example_xcomargs.py
[2022-06-26 13:31:55,887] {processor.py:651} INFO - DAG(s) dict_keys(['example_xcom_args', 'example_xcom_args_with_operators']) retrieved from /home/airflow/.local/lib/python3.7/site-packages/airflow/example_dags/example_xcomargs.py
[2022-06-26 13:31:56,301] {logging_mixin.py:115} INFO - [2022-06-26 13:31:56,301] {dag.py:2379} INFO - Sync 2 DAGs
[2022-06-26 13:31:56,361] {logging_mixin.py:115} INFO - [2022-06-26 13:31:56,360] {dag.py:2931} INFO - Setting next_dagrun for example_xcom_args to None, run_after=None
[2022-06-26 13:31:56,361] {logging_mixin.py:115} INFO - [2022-06-26 13:31:56,361] {dag.py:2931} INFO - Setting next_dagrun for example_xcom_args_with_operators to None, run_after=None
[2022-06-26 13:31:56,401] {processor.py:161} INFO - Processing /home/airflow/.local/lib/python3.7/site-packages/airflow/example_dags/example_xcomargs.py took 0.576 seconds
[2022-06-26 13:32:26,991] {processor.py:153} INFO - Started process (PID=625) to work on /home/airflow/.local/lib/python3.7/site-packages/airflow/example_dags/example_xcomargs.py
[2022-06-26 13:32:26,992] {processor.py:641} INFO - Processing file /home/airflow/.local/lib/python3.7/site-packages/airflow/example_dags/example_xcomargs.py for tasks to queue
[2022-06-26 13:32:26,993] {logging_mixin.py:115} INFO - [2022-06-26 13:32:26,993] {dagbag.py:507} INFO - Filling up the DagBag from /home/airflow/.local/lib/python3.7/site-packages/airflow/example_dags/example_xcomargs.py
[2022-06-26 13:32:27,028] {processor.py:651} INFO - DAG(s) dict_keys(['example_xcom_args', 'example_xcom_args_with_operators']) retrieved from /home/airflow/.local/lib/python3.7/site-packages/airflow/example_dags/example_xcomargs.py
[2022-06-26 13:32:27,714] {logging_mixin.py:115} INFO - [2022-06-26 13:32:27,713] {dag.py:2379} INFO - Sync 2 DAGs
[2022-06-26 13:32:27,743] {logging_mixin.py:115} INFO - [2022-06-26 13:32:27,743] {dag.py:2931} INFO - Setting next_dagrun for example_xcom_args to None, run_after=None
[2022-06-26 13:32:27,744] {logging_mixin.py:115} INFO - [2022-06-26 13:32:27,743] {dag.py:2931} INFO - Setting next_dagrun for example_xcom_args_with_operators to None, run_after=None
[2022-06-26 13:32:27,764] {processor.py:161} INFO - Processing /home/airflow/.local/lib/python3.7/site-packages/airflow/example_dags/example_xcomargs.py took 0.779 seconds
[2022-06-26 13:32:58,064] {processor.py:153} INFO - Started process (PID=687) to work on /home/airflow/.local/lib/python3.7/site-packages/airflow/example_dags/example_xcomargs.py
[2022-06-26 13:32:58,072] {processor.py:641} INFO - Processing file /home/airflow/.local/lib/python3.7/site-packages/airflow/example_dags/example_xcomargs.py for tasks to queue
[2022-06-26 13:32:58,074] {logging_mixin.py:115} INFO - [2022-06-26 13:32:58,074] {dagbag.py:507} INFO - Filling up the DagBag from /home/airflow/.local/lib/python3.7/site-packages/airflow/example_dags/example_xcomargs.py
[2022-06-26 13:32:58,105] {processor.py:651} INFO - DAG(s) dict_keys(['example_xcom_args', 'example_xcom_args_with_operators']) retrieved from /home/airflow/.local/lib/python3.7/site-packages/airflow/example_dags/example_xcomargs.py
[2022-06-26 13:32:58,447] {logging_mixin.py:115} INFO - [2022-06-26 13:32:58,447] {dag.py:2379} INFO - Sync 2 DAGs
[2022-06-26 13:32:58,466] {logging_mixin.py:115} INFO - [2022-06-26 13:32:58,465] {dag.py:2931} INFO - Setting next_dagrun for example_xcom_args to None, run_after=None
[2022-06-26 13:32:58,466] {logging_mixin.py:115} INFO - [2022-06-26 13:32:58,466] {dag.py:2931} INFO - Setting next_dagrun for example_xcom_args_with_operators to None, run_after=None
[2022-06-26 13:32:58,480] {processor.py:161} INFO - Processing /home/airflow/.local/lib/python3.7/site-packages/airflow/example_dags/example_xcomargs.py took 0.421 seconds
[2022-06-26 13:33:28,552] {processor.py:153} INFO - Started process (PID=740) to work on /home/airflow/.local/lib/python3.7/site-packages/airflow/example_dags/example_xcomargs.py
[2022-06-26 13:33:28,552] {processor.py:641} INFO - Processing file /home/airflow/.local/lib/python3.7/site-packages/airflow/example_dags/example_xcomargs.py for tasks to queue
[2022-06-26 13:33:28,553] {logging_mixin.py:115} INFO - [2022-06-26 13:33:28,553] {dagbag.py:507} INFO - Filling up the DagBag from /home/airflow/.local/lib/python3.7/site-packages/airflow/example_dags/example_xcomargs.py
[2022-06-26 13:33:28,584] {processor.py:651} INFO - DAG(s) dict_keys(['example_xcom_args', 'example_xcom_args_with_operators']) retrieved from /home/airflow/.local/lib/python3.7/site-packages/airflow/example_dags/example_xcomargs.py
[2022-06-26 13:33:29,123] {logging_mixin.py:115} INFO - [2022-06-26 13:33:29,123] {dag.py:2379} INFO - Sync 2 DAGs
[2022-06-26 13:33:29,177] {logging_mixin.py:115} INFO - [2022-06-26 13:33:29,176] {dag.py:2931} INFO - Setting next_dagrun for example_xcom_args to None, run_after=None
[2022-06-26 13:33:29,177] {logging_mixin.py:115} INFO - [2022-06-26 13:33:29,177] {dag.py:2931} INFO - Setting next_dagrun for example_xcom_args_with_operators to None, run_after=None
[2022-06-26 13:33:29,218] {processor.py:161} INFO - Processing /home/airflow/.local/lib/python3.7/site-packages/airflow/example_dags/example_xcomargs.py took 0.672 seconds
[2022-06-26 13:33:59,520] {processor.py:153} INFO - Started process (PID=802) to work on /home/airflow/.local/lib/python3.7/site-packages/airflow/example_dags/example_xcomargs.py
[2022-06-26 13:33:59,523] {processor.py:641} INFO - Processing file /home/airflow/.local/lib/python3.7/site-packages/airflow/example_dags/example_xcomargs.py for tasks to queue
[2022-06-26 13:33:59,523] {logging_mixin.py:115} INFO - [2022-06-26 13:33:59,523] {dagbag.py:507} INFO - Filling up the DagBag from /home/airflow/.local/lib/python3.7/site-packages/airflow/example_dags/example_xcomargs.py
[2022-06-26 13:33:59,554] {processor.py:651} INFO - DAG(s) dict_keys(['example_xcom_args', 'example_xcom_args_with_operators']) retrieved from /home/airflow/.local/lib/python3.7/site-packages/airflow/example_dags/example_xcomargs.py
[2022-06-26 13:34:00,000] {logging_mixin.py:115} INFO - [2022-06-26 13:34:00,000] {dag.py:2379} INFO - Sync 2 DAGs
[2022-06-26 13:34:00,041] {logging_mixin.py:115} INFO - [2022-06-26 13:34:00,041] {dag.py:2931} INFO - Setting next_dagrun for example_xcom_args to None, run_after=None
[2022-06-26 13:34:00,041] {logging_mixin.py:115} INFO - [2022-06-26 13:34:00,041] {dag.py:2931} INFO - Setting next_dagrun for example_xcom_args_with_operators to None, run_after=None
[2022-06-26 13:34:00,080] {processor.py:161} INFO - Processing /home/airflow/.local/lib/python3.7/site-packages/airflow/example_dags/example_xcomargs.py took 0.567 seconds
[2022-06-26 13:34:30,188] {processor.py:153} INFO - Started process (PID=854) to work on /home/airflow/.local/lib/python3.7/site-packages/airflow/example_dags/example_xcomargs.py
[2022-06-26 13:34:30,189] {processor.py:641} INFO - Processing file /home/airflow/.local/lib/python3.7/site-packages/airflow/example_dags/example_xcomargs.py for tasks to queue
[2022-06-26 13:34:30,190] {logging_mixin.py:115} INFO - [2022-06-26 13:34:30,189] {dagbag.py:507} INFO - Filling up the DagBag from /home/airflow/.local/lib/python3.7/site-packages/airflow/example_dags/example_xcomargs.py
[2022-06-26 13:34:30,222] {processor.py:651} INFO - DAG(s) dict_keys(['example_xcom_args', 'example_xcom_args_with_operators']) retrieved from /home/airflow/.local/lib/python3.7/site-packages/airflow/example_dags/example_xcomargs.py
[2022-06-26 13:34:30,503] {logging_mixin.py:115} INFO - [2022-06-26 13:34:30,502] {dag.py:2379} INFO - Sync 2 DAGs
[2022-06-26 13:34:30,553] {logging_mixin.py:115} INFO - [2022-06-26 13:34:30,553] {dag.py:2931} INFO - Setting next_dagrun for example_xcom_args to None, run_after=None
[2022-06-26 13:34:30,553] {logging_mixin.py:115} INFO - [2022-06-26 13:34:30,553] {dag.py:2931} INFO - Setting next_dagrun for example_xcom_args_with_operators to None, run_after=None
[2022-06-26 13:34:30,593] {processor.py:161} INFO - Processing /home/airflow/.local/lib/python3.7/site-packages/airflow/example_dags/example_xcomargs.py took 0.412 seconds
[2022-06-26 13:35:00,893] {processor.py:153} INFO - Started process (PID=907) to work on /home/airflow/.local/lib/python3.7/site-packages/airflow/example_dags/example_xcomargs.py
[2022-06-26 13:35:00,898] {processor.py:641} INFO - Processing file /home/airflow/.local/lib/python3.7/site-packages/airflow/example_dags/example_xcomargs.py for tasks to queue
[2022-06-26 13:35:00,899] {logging_mixin.py:115} INFO - [2022-06-26 13:35:00,899] {dagbag.py:507} INFO - Filling up the DagBag from /home/airflow/.local/lib/python3.7/site-packages/airflow/example_dags/example_xcomargs.py
[2022-06-26 13:35:00,960] {processor.py:651} INFO - DAG(s) dict_keys(['example_xcom_args', 'example_xcom_args_with_operators']) retrieved from /home/airflow/.local/lib/python3.7/site-packages/airflow/example_dags/example_xcomargs.py
[2022-06-26 13:35:01,591] {logging_mixin.py:115} INFO - [2022-06-26 13:35:01,591] {dag.py:2379} INFO - Sync 2 DAGs
[2022-06-26 13:35:01,689] {logging_mixin.py:115} INFO - [2022-06-26 13:35:01,689] {dag.py:2931} INFO - Setting next_dagrun for example_xcom_args to None, run_after=None
[2022-06-26 13:35:01,690] {logging_mixin.py:115} INFO - [2022-06-26 13:35:01,690] {dag.py:2931} INFO - Setting next_dagrun for example_xcom_args_with_operators to None, run_after=None
[2022-06-26 13:35:01,762] {processor.py:161} INFO - Processing /home/airflow/.local/lib/python3.7/site-packages/airflow/example_dags/example_xcomargs.py took 0.896 seconds
[2022-06-26 13:35:32,087] {processor.py:153} INFO - Started process (PID=969) to work on /home/airflow/.local/lib/python3.7/site-packages/airflow/example_dags/example_xcomargs.py
[2022-06-26 13:35:32,088] {processor.py:641} INFO - Processing file /home/airflow/.local/lib/python3.7/site-packages/airflow/example_dags/example_xcomargs.py for tasks to queue
[2022-06-26 13:35:32,089] {logging_mixin.py:115} INFO - [2022-06-26 13:35:32,089] {dagbag.py:507} INFO - Filling up the DagBag from /home/airflow/.local/lib/python3.7/site-packages/airflow/example_dags/example_xcomargs.py
[2022-06-26 13:35:32,120] {processor.py:651} INFO - DAG(s) dict_keys(['example_xcom_args', 'example_xcom_args_with_operators']) retrieved from /home/airflow/.local/lib/python3.7/site-packages/airflow/example_dags/example_xcomargs.py
[2022-06-26 13:35:32,480] {logging_mixin.py:115} INFO - [2022-06-26 13:35:32,480] {dag.py:2379} INFO - Sync 2 DAGs
[2022-06-26 13:35:32,516] {logging_mixin.py:115} INFO - [2022-06-26 13:35:32,516] {dag.py:2931} INFO - Setting next_dagrun for example_xcom_args to None, run_after=None
[2022-06-26 13:35:32,517] {logging_mixin.py:115} INFO - [2022-06-26 13:35:32,517] {dag.py:2931} INFO - Setting next_dagrun for example_xcom_args_with_operators to None, run_after=None
[2022-06-26 13:35:32,536] {processor.py:161} INFO - Processing /home/airflow/.local/lib/python3.7/site-packages/airflow/example_dags/example_xcomargs.py took 0.455 seconds
[2022-06-26 13:36:02,883] {processor.py:153} INFO - Started process (PID=1022) to work on /home/airflow/.local/lib/python3.7/site-packages/airflow/example_dags/example_xcomargs.py
[2022-06-26 13:36:02,892] {processor.py:641} INFO - Processing file /home/airflow/.local/lib/python3.7/site-packages/airflow/example_dags/example_xcomargs.py for tasks to queue
[2022-06-26 13:36:02,893] {logging_mixin.py:115} INFO - [2022-06-26 13:36:02,893] {dagbag.py:507} INFO - Filling up the DagBag from /home/airflow/.local/lib/python3.7/site-packages/airflow/example_dags/example_xcomargs.py
[2022-06-26 13:36:02,955] {processor.py:651} INFO - DAG(s) dict_keys(['example_xcom_args', 'example_xcom_args_with_operators']) retrieved from /home/airflow/.local/lib/python3.7/site-packages/airflow/example_dags/example_xcomargs.py
[2022-06-26 13:36:03,369] {logging_mixin.py:115} INFO - [2022-06-26 13:36:03,369] {dag.py:2379} INFO - Sync 2 DAGs
[2022-06-26 13:36:03,440] {logging_mixin.py:115} INFO - [2022-06-26 13:36:03,440] {dag.py:2931} INFO - Setting next_dagrun for example_xcom_args to None, run_after=None
[2022-06-26 13:36:03,441] {logging_mixin.py:115} INFO - [2022-06-26 13:36:03,441] {dag.py:2931} INFO - Setting next_dagrun for example_xcom_args_with_operators to None, run_after=None
[2022-06-26 13:36:03,498] {processor.py:161} INFO - Processing /home/airflow/.local/lib/python3.7/site-packages/airflow/example_dags/example_xcomargs.py took 0.621 seconds
[2022-06-26 13:36:33,858] {processor.py:153} INFO - Started process (PID=1085) to work on /home/airflow/.local/lib/python3.7/site-packages/airflow/example_dags/example_xcomargs.py
[2022-06-26 13:36:33,859] {processor.py:641} INFO - Processing file /home/airflow/.local/lib/python3.7/site-packages/airflow/example_dags/example_xcomargs.py for tasks to queue
[2022-06-26 13:36:33,860] {logging_mixin.py:115} INFO - [2022-06-26 13:36:33,860] {dagbag.py:507} INFO - Filling up the DagBag from /home/airflow/.local/lib/python3.7/site-packages/airflow/example_dags/example_xcomargs.py
[2022-06-26 13:36:33,891] {processor.py:651} INFO - DAG(s) dict_keys(['example_xcom_args', 'example_xcom_args_with_operators']) retrieved from /home/airflow/.local/lib/python3.7/site-packages/airflow/example_dags/example_xcomargs.py
[2022-06-26 13:36:34,227] {logging_mixin.py:115} INFO - [2022-06-26 13:36:34,227] {dag.py:2379} INFO - Sync 2 DAGs
[2022-06-26 13:36:34,256] {logging_mixin.py:115} INFO - [2022-06-26 13:36:34,256] {dag.py:2931} INFO - Setting next_dagrun for example_xcom_args to None, run_after=None
[2022-06-26 13:36:34,257] {logging_mixin.py:115} INFO - [2022-06-26 13:36:34,257] {dag.py:2931} INFO - Setting next_dagrun for example_xcom_args_with_operators to None, run_after=None
[2022-06-26 13:36:34,276] {processor.py:161} INFO - Processing /home/airflow/.local/lib/python3.7/site-packages/airflow/example_dags/example_xcomargs.py took 0.424 seconds
[2022-06-26 13:37:04,505] {processor.py:153} INFO - Started process (PID=1138) to work on /home/airflow/.local/lib/python3.7/site-packages/airflow/example_dags/example_xcomargs.py
[2022-06-26 13:37:04,529] {processor.py:641} INFO - Processing file /home/airflow/.local/lib/python3.7/site-packages/airflow/example_dags/example_xcomargs.py for tasks to queue
[2022-06-26 13:37:04,530] {logging_mixin.py:115} INFO - [2022-06-26 13:37:04,530] {dagbag.py:507} INFO - Filling up the DagBag from /home/airflow/.local/lib/python3.7/site-packages/airflow/example_dags/example_xcomargs.py
[2022-06-26 13:37:04,630] {processor.py:651} INFO - DAG(s) dict_keys(['example_xcom_args', 'example_xcom_args_with_operators']) retrieved from /home/airflow/.local/lib/python3.7/site-packages/airflow/example_dags/example_xcomargs.py
[2022-06-26 13:37:05,363] {logging_mixin.py:115} INFO - [2022-06-26 13:37:05,363] {dag.py:2379} INFO - Sync 2 DAGs
[2022-06-26 13:37:05,423] {logging_mixin.py:115} INFO - [2022-06-26 13:37:05,423] {dag.py:2931} INFO - Setting next_dagrun for example_xcom_args to None, run_after=None
[2022-06-26 13:37:05,424] {logging_mixin.py:115} INFO - [2022-06-26 13:37:05,424] {dag.py:2931} INFO - Setting next_dagrun for example_xcom_args_with_operators to None, run_after=None
[2022-06-26 13:37:05,469] {processor.py:161} INFO - Processing /home/airflow/.local/lib/python3.7/site-packages/airflow/example_dags/example_xcomargs.py took 0.981 seconds
[2022-06-26 13:37:35,723] {processor.py:153} INFO - Started process (PID=1200) to work on /home/airflow/.local/lib/python3.7/site-packages/airflow/example_dags/example_xcomargs.py
[2022-06-26 13:37:35,724] {processor.py:641} INFO - Processing file /home/airflow/.local/lib/python3.7/site-packages/airflow/example_dags/example_xcomargs.py for tasks to queue
[2022-06-26 13:37:35,725] {logging_mixin.py:115} INFO - [2022-06-26 13:37:35,725] {dagbag.py:507} INFO - Filling up the DagBag from /home/airflow/.local/lib/python3.7/site-packages/airflow/example_dags/example_xcomargs.py
[2022-06-26 13:37:35,768] {processor.py:651} INFO - DAG(s) dict_keys(['example_xcom_args', 'example_xcom_args_with_operators']) retrieved from /home/airflow/.local/lib/python3.7/site-packages/airflow/example_dags/example_xcomargs.py
[2022-06-26 13:37:36,108] {logging_mixin.py:115} INFO - [2022-06-26 13:37:36,108] {dag.py:2379} INFO - Sync 2 DAGs
[2022-06-26 13:37:36,129] {logging_mixin.py:115} INFO - [2022-06-26 13:37:36,129] {dag.py:2931} INFO - Setting next_dagrun for example_xcom_args to None, run_after=None
[2022-06-26 13:37:36,130] {logging_mixin.py:115} INFO - [2022-06-26 13:37:36,130] {dag.py:2931} INFO - Setting next_dagrun for example_xcom_args_with_operators to None, run_after=None
[2022-06-26 13:37:36,147] {processor.py:161} INFO - Processing /home/airflow/.local/lib/python3.7/site-packages/airflow/example_dags/example_xcomargs.py took 0.430 seconds
[2022-06-26 13:38:06,426] {processor.py:153} INFO - Started process (PID=1253) to work on /home/airflow/.local/lib/python3.7/site-packages/airflow/example_dags/example_xcomargs.py
[2022-06-26 13:38:06,445] {processor.py:641} INFO - Processing file /home/airflow/.local/lib/python3.7/site-packages/airflow/example_dags/example_xcomargs.py for tasks to queue
[2022-06-26 13:38:06,448] {logging_mixin.py:115} INFO - [2022-06-26 13:38:06,448] {dagbag.py:507} INFO - Filling up the DagBag from /home/airflow/.local/lib/python3.7/site-packages/airflow/example_dags/example_xcomargs.py
[2022-06-26 13:38:06,590] {processor.py:651} INFO - DAG(s) dict_keys(['example_xcom_args', 'example_xcom_args_with_operators']) retrieved from /home/airflow/.local/lib/python3.7/site-packages/airflow/example_dags/example_xcomargs.py
[2022-06-26 13:38:07,309] {logging_mixin.py:115} INFO - [2022-06-26 13:38:07,309] {dag.py:2379} INFO - Sync 2 DAGs
[2022-06-26 13:38:07,415] {logging_mixin.py:115} INFO - [2022-06-26 13:38:07,415] {dag.py:2931} INFO - Setting next_dagrun for example_xcom_args to None, run_after=None
[2022-06-26 13:38:07,415] {logging_mixin.py:115} INFO - [2022-06-26 13:38:07,415] {dag.py:2931} INFO - Setting next_dagrun for example_xcom_args_with_operators to None, run_after=None
[2022-06-26 13:38:07,532] {processor.py:161} INFO - Processing /home/airflow/.local/lib/python3.7/site-packages/airflow/example_dags/example_xcomargs.py took 1.132 seconds
[2022-06-26 13:38:38,024] {processor.py:153} INFO - Started process (PID=1314) to work on /home/airflow/.local/lib/python3.7/site-packages/airflow/example_dags/example_xcomargs.py
[2022-06-26 13:38:38,040] {processor.py:641} INFO - Processing file /home/airflow/.local/lib/python3.7/site-packages/airflow/example_dags/example_xcomargs.py for tasks to queue
[2022-06-26 13:38:38,041] {logging_mixin.py:115} INFO - [2022-06-26 13:38:38,041] {dagbag.py:507} INFO - Filling up the DagBag from /home/airflow/.local/lib/python3.7/site-packages/airflow/example_dags/example_xcomargs.py
[2022-06-26 13:38:38,085] {processor.py:651} INFO - DAG(s) dict_keys(['example_xcom_args', 'example_xcom_args_with_operators']) retrieved from /home/airflow/.local/lib/python3.7/site-packages/airflow/example_dags/example_xcomargs.py
[2022-06-26 13:38:38,489] {logging_mixin.py:115} INFO - [2022-06-26 13:38:38,488] {dag.py:2379} INFO - Sync 2 DAGs
[2022-06-26 13:38:38,518] {logging_mixin.py:115} INFO - [2022-06-26 13:38:38,518] {dag.py:2931} INFO - Setting next_dagrun for example_xcom_args to None, run_after=None
[2022-06-26 13:38:38,519] {logging_mixin.py:115} INFO - [2022-06-26 13:38:38,519] {dag.py:2931} INFO - Setting next_dagrun for example_xcom_args_with_operators to None, run_after=None
[2022-06-26 13:38:38,537] {processor.py:161} INFO - Processing /home/airflow/.local/lib/python3.7/site-packages/airflow/example_dags/example_xcomargs.py took 0.519 seconds
[2022-06-26 13:39:09,285] {processor.py:153} INFO - Started process (PID=1368) to work on /home/airflow/.local/lib/python3.7/site-packages/airflow/example_dags/example_xcomargs.py
[2022-06-26 13:39:09,289] {processor.py:641} INFO - Processing file /home/airflow/.local/lib/python3.7/site-packages/airflow/example_dags/example_xcomargs.py for tasks to queue
[2022-06-26 13:39:09,289] {logging_mixin.py:115} INFO - [2022-06-26 13:39:09,289] {dagbag.py:507} INFO - Filling up the DagBag from /home/airflow/.local/lib/python3.7/site-packages/airflow/example_dags/example_xcomargs.py
[2022-06-26 13:39:09,329] {processor.py:651} INFO - DAG(s) dict_keys(['example_xcom_args', 'example_xcom_args_with_operators']) retrieved from /home/airflow/.local/lib/python3.7/site-packages/airflow/example_dags/example_xcomargs.py
[2022-06-26 13:39:09,740] {logging_mixin.py:115} INFO - [2022-06-26 13:39:09,740] {dag.py:2379} INFO - Sync 2 DAGs
[2022-06-26 13:39:09,773] {logging_mixin.py:115} INFO - [2022-06-26 13:39:09,773] {dag.py:2931} INFO - Setting next_dagrun for example_xcom_args to None, run_after=None
[2022-06-26 13:39:09,773] {logging_mixin.py:115} INFO - [2022-06-26 13:39:09,773] {dag.py:2931} INFO - Setting next_dagrun for example_xcom_args_with_operators to None, run_after=None
[2022-06-26 13:39:09,806] {processor.py:161} INFO - Processing /home/airflow/.local/lib/python3.7/site-packages/airflow/example_dags/example_xcomargs.py took 0.528 seconds
[2022-06-26 13:39:40,294] {processor.py:153} INFO - Started process (PID=1429) to work on /home/airflow/.local/lib/python3.7/site-packages/airflow/example_dags/example_xcomargs.py
[2022-06-26 13:39:40,295] {processor.py:641} INFO - Processing file /home/airflow/.local/lib/python3.7/site-packages/airflow/example_dags/example_xcomargs.py for tasks to queue
[2022-06-26 13:39:40,296] {logging_mixin.py:115} INFO - [2022-06-26 13:39:40,296] {dagbag.py:507} INFO - Filling up the DagBag from /home/airflow/.local/lib/python3.7/site-packages/airflow/example_dags/example_xcomargs.py
[2022-06-26 13:39:40,335] {processor.py:651} INFO - DAG(s) dict_keys(['example_xcom_args', 'example_xcom_args_with_operators']) retrieved from /home/airflow/.local/lib/python3.7/site-packages/airflow/example_dags/example_xcomargs.py
[2022-06-26 13:39:40,599] {logging_mixin.py:115} INFO - [2022-06-26 13:39:40,599] {dag.py:2379} INFO - Sync 2 DAGs
[2022-06-26 13:39:40,633] {logging_mixin.py:115} INFO - [2022-06-26 13:39:40,633] {dag.py:2931} INFO - Setting next_dagrun for example_xcom_args to None, run_after=None
[2022-06-26 13:39:40,633] {logging_mixin.py:115} INFO - [2022-06-26 13:39:40,633] {dag.py:2931} INFO - Setting next_dagrun for example_xcom_args_with_operators to None, run_after=None
[2022-06-26 13:39:40,652] {processor.py:161} INFO - Processing /home/airflow/.local/lib/python3.7/site-packages/airflow/example_dags/example_xcomargs.py took 0.365 seconds
[2022-06-26 13:40:10,744] {processor.py:153} INFO - Started process (PID=1481) to work on /home/airflow/.local/lib/python3.7/site-packages/airflow/example_dags/example_xcomargs.py
[2022-06-26 13:40:10,744] {processor.py:641} INFO - Processing file /home/airflow/.local/lib/python3.7/site-packages/airflow/example_dags/example_xcomargs.py for tasks to queue
[2022-06-26 13:40:10,745] {logging_mixin.py:115} INFO - [2022-06-26 13:40:10,745] {dagbag.py:507} INFO - Filling up the DagBag from /home/airflow/.local/lib/python3.7/site-packages/airflow/example_dags/example_xcomargs.py
[2022-06-26 13:40:10,786] {processor.py:651} INFO - DAG(s) dict_keys(['example_xcom_args', 'example_xcom_args_with_operators']) retrieved from /home/airflow/.local/lib/python3.7/site-packages/airflow/example_dags/example_xcomargs.py
[2022-06-26 13:40:11,180] {logging_mixin.py:115} INFO - [2022-06-26 13:40:11,179] {dag.py:2379} INFO - Sync 2 DAGs
[2022-06-26 13:40:11,229] {logging_mixin.py:115} INFO - [2022-06-26 13:40:11,229] {dag.py:2931} INFO - Setting next_dagrun for example_xcom_args to None, run_after=None
[2022-06-26 13:40:11,233] {logging_mixin.py:115} INFO - [2022-06-26 13:40:11,233] {dag.py:2931} INFO - Setting next_dagrun for example_xcom_args_with_operators to None, run_after=None
[2022-06-26 13:40:11,283] {processor.py:161} INFO - Processing /home/airflow/.local/lib/python3.7/site-packages/airflow/example_dags/example_xcomargs.py took 0.545 seconds
[2022-06-26 13:40:41,960] {processor.py:153} INFO - Started process (PID=1541) to work on /home/airflow/.local/lib/python3.7/site-packages/airflow/example_dags/example_xcomargs.py
[2022-06-26 13:40:41,981] {processor.py:641} INFO - Processing file /home/airflow/.local/lib/python3.7/site-packages/airflow/example_dags/example_xcomargs.py for tasks to queue
[2022-06-26 13:40:41,982] {logging_mixin.py:115} INFO - [2022-06-26 13:40:41,982] {dagbag.py:507} INFO - Filling up the DagBag from /home/airflow/.local/lib/python3.7/site-packages/airflow/example_dags/example_xcomargs.py
[2022-06-26 13:40:42,146] {processor.py:651} INFO - DAG(s) dict_keys(['example_xcom_args', 'example_xcom_args_with_operators']) retrieved from /home/airflow/.local/lib/python3.7/site-packages/airflow/example_dags/example_xcomargs.py
[2022-06-26 13:40:43,701] {logging_mixin.py:115} INFO - [2022-06-26 13:40:43,701] {dag.py:2379} INFO - Sync 2 DAGs
[2022-06-26 13:40:43,753] {logging_mixin.py:115} INFO - [2022-06-26 13:40:43,752] {dag.py:2931} INFO - Setting next_dagrun for example_xcom_args to None, run_after=None
[2022-06-26 13:40:43,756] {logging_mixin.py:115} INFO - [2022-06-26 13:40:43,756] {dag.py:2931} INFO - Setting next_dagrun for example_xcom_args_with_operators to None, run_after=None
[2022-06-26 13:40:43,805] {processor.py:161} INFO - Processing /home/airflow/.local/lib/python3.7/site-packages/airflow/example_dags/example_xcomargs.py took 1.870 seconds
[2022-06-26 13:41:14,609] {processor.py:153} INFO - Started process (PID=1596) to work on /home/airflow/.local/lib/python3.7/site-packages/airflow/example_dags/example_xcomargs.py
[2022-06-26 13:41:14,610] {processor.py:641} INFO - Processing file /home/airflow/.local/lib/python3.7/site-packages/airflow/example_dags/example_xcomargs.py for tasks to queue
[2022-06-26 13:41:14,610] {logging_mixin.py:115} INFO - [2022-06-26 13:41:14,610] {dagbag.py:507} INFO - Filling up the DagBag from /home/airflow/.local/lib/python3.7/site-packages/airflow/example_dags/example_xcomargs.py
[2022-06-26 13:41:14,650] {processor.py:651} INFO - DAG(s) dict_keys(['example_xcom_args', 'example_xcom_args_with_operators']) retrieved from /home/airflow/.local/lib/python3.7/site-packages/airflow/example_dags/example_xcomargs.py
[2022-06-26 13:41:14,937] {logging_mixin.py:115} INFO - [2022-06-26 13:41:14,937] {dag.py:2379} INFO - Sync 2 DAGs
[2022-06-26 13:41:14,966] {logging_mixin.py:115} INFO - [2022-06-26 13:41:14,966] {dag.py:2931} INFO - Setting next_dagrun for example_xcom_args to None, run_after=None
[2022-06-26 13:41:14,966] {logging_mixin.py:115} INFO - [2022-06-26 13:41:14,966] {dag.py:2931} INFO - Setting next_dagrun for example_xcom_args_with_operators to None, run_after=None
[2022-06-26 13:41:14,982] {processor.py:161} INFO - Processing /home/airflow/.local/lib/python3.7/site-packages/airflow/example_dags/example_xcomargs.py took 0.379 seconds
[2022-06-26 13:41:45,128] {processor.py:153} INFO - Started process (PID=1649) to work on /home/airflow/.local/lib/python3.7/site-packages/airflow/example_dags/example_xcomargs.py
[2022-06-26 13:41:45,132] {processor.py:641} INFO - Processing file /home/airflow/.local/lib/python3.7/site-packages/airflow/example_dags/example_xcomargs.py for tasks to queue
[2022-06-26 13:41:45,133] {logging_mixin.py:115} INFO - [2022-06-26 13:41:45,133] {dagbag.py:507} INFO - Filling up the DagBag from /home/airflow/.local/lib/python3.7/site-packages/airflow/example_dags/example_xcomargs.py
[2022-06-26 13:41:45,199] {processor.py:651} INFO - DAG(s) dict_keys(['example_xcom_args', 'example_xcom_args_with_operators']) retrieved from /home/airflow/.local/lib/python3.7/site-packages/airflow/example_dags/example_xcomargs.py
[2022-06-26 13:41:45,724] {logging_mixin.py:115} INFO - [2022-06-26 13:41:45,724] {dag.py:2379} INFO - Sync 2 DAGs
[2022-06-26 13:41:45,787] {logging_mixin.py:115} INFO - [2022-06-26 13:41:45,786] {dag.py:2931} INFO - Setting next_dagrun for example_xcom_args to None, run_after=None
[2022-06-26 13:41:45,797] {logging_mixin.py:115} INFO - [2022-06-26 13:41:45,797] {dag.py:2931} INFO - Setting next_dagrun for example_xcom_args_with_operators to None, run_after=None
[2022-06-26 13:41:45,835] {processor.py:161} INFO - Processing /home/airflow/.local/lib/python3.7/site-packages/airflow/example_dags/example_xcomargs.py took 0.712 seconds
[2022-06-26 13:42:16,592] {processor.py:153} INFO - Started process (PID=1711) to work on /home/airflow/.local/lib/python3.7/site-packages/airflow/example_dags/example_xcomargs.py
[2022-06-26 13:42:16,593] {processor.py:641} INFO - Processing file /home/airflow/.local/lib/python3.7/site-packages/airflow/example_dags/example_xcomargs.py for tasks to queue
[2022-06-26 13:42:16,596] {logging_mixin.py:115} INFO - [2022-06-26 13:42:16,596] {dagbag.py:507} INFO - Filling up the DagBag from /home/airflow/.local/lib/python3.7/site-packages/airflow/example_dags/example_xcomargs.py
[2022-06-26 13:42:16,699] {processor.py:651} INFO - DAG(s) dict_keys(['example_xcom_args', 'example_xcom_args_with_operators']) retrieved from /home/airflow/.local/lib/python3.7/site-packages/airflow/example_dags/example_xcomargs.py
[2022-06-26 13:42:17,351] {logging_mixin.py:115} INFO - [2022-06-26 13:42:17,351] {dag.py:2379} INFO - Sync 2 DAGs
[2022-06-26 13:42:17,416] {logging_mixin.py:115} INFO - [2022-06-26 13:42:17,416] {dag.py:2931} INFO - Setting next_dagrun for example_xcom_args to None, run_after=None
[2022-06-26 13:42:17,417] {logging_mixin.py:115} INFO - [2022-06-26 13:42:17,417] {dag.py:2931} INFO - Setting next_dagrun for example_xcom_args_with_operators to None, run_after=None
[2022-06-26 13:42:17,459] {processor.py:161} INFO - Processing /home/airflow/.local/lib/python3.7/site-packages/airflow/example_dags/example_xcomargs.py took 0.889 seconds
[2022-06-26 13:42:48,311] {processor.py:153} INFO - Started process (PID=1764) to work on /home/airflow/.local/lib/python3.7/site-packages/airflow/example_dags/example_xcomargs.py
[2022-06-26 13:42:48,313] {processor.py:641} INFO - Processing file /home/airflow/.local/lib/python3.7/site-packages/airflow/example_dags/example_xcomargs.py for tasks to queue
[2022-06-26 13:42:48,314] {logging_mixin.py:115} INFO - [2022-06-26 13:42:48,314] {dagbag.py:507} INFO - Filling up the DagBag from /home/airflow/.local/lib/python3.7/site-packages/airflow/example_dags/example_xcomargs.py
[2022-06-26 13:42:48,354] {processor.py:651} INFO - DAG(s) dict_keys(['example_xcom_args', 'example_xcom_args_with_operators']) retrieved from /home/airflow/.local/lib/python3.7/site-packages/airflow/example_dags/example_xcomargs.py
[2022-06-26 13:42:48,679] {logging_mixin.py:115} INFO - [2022-06-26 13:42:48,679] {dag.py:2379} INFO - Sync 2 DAGs
[2022-06-26 13:42:48,710] {logging_mixin.py:115} INFO - [2022-06-26 13:42:48,710] {dag.py:2931} INFO - Setting next_dagrun for example_xcom_args to None, run_after=None
[2022-06-26 13:42:48,711] {logging_mixin.py:115} INFO - [2022-06-26 13:42:48,711] {dag.py:2931} INFO - Setting next_dagrun for example_xcom_args_with_operators to None, run_after=None
[2022-06-26 13:42:48,733] {processor.py:161} INFO - Processing /home/airflow/.local/lib/python3.7/site-packages/airflow/example_dags/example_xcomargs.py took 0.428 seconds
