[2022-06-26 12:35:21,983] {processor.py:153} INFO - Started process (PID=92) to work on /home/airflow/.local/lib/python3.7/site-packages/airflow/example_dags/example_sla_dag.py
[2022-06-26 12:35:21,989] {processor.py:641} INFO - Processing file /home/airflow/.local/lib/python3.7/site-packages/airflow/example_dags/example_sla_dag.py for tasks to queue
[2022-06-26 12:35:21,990] {logging_mixin.py:115} INFO - [2022-06-26 12:35:21,990] {dagbag.py:507} INFO - Filling up the DagBag from /home/airflow/.local/lib/python3.7/site-packages/airflow/example_dags/example_sla_dag.py
[2022-06-26 12:35:22,092] {processor.py:651} INFO - DAG(s) dict_keys(['example_sla_dag']) retrieved from /home/airflow/.local/lib/python3.7/site-packages/airflow/example_dags/example_sla_dag.py
[2022-06-26 12:35:22,898] {logging_mixin.py:115} INFO - [2022-06-26 12:35:22,898] {manager.py:508} INFO - Created Permission View: can delete on DAG:example_sla_dag
[2022-06-26 12:35:22,998] {logging_mixin.py:115} INFO - [2022-06-26 12:35:22,998] {manager.py:508} INFO - Created Permission View: can edit on DAG:example_sla_dag
[2022-06-26 12:35:23,046] {logging_mixin.py:115} INFO - [2022-06-26 12:35:23,046] {manager.py:508} INFO - Created Permission View: can read on DAG:example_sla_dag
[2022-06-26 12:35:23,046] {logging_mixin.py:115} INFO - [2022-06-26 12:35:23,046] {dag.py:2379} INFO - Sync 1 DAGs
[2022-06-26 12:35:23,082] {logging_mixin.py:115} INFO - [2022-06-26 12:35:23,082] {dag.py:2398} INFO - Creating ORM DAG for example_sla_dag
[2022-06-26 12:35:23,148] {logging_mixin.py:115} INFO - [2022-06-26 12:35:23,148] {dag.py:2931} INFO - Setting next_dagrun for example_sla_dag to 2022-06-26T12:32:00+00:00, run_after=2022-06-26T12:34:00+00:00
[2022-06-26 12:35:23,217] {processor.py:161} INFO - Processing /home/airflow/.local/lib/python3.7/site-packages/airflow/example_dags/example_sla_dag.py took 1.256 seconds
[2022-06-26 12:35:53,371] {processor.py:153} INFO - Started process (PID=146) to work on /home/airflow/.local/lib/python3.7/site-packages/airflow/example_dags/example_sla_dag.py
[2022-06-26 12:35:53,372] {processor.py:641} INFO - Processing file /home/airflow/.local/lib/python3.7/site-packages/airflow/example_dags/example_sla_dag.py for tasks to queue
[2022-06-26 12:35:53,373] {logging_mixin.py:115} INFO - [2022-06-26 12:35:53,373] {dagbag.py:507} INFO - Filling up the DagBag from /home/airflow/.local/lib/python3.7/site-packages/airflow/example_dags/example_sla_dag.py
[2022-06-26 12:35:53,401] {processor.py:651} INFO - DAG(s) dict_keys(['example_sla_dag']) retrieved from /home/airflow/.local/lib/python3.7/site-packages/airflow/example_dags/example_sla_dag.py
[2022-06-26 12:35:53,446] {logging_mixin.py:115} INFO - [2022-06-26 12:35:53,446] {dag.py:2379} INFO - Sync 1 DAGs
[2022-06-26 12:35:53,707] {logging_mixin.py:115} INFO - [2022-06-26 12:35:53,707] {dag.py:2931} INFO - Setting next_dagrun for example_sla_dag to 2022-06-26T12:32:00+00:00, run_after=2022-06-26T12:34:00+00:00
[2022-06-26 12:35:53,726] {processor.py:161} INFO - Processing /home/airflow/.local/lib/python3.7/site-packages/airflow/example_dags/example_sla_dag.py took 0.360 seconds
[2022-06-26 12:36:24,321] {processor.py:153} INFO - Started process (PID=207) to work on /home/airflow/.local/lib/python3.7/site-packages/airflow/example_dags/example_sla_dag.py
[2022-06-26 12:36:24,338] {processor.py:641} INFO - Processing file /home/airflow/.local/lib/python3.7/site-packages/airflow/example_dags/example_sla_dag.py for tasks to queue
[2022-06-26 12:36:24,339] {logging_mixin.py:115} INFO - [2022-06-26 12:36:24,339] {dagbag.py:507} INFO - Filling up the DagBag from /home/airflow/.local/lib/python3.7/site-packages/airflow/example_dags/example_sla_dag.py
[2022-06-26 12:36:24,425] {processor.py:651} INFO - DAG(s) dict_keys(['example_sla_dag']) retrieved from /home/airflow/.local/lib/python3.7/site-packages/airflow/example_dags/example_sla_dag.py
[2022-06-26 12:36:24,529] {logging_mixin.py:115} INFO - [2022-06-26 12:36:24,529] {dag.py:2379} INFO - Sync 1 DAGs
[2022-06-26 12:36:24,950] {logging_mixin.py:115} INFO - [2022-06-26 12:36:24,950] {dag.py:2931} INFO - Setting next_dagrun for example_sla_dag to 2022-06-26T12:34:00+00:00, run_after=2022-06-26T12:36:00+00:00
[2022-06-26 12:36:24,988] {processor.py:161} INFO - Processing /home/airflow/.local/lib/python3.7/site-packages/airflow/example_dags/example_sla_dag.py took 0.681 seconds
[2022-06-26 12:36:55,798] {processor.py:153} INFO - Started process (PID=260) to work on /home/airflow/.local/lib/python3.7/site-packages/airflow/example_dags/example_sla_dag.py
[2022-06-26 12:36:55,814] {processor.py:641} INFO - Processing file /home/airflow/.local/lib/python3.7/site-packages/airflow/example_dags/example_sla_dag.py for tasks to queue
[2022-06-26 12:36:55,815] {logging_mixin.py:115} INFO - [2022-06-26 12:36:55,815] {dagbag.py:507} INFO - Filling up the DagBag from /home/airflow/.local/lib/python3.7/site-packages/airflow/example_dags/example_sla_dag.py
[2022-06-26 12:36:55,882] {processor.py:651} INFO - DAG(s) dict_keys(['example_sla_dag']) retrieved from /home/airflow/.local/lib/python3.7/site-packages/airflow/example_dags/example_sla_dag.py
[2022-06-26 12:36:55,967] {logging_mixin.py:115} INFO - [2022-06-26 12:36:55,967] {dag.py:2379} INFO - Sync 1 DAGs
[2022-06-26 12:36:56,294] {logging_mixin.py:115} INFO - [2022-06-26 12:36:56,293] {dag.py:2931} INFO - Setting next_dagrun for example_sla_dag to 2022-06-26T12:34:00+00:00, run_after=2022-06-26T12:36:00+00:00
[2022-06-26 12:36:56,312] {processor.py:161} INFO - Processing /home/airflow/.local/lib/python3.7/site-packages/airflow/example_dags/example_sla_dag.py took 0.527 seconds
[2022-06-26 12:37:26,976] {processor.py:153} INFO - Started process (PID=320) to work on /home/airflow/.local/lib/python3.7/site-packages/airflow/example_dags/example_sla_dag.py
[2022-06-26 12:37:26,977] {processor.py:641} INFO - Processing file /home/airflow/.local/lib/python3.7/site-packages/airflow/example_dags/example_sla_dag.py for tasks to queue
[2022-06-26 12:37:26,978] {logging_mixin.py:115} INFO - [2022-06-26 12:37:26,978] {dagbag.py:507} INFO - Filling up the DagBag from /home/airflow/.local/lib/python3.7/site-packages/airflow/example_dags/example_sla_dag.py
[2022-06-26 12:37:27,084] {processor.py:651} INFO - DAG(s) dict_keys(['example_sla_dag']) retrieved from /home/airflow/.local/lib/python3.7/site-packages/airflow/example_dags/example_sla_dag.py
[2022-06-26 12:37:27,209] {logging_mixin.py:115} INFO - [2022-06-26 12:37:27,207] {dag.py:2379} INFO - Sync 1 DAGs
[2022-06-26 12:37:27,691] {logging_mixin.py:115} INFO - [2022-06-26 12:37:27,691] {dag.py:2931} INFO - Setting next_dagrun for example_sla_dag to 2022-06-26T12:34:00+00:00, run_after=2022-06-26T12:36:00+00:00
[2022-06-26 12:37:27,755] {processor.py:161} INFO - Processing /home/airflow/.local/lib/python3.7/site-packages/airflow/example_dags/example_sla_dag.py took 0.795 seconds
[2022-06-26 12:37:58,399] {processor.py:153} INFO - Started process (PID=375) to work on /home/airflow/.local/lib/python3.7/site-packages/airflow/example_dags/example_sla_dag.py
[2022-06-26 12:37:58,401] {processor.py:641} INFO - Processing file /home/airflow/.local/lib/python3.7/site-packages/airflow/example_dags/example_sla_dag.py for tasks to queue
[2022-06-26 12:37:58,402] {logging_mixin.py:115} INFO - [2022-06-26 12:37:58,402] {dagbag.py:507} INFO - Filling up the DagBag from /home/airflow/.local/lib/python3.7/site-packages/airflow/example_dags/example_sla_dag.py
[2022-06-26 12:37:58,430] {processor.py:651} INFO - DAG(s) dict_keys(['example_sla_dag']) retrieved from /home/airflow/.local/lib/python3.7/site-packages/airflow/example_dags/example_sla_dag.py
[2022-06-26 12:37:58,475] {logging_mixin.py:115} INFO - [2022-06-26 12:37:58,474] {dag.py:2379} INFO - Sync 1 DAGs
[2022-06-26 12:37:58,740] {logging_mixin.py:115} INFO - [2022-06-26 12:37:58,740] {dag.py:2931} INFO - Setting next_dagrun for example_sla_dag to 2022-06-26T12:34:00+00:00, run_after=2022-06-26T12:36:00+00:00
[2022-06-26 12:37:58,755] {processor.py:161} INFO - Processing /home/airflow/.local/lib/python3.7/site-packages/airflow/example_dags/example_sla_dag.py took 0.361 seconds
[2022-06-26 12:38:28,898] {processor.py:153} INFO - Started process (PID=428) to work on /home/airflow/.local/lib/python3.7/site-packages/airflow/example_dags/example_sla_dag.py
[2022-06-26 12:38:28,898] {processor.py:641} INFO - Processing file /home/airflow/.local/lib/python3.7/site-packages/airflow/example_dags/example_sla_dag.py for tasks to queue
[2022-06-26 12:38:28,899] {logging_mixin.py:115} INFO - [2022-06-26 12:38:28,899] {dagbag.py:507} INFO - Filling up the DagBag from /home/airflow/.local/lib/python3.7/site-packages/airflow/example_dags/example_sla_dag.py
[2022-06-26 12:38:28,926] {processor.py:651} INFO - DAG(s) dict_keys(['example_sla_dag']) retrieved from /home/airflow/.local/lib/python3.7/site-packages/airflow/example_dags/example_sla_dag.py
[2022-06-26 12:38:28,973] {logging_mixin.py:115} INFO - [2022-06-26 12:38:28,973] {dag.py:2379} INFO - Sync 1 DAGs
[2022-06-26 12:38:29,316] {logging_mixin.py:115} INFO - [2022-06-26 12:38:29,314] {dag.py:2931} INFO - Setting next_dagrun for example_sla_dag to 2022-06-26T12:36:00+00:00, run_after=2022-06-26T12:38:00+00:00
[2022-06-26 12:38:29,396] {processor.py:161} INFO - Processing /home/airflow/.local/lib/python3.7/site-packages/airflow/example_dags/example_sla_dag.py took 0.503 seconds
[2022-06-26 12:38:59,717] {processor.py:153} INFO - Started process (PID=489) to work on /home/airflow/.local/lib/python3.7/site-packages/airflow/example_dags/example_sla_dag.py
[2022-06-26 12:38:59,720] {processor.py:641} INFO - Processing file /home/airflow/.local/lib/python3.7/site-packages/airflow/example_dags/example_sla_dag.py for tasks to queue
[2022-06-26 12:38:59,720] {logging_mixin.py:115} INFO - [2022-06-26 12:38:59,720] {dagbag.py:507} INFO - Filling up the DagBag from /home/airflow/.local/lib/python3.7/site-packages/airflow/example_dags/example_sla_dag.py
[2022-06-26 12:38:59,777] {processor.py:651} INFO - DAG(s) dict_keys(['example_sla_dag']) retrieved from /home/airflow/.local/lib/python3.7/site-packages/airflow/example_dags/example_sla_dag.py
[2022-06-26 12:38:59,850] {logging_mixin.py:115} INFO - [2022-06-26 12:38:59,850] {dag.py:2379} INFO - Sync 1 DAGs
[2022-06-26 12:39:00,302] {logging_mixin.py:115} INFO - [2022-06-26 12:39:00,302] {dag.py:2931} INFO - Setting next_dagrun for example_sla_dag to 2022-06-26T12:36:00+00:00, run_after=2022-06-26T12:38:00+00:00
[2022-06-26 12:39:00,337] {processor.py:161} INFO - Processing /home/airflow/.local/lib/python3.7/site-packages/airflow/example_dags/example_sla_dag.py took 0.625 seconds
[2022-06-26 12:39:31,113] {processor.py:153} INFO - Started process (PID=551) to work on /home/airflow/.local/lib/python3.7/site-packages/airflow/example_dags/example_sla_dag.py
[2022-06-26 12:39:31,114] {processor.py:641} INFO - Processing file /home/airflow/.local/lib/python3.7/site-packages/airflow/example_dags/example_sla_dag.py for tasks to queue
[2022-06-26 12:39:31,117] {logging_mixin.py:115} INFO - [2022-06-26 12:39:31,117] {dagbag.py:507} INFO - Filling up the DagBag from /home/airflow/.local/lib/python3.7/site-packages/airflow/example_dags/example_sla_dag.py
[2022-06-26 12:39:31,174] {processor.py:651} INFO - DAG(s) dict_keys(['example_sla_dag']) retrieved from /home/airflow/.local/lib/python3.7/site-packages/airflow/example_dags/example_sla_dag.py
[2022-06-26 12:39:31,253] {logging_mixin.py:115} INFO - [2022-06-26 12:39:31,253] {dag.py:2379} INFO - Sync 1 DAGs
[2022-06-26 12:39:31,792] {logging_mixin.py:115} INFO - [2022-06-26 12:39:31,792] {dag.py:2931} INFO - Setting next_dagrun for example_sla_dag to 2022-06-26T12:36:00+00:00, run_after=2022-06-26T12:38:00+00:00
[2022-06-26 12:39:31,844] {processor.py:161} INFO - Processing /home/airflow/.local/lib/python3.7/site-packages/airflow/example_dags/example_sla_dag.py took 0.746 seconds
[2022-06-26 12:40:02,233] {processor.py:153} INFO - Started process (PID=604) to work on /home/airflow/.local/lib/python3.7/site-packages/airflow/example_dags/example_sla_dag.py
[2022-06-26 12:40:02,239] {processor.py:641} INFO - Processing file /home/airflow/.local/lib/python3.7/site-packages/airflow/example_dags/example_sla_dag.py for tasks to queue
[2022-06-26 12:40:02,240] {logging_mixin.py:115} INFO - [2022-06-26 12:40:02,240] {dagbag.py:507} INFO - Filling up the DagBag from /home/airflow/.local/lib/python3.7/site-packages/airflow/example_dags/example_sla_dag.py
[2022-06-26 12:40:02,269] {processor.py:651} INFO - DAG(s) dict_keys(['example_sla_dag']) retrieved from /home/airflow/.local/lib/python3.7/site-packages/airflow/example_dags/example_sla_dag.py
[2022-06-26 12:40:02,569] {logging_mixin.py:115} INFO - [2022-06-26 12:40:02,569] {dag.py:2379} INFO - Sync 1 DAGs
[2022-06-26 12:40:02,608] {logging_mixin.py:115} INFO - [2022-06-26 12:40:02,608] {dag.py:2931} INFO - Setting next_dagrun for example_sla_dag to 2022-06-26T12:38:00+00:00, run_after=2022-06-26T12:40:00+00:00
[2022-06-26 12:40:02,626] {processor.py:161} INFO - Processing /home/airflow/.local/lib/python3.7/site-packages/airflow/example_dags/example_sla_dag.py took 0.400 seconds
[2022-06-26 12:40:34,563] {processor.py:153} INFO - Started process (PID=668) to work on /home/airflow/.local/lib/python3.7/site-packages/airflow/example_dags/example_sla_dag.py
[2022-06-26 12:40:34,563] {processor.py:641} INFO - Processing file /home/airflow/.local/lib/python3.7/site-packages/airflow/example_dags/example_sla_dag.py for tasks to queue
[2022-06-26 12:40:34,573] {logging_mixin.py:115} INFO - [2022-06-26 12:40:34,573] {dagbag.py:507} INFO - Filling up the DagBag from /home/airflow/.local/lib/python3.7/site-packages/airflow/example_dags/example_sla_dag.py
[2022-06-26 12:40:34,634] {processor.py:651} INFO - DAG(s) dict_keys(['example_sla_dag']) retrieved from /home/airflow/.local/lib/python3.7/site-packages/airflow/example_dags/example_sla_dag.py
[2022-06-26 12:40:35,185] {logging_mixin.py:115} INFO - [2022-06-26 12:40:35,185] {dag.py:2379} INFO - Sync 1 DAGs
[2022-06-26 12:40:35,270] {logging_mixin.py:115} INFO - [2022-06-26 12:40:35,270] {dag.py:2931} INFO - Setting next_dagrun for example_sla_dag to 2022-06-26T12:38:00+00:00, run_after=2022-06-26T12:40:00+00:00
[2022-06-26 12:40:35,362] {processor.py:161} INFO - Processing /home/airflow/.local/lib/python3.7/site-packages/airflow/example_dags/example_sla_dag.py took 0.807 seconds
[2022-06-26 12:41:05,733] {processor.py:153} INFO - Started process (PID=720) to work on /home/airflow/.local/lib/python3.7/site-packages/airflow/example_dags/example_sla_dag.py
[2022-06-26 12:41:05,734] {processor.py:641} INFO - Processing file /home/airflow/.local/lib/python3.7/site-packages/airflow/example_dags/example_sla_dag.py for tasks to queue
[2022-06-26 12:41:05,735] {logging_mixin.py:115} INFO - [2022-06-26 12:41:05,735] {dagbag.py:507} INFO - Filling up the DagBag from /home/airflow/.local/lib/python3.7/site-packages/airflow/example_dags/example_sla_dag.py
[2022-06-26 12:41:05,789] {processor.py:651} INFO - DAG(s) dict_keys(['example_sla_dag']) retrieved from /home/airflow/.local/lib/python3.7/site-packages/airflow/example_dags/example_sla_dag.py
[2022-06-26 12:41:06,113] {logging_mixin.py:115} INFO - [2022-06-26 12:41:06,112] {dag.py:2379} INFO - Sync 1 DAGs
[2022-06-26 12:41:06,152] {logging_mixin.py:115} INFO - [2022-06-26 12:41:06,152] {dag.py:2931} INFO - Setting next_dagrun for example_sla_dag to 2022-06-26T12:38:00+00:00, run_after=2022-06-26T12:40:00+00:00
[2022-06-26 12:41:06,172] {processor.py:161} INFO - Processing /home/airflow/.local/lib/python3.7/site-packages/airflow/example_dags/example_sla_dag.py took 0.445 seconds
[2022-06-26 12:41:36,307] {processor.py:153} INFO - Started process (PID=781) to work on /home/airflow/.local/lib/python3.7/site-packages/airflow/example_dags/example_sla_dag.py
[2022-06-26 12:41:36,308] {processor.py:641} INFO - Processing file /home/airflow/.local/lib/python3.7/site-packages/airflow/example_dags/example_sla_dag.py for tasks to queue
[2022-06-26 12:41:36,311] {logging_mixin.py:115} INFO - [2022-06-26 12:41:36,311] {dagbag.py:507} INFO - Filling up the DagBag from /home/airflow/.local/lib/python3.7/site-packages/airflow/example_dags/example_sla_dag.py
[2022-06-26 12:41:36,394] {processor.py:651} INFO - DAG(s) dict_keys(['example_sla_dag']) retrieved from /home/airflow/.local/lib/python3.7/site-packages/airflow/example_dags/example_sla_dag.py
[2022-06-26 12:41:37,126] {logging_mixin.py:115} INFO - [2022-06-26 12:41:37,126] {dag.py:2379} INFO - Sync 1 DAGs
[2022-06-26 12:41:37,288] {logging_mixin.py:115} INFO - [2022-06-26 12:41:37,287] {dag.py:2931} INFO - Setting next_dagrun for example_sla_dag to 2022-06-26T12:38:00+00:00, run_after=2022-06-26T12:40:00+00:00
[2022-06-26 12:41:37,358] {processor.py:161} INFO - Processing /home/airflow/.local/lib/python3.7/site-packages/airflow/example_dags/example_sla_dag.py took 1.065 seconds
[2022-06-26 12:42:07,804] {processor.py:153} INFO - Started process (PID=841) to work on /home/airflow/.local/lib/python3.7/site-packages/airflow/example_dags/example_sla_dag.py
[2022-06-26 12:42:07,819] {processor.py:641} INFO - Processing file /home/airflow/.local/lib/python3.7/site-packages/airflow/example_dags/example_sla_dag.py for tasks to queue
[2022-06-26 12:42:07,820] {logging_mixin.py:115} INFO - [2022-06-26 12:42:07,819] {dagbag.py:507} INFO - Filling up the DagBag from /home/airflow/.local/lib/python3.7/site-packages/airflow/example_dags/example_sla_dag.py
[2022-06-26 12:42:07,868] {processor.py:651} INFO - DAG(s) dict_keys(['example_sla_dag']) retrieved from /home/airflow/.local/lib/python3.7/site-packages/airflow/example_dags/example_sla_dag.py
[2022-06-26 12:42:08,153] {logging_mixin.py:115} INFO - [2022-06-26 12:42:08,153] {dag.py:2379} INFO - Sync 1 DAGs
[2022-06-26 12:42:08,193] {logging_mixin.py:115} INFO - [2022-06-26 12:42:08,193] {dag.py:2931} INFO - Setting next_dagrun for example_sla_dag to 2022-06-26T12:40:00+00:00, run_after=2022-06-26T12:42:00+00:00
[2022-06-26 12:42:08,212] {processor.py:161} INFO - Processing /home/airflow/.local/lib/python3.7/site-packages/airflow/example_dags/example_sla_dag.py took 0.417 seconds
[2022-06-26 12:42:38,662] {processor.py:153} INFO - Started process (PID=892) to work on /home/airflow/.local/lib/python3.7/site-packages/airflow/example_dags/example_sla_dag.py
[2022-06-26 12:42:38,663] {processor.py:641} INFO - Processing file /home/airflow/.local/lib/python3.7/site-packages/airflow/example_dags/example_sla_dag.py for tasks to queue
[2022-06-26 12:42:38,664] {logging_mixin.py:115} INFO - [2022-06-26 12:42:38,664] {dagbag.py:507} INFO - Filling up the DagBag from /home/airflow/.local/lib/python3.7/site-packages/airflow/example_dags/example_sla_dag.py
[2022-06-26 12:42:38,691] {processor.py:651} INFO - DAG(s) dict_keys(['example_sla_dag']) retrieved from /home/airflow/.local/lib/python3.7/site-packages/airflow/example_dags/example_sla_dag.py
[2022-06-26 12:42:38,973] {logging_mixin.py:115} INFO - [2022-06-26 12:42:38,973] {dag.py:2379} INFO - Sync 1 DAGs
[2022-06-26 12:42:39,014] {logging_mixin.py:115} INFO - [2022-06-26 12:42:39,014] {dag.py:2931} INFO - Setting next_dagrun for example_sla_dag to 2022-06-26T12:40:00+00:00, run_after=2022-06-26T12:42:00+00:00
[2022-06-26 12:42:39,027] {processor.py:161} INFO - Processing /home/airflow/.local/lib/python3.7/site-packages/airflow/example_dags/example_sla_dag.py took 0.374 seconds
[2022-06-26 12:43:09,184] {processor.py:153} INFO - Started process (PID=944) to work on /home/airflow/.local/lib/python3.7/site-packages/airflow/example_dags/example_sla_dag.py
[2022-06-26 12:43:09,239] {processor.py:641} INFO - Processing file /home/airflow/.local/lib/python3.7/site-packages/airflow/example_dags/example_sla_dag.py for tasks to queue
[2022-06-26 12:43:09,240] {logging_mixin.py:115} INFO - [2022-06-26 12:43:09,240] {dagbag.py:507} INFO - Filling up the DagBag from /home/airflow/.local/lib/python3.7/site-packages/airflow/example_dags/example_sla_dag.py
[2022-06-26 12:43:09,293] {processor.py:651} INFO - DAG(s) dict_keys(['example_sla_dag']) retrieved from /home/airflow/.local/lib/python3.7/site-packages/airflow/example_dags/example_sla_dag.py
[2022-06-26 12:43:09,601] {logging_mixin.py:115} INFO - [2022-06-26 12:43:09,601] {dag.py:2379} INFO - Sync 1 DAGs
[2022-06-26 12:43:09,640] {logging_mixin.py:115} INFO - [2022-06-26 12:43:09,639] {dag.py:2931} INFO - Setting next_dagrun for example_sla_dag to 2022-06-26T12:40:00+00:00, run_after=2022-06-26T12:42:00+00:00
[2022-06-26 12:43:09,660] {processor.py:161} INFO - Processing /home/airflow/.local/lib/python3.7/site-packages/airflow/example_dags/example_sla_dag.py took 0.489 seconds
[2022-06-26 12:43:39,716] {processor.py:153} INFO - Started process (PID=1005) to work on /home/airflow/.local/lib/python3.7/site-packages/airflow/example_dags/example_sla_dag.py
[2022-06-26 12:43:39,717] {processor.py:641} INFO - Processing file /home/airflow/.local/lib/python3.7/site-packages/airflow/example_dags/example_sla_dag.py for tasks to queue
[2022-06-26 12:43:39,718] {logging_mixin.py:115} INFO - [2022-06-26 12:43:39,717] {dagbag.py:507} INFO - Filling up the DagBag from /home/airflow/.local/lib/python3.7/site-packages/airflow/example_dags/example_sla_dag.py
[2022-06-26 12:43:39,745] {processor.py:651} INFO - DAG(s) dict_keys(['example_sla_dag']) retrieved from /home/airflow/.local/lib/python3.7/site-packages/airflow/example_dags/example_sla_dag.py
[2022-06-26 12:43:40,053] {logging_mixin.py:115} INFO - [2022-06-26 12:43:40,053] {dag.py:2379} INFO - Sync 1 DAGs
[2022-06-26 12:43:40,093] {logging_mixin.py:115} INFO - [2022-06-26 12:43:40,092] {dag.py:2931} INFO - Setting next_dagrun for example_sla_dag to 2022-06-26T12:40:00+00:00, run_after=2022-06-26T12:42:00+00:00
[2022-06-26 12:43:40,112] {processor.py:161} INFO - Processing /home/airflow/.local/lib/python3.7/site-packages/airflow/example_dags/example_sla_dag.py took 0.402 seconds
[2022-06-26 12:44:10,797] {processor.py:153} INFO - Started process (PID=1056) to work on /home/airflow/.local/lib/python3.7/site-packages/airflow/example_dags/example_sla_dag.py
[2022-06-26 12:44:10,799] {processor.py:641} INFO - Processing file /home/airflow/.local/lib/python3.7/site-packages/airflow/example_dags/example_sla_dag.py for tasks to queue
[2022-06-26 12:44:10,800] {logging_mixin.py:115} INFO - [2022-06-26 12:44:10,800] {dagbag.py:507} INFO - Filling up the DagBag from /home/airflow/.local/lib/python3.7/site-packages/airflow/example_dags/example_sla_dag.py
[2022-06-26 12:44:10,829] {processor.py:651} INFO - DAG(s) dict_keys(['example_sla_dag']) retrieved from /home/airflow/.local/lib/python3.7/site-packages/airflow/example_dags/example_sla_dag.py
[2022-06-26 12:44:11,143] {logging_mixin.py:115} INFO - [2022-06-26 12:44:11,143] {dag.py:2379} INFO - Sync 1 DAGs
[2022-06-26 12:44:11,206] {logging_mixin.py:115} INFO - [2022-06-26 12:44:11,205] {dag.py:2931} INFO - Setting next_dagrun for example_sla_dag to 2022-06-26T12:42:00+00:00, run_after=2022-06-26T12:44:00+00:00
[2022-06-26 12:44:11,241] {processor.py:161} INFO - Processing /home/airflow/.local/lib/python3.7/site-packages/airflow/example_dags/example_sla_dag.py took 0.453 seconds
[2022-06-26 12:44:41,934] {processor.py:153} INFO - Started process (PID=1117) to work on /home/airflow/.local/lib/python3.7/site-packages/airflow/example_dags/example_sla_dag.py
[2022-06-26 12:44:41,934] {processor.py:641} INFO - Processing file /home/airflow/.local/lib/python3.7/site-packages/airflow/example_dags/example_sla_dag.py for tasks to queue
[2022-06-26 12:44:41,935] {logging_mixin.py:115} INFO - [2022-06-26 12:44:41,935] {dagbag.py:507} INFO - Filling up the DagBag from /home/airflow/.local/lib/python3.7/site-packages/airflow/example_dags/example_sla_dag.py
[2022-06-26 12:44:41,964] {processor.py:651} INFO - DAG(s) dict_keys(['example_sla_dag']) retrieved from /home/airflow/.local/lib/python3.7/site-packages/airflow/example_dags/example_sla_dag.py
[2022-06-26 12:44:42,290] {logging_mixin.py:115} INFO - [2022-06-26 12:44:42,290] {dag.py:2379} INFO - Sync 1 DAGs
[2022-06-26 12:44:42,331] {logging_mixin.py:115} INFO - [2022-06-26 12:44:42,331] {dag.py:2931} INFO - Setting next_dagrun for example_sla_dag to 2022-06-26T12:42:00+00:00, run_after=2022-06-26T12:44:00+00:00
[2022-06-26 12:44:42,351] {processor.py:161} INFO - Processing /home/airflow/.local/lib/python3.7/site-packages/airflow/example_dags/example_sla_dag.py took 0.423 seconds
[2022-06-26 12:45:13,107] {processor.py:153} INFO - Started process (PID=1170) to work on /home/airflow/.local/lib/python3.7/site-packages/airflow/example_dags/example_sla_dag.py
[2022-06-26 12:45:13,109] {processor.py:641} INFO - Processing file /home/airflow/.local/lib/python3.7/site-packages/airflow/example_dags/example_sla_dag.py for tasks to queue
[2022-06-26 12:45:13,110] {logging_mixin.py:115} INFO - [2022-06-26 12:45:13,110] {dagbag.py:507} INFO - Filling up the DagBag from /home/airflow/.local/lib/python3.7/site-packages/airflow/example_dags/example_sla_dag.py
[2022-06-26 12:45:13,139] {processor.py:651} INFO - DAG(s) dict_keys(['example_sla_dag']) retrieved from /home/airflow/.local/lib/python3.7/site-packages/airflow/example_dags/example_sla_dag.py
[2022-06-26 12:45:13,507] {logging_mixin.py:115} INFO - [2022-06-26 12:45:13,507] {dag.py:2379} INFO - Sync 1 DAGs
[2022-06-26 12:45:13,546] {logging_mixin.py:115} INFO - [2022-06-26 12:45:13,546] {dag.py:2931} INFO - Setting next_dagrun for example_sla_dag to 2022-06-26T12:42:00+00:00, run_after=2022-06-26T12:44:00+00:00
[2022-06-26 12:45:13,567] {processor.py:161} INFO - Processing /home/airflow/.local/lib/python3.7/site-packages/airflow/example_dags/example_sla_dag.py took 0.465 seconds
[2022-06-26 12:45:43,693] {processor.py:153} INFO - Started process (PID=1222) to work on /home/airflow/.local/lib/python3.7/site-packages/airflow/example_dags/example_sla_dag.py
[2022-06-26 12:45:43,695] {processor.py:641} INFO - Processing file /home/airflow/.local/lib/python3.7/site-packages/airflow/example_dags/example_sla_dag.py for tasks to queue
[2022-06-26 12:45:43,696] {logging_mixin.py:115} INFO - [2022-06-26 12:45:43,696] {dagbag.py:507} INFO - Filling up the DagBag from /home/airflow/.local/lib/python3.7/site-packages/airflow/example_dags/example_sla_dag.py
[2022-06-26 12:45:43,724] {processor.py:651} INFO - DAG(s) dict_keys(['example_sla_dag']) retrieved from /home/airflow/.local/lib/python3.7/site-packages/airflow/example_dags/example_sla_dag.py
[2022-06-26 12:45:44,040] {logging_mixin.py:115} INFO - [2022-06-26 12:45:44,039] {dag.py:2379} INFO - Sync 1 DAGs
[2022-06-26 12:45:44,068] {logging_mixin.py:115} INFO - [2022-06-26 12:45:44,068] {dag.py:2931} INFO - Setting next_dagrun for example_sla_dag to 2022-06-26T12:42:00+00:00, run_after=2022-06-26T12:44:00+00:00
[2022-06-26 12:45:44,080] {processor.py:161} INFO - Processing /home/airflow/.local/lib/python3.7/site-packages/airflow/example_dags/example_sla_dag.py took 0.392 seconds
[2022-06-26 12:46:14,809] {processor.py:153} INFO - Started process (PID=1285) to work on /home/airflow/.local/lib/python3.7/site-packages/airflow/example_dags/example_sla_dag.py
[2022-06-26 12:46:14,813] {processor.py:641} INFO - Processing file /home/airflow/.local/lib/python3.7/site-packages/airflow/example_dags/example_sla_dag.py for tasks to queue
[2022-06-26 12:46:14,814] {logging_mixin.py:115} INFO - [2022-06-26 12:46:14,814] {dagbag.py:507} INFO - Filling up the DagBag from /home/airflow/.local/lib/python3.7/site-packages/airflow/example_dags/example_sla_dag.py
[2022-06-26 12:46:14,931] {processor.py:651} INFO - DAG(s) dict_keys(['example_sla_dag']) retrieved from /home/airflow/.local/lib/python3.7/site-packages/airflow/example_dags/example_sla_dag.py
[2022-06-26 12:46:15,799] {logging_mixin.py:115} INFO - [2022-06-26 12:46:15,799] {dag.py:2379} INFO - Sync 1 DAGs
[2022-06-26 12:46:15,929] {logging_mixin.py:115} INFO - [2022-06-26 12:46:15,929] {dag.py:2931} INFO - Setting next_dagrun for example_sla_dag to 2022-06-26T12:44:00+00:00, run_after=2022-06-26T12:46:00+00:00
[2022-06-26 12:46:15,988] {processor.py:161} INFO - Processing /home/airflow/.local/lib/python3.7/site-packages/airflow/example_dags/example_sla_dag.py took 1.217 seconds
[2022-06-26 12:46:46,940] {processor.py:153} INFO - Started process (PID=1337) to work on /home/airflow/.local/lib/python3.7/site-packages/airflow/example_dags/example_sla_dag.py
[2022-06-26 12:46:46,942] {processor.py:641} INFO - Processing file /home/airflow/.local/lib/python3.7/site-packages/airflow/example_dags/example_sla_dag.py for tasks to queue
[2022-06-26 12:46:46,943] {logging_mixin.py:115} INFO - [2022-06-26 12:46:46,943] {dagbag.py:507} INFO - Filling up the DagBag from /home/airflow/.local/lib/python3.7/site-packages/airflow/example_dags/example_sla_dag.py
[2022-06-26 12:46:46,975] {processor.py:651} INFO - DAG(s) dict_keys(['example_sla_dag']) retrieved from /home/airflow/.local/lib/python3.7/site-packages/airflow/example_dags/example_sla_dag.py
[2022-06-26 12:46:47,255] {logging_mixin.py:115} INFO - [2022-06-26 12:46:47,255] {dag.py:2379} INFO - Sync 1 DAGs
[2022-06-26 12:46:47,297] {logging_mixin.py:115} INFO - [2022-06-26 12:46:47,297] {dag.py:2931} INFO - Setting next_dagrun for example_sla_dag to 2022-06-26T12:44:00+00:00, run_after=2022-06-26T12:46:00+00:00
[2022-06-26 12:46:47,312] {processor.py:161} INFO - Processing /home/airflow/.local/lib/python3.7/site-packages/airflow/example_dags/example_sla_dag.py took 0.378 seconds
[2022-06-26 12:47:18,121] {processor.py:153} INFO - Started process (PID=1389) to work on /home/airflow/.local/lib/python3.7/site-packages/airflow/example_dags/example_sla_dag.py
[2022-06-26 12:47:18,122] {processor.py:641} INFO - Processing file /home/airflow/.local/lib/python3.7/site-packages/airflow/example_dags/example_sla_dag.py for tasks to queue
[2022-06-26 12:47:18,123] {logging_mixin.py:115} INFO - [2022-06-26 12:47:18,123] {dagbag.py:507} INFO - Filling up the DagBag from /home/airflow/.local/lib/python3.7/site-packages/airflow/example_dags/example_sla_dag.py
[2022-06-26 12:47:18,230] {processor.py:651} INFO - DAG(s) dict_keys(['example_sla_dag']) retrieved from /home/airflow/.local/lib/python3.7/site-packages/airflow/example_dags/example_sla_dag.py
[2022-06-26 12:47:18,737] {logging_mixin.py:115} INFO - [2022-06-26 12:47:18,736] {dag.py:2379} INFO - Sync 1 DAGs
[2022-06-26 12:47:18,775] {logging_mixin.py:115} INFO - [2022-06-26 12:47:18,775] {dag.py:2931} INFO - Setting next_dagrun for example_sla_dag to 2022-06-26T12:44:00+00:00, run_after=2022-06-26T12:46:00+00:00
[2022-06-26 12:47:18,790] {processor.py:161} INFO - Processing /home/airflow/.local/lib/python3.7/site-packages/airflow/example_dags/example_sla_dag.py took 0.675 seconds
[2022-06-26 12:47:49,329] {processor.py:153} INFO - Started process (PID=1449) to work on /home/airflow/.local/lib/python3.7/site-packages/airflow/example_dags/example_sla_dag.py
[2022-06-26 12:47:49,343] {processor.py:641} INFO - Processing file /home/airflow/.local/lib/python3.7/site-packages/airflow/example_dags/example_sla_dag.py for tasks to queue
[2022-06-26 12:47:49,343] {logging_mixin.py:115} INFO - [2022-06-26 12:47:49,343] {dagbag.py:507} INFO - Filling up the DagBag from /home/airflow/.local/lib/python3.7/site-packages/airflow/example_dags/example_sla_dag.py
[2022-06-26 12:47:49,438] {processor.py:651} INFO - DAG(s) dict_keys(['example_sla_dag']) retrieved from /home/airflow/.local/lib/python3.7/site-packages/airflow/example_dags/example_sla_dag.py
[2022-06-26 12:47:49,948] {logging_mixin.py:115} INFO - [2022-06-26 12:47:49,948] {dag.py:2379} INFO - Sync 1 DAGs
[2022-06-26 12:47:50,022] {logging_mixin.py:115} INFO - [2022-06-26 12:47:50,022] {dag.py:2931} INFO - Setting next_dagrun for example_sla_dag to 2022-06-26T12:44:00+00:00, run_after=2022-06-26T12:46:00+00:00
[2022-06-26 12:47:50,089] {processor.py:161} INFO - Processing /home/airflow/.local/lib/python3.7/site-packages/airflow/example_dags/example_sla_dag.py took 0.777 seconds
[2022-06-26 12:48:20,193] {processor.py:153} INFO - Started process (PID=1501) to work on /home/airflow/.local/lib/python3.7/site-packages/airflow/example_dags/example_sla_dag.py
[2022-06-26 12:48:20,193] {processor.py:641} INFO - Processing file /home/airflow/.local/lib/python3.7/site-packages/airflow/example_dags/example_sla_dag.py for tasks to queue
[2022-06-26 12:48:20,194] {logging_mixin.py:115} INFO - [2022-06-26 12:48:20,194] {dagbag.py:507} INFO - Filling up the DagBag from /home/airflow/.local/lib/python3.7/site-packages/airflow/example_dags/example_sla_dag.py
[2022-06-26 12:48:20,222] {processor.py:651} INFO - DAG(s) dict_keys(['example_sla_dag']) retrieved from /home/airflow/.local/lib/python3.7/site-packages/airflow/example_dags/example_sla_dag.py
[2022-06-26 12:48:20,476] {logging_mixin.py:115} INFO - [2022-06-26 12:48:20,476] {dag.py:2379} INFO - Sync 1 DAGs
[2022-06-26 12:48:20,525] {logging_mixin.py:115} INFO - [2022-06-26 12:48:20,524] {dag.py:2931} INFO - Setting next_dagrun for example_sla_dag to 2022-06-26T12:46:00+00:00, run_after=2022-06-26T12:48:00+00:00
[2022-06-26 12:48:20,547] {processor.py:161} INFO - Processing /home/airflow/.local/lib/python3.7/site-packages/airflow/example_dags/example_sla_dag.py took 0.360 seconds
[2022-06-26 12:48:51,331] {processor.py:153} INFO - Started process (PID=1564) to work on /home/airflow/.local/lib/python3.7/site-packages/airflow/example_dags/example_sla_dag.py
[2022-06-26 12:48:51,347] {processor.py:641} INFO - Processing file /home/airflow/.local/lib/python3.7/site-packages/airflow/example_dags/example_sla_dag.py for tasks to queue
[2022-06-26 12:48:51,347] {logging_mixin.py:115} INFO - [2022-06-26 12:48:51,347] {dagbag.py:507} INFO - Filling up the DagBag from /home/airflow/.local/lib/python3.7/site-packages/airflow/example_dags/example_sla_dag.py
[2022-06-26 12:48:51,383] {processor.py:651} INFO - DAG(s) dict_keys(['example_sla_dag']) retrieved from /home/airflow/.local/lib/python3.7/site-packages/airflow/example_dags/example_sla_dag.py
[2022-06-26 12:48:51,963] {logging_mixin.py:115} INFO - [2022-06-26 12:48:51,963] {dag.py:2379} INFO - Sync 1 DAGs
[2022-06-26 12:48:52,028] {logging_mixin.py:115} INFO - [2022-06-26 12:48:52,028] {dag.py:2931} INFO - Setting next_dagrun for example_sla_dag to 2022-06-26T12:46:00+00:00, run_after=2022-06-26T12:48:00+00:00
[2022-06-26 12:48:52,086] {processor.py:161} INFO - Processing /home/airflow/.local/lib/python3.7/site-packages/airflow/example_dags/example_sla_dag.py took 0.760 seconds
[2022-06-26 12:49:22,484] {processor.py:153} INFO - Started process (PID=1625) to work on /home/airflow/.local/lib/python3.7/site-packages/airflow/example_dags/example_sla_dag.py
[2022-06-26 12:49:22,484] {processor.py:641} INFO - Processing file /home/airflow/.local/lib/python3.7/site-packages/airflow/example_dags/example_sla_dag.py for tasks to queue
[2022-06-26 12:49:22,485] {logging_mixin.py:115} INFO - [2022-06-26 12:49:22,485] {dagbag.py:507} INFO - Filling up the DagBag from /home/airflow/.local/lib/python3.7/site-packages/airflow/example_dags/example_sla_dag.py
[2022-06-26 12:49:22,536] {processor.py:651} INFO - DAG(s) dict_keys(['example_sla_dag']) retrieved from /home/airflow/.local/lib/python3.7/site-packages/airflow/example_dags/example_sla_dag.py
[2022-06-26 12:49:22,993] {logging_mixin.py:115} INFO - [2022-06-26 12:49:22,993] {dag.py:2379} INFO - Sync 1 DAGs
[2022-06-26 12:49:23,057] {logging_mixin.py:115} INFO - [2022-06-26 12:49:23,056] {dag.py:2931} INFO - Setting next_dagrun for example_sla_dag to 2022-06-26T12:46:00+00:00, run_after=2022-06-26T12:48:00+00:00
[2022-06-26 12:49:23,092] {processor.py:161} INFO - Processing /home/airflow/.local/lib/python3.7/site-packages/airflow/example_dags/example_sla_dag.py took 0.614 seconds
[2022-06-26 12:49:53,424] {processor.py:153} INFO - Started process (PID=1678) to work on /home/airflow/.local/lib/python3.7/site-packages/airflow/example_dags/example_sla_dag.py
[2022-06-26 12:49:53,426] {processor.py:641} INFO - Processing file /home/airflow/.local/lib/python3.7/site-packages/airflow/example_dags/example_sla_dag.py for tasks to queue
[2022-06-26 12:49:53,427] {logging_mixin.py:115} INFO - [2022-06-26 12:49:53,427] {dagbag.py:507} INFO - Filling up the DagBag from /home/airflow/.local/lib/python3.7/site-packages/airflow/example_dags/example_sla_dag.py
[2022-06-26 12:49:53,464] {processor.py:651} INFO - DAG(s) dict_keys(['example_sla_dag']) retrieved from /home/airflow/.local/lib/python3.7/site-packages/airflow/example_dags/example_sla_dag.py
[2022-06-26 12:49:53,715] {logging_mixin.py:115} INFO - [2022-06-26 12:49:53,715] {dag.py:2379} INFO - Sync 1 DAGs
[2022-06-26 12:49:53,754] {logging_mixin.py:115} INFO - [2022-06-26 12:49:53,754] {dag.py:2931} INFO - Setting next_dagrun for example_sla_dag to 2022-06-26T12:46:00+00:00, run_after=2022-06-26T12:48:00+00:00
[2022-06-26 12:49:53,772] {processor.py:161} INFO - Processing /home/airflow/.local/lib/python3.7/site-packages/airflow/example_dags/example_sla_dag.py took 0.353 seconds
[2022-06-26 12:50:24,013] {processor.py:153} INFO - Started process (PID=1729) to work on /home/airflow/.local/lib/python3.7/site-packages/airflow/example_dags/example_sla_dag.py
[2022-06-26 12:50:24,014] {processor.py:641} INFO - Processing file /home/airflow/.local/lib/python3.7/site-packages/airflow/example_dags/example_sla_dag.py for tasks to queue
[2022-06-26 12:50:24,015] {logging_mixin.py:115} INFO - [2022-06-26 12:50:24,015] {dagbag.py:507} INFO - Filling up the DagBag from /home/airflow/.local/lib/python3.7/site-packages/airflow/example_dags/example_sla_dag.py
[2022-06-26 12:50:24,134] {processor.py:651} INFO - DAG(s) dict_keys(['example_sla_dag']) retrieved from /home/airflow/.local/lib/python3.7/site-packages/airflow/example_dags/example_sla_dag.py
[2022-06-26 12:50:24,915] {logging_mixin.py:115} INFO - [2022-06-26 12:50:24,914] {dag.py:2379} INFO - Sync 1 DAGs
[2022-06-26 12:50:25,032] {logging_mixin.py:115} INFO - [2022-06-26 12:50:25,032] {dag.py:2931} INFO - Setting next_dagrun for example_sla_dag to 2022-06-26T12:48:00+00:00, run_after=2022-06-26T12:50:00+00:00
[2022-06-26 12:50:25,087] {processor.py:161} INFO - Processing /home/airflow/.local/lib/python3.7/site-packages/airflow/example_dags/example_sla_dag.py took 1.097 seconds
[2022-06-26 12:50:55,387] {processor.py:153} INFO - Started process (PID=1789) to work on /home/airflow/.local/lib/python3.7/site-packages/airflow/example_dags/example_sla_dag.py
[2022-06-26 12:50:55,389] {processor.py:641} INFO - Processing file /home/airflow/.local/lib/python3.7/site-packages/airflow/example_dags/example_sla_dag.py for tasks to queue
[2022-06-26 12:50:55,390] {logging_mixin.py:115} INFO - [2022-06-26 12:50:55,390] {dagbag.py:507} INFO - Filling up the DagBag from /home/airflow/.local/lib/python3.7/site-packages/airflow/example_dags/example_sla_dag.py
[2022-06-26 12:50:55,427] {processor.py:651} INFO - DAG(s) dict_keys(['example_sla_dag']) retrieved from /home/airflow/.local/lib/python3.7/site-packages/airflow/example_dags/example_sla_dag.py
[2022-06-26 12:50:55,795] {logging_mixin.py:115} INFO - [2022-06-26 12:50:55,794] {dag.py:2379} INFO - Sync 1 DAGs
[2022-06-26 12:50:55,833] {logging_mixin.py:115} INFO - [2022-06-26 12:50:55,833] {dag.py:2931} INFO - Setting next_dagrun for example_sla_dag to 2022-06-26T12:48:00+00:00, run_after=2022-06-26T12:50:00+00:00
[2022-06-26 12:50:55,852] {processor.py:161} INFO - Processing /home/airflow/.local/lib/python3.7/site-packages/airflow/example_dags/example_sla_dag.py took 0.473 seconds
[2022-06-26 12:51:26,111] {processor.py:153} INFO - Started process (PID=1841) to work on /home/airflow/.local/lib/python3.7/site-packages/airflow/example_dags/example_sla_dag.py
[2022-06-26 12:51:26,112] {processor.py:641} INFO - Processing file /home/airflow/.local/lib/python3.7/site-packages/airflow/example_dags/example_sla_dag.py for tasks to queue
[2022-06-26 12:51:26,112] {logging_mixin.py:115} INFO - [2022-06-26 12:51:26,112] {dagbag.py:507} INFO - Filling up the DagBag from /home/airflow/.local/lib/python3.7/site-packages/airflow/example_dags/example_sla_dag.py
[2022-06-26 12:51:26,154] {processor.py:651} INFO - DAG(s) dict_keys(['example_sla_dag']) retrieved from /home/airflow/.local/lib/python3.7/site-packages/airflow/example_dags/example_sla_dag.py
[2022-06-26 12:51:26,422] {logging_mixin.py:115} INFO - [2022-06-26 12:51:26,422] {dag.py:2379} INFO - Sync 1 DAGs
[2022-06-26 12:51:26,464] {logging_mixin.py:115} INFO - [2022-06-26 12:51:26,463] {dag.py:2931} INFO - Setting next_dagrun for example_sla_dag to 2022-06-26T12:48:00+00:00, run_after=2022-06-26T12:50:00+00:00
[2022-06-26 12:51:26,483] {processor.py:161} INFO - Processing /home/airflow/.local/lib/python3.7/site-packages/airflow/example_dags/example_sla_dag.py took 0.378 seconds
[2022-06-26 12:51:56,762] {processor.py:153} INFO - Started process (PID=1892) to work on /home/airflow/.local/lib/python3.7/site-packages/airflow/example_dags/example_sla_dag.py
[2022-06-26 12:51:56,783] {processor.py:641} INFO - Processing file /home/airflow/.local/lib/python3.7/site-packages/airflow/example_dags/example_sla_dag.py for tasks to queue
[2022-06-26 12:51:56,784] {logging_mixin.py:115} INFO - [2022-06-26 12:51:56,783] {dagbag.py:507} INFO - Filling up the DagBag from /home/airflow/.local/lib/python3.7/site-packages/airflow/example_dags/example_sla_dag.py
[2022-06-26 12:51:56,865] {processor.py:651} INFO - DAG(s) dict_keys(['example_sla_dag']) retrieved from /home/airflow/.local/lib/python3.7/site-packages/airflow/example_dags/example_sla_dag.py
[2022-06-26 12:51:57,141] {logging_mixin.py:115} INFO - [2022-06-26 12:51:57,141] {dag.py:2379} INFO - Sync 1 DAGs
[2022-06-26 12:51:57,185] {logging_mixin.py:115} INFO - [2022-06-26 12:51:57,185] {dag.py:2931} INFO - Setting next_dagrun for example_sla_dag to 2022-06-26T12:48:00+00:00, run_after=2022-06-26T12:50:00+00:00
[2022-06-26 12:51:57,199] {processor.py:161} INFO - Processing /home/airflow/.local/lib/python3.7/site-packages/airflow/example_dags/example_sla_dag.py took 0.451 seconds
[2022-06-26 12:52:27,654] {processor.py:153} INFO - Started process (PID=1945) to work on /home/airflow/.local/lib/python3.7/site-packages/airflow/example_dags/example_sla_dag.py
[2022-06-26 12:52:27,655] {processor.py:641} INFO - Processing file /home/airflow/.local/lib/python3.7/site-packages/airflow/example_dags/example_sla_dag.py for tasks to queue
[2022-06-26 12:52:27,656] {logging_mixin.py:115} INFO - [2022-06-26 12:52:27,656] {dagbag.py:507} INFO - Filling up the DagBag from /home/airflow/.local/lib/python3.7/site-packages/airflow/example_dags/example_sla_dag.py
[2022-06-26 12:52:27,693] {processor.py:651} INFO - DAG(s) dict_keys(['example_sla_dag']) retrieved from /home/airflow/.local/lib/python3.7/site-packages/airflow/example_dags/example_sla_dag.py
[2022-06-26 12:52:28,261] {logging_mixin.py:115} INFO - [2022-06-26 12:52:28,261] {dag.py:2379} INFO - Sync 1 DAGs
[2022-06-26 12:52:28,331] {logging_mixin.py:115} INFO - [2022-06-26 12:52:28,331] {dag.py:2931} INFO - Setting next_dagrun for example_sla_dag to 2022-06-26T12:50:00+00:00, run_after=2022-06-26T12:52:00+00:00
[2022-06-26 12:52:28,388] {processor.py:161} INFO - Processing /home/airflow/.local/lib/python3.7/site-packages/airflow/example_dags/example_sla_dag.py took 0.739 seconds
[2022-06-26 12:52:58,779] {processor.py:153} INFO - Started process (PID=2005) to work on /home/airflow/.local/lib/python3.7/site-packages/airflow/example_dags/example_sla_dag.py
[2022-06-26 12:52:58,781] {processor.py:641} INFO - Processing file /home/airflow/.local/lib/python3.7/site-packages/airflow/example_dags/example_sla_dag.py for tasks to queue
[2022-06-26 12:52:58,782] {logging_mixin.py:115} INFO - [2022-06-26 12:52:58,782] {dagbag.py:507} INFO - Filling up the DagBag from /home/airflow/.local/lib/python3.7/site-packages/airflow/example_dags/example_sla_dag.py
[2022-06-26 12:52:58,806] {processor.py:651} INFO - DAG(s) dict_keys(['example_sla_dag']) retrieved from /home/airflow/.local/lib/python3.7/site-packages/airflow/example_dags/example_sla_dag.py
[2022-06-26 12:52:59,002] {logging_mixin.py:115} INFO - [2022-06-26 12:52:59,002] {dag.py:2379} INFO - Sync 1 DAGs
[2022-06-26 12:52:59,027] {logging_mixin.py:115} INFO - [2022-06-26 12:52:59,027] {dag.py:2931} INFO - Setting next_dagrun for example_sla_dag to 2022-06-26T12:50:00+00:00, run_after=2022-06-26T12:52:00+00:00
[2022-06-26 12:52:59,040] {processor.py:161} INFO - Processing /home/airflow/.local/lib/python3.7/site-packages/airflow/example_dags/example_sla_dag.py took 0.265 seconds
[2022-06-26 13:27:22,211] {processor.py:153} INFO - Started process (PID=87) to work on /home/airflow/.local/lib/python3.7/site-packages/airflow/example_dags/example_sla_dag.py
[2022-06-26 13:27:22,224] {processor.py:641} INFO - Processing file /home/airflow/.local/lib/python3.7/site-packages/airflow/example_dags/example_sla_dag.py for tasks to queue
[2022-06-26 13:27:22,225] {logging_mixin.py:115} INFO - [2022-06-26 13:27:22,225] {dagbag.py:507} INFO - Filling up the DagBag from /home/airflow/.local/lib/python3.7/site-packages/airflow/example_dags/example_sla_dag.py
[2022-06-26 13:27:22,271] {processor.py:651} INFO - DAG(s) dict_keys(['example_sla_dag']) retrieved from /home/airflow/.local/lib/python3.7/site-packages/airflow/example_dags/example_sla_dag.py
[2022-06-26 13:27:22,361] {logging_mixin.py:115} INFO - [2022-06-26 13:27:22,361] {dag.py:2379} INFO - Sync 1 DAGs
[2022-06-26 13:27:22,837] {logging_mixin.py:115} INFO - [2022-06-26 13:27:22,837] {dag.py:2931} INFO - Setting next_dagrun for example_sla_dag to 2022-06-26T13:24:00+00:00, run_after=2022-06-26T13:26:00+00:00
[2022-06-26 13:27:22,894] {processor.py:161} INFO - Processing /home/airflow/.local/lib/python3.7/site-packages/airflow/example_dags/example_sla_dag.py took 0.701 seconds
[2022-06-26 13:27:53,777] {processor.py:153} INFO - Started process (PID=149) to work on /home/airflow/.local/lib/python3.7/site-packages/airflow/example_dags/example_sla_dag.py
[2022-06-26 13:27:53,778] {processor.py:641} INFO - Processing file /home/airflow/.local/lib/python3.7/site-packages/airflow/example_dags/example_sla_dag.py for tasks to queue
[2022-06-26 13:27:53,785] {logging_mixin.py:115} INFO - [2022-06-26 13:27:53,785] {dagbag.py:507} INFO - Filling up the DagBag from /home/airflow/.local/lib/python3.7/site-packages/airflow/example_dags/example_sla_dag.py
[2022-06-26 13:27:53,876] {processor.py:651} INFO - DAG(s) dict_keys(['example_sla_dag']) retrieved from /home/airflow/.local/lib/python3.7/site-packages/airflow/example_dags/example_sla_dag.py
[2022-06-26 13:27:54,000] {logging_mixin.py:115} INFO - [2022-06-26 13:27:54,000] {dag.py:2379} INFO - Sync 1 DAGs
[2022-06-26 13:27:54,940] {logging_mixin.py:115} INFO - [2022-06-26 13:27:54,940] {dag.py:2931} INFO - Setting next_dagrun for example_sla_dag to 2022-06-26T13:24:00+00:00, run_after=2022-06-26T13:26:00+00:00
[2022-06-26 13:27:55,029] {processor.py:161} INFO - Processing /home/airflow/.local/lib/python3.7/site-packages/airflow/example_dags/example_sla_dag.py took 1.281 seconds
[2022-06-26 13:28:26,399] {processor.py:153} INFO - Started process (PID=200) to work on /home/airflow/.local/lib/python3.7/site-packages/airflow/example_dags/example_sla_dag.py
[2022-06-26 13:28:26,413] {processor.py:641} INFO - Processing file /home/airflow/.local/lib/python3.7/site-packages/airflow/example_dags/example_sla_dag.py for tasks to queue
[2022-06-26 13:28:26,414] {logging_mixin.py:115} INFO - [2022-06-26 13:28:26,413] {dagbag.py:507} INFO - Filling up the DagBag from /home/airflow/.local/lib/python3.7/site-packages/airflow/example_dags/example_sla_dag.py
[2022-06-26 13:28:26,490] {processor.py:651} INFO - DAG(s) dict_keys(['example_sla_dag']) retrieved from /home/airflow/.local/lib/python3.7/site-packages/airflow/example_dags/example_sla_dag.py
[2022-06-26 13:28:26,617] {logging_mixin.py:115} INFO - [2022-06-26 13:28:26,617] {dag.py:2379} INFO - Sync 1 DAGs
[2022-06-26 13:28:27,241] {logging_mixin.py:115} INFO - [2022-06-26 13:28:27,241] {dag.py:2931} INFO - Setting next_dagrun for example_sla_dag to 2022-06-26T13:26:00+00:00, run_after=2022-06-26T13:28:00+00:00
[2022-06-26 13:28:27,279] {processor.py:161} INFO - Processing /home/airflow/.local/lib/python3.7/site-packages/airflow/example_dags/example_sla_dag.py took 0.893 seconds
[2022-06-26 13:28:57,617] {processor.py:153} INFO - Started process (PID=252) to work on /home/airflow/.local/lib/python3.7/site-packages/airflow/example_dags/example_sla_dag.py
[2022-06-26 13:28:57,618] {processor.py:641} INFO - Processing file /home/airflow/.local/lib/python3.7/site-packages/airflow/example_dags/example_sla_dag.py for tasks to queue
[2022-06-26 13:28:57,619] {logging_mixin.py:115} INFO - [2022-06-26 13:28:57,619] {dagbag.py:507} INFO - Filling up the DagBag from /home/airflow/.local/lib/python3.7/site-packages/airflow/example_dags/example_sla_dag.py
[2022-06-26 13:28:57,646] {processor.py:651} INFO - DAG(s) dict_keys(['example_sla_dag']) retrieved from /home/airflow/.local/lib/python3.7/site-packages/airflow/example_dags/example_sla_dag.py
[2022-06-26 13:28:57,691] {logging_mixin.py:115} INFO - [2022-06-26 13:28:57,691] {dag.py:2379} INFO - Sync 1 DAGs
[2022-06-26 13:28:57,937] {logging_mixin.py:115} INFO - [2022-06-26 13:28:57,937] {dag.py:2931} INFO - Setting next_dagrun for example_sla_dag to 2022-06-26T13:26:00+00:00, run_after=2022-06-26T13:28:00+00:00
[2022-06-26 13:28:57,951] {processor.py:161} INFO - Processing /home/airflow/.local/lib/python3.7/site-packages/airflow/example_dags/example_sla_dag.py took 0.339 seconds
[2022-06-26 13:29:28,658] {processor.py:153} INFO - Started process (PID=305) to work on /home/airflow/.local/lib/python3.7/site-packages/airflow/example_dags/example_sla_dag.py
[2022-06-26 13:29:28,685] {processor.py:641} INFO - Processing file /home/airflow/.local/lib/python3.7/site-packages/airflow/example_dags/example_sla_dag.py for tasks to queue
[2022-06-26 13:29:28,686] {logging_mixin.py:115} INFO - [2022-06-26 13:29:28,685] {dagbag.py:507} INFO - Filling up the DagBag from /home/airflow/.local/lib/python3.7/site-packages/airflow/example_dags/example_sla_dag.py
[2022-06-26 13:29:28,791] {processor.py:651} INFO - DAG(s) dict_keys(['example_sla_dag']) retrieved from /home/airflow/.local/lib/python3.7/site-packages/airflow/example_dags/example_sla_dag.py
[2022-06-26 13:29:28,937] {logging_mixin.py:115} INFO - [2022-06-26 13:29:28,937] {dag.py:2379} INFO - Sync 1 DAGs
[2022-06-26 13:29:29,359] {logging_mixin.py:115} INFO - [2022-06-26 13:29:29,359] {dag.py:2931} INFO - Setting next_dagrun for example_sla_dag to 2022-06-26T13:26:00+00:00, run_after=2022-06-26T13:28:00+00:00
[2022-06-26 13:29:29,407] {processor.py:161} INFO - Processing /home/airflow/.local/lib/python3.7/site-packages/airflow/example_dags/example_sla_dag.py took 0.758 seconds
[2022-06-26 13:29:59,798] {processor.py:153} INFO - Started process (PID=365) to work on /home/airflow/.local/lib/python3.7/site-packages/airflow/example_dags/example_sla_dag.py
[2022-06-26 13:29:59,799] {processor.py:641} INFO - Processing file /home/airflow/.local/lib/python3.7/site-packages/airflow/example_dags/example_sla_dag.py for tasks to queue
[2022-06-26 13:29:59,799] {logging_mixin.py:115} INFO - [2022-06-26 13:29:59,799] {dagbag.py:507} INFO - Filling up the DagBag from /home/airflow/.local/lib/python3.7/site-packages/airflow/example_dags/example_sla_dag.py
[2022-06-26 13:29:59,828] {processor.py:651} INFO - DAG(s) dict_keys(['example_sla_dag']) retrieved from /home/airflow/.local/lib/python3.7/site-packages/airflow/example_dags/example_sla_dag.py
[2022-06-26 13:29:59,925] {logging_mixin.py:115} INFO - [2022-06-26 13:29:59,925] {dag.py:2379} INFO - Sync 1 DAGs
[2022-06-26 13:30:00,247] {logging_mixin.py:115} INFO - [2022-06-26 13:30:00,247] {dag.py:2931} INFO - Setting next_dagrun for example_sla_dag to 2022-06-26T13:28:00+00:00, run_after=2022-06-26T13:30:00+00:00
[2022-06-26 13:30:00,276] {processor.py:161} INFO - Processing /home/airflow/.local/lib/python3.7/site-packages/airflow/example_dags/example_sla_dag.py took 0.487 seconds
[2022-06-26 13:30:30,623] {processor.py:153} INFO - Started process (PID=418) to work on /home/airflow/.local/lib/python3.7/site-packages/airflow/example_dags/example_sla_dag.py
[2022-06-26 13:30:30,624] {processor.py:641} INFO - Processing file /home/airflow/.local/lib/python3.7/site-packages/airflow/example_dags/example_sla_dag.py for tasks to queue
[2022-06-26 13:30:30,625] {logging_mixin.py:115} INFO - [2022-06-26 13:30:30,625] {dagbag.py:507} INFO - Filling up the DagBag from /home/airflow/.local/lib/python3.7/site-packages/airflow/example_dags/example_sla_dag.py
[2022-06-26 13:30:30,659] {processor.py:651} INFO - DAG(s) dict_keys(['example_sla_dag']) retrieved from /home/airflow/.local/lib/python3.7/site-packages/airflow/example_dags/example_sla_dag.py
[2022-06-26 13:30:30,706] {logging_mixin.py:115} INFO - [2022-06-26 13:30:30,706] {dag.py:2379} INFO - Sync 1 DAGs
[2022-06-26 13:30:30,970] {logging_mixin.py:115} INFO - [2022-06-26 13:30:30,969] {dag.py:2931} INFO - Setting next_dagrun for example_sla_dag to 2022-06-26T13:28:00+00:00, run_after=2022-06-26T13:30:00+00:00
[2022-06-26 13:30:30,991] {processor.py:161} INFO - Processing /home/airflow/.local/lib/python3.7/site-packages/airflow/example_dags/example_sla_dag.py took 0.374 seconds
[2022-06-26 13:31:02,195] {processor.py:153} INFO - Started process (PID=478) to work on /home/airflow/.local/lib/python3.7/site-packages/airflow/example_dags/example_sla_dag.py
[2022-06-26 13:31:02,205] {processor.py:641} INFO - Processing file /home/airflow/.local/lib/python3.7/site-packages/airflow/example_dags/example_sla_dag.py for tasks to queue
[2022-06-26 13:31:02,206] {logging_mixin.py:115} INFO - [2022-06-26 13:31:02,206] {dagbag.py:507} INFO - Filling up the DagBag from /home/airflow/.local/lib/python3.7/site-packages/airflow/example_dags/example_sla_dag.py
[2022-06-26 13:31:02,257] {processor.py:651} INFO - DAG(s) dict_keys(['example_sla_dag']) retrieved from /home/airflow/.local/lib/python3.7/site-packages/airflow/example_dags/example_sla_dag.py
[2022-06-26 13:31:02,317] {logging_mixin.py:115} INFO - [2022-06-26 13:31:02,317] {dag.py:2379} INFO - Sync 1 DAGs
[2022-06-26 13:31:02,800] {logging_mixin.py:115} INFO - [2022-06-26 13:31:02,800] {dag.py:2931} INFO - Setting next_dagrun for example_sla_dag to 2022-06-26T13:28:00+00:00, run_after=2022-06-26T13:30:00+00:00
[2022-06-26 13:31:02,845] {processor.py:161} INFO - Processing /home/airflow/.local/lib/python3.7/site-packages/airflow/example_dags/example_sla_dag.py took 0.666 seconds
[2022-06-26 13:31:33,422] {processor.py:153} INFO - Started process (PID=531) to work on /home/airflow/.local/lib/python3.7/site-packages/airflow/example_dags/example_sla_dag.py
[2022-06-26 13:31:33,429] {processor.py:641} INFO - Processing file /home/airflow/.local/lib/python3.7/site-packages/airflow/example_dags/example_sla_dag.py for tasks to queue
[2022-06-26 13:31:33,430] {logging_mixin.py:115} INFO - [2022-06-26 13:31:33,429] {dagbag.py:507} INFO - Filling up the DagBag from /home/airflow/.local/lib/python3.7/site-packages/airflow/example_dags/example_sla_dag.py
[2022-06-26 13:31:33,458] {processor.py:651} INFO - DAG(s) dict_keys(['example_sla_dag']) retrieved from /home/airflow/.local/lib/python3.7/site-packages/airflow/example_dags/example_sla_dag.py
[2022-06-26 13:31:33,502] {logging_mixin.py:115} INFO - [2022-06-26 13:31:33,502] {dag.py:2379} INFO - Sync 1 DAGs
[2022-06-26 13:31:33,752] {logging_mixin.py:115} INFO - [2022-06-26 13:31:33,752] {dag.py:2931} INFO - Setting next_dagrun for example_sla_dag to 2022-06-26T13:28:00+00:00, run_after=2022-06-26T13:30:00+00:00
[2022-06-26 13:31:33,773] {processor.py:161} INFO - Processing /home/airflow/.local/lib/python3.7/site-packages/airflow/example_dags/example_sla_dag.py took 0.367 seconds
[2022-06-26 13:32:04,222] {processor.py:153} INFO - Started process (PID=584) to work on /home/airflow/.local/lib/python3.7/site-packages/airflow/example_dags/example_sla_dag.py
[2022-06-26 13:32:04,223] {processor.py:641} INFO - Processing file /home/airflow/.local/lib/python3.7/site-packages/airflow/example_dags/example_sla_dag.py for tasks to queue
[2022-06-26 13:32:04,224] {logging_mixin.py:115} INFO - [2022-06-26 13:32:04,224] {dagbag.py:507} INFO - Filling up the DagBag from /home/airflow/.local/lib/python3.7/site-packages/airflow/example_dags/example_sla_dag.py
[2022-06-26 13:32:04,252] {processor.py:651} INFO - DAG(s) dict_keys(['example_sla_dag']) retrieved from /home/airflow/.local/lib/python3.7/site-packages/airflow/example_dags/example_sla_dag.py
[2022-06-26 13:32:04,511] {logging_mixin.py:115} INFO - [2022-06-26 13:32:04,511] {dag.py:2379} INFO - Sync 1 DAGs
[2022-06-26 13:32:04,549] {logging_mixin.py:115} INFO - [2022-06-26 13:32:04,548] {dag.py:2931} INFO - Setting next_dagrun for example_sla_dag to 2022-06-26T13:30:00+00:00, run_after=2022-06-26T13:32:00+00:00
[2022-06-26 13:32:04,565] {processor.py:161} INFO - Processing /home/airflow/.local/lib/python3.7/site-packages/airflow/example_dags/example_sla_dag.py took 0.349 seconds
[2022-06-26 13:32:34,715] {processor.py:153} INFO - Started process (PID=645) to work on /home/airflow/.local/lib/python3.7/site-packages/airflow/example_dags/example_sla_dag.py
[2022-06-26 13:32:34,717] {processor.py:641} INFO - Processing file /home/airflow/.local/lib/python3.7/site-packages/airflow/example_dags/example_sla_dag.py for tasks to queue
[2022-06-26 13:32:34,718] {logging_mixin.py:115} INFO - [2022-06-26 13:32:34,718] {dagbag.py:507} INFO - Filling up the DagBag from /home/airflow/.local/lib/python3.7/site-packages/airflow/example_dags/example_sla_dag.py
[2022-06-26 13:32:34,746] {processor.py:651} INFO - DAG(s) dict_keys(['example_sla_dag']) retrieved from /home/airflow/.local/lib/python3.7/site-packages/airflow/example_dags/example_sla_dag.py
[2022-06-26 13:32:35,022] {logging_mixin.py:115} INFO - [2022-06-26 13:32:35,022] {dag.py:2379} INFO - Sync 1 DAGs
[2022-06-26 13:32:35,062] {logging_mixin.py:115} INFO - [2022-06-26 13:32:35,062] {dag.py:2931} INFO - Setting next_dagrun for example_sla_dag to 2022-06-26T13:30:00+00:00, run_after=2022-06-26T13:32:00+00:00
[2022-06-26 13:32:35,081] {processor.py:161} INFO - Processing /home/airflow/.local/lib/python3.7/site-packages/airflow/example_dags/example_sla_dag.py took 0.373 seconds
[2022-06-26 13:33:06,098] {processor.py:153} INFO - Started process (PID=698) to work on /home/airflow/.local/lib/python3.7/site-packages/airflow/example_dags/example_sla_dag.py
[2022-06-26 13:33:06,124] {processor.py:641} INFO - Processing file /home/airflow/.local/lib/python3.7/site-packages/airflow/example_dags/example_sla_dag.py for tasks to queue
[2022-06-26 13:33:06,125] {logging_mixin.py:115} INFO - [2022-06-26 13:33:06,125] {dagbag.py:507} INFO - Filling up the DagBag from /home/airflow/.local/lib/python3.7/site-packages/airflow/example_dags/example_sla_dag.py
[2022-06-26 13:33:06,175] {processor.py:651} INFO - DAG(s) dict_keys(['example_sla_dag']) retrieved from /home/airflow/.local/lib/python3.7/site-packages/airflow/example_dags/example_sla_dag.py
[2022-06-26 13:33:06,698] {logging_mixin.py:115} INFO - [2022-06-26 13:33:06,697] {dag.py:2379} INFO - Sync 1 DAGs
[2022-06-26 13:33:06,808] {logging_mixin.py:115} INFO - [2022-06-26 13:33:06,807] {dag.py:2931} INFO - Setting next_dagrun for example_sla_dag to 2022-06-26T13:30:00+00:00, run_after=2022-06-26T13:32:00+00:00
[2022-06-26 13:33:06,898] {processor.py:161} INFO - Processing /home/airflow/.local/lib/python3.7/site-packages/airflow/example_dags/example_sla_dag.py took 0.821 seconds
[2022-06-26 13:33:37,420] {processor.py:153} INFO - Started process (PID=760) to work on /home/airflow/.local/lib/python3.7/site-packages/airflow/example_dags/example_sla_dag.py
[2022-06-26 13:33:37,420] {processor.py:641} INFO - Processing file /home/airflow/.local/lib/python3.7/site-packages/airflow/example_dags/example_sla_dag.py for tasks to queue
[2022-06-26 13:33:37,421] {logging_mixin.py:115} INFO - [2022-06-26 13:33:37,421] {dagbag.py:507} INFO - Filling up the DagBag from /home/airflow/.local/lib/python3.7/site-packages/airflow/example_dags/example_sla_dag.py
[2022-06-26 13:33:37,449] {processor.py:651} INFO - DAG(s) dict_keys(['example_sla_dag']) retrieved from /home/airflow/.local/lib/python3.7/site-packages/airflow/example_dags/example_sla_dag.py
[2022-06-26 13:33:37,719] {logging_mixin.py:115} INFO - [2022-06-26 13:33:37,719] {dag.py:2379} INFO - Sync 1 DAGs
[2022-06-26 13:33:37,759] {logging_mixin.py:115} INFO - [2022-06-26 13:33:37,759] {dag.py:2931} INFO - Setting next_dagrun for example_sla_dag to 2022-06-26T13:30:00+00:00, run_after=2022-06-26T13:32:00+00:00
[2022-06-26 13:33:37,786] {processor.py:161} INFO - Processing /home/airflow/.local/lib/python3.7/site-packages/airflow/example_dags/example_sla_dag.py took 0.372 seconds
[2022-06-26 13:34:07,939] {processor.py:153} INFO - Started process (PID=813) to work on /home/airflow/.local/lib/python3.7/site-packages/airflow/example_dags/example_sla_dag.py
[2022-06-26 13:34:07,952] {processor.py:641} INFO - Processing file /home/airflow/.local/lib/python3.7/site-packages/airflow/example_dags/example_sla_dag.py for tasks to queue
[2022-06-26 13:34:07,953] {logging_mixin.py:115} INFO - [2022-06-26 13:34:07,953] {dagbag.py:507} INFO - Filling up the DagBag from /home/airflow/.local/lib/python3.7/site-packages/airflow/example_dags/example_sla_dag.py
[2022-06-26 13:34:08,016] {processor.py:651} INFO - DAG(s) dict_keys(['example_sla_dag']) retrieved from /home/airflow/.local/lib/python3.7/site-packages/airflow/example_dags/example_sla_dag.py
[2022-06-26 13:34:08,641] {logging_mixin.py:115} INFO - [2022-06-26 13:34:08,641] {dag.py:2379} INFO - Sync 1 DAGs
[2022-06-26 13:34:08,757] {logging_mixin.py:115} INFO - [2022-06-26 13:34:08,757] {dag.py:2931} INFO - Setting next_dagrun for example_sla_dag to 2022-06-26T13:32:00+00:00, run_after=2022-06-26T13:34:00+00:00
[2022-06-26 13:34:08,845] {processor.py:161} INFO - Processing /home/airflow/.local/lib/python3.7/site-packages/airflow/example_dags/example_sla_dag.py took 0.912 seconds
[2022-06-26 13:34:39,139] {processor.py:153} INFO - Started process (PID=873) to work on /home/airflow/.local/lib/python3.7/site-packages/airflow/example_dags/example_sla_dag.py
[2022-06-26 13:34:39,140] {processor.py:641} INFO - Processing file /home/airflow/.local/lib/python3.7/site-packages/airflow/example_dags/example_sla_dag.py for tasks to queue
[2022-06-26 13:34:39,140] {logging_mixin.py:115} INFO - [2022-06-26 13:34:39,140] {dagbag.py:507} INFO - Filling up the DagBag from /home/airflow/.local/lib/python3.7/site-packages/airflow/example_dags/example_sla_dag.py
[2022-06-26 13:34:39,168] {processor.py:651} INFO - DAG(s) dict_keys(['example_sla_dag']) retrieved from /home/airflow/.local/lib/python3.7/site-packages/airflow/example_dags/example_sla_dag.py
[2022-06-26 13:34:39,504] {logging_mixin.py:115} INFO - [2022-06-26 13:34:39,504] {dag.py:2379} INFO - Sync 1 DAGs
[2022-06-26 13:34:39,529] {logging_mixin.py:115} INFO - [2022-06-26 13:34:39,528] {dag.py:2931} INFO - Setting next_dagrun for example_sla_dag to 2022-06-26T13:32:00+00:00, run_after=2022-06-26T13:34:00+00:00
[2022-06-26 13:34:39,540] {processor.py:161} INFO - Processing /home/airflow/.local/lib/python3.7/site-packages/airflow/example_dags/example_sla_dag.py took 0.410 seconds
[2022-06-26 13:35:10,429] {processor.py:153} INFO - Started process (PID=927) to work on /home/airflow/.local/lib/python3.7/site-packages/airflow/example_dags/example_sla_dag.py
[2022-06-26 13:35:10,444] {processor.py:641} INFO - Processing file /home/airflow/.local/lib/python3.7/site-packages/airflow/example_dags/example_sla_dag.py for tasks to queue
[2022-06-26 13:35:10,445] {logging_mixin.py:115} INFO - [2022-06-26 13:35:10,445] {dagbag.py:507} INFO - Filling up the DagBag from /home/airflow/.local/lib/python3.7/site-packages/airflow/example_dags/example_sla_dag.py
[2022-06-26 13:35:10,490] {processor.py:651} INFO - DAG(s) dict_keys(['example_sla_dag']) retrieved from /home/airflow/.local/lib/python3.7/site-packages/airflow/example_dags/example_sla_dag.py
[2022-06-26 13:35:10,973] {logging_mixin.py:115} INFO - [2022-06-26 13:35:10,972] {dag.py:2379} INFO - Sync 1 DAGs
[2022-06-26 13:35:11,048] {logging_mixin.py:115} INFO - [2022-06-26 13:35:11,048] {dag.py:2931} INFO - Setting next_dagrun for example_sla_dag to 2022-06-26T13:32:00+00:00, run_after=2022-06-26T13:34:00+00:00
[2022-06-26 13:35:11,113] {processor.py:161} INFO - Processing /home/airflow/.local/lib/python3.7/site-packages/airflow/example_dags/example_sla_dag.py took 0.689 seconds
[2022-06-26 13:35:41,550] {processor.py:153} INFO - Started process (PID=989) to work on /home/airflow/.local/lib/python3.7/site-packages/airflow/example_dags/example_sla_dag.py
[2022-06-26 13:35:41,550] {processor.py:641} INFO - Processing file /home/airflow/.local/lib/python3.7/site-packages/airflow/example_dags/example_sla_dag.py for tasks to queue
[2022-06-26 13:35:41,551] {logging_mixin.py:115} INFO - [2022-06-26 13:35:41,551] {dagbag.py:507} INFO - Filling up the DagBag from /home/airflow/.local/lib/python3.7/site-packages/airflow/example_dags/example_sla_dag.py
[2022-06-26 13:35:41,579] {processor.py:651} INFO - DAG(s) dict_keys(['example_sla_dag']) retrieved from /home/airflow/.local/lib/python3.7/site-packages/airflow/example_dags/example_sla_dag.py
[2022-06-26 13:35:41,882] {logging_mixin.py:115} INFO - [2022-06-26 13:35:41,882] {dag.py:2379} INFO - Sync 1 DAGs
[2022-06-26 13:35:41,921] {logging_mixin.py:115} INFO - [2022-06-26 13:35:41,921] {dag.py:2931} INFO - Setting next_dagrun for example_sla_dag to 2022-06-26T13:32:00+00:00, run_after=2022-06-26T13:34:00+00:00
[2022-06-26 13:35:41,937] {processor.py:161} INFO - Processing /home/airflow/.local/lib/python3.7/site-packages/airflow/example_dags/example_sla_dag.py took 0.393 seconds
[2022-06-26 13:36:12,192] {processor.py:153} INFO - Started process (PID=1042) to work on /home/airflow/.local/lib/python3.7/site-packages/airflow/example_dags/example_sla_dag.py
[2022-06-26 13:36:12,194] {processor.py:641} INFO - Processing file /home/airflow/.local/lib/python3.7/site-packages/airflow/example_dags/example_sla_dag.py for tasks to queue
[2022-06-26 13:36:12,195] {logging_mixin.py:115} INFO - [2022-06-26 13:36:12,195] {dagbag.py:507} INFO - Filling up the DagBag from /home/airflow/.local/lib/python3.7/site-packages/airflow/example_dags/example_sla_dag.py
[2022-06-26 13:36:12,249] {processor.py:651} INFO - DAG(s) dict_keys(['example_sla_dag']) retrieved from /home/airflow/.local/lib/python3.7/site-packages/airflow/example_dags/example_sla_dag.py
[2022-06-26 13:36:12,818] {logging_mixin.py:115} INFO - [2022-06-26 13:36:12,818] {dag.py:2379} INFO - Sync 1 DAGs
[2022-06-26 13:36:12,895] {logging_mixin.py:115} INFO - [2022-06-26 13:36:12,895] {dag.py:2931} INFO - Setting next_dagrun for example_sla_dag to 2022-06-26T13:34:00+00:00, run_after=2022-06-26T13:36:00+00:00
[2022-06-26 13:36:12,923] {processor.py:161} INFO - Processing /home/airflow/.local/lib/python3.7/site-packages/airflow/example_dags/example_sla_dag.py took 0.738 seconds
[2022-06-26 13:36:42,977] {processor.py:153} INFO - Started process (PID=1104) to work on /home/airflow/.local/lib/python3.7/site-packages/airflow/example_dags/example_sla_dag.py
[2022-06-26 13:36:42,978] {processor.py:641} INFO - Processing file /home/airflow/.local/lib/python3.7/site-packages/airflow/example_dags/example_sla_dag.py for tasks to queue
[2022-06-26 13:36:42,979] {logging_mixin.py:115} INFO - [2022-06-26 13:36:42,979] {dagbag.py:507} INFO - Filling up the DagBag from /home/airflow/.local/lib/python3.7/site-packages/airflow/example_dags/example_sla_dag.py
[2022-06-26 13:36:43,006] {processor.py:651} INFO - DAG(s) dict_keys(['example_sla_dag']) retrieved from /home/airflow/.local/lib/python3.7/site-packages/airflow/example_dags/example_sla_dag.py
[2022-06-26 13:36:43,315] {logging_mixin.py:115} INFO - [2022-06-26 13:36:43,315] {dag.py:2379} INFO - Sync 1 DAGs
[2022-06-26 13:36:43,352] {logging_mixin.py:115} INFO - [2022-06-26 13:36:43,352] {dag.py:2931} INFO - Setting next_dagrun for example_sla_dag to 2022-06-26T13:34:00+00:00, run_after=2022-06-26T13:36:00+00:00
[2022-06-26 13:36:43,367] {processor.py:161} INFO - Processing /home/airflow/.local/lib/python3.7/site-packages/airflow/example_dags/example_sla_dag.py took 0.395 seconds
[2022-06-26 13:37:13,774] {processor.py:153} INFO - Started process (PID=1158) to work on /home/airflow/.local/lib/python3.7/site-packages/airflow/example_dags/example_sla_dag.py
[2022-06-26 13:37:13,788] {processor.py:641} INFO - Processing file /home/airflow/.local/lib/python3.7/site-packages/airflow/example_dags/example_sla_dag.py for tasks to queue
[2022-06-26 13:37:13,789] {logging_mixin.py:115} INFO - [2022-06-26 13:37:13,789] {dagbag.py:507} INFO - Filling up the DagBag from /home/airflow/.local/lib/python3.7/site-packages/airflow/example_dags/example_sla_dag.py
[2022-06-26 13:37:13,844] {processor.py:651} INFO - DAG(s) dict_keys(['example_sla_dag']) retrieved from /home/airflow/.local/lib/python3.7/site-packages/airflow/example_dags/example_sla_dag.py
[2022-06-26 13:37:14,449] {logging_mixin.py:115} INFO - [2022-06-26 13:37:14,449] {dag.py:2379} INFO - Sync 1 DAGs
[2022-06-26 13:37:14,531] {logging_mixin.py:115} INFO - [2022-06-26 13:37:14,531] {dag.py:2931} INFO - Setting next_dagrun for example_sla_dag to 2022-06-26T13:34:00+00:00, run_after=2022-06-26T13:36:00+00:00
[2022-06-26 13:37:14,586] {processor.py:161} INFO - Processing /home/airflow/.local/lib/python3.7/site-packages/airflow/example_dags/example_sla_dag.py took 0.817 seconds
[2022-06-26 13:37:44,788] {processor.py:153} INFO - Started process (PID=1220) to work on /home/airflow/.local/lib/python3.7/site-packages/airflow/example_dags/example_sla_dag.py
[2022-06-26 13:37:44,789] {processor.py:641} INFO - Processing file /home/airflow/.local/lib/python3.7/site-packages/airflow/example_dags/example_sla_dag.py for tasks to queue
[2022-06-26 13:37:44,790] {logging_mixin.py:115} INFO - [2022-06-26 13:37:44,790] {dagbag.py:507} INFO - Filling up the DagBag from /home/airflow/.local/lib/python3.7/site-packages/airflow/example_dags/example_sla_dag.py
[2022-06-26 13:37:44,832] {processor.py:651} INFO - DAG(s) dict_keys(['example_sla_dag']) retrieved from /home/airflow/.local/lib/python3.7/site-packages/airflow/example_dags/example_sla_dag.py
[2022-06-26 13:37:45,329] {logging_mixin.py:115} INFO - [2022-06-26 13:37:45,329] {dag.py:2379} INFO - Sync 1 DAGs
[2022-06-26 13:37:45,378] {logging_mixin.py:115} INFO - [2022-06-26 13:37:45,378] {dag.py:2931} INFO - Setting next_dagrun for example_sla_dag to 2022-06-26T13:34:00+00:00, run_after=2022-06-26T13:36:00+00:00
[2022-06-26 13:37:45,393] {processor.py:161} INFO - Processing /home/airflow/.local/lib/python3.7/site-packages/airflow/example_dags/example_sla_dag.py took 0.628 seconds
[2022-06-26 13:38:15,782] {processor.py:153} INFO - Started process (PID=1273) to work on /home/airflow/.local/lib/python3.7/site-packages/airflow/example_dags/example_sla_dag.py
[2022-06-26 13:38:15,784] {processor.py:641} INFO - Processing file /home/airflow/.local/lib/python3.7/site-packages/airflow/example_dags/example_sla_dag.py for tasks to queue
[2022-06-26 13:38:15,785] {logging_mixin.py:115} INFO - [2022-06-26 13:38:15,785] {dagbag.py:507} INFO - Filling up the DagBag from /home/airflow/.local/lib/python3.7/site-packages/airflow/example_dags/example_sla_dag.py
[2022-06-26 13:38:15,813] {processor.py:651} INFO - DAG(s) dict_keys(['example_sla_dag']) retrieved from /home/airflow/.local/lib/python3.7/site-packages/airflow/example_dags/example_sla_dag.py
[2022-06-26 13:38:16,070] {logging_mixin.py:115} INFO - [2022-06-26 13:38:16,070] {dag.py:2379} INFO - Sync 1 DAGs
[2022-06-26 13:38:16,109] {logging_mixin.py:115} INFO - [2022-06-26 13:38:16,109] {dag.py:2931} INFO - Setting next_dagrun for example_sla_dag to 2022-06-26T13:36:00+00:00, run_after=2022-06-26T13:38:00+00:00
[2022-06-26 13:38:16,126] {processor.py:161} INFO - Processing /home/airflow/.local/lib/python3.7/site-packages/airflow/example_dags/example_sla_dag.py took 0.350 seconds
[2022-06-26 13:38:46,370] {processor.py:153} INFO - Started process (PID=1334) to work on /home/airflow/.local/lib/python3.7/site-packages/airflow/example_dags/example_sla_dag.py
[2022-06-26 13:38:46,371] {processor.py:641} INFO - Processing file /home/airflow/.local/lib/python3.7/site-packages/airflow/example_dags/example_sla_dag.py for tasks to queue
[2022-06-26 13:38:46,371] {logging_mixin.py:115} INFO - [2022-06-26 13:38:46,371] {dagbag.py:507} INFO - Filling up the DagBag from /home/airflow/.local/lib/python3.7/site-packages/airflow/example_dags/example_sla_dag.py
[2022-06-26 13:38:46,401] {processor.py:651} INFO - DAG(s) dict_keys(['example_sla_dag']) retrieved from /home/airflow/.local/lib/python3.7/site-packages/airflow/example_dags/example_sla_dag.py
[2022-06-26 13:38:46,677] {logging_mixin.py:115} INFO - [2022-06-26 13:38:46,677] {dag.py:2379} INFO - Sync 1 DAGs
[2022-06-26 13:38:46,715] {logging_mixin.py:115} INFO - [2022-06-26 13:38:46,715] {dag.py:2931} INFO - Setting next_dagrun for example_sla_dag to 2022-06-26T13:36:00+00:00, run_after=2022-06-26T13:38:00+00:00
[2022-06-26 13:38:46,731] {processor.py:161} INFO - Processing /home/airflow/.local/lib/python3.7/site-packages/airflow/example_dags/example_sla_dag.py took 0.367 seconds
[2022-06-26 13:39:17,437] {processor.py:153} INFO - Started process (PID=1388) to work on /home/airflow/.local/lib/python3.7/site-packages/airflow/example_dags/example_sla_dag.py
[2022-06-26 13:39:17,439] {processor.py:641} INFO - Processing file /home/airflow/.local/lib/python3.7/site-packages/airflow/example_dags/example_sla_dag.py for tasks to queue
[2022-06-26 13:39:17,439] {logging_mixin.py:115} INFO - [2022-06-26 13:39:17,439] {dagbag.py:507} INFO - Filling up the DagBag from /home/airflow/.local/lib/python3.7/site-packages/airflow/example_dags/example_sla_dag.py
[2022-06-26 13:39:17,459] {processor.py:651} INFO - DAG(s) dict_keys(['example_sla_dag']) retrieved from /home/airflow/.local/lib/python3.7/site-packages/airflow/example_dags/example_sla_dag.py
[2022-06-26 13:39:17,655] {logging_mixin.py:115} INFO - [2022-06-26 13:39:17,655] {dag.py:2379} INFO - Sync 1 DAGs
[2022-06-26 13:39:17,679] {logging_mixin.py:115} INFO - [2022-06-26 13:39:17,679] {dag.py:2931} INFO - Setting next_dagrun for example_sla_dag to 2022-06-26T13:36:00+00:00, run_after=2022-06-26T13:38:00+00:00
[2022-06-26 13:39:17,692] {processor.py:161} INFO - Processing /home/airflow/.local/lib/python3.7/site-packages/airflow/example_dags/example_sla_dag.py took 0.259 seconds
[2022-06-26 13:39:48,631] {processor.py:153} INFO - Started process (PID=1448) to work on /home/airflow/.local/lib/python3.7/site-packages/airflow/example_dags/example_sla_dag.py
[2022-06-26 13:39:48,632] {processor.py:641} INFO - Processing file /home/airflow/.local/lib/python3.7/site-packages/airflow/example_dags/example_sla_dag.py for tasks to queue
[2022-06-26 13:39:48,636] {logging_mixin.py:115} INFO - [2022-06-26 13:39:48,635] {dagbag.py:507} INFO - Filling up the DagBag from /home/airflow/.local/lib/python3.7/site-packages/airflow/example_dags/example_sla_dag.py
[2022-06-26 13:39:48,689] {processor.py:651} INFO - DAG(s) dict_keys(['example_sla_dag']) retrieved from /home/airflow/.local/lib/python3.7/site-packages/airflow/example_dags/example_sla_dag.py
[2022-06-26 13:39:49,190] {logging_mixin.py:115} INFO - [2022-06-26 13:39:49,190] {dag.py:2379} INFO - Sync 1 DAGs
[2022-06-26 13:39:49,263] {logging_mixin.py:115} INFO - [2022-06-26 13:39:49,263] {dag.py:2931} INFO - Setting next_dagrun for example_sla_dag to 2022-06-26T13:36:00+00:00, run_after=2022-06-26T13:38:00+00:00
[2022-06-26 13:39:49,318] {processor.py:161} INFO - Processing /home/airflow/.local/lib/python3.7/site-packages/airflow/example_dags/example_sla_dag.py took 0.708 seconds
[2022-06-26 13:40:20,227] {processor.py:153} INFO - Started process (PID=1501) to work on /home/airflow/.local/lib/python3.7/site-packages/airflow/example_dags/example_sla_dag.py
[2022-06-26 13:40:20,229] {processor.py:641} INFO - Processing file /home/airflow/.local/lib/python3.7/site-packages/airflow/example_dags/example_sla_dag.py for tasks to queue
[2022-06-26 13:40:20,230] {logging_mixin.py:115} INFO - [2022-06-26 13:40:20,230] {dagbag.py:507} INFO - Filling up the DagBag from /home/airflow/.local/lib/python3.7/site-packages/airflow/example_dags/example_sla_dag.py
[2022-06-26 13:40:20,258] {processor.py:651} INFO - DAG(s) dict_keys(['example_sla_dag']) retrieved from /home/airflow/.local/lib/python3.7/site-packages/airflow/example_dags/example_sla_dag.py
[2022-06-26 13:40:20,521] {logging_mixin.py:115} INFO - [2022-06-26 13:40:20,521] {dag.py:2379} INFO - Sync 1 DAGs
[2022-06-26 13:40:20,555] {logging_mixin.py:115} INFO - [2022-06-26 13:40:20,554] {dag.py:2931} INFO - Setting next_dagrun for example_sla_dag to 2022-06-26T13:38:00+00:00, run_after=2022-06-26T13:40:00+00:00
[2022-06-26 13:40:20,570] {processor.py:161} INFO - Processing /home/airflow/.local/lib/python3.7/site-packages/airflow/example_dags/example_sla_dag.py took 0.348 seconds
[2022-06-26 13:40:50,870] {processor.py:153} INFO - Started process (PID=1554) to work on /home/airflow/.local/lib/python3.7/site-packages/airflow/example_dags/example_sla_dag.py
[2022-06-26 13:40:50,870] {processor.py:641} INFO - Processing file /home/airflow/.local/lib/python3.7/site-packages/airflow/example_dags/example_sla_dag.py for tasks to queue
[2022-06-26 13:40:50,871] {logging_mixin.py:115} INFO - [2022-06-26 13:40:50,871] {dagbag.py:507} INFO - Filling up the DagBag from /home/airflow/.local/lib/python3.7/site-packages/airflow/example_dags/example_sla_dag.py
[2022-06-26 13:40:50,899] {processor.py:651} INFO - DAG(s) dict_keys(['example_sla_dag']) retrieved from /home/airflow/.local/lib/python3.7/site-packages/airflow/example_dags/example_sla_dag.py
[2022-06-26 13:40:51,166] {logging_mixin.py:115} INFO - [2022-06-26 13:40:51,166] {dag.py:2379} INFO - Sync 1 DAGs
[2022-06-26 13:40:51,203] {logging_mixin.py:115} INFO - [2022-06-26 13:40:51,203] {dag.py:2931} INFO - Setting next_dagrun for example_sla_dag to 2022-06-26T13:38:00+00:00, run_after=2022-06-26T13:40:00+00:00
[2022-06-26 13:40:51,218] {processor.py:161} INFO - Processing /home/airflow/.local/lib/python3.7/site-packages/airflow/example_dags/example_sla_dag.py took 0.354 seconds
[2022-06-26 13:41:21,748] {processor.py:153} INFO - Started process (PID=1607) to work on /home/airflow/.local/lib/python3.7/site-packages/airflow/example_dags/example_sla_dag.py
[2022-06-26 13:41:21,756] {processor.py:641} INFO - Processing file /home/airflow/.local/lib/python3.7/site-packages/airflow/example_dags/example_sla_dag.py for tasks to queue
[2022-06-26 13:41:21,757] {logging_mixin.py:115} INFO - [2022-06-26 13:41:21,757] {dagbag.py:507} INFO - Filling up the DagBag from /home/airflow/.local/lib/python3.7/site-packages/airflow/example_dags/example_sla_dag.py
[2022-06-26 13:41:21,851] {processor.py:651} INFO - DAG(s) dict_keys(['example_sla_dag']) retrieved from /home/airflow/.local/lib/python3.7/site-packages/airflow/example_dags/example_sla_dag.py
[2022-06-26 13:41:22,426] {logging_mixin.py:115} INFO - [2022-06-26 13:41:22,426] {dag.py:2379} INFO - Sync 1 DAGs
[2022-06-26 13:41:22,576] {logging_mixin.py:115} INFO - [2022-06-26 13:41:22,575] {dag.py:2931} INFO - Setting next_dagrun for example_sla_dag to 2022-06-26T13:38:00+00:00, run_after=2022-06-26T13:40:00+00:00
[2022-06-26 13:41:22,661] {processor.py:161} INFO - Processing /home/airflow/.local/lib/python3.7/site-packages/airflow/example_dags/example_sla_dag.py took 0.931 seconds
[2022-06-26 13:41:53,189] {processor.py:153} INFO - Started process (PID=1669) to work on /home/airflow/.local/lib/python3.7/site-packages/airflow/example_dags/example_sla_dag.py
[2022-06-26 13:41:53,191] {processor.py:641} INFO - Processing file /home/airflow/.local/lib/python3.7/site-packages/airflow/example_dags/example_sla_dag.py for tasks to queue
[2022-06-26 13:41:53,191] {logging_mixin.py:115} INFO - [2022-06-26 13:41:53,191] {dagbag.py:507} INFO - Filling up the DagBag from /home/airflow/.local/lib/python3.7/site-packages/airflow/example_dags/example_sla_dag.py
[2022-06-26 13:41:53,237] {processor.py:651} INFO - DAG(s) dict_keys(['example_sla_dag']) retrieved from /home/airflow/.local/lib/python3.7/site-packages/airflow/example_dags/example_sla_dag.py
[2022-06-26 13:41:53,602] {logging_mixin.py:115} INFO - [2022-06-26 13:41:53,602] {dag.py:2379} INFO - Sync 1 DAGs
[2022-06-26 13:41:53,638] {logging_mixin.py:115} INFO - [2022-06-26 13:41:53,638] {dag.py:2931} INFO - Setting next_dagrun for example_sla_dag to 2022-06-26T13:38:00+00:00, run_after=2022-06-26T13:40:00+00:00
[2022-06-26 13:41:53,655] {processor.py:161} INFO - Processing /home/airflow/.local/lib/python3.7/site-packages/airflow/example_dags/example_sla_dag.py took 0.472 seconds
[2022-06-26 13:42:24,016] {processor.py:153} INFO - Started process (PID=1722) to work on /home/airflow/.local/lib/python3.7/site-packages/airflow/example_dags/example_sla_dag.py
[2022-06-26 13:42:24,017] {processor.py:641} INFO - Processing file /home/airflow/.local/lib/python3.7/site-packages/airflow/example_dags/example_sla_dag.py for tasks to queue
[2022-06-26 13:42:24,018] {logging_mixin.py:115} INFO - [2022-06-26 13:42:24,018] {dagbag.py:507} INFO - Filling up the DagBag from /home/airflow/.local/lib/python3.7/site-packages/airflow/example_dags/example_sla_dag.py
[2022-06-26 13:42:24,053] {processor.py:651} INFO - DAG(s) dict_keys(['example_sla_dag']) retrieved from /home/airflow/.local/lib/python3.7/site-packages/airflow/example_dags/example_sla_dag.py
[2022-06-26 13:42:24,317] {logging_mixin.py:115} INFO - [2022-06-26 13:42:24,317] {dag.py:2379} INFO - Sync 1 DAGs
[2022-06-26 13:42:24,356] {logging_mixin.py:115} INFO - [2022-06-26 13:42:24,356] {dag.py:2931} INFO - Setting next_dagrun for example_sla_dag to 2022-06-26T13:40:00+00:00, run_after=2022-06-26T13:42:00+00:00
[2022-06-26 13:42:24,378] {processor.py:161} INFO - Processing /home/airflow/.local/lib/python3.7/site-packages/airflow/example_dags/example_sla_dag.py took 0.369 seconds
[2022-06-26 13:42:54,872] {processor.py:153} INFO - Started process (PID=1782) to work on /home/airflow/.local/lib/python3.7/site-packages/airflow/example_dags/example_sla_dag.py
[2022-06-26 13:42:54,873] {processor.py:641} INFO - Processing file /home/airflow/.local/lib/python3.7/site-packages/airflow/example_dags/example_sla_dag.py for tasks to queue
[2022-06-26 13:42:54,874] {logging_mixin.py:115} INFO - [2022-06-26 13:42:54,874] {dagbag.py:507} INFO - Filling up the DagBag from /home/airflow/.local/lib/python3.7/site-packages/airflow/example_dags/example_sla_dag.py
[2022-06-26 13:42:54,951] {processor.py:651} INFO - DAG(s) dict_keys(['example_sla_dag']) retrieved from /home/airflow/.local/lib/python3.7/site-packages/airflow/example_dags/example_sla_dag.py
[2022-06-26 13:42:55,653] {logging_mixin.py:115} INFO - [2022-06-26 13:42:55,652] {dag.py:2379} INFO - Sync 1 DAGs
[2022-06-26 13:42:55,708] {logging_mixin.py:115} INFO - [2022-06-26 13:42:55,707] {dag.py:2931} INFO - Setting next_dagrun for example_sla_dag to 2022-06-26T13:40:00+00:00, run_after=2022-06-26T13:42:00+00:00
[2022-06-26 13:42:55,751] {processor.py:161} INFO - Processing /home/airflow/.local/lib/python3.7/site-packages/airflow/example_dags/example_sla_dag.py took 0.905 seconds
