[2022-06-26 12:35:02,822] {processor.py:153} INFO - Started process (PID=64) to work on /home/airflow/.local/lib/python3.7/site-packages/airflow/example_dags/example_task_group.py
[2022-06-26 12:35:02,831] {processor.py:641} INFO - Processing file /home/airflow/.local/lib/python3.7/site-packages/airflow/example_dags/example_task_group.py for tasks to queue
[2022-06-26 12:35:02,841] {logging_mixin.py:115} INFO - [2022-06-26 12:35:02,841] {dagbag.py:507} INFO - Filling up the DagBag from /home/airflow/.local/lib/python3.7/site-packages/airflow/example_dags/example_task_group.py
[2022-06-26 12:35:02,919] {processor.py:651} INFO - DAG(s) dict_keys(['example_task_group']) retrieved from /home/airflow/.local/lib/python3.7/site-packages/airflow/example_dags/example_task_group.py
[2022-06-26 12:35:05,123] {logging_mixin.py:115} INFO - [2022-06-26 12:35:05,122] {manager.py:508} INFO - Created Permission View: can delete on DAG:example_task_group
[2022-06-26 12:35:05,210] {logging_mixin.py:115} INFO - [2022-06-26 12:35:05,209] {manager.py:508} INFO - Created Permission View: can edit on DAG:example_task_group
[2022-06-26 12:35:05,270] {logging_mixin.py:115} INFO - [2022-06-26 12:35:05,269] {manager.py:508} INFO - Created Permission View: can read on DAG:example_task_group
[2022-06-26 12:35:05,270] {logging_mixin.py:115} INFO - [2022-06-26 12:35:05,270] {dag.py:2379} INFO - Sync 1 DAGs
[2022-06-26 12:35:05,334] {logging_mixin.py:115} INFO - [2022-06-26 12:35:05,334] {dag.py:2398} INFO - Creating ORM DAG for example_task_group
[2022-06-26 12:35:05,414] {logging_mixin.py:115} INFO - [2022-06-26 12:35:05,413] {dag.py:2931} INFO - Setting next_dagrun for example_task_group to 2022-06-25T12:35:05.413584+00:00, run_after=2022-06-26T12:35:05.413584+00:00
[2022-06-26 12:35:05,605] {processor.py:161} INFO - Processing /home/airflow/.local/lib/python3.7/site-packages/airflow/example_dags/example_task_group.py took 2.826 seconds
[2022-06-26 12:35:36,339] {processor.py:153} INFO - Started process (PID=117) to work on /home/airflow/.local/lib/python3.7/site-packages/airflow/example_dags/example_task_group.py
[2022-06-26 12:35:36,341] {processor.py:641} INFO - Processing file /home/airflow/.local/lib/python3.7/site-packages/airflow/example_dags/example_task_group.py for tasks to queue
[2022-06-26 12:35:36,342] {logging_mixin.py:115} INFO - [2022-06-26 12:35:36,342] {dagbag.py:507} INFO - Filling up the DagBag from /home/airflow/.local/lib/python3.7/site-packages/airflow/example_dags/example_task_group.py
[2022-06-26 12:35:36,354] {processor.py:651} INFO - DAG(s) dict_keys(['example_task_group']) retrieved from /home/airflow/.local/lib/python3.7/site-packages/airflow/example_dags/example_task_group.py
[2022-06-26 12:35:36,441] {logging_mixin.py:115} INFO - [2022-06-26 12:35:36,441] {dag.py:2379} INFO - Sync 1 DAGs
[2022-06-26 12:35:36,779] {logging_mixin.py:115} INFO - [2022-06-26 12:35:36,779] {dag.py:2931} INFO - Setting next_dagrun for example_task_group to 2022-06-25T12:35:36.779272+00:00, run_after=2022-06-26T12:35:36.779272+00:00
[2022-06-26 12:35:36,796] {processor.py:161} INFO - Processing /home/airflow/.local/lib/python3.7/site-packages/airflow/example_dags/example_task_group.py took 0.463 seconds
[2022-06-26 12:36:07,073] {processor.py:153} INFO - Started process (PID=170) to work on /home/airflow/.local/lib/python3.7/site-packages/airflow/example_dags/example_task_group.py
[2022-06-26 12:36:07,074] {processor.py:641} INFO - Processing file /home/airflow/.local/lib/python3.7/site-packages/airflow/example_dags/example_task_group.py for tasks to queue
[2022-06-26 12:36:07,075] {logging_mixin.py:115} INFO - [2022-06-26 12:36:07,074] {dagbag.py:507} INFO - Filling up the DagBag from /home/airflow/.local/lib/python3.7/site-packages/airflow/example_dags/example_task_group.py
[2022-06-26 12:36:07,087] {processor.py:651} INFO - DAG(s) dict_keys(['example_task_group']) retrieved from /home/airflow/.local/lib/python3.7/site-packages/airflow/example_dags/example_task_group.py
[2022-06-26 12:36:07,136] {logging_mixin.py:115} INFO - [2022-06-26 12:36:07,136] {dag.py:2379} INFO - Sync 1 DAGs
[2022-06-26 12:36:07,395] {logging_mixin.py:115} INFO - [2022-06-26 12:36:07,395] {dag.py:2931} INFO - Setting next_dagrun for example_task_group to 2022-06-25T12:36:07.395389+00:00, run_after=2022-06-26T12:36:07.395389+00:00
[2022-06-26 12:36:07,413] {processor.py:161} INFO - Processing /home/airflow/.local/lib/python3.7/site-packages/airflow/example_dags/example_task_group.py took 0.346 seconds
[2022-06-26 12:36:37,667] {processor.py:153} INFO - Started process (PID=231) to work on /home/airflow/.local/lib/python3.7/site-packages/airflow/example_dags/example_task_group.py
[2022-06-26 12:36:37,670] {processor.py:641} INFO - Processing file /home/airflow/.local/lib/python3.7/site-packages/airflow/example_dags/example_task_group.py for tasks to queue
[2022-06-26 12:36:37,671] {logging_mixin.py:115} INFO - [2022-06-26 12:36:37,671] {dagbag.py:507} INFO - Filling up the DagBag from /home/airflow/.local/lib/python3.7/site-packages/airflow/example_dags/example_task_group.py
[2022-06-26 12:36:37,685] {processor.py:651} INFO - DAG(s) dict_keys(['example_task_group']) retrieved from /home/airflow/.local/lib/python3.7/site-packages/airflow/example_dags/example_task_group.py
[2022-06-26 12:36:37,755] {logging_mixin.py:115} INFO - [2022-06-26 12:36:37,755] {dag.py:2379} INFO - Sync 1 DAGs
[2022-06-26 12:36:38,021] {logging_mixin.py:115} INFO - [2022-06-26 12:36:38,021] {dag.py:2931} INFO - Setting next_dagrun for example_task_group to 2022-06-25T12:36:38.020674+00:00, run_after=2022-06-26T12:36:38.020674+00:00
[2022-06-26 12:36:38,036] {processor.py:161} INFO - Processing /home/airflow/.local/lib/python3.7/site-packages/airflow/example_dags/example_task_group.py took 0.375 seconds
[2022-06-26 12:37:08,322] {processor.py:153} INFO - Started process (PID=286) to work on /home/airflow/.local/lib/python3.7/site-packages/airflow/example_dags/example_task_group.py
[2022-06-26 12:37:08,322] {processor.py:641} INFO - Processing file /home/airflow/.local/lib/python3.7/site-packages/airflow/example_dags/example_task_group.py for tasks to queue
[2022-06-26 12:37:08,323] {logging_mixin.py:115} INFO - [2022-06-26 12:37:08,323] {dagbag.py:507} INFO - Filling up the DagBag from /home/airflow/.local/lib/python3.7/site-packages/airflow/example_dags/example_task_group.py
[2022-06-26 12:37:08,331] {processor.py:651} INFO - DAG(s) dict_keys(['example_task_group']) retrieved from /home/airflow/.local/lib/python3.7/site-packages/airflow/example_dags/example_task_group.py
[2022-06-26 12:37:08,362] {logging_mixin.py:115} INFO - [2022-06-26 12:37:08,362] {dag.py:2379} INFO - Sync 1 DAGs
[2022-06-26 12:37:08,583] {logging_mixin.py:115} INFO - [2022-06-26 12:37:08,582] {dag.py:2931} INFO - Setting next_dagrun for example_task_group to 2022-06-25T12:37:08.582761+00:00, run_after=2022-06-26T12:37:08.582761+00:00
[2022-06-26 12:37:08,597] {processor.py:161} INFO - Processing /home/airflow/.local/lib/python3.7/site-packages/airflow/example_dags/example_task_group.py took 0.279 seconds
[2022-06-26 12:37:38,897] {processor.py:153} INFO - Started process (PID=338) to work on /home/airflow/.local/lib/python3.7/site-packages/airflow/example_dags/example_task_group.py
[2022-06-26 12:37:38,902] {processor.py:641} INFO - Processing file /home/airflow/.local/lib/python3.7/site-packages/airflow/example_dags/example_task_group.py for tasks to queue
[2022-06-26 12:37:38,903] {logging_mixin.py:115} INFO - [2022-06-26 12:37:38,903] {dagbag.py:507} INFO - Filling up the DagBag from /home/airflow/.local/lib/python3.7/site-packages/airflow/example_dags/example_task_group.py
[2022-06-26 12:37:38,915] {processor.py:651} INFO - DAG(s) dict_keys(['example_task_group']) retrieved from /home/airflow/.local/lib/python3.7/site-packages/airflow/example_dags/example_task_group.py
[2022-06-26 12:37:38,960] {logging_mixin.py:115} INFO - [2022-06-26 12:37:38,960] {dag.py:2379} INFO - Sync 1 DAGs
[2022-06-26 12:37:39,205] {logging_mixin.py:115} INFO - [2022-06-26 12:37:39,205] {dag.py:2931} INFO - Setting next_dagrun for example_task_group to 2022-06-25T12:37:39.205001+00:00, run_after=2022-06-26T12:37:39.205001+00:00
[2022-06-26 12:37:39,222] {processor.py:161} INFO - Processing /home/airflow/.local/lib/python3.7/site-packages/airflow/example_dags/example_task_group.py took 0.330 seconds
[2022-06-26 12:38:09,486] {processor.py:153} INFO - Started process (PID=400) to work on /home/airflow/.local/lib/python3.7/site-packages/airflow/example_dags/example_task_group.py
[2022-06-26 12:38:09,486] {processor.py:641} INFO - Processing file /home/airflow/.local/lib/python3.7/site-packages/airflow/example_dags/example_task_group.py for tasks to queue
[2022-06-26 12:38:09,487] {logging_mixin.py:115} INFO - [2022-06-26 12:38:09,487] {dagbag.py:507} INFO - Filling up the DagBag from /home/airflow/.local/lib/python3.7/site-packages/airflow/example_dags/example_task_group.py
[2022-06-26 12:38:09,499] {processor.py:651} INFO - DAG(s) dict_keys(['example_task_group']) retrieved from /home/airflow/.local/lib/python3.7/site-packages/airflow/example_dags/example_task_group.py
[2022-06-26 12:38:09,545] {logging_mixin.py:115} INFO - [2022-06-26 12:38:09,545] {dag.py:2379} INFO - Sync 1 DAGs
[2022-06-26 12:38:09,798] {logging_mixin.py:115} INFO - [2022-06-26 12:38:09,797] {dag.py:2931} INFO - Setting next_dagrun for example_task_group to 2022-06-25T12:38:09.797549+00:00, run_after=2022-06-26T12:38:09.797549+00:00
[2022-06-26 12:38:09,814] {processor.py:161} INFO - Processing /home/airflow/.local/lib/python3.7/site-packages/airflow/example_dags/example_task_group.py took 0.334 seconds
[2022-06-26 12:38:40,133] {processor.py:153} INFO - Started process (PID=452) to work on /home/airflow/.local/lib/python3.7/site-packages/airflow/example_dags/example_task_group.py
[2022-06-26 12:38:40,135] {processor.py:641} INFO - Processing file /home/airflow/.local/lib/python3.7/site-packages/airflow/example_dags/example_task_group.py for tasks to queue
[2022-06-26 12:38:40,136] {logging_mixin.py:115} INFO - [2022-06-26 12:38:40,136] {dagbag.py:507} INFO - Filling up the DagBag from /home/airflow/.local/lib/python3.7/site-packages/airflow/example_dags/example_task_group.py
[2022-06-26 12:38:40,148] {processor.py:651} INFO - DAG(s) dict_keys(['example_task_group']) retrieved from /home/airflow/.local/lib/python3.7/site-packages/airflow/example_dags/example_task_group.py
[2022-06-26 12:38:40,196] {logging_mixin.py:115} INFO - [2022-06-26 12:38:40,196] {dag.py:2379} INFO - Sync 1 DAGs
[2022-06-26 12:38:40,448] {logging_mixin.py:115} INFO - [2022-06-26 12:38:40,448] {dag.py:2931} INFO - Setting next_dagrun for example_task_group to 2022-06-25T12:38:40.447855+00:00, run_after=2022-06-26T12:38:40.447855+00:00
[2022-06-26 12:38:40,466] {processor.py:161} INFO - Processing /home/airflow/.local/lib/python3.7/site-packages/airflow/example_dags/example_task_group.py took 0.339 seconds
[2022-06-26 12:39:10,777] {processor.py:153} INFO - Started process (PID=513) to work on /home/airflow/.local/lib/python3.7/site-packages/airflow/example_dags/example_task_group.py
[2022-06-26 12:39:10,777] {processor.py:641} INFO - Processing file /home/airflow/.local/lib/python3.7/site-packages/airflow/example_dags/example_task_group.py for tasks to queue
[2022-06-26 12:39:10,778] {logging_mixin.py:115} INFO - [2022-06-26 12:39:10,778] {dagbag.py:507} INFO - Filling up the DagBag from /home/airflow/.local/lib/python3.7/site-packages/airflow/example_dags/example_task_group.py
[2022-06-26 12:39:10,791] {processor.py:651} INFO - DAG(s) dict_keys(['example_task_group']) retrieved from /home/airflow/.local/lib/python3.7/site-packages/airflow/example_dags/example_task_group.py
[2022-06-26 12:39:10,838] {logging_mixin.py:115} INFO - [2022-06-26 12:39:10,837] {dag.py:2379} INFO - Sync 1 DAGs
[2022-06-26 12:39:11,190] {logging_mixin.py:115} INFO - [2022-06-26 12:39:11,189] {dag.py:2931} INFO - Setting next_dagrun for example_task_group to 2022-06-25T12:39:11.188760+00:00, run_after=2022-06-26T12:39:11.188760+00:00
[2022-06-26 12:39:11,207] {processor.py:161} INFO - Processing /home/airflow/.local/lib/python3.7/site-packages/airflow/example_dags/example_task_group.py took 0.437 seconds
[2022-06-26 12:39:42,218] {processor.py:153} INFO - Started process (PID=566) to work on /home/airflow/.local/lib/python3.7/site-packages/airflow/example_dags/example_task_group.py
[2022-06-26 12:39:42,242] {processor.py:641} INFO - Processing file /home/airflow/.local/lib/python3.7/site-packages/airflow/example_dags/example_task_group.py for tasks to queue
[2022-06-26 12:39:42,243] {logging_mixin.py:115} INFO - [2022-06-26 12:39:42,243] {dagbag.py:507} INFO - Filling up the DagBag from /home/airflow/.local/lib/python3.7/site-packages/airflow/example_dags/example_task_group.py
[2022-06-26 12:39:42,278] {processor.py:651} INFO - DAG(s) dict_keys(['example_task_group']) retrieved from /home/airflow/.local/lib/python3.7/site-packages/airflow/example_dags/example_task_group.py
[2022-06-26 12:39:42,333] {logging_mixin.py:115} INFO - [2022-06-26 12:39:42,332] {dag.py:2379} INFO - Sync 1 DAGs
[2022-06-26 12:39:42,790] {logging_mixin.py:115} INFO - [2022-06-26 12:39:42,790] {dag.py:2931} INFO - Setting next_dagrun for example_task_group to 2022-06-25T12:39:42.790061+00:00, run_after=2022-06-26T12:39:42.790061+00:00
[2022-06-26 12:39:42,807] {processor.py:161} INFO - Processing /home/airflow/.local/lib/python3.7/site-packages/airflow/example_dags/example_task_group.py took 0.607 seconds
[2022-06-26 12:40:13,095] {processor.py:153} INFO - Started process (PID=629) to work on /home/airflow/.local/lib/python3.7/site-packages/airflow/example_dags/example_task_group.py
[2022-06-26 12:40:13,096] {processor.py:641} INFO - Processing file /home/airflow/.local/lib/python3.7/site-packages/airflow/example_dags/example_task_group.py for tasks to queue
[2022-06-26 12:40:13,097] {logging_mixin.py:115} INFO - [2022-06-26 12:40:13,097] {dagbag.py:507} INFO - Filling up the DagBag from /home/airflow/.local/lib/python3.7/site-packages/airflow/example_dags/example_task_group.py
[2022-06-26 12:40:13,109] {processor.py:651} INFO - DAG(s) dict_keys(['example_task_group']) retrieved from /home/airflow/.local/lib/python3.7/site-packages/airflow/example_dags/example_task_group.py
[2022-06-26 12:40:13,150] {logging_mixin.py:115} INFO - [2022-06-26 12:40:13,150] {dag.py:2379} INFO - Sync 1 DAGs
[2022-06-26 12:40:13,363] {logging_mixin.py:115} INFO - [2022-06-26 12:40:13,363] {dag.py:2931} INFO - Setting next_dagrun for example_task_group to 2022-06-25T12:40:13.363233+00:00, run_after=2022-06-26T12:40:13.363233+00:00
[2022-06-26 12:40:13,375] {processor.py:161} INFO - Processing /home/airflow/.local/lib/python3.7/site-packages/airflow/example_dags/example_task_group.py took 0.286 seconds
[2022-06-26 12:40:43,668] {processor.py:153} INFO - Started process (PID=691) to work on /home/airflow/.local/lib/python3.7/site-packages/airflow/example_dags/example_task_group.py
[2022-06-26 12:40:43,671] {processor.py:641} INFO - Processing file /home/airflow/.local/lib/python3.7/site-packages/airflow/example_dags/example_task_group.py for tasks to queue
[2022-06-26 12:40:43,672] {logging_mixin.py:115} INFO - [2022-06-26 12:40:43,672] {dagbag.py:507} INFO - Filling up the DagBag from /home/airflow/.local/lib/python3.7/site-packages/airflow/example_dags/example_task_group.py
[2022-06-26 12:40:43,683] {processor.py:651} INFO - DAG(s) dict_keys(['example_task_group']) retrieved from /home/airflow/.local/lib/python3.7/site-packages/airflow/example_dags/example_task_group.py
[2022-06-26 12:40:43,726] {logging_mixin.py:115} INFO - [2022-06-26 12:40:43,726] {dag.py:2379} INFO - Sync 1 DAGs
[2022-06-26 12:40:43,971] {logging_mixin.py:115} INFO - [2022-06-26 12:40:43,970] {dag.py:2931} INFO - Setting next_dagrun for example_task_group to 2022-06-25T12:40:43.970583+00:00, run_after=2022-06-26T12:40:43.970583+00:00
[2022-06-26 12:40:43,987] {processor.py:161} INFO - Processing /home/airflow/.local/lib/python3.7/site-packages/airflow/example_dags/example_task_group.py took 0.325 seconds
[2022-06-26 12:41:14,341] {processor.py:153} INFO - Started process (PID=742) to work on /home/airflow/.local/lib/python3.7/site-packages/airflow/example_dags/example_task_group.py
[2022-06-26 12:41:14,342] {processor.py:641} INFO - Processing file /home/airflow/.local/lib/python3.7/site-packages/airflow/example_dags/example_task_group.py for tasks to queue
[2022-06-26 12:41:14,343] {logging_mixin.py:115} INFO - [2022-06-26 12:41:14,343] {dagbag.py:507} INFO - Filling up the DagBag from /home/airflow/.local/lib/python3.7/site-packages/airflow/example_dags/example_task_group.py
[2022-06-26 12:41:14,355] {processor.py:651} INFO - DAG(s) dict_keys(['example_task_group']) retrieved from /home/airflow/.local/lib/python3.7/site-packages/airflow/example_dags/example_task_group.py
[2022-06-26 12:41:14,398] {logging_mixin.py:115} INFO - [2022-06-26 12:41:14,398] {dag.py:2379} INFO - Sync 1 DAGs
[2022-06-26 12:41:14,651] {logging_mixin.py:115} INFO - [2022-06-26 12:41:14,651] {dag.py:2931} INFO - Setting next_dagrun for example_task_group to 2022-06-25T12:41:14.650906+00:00, run_after=2022-06-26T12:41:14.650906+00:00
[2022-06-26 12:41:14,667] {processor.py:161} INFO - Processing /home/airflow/.local/lib/python3.7/site-packages/airflow/example_dags/example_task_group.py took 0.331 seconds
[2022-06-26 12:41:44,787] {processor.py:153} INFO - Started process (PID=803) to work on /home/airflow/.local/lib/python3.7/site-packages/airflow/example_dags/example_task_group.py
[2022-06-26 12:41:44,790] {processor.py:641} INFO - Processing file /home/airflow/.local/lib/python3.7/site-packages/airflow/example_dags/example_task_group.py for tasks to queue
[2022-06-26 12:41:44,791] {logging_mixin.py:115} INFO - [2022-06-26 12:41:44,791] {dagbag.py:507} INFO - Filling up the DagBag from /home/airflow/.local/lib/python3.7/site-packages/airflow/example_dags/example_task_group.py
[2022-06-26 12:41:44,802] {processor.py:651} INFO - DAG(s) dict_keys(['example_task_group']) retrieved from /home/airflow/.local/lib/python3.7/site-packages/airflow/example_dags/example_task_group.py
[2022-06-26 12:41:44,848] {logging_mixin.py:115} INFO - [2022-06-26 12:41:44,848] {dag.py:2379} INFO - Sync 1 DAGs
[2022-06-26 12:41:45,110] {logging_mixin.py:115} INFO - [2022-06-26 12:41:45,110] {dag.py:2931} INFO - Setting next_dagrun for example_task_group to 2022-06-25T12:41:45.110117+00:00, run_after=2022-06-26T12:41:45.110117+00:00
[2022-06-26 12:41:45,131] {processor.py:161} INFO - Processing /home/airflow/.local/lib/python3.7/site-packages/airflow/example_dags/example_task_group.py took 0.349 seconds
[2022-06-26 12:42:15,263] {processor.py:153} INFO - Started process (PID=854) to work on /home/airflow/.local/lib/python3.7/site-packages/airflow/example_dags/example_task_group.py
[2022-06-26 12:42:15,264] {processor.py:641} INFO - Processing file /home/airflow/.local/lib/python3.7/site-packages/airflow/example_dags/example_task_group.py for tasks to queue
[2022-06-26 12:42:15,265] {logging_mixin.py:115} INFO - [2022-06-26 12:42:15,265] {dagbag.py:507} INFO - Filling up the DagBag from /home/airflow/.local/lib/python3.7/site-packages/airflow/example_dags/example_task_group.py
[2022-06-26 12:42:15,278] {processor.py:651} INFO - DAG(s) dict_keys(['example_task_group']) retrieved from /home/airflow/.local/lib/python3.7/site-packages/airflow/example_dags/example_task_group.py
[2022-06-26 12:42:15,366] {logging_mixin.py:115} INFO - [2022-06-26 12:42:15,366] {dag.py:2379} INFO - Sync 1 DAGs
[2022-06-26 12:42:15,729] {logging_mixin.py:115} INFO - [2022-06-26 12:42:15,729] {dag.py:2931} INFO - Setting next_dagrun for example_task_group to 2022-06-25T12:42:15.729307+00:00, run_after=2022-06-26T12:42:15.729307+00:00
[2022-06-26 12:42:15,804] {processor.py:161} INFO - Processing /home/airflow/.local/lib/python3.7/site-packages/airflow/example_dags/example_task_group.py took 0.547 seconds
[2022-06-26 12:42:45,916] {processor.py:153} INFO - Started process (PID=914) to work on /home/airflow/.local/lib/python3.7/site-packages/airflow/example_dags/example_task_group.py
[2022-06-26 12:42:45,954] {processor.py:641} INFO - Processing file /home/airflow/.local/lib/python3.7/site-packages/airflow/example_dags/example_task_group.py for tasks to queue
[2022-06-26 12:42:45,955] {logging_mixin.py:115} INFO - [2022-06-26 12:42:45,955] {dagbag.py:507} INFO - Filling up the DagBag from /home/airflow/.local/lib/python3.7/site-packages/airflow/example_dags/example_task_group.py
[2022-06-26 12:42:46,043] {processor.py:651} INFO - DAG(s) dict_keys(['example_task_group']) retrieved from /home/airflow/.local/lib/python3.7/site-packages/airflow/example_dags/example_task_group.py
[2022-06-26 12:42:46,196] {logging_mixin.py:115} INFO - [2022-06-26 12:42:46,196] {dag.py:2379} INFO - Sync 1 DAGs
[2022-06-26 12:42:46,858] {logging_mixin.py:115} INFO - [2022-06-26 12:42:46,857] {dag.py:2931} INFO - Setting next_dagrun for example_task_group to 2022-06-25T12:42:46.857631+00:00, run_after=2022-06-26T12:42:46.857631+00:00
[2022-06-26 12:42:46,894] {processor.py:161} INFO - Processing /home/airflow/.local/lib/python3.7/site-packages/airflow/example_dags/example_task_group.py took 0.983 seconds
[2022-06-26 12:43:17,601] {processor.py:153} INFO - Started process (PID=966) to work on /home/airflow/.local/lib/python3.7/site-packages/airflow/example_dags/example_task_group.py
[2022-06-26 12:43:17,603] {processor.py:641} INFO - Processing file /home/airflow/.local/lib/python3.7/site-packages/airflow/example_dags/example_task_group.py for tasks to queue
[2022-06-26 12:43:17,604] {logging_mixin.py:115} INFO - [2022-06-26 12:43:17,604] {dagbag.py:507} INFO - Filling up the DagBag from /home/airflow/.local/lib/python3.7/site-packages/airflow/example_dags/example_task_group.py
[2022-06-26 12:43:17,616] {processor.py:651} INFO - DAG(s) dict_keys(['example_task_group']) retrieved from /home/airflow/.local/lib/python3.7/site-packages/airflow/example_dags/example_task_group.py
[2022-06-26 12:43:17,665] {logging_mixin.py:115} INFO - [2022-06-26 12:43:17,665] {dag.py:2379} INFO - Sync 1 DAGs
[2022-06-26 12:43:17,924] {logging_mixin.py:115} INFO - [2022-06-26 12:43:17,924] {dag.py:2931} INFO - Setting next_dagrun for example_task_group to 2022-06-25T12:43:17.923791+00:00, run_after=2022-06-26T12:43:17.923791+00:00
[2022-06-26 12:43:17,945] {processor.py:161} INFO - Processing /home/airflow/.local/lib/python3.7/site-packages/airflow/example_dags/example_task_group.py took 0.349 seconds
[2022-06-26 12:43:48,014] {processor.py:153} INFO - Started process (PID=1018) to work on /home/airflow/.local/lib/python3.7/site-packages/airflow/example_dags/example_task_group.py
[2022-06-26 12:43:48,015] {processor.py:641} INFO - Processing file /home/airflow/.local/lib/python3.7/site-packages/airflow/example_dags/example_task_group.py for tasks to queue
[2022-06-26 12:43:48,016] {logging_mixin.py:115} INFO - [2022-06-26 12:43:48,016] {dagbag.py:507} INFO - Filling up the DagBag from /home/airflow/.local/lib/python3.7/site-packages/airflow/example_dags/example_task_group.py
[2022-06-26 12:43:48,027] {processor.py:651} INFO - DAG(s) dict_keys(['example_task_group']) retrieved from /home/airflow/.local/lib/python3.7/site-packages/airflow/example_dags/example_task_group.py
[2022-06-26 12:43:48,075] {logging_mixin.py:115} INFO - [2022-06-26 12:43:48,075] {dag.py:2379} INFO - Sync 1 DAGs
[2022-06-26 12:43:48,561] {logging_mixin.py:115} INFO - [2022-06-26 12:43:48,561] {dag.py:2931} INFO - Setting next_dagrun for example_task_group to 2022-06-25T12:43:48.561429+00:00, run_after=2022-06-26T12:43:48.561429+00:00
[2022-06-26 12:43:48,597] {processor.py:161} INFO - Processing /home/airflow/.local/lib/python3.7/site-packages/airflow/example_dags/example_task_group.py took 0.588 seconds
[2022-06-26 12:44:19,187] {processor.py:153} INFO - Started process (PID=1078) to work on /home/airflow/.local/lib/python3.7/site-packages/airflow/example_dags/example_task_group.py
[2022-06-26 12:44:19,190] {processor.py:641} INFO - Processing file /home/airflow/.local/lib/python3.7/site-packages/airflow/example_dags/example_task_group.py for tasks to queue
[2022-06-26 12:44:19,191] {logging_mixin.py:115} INFO - [2022-06-26 12:44:19,191] {dagbag.py:507} INFO - Filling up the DagBag from /home/airflow/.local/lib/python3.7/site-packages/airflow/example_dags/example_task_group.py
[2022-06-26 12:44:19,202] {processor.py:651} INFO - DAG(s) dict_keys(['example_task_group']) retrieved from /home/airflow/.local/lib/python3.7/site-packages/airflow/example_dags/example_task_group.py
[2022-06-26 12:44:19,257] {logging_mixin.py:115} INFO - [2022-06-26 12:44:19,257] {dag.py:2379} INFO - Sync 1 DAGs
[2022-06-26 12:44:19,647] {logging_mixin.py:115} INFO - [2022-06-26 12:44:19,647] {dag.py:2931} INFO - Setting next_dagrun for example_task_group to 2022-06-25T12:44:19.647175+00:00, run_after=2022-06-26T12:44:19.647175+00:00
[2022-06-26 12:44:19,660] {processor.py:161} INFO - Processing /home/airflow/.local/lib/python3.7/site-packages/airflow/example_dags/example_task_group.py took 0.478 seconds
[2022-06-26 12:44:49,703] {processor.py:153} INFO - Started process (PID=1130) to work on /home/airflow/.local/lib/python3.7/site-packages/airflow/example_dags/example_task_group.py
[2022-06-26 12:44:49,704] {processor.py:641} INFO - Processing file /home/airflow/.local/lib/python3.7/site-packages/airflow/example_dags/example_task_group.py for tasks to queue
[2022-06-26 12:44:49,705] {logging_mixin.py:115} INFO - [2022-06-26 12:44:49,705] {dagbag.py:507} INFO - Filling up the DagBag from /home/airflow/.local/lib/python3.7/site-packages/airflow/example_dags/example_task_group.py
[2022-06-26 12:44:49,717] {processor.py:651} INFO - DAG(s) dict_keys(['example_task_group']) retrieved from /home/airflow/.local/lib/python3.7/site-packages/airflow/example_dags/example_task_group.py
[2022-06-26 12:44:49,815] {logging_mixin.py:115} INFO - [2022-06-26 12:44:49,815] {dag.py:2379} INFO - Sync 1 DAGs
[2022-06-26 12:44:50,357] {logging_mixin.py:115} INFO - [2022-06-26 12:44:50,357] {dag.py:2931} INFO - Setting next_dagrun for example_task_group to 2022-06-25T12:44:50.357092+00:00, run_after=2022-06-26T12:44:50.357092+00:00
[2022-06-26 12:44:50,395] {processor.py:161} INFO - Processing /home/airflow/.local/lib/python3.7/site-packages/airflow/example_dags/example_task_group.py took 0.697 seconds
[2022-06-26 12:45:20,631] {processor.py:153} INFO - Started process (PID=1192) to work on /home/airflow/.local/lib/python3.7/site-packages/airflow/example_dags/example_task_group.py
[2022-06-26 12:45:20,648] {processor.py:641} INFO - Processing file /home/airflow/.local/lib/python3.7/site-packages/airflow/example_dags/example_task_group.py for tasks to queue
[2022-06-26 12:45:20,649] {logging_mixin.py:115} INFO - [2022-06-26 12:45:20,649] {dagbag.py:507} INFO - Filling up the DagBag from /home/airflow/.local/lib/python3.7/site-packages/airflow/example_dags/example_task_group.py
[2022-06-26 12:45:20,696] {processor.py:651} INFO - DAG(s) dict_keys(['example_task_group']) retrieved from /home/airflow/.local/lib/python3.7/site-packages/airflow/example_dags/example_task_group.py
[2022-06-26 12:45:20,793] {logging_mixin.py:115} INFO - [2022-06-26 12:45:20,793] {dag.py:2379} INFO - Sync 1 DAGs
[2022-06-26 12:45:21,494] {logging_mixin.py:115} INFO - [2022-06-26 12:45:21,494] {dag.py:2931} INFO - Setting next_dagrun for example_task_group to 2022-06-25T12:45:21.491024+00:00, run_after=2022-06-26T12:45:21.491024+00:00
[2022-06-26 12:45:21,577] {processor.py:161} INFO - Processing /home/airflow/.local/lib/python3.7/site-packages/airflow/example_dags/example_task_group.py took 0.958 seconds
[2022-06-26 12:45:51,655] {processor.py:153} INFO - Started process (PID=1244) to work on /home/airflow/.local/lib/python3.7/site-packages/airflow/example_dags/example_task_group.py
[2022-06-26 12:45:51,656] {processor.py:641} INFO - Processing file /home/airflow/.local/lib/python3.7/site-packages/airflow/example_dags/example_task_group.py for tasks to queue
[2022-06-26 12:45:51,656] {logging_mixin.py:115} INFO - [2022-06-26 12:45:51,656] {dagbag.py:507} INFO - Filling up the DagBag from /home/airflow/.local/lib/python3.7/site-packages/airflow/example_dags/example_task_group.py
[2022-06-26 12:45:51,665] {processor.py:651} INFO - DAG(s) dict_keys(['example_task_group']) retrieved from /home/airflow/.local/lib/python3.7/site-packages/airflow/example_dags/example_task_group.py
[2022-06-26 12:45:51,697] {logging_mixin.py:115} INFO - [2022-06-26 12:45:51,697] {dag.py:2379} INFO - Sync 1 DAGs
[2022-06-26 12:45:51,888] {logging_mixin.py:115} INFO - [2022-06-26 12:45:51,887] {dag.py:2931} INFO - Setting next_dagrun for example_task_group to 2022-06-25T12:45:51.887653+00:00, run_after=2022-06-26T12:45:51.887653+00:00
[2022-06-26 12:45:51,900] {processor.py:161} INFO - Processing /home/airflow/.local/lib/python3.7/site-packages/airflow/example_dags/example_task_group.py took 0.249 seconds
[2022-06-26 12:46:22,510] {processor.py:153} INFO - Started process (PID=1298) to work on /home/airflow/.local/lib/python3.7/site-packages/airflow/example_dags/example_task_group.py
[2022-06-26 12:46:22,526] {processor.py:641} INFO - Processing file /home/airflow/.local/lib/python3.7/site-packages/airflow/example_dags/example_task_group.py for tasks to queue
[2022-06-26 12:46:22,527] {logging_mixin.py:115} INFO - [2022-06-26 12:46:22,527] {dagbag.py:507} INFO - Filling up the DagBag from /home/airflow/.local/lib/python3.7/site-packages/airflow/example_dags/example_task_group.py
[2022-06-26 12:46:22,547] {processor.py:651} INFO - DAG(s) dict_keys(['example_task_group']) retrieved from /home/airflow/.local/lib/python3.7/site-packages/airflow/example_dags/example_task_group.py
[2022-06-26 12:46:22,628] {logging_mixin.py:115} INFO - [2022-06-26 12:46:22,628] {dag.py:2379} INFO - Sync 1 DAGs
[2022-06-26 12:46:22,915] {logging_mixin.py:115} INFO - [2022-06-26 12:46:22,915] {dag.py:2931} INFO - Setting next_dagrun for example_task_group to 2022-06-25T12:46:22.915083+00:00, run_after=2022-06-26T12:46:22.915083+00:00
[2022-06-26 12:46:22,933] {processor.py:161} INFO - Processing /home/airflow/.local/lib/python3.7/site-packages/airflow/example_dags/example_task_group.py took 0.436 seconds
[2022-06-26 12:46:54,122] {processor.py:153} INFO - Started process (PID=1359) to work on /home/airflow/.local/lib/python3.7/site-packages/airflow/example_dags/example_task_group.py
[2022-06-26 12:46:54,123] {processor.py:641} INFO - Processing file /home/airflow/.local/lib/python3.7/site-packages/airflow/example_dags/example_task_group.py for tasks to queue
[2022-06-26 12:46:54,124] {logging_mixin.py:115} INFO - [2022-06-26 12:46:54,124] {dagbag.py:507} INFO - Filling up the DagBag from /home/airflow/.local/lib/python3.7/site-packages/airflow/example_dags/example_task_group.py
[2022-06-26 12:46:54,166] {processor.py:651} INFO - DAG(s) dict_keys(['example_task_group']) retrieved from /home/airflow/.local/lib/python3.7/site-packages/airflow/example_dags/example_task_group.py
[2022-06-26 12:46:54,286] {logging_mixin.py:115} INFO - [2022-06-26 12:46:54,286] {dag.py:2379} INFO - Sync 1 DAGs
[2022-06-26 12:46:54,875] {logging_mixin.py:115} INFO - [2022-06-26 12:46:54,875] {dag.py:2931} INFO - Setting next_dagrun for example_task_group to 2022-06-25T12:46:54.875023+00:00, run_after=2022-06-26T12:46:54.875023+00:00
[2022-06-26 12:46:54,924] {processor.py:161} INFO - Processing /home/airflow/.local/lib/python3.7/site-packages/airflow/example_dags/example_task_group.py took 0.832 seconds
[2022-06-26 12:47:25,027] {processor.py:153} INFO - Started process (PID=1410) to work on /home/airflow/.local/lib/python3.7/site-packages/airflow/example_dags/example_task_group.py
[2022-06-26 12:47:25,034] {processor.py:641} INFO - Processing file /home/airflow/.local/lib/python3.7/site-packages/airflow/example_dags/example_task_group.py for tasks to queue
[2022-06-26 12:47:25,035] {logging_mixin.py:115} INFO - [2022-06-26 12:47:25,035] {dagbag.py:507} INFO - Filling up the DagBag from /home/airflow/.local/lib/python3.7/site-packages/airflow/example_dags/example_task_group.py
[2022-06-26 12:47:25,048] {processor.py:651} INFO - DAG(s) dict_keys(['example_task_group']) retrieved from /home/airflow/.local/lib/python3.7/site-packages/airflow/example_dags/example_task_group.py
[2022-06-26 12:47:25,155] {logging_mixin.py:115} INFO - [2022-06-26 12:47:25,155] {dag.py:2379} INFO - Sync 1 DAGs
[2022-06-26 12:47:25,764] {logging_mixin.py:115} INFO - [2022-06-26 12:47:25,764] {dag.py:2931} INFO - Setting next_dagrun for example_task_group to 2022-06-25T12:47:25.764377+00:00, run_after=2022-06-26T12:47:25.764377+00:00
[2022-06-26 12:47:25,794] {processor.py:161} INFO - Processing /home/airflow/.local/lib/python3.7/site-packages/airflow/example_dags/example_task_group.py took 0.773 seconds
[2022-06-26 12:47:56,191] {processor.py:153} INFO - Started process (PID=1469) to work on /home/airflow/.local/lib/python3.7/site-packages/airflow/example_dags/example_task_group.py
[2022-06-26 12:47:56,192] {processor.py:641} INFO - Processing file /home/airflow/.local/lib/python3.7/site-packages/airflow/example_dags/example_task_group.py for tasks to queue
[2022-06-26 12:47:56,193] {logging_mixin.py:115} INFO - [2022-06-26 12:47:56,193] {dagbag.py:507} INFO - Filling up the DagBag from /home/airflow/.local/lib/python3.7/site-packages/airflow/example_dags/example_task_group.py
[2022-06-26 12:47:56,226] {processor.py:651} INFO - DAG(s) dict_keys(['example_task_group']) retrieved from /home/airflow/.local/lib/python3.7/site-packages/airflow/example_dags/example_task_group.py
[2022-06-26 12:47:56,301] {logging_mixin.py:115} INFO - [2022-06-26 12:47:56,301] {dag.py:2379} INFO - Sync 1 DAGs
[2022-06-26 12:47:56,636] {logging_mixin.py:115} INFO - [2022-06-26 12:47:56,636] {dag.py:2931} INFO - Setting next_dagrun for example_task_group to 2022-06-25T12:47:56.635986+00:00, run_after=2022-06-26T12:47:56.635986+00:00
[2022-06-26 12:47:56,651] {processor.py:161} INFO - Processing /home/airflow/.local/lib/python3.7/site-packages/airflow/example_dags/example_task_group.py took 0.464 seconds
[2022-06-26 12:48:27,169] {processor.py:153} INFO - Started process (PID=1523) to work on /home/airflow/.local/lib/python3.7/site-packages/airflow/example_dags/example_task_group.py
[2022-06-26 12:48:27,183] {processor.py:641} INFO - Processing file /home/airflow/.local/lib/python3.7/site-packages/airflow/example_dags/example_task_group.py for tasks to queue
[2022-06-26 12:48:27,184] {logging_mixin.py:115} INFO - [2022-06-26 12:48:27,184] {dagbag.py:507} INFO - Filling up the DagBag from /home/airflow/.local/lib/python3.7/site-packages/airflow/example_dags/example_task_group.py
[2022-06-26 12:48:27,227] {processor.py:651} INFO - DAG(s) dict_keys(['example_task_group']) retrieved from /home/airflow/.local/lib/python3.7/site-packages/airflow/example_dags/example_task_group.py
[2022-06-26 12:48:27,341] {logging_mixin.py:115} INFO - [2022-06-26 12:48:27,341] {dag.py:2379} INFO - Sync 1 DAGs
[2022-06-26 12:48:27,920] {logging_mixin.py:115} INFO - [2022-06-26 12:48:27,919] {dag.py:2931} INFO - Setting next_dagrun for example_task_group to 2022-06-25T12:48:27.917420+00:00, run_after=2022-06-26T12:48:27.917420+00:00
[2022-06-26 12:48:27,981] {processor.py:161} INFO - Processing /home/airflow/.local/lib/python3.7/site-packages/airflow/example_dags/example_task_group.py took 0.819 seconds
[2022-06-26 12:48:58,215] {processor.py:153} INFO - Started process (PID=1584) to work on /home/airflow/.local/lib/python3.7/site-packages/airflow/example_dags/example_task_group.py
[2022-06-26 12:48:58,216] {processor.py:641} INFO - Processing file /home/airflow/.local/lib/python3.7/site-packages/airflow/example_dags/example_task_group.py for tasks to queue
[2022-06-26 12:48:58,217] {logging_mixin.py:115} INFO - [2022-06-26 12:48:58,217] {dagbag.py:507} INFO - Filling up the DagBag from /home/airflow/.local/lib/python3.7/site-packages/airflow/example_dags/example_task_group.py
[2022-06-26 12:48:58,238] {processor.py:651} INFO - DAG(s) dict_keys(['example_task_group']) retrieved from /home/airflow/.local/lib/python3.7/site-packages/airflow/example_dags/example_task_group.py
[2022-06-26 12:48:58,329] {logging_mixin.py:115} INFO - [2022-06-26 12:48:58,329] {dag.py:2379} INFO - Sync 1 DAGs
[2022-06-26 12:48:58,765] {logging_mixin.py:115} INFO - [2022-06-26 12:48:58,764] {dag.py:2931} INFO - Setting next_dagrun for example_task_group to 2022-06-25T12:48:58.764582+00:00, run_after=2022-06-26T12:48:58.764582+00:00
[2022-06-26 12:48:58,785] {processor.py:161} INFO - Processing /home/airflow/.local/lib/python3.7/site-packages/airflow/example_dags/example_task_group.py took 0.584 seconds
[2022-06-26 12:49:29,536] {processor.py:153} INFO - Started process (PID=1636) to work on /home/airflow/.local/lib/python3.7/site-packages/airflow/example_dags/example_task_group.py
[2022-06-26 12:49:29,545] {processor.py:641} INFO - Processing file /home/airflow/.local/lib/python3.7/site-packages/airflow/example_dags/example_task_group.py for tasks to queue
[2022-06-26 12:49:29,546] {logging_mixin.py:115} INFO - [2022-06-26 12:49:29,546] {dagbag.py:507} INFO - Filling up the DagBag from /home/airflow/.local/lib/python3.7/site-packages/airflow/example_dags/example_task_group.py
[2022-06-26 12:49:29,582] {processor.py:651} INFO - DAG(s) dict_keys(['example_task_group']) retrieved from /home/airflow/.local/lib/python3.7/site-packages/airflow/example_dags/example_task_group.py
[2022-06-26 12:49:29,657] {logging_mixin.py:115} INFO - [2022-06-26 12:49:29,657] {dag.py:2379} INFO - Sync 1 DAGs
[2022-06-26 12:49:30,394] {logging_mixin.py:115} INFO - [2022-06-26 12:49:30,393] {dag.py:2931} INFO - Setting next_dagrun for example_task_group to 2022-06-25T12:49:30.393646+00:00, run_after=2022-06-26T12:49:30.393646+00:00
[2022-06-26 12:49:30,461] {processor.py:161} INFO - Processing /home/airflow/.local/lib/python3.7/site-packages/airflow/example_dags/example_task_group.py took 0.934 seconds
[2022-06-26 12:50:00,890] {processor.py:153} INFO - Started process (PID=1697) to work on /home/airflow/.local/lib/python3.7/site-packages/airflow/example_dags/example_task_group.py
[2022-06-26 12:50:00,892] {processor.py:641} INFO - Processing file /home/airflow/.local/lib/python3.7/site-packages/airflow/example_dags/example_task_group.py for tasks to queue
[2022-06-26 12:50:00,892] {logging_mixin.py:115} INFO - [2022-06-26 12:50:00,892] {dagbag.py:507} INFO - Filling up the DagBag from /home/airflow/.local/lib/python3.7/site-packages/airflow/example_dags/example_task_group.py
[2022-06-26 12:50:00,903] {processor.py:651} INFO - DAG(s) dict_keys(['example_task_group']) retrieved from /home/airflow/.local/lib/python3.7/site-packages/airflow/example_dags/example_task_group.py
[2022-06-26 12:50:01,004] {logging_mixin.py:115} INFO - [2022-06-26 12:50:01,004] {dag.py:2379} INFO - Sync 1 DAGs
[2022-06-26 12:50:01,505] {logging_mixin.py:115} INFO - [2022-06-26 12:50:01,505] {dag.py:2931} INFO - Setting next_dagrun for example_task_group to 2022-06-25T12:50:01.505480+00:00, run_after=2022-06-26T12:50:01.505480+00:00
[2022-06-26 12:50:01,545] {processor.py:161} INFO - Processing /home/airflow/.local/lib/python3.7/site-packages/airflow/example_dags/example_task_group.py took 0.664 seconds
[2022-06-26 12:50:31,798] {processor.py:153} INFO - Started process (PID=1749) to work on /home/airflow/.local/lib/python3.7/site-packages/airflow/example_dags/example_task_group.py
[2022-06-26 12:50:31,799] {processor.py:641} INFO - Processing file /home/airflow/.local/lib/python3.7/site-packages/airflow/example_dags/example_task_group.py for tasks to queue
[2022-06-26 12:50:31,800] {logging_mixin.py:115} INFO - [2022-06-26 12:50:31,800] {dagbag.py:507} INFO - Filling up the DagBag from /home/airflow/.local/lib/python3.7/site-packages/airflow/example_dags/example_task_group.py
[2022-06-26 12:50:31,808] {processor.py:651} INFO - DAG(s) dict_keys(['example_task_group']) retrieved from /home/airflow/.local/lib/python3.7/site-packages/airflow/example_dags/example_task_group.py
[2022-06-26 12:50:31,843] {logging_mixin.py:115} INFO - [2022-06-26 12:50:31,843] {dag.py:2379} INFO - Sync 1 DAGs
[2022-06-26 12:50:32,032] {logging_mixin.py:115} INFO - [2022-06-26 12:50:32,032] {dag.py:2931} INFO - Setting next_dagrun for example_task_group to 2022-06-25T12:50:32.032109+00:00, run_after=2022-06-26T12:50:32.032109+00:00
[2022-06-26 12:50:32,044] {processor.py:161} INFO - Processing /home/airflow/.local/lib/python3.7/site-packages/airflow/example_dags/example_task_group.py took 0.251 seconds
[2022-06-26 12:51:02,390] {processor.py:153} INFO - Started process (PID=1801) to work on /home/airflow/.local/lib/python3.7/site-packages/airflow/example_dags/example_task_group.py
[2022-06-26 12:51:02,392] {processor.py:641} INFO - Processing file /home/airflow/.local/lib/python3.7/site-packages/airflow/example_dags/example_task_group.py for tasks to queue
[2022-06-26 12:51:02,393] {logging_mixin.py:115} INFO - [2022-06-26 12:51:02,393] {dagbag.py:507} INFO - Filling up the DagBag from /home/airflow/.local/lib/python3.7/site-packages/airflow/example_dags/example_task_group.py
[2022-06-26 12:51:02,405] {processor.py:651} INFO - DAG(s) dict_keys(['example_task_group']) retrieved from /home/airflow/.local/lib/python3.7/site-packages/airflow/example_dags/example_task_group.py
[2022-06-26 12:51:02,459] {logging_mixin.py:115} INFO - [2022-06-26 12:51:02,459] {dag.py:2379} INFO - Sync 1 DAGs
[2022-06-26 12:51:02,714] {logging_mixin.py:115} INFO - [2022-06-26 12:51:02,714] {dag.py:2931} INFO - Setting next_dagrun for example_task_group to 2022-06-25T12:51:02.713854+00:00, run_after=2022-06-26T12:51:02.713854+00:00
[2022-06-26 12:51:02,731] {processor.py:161} INFO - Processing /home/airflow/.local/lib/python3.7/site-packages/airflow/example_dags/example_task_group.py took 0.347 seconds
[2022-06-26 12:51:34,425] {processor.py:153} INFO - Started process (PID=1859) to work on /home/airflow/.local/lib/python3.7/site-packages/airflow/example_dags/example_task_group.py
[2022-06-26 12:51:34,439] {processor.py:641} INFO - Processing file /home/airflow/.local/lib/python3.7/site-packages/airflow/example_dags/example_task_group.py for tasks to queue
[2022-06-26 12:51:34,440] {logging_mixin.py:115} INFO - [2022-06-26 12:51:34,439] {dagbag.py:507} INFO - Filling up the DagBag from /home/airflow/.local/lib/python3.7/site-packages/airflow/example_dags/example_task_group.py
[2022-06-26 12:51:34,484] {processor.py:651} INFO - DAG(s) dict_keys(['example_task_group']) retrieved from /home/airflow/.local/lib/python3.7/site-packages/airflow/example_dags/example_task_group.py
[2022-06-26 12:51:34,768] {logging_mixin.py:115} INFO - [2022-06-26 12:51:34,768] {dag.py:2379} INFO - Sync 1 DAGs
[2022-06-26 12:51:35,566] {logging_mixin.py:115} INFO - [2022-06-26 12:51:35,565] {dag.py:2931} INFO - Setting next_dagrun for example_task_group to 2022-06-25T12:51:35.565630+00:00, run_after=2022-06-26T12:51:35.565630+00:00
[2022-06-26 12:51:35,625] {processor.py:161} INFO - Processing /home/airflow/.local/lib/python3.7/site-packages/airflow/example_dags/example_task_group.py took 1.216 seconds
[2022-06-26 12:52:05,734] {processor.py:153} INFO - Started process (PID=1912) to work on /home/airflow/.local/lib/python3.7/site-packages/airflow/example_dags/example_task_group.py
[2022-06-26 12:52:05,734] {processor.py:641} INFO - Processing file /home/airflow/.local/lib/python3.7/site-packages/airflow/example_dags/example_task_group.py for tasks to queue
[2022-06-26 12:52:05,735] {logging_mixin.py:115} INFO - [2022-06-26 12:52:05,735] {dagbag.py:507} INFO - Filling up the DagBag from /home/airflow/.local/lib/python3.7/site-packages/airflow/example_dags/example_task_group.py
[2022-06-26 12:52:05,743] {processor.py:651} INFO - DAG(s) dict_keys(['example_task_group']) retrieved from /home/airflow/.local/lib/python3.7/site-packages/airflow/example_dags/example_task_group.py
[2022-06-26 12:52:05,777] {logging_mixin.py:115} INFO - [2022-06-26 12:52:05,777] {dag.py:2379} INFO - Sync 1 DAGs
[2022-06-26 12:52:05,999] {logging_mixin.py:115} INFO - [2022-06-26 12:52:05,999] {dag.py:2931} INFO - Setting next_dagrun for example_task_group to 2022-06-25T12:52:05.998784+00:00, run_after=2022-06-26T12:52:05.998784+00:00
[2022-06-26 12:52:06,018] {processor.py:161} INFO - Processing /home/airflow/.local/lib/python3.7/site-packages/airflow/example_dags/example_task_group.py took 0.289 seconds
[2022-06-26 12:52:36,246] {processor.py:153} INFO - Started process (PID=1965) to work on /home/airflow/.local/lib/python3.7/site-packages/airflow/example_dags/example_task_group.py
[2022-06-26 12:52:36,289] {processor.py:641} INFO - Processing file /home/airflow/.local/lib/python3.7/site-packages/airflow/example_dags/example_task_group.py for tasks to queue
[2022-06-26 12:52:36,290] {logging_mixin.py:115} INFO - [2022-06-26 12:52:36,290] {dagbag.py:507} INFO - Filling up the DagBag from /home/airflow/.local/lib/python3.7/site-packages/airflow/example_dags/example_task_group.py
[2022-06-26 12:52:36,353] {processor.py:651} INFO - DAG(s) dict_keys(['example_task_group']) retrieved from /home/airflow/.local/lib/python3.7/site-packages/airflow/example_dags/example_task_group.py
[2022-06-26 12:52:36,447] {logging_mixin.py:115} INFO - [2022-06-26 12:52:36,447] {dag.py:2379} INFO - Sync 1 DAGs
[2022-06-26 12:52:36,779] {logging_mixin.py:115} INFO - [2022-06-26 12:52:36,779] {dag.py:2931} INFO - Setting next_dagrun for example_task_group to 2022-06-25T12:52:36.778861+00:00, run_after=2022-06-26T12:52:36.778861+00:00
[2022-06-26 12:52:36,798] {processor.py:161} INFO - Processing /home/airflow/.local/lib/python3.7/site-packages/airflow/example_dags/example_task_group.py took 0.564 seconds
[2022-06-26 12:53:07,295] {processor.py:153} INFO - Started process (PID=2024) to work on /home/airflow/.local/lib/python3.7/site-packages/airflow/example_dags/example_task_group.py
[2022-06-26 12:53:07,301] {processor.py:641} INFO - Processing file /home/airflow/.local/lib/python3.7/site-packages/airflow/example_dags/example_task_group.py for tasks to queue
[2022-06-26 12:53:07,306] {logging_mixin.py:115} INFO - [2022-06-26 12:53:07,306] {dagbag.py:507} INFO - Filling up the DagBag from /home/airflow/.local/lib/python3.7/site-packages/airflow/example_dags/example_task_group.py
[2022-06-26 12:53:07,342] {processor.py:651} INFO - DAG(s) dict_keys(['example_task_group']) retrieved from /home/airflow/.local/lib/python3.7/site-packages/airflow/example_dags/example_task_group.py
[2022-06-26 12:53:07,488] {logging_mixin.py:115} INFO - [2022-06-26 12:53:07,488] {dag.py:2379} INFO - Sync 1 DAGs
[2022-06-26 12:53:08,235] {logging_mixin.py:115} INFO - [2022-06-26 12:53:08,233] {dag.py:2931} INFO - Setting next_dagrun for example_task_group to 2022-06-25T12:53:08.233171+00:00, run_after=2022-06-26T12:53:08.233171+00:00
[2022-06-26 12:53:08,289] {processor.py:161} INFO - Processing /home/airflow/.local/lib/python3.7/site-packages/airflow/example_dags/example_task_group.py took 1.013 seconds
[2022-06-26 13:27:07,795] {processor.py:153} INFO - Started process (PID=68) to work on /home/airflow/.local/lib/python3.7/site-packages/airflow/example_dags/example_task_group.py
[2022-06-26 13:27:07,813] {processor.py:641} INFO - Processing file /home/airflow/.local/lib/python3.7/site-packages/airflow/example_dags/example_task_group.py for tasks to queue
[2022-06-26 13:27:07,837] {logging_mixin.py:115} INFO - [2022-06-26 13:27:07,837] {dagbag.py:507} INFO - Filling up the DagBag from /home/airflow/.local/lib/python3.7/site-packages/airflow/example_dags/example_task_group.py
[2022-06-26 13:27:07,938] {processor.py:651} INFO - DAG(s) dict_keys(['example_task_group']) retrieved from /home/airflow/.local/lib/python3.7/site-packages/airflow/example_dags/example_task_group.py
[2022-06-26 13:27:08,137] {logging_mixin.py:115} INFO - [2022-06-26 13:27:08,137] {dag.py:2379} INFO - Sync 1 DAGs
[2022-06-26 13:27:09,476] {logging_mixin.py:115} INFO - [2022-06-26 13:27:09,476] {dag.py:2931} INFO - Setting next_dagrun for example_task_group to 2022-06-25T13:27:09.476455+00:00, run_after=2022-06-26T13:27:09.476455+00:00
[2022-06-26 13:27:09,556] {processor.py:161} INFO - Processing /home/airflow/.local/lib/python3.7/site-packages/airflow/example_dags/example_task_group.py took 1.778 seconds
[2022-06-26 13:27:40,467] {processor.py:153} INFO - Started process (PID=121) to work on /home/airflow/.local/lib/python3.7/site-packages/airflow/example_dags/example_task_group.py
[2022-06-26 13:27:40,474] {processor.py:641} INFO - Processing file /home/airflow/.local/lib/python3.7/site-packages/airflow/example_dags/example_task_group.py for tasks to queue
[2022-06-26 13:27:40,475] {logging_mixin.py:115} INFO - [2022-06-26 13:27:40,475] {dagbag.py:507} INFO - Filling up the DagBag from /home/airflow/.local/lib/python3.7/site-packages/airflow/example_dags/example_task_group.py
[2022-06-26 13:27:40,531] {processor.py:651} INFO - DAG(s) dict_keys(['example_task_group']) retrieved from /home/airflow/.local/lib/python3.7/site-packages/airflow/example_dags/example_task_group.py
[2022-06-26 13:27:40,635] {logging_mixin.py:115} INFO - [2022-06-26 13:27:40,635] {dag.py:2379} INFO - Sync 1 DAGs
[2022-06-26 13:27:40,969] {logging_mixin.py:115} INFO - [2022-06-26 13:27:40,969] {dag.py:2931} INFO - Setting next_dagrun for example_task_group to 2022-06-25T13:27:40.969290+00:00, run_after=2022-06-26T13:27:40.969290+00:00
[2022-06-26 13:27:41,014] {processor.py:161} INFO - Processing /home/airflow/.local/lib/python3.7/site-packages/airflow/example_dags/example_task_group.py took 0.568 seconds
[2022-06-26 13:28:11,595] {processor.py:153} INFO - Started process (PID=173) to work on /home/airflow/.local/lib/python3.7/site-packages/airflow/example_dags/example_task_group.py
[2022-06-26 13:28:11,598] {processor.py:641} INFO - Processing file /home/airflow/.local/lib/python3.7/site-packages/airflow/example_dags/example_task_group.py for tasks to queue
[2022-06-26 13:28:11,599] {logging_mixin.py:115} INFO - [2022-06-26 13:28:11,599] {dagbag.py:507} INFO - Filling up the DagBag from /home/airflow/.local/lib/python3.7/site-packages/airflow/example_dags/example_task_group.py
[2022-06-26 13:28:11,609] {processor.py:651} INFO - DAG(s) dict_keys(['example_task_group']) retrieved from /home/airflow/.local/lib/python3.7/site-packages/airflow/example_dags/example_task_group.py
[2022-06-26 13:28:11,639] {logging_mixin.py:115} INFO - [2022-06-26 13:28:11,639] {dag.py:2379} INFO - Sync 1 DAGs
[2022-06-26 13:28:11,821] {logging_mixin.py:115} INFO - [2022-06-26 13:28:11,821] {dag.py:2931} INFO - Setting next_dagrun for example_task_group to 2022-06-25T13:28:11.821404+00:00, run_after=2022-06-26T13:28:11.821404+00:00
[2022-06-26 13:28:11,833] {processor.py:161} INFO - Processing /home/airflow/.local/lib/python3.7/site-packages/airflow/example_dags/example_task_group.py took 0.247 seconds
[2022-06-26 13:28:42,001] {processor.py:153} INFO - Started process (PID=225) to work on /home/airflow/.local/lib/python3.7/site-packages/airflow/example_dags/example_task_group.py
[2022-06-26 13:28:42,002] {processor.py:641} INFO - Processing file /home/airflow/.local/lib/python3.7/site-packages/airflow/example_dags/example_task_group.py for tasks to queue
[2022-06-26 13:28:42,003] {logging_mixin.py:115} INFO - [2022-06-26 13:28:42,003] {dagbag.py:507} INFO - Filling up the DagBag from /home/airflow/.local/lib/python3.7/site-packages/airflow/example_dags/example_task_group.py
[2022-06-26 13:28:42,017] {processor.py:651} INFO - DAG(s) dict_keys(['example_task_group']) retrieved from /home/airflow/.local/lib/python3.7/site-packages/airflow/example_dags/example_task_group.py
[2022-06-26 13:28:42,080] {logging_mixin.py:115} INFO - [2022-06-26 13:28:42,080] {dag.py:2379} INFO - Sync 1 DAGs
[2022-06-26 13:28:42,347] {logging_mixin.py:115} INFO - [2022-06-26 13:28:42,347] {dag.py:2931} INFO - Setting next_dagrun for example_task_group to 2022-06-25T13:28:42.347331+00:00, run_after=2022-06-26T13:28:42.347331+00:00
[2022-06-26 13:28:42,372] {processor.py:161} INFO - Processing /home/airflow/.local/lib/python3.7/site-packages/airflow/example_dags/example_task_group.py took 0.376 seconds
[2022-06-26 13:29:12,585] {processor.py:153} INFO - Started process (PID=277) to work on /home/airflow/.local/lib/python3.7/site-packages/airflow/example_dags/example_task_group.py
[2022-06-26 13:29:12,598] {processor.py:641} INFO - Processing file /home/airflow/.local/lib/python3.7/site-packages/airflow/example_dags/example_task_group.py for tasks to queue
[2022-06-26 13:29:12,599] {logging_mixin.py:115} INFO - [2022-06-26 13:29:12,599] {dagbag.py:507} INFO - Filling up the DagBag from /home/airflow/.local/lib/python3.7/site-packages/airflow/example_dags/example_task_group.py
[2022-06-26 13:29:12,623] {processor.py:651} INFO - DAG(s) dict_keys(['example_task_group']) retrieved from /home/airflow/.local/lib/python3.7/site-packages/airflow/example_dags/example_task_group.py
[2022-06-26 13:29:12,707] {logging_mixin.py:115} INFO - [2022-06-26 13:29:12,707] {dag.py:2379} INFO - Sync 1 DAGs
[2022-06-26 13:29:12,989] {logging_mixin.py:115} INFO - [2022-06-26 13:29:12,989] {dag.py:2931} INFO - Setting next_dagrun for example_task_group to 2022-06-25T13:29:12.989054+00:00, run_after=2022-06-26T13:29:12.989054+00:00
[2022-06-26 13:29:13,011] {processor.py:161} INFO - Processing /home/airflow/.local/lib/python3.7/site-packages/airflow/example_dags/example_task_group.py took 0.434 seconds
[2022-06-26 13:29:43,107] {processor.py:153} INFO - Started process (PID=329) to work on /home/airflow/.local/lib/python3.7/site-packages/airflow/example_dags/example_task_group.py
[2022-06-26 13:29:43,140] {processor.py:641} INFO - Processing file /home/airflow/.local/lib/python3.7/site-packages/airflow/example_dags/example_task_group.py for tasks to queue
[2022-06-26 13:29:43,142] {logging_mixin.py:115} INFO - [2022-06-26 13:29:43,141] {dagbag.py:507} INFO - Filling up the DagBag from /home/airflow/.local/lib/python3.7/site-packages/airflow/example_dags/example_task_group.py
[2022-06-26 13:29:43,172] {processor.py:651} INFO - DAG(s) dict_keys(['example_task_group']) retrieved from /home/airflow/.local/lib/python3.7/site-packages/airflow/example_dags/example_task_group.py
[2022-06-26 13:29:43,261] {logging_mixin.py:115} INFO - [2022-06-26 13:29:43,261] {dag.py:2379} INFO - Sync 1 DAGs
[2022-06-26 13:29:44,005] {logging_mixin.py:115} INFO - [2022-06-26 13:29:44,005] {dag.py:2931} INFO - Setting next_dagrun for example_task_group to 2022-06-25T13:29:44.005359+00:00, run_after=2022-06-26T13:29:44.005359+00:00
[2022-06-26 13:29:44,093] {processor.py:161} INFO - Processing /home/airflow/.local/lib/python3.7/site-packages/airflow/example_dags/example_task_group.py took 0.992 seconds
[2022-06-26 13:30:14,405] {processor.py:153} INFO - Started process (PID=390) to work on /home/airflow/.local/lib/python3.7/site-packages/airflow/example_dags/example_task_group.py
[2022-06-26 13:30:14,409] {processor.py:641} INFO - Processing file /home/airflow/.local/lib/python3.7/site-packages/airflow/example_dags/example_task_group.py for tasks to queue
[2022-06-26 13:30:14,410] {logging_mixin.py:115} INFO - [2022-06-26 13:30:14,409] {dagbag.py:507} INFO - Filling up the DagBag from /home/airflow/.local/lib/python3.7/site-packages/airflow/example_dags/example_task_group.py
[2022-06-26 13:30:14,424] {processor.py:651} INFO - DAG(s) dict_keys(['example_task_group']) retrieved from /home/airflow/.local/lib/python3.7/site-packages/airflow/example_dags/example_task_group.py
[2022-06-26 13:30:14,469] {logging_mixin.py:115} INFO - [2022-06-26 13:30:14,469] {dag.py:2379} INFO - Sync 1 DAGs
[2022-06-26 13:30:14,737] {logging_mixin.py:115} INFO - [2022-06-26 13:30:14,737] {dag.py:2931} INFO - Setting next_dagrun for example_task_group to 2022-06-25T13:30:14.736897+00:00, run_after=2022-06-26T13:30:14.736897+00:00
[2022-06-26 13:30:14,755] {processor.py:161} INFO - Processing /home/airflow/.local/lib/python3.7/site-packages/airflow/example_dags/example_task_group.py took 0.355 seconds
[2022-06-26 13:30:45,159] {processor.py:153} INFO - Started process (PID=442) to work on /home/airflow/.local/lib/python3.7/site-packages/airflow/example_dags/example_task_group.py
[2022-06-26 13:30:45,160] {processor.py:641} INFO - Processing file /home/airflow/.local/lib/python3.7/site-packages/airflow/example_dags/example_task_group.py for tasks to queue
[2022-06-26 13:30:45,161] {logging_mixin.py:115} INFO - [2022-06-26 13:30:45,161] {dagbag.py:507} INFO - Filling up the DagBag from /home/airflow/.local/lib/python3.7/site-packages/airflow/example_dags/example_task_group.py
[2022-06-26 13:30:45,177] {processor.py:651} INFO - DAG(s) dict_keys(['example_task_group']) retrieved from /home/airflow/.local/lib/python3.7/site-packages/airflow/example_dags/example_task_group.py
[2022-06-26 13:30:45,223] {logging_mixin.py:115} INFO - [2022-06-26 13:30:45,223] {dag.py:2379} INFO - Sync 1 DAGs
[2022-06-26 13:30:45,577] {logging_mixin.py:115} INFO - [2022-06-26 13:30:45,577] {dag.py:2931} INFO - Setting next_dagrun for example_task_group to 2022-06-25T13:30:45.577402+00:00, run_after=2022-06-26T13:30:45.577402+00:00
[2022-06-26 13:30:45,599] {processor.py:161} INFO - Processing /home/airflow/.local/lib/python3.7/site-packages/airflow/example_dags/example_task_group.py took 0.448 seconds
[2022-06-26 13:31:15,904] {processor.py:153} INFO - Started process (PID=503) to work on /home/airflow/.local/lib/python3.7/site-packages/airflow/example_dags/example_task_group.py
[2022-06-26 13:31:15,935] {processor.py:641} INFO - Processing file /home/airflow/.local/lib/python3.7/site-packages/airflow/example_dags/example_task_group.py for tasks to queue
[2022-06-26 13:31:15,936] {logging_mixin.py:115} INFO - [2022-06-26 13:31:15,936] {dagbag.py:507} INFO - Filling up the DagBag from /home/airflow/.local/lib/python3.7/site-packages/airflow/example_dags/example_task_group.py
[2022-06-26 13:31:15,972] {processor.py:651} INFO - DAG(s) dict_keys(['example_task_group']) retrieved from /home/airflow/.local/lib/python3.7/site-packages/airflow/example_dags/example_task_group.py
[2022-06-26 13:31:16,144] {logging_mixin.py:115} INFO - [2022-06-26 13:31:16,144] {dag.py:2379} INFO - Sync 1 DAGs
[2022-06-26 13:31:16,966] {logging_mixin.py:115} INFO - [2022-06-26 13:31:16,966] {dag.py:2931} INFO - Setting next_dagrun for example_task_group to 2022-06-25T13:31:16.966059+00:00, run_after=2022-06-26T13:31:16.966059+00:00
[2022-06-26 13:31:17,036] {processor.py:161} INFO - Processing /home/airflow/.local/lib/python3.7/site-packages/airflow/example_dags/example_task_group.py took 1.160 seconds
[2022-06-26 13:31:47,868] {processor.py:153} INFO - Started process (PID=556) to work on /home/airflow/.local/lib/python3.7/site-packages/airflow/example_dags/example_task_group.py
[2022-06-26 13:31:47,869] {processor.py:641} INFO - Processing file /home/airflow/.local/lib/python3.7/site-packages/airflow/example_dags/example_task_group.py for tasks to queue
[2022-06-26 13:31:47,869] {logging_mixin.py:115} INFO - [2022-06-26 13:31:47,869] {dagbag.py:507} INFO - Filling up the DagBag from /home/airflow/.local/lib/python3.7/site-packages/airflow/example_dags/example_task_group.py
[2022-06-26 13:31:47,878] {processor.py:651} INFO - DAG(s) dict_keys(['example_task_group']) retrieved from /home/airflow/.local/lib/python3.7/site-packages/airflow/example_dags/example_task_group.py
[2022-06-26 13:31:47,953] {logging_mixin.py:115} INFO - [2022-06-26 13:31:47,953] {dag.py:2379} INFO - Sync 1 DAGs
[2022-06-26 13:31:48,381] {logging_mixin.py:115} INFO - [2022-06-26 13:31:48,381] {dag.py:2931} INFO - Setting next_dagrun for example_task_group to 2022-06-25T13:31:48.380931+00:00, run_after=2022-06-26T13:31:48.380931+00:00
[2022-06-26 13:31:48,418] {processor.py:161} INFO - Processing /home/airflow/.local/lib/python3.7/site-packages/airflow/example_dags/example_task_group.py took 0.553 seconds
[2022-06-26 13:32:18,669] {processor.py:153} INFO - Started process (PID=608) to work on /home/airflow/.local/lib/python3.7/site-packages/airflow/example_dags/example_task_group.py
[2022-06-26 13:32:18,684] {processor.py:641} INFO - Processing file /home/airflow/.local/lib/python3.7/site-packages/airflow/example_dags/example_task_group.py for tasks to queue
[2022-06-26 13:32:18,685] {logging_mixin.py:115} INFO - [2022-06-26 13:32:18,685] {dagbag.py:507} INFO - Filling up the DagBag from /home/airflow/.local/lib/python3.7/site-packages/airflow/example_dags/example_task_group.py
[2022-06-26 13:32:18,715] {processor.py:651} INFO - DAG(s) dict_keys(['example_task_group']) retrieved from /home/airflow/.local/lib/python3.7/site-packages/airflow/example_dags/example_task_group.py
[2022-06-26 13:32:18,877] {logging_mixin.py:115} INFO - [2022-06-26 13:32:18,877] {dag.py:2379} INFO - Sync 1 DAGs
[2022-06-26 13:32:19,577] {logging_mixin.py:115} INFO - [2022-06-26 13:32:19,577] {dag.py:2931} INFO - Setting next_dagrun for example_task_group to 2022-06-25T13:32:19.577397+00:00, run_after=2022-06-26T13:32:19.577397+00:00
[2022-06-26 13:32:19,645] {processor.py:161} INFO - Processing /home/airflow/.local/lib/python3.7/site-packages/airflow/example_dags/example_task_group.py took 0.994 seconds
[2022-06-26 13:32:49,951] {processor.py:153} INFO - Started process (PID=670) to work on /home/airflow/.local/lib/python3.7/site-packages/airflow/example_dags/example_task_group.py
[2022-06-26 13:32:49,953] {processor.py:641} INFO - Processing file /home/airflow/.local/lib/python3.7/site-packages/airflow/example_dags/example_task_group.py for tasks to queue
[2022-06-26 13:32:49,954] {logging_mixin.py:115} INFO - [2022-06-26 13:32:49,954] {dagbag.py:507} INFO - Filling up the DagBag from /home/airflow/.local/lib/python3.7/site-packages/airflow/example_dags/example_task_group.py
[2022-06-26 13:32:49,968] {processor.py:651} INFO - DAG(s) dict_keys(['example_task_group']) retrieved from /home/airflow/.local/lib/python3.7/site-packages/airflow/example_dags/example_task_group.py
[2022-06-26 13:32:50,041] {logging_mixin.py:115} INFO - [2022-06-26 13:32:50,041] {dag.py:2379} INFO - Sync 1 DAGs
[2022-06-26 13:32:50,554] {logging_mixin.py:115} INFO - [2022-06-26 13:32:50,553] {dag.py:2931} INFO - Setting next_dagrun for example_task_group to 2022-06-25T13:32:50.553566+00:00, run_after=2022-06-26T13:32:50.553566+00:00
[2022-06-26 13:32:50,594] {processor.py:161} INFO - Processing /home/airflow/.local/lib/python3.7/site-packages/airflow/example_dags/example_task_group.py took 0.650 seconds
[2022-06-26 13:33:21,267] {processor.py:153} INFO - Started process (PID=732) to work on /home/airflow/.local/lib/python3.7/site-packages/airflow/example_dags/example_task_group.py
[2022-06-26 13:33:21,280] {processor.py:641} INFO - Processing file /home/airflow/.local/lib/python3.7/site-packages/airflow/example_dags/example_task_group.py for tasks to queue
[2022-06-26 13:33:21,297] {logging_mixin.py:115} INFO - [2022-06-26 13:33:21,296] {dagbag.py:507} INFO - Filling up the DagBag from /home/airflow/.local/lib/python3.7/site-packages/airflow/example_dags/example_task_group.py
[2022-06-26 13:33:21,316] {processor.py:651} INFO - DAG(s) dict_keys(['example_task_group']) retrieved from /home/airflow/.local/lib/python3.7/site-packages/airflow/example_dags/example_task_group.py
[2022-06-26 13:33:21,376] {logging_mixin.py:115} INFO - [2022-06-26 13:33:21,376] {dag.py:2379} INFO - Sync 1 DAGs
[2022-06-26 13:33:21,791] {logging_mixin.py:115} INFO - [2022-06-26 13:33:21,791] {dag.py:2931} INFO - Setting next_dagrun for example_task_group to 2022-06-25T13:33:21.791088+00:00, run_after=2022-06-26T13:33:21.791088+00:00
[2022-06-26 13:33:21,817] {processor.py:161} INFO - Processing /home/airflow/.local/lib/python3.7/site-packages/airflow/example_dags/example_task_group.py took 0.568 seconds
[2022-06-26 13:33:52,512] {processor.py:153} INFO - Started process (PID=785) to work on /home/airflow/.local/lib/python3.7/site-packages/airflow/example_dags/example_task_group.py
[2022-06-26 13:33:52,514] {processor.py:641} INFO - Processing file /home/airflow/.local/lib/python3.7/site-packages/airflow/example_dags/example_task_group.py for tasks to queue
[2022-06-26 13:33:52,515] {logging_mixin.py:115} INFO - [2022-06-26 13:33:52,514] {dagbag.py:507} INFO - Filling up the DagBag from /home/airflow/.local/lib/python3.7/site-packages/airflow/example_dags/example_task_group.py
[2022-06-26 13:33:52,530] {processor.py:651} INFO - DAG(s) dict_keys(['example_task_group']) retrieved from /home/airflow/.local/lib/python3.7/site-packages/airflow/example_dags/example_task_group.py
[2022-06-26 13:33:52,593] {logging_mixin.py:115} INFO - [2022-06-26 13:33:52,593] {dag.py:2379} INFO - Sync 1 DAGs
[2022-06-26 13:33:52,934] {logging_mixin.py:115} INFO - [2022-06-26 13:33:52,934] {dag.py:2931} INFO - Setting next_dagrun for example_task_group to 2022-06-25T13:33:52.934176+00:00, run_after=2022-06-26T13:33:52.934176+00:00
[2022-06-26 13:33:52,951] {processor.py:161} INFO - Processing /home/airflow/.local/lib/python3.7/site-packages/airflow/example_dags/example_task_group.py took 0.446 seconds
[2022-06-26 13:34:23,333] {processor.py:153} INFO - Started process (PID=844) to work on /home/airflow/.local/lib/python3.7/site-packages/airflow/example_dags/example_task_group.py
[2022-06-26 13:34:23,333] {processor.py:641} INFO - Processing file /home/airflow/.local/lib/python3.7/site-packages/airflow/example_dags/example_task_group.py for tasks to queue
[2022-06-26 13:34:23,334] {logging_mixin.py:115} INFO - [2022-06-26 13:34:23,334] {dagbag.py:507} INFO - Filling up the DagBag from /home/airflow/.local/lib/python3.7/site-packages/airflow/example_dags/example_task_group.py
[2022-06-26 13:34:23,359] {processor.py:651} INFO - DAG(s) dict_keys(['example_task_group']) retrieved from /home/airflow/.local/lib/python3.7/site-packages/airflow/example_dags/example_task_group.py
[2022-06-26 13:34:23,480] {logging_mixin.py:115} INFO - [2022-06-26 13:34:23,480] {dag.py:2379} INFO - Sync 1 DAGs
[2022-06-26 13:34:23,982] {logging_mixin.py:115} INFO - [2022-06-26 13:34:23,982] {dag.py:2931} INFO - Setting next_dagrun for example_task_group to 2022-06-25T13:34:23.982284+00:00, run_after=2022-06-26T13:34:23.982284+00:00
[2022-06-26 13:34:24,014] {processor.py:161} INFO - Processing /home/airflow/.local/lib/python3.7/site-packages/airflow/example_dags/example_task_group.py took 0.696 seconds
[2022-06-26 13:34:54,656] {processor.py:153} INFO - Started process (PID=899) to work on /home/airflow/.local/lib/python3.7/site-packages/airflow/example_dags/example_task_group.py
[2022-06-26 13:34:54,658] {processor.py:641} INFO - Processing file /home/airflow/.local/lib/python3.7/site-packages/airflow/example_dags/example_task_group.py for tasks to queue
[2022-06-26 13:34:54,659] {logging_mixin.py:115} INFO - [2022-06-26 13:34:54,659] {dagbag.py:507} INFO - Filling up the DagBag from /home/airflow/.local/lib/python3.7/site-packages/airflow/example_dags/example_task_group.py
[2022-06-26 13:34:54,675] {processor.py:651} INFO - DAG(s) dict_keys(['example_task_group']) retrieved from /home/airflow/.local/lib/python3.7/site-packages/airflow/example_dags/example_task_group.py
[2022-06-26 13:34:54,720] {logging_mixin.py:115} INFO - [2022-06-26 13:34:54,719] {dag.py:2379} INFO - Sync 1 DAGs
[2022-06-26 13:34:54,978] {logging_mixin.py:115} INFO - [2022-06-26 13:34:54,978] {dag.py:2931} INFO - Setting next_dagrun for example_task_group to 2022-06-25T13:34:54.977937+00:00, run_after=2022-06-26T13:34:54.977937+00:00
[2022-06-26 13:34:54,996] {processor.py:161} INFO - Processing /home/airflow/.local/lib/python3.7/site-packages/airflow/example_dags/example_task_group.py took 0.345 seconds
[2022-06-26 13:35:25,259] {processor.py:153} INFO - Started process (PID=952) to work on /home/airflow/.local/lib/python3.7/site-packages/airflow/example_dags/example_task_group.py
[2022-06-26 13:35:25,260] {processor.py:641} INFO - Processing file /home/airflow/.local/lib/python3.7/site-packages/airflow/example_dags/example_task_group.py for tasks to queue
[2022-06-26 13:35:25,261] {logging_mixin.py:115} INFO - [2022-06-26 13:35:25,261] {dagbag.py:507} INFO - Filling up the DagBag from /home/airflow/.local/lib/python3.7/site-packages/airflow/example_dags/example_task_group.py
[2022-06-26 13:35:25,292] {processor.py:651} INFO - DAG(s) dict_keys(['example_task_group']) retrieved from /home/airflow/.local/lib/python3.7/site-packages/airflow/example_dags/example_task_group.py
[2022-06-26 13:35:25,373] {logging_mixin.py:115} INFO - [2022-06-26 13:35:25,373] {dag.py:2379} INFO - Sync 1 DAGs
[2022-06-26 13:35:25,994] {logging_mixin.py:115} INFO - [2022-06-26 13:35:25,993] {dag.py:2931} INFO - Setting next_dagrun for example_task_group to 2022-06-25T13:35:25.993495+00:00, run_after=2022-06-26T13:35:25.993495+00:00
[2022-06-26 13:35:26,046] {processor.py:161} INFO - Processing /home/airflow/.local/lib/python3.7/site-packages/airflow/example_dags/example_task_group.py took 0.804 seconds
[2022-06-26 13:35:56,669] {processor.py:153} INFO - Started process (PID=1014) to work on /home/airflow/.local/lib/python3.7/site-packages/airflow/example_dags/example_task_group.py
[2022-06-26 13:35:56,671] {processor.py:641} INFO - Processing file /home/airflow/.local/lib/python3.7/site-packages/airflow/example_dags/example_task_group.py for tasks to queue
[2022-06-26 13:35:56,672] {logging_mixin.py:115} INFO - [2022-06-26 13:35:56,672] {dagbag.py:507} INFO - Filling up the DagBag from /home/airflow/.local/lib/python3.7/site-packages/airflow/example_dags/example_task_group.py
[2022-06-26 13:35:56,686] {processor.py:651} INFO - DAG(s) dict_keys(['example_task_group']) retrieved from /home/airflow/.local/lib/python3.7/site-packages/airflow/example_dags/example_task_group.py
[2022-06-26 13:35:56,730] {logging_mixin.py:115} INFO - [2022-06-26 13:35:56,730] {dag.py:2379} INFO - Sync 1 DAGs
[2022-06-26 13:35:56,994] {logging_mixin.py:115} INFO - [2022-06-26 13:35:56,994] {dag.py:2931} INFO - Setting next_dagrun for example_task_group to 2022-06-25T13:35:56.994283+00:00, run_after=2022-06-26T13:35:56.994283+00:00
[2022-06-26 13:35:57,014] {processor.py:161} INFO - Processing /home/airflow/.local/lib/python3.7/site-packages/airflow/example_dags/example_task_group.py took 0.350 seconds
[2022-06-26 13:36:27,176] {processor.py:153} INFO - Started process (PID=1067) to work on /home/airflow/.local/lib/python3.7/site-packages/airflow/example_dags/example_task_group.py
[2022-06-26 13:36:27,186] {processor.py:641} INFO - Processing file /home/airflow/.local/lib/python3.7/site-packages/airflow/example_dags/example_task_group.py for tasks to queue
[2022-06-26 13:36:27,187] {logging_mixin.py:115} INFO - [2022-06-26 13:36:27,187] {dagbag.py:507} INFO - Filling up the DagBag from /home/airflow/.local/lib/python3.7/site-packages/airflow/example_dags/example_task_group.py
[2022-06-26 13:36:27,230] {processor.py:651} INFO - DAG(s) dict_keys(['example_task_group']) retrieved from /home/airflow/.local/lib/python3.7/site-packages/airflow/example_dags/example_task_group.py
[2022-06-26 13:36:27,339] {logging_mixin.py:115} INFO - [2022-06-26 13:36:27,339] {dag.py:2379} INFO - Sync 1 DAGs
[2022-06-26 13:36:28,132] {logging_mixin.py:115} INFO - [2022-06-26 13:36:28,132] {dag.py:2931} INFO - Setting next_dagrun for example_task_group to 2022-06-25T13:36:28.132173+00:00, run_after=2022-06-26T13:36:28.132173+00:00
[2022-06-26 13:36:28,186] {processor.py:161} INFO - Processing /home/airflow/.local/lib/python3.7/site-packages/airflow/example_dags/example_task_group.py took 1.016 seconds
[2022-06-26 13:36:58,274] {processor.py:153} INFO - Started process (PID=1130) to work on /home/airflow/.local/lib/python3.7/site-packages/airflow/example_dags/example_task_group.py
[2022-06-26 13:36:58,276] {processor.py:641} INFO - Processing file /home/airflow/.local/lib/python3.7/site-packages/airflow/example_dags/example_task_group.py for tasks to queue
[2022-06-26 13:36:58,276] {logging_mixin.py:115} INFO - [2022-06-26 13:36:58,276] {dagbag.py:507} INFO - Filling up the DagBag from /home/airflow/.local/lib/python3.7/site-packages/airflow/example_dags/example_task_group.py
[2022-06-26 13:36:58,289] {processor.py:651} INFO - DAG(s) dict_keys(['example_task_group']) retrieved from /home/airflow/.local/lib/python3.7/site-packages/airflow/example_dags/example_task_group.py
[2022-06-26 13:36:58,333] {logging_mixin.py:115} INFO - [2022-06-26 13:36:58,332] {dag.py:2379} INFO - Sync 1 DAGs
[2022-06-26 13:36:58,613] {logging_mixin.py:115} INFO - [2022-06-26 13:36:58,613] {dag.py:2931} INFO - Setting next_dagrun for example_task_group to 2022-06-25T13:36:58.613115+00:00, run_after=2022-06-26T13:36:58.613115+00:00
[2022-06-26 13:36:58,632] {processor.py:161} INFO - Processing /home/airflow/.local/lib/python3.7/site-packages/airflow/example_dags/example_task_group.py took 0.363 seconds
[2022-06-26 13:37:28,876] {processor.py:153} INFO - Started process (PID=1183) to work on /home/airflow/.local/lib/python3.7/site-packages/airflow/example_dags/example_task_group.py
[2022-06-26 13:37:28,893] {processor.py:641} INFO - Processing file /home/airflow/.local/lib/python3.7/site-packages/airflow/example_dags/example_task_group.py for tasks to queue
[2022-06-26 13:37:28,894] {logging_mixin.py:115} INFO - [2022-06-26 13:37:28,894] {dagbag.py:507} INFO - Filling up the DagBag from /home/airflow/.local/lib/python3.7/site-packages/airflow/example_dags/example_task_group.py
[2022-06-26 13:37:28,942] {processor.py:651} INFO - DAG(s) dict_keys(['example_task_group']) retrieved from /home/airflow/.local/lib/python3.7/site-packages/airflow/example_dags/example_task_group.py
[2022-06-26 13:37:29,031] {logging_mixin.py:115} INFO - [2022-06-26 13:37:29,031] {dag.py:2379} INFO - Sync 1 DAGs
[2022-06-26 13:37:29,684] {logging_mixin.py:115} INFO - [2022-06-26 13:37:29,683] {dag.py:2931} INFO - Setting next_dagrun for example_task_group to 2022-06-25T13:37:29.683605+00:00, run_after=2022-06-26T13:37:29.683605+00:00
[2022-06-26 13:37:29,746] {processor.py:161} INFO - Processing /home/airflow/.local/lib/python3.7/site-packages/airflow/example_dags/example_task_group.py took 0.875 seconds
[2022-06-26 13:38:00,196] {processor.py:153} INFO - Started process (PID=1245) to work on /home/airflow/.local/lib/python3.7/site-packages/airflow/example_dags/example_task_group.py
[2022-06-26 13:38:00,200] {processor.py:641} INFO - Processing file /home/airflow/.local/lib/python3.7/site-packages/airflow/example_dags/example_task_group.py for tasks to queue
[2022-06-26 13:38:00,201] {logging_mixin.py:115} INFO - [2022-06-26 13:38:00,201] {dagbag.py:507} INFO - Filling up the DagBag from /home/airflow/.local/lib/python3.7/site-packages/airflow/example_dags/example_task_group.py
[2022-06-26 13:38:00,215] {processor.py:651} INFO - DAG(s) dict_keys(['example_task_group']) retrieved from /home/airflow/.local/lib/python3.7/site-packages/airflow/example_dags/example_task_group.py
[2022-06-26 13:38:00,266] {logging_mixin.py:115} INFO - [2022-06-26 13:38:00,266] {dag.py:2379} INFO - Sync 1 DAGs
[2022-06-26 13:38:00,520] {logging_mixin.py:115} INFO - [2022-06-26 13:38:00,520] {dag.py:2931} INFO - Setting next_dagrun for example_task_group to 2022-06-25T13:38:00.520430+00:00, run_after=2022-06-26T13:38:00.520430+00:00
[2022-06-26 13:38:00,541] {processor.py:161} INFO - Processing /home/airflow/.local/lib/python3.7/site-packages/airflow/example_dags/example_task_group.py took 0.351 seconds
[2022-06-26 13:38:31,414] {processor.py:153} INFO - Started process (PID=1298) to work on /home/airflow/.local/lib/python3.7/site-packages/airflow/example_dags/example_task_group.py
[2022-06-26 13:38:31,415] {processor.py:641} INFO - Processing file /home/airflow/.local/lib/python3.7/site-packages/airflow/example_dags/example_task_group.py for tasks to queue
[2022-06-26 13:38:31,416] {logging_mixin.py:115} INFO - [2022-06-26 13:38:31,416] {dagbag.py:507} INFO - Filling up the DagBag from /home/airflow/.local/lib/python3.7/site-packages/airflow/example_dags/example_task_group.py
[2022-06-26 13:38:31,435] {processor.py:651} INFO - DAG(s) dict_keys(['example_task_group']) retrieved from /home/airflow/.local/lib/python3.7/site-packages/airflow/example_dags/example_task_group.py
[2022-06-26 13:38:31,581] {logging_mixin.py:115} INFO - [2022-06-26 13:38:31,581] {dag.py:2379} INFO - Sync 1 DAGs
[2022-06-26 13:38:32,376] {logging_mixin.py:115} INFO - [2022-06-26 13:38:32,376] {dag.py:2931} INFO - Setting next_dagrun for example_task_group to 2022-06-25T13:38:32.375624+00:00, run_after=2022-06-26T13:38:32.375624+00:00
[2022-06-26 13:38:32,414] {processor.py:161} INFO - Processing /home/airflow/.local/lib/python3.7/site-packages/airflow/example_dags/example_task_group.py took 1.043 seconds
[2022-06-26 13:39:02,874] {processor.py:153} INFO - Started process (PID=1360) to work on /home/airflow/.local/lib/python3.7/site-packages/airflow/example_dags/example_task_group.py
[2022-06-26 13:39:02,877] {processor.py:641} INFO - Processing file /home/airflow/.local/lib/python3.7/site-packages/airflow/example_dags/example_task_group.py for tasks to queue
[2022-06-26 13:39:02,878] {logging_mixin.py:115} INFO - [2022-06-26 13:39:02,878] {dagbag.py:507} INFO - Filling up the DagBag from /home/airflow/.local/lib/python3.7/site-packages/airflow/example_dags/example_task_group.py
[2022-06-26 13:39:02,894] {processor.py:651} INFO - DAG(s) dict_keys(['example_task_group']) retrieved from /home/airflow/.local/lib/python3.7/site-packages/airflow/example_dags/example_task_group.py
[2022-06-26 13:39:02,945] {logging_mixin.py:115} INFO - [2022-06-26 13:39:02,945] {dag.py:2379} INFO - Sync 1 DAGs
[2022-06-26 13:39:03,201] {logging_mixin.py:115} INFO - [2022-06-26 13:39:03,201] {dag.py:2931} INFO - Setting next_dagrun for example_task_group to 2022-06-25T13:39:03.200654+00:00, run_after=2022-06-26T13:39:03.200654+00:00
[2022-06-26 13:39:03,227] {processor.py:161} INFO - Processing /home/airflow/.local/lib/python3.7/site-packages/airflow/example_dags/example_task_group.py took 0.358 seconds
[2022-06-26 13:39:33,577] {processor.py:153} INFO - Started process (PID=1418) to work on /home/airflow/.local/lib/python3.7/site-packages/airflow/example_dags/example_task_group.py
[2022-06-26 13:39:33,578] {processor.py:641} INFO - Processing file /home/airflow/.local/lib/python3.7/site-packages/airflow/example_dags/example_task_group.py for tasks to queue
[2022-06-26 13:39:33,578] {logging_mixin.py:115} INFO - [2022-06-26 13:39:33,578] {dagbag.py:507} INFO - Filling up the DagBag from /home/airflow/.local/lib/python3.7/site-packages/airflow/example_dags/example_task_group.py
[2022-06-26 13:39:33,618] {processor.py:651} INFO - DAG(s) dict_keys(['example_task_group']) retrieved from /home/airflow/.local/lib/python3.7/site-packages/airflow/example_dags/example_task_group.py
[2022-06-26 13:39:33,871] {logging_mixin.py:115} INFO - [2022-06-26 13:39:33,871] {dag.py:2379} INFO - Sync 1 DAGs
[2022-06-26 13:39:34,566] {logging_mixin.py:115} INFO - [2022-06-26 13:39:34,566] {dag.py:2931} INFO - Setting next_dagrun for example_task_group to 2022-06-25T13:39:34.566109+00:00, run_after=2022-06-26T13:39:34.566109+00:00
[2022-06-26 13:39:34,623] {processor.py:161} INFO - Processing /home/airflow/.local/lib/python3.7/site-packages/airflow/example_dags/example_task_group.py took 1.072 seconds
[2022-06-26 13:40:05,112] {processor.py:153} INFO - Started process (PID=1473) to work on /home/airflow/.local/lib/python3.7/site-packages/airflow/example_dags/example_task_group.py
[2022-06-26 13:40:05,114] {processor.py:641} INFO - Processing file /home/airflow/.local/lib/python3.7/site-packages/airflow/example_dags/example_task_group.py for tasks to queue
[2022-06-26 13:40:05,114] {logging_mixin.py:115} INFO - [2022-06-26 13:40:05,114] {dagbag.py:507} INFO - Filling up the DagBag from /home/airflow/.local/lib/python3.7/site-packages/airflow/example_dags/example_task_group.py
[2022-06-26 13:40:05,128] {processor.py:651} INFO - DAG(s) dict_keys(['example_task_group']) retrieved from /home/airflow/.local/lib/python3.7/site-packages/airflow/example_dags/example_task_group.py
[2022-06-26 13:40:05,181] {logging_mixin.py:115} INFO - [2022-06-26 13:40:05,180] {dag.py:2379} INFO - Sync 1 DAGs
[2022-06-26 13:40:05,480] {logging_mixin.py:115} INFO - [2022-06-26 13:40:05,480] {dag.py:2931} INFO - Setting next_dagrun for example_task_group to 2022-06-25T13:40:05.480411+00:00, run_after=2022-06-26T13:40:05.480411+00:00
[2022-06-26 13:40:05,497] {processor.py:161} INFO - Processing /home/airflow/.local/lib/python3.7/site-packages/airflow/example_dags/example_task_group.py took 0.390 seconds
[2022-06-26 13:40:36,270] {processor.py:153} INFO - Started process (PID=1526) to work on /home/airflow/.local/lib/python3.7/site-packages/airflow/example_dags/example_task_group.py
[2022-06-26 13:40:36,279] {processor.py:641} INFO - Processing file /home/airflow/.local/lib/python3.7/site-packages/airflow/example_dags/example_task_group.py for tasks to queue
[2022-06-26 13:40:36,280] {logging_mixin.py:115} INFO - [2022-06-26 13:40:36,280] {dagbag.py:507} INFO - Filling up the DagBag from /home/airflow/.local/lib/python3.7/site-packages/airflow/example_dags/example_task_group.py
[2022-06-26 13:40:36,299] {processor.py:651} INFO - DAG(s) dict_keys(['example_task_group']) retrieved from /home/airflow/.local/lib/python3.7/site-packages/airflow/example_dags/example_task_group.py
[2022-06-26 13:40:36,350] {logging_mixin.py:115} INFO - [2022-06-26 13:40:36,350] {dag.py:2379} INFO - Sync 1 DAGs
[2022-06-26 13:40:36,598] {logging_mixin.py:115} INFO - [2022-06-26 13:40:36,598] {dag.py:2931} INFO - Setting next_dagrun for example_task_group to 2022-06-25T13:40:36.597812+00:00, run_after=2022-06-26T13:40:36.597812+00:00
[2022-06-26 13:40:36,616] {processor.py:161} INFO - Processing /home/airflow/.local/lib/python3.7/site-packages/airflow/example_dags/example_task_group.py took 0.352 seconds
[2022-06-26 13:41:06,938] {processor.py:153} INFO - Started process (PID=1579) to work on /home/airflow/.local/lib/python3.7/site-packages/airflow/example_dags/example_task_group.py
[2022-06-26 13:41:06,939] {processor.py:641} INFO - Processing file /home/airflow/.local/lib/python3.7/site-packages/airflow/example_dags/example_task_group.py for tasks to queue
[2022-06-26 13:41:06,940] {logging_mixin.py:115} INFO - [2022-06-26 13:41:06,940] {dagbag.py:507} INFO - Filling up the DagBag from /home/airflow/.local/lib/python3.7/site-packages/airflow/example_dags/example_task_group.py
[2022-06-26 13:41:06,954] {processor.py:651} INFO - DAG(s) dict_keys(['example_task_group']) retrieved from /home/airflow/.local/lib/python3.7/site-packages/airflow/example_dags/example_task_group.py
[2022-06-26 13:41:07,007] {logging_mixin.py:115} INFO - [2022-06-26 13:41:07,007] {dag.py:2379} INFO - Sync 1 DAGs
[2022-06-26 13:41:07,278] {logging_mixin.py:115} INFO - [2022-06-26 13:41:07,278] {dag.py:2931} INFO - Setting next_dagrun for example_task_group to 2022-06-25T13:41:07.278292+00:00, run_after=2022-06-26T13:41:07.278292+00:00
[2022-06-26 13:41:07,296] {processor.py:161} INFO - Processing /home/airflow/.local/lib/python3.7/site-packages/airflow/example_dags/example_task_group.py took 0.364 seconds
[2022-06-26 13:41:37,745] {processor.py:153} INFO - Started process (PID=1641) to work on /home/airflow/.local/lib/python3.7/site-packages/airflow/example_dags/example_task_group.py
[2022-06-26 13:41:37,766] {processor.py:641} INFO - Processing file /home/airflow/.local/lib/python3.7/site-packages/airflow/example_dags/example_task_group.py for tasks to queue
[2022-06-26 13:41:37,767] {logging_mixin.py:115} INFO - [2022-06-26 13:41:37,766] {dagbag.py:507} INFO - Filling up the DagBag from /home/airflow/.local/lib/python3.7/site-packages/airflow/example_dags/example_task_group.py
[2022-06-26 13:41:37,809] {processor.py:651} INFO - DAG(s) dict_keys(['example_task_group']) retrieved from /home/airflow/.local/lib/python3.7/site-packages/airflow/example_dags/example_task_group.py
[2022-06-26 13:41:37,952] {logging_mixin.py:115} INFO - [2022-06-26 13:41:37,940] {dag.py:2379} INFO - Sync 1 DAGs
[2022-06-26 13:41:38,743] {logging_mixin.py:115} INFO - [2022-06-26 13:41:38,743] {dag.py:2931} INFO - Setting next_dagrun for example_task_group to 2022-06-25T13:41:38.743316+00:00, run_after=2022-06-26T13:41:38.743316+00:00
[2022-06-26 13:41:38,788] {processor.py:161} INFO - Processing /home/airflow/.local/lib/python3.7/site-packages/airflow/example_dags/example_task_group.py took 1.059 seconds
[2022-06-26 13:42:09,053] {processor.py:153} INFO - Started process (PID=1694) to work on /home/airflow/.local/lib/python3.7/site-packages/airflow/example_dags/example_task_group.py
[2022-06-26 13:42:09,054] {processor.py:641} INFO - Processing file /home/airflow/.local/lib/python3.7/site-packages/airflow/example_dags/example_task_group.py for tasks to queue
[2022-06-26 13:42:09,055] {logging_mixin.py:115} INFO - [2022-06-26 13:42:09,055] {dagbag.py:507} INFO - Filling up the DagBag from /home/airflow/.local/lib/python3.7/site-packages/airflow/example_dags/example_task_group.py
[2022-06-26 13:42:09,070] {processor.py:651} INFO - DAG(s) dict_keys(['example_task_group']) retrieved from /home/airflow/.local/lib/python3.7/site-packages/airflow/example_dags/example_task_group.py
[2022-06-26 13:42:09,117] {logging_mixin.py:115} INFO - [2022-06-26 13:42:09,117] {dag.py:2379} INFO - Sync 1 DAGs
[2022-06-26 13:42:09,597] {logging_mixin.py:115} INFO - [2022-06-26 13:42:09,597] {dag.py:2931} INFO - Setting next_dagrun for example_task_group to 2022-06-25T13:42:09.597019+00:00, run_after=2022-06-26T13:42:09.597019+00:00
[2022-06-26 13:42:09,654] {processor.py:161} INFO - Processing /home/airflow/.local/lib/python3.7/site-packages/airflow/example_dags/example_task_group.py took 0.608 seconds
[2022-06-26 13:42:39,744] {processor.py:153} INFO - Started process (PID=1746) to work on /home/airflow/.local/lib/python3.7/site-packages/airflow/example_dags/example_task_group.py
[2022-06-26 13:42:39,745] {processor.py:641} INFO - Processing file /home/airflow/.local/lib/python3.7/site-packages/airflow/example_dags/example_task_group.py for tasks to queue
[2022-06-26 13:42:39,746] {logging_mixin.py:115} INFO - [2022-06-26 13:42:39,746] {dagbag.py:507} INFO - Filling up the DagBag from /home/airflow/.local/lib/python3.7/site-packages/airflow/example_dags/example_task_group.py
[2022-06-26 13:42:39,761] {processor.py:651} INFO - DAG(s) dict_keys(['example_task_group']) retrieved from /home/airflow/.local/lib/python3.7/site-packages/airflow/example_dags/example_task_group.py
[2022-06-26 13:42:39,817] {logging_mixin.py:115} INFO - [2022-06-26 13:42:39,816] {dag.py:2379} INFO - Sync 1 DAGs
[2022-06-26 13:42:40,086] {logging_mixin.py:115} INFO - [2022-06-26 13:42:40,086] {dag.py:2931} INFO - Setting next_dagrun for example_task_group to 2022-06-25T13:42:40.086195+00:00, run_after=2022-06-26T13:42:40.086195+00:00
[2022-06-26 13:42:40,115] {processor.py:161} INFO - Processing /home/airflow/.local/lib/python3.7/site-packages/airflow/example_dags/example_task_group.py took 0.379 seconds
[2022-06-26 13:43:10,695] {processor.py:153} INFO - Started process (PID=1809) to work on /home/airflow/.local/lib/python3.7/site-packages/airflow/example_dags/example_task_group.py
[2022-06-26 13:43:10,710] {processor.py:641} INFO - Processing file /home/airflow/.local/lib/python3.7/site-packages/airflow/example_dags/example_task_group.py for tasks to queue
[2022-06-26 13:43:10,711] {logging_mixin.py:115} INFO - [2022-06-26 13:43:10,711] {dagbag.py:507} INFO - Filling up the DagBag from /home/airflow/.local/lib/python3.7/site-packages/airflow/example_dags/example_task_group.py
[2022-06-26 13:43:10,736] {processor.py:651} INFO - DAG(s) dict_keys(['example_task_group']) retrieved from /home/airflow/.local/lib/python3.7/site-packages/airflow/example_dags/example_task_group.py
[2022-06-26 13:43:10,873] {logging_mixin.py:115} INFO - [2022-06-26 13:43:10,873] {dag.py:2379} INFO - Sync 1 DAGs
[2022-06-26 13:43:11,945] {logging_mixin.py:115} INFO - [2022-06-26 13:43:11,945] {dag.py:2931} INFO - Setting next_dagrun for example_task_group to 2022-06-25T13:43:11.945361+00:00, run_after=2022-06-26T13:43:11.945361+00:00
[2022-06-26 13:43:12,112] {processor.py:161} INFO - Processing /home/airflow/.local/lib/python3.7/site-packages/airflow/example_dags/example_task_group.py took 1.452 seconds
