[2022-09-05 10:47:22,828] {taskinstance.py:1179} INFO - Dependencies all met for <TaskInstance: preprocessing_data.generate_data scheduled__2022-09-05T10:37:19.181654+00:00 [queued]>
[2022-09-05 10:47:22,833] {taskinstance.py:1179} INFO - Dependencies all met for <TaskInstance: preprocessing_data.generate_data scheduled__2022-09-05T10:37:19.181654+00:00 [queued]>
[2022-09-05 10:47:22,834] {taskinstance.py:1376} INFO - 
--------------------------------------------------------------------------------
[2022-09-05 10:47:22,834] {taskinstance.py:1377} INFO - Starting attempt 1 of 2
[2022-09-05 10:47:22,834] {taskinstance.py:1378} INFO - 
--------------------------------------------------------------------------------
[2022-09-05 10:47:22,851] {taskinstance.py:1397} INFO - Executing <Task(PythonOperator): generate_data> on 2022-09-05 10:37:19.181654+00:00
[2022-09-05 10:47:22,854] {standard_task_runner.py:52} INFO - Started process 12104 to run task
[2022-09-05 10:47:22,860] {standard_task_runner.py:79} INFO - Running: ['airflow', 'tasks', 'run', 'preprocessing_data', 'generate_data', 'scheduled__2022-09-05T10:37:19.181654+00:00', '--job-id', '101', '--raw', '--subdir', 'DAGS_FOLDER/model_dag.py', '--cfg-path', '/tmp/tmpiql4v3ap', '--error-file', '/tmp/tmppi_5a307']
[2022-09-05 10:47:22,860] {standard_task_runner.py:80} INFO - Job 101: Subtask generate_data
[2022-09-05 10:47:22,925] {task_command.py:371} INFO - Running <TaskInstance: preprocessing_data.generate_data scheduled__2022-09-05T10:37:19.181654+00:00 [running]> on host rc1b-dataproc-m-xzxwmqcudfo0foh0.mdb.yandexcloud.net
[2022-09-05 10:47:22,989] {taskinstance.py:1589} INFO - Exporting the following env vars:
AIRFLOW_CTX_DAG_EMAIL=airflow@example.com
AIRFLOW_CTX_DAG_OWNER=airflow
AIRFLOW_CTX_DAG_ID=preprocessing_data
AIRFLOW_CTX_TASK_ID=generate_data
AIRFLOW_CTX_EXECUTION_DATE=2022-09-05T10:37:19.181654+00:00
AIRFLOW_CTX_TRY_NUMBER=1
AIRFLOW_CTX_DAG_RUN_ID=scheduled__2022-09-05T10:37:19.181654+00:00
[2022-09-05 10:47:22,991] {taskinstance.py:1909} ERROR - Task failed with exception
Traceback (most recent call last):
  File "/home/ubuntu/.local/lib/python3.8/site-packages/airflow/operators/python.py", line 171, in execute
    return_value = self.execute_callable()
  File "/home/ubuntu/.local/lib/python3.8/site-packages/airflow/operators/python.py", line 189, in execute_callable
    return self.python_callable(*self.op_args, **self.op_kwargs)
  File "/home/ubuntu/fraud-detection-ml/utils/script_generation.py", line 374, in generate_data
    i = int(sys.argv[1])
ValueError: invalid literal for int() with base 10: 'tasks'
[2022-09-05 10:47:22,995] {taskinstance.py:1415} INFO - Marking task as UP_FOR_RETRY. dag_id=preprocessing_data, task_id=generate_data, execution_date=20220905T103719, start_date=20220905T104722, end_date=20220905T104722
[2022-09-05 10:47:23,011] {standard_task_runner.py:92} ERROR - Failed to execute job 101 for task generate_data (invalid literal for int() with base 10: 'tasks'; 12104)
[2022-09-05 10:47:23,030] {local_task_job.py:156} INFO - Task exited with return code 1
[2022-09-05 10:47:23,050] {local_task_job.py:273} INFO - 0 downstream tasks scheduled from follow-on schedule check
