[2022-09-15 15:56:11,309] {taskinstance.py:1179} INFO - Dependencies all met for <TaskInstance: preprocessing_data.clean_data scheduled__2022-09-15T15:43:27.007011+00:00 [queued]>
[2022-09-15 15:56:11,313] {taskinstance.py:1179} INFO - Dependencies all met for <TaskInstance: preprocessing_data.clean_data scheduled__2022-09-15T15:43:27.007011+00:00 [queued]>
[2022-09-15 15:56:11,313] {taskinstance.py:1376} INFO - 
--------------------------------------------------------------------------------
[2022-09-15 15:56:11,313] {taskinstance.py:1377} INFO - Starting attempt 1 of 2
[2022-09-15 15:56:11,314] {taskinstance.py:1378} INFO - 
--------------------------------------------------------------------------------
[2022-09-15 15:56:11,327] {taskinstance.py:1397} INFO - Executing <Task(PythonOperator): clean_data> on 2022-09-15 15:43:27.007011+00:00
[2022-09-15 15:56:11,336] {standard_task_runner.py:52} INFO - Started process 53236 to run task
[2022-09-15 15:56:11,339] {standard_task_runner.py:79} INFO - Running: ['airflow', 'tasks', 'run', 'preprocessing_data', 'clean_data', 'scheduled__2022-09-15T15:43:27.007011+00:00', '--job-id', '276', '--raw', '--subdir', 'DAGS_FOLDER/model_dag.py', '--cfg-path', '/tmp/tmpau1h5kry', '--error-file', '/tmp/tmpsqpics7y']
[2022-09-15 15:56:11,340] {standard_task_runner.py:80} INFO - Job 276: Subtask clean_data
[2022-09-15 15:56:11,383] {task_command.py:371} INFO - Running <TaskInstance: preprocessing_data.clean_data scheduled__2022-09-15T15:43:27.007011+00:00 [running]> on host rc1b-dataproc-m-xzxwmqcudfo0foh0.mdb.yandexcloud.net
[2022-09-15 15:56:11,428] {taskinstance.py:1589} INFO - Exporting the following env vars:
AIRFLOW_CTX_DAG_EMAIL=airflow@example.com
AIRFLOW_CTX_DAG_OWNER=airflow
AIRFLOW_CTX_DAG_ID=preprocessing_data
AIRFLOW_CTX_TASK_ID=clean_data
AIRFLOW_CTX_EXECUTION_DATE=2022-09-15T15:43:27.007011+00:00
AIRFLOW_CTX_TRY_NUMBER=1
AIRFLOW_CTX_DAG_RUN_ID=scheduled__2022-09-15T15:43:27.007011+00:00
[2022-09-15 15:57:36,002] {credentials.py:1094} INFO - Found credentials in environment variables.
[2022-09-15 15:57:37,085] {python.py:173} INFO - Done. Returned value was: None
[2022-09-15 15:57:37,093] {taskinstance.py:1415} INFO - Marking task as SUCCESS. dag_id=preprocessing_data, task_id=clean_data, execution_date=20220915T154327, start_date=20220915T155611, end_date=20220915T155737
[2022-09-15 15:57:37,131] {local_task_job.py:156} INFO - Task exited with return code 0
[2022-09-15 15:57:37,157] {local_task_job.py:273} INFO - 1 downstream tasks scheduled from follow-on schedule check
