[2022-07-05 13:30:53,651] {taskinstance.py:1159} INFO - Dependencies all met for <TaskInstance: fraud_generation.generate_transaction scheduled__2022-07-05T13:25:38.280452+00:00 [queued]>
[2022-07-05 13:30:53,692] {taskinstance.py:1159} INFO - Dependencies all met for <TaskInstance: fraud_generation.generate_transaction scheduled__2022-07-05T13:25:38.280452+00:00 [queued]>
[2022-07-05 13:30:53,693] {taskinstance.py:1356} INFO - 
--------------------------------------------------------------------------------
[2022-07-05 13:30:53,693] {taskinstance.py:1357} INFO - Starting attempt 1 of 2
[2022-07-05 13:30:53,697] {taskinstance.py:1358} INFO - 
--------------------------------------------------------------------------------
[2022-07-05 13:30:53,759] {taskinstance.py:1377} INFO - Executing <Task(BashOperator): generate_transaction> on 2022-07-05 13:25:38.280452+00:00
[2022-07-05 13:30:53,768] {standard_task_runner.py:52} INFO - Started process 116 to run task
[2022-07-05 13:30:53,777] {standard_task_runner.py:79} INFO - Running: ['***', 'tasks', 'run', 'fraud_generation', 'generate_transaction', 'scheduled__2022-07-05T13:25:38.280452+00:00', '--job-id', '201', '--raw', '--subdir', 'DAGS_FOLDER/fraud_generation_dag.py', '--cfg-path', '/tmp/tmp38t82cj6', '--error-file', '/tmp/tmp7rc9nrev']
[2022-07-05 13:30:53,782] {standard_task_runner.py:80} INFO - Job 201: Subtask generate_transaction
[2022-07-05 13:30:53,955] {task_command.py:370} INFO - Running <TaskInstance: fraud_generation.generate_transaction scheduled__2022-07-05T13:25:38.280452+00:00 [running]> on host 8d20ba717985
[2022-07-05 13:30:54,255] {taskinstance.py:1571} INFO - Exporting the following env vars:
AIRFLOW_CTX_DAG_EMAIL=***@example.com
AIRFLOW_CTX_DAG_OWNER=***
AIRFLOW_CTX_DAG_ID=fraud_generation
AIRFLOW_CTX_TASK_ID=generate_transaction
AIRFLOW_CTX_EXECUTION_DATE=2022-07-05T13:25:38.280452+00:00
AIRFLOW_CTX_TRY_NUMBER=1
AIRFLOW_CTX_DAG_RUN_ID=scheduled__2022-07-05T13:25:38.280452+00:00
[2022-07-05 13:30:54,257] {subprocess.py:62} INFO - Tmp dir root location: 
 /tmp
[2022-07-05 13:30:54,258] {subprocess.py:74} INFO - Running command: ['bash', '-c', 'python3 /opt/***/dags/script_generation.py 19546']
[2022-07-05 13:30:54,277] {subprocess.py:85} INFO - Output:
[2022-07-05 13:30:56,595] {subprocess.py:92} INFO - /tmp/***tmpjs6j82al
[2022-07-05 13:30:56,724] {subprocess.py:96} INFO - Command exited with return code 0
[2022-07-05 13:30:56,794] {taskinstance.py:1400} INFO - Marking task as SUCCESS. dag_id=fraud_generation, task_id=generate_transaction, execution_date=20220705T132538, start_date=20220705T133053, end_date=20220705T133056
[2022-07-05 13:30:56,877] {local_task_job.py:156} INFO - Task exited with return code 0
[2022-07-05 13:30:56,949] {local_task_job.py:273} INFO - 0 downstream tasks scheduled from follow-on schedule check
