[2022-09-17 08:33:32,122] {taskinstance.py:1179} INFO - Dependencies all met for <TaskInstance: preprocessing_data.combine_data scheduled__2022-09-17T08:21:23.129180+00:00 [queued]>
[2022-09-17 08:33:32,128] {taskinstance.py:1179} INFO - Dependencies all met for <TaskInstance: preprocessing_data.combine_data scheduled__2022-09-17T08:21:23.129180+00:00 [queued]>
[2022-09-17 08:33:32,128] {taskinstance.py:1376} INFO - 
--------------------------------------------------------------------------------
[2022-09-17 08:33:32,128] {taskinstance.py:1377} INFO - Starting attempt 1 of 2
[2022-09-17 08:33:32,128] {taskinstance.py:1378} INFO - 
--------------------------------------------------------------------------------
[2022-09-17 08:33:32,147] {taskinstance.py:1397} INFO - Executing <Task(PythonOperator): combine_data> on 2022-09-17 08:21:23.129180+00:00
[2022-09-17 08:33:32,152] {standard_task_runner.py:52} INFO - Started process 8404 to run task
[2022-09-17 08:33:32,157] {standard_task_runner.py:79} INFO - Running: ['airflow', 'tasks', 'run', 'preprocessing_data', 'combine_data', 'scheduled__2022-09-17T08:21:23.129180+00:00', '--job-id', '398', '--raw', '--subdir', 'DAGS_FOLDER/model_dag.py', '--cfg-path', '/tmp/tmphp_yo79e', '--error-file', '/tmp/tmpfws5s5g0']
[2022-09-17 08:33:32,158] {standard_task_runner.py:80} INFO - Job 398: Subtask combine_data
[2022-09-17 08:33:32,226] {task_command.py:371} INFO - Running <TaskInstance: preprocessing_data.combine_data scheduled__2022-09-17T08:21:23.129180+00:00 [running]> on host rc1b-dataproc-m-xzxwmqcudfo0foh0.mdb.yandexcloud.net
[2022-09-17 08:33:32,287] {taskinstance.py:1589} INFO - Exporting the following env vars:
AIRFLOW_CTX_DAG_EMAIL=airflow@example.com
AIRFLOW_CTX_DAG_OWNER=airflow
AIRFLOW_CTX_DAG_ID=preprocessing_data
AIRFLOW_CTX_TASK_ID=combine_data
AIRFLOW_CTX_EXECUTION_DATE=2022-09-17T08:21:23.129180+00:00
AIRFLOW_CTX_TRY_NUMBER=1
AIRFLOW_CTX_DAG_RUN_ID=scheduled__2022-09-17T08:21:23.129180+00:00
[2022-09-17 08:33:32,289] {client.py:192} INFO - Instantiated <Client(url='http://rc1b-dataproc-m-xzxwmqcudfo0foh0.mdb.yandexcloud.net:9870')>.
[2022-09-17 08:33:52,626] {client.py:305} INFO - Fetching content summary for '/user/airflow/input_files'.
[2022-09-17 08:34:18,751] {python.py:173} INFO - Done. Returned value was: None
[2022-09-17 08:34:18,762] {taskinstance.py:1415} INFO - Marking task as SUCCESS. dag_id=preprocessing_data, task_id=combine_data, execution_date=20220917T082123, start_date=20220917T083332, end_date=20220917T083418
[2022-09-17 08:34:18,822] {local_task_job.py:156} INFO - Task exited with return code 0
[2022-09-17 08:34:18,858] {local_task_job.py:273} INFO - 1 downstream tasks scheduled from follow-on schedule check
