[2022-09-17 09:18:28,070] {taskinstance.py:1179} INFO - Dependencies all met for <TaskInstance: preprocessing_data.fit_model scheduled__2022-09-17T08:57:03.953810+00:00 [queued]>
[2022-09-17 09:18:28,080] {taskinstance.py:1179} INFO - Dependencies all met for <TaskInstance: preprocessing_data.fit_model scheduled__2022-09-17T08:57:03.953810+00:00 [queued]>
[2022-09-17 09:18:28,080] {taskinstance.py:1376} INFO - 
--------------------------------------------------------------------------------
[2022-09-17 09:18:28,080] {taskinstance.py:1377} INFO - Starting attempt 1 of 2
[2022-09-17 09:18:28,080] {taskinstance.py:1378} INFO - 
--------------------------------------------------------------------------------
[2022-09-17 09:18:28,104] {taskinstance.py:1397} INFO - Executing <Task(PythonOperator): fit_model> on 2022-09-17 08:57:03.953810+00:00
[2022-09-17 09:18:28,113] {standard_task_runner.py:52} INFO - Started process 25473 to run task
[2022-09-17 09:18:28,118] {standard_task_runner.py:79} INFO - Running: ['airflow', 'tasks', 'run', 'preprocessing_data', 'fit_model', 'scheduled__2022-09-17T08:57:03.953810+00:00', '--job-id', '417', '--raw', '--subdir', 'DAGS_FOLDER/model_dag.py', '--cfg-path', '/tmp/tmpij1gkl84', '--error-file', '/tmp/tmpi689xr16']
[2022-09-17 09:18:28,118] {standard_task_runner.py:80} INFO - Job 417: Subtask fit_model
[2022-09-17 09:18:28,192] {task_command.py:371} INFO - Running <TaskInstance: preprocessing_data.fit_model scheduled__2022-09-17T08:57:03.953810+00:00 [running]> on host rc1b-dataproc-m-xzxwmqcudfo0foh0.mdb.yandexcloud.net
[2022-09-17 09:18:28,270] {taskinstance.py:1589} INFO - Exporting the following env vars:
AIRFLOW_CTX_DAG_EMAIL=airflow@example.com
AIRFLOW_CTX_DAG_OWNER=airflow
AIRFLOW_CTX_DAG_ID=preprocessing_data
AIRFLOW_CTX_TASK_ID=fit_model
AIRFLOW_CTX_EXECUTION_DATE=2022-09-17T08:57:03.953810+00:00
AIRFLOW_CTX_TRY_NUMBER=1
AIRFLOW_CTX_DAG_RUN_ID=scheduled__2022-09-17T08:57:03.953810+00:00
[2022-09-17 09:18:28,272] {train_model.py:38} INFO - GOT INTO TRAIN FUNCTION
[2022-09-17 09:18:28,284] {train_model.py:43} INFO - Data path: /user/airflow/processed_files/slice_of_86_96.parquet
[2022-09-17 09:36:26,696] {logging_mixin.py:115} WARNING - 2022/09/17 09:36:26 WARNING mlflow.pyspark.ml: Model inputs contain unsupported Spark data types: [StructField(featuresFinal,VectorUDT,true)]. Model signature is not logged.
[2022-09-17 09:36:49,868] {credentials.py:1094} INFO - Found credentials in environment variables.
[2022-09-17 09:37:04,691] {train_model.py:72} INFO - Accuracy SCORE: 0.6534035308960261
[2022-09-17 09:37:04,758] {python.py:173} INFO - Done. Returned value was: None
[2022-09-17 09:37:04,774] {taskinstance.py:1415} INFO - Marking task as SUCCESS. dag_id=preprocessing_data, task_id=fit_model, execution_date=20220917T085703, start_date=20220917T091828, end_date=20220917T093704
[2022-09-17 09:37:04,824] {local_task_job.py:156} INFO - Task exited with return code 0
[2022-09-17 09:37:04,865] {local_task_job.py:273} INFO - 1 downstream tasks scheduled from follow-on schedule check
