[2022-09-05 16:02:11,825] {taskinstance.py:1179} INFO - Dependencies all met for <TaskInstance: preprocessing_data.fit_model scheduled__2022-09-05T15:35:40.901593+00:00 [queued]>
[2022-09-05 16:02:11,831] {taskinstance.py:1179} INFO - Dependencies all met for <TaskInstance: preprocessing_data.fit_model scheduled__2022-09-05T15:35:40.901593+00:00 [queued]>
[2022-09-05 16:02:11,831] {taskinstance.py:1376} INFO - 
--------------------------------------------------------------------------------
[2022-09-05 16:02:11,831] {taskinstance.py:1377} INFO - Starting attempt 1 of 2
[2022-09-05 16:02:11,831] {taskinstance.py:1378} INFO - 
--------------------------------------------------------------------------------
[2022-09-05 16:02:11,850] {taskinstance.py:1397} INFO - Executing <Task(PythonOperator): fit_model> on 2022-09-05 15:35:40.901593+00:00
[2022-09-05 16:02:11,856] {standard_task_runner.py:52} INFO - Started process 50350 to run task
[2022-09-05 16:02:11,860] {standard_task_runner.py:79} INFO - Running: ['airflow', 'tasks', 'run', 'preprocessing_data', 'fit_model', 'scheduled__2022-09-05T15:35:40.901593+00:00', '--job-id', '154', '--raw', '--subdir', 'DAGS_FOLDER/model_dag.py', '--cfg-path', '/tmp/tmp0codruip', '--error-file', '/tmp/tmpbyyzjvfj']
[2022-09-05 16:02:11,860] {standard_task_runner.py:80} INFO - Job 154: Subtask fit_model
[2022-09-05 16:02:11,906] {task_command.py:371} INFO - Running <TaskInstance: preprocessing_data.fit_model scheduled__2022-09-05T15:35:40.901593+00:00 [running]> on host rc1b-dataproc-m-xzxwmqcudfo0foh0.mdb.yandexcloud.net
[2022-09-05 16:02:11,957] {taskinstance.py:1589} INFO - Exporting the following env vars:
AIRFLOW_CTX_DAG_EMAIL=airflow@example.com
AIRFLOW_CTX_DAG_OWNER=airflow
AIRFLOW_CTX_DAG_ID=preprocessing_data
AIRFLOW_CTX_TASK_ID=fit_model
AIRFLOW_CTX_EXECUTION_DATE=2022-09-05T15:35:40.901593+00:00
AIRFLOW_CTX_TRY_NUMBER=1
AIRFLOW_CTX_DAG_RUN_ID=scheduled__2022-09-05T15:35:40.901593+00:00
[2022-09-05 16:02:11,958] {train_model.py:37} INFO - GOT INTO TRAIN FUNCTION
[2022-09-05 16:02:11,963] {train_model.py:41} INFO - Data path: /user/airflow/processed_files/partition_52.parquet
[2022-09-05 16:02:59,024] {logging_mixin.py:115} WARNING - 2022/09/05 16:02:59 WARNING mlflow.pyspark.ml: Model inputs contain unsupported Spark data types: [StructField(featuresFinal,VectorUDT,true)]. Model signature is not logged.
[2022-09-05 16:03:15,106] {credentials.py:1094} INFO - Found credentials in environment variables.
[2022-09-05 16:03:26,839] {train_model.py:70} INFO - Accuracy SCORE: 0.5
[2022-09-05 16:03:26,877] {python.py:173} INFO - Done. Returned value was: None
[2022-09-05 16:03:26,886] {taskinstance.py:1415} INFO - Marking task as SUCCESS. dag_id=preprocessing_data, task_id=fit_model, execution_date=20220905T153540, start_date=20220905T160211, end_date=20220905T160326
[2022-09-05 16:03:26,942] {local_task_job.py:156} INFO - Task exited with return code 0
[2022-09-05 16:03:26,952] {local_task_job.py:273} INFO - 0 downstream tasks scheduled from follow-on schedule check
