[2022-09-16 14:08:53,605] {taskinstance.py:1179} INFO - Dependencies all met for <TaskInstance: preprocessing_data.clean_data scheduled__2022-09-16T13:57:43.942501+00:00 [queued]>
[2022-09-16 14:08:53,610] {taskinstance.py:1179} INFO - Dependencies all met for <TaskInstance: preprocessing_data.clean_data scheduled__2022-09-16T13:57:43.942501+00:00 [queued]>
[2022-09-16 14:08:53,610] {taskinstance.py:1376} INFO - 
--------------------------------------------------------------------------------
[2022-09-16 14:08:53,610] {taskinstance.py:1377} INFO - Starting attempt 1 of 2
[2022-09-16 14:08:53,610] {taskinstance.py:1378} INFO - 
--------------------------------------------------------------------------------
[2022-09-16 14:08:53,625] {taskinstance.py:1397} INFO - Executing <Task(PythonOperator): clean_data> on 2022-09-16 13:57:43.942501+00:00
[2022-09-16 14:08:53,631] {standard_task_runner.py:52} INFO - Started process 87260 to run task
[2022-09-16 14:08:53,636] {standard_task_runner.py:79} INFO - Running: ['airflow', 'tasks', 'run', 'preprocessing_data', 'clean_data', 'scheduled__2022-09-16T13:57:43.942501+00:00', '--job-id', '381', '--raw', '--subdir', 'DAGS_FOLDER/model_dag.py', '--cfg-path', '/tmp/tmp9eanls_d', '--error-file', '/tmp/tmpzo497msc']
[2022-09-16 14:08:53,636] {standard_task_runner.py:80} INFO - Job 381: Subtask clean_data
[2022-09-16 14:08:53,688] {task_command.py:371} INFO - Running <TaskInstance: preprocessing_data.clean_data scheduled__2022-09-16T13:57:43.942501+00:00 [running]> on host rc1b-dataproc-m-xzxwmqcudfo0foh0.mdb.yandexcloud.net
[2022-09-16 14:08:53,740] {taskinstance.py:1589} INFO - Exporting the following env vars:
AIRFLOW_CTX_DAG_EMAIL=airflow@example.com
AIRFLOW_CTX_DAG_OWNER=airflow
AIRFLOW_CTX_DAG_ID=preprocessing_data
AIRFLOW_CTX_TASK_ID=clean_data
AIRFLOW_CTX_EXECUTION_DATE=2022-09-16T13:57:43.942501+00:00
AIRFLOW_CTX_TRY_NUMBER=1
AIRFLOW_CTX_DAG_RUN_ID=scheduled__2022-09-16T13:57:43.942501+00:00
[2022-09-16 14:10:15,659] {credentials.py:1094} INFO - Found credentials in environment variables.
[2022-09-16 14:10:16,870] {python.py:173} INFO - Done. Returned value was: None
[2022-09-16 14:10:16,880] {taskinstance.py:1415} INFO - Marking task as SUCCESS. dag_id=preprocessing_data, task_id=clean_data, execution_date=20220916T135743, start_date=20220916T140853, end_date=20220916T141016
[2022-09-16 14:10:16,939] {local_task_job.py:156} INFO - Task exited with return code 0
[2022-09-16 14:10:16,979] {local_task_job.py:273} INFO - 1 downstream tasks scheduled from follow-on schedule check
