[2022-09-16 12:59:15,479] {taskinstance.py:1179} INFO - Dependencies all met for <TaskInstance: preprocessing_data.clean_data scheduled__2022-09-16T12:47:33.899439+00:00 [queued]>
[2022-09-16 12:59:15,484] {taskinstance.py:1179} INFO - Dependencies all met for <TaskInstance: preprocessing_data.clean_data scheduled__2022-09-16T12:47:33.899439+00:00 [queued]>
[2022-09-16 12:59:15,485] {taskinstance.py:1376} INFO - 
--------------------------------------------------------------------------------
[2022-09-16 12:59:15,485] {taskinstance.py:1377} INFO - Starting attempt 1 of 2
[2022-09-16 12:59:15,485] {taskinstance.py:1378} INFO - 
--------------------------------------------------------------------------------
[2022-09-16 12:59:15,501] {taskinstance.py:1397} INFO - Executing <Task(PythonOperator): clean_data> on 2022-09-16 12:47:33.899439+00:00
[2022-09-16 12:59:15,506] {standard_task_runner.py:52} INFO - Started process 43211 to run task
[2022-09-16 12:59:15,510] {standard_task_runner.py:79} INFO - Running: ['airflow', 'tasks', 'run', 'preprocessing_data', 'clean_data', 'scheduled__2022-09-16T12:47:33.899439+00:00', '--job-id', '343', '--raw', '--subdir', 'DAGS_FOLDER/model_dag.py', '--cfg-path', '/tmp/tmpy7ta_rrq', '--error-file', '/tmp/tmp8kzp5lwl']
[2022-09-16 12:59:15,510] {standard_task_runner.py:80} INFO - Job 343: Subtask clean_data
[2022-09-16 12:59:15,559] {task_command.py:371} INFO - Running <TaskInstance: preprocessing_data.clean_data scheduled__2022-09-16T12:47:33.899439+00:00 [running]> on host rc1b-dataproc-m-xzxwmqcudfo0foh0.mdb.yandexcloud.net
[2022-09-16 12:59:15,603] {taskinstance.py:1589} INFO - Exporting the following env vars:
AIRFLOW_CTX_DAG_EMAIL=airflow@example.com
AIRFLOW_CTX_DAG_OWNER=airflow
AIRFLOW_CTX_DAG_ID=preprocessing_data
AIRFLOW_CTX_TASK_ID=clean_data
AIRFLOW_CTX_EXECUTION_DATE=2022-09-16T12:47:33.899439+00:00
AIRFLOW_CTX_TRY_NUMBER=1
AIRFLOW_CTX_DAG_RUN_ID=scheduled__2022-09-16T12:47:33.899439+00:00
[2022-09-16 13:00:35,177] {credentials.py:1094} INFO - Found credentials in environment variables.
[2022-09-16 13:00:36,566] {python.py:173} INFO - Done. Returned value was: None
[2022-09-16 13:00:36,576] {taskinstance.py:1415} INFO - Marking task as SUCCESS. dag_id=preprocessing_data, task_id=clean_data, execution_date=20220916T124733, start_date=20220916T125915, end_date=20220916T130036
[2022-09-16 13:00:36,617] {local_task_job.py:156} INFO - Task exited with return code 0
[2022-09-16 13:00:36,649] {local_task_job.py:273} INFO - 1 downstream tasks scheduled from follow-on schedule check
