[2022-06-26 12:45:27,898] {taskinstance.py:1159} INFO - Dependencies all met for <TaskInstance: example_bash_operator.runme_1 manual__2022-06-26T12:45:20.739291+00:00 [queued]>
[2022-06-26 12:45:27,965] {taskinstance.py:1159} INFO - Dependencies all met for <TaskInstance: example_bash_operator.runme_1 manual__2022-06-26T12:45:20.739291+00:00 [queued]>
[2022-06-26 12:45:27,967] {taskinstance.py:1356} INFO - 
--------------------------------------------------------------------------------
[2022-06-26 12:45:27,968] {taskinstance.py:1357} INFO - Starting attempt 1 of 1
[2022-06-26 12:45:27,968] {taskinstance.py:1358} INFO - 
--------------------------------------------------------------------------------
[2022-06-26 12:45:28,143] {taskinstance.py:1377} INFO - Executing <Task(BashOperator): runme_1> on 2022-06-26 12:45:20.739291+00:00
[2022-06-26 12:45:28,155] {standard_task_runner.py:52} INFO - Started process 550 to run task
[2022-06-26 12:45:28,182] {standard_task_runner.py:79} INFO - Running: ['***', 'tasks', 'run', 'example_bash_operator', 'runme_1', 'manual__2022-06-26T12:45:20.739291+00:00', '--job-id', '11', '--raw', '--subdir', '/home/***/.local/lib/python3.7/site-packages/***/example_dags/example_bash_operator.py', '--cfg-path', '/tmp/tmpufkihtap', '--error-file', '/tmp/tmp44xo30o9']
[2022-06-26 12:45:28,189] {standard_task_runner.py:80} INFO - Job 11: Subtask runme_1
[2022-06-26 12:45:28,426] {task_command.py:370} INFO - Running <TaskInstance: example_bash_operator.runme_1 manual__2022-06-26T12:45:20.739291+00:00 [running]> on host a64e0d15b5db
[2022-06-26 12:45:28,701] {taskinstance.py:1571} INFO - Exporting the following env vars:
AIRFLOW_CTX_DAG_OWNER=***
AIRFLOW_CTX_DAG_ID=example_bash_operator
AIRFLOW_CTX_TASK_ID=runme_1
AIRFLOW_CTX_EXECUTION_DATE=2022-06-26T12:45:20.739291+00:00
AIRFLOW_CTX_TRY_NUMBER=1
AIRFLOW_CTX_DAG_RUN_ID=manual__2022-06-26T12:45:20.739291+00:00
[2022-06-26 12:45:28,707] {subprocess.py:62} INFO - Tmp dir root location: 
 /tmp
[2022-06-26 12:45:28,709] {subprocess.py:74} INFO - Running command: ['bash', '-c', 'echo "example_bash_operator__runme_1__20220626" && sleep 1']
[2022-06-26 12:45:28,772] {subprocess.py:85} INFO - Output:
[2022-06-26 12:45:28,776] {subprocess.py:92} INFO - example_bash_operator__runme_1__20220626
[2022-06-26 12:45:29,790] {subprocess.py:96} INFO - Command exited with return code 0
[2022-06-26 12:45:29,931] {taskinstance.py:1400} INFO - Marking task as SUCCESS. dag_id=example_bash_operator, task_id=runme_1, execution_date=20220626T124520, start_date=20220626T124527, end_date=20220626T124529
[2022-06-26 12:45:30,061] {local_task_job.py:156} INFO - Task exited with return code 0
[2022-06-26 12:45:30,245] {local_task_job.py:273} INFO - 0 downstream tasks scheduled from follow-on schedule check
