[2022-09-05 16:17:29,643] {taskinstance.py:1179} INFO - Dependencies all met for <TaskInstance: preprocessing_data.generate_data scheduled__2022-09-05T16:07:26.325086+00:00 [queued]>
[2022-09-05 16:17:29,648] {taskinstance.py:1179} INFO - Dependencies all met for <TaskInstance: preprocessing_data.generate_data scheduled__2022-09-05T16:07:26.325086+00:00 [queued]>
[2022-09-05 16:17:29,648] {taskinstance.py:1376} INFO - 
--------------------------------------------------------------------------------
[2022-09-05 16:17:29,648] {taskinstance.py:1377} INFO - Starting attempt 1 of 2
[2022-09-05 16:17:29,648] {taskinstance.py:1378} INFO - 
--------------------------------------------------------------------------------
[2022-09-05 16:17:29,662] {taskinstance.py:1397} INFO - Executing <Task(PythonOperator): generate_data> on 2022-09-05 16:07:26.325086+00:00
[2022-09-05 16:17:29,669] {standard_task_runner.py:52} INFO - Started process 53399 to run task
[2022-09-05 16:17:29,672] {standard_task_runner.py:79} INFO - Running: ['airflow', 'tasks', 'run', 'preprocessing_data', 'generate_data', 'scheduled__2022-09-05T16:07:26.325086+00:00', '--job-id', '158', '--raw', '--subdir', 'DAGS_FOLDER/model_dag.py', '--cfg-path', '/tmp/tmpyzaoh64t', '--error-file', '/tmp/tmpt6w_q2hk']
[2022-09-05 16:17:29,673] {standard_task_runner.py:80} INFO - Job 158: Subtask generate_data
[2022-09-05 16:17:29,717] {task_command.py:371} INFO - Running <TaskInstance: preprocessing_data.generate_data scheduled__2022-09-05T16:07:26.325086+00:00 [running]> on host rc1b-dataproc-m-xzxwmqcudfo0foh0.mdb.yandexcloud.net
[2022-09-05 16:17:29,764] {taskinstance.py:1589} INFO - Exporting the following env vars:
AIRFLOW_CTX_DAG_EMAIL=airflow@example.com
AIRFLOW_CTX_DAG_OWNER=airflow
AIRFLOW_CTX_DAG_ID=preprocessing_data
AIRFLOW_CTX_TASK_ID=generate_data
AIRFLOW_CTX_EXECUTION_DATE=2022-09-05T16:07:26.325086+00:00
AIRFLOW_CTX_TRY_NUMBER=1
AIRFLOW_CTX_DAG_RUN_ID=scheduled__2022-09-05T16:07:26.325086+00:00
[2022-09-05 16:17:29,815] {logging_mixin.py:115} INFO - Time to generate customer profiles table: 0.05s
[2022-09-05 16:17:29,866] {logging_mixin.py:115} INFO - Time to generate terminal profiles table: 0.05s
[2022-09-05 16:17:32,644] {logging_mixin.py:115} INFO - Time to associate terminals to customers: 2.8s
[2022-09-05 16:20:54,572] {logging_mixin.py:115} INFO - Time to generate transactions: 2e+02s
[2022-09-05 16:20:57,456] {logging_mixin.py:115} INFO - Number of frauds from scenario 1: 1942
[2022-09-05 16:24:26,341] {logging_mixin.py:115} INFO - Number of frauds from scenario 2: 18774
[2022-09-05 16:28:28,198] {logging_mixin.py:115} INFO - Number of frauds from scenario 3: 9442
[2022-09-05 16:28:28,198] {client.py:192} INFO - Instantiated <Client(url='http://rc1b-dataproc-m-xzxwmqcudfo0foh0.mdb.yandexcloud.net:9870')>.
[2022-09-05 16:28:28,199] {client.py:305} INFO - Fetching content summary for '/user/airflow/input_files'.
[2022-09-05 16:28:30,930] {client.py:558} INFO - Uploading '/home/ubuntu/fraud-detection-ml/airflow/output_simulation/partition_54.parquet' to '/user/airflow/input_files/partition_54.parquet'.
[2022-09-05 16:28:30,930] {client.py:1123} INFO - Listing '/user/airflow/input_files/partition_54.parquet'.
[2022-09-05 16:28:30,935] {client.py:503} INFO - Writing to '/user/airflow/input_files/partition_54.parquet'.
[2022-09-05 16:28:31,623] {python.py:173} INFO - Done. Returned value was: None
[2022-09-05 16:28:31,629] {taskinstance.py:1415} INFO - Marking task as SUCCESS. dag_id=preprocessing_data, task_id=generate_data, execution_date=20220905T160726, start_date=20220905T161729, end_date=20220905T162831
[2022-09-05 16:28:31,701] {local_task_job.py:156} INFO - Task exited with return code 0
[2022-09-05 16:28:31,727] {local_task_job.py:273} INFO - 1 downstream tasks scheduled from follow-on schedule check
