[2022-09-15 15:07:41,181] {taskinstance.py:1179} INFO - Dependencies all met for <TaskInstance: preprocessing_data.generate_data scheduled__2022-09-15T14:57:06.750788+00:00 [queued]>
[2022-09-15 15:07:41,186] {taskinstance.py:1179} INFO - Dependencies all met for <TaskInstance: preprocessing_data.generate_data scheduled__2022-09-15T14:57:06.750788+00:00 [queued]>
[2022-09-15 15:07:41,186] {taskinstance.py:1376} INFO - 
--------------------------------------------------------------------------------
[2022-09-15 15:07:41,186] {taskinstance.py:1377} INFO - Starting attempt 1 of 2
[2022-09-15 15:07:41,186] {taskinstance.py:1378} INFO - 
--------------------------------------------------------------------------------
[2022-09-15 15:07:41,199] {taskinstance.py:1397} INFO - Executing <Task(PythonOperator): generate_data> on 2022-09-15 14:57:06.750788+00:00
[2022-09-15 15:07:41,207] {standard_task_runner.py:52} INFO - Started process 39597 to run task
[2022-09-15 15:07:41,211] {standard_task_runner.py:79} INFO - Running: ['airflow', 'tasks', 'run', 'preprocessing_data', 'generate_data', 'scheduled__2022-09-15T14:57:06.750788+00:00', '--job-id', '252', '--raw', '--subdir', 'DAGS_FOLDER/model_dag.py', '--cfg-path', '/tmp/tmpcmnw0b1v', '--error-file', '/tmp/tmp7dp7punk']
[2022-09-15 15:07:41,211] {standard_task_runner.py:80} INFO - Job 252: Subtask generate_data
[2022-09-15 15:07:41,255] {task_command.py:371} INFO - Running <TaskInstance: preprocessing_data.generate_data scheduled__2022-09-15T14:57:06.750788+00:00 [running]> on host rc1b-dataproc-m-xzxwmqcudfo0foh0.mdb.yandexcloud.net
[2022-09-15 15:07:41,300] {taskinstance.py:1589} INFO - Exporting the following env vars:
AIRFLOW_CTX_DAG_EMAIL=airflow@example.com
AIRFLOW_CTX_DAG_OWNER=airflow
AIRFLOW_CTX_DAG_ID=preprocessing_data
AIRFLOW_CTX_TASK_ID=generate_data
AIRFLOW_CTX_EXECUTION_DATE=2022-09-15T14:57:06.750788+00:00
AIRFLOW_CTX_TRY_NUMBER=1
AIRFLOW_CTX_DAG_RUN_ID=scheduled__2022-09-15T14:57:06.750788+00:00
[2022-09-15 15:07:41,308] {logging_mixin.py:115} INFO - Time to generate customer profiles table: 0.007s
[2022-09-15 15:07:41,313] {logging_mixin.py:115} INFO - Time to generate terminal profiles table: 0.0046s
[2022-09-15 15:07:41,505] {logging_mixin.py:115} INFO - Time to associate terminals to customers: 0.19s
[2022-09-15 15:07:59,626] {logging_mixin.py:115} INFO - Time to generate transactions: 1.8e+01s
[2022-09-15 15:07:59,715] {logging_mixin.py:115} INFO - Number of frauds from scenario 1: 240
[2022-09-15 15:08:02,784] {logging_mixin.py:115} INFO - Number of frauds from scenario 2: 19267
[2022-09-15 15:08:06,858] {logging_mixin.py:115} INFO - Number of frauds from scenario 3: 9174
[2022-09-15 15:08:06,858] {client.py:192} INFO - Instantiated <Client(url='http://rc1b-dataproc-m-xzxwmqcudfo0foh0.mdb.yandexcloud.net:9870')>.
[2022-09-15 15:08:06,858] {client.py:305} INFO - Fetching content summary for '/user/airflow/input_files'.
[2022-09-15 15:08:07,043] {client.py:558} INFO - Uploading '/home/ubuntu/fraud-detection-ml/airflow/output_simulation/partition_70.parquet' to '/user/airflow/input_files/partition_70.parquet'.
[2022-09-15 15:08:07,043] {client.py:1123} INFO - Listing '/user/airflow/input_files/partition_70.parquet'.
[2022-09-15 15:08:07,048] {client.py:503} INFO - Writing to '/user/airflow/input_files/partition_70.parquet'.
[2022-09-15 15:08:07,745] {python.py:173} INFO - Done. Returned value was: None
[2022-09-15 15:08:07,750] {taskinstance.py:1415} INFO - Marking task as SUCCESS. dag_id=preprocessing_data, task_id=generate_data, execution_date=20220915T145706, start_date=20220915T150741, end_date=20220915T150807
[2022-09-15 15:08:07,787] {local_task_job.py:156} INFO - Task exited with return code 0
[2022-09-15 15:08:07,809] {local_task_job.py:273} INFO - 1 downstream tasks scheduled from follow-on schedule check
