[2022-09-15 13:56:26,960] {processor.py:153} INFO - Started process (PID=10227) to work on /home/ubuntu/.local/lib/python3.8/site-packages/airflow/example_dags/example_trigger_target_dag.py
[2022-09-15 13:56:26,960] {processor.py:641} INFO - Processing file /home/ubuntu/.local/lib/python3.8/site-packages/airflow/example_dags/example_trigger_target_dag.py for tasks to queue
[2022-09-15 13:56:26,961] {logging_mixin.py:115} INFO - [2022-09-15 13:56:26,961] {dagbag.py:508} INFO - Filling up the DagBag from /home/ubuntu/.local/lib/python3.8/site-packages/airflow/example_dags/example_trigger_target_dag.py
[2022-09-15 13:56:26,975] {processor.py:651} INFO - DAG(s) dict_keys(['example_trigger_target_dag']) retrieved from /home/ubuntu/.local/lib/python3.8/site-packages/airflow/example_dags/example_trigger_target_dag.py
[2022-09-15 13:56:26,991] {logging_mixin.py:115} INFO - [2022-09-15 13:56:26,991] {dag.py:2420} INFO - Sync 1 DAGs
[2022-09-15 13:56:27,005] {logging_mixin.py:115} INFO - [2022-09-15 13:56:27,005] {dag.py:2968} INFO - Setting next_dagrun for example_trigger_target_dag to None, run_after=None
[2022-09-15 13:56:27,022] {processor.py:161} INFO - Processing /home/ubuntu/.local/lib/python3.8/site-packages/airflow/example_dags/example_trigger_target_dag.py took 0.066 seconds
[2022-09-15 13:57:01,057] {processor.py:153} INFO - Started process (PID=10601) to work on /home/ubuntu/.local/lib/python3.8/site-packages/airflow/example_dags/example_trigger_target_dag.py
[2022-09-15 13:57:01,059] {processor.py:641} INFO - Processing file /home/ubuntu/.local/lib/python3.8/site-packages/airflow/example_dags/example_trigger_target_dag.py for tasks to queue
[2022-09-15 13:57:01,059] {logging_mixin.py:115} INFO - [2022-09-15 13:57:01,059] {dagbag.py:508} INFO - Filling up the DagBag from /home/ubuntu/.local/lib/python3.8/site-packages/airflow/example_dags/example_trigger_target_dag.py
[2022-09-15 13:57:01,075] {processor.py:651} INFO - DAG(s) dict_keys(['example_trigger_target_dag']) retrieved from /home/ubuntu/.local/lib/python3.8/site-packages/airflow/example_dags/example_trigger_target_dag.py
[2022-09-15 13:57:01,093] {logging_mixin.py:115} INFO - [2022-09-15 13:57:01,093] {dag.py:2420} INFO - Sync 1 DAGs
[2022-09-15 13:57:01,108] {logging_mixin.py:115} INFO - [2022-09-15 13:57:01,108] {dag.py:2968} INFO - Setting next_dagrun for example_trigger_target_dag to None, run_after=None
[2022-09-15 13:57:01,125] {processor.py:161} INFO - Processing /home/ubuntu/.local/lib/python3.8/site-packages/airflow/example_dags/example_trigger_target_dag.py took 0.072 seconds
[2022-09-15 13:57:37,267] {processor.py:153} INFO - Started process (PID=10827) to work on /home/ubuntu/.local/lib/python3.8/site-packages/airflow/example_dags/example_trigger_target_dag.py
[2022-09-15 13:57:37,269] {processor.py:641} INFO - Processing file /home/ubuntu/.local/lib/python3.8/site-packages/airflow/example_dags/example_trigger_target_dag.py for tasks to queue
[2022-09-15 13:57:37,269] {logging_mixin.py:115} INFO - [2022-09-15 13:57:37,269] {dagbag.py:508} INFO - Filling up the DagBag from /home/ubuntu/.local/lib/python3.8/site-packages/airflow/example_dags/example_trigger_target_dag.py
[2022-09-15 13:57:37,284] {processor.py:651} INFO - DAG(s) dict_keys(['example_trigger_target_dag']) retrieved from /home/ubuntu/.local/lib/python3.8/site-packages/airflow/example_dags/example_trigger_target_dag.py
[2022-09-15 13:57:37,302] {logging_mixin.py:115} INFO - [2022-09-15 13:57:37,302] {dag.py:2420} INFO - Sync 1 DAGs
[2022-09-15 13:57:37,317] {logging_mixin.py:115} INFO - [2022-09-15 13:57:37,317] {dag.py:2968} INFO - Setting next_dagrun for example_trigger_target_dag to None, run_after=None
[2022-09-15 13:57:37,330] {processor.py:161} INFO - Processing /home/ubuntu/.local/lib/python3.8/site-packages/airflow/example_dags/example_trigger_target_dag.py took 0.067 seconds
[2022-09-15 14:01:56,584] {processor.py:153} INFO - Started process (PID=13573) to work on /home/ubuntu/.local/lib/python3.8/site-packages/airflow/example_dags/example_trigger_target_dag.py
[2022-09-15 14:01:56,586] {processor.py:641} INFO - Processing file /home/ubuntu/.local/lib/python3.8/site-packages/airflow/example_dags/example_trigger_target_dag.py for tasks to queue
[2022-09-15 14:01:56,587] {logging_mixin.py:115} INFO - [2022-09-15 14:01:56,587] {dagbag.py:508} INFO - Filling up the DagBag from /home/ubuntu/.local/lib/python3.8/site-packages/airflow/example_dags/example_trigger_target_dag.py
[2022-09-15 14:01:56,602] {processor.py:651} INFO - DAG(s) dict_keys(['example_trigger_target_dag']) retrieved from /home/ubuntu/.local/lib/python3.8/site-packages/airflow/example_dags/example_trigger_target_dag.py
[2022-09-15 14:01:56,616] {logging_mixin.py:115} INFO - [2022-09-15 14:01:56,616] {dag.py:2420} INFO - Sync 1 DAGs
[2022-09-15 14:01:56,632] {logging_mixin.py:115} INFO - [2022-09-15 14:01:56,632] {dag.py:2968} INFO - Setting next_dagrun for example_trigger_target_dag to None, run_after=None
[2022-09-15 14:01:56,646] {processor.py:161} INFO - Processing /home/ubuntu/.local/lib/python3.8/site-packages/airflow/example_dags/example_trigger_target_dag.py took 0.066 seconds
[2022-09-15 16:25:27,909] {processor.py:153} INFO - Started process (PID=70997) to work on /home/ubuntu/.local/lib/python3.8/site-packages/airflow/example_dags/example_trigger_target_dag.py
[2022-09-15 16:25:27,912] {processor.py:641} INFO - Processing file /home/ubuntu/.local/lib/python3.8/site-packages/airflow/example_dags/example_trigger_target_dag.py for tasks to queue
[2022-09-15 16:25:27,913] {logging_mixin.py:115} INFO - [2022-09-15 16:25:27,913] {dagbag.py:508} INFO - Filling up the DagBag from /home/ubuntu/.local/lib/python3.8/site-packages/airflow/example_dags/example_trigger_target_dag.py
[2022-09-15 16:25:27,928] {processor.py:651} INFO - DAG(s) dict_keys(['example_trigger_target_dag']) retrieved from /home/ubuntu/.local/lib/python3.8/site-packages/airflow/example_dags/example_trigger_target_dag.py
[2022-09-15 16:25:27,942] {logging_mixin.py:115} INFO - [2022-09-15 16:25:27,942] {dag.py:2420} INFO - Sync 1 DAGs
[2022-09-15 16:25:27,954] {logging_mixin.py:115} INFO - [2022-09-15 16:25:27,954] {dag.py:2968} INFO - Setting next_dagrun for example_trigger_target_dag to None, run_after=None
[2022-09-15 16:25:27,967] {processor.py:161} INFO - Processing /home/ubuntu/.local/lib/python3.8/site-packages/airflow/example_dags/example_trigger_target_dag.py took 0.062 seconds
