[2022-09-15 13:56:33,839] {processor.py:153} INFO - Started process (PID=10345) to work on /home/ubuntu/.local/lib/python3.8/site-packages/airflow/example_dags/example_kubernetes_executor.py
[2022-09-15 13:56:33,840] {processor.py:641} INFO - Processing file /home/ubuntu/.local/lib/python3.8/site-packages/airflow/example_dags/example_kubernetes_executor.py for tasks to queue
[2022-09-15 13:56:33,840] {logging_mixin.py:115} INFO - [2022-09-15 13:56:33,840] {dagbag.py:508} INFO - Filling up the DagBag from /home/ubuntu/.local/lib/python3.8/site-packages/airflow/example_dags/example_kubernetes_executor.py
[2022-09-15 13:56:33,852] {logging_mixin.py:115} INFO - [2022-09-15 13:56:33,852] {example_kubernetes_executor.py:39} WARNING - The example_kubernetes_executor example DAG requires the kubernetes provider. Please install it with: pip install apache-airflow[cncf.kubernetes]
[2022-09-15 13:56:33,852] {processor.py:653} WARNING - No viable dags retrieved from /home/ubuntu/.local/lib/python3.8/site-packages/airflow/example_dags/example_kubernetes_executor.py
[2022-09-15 13:56:33,861] {processor.py:161} INFO - Processing /home/ubuntu/.local/lib/python3.8/site-packages/airflow/example_dags/example_kubernetes_executor.py took 0.025 seconds
[2022-09-15 13:57:08,276] {processor.py:153} INFO - Started process (PID=10685) to work on /home/ubuntu/.local/lib/python3.8/site-packages/airflow/example_dags/example_kubernetes_executor.py
[2022-09-15 13:57:08,278] {processor.py:641} INFO - Processing file /home/ubuntu/.local/lib/python3.8/site-packages/airflow/example_dags/example_kubernetes_executor.py for tasks to queue
[2022-09-15 13:57:08,278] {logging_mixin.py:115} INFO - [2022-09-15 13:57:08,278] {dagbag.py:508} INFO - Filling up the DagBag from /home/ubuntu/.local/lib/python3.8/site-packages/airflow/example_dags/example_kubernetes_executor.py
[2022-09-15 13:57:08,292] {logging_mixin.py:115} INFO - [2022-09-15 13:57:08,292] {example_kubernetes_executor.py:39} WARNING - The example_kubernetes_executor example DAG requires the kubernetes provider. Please install it with: pip install apache-airflow[cncf.kubernetes]
[2022-09-15 13:57:08,292] {processor.py:653} WARNING - No viable dags retrieved from /home/ubuntu/.local/lib/python3.8/site-packages/airflow/example_dags/example_kubernetes_executor.py
[2022-09-15 13:57:08,304] {processor.py:161} INFO - Processing /home/ubuntu/.local/lib/python3.8/site-packages/airflow/example_dags/example_kubernetes_executor.py took 0.032 seconds
[2022-09-15 13:57:44,672] {processor.py:153} INFO - Started process (PID=10847) to work on /home/ubuntu/.local/lib/python3.8/site-packages/airflow/example_dags/example_kubernetes_executor.py
[2022-09-15 13:57:44,673] {processor.py:641} INFO - Processing file /home/ubuntu/.local/lib/python3.8/site-packages/airflow/example_dags/example_kubernetes_executor.py for tasks to queue
[2022-09-15 13:57:44,673] {logging_mixin.py:115} INFO - [2022-09-15 13:57:44,673] {dagbag.py:508} INFO - Filling up the DagBag from /home/ubuntu/.local/lib/python3.8/site-packages/airflow/example_dags/example_kubernetes_executor.py
[2022-09-15 13:57:44,687] {logging_mixin.py:115} INFO - [2022-09-15 13:57:44,687] {example_kubernetes_executor.py:39} WARNING - The example_kubernetes_executor example DAG requires the kubernetes provider. Please install it with: pip install apache-airflow[cncf.kubernetes]
[2022-09-15 13:57:44,687] {processor.py:653} WARNING - No viable dags retrieved from /home/ubuntu/.local/lib/python3.8/site-packages/airflow/example_dags/example_kubernetes_executor.py
[2022-09-15 13:57:44,697] {processor.py:161} INFO - Processing /home/ubuntu/.local/lib/python3.8/site-packages/airflow/example_dags/example_kubernetes_executor.py took 0.028 seconds
[2022-09-15 14:02:02,899] {processor.py:153} INFO - Started process (PID=13642) to work on /home/ubuntu/.local/lib/python3.8/site-packages/airflow/example_dags/example_kubernetes_executor.py
[2022-09-15 14:02:02,901] {processor.py:641} INFO - Processing file /home/ubuntu/.local/lib/python3.8/site-packages/airflow/example_dags/example_kubernetes_executor.py for tasks to queue
[2022-09-15 14:02:02,902] {logging_mixin.py:115} INFO - [2022-09-15 14:02:02,902] {dagbag.py:508} INFO - Filling up the DagBag from /home/ubuntu/.local/lib/python3.8/site-packages/airflow/example_dags/example_kubernetes_executor.py
[2022-09-15 14:02:02,916] {logging_mixin.py:115} INFO - [2022-09-15 14:02:02,916] {example_kubernetes_executor.py:39} WARNING - The example_kubernetes_executor example DAG requires the kubernetes provider. Please install it with: pip install apache-airflow[cncf.kubernetes]
[2022-09-15 14:02:02,916] {processor.py:653} WARNING - No viable dags retrieved from /home/ubuntu/.local/lib/python3.8/site-packages/airflow/example_dags/example_kubernetes_executor.py
[2022-09-15 14:02:02,927] {processor.py:161} INFO - Processing /home/ubuntu/.local/lib/python3.8/site-packages/airflow/example_dags/example_kubernetes_executor.py took 0.032 seconds
[2022-09-15 16:26:01,004] {processor.py:153} INFO - Started process (PID=71156) to work on /home/ubuntu/.local/lib/python3.8/site-packages/airflow/example_dags/example_kubernetes_executor.py
[2022-09-15 16:26:01,006] {processor.py:641} INFO - Processing file /home/ubuntu/.local/lib/python3.8/site-packages/airflow/example_dags/example_kubernetes_executor.py for tasks to queue
[2022-09-15 16:26:01,007] {logging_mixin.py:115} INFO - [2022-09-15 16:26:01,007] {dagbag.py:508} INFO - Filling up the DagBag from /home/ubuntu/.local/lib/python3.8/site-packages/airflow/example_dags/example_kubernetes_executor.py
[2022-09-15 16:26:01,020] {logging_mixin.py:115} INFO - [2022-09-15 16:26:01,020] {example_kubernetes_executor.py:39} WARNING - The example_kubernetes_executor example DAG requires the kubernetes provider. Please install it with: pip install apache-airflow[cncf.kubernetes]
[2022-09-15 16:26:01,020] {processor.py:653} WARNING - No viable dags retrieved from /home/ubuntu/.local/lib/python3.8/site-packages/airflow/example_dags/example_kubernetes_executor.py
[2022-09-15 16:26:01,030] {processor.py:161} INFO - Processing /home/ubuntu/.local/lib/python3.8/site-packages/airflow/example_dags/example_kubernetes_executor.py took 0.029 seconds
