[2022-09-15 13:56:41,924] {processor.py:153} INFO - Started process (PID=10410) to work on /home/ubuntu/.local/lib/python3.8/site-packages/airflow/example_dags/example_task_group_decorator.py
[2022-09-15 13:56:41,925] {processor.py:641} INFO - Processing file /home/ubuntu/.local/lib/python3.8/site-packages/airflow/example_dags/example_task_group_decorator.py for tasks to queue
[2022-09-15 13:56:41,925] {logging_mixin.py:115} INFO - [2022-09-15 13:56:41,925] {dagbag.py:508} INFO - Filling up the DagBag from /home/ubuntu/.local/lib/python3.8/site-packages/airflow/example_dags/example_task_group_decorator.py
[2022-09-15 13:56:41,949] {processor.py:651} INFO - DAG(s) dict_keys(['example_task_group_decorator']) retrieved from /home/ubuntu/.local/lib/python3.8/site-packages/airflow/example_dags/example_task_group_decorator.py
[2022-09-15 13:56:41,994] {logging_mixin.py:115} INFO - [2022-09-15 13:56:41,994] {dag.py:2420} INFO - Sync 1 DAGs
[2022-09-15 13:56:42,010] {logging_mixin.py:115} INFO - [2022-09-15 13:56:42,010] {dag.py:2968} INFO - Setting next_dagrun for example_task_group_decorator to 2022-09-14T13:56:42.009925+00:00, run_after=2022-09-15T13:56:42.009925+00:00
[2022-09-15 13:56:42,029] {processor.py:161} INFO - Processing /home/ubuntu/.local/lib/python3.8/site-packages/airflow/example_dags/example_task_group_decorator.py took 0.109 seconds
[2022-09-15 13:57:18,947] {processor.py:153} INFO - Started process (PID=10782) to work on /home/ubuntu/.local/lib/python3.8/site-packages/airflow/example_dags/example_task_group_decorator.py
[2022-09-15 13:57:18,949] {processor.py:641} INFO - Processing file /home/ubuntu/.local/lib/python3.8/site-packages/airflow/example_dags/example_task_group_decorator.py for tasks to queue
[2022-09-15 13:57:18,949] {logging_mixin.py:115} INFO - [2022-09-15 13:57:18,949] {dagbag.py:508} INFO - Filling up the DagBag from /home/ubuntu/.local/lib/python3.8/site-packages/airflow/example_dags/example_task_group_decorator.py
[2022-09-15 13:57:18,975] {processor.py:651} INFO - DAG(s) dict_keys(['example_task_group_decorator']) retrieved from /home/ubuntu/.local/lib/python3.8/site-packages/airflow/example_dags/example_task_group_decorator.py
[2022-09-15 13:57:19,012] {logging_mixin.py:115} INFO - [2022-09-15 13:57:19,012] {dag.py:2420} INFO - Sync 1 DAGs
[2022-09-15 13:57:19,025] {logging_mixin.py:115} INFO - [2022-09-15 13:57:19,024] {dag.py:2968} INFO - Setting next_dagrun for example_task_group_decorator to 2022-09-14T13:57:19.024703+00:00, run_after=2022-09-15T13:57:19.024703+00:00
[2022-09-15 13:57:19,041] {processor.py:161} INFO - Processing /home/ubuntu/.local/lib/python3.8/site-packages/airflow/example_dags/example_task_group_decorator.py took 0.097 seconds
[2022-09-15 14:02:10,930] {processor.py:153} INFO - Started process (PID=13759) to work on /home/ubuntu/.local/lib/python3.8/site-packages/airflow/example_dags/example_task_group_decorator.py
[2022-09-15 14:02:10,932] {processor.py:641} INFO - Processing file /home/ubuntu/.local/lib/python3.8/site-packages/airflow/example_dags/example_task_group_decorator.py for tasks to queue
[2022-09-15 14:02:10,933] {logging_mixin.py:115} INFO - [2022-09-15 14:02:10,933] {dagbag.py:508} INFO - Filling up the DagBag from /home/ubuntu/.local/lib/python3.8/site-packages/airflow/example_dags/example_task_group_decorator.py
[2022-09-15 14:02:10,955] {processor.py:651} INFO - DAG(s) dict_keys(['example_task_group_decorator']) retrieved from /home/ubuntu/.local/lib/python3.8/site-packages/airflow/example_dags/example_task_group_decorator.py
[2022-09-15 14:02:10,995] {logging_mixin.py:115} INFO - [2022-09-15 14:02:10,995] {dag.py:2420} INFO - Sync 1 DAGs
[2022-09-15 14:02:11,005] {logging_mixin.py:115} INFO - [2022-09-15 14:02:11,005] {dag.py:2968} INFO - Setting next_dagrun for example_task_group_decorator to 2022-09-14T14:02:11.004944+00:00, run_after=2022-09-15T14:02:11.004944+00:00
[2022-09-15 14:02:11,019] {processor.py:161} INFO - Processing /home/ubuntu/.local/lib/python3.8/site-packages/airflow/example_dags/example_task_group_decorator.py took 0.092 seconds
