[2022-09-15 13:56:28,700] {processor.py:153} INFO - Started process (PID=10284) to work on /home/ubuntu/.local/lib/python3.8/site-packages/airflow/example_dags/example_time_delta_sensor_async.py
[2022-09-15 13:56:28,700] {processor.py:641} INFO - Processing file /home/ubuntu/.local/lib/python3.8/site-packages/airflow/example_dags/example_time_delta_sensor_async.py for tasks to queue
[2022-09-15 13:56:28,701] {logging_mixin.py:115} INFO - [2022-09-15 13:56:28,701] {dagbag.py:508} INFO - Filling up the DagBag from /home/ubuntu/.local/lib/python3.8/site-packages/airflow/example_dags/example_time_delta_sensor_async.py
[2022-09-15 13:56:28,706] {processor.py:651} INFO - DAG(s) dict_keys(['example_time_delta_sensor_async']) retrieved from /home/ubuntu/.local/lib/python3.8/site-packages/airflow/example_dags/example_time_delta_sensor_async.py
[2022-09-15 13:56:28,730] {logging_mixin.py:115} INFO - [2022-09-15 13:56:28,730] {dag.py:2420} INFO - Sync 1 DAGs
[2022-09-15 13:56:28,743] {logging_mixin.py:115} INFO - [2022-09-15 13:56:28,743] {dag.py:2968} INFO - Setting next_dagrun for example_time_delta_sensor_async to None, run_after=None
[2022-09-15 13:56:28,758] {processor.py:161} INFO - Processing /home/ubuntu/.local/lib/python3.8/site-packages/airflow/example_dags/example_time_delta_sensor_async.py took 0.061 seconds
[2022-09-15 13:57:03,315] {processor.py:153} INFO - Started process (PID=10626) to work on /home/ubuntu/.local/lib/python3.8/site-packages/airflow/example_dags/example_time_delta_sensor_async.py
[2022-09-15 13:57:03,316] {processor.py:641} INFO - Processing file /home/ubuntu/.local/lib/python3.8/site-packages/airflow/example_dags/example_time_delta_sensor_async.py for tasks to queue
[2022-09-15 13:57:03,316] {logging_mixin.py:115} INFO - [2022-09-15 13:57:03,316] {dagbag.py:508} INFO - Filling up the DagBag from /home/ubuntu/.local/lib/python3.8/site-packages/airflow/example_dags/example_time_delta_sensor_async.py
[2022-09-15 13:57:03,322] {processor.py:651} INFO - DAG(s) dict_keys(['example_time_delta_sensor_async']) retrieved from /home/ubuntu/.local/lib/python3.8/site-packages/airflow/example_dags/example_time_delta_sensor_async.py
[2022-09-15 13:57:03,348] {logging_mixin.py:115} INFO - [2022-09-15 13:57:03,348] {dag.py:2420} INFO - Sync 1 DAGs
[2022-09-15 13:57:03,361] {logging_mixin.py:115} INFO - [2022-09-15 13:57:03,361] {dag.py:2968} INFO - Setting next_dagrun for example_time_delta_sensor_async to None, run_after=None
[2022-09-15 13:57:03,376] {processor.py:161} INFO - Processing /home/ubuntu/.local/lib/python3.8/site-packages/airflow/example_dags/example_time_delta_sensor_async.py took 0.064 seconds
[2022-09-15 13:57:39,525] {processor.py:153} INFO - Started process (PID=10830) to work on /home/ubuntu/.local/lib/python3.8/site-packages/airflow/example_dags/example_time_delta_sensor_async.py
[2022-09-15 13:57:39,527] {processor.py:641} INFO - Processing file /home/ubuntu/.local/lib/python3.8/site-packages/airflow/example_dags/example_time_delta_sensor_async.py for tasks to queue
[2022-09-15 13:57:39,528] {logging_mixin.py:115} INFO - [2022-09-15 13:57:39,528] {dagbag.py:508} INFO - Filling up the DagBag from /home/ubuntu/.local/lib/python3.8/site-packages/airflow/example_dags/example_time_delta_sensor_async.py
[2022-09-15 13:57:39,534] {processor.py:651} INFO - DAG(s) dict_keys(['example_time_delta_sensor_async']) retrieved from /home/ubuntu/.local/lib/python3.8/site-packages/airflow/example_dags/example_time_delta_sensor_async.py
[2022-09-15 13:57:39,565] {logging_mixin.py:115} INFO - [2022-09-15 13:57:39,565] {dag.py:2420} INFO - Sync 1 DAGs
[2022-09-15 13:57:39,581] {logging_mixin.py:115} INFO - [2022-09-15 13:57:39,581] {dag.py:2968} INFO - Setting next_dagrun for example_time_delta_sensor_async to None, run_after=None
[2022-09-15 13:57:39,597] {processor.py:161} INFO - Processing /home/ubuntu/.local/lib/python3.8/site-packages/airflow/example_dags/example_time_delta_sensor_async.py took 0.076 seconds
[2022-09-15 14:01:57,952] {processor.py:153} INFO - Started process (PID=13575) to work on /home/ubuntu/.local/lib/python3.8/site-packages/airflow/example_dags/example_time_delta_sensor_async.py
[2022-09-15 14:01:57,954] {processor.py:641} INFO - Processing file /home/ubuntu/.local/lib/python3.8/site-packages/airflow/example_dags/example_time_delta_sensor_async.py for tasks to queue
[2022-09-15 14:01:57,955] {logging_mixin.py:115} INFO - [2022-09-15 14:01:57,955] {dagbag.py:508} INFO - Filling up the DagBag from /home/ubuntu/.local/lib/python3.8/site-packages/airflow/example_dags/example_time_delta_sensor_async.py
[2022-09-15 14:01:57,960] {processor.py:651} INFO - DAG(s) dict_keys(['example_time_delta_sensor_async']) retrieved from /home/ubuntu/.local/lib/python3.8/site-packages/airflow/example_dags/example_time_delta_sensor_async.py
[2022-09-15 14:01:57,984] {logging_mixin.py:115} INFO - [2022-09-15 14:01:57,984] {dag.py:2420} INFO - Sync 1 DAGs
[2022-09-15 14:01:57,999] {logging_mixin.py:115} INFO - [2022-09-15 14:01:57,998] {dag.py:2968} INFO - Setting next_dagrun for example_time_delta_sensor_async to None, run_after=None
[2022-09-15 14:01:58,060] {processor.py:161} INFO - Processing /home/ubuntu/.local/lib/python3.8/site-packages/airflow/example_dags/example_time_delta_sensor_async.py took 0.111 seconds
[2022-09-15 16:25:30,200] {processor.py:153} INFO - Started process (PID=70999) to work on /home/ubuntu/.local/lib/python3.8/site-packages/airflow/example_dags/example_time_delta_sensor_async.py
[2022-09-15 16:25:30,203] {processor.py:641} INFO - Processing file /home/ubuntu/.local/lib/python3.8/site-packages/airflow/example_dags/example_time_delta_sensor_async.py for tasks to queue
[2022-09-15 16:25:30,204] {logging_mixin.py:115} INFO - [2022-09-15 16:25:30,204] {dagbag.py:508} INFO - Filling up the DagBag from /home/ubuntu/.local/lib/python3.8/site-packages/airflow/example_dags/example_time_delta_sensor_async.py
[2022-09-15 16:25:30,209] {processor.py:651} INFO - DAG(s) dict_keys(['example_time_delta_sensor_async']) retrieved from /home/ubuntu/.local/lib/python3.8/site-packages/airflow/example_dags/example_time_delta_sensor_async.py
[2022-09-15 16:25:30,234] {logging_mixin.py:115} INFO - [2022-09-15 16:25:30,233] {dag.py:2420} INFO - Sync 1 DAGs
[2022-09-15 16:25:30,246] {logging_mixin.py:115} INFO - [2022-09-15 16:25:30,245] {dag.py:2968} INFO - Setting next_dagrun for example_time_delta_sensor_async to None, run_after=None
[2022-09-15 16:25:30,266] {processor.py:161} INFO - Processing /home/ubuntu/.local/lib/python3.8/site-packages/airflow/example_dags/example_time_delta_sensor_async.py took 0.070 seconds
