[2022-09-15 13:56:28,087] {processor.py:153} INFO - Started process (PID=10251) to work on /home/ubuntu/.local/lib/python3.8/site-packages/airflow/example_dags/example_short_circuit_operator.py
[2022-09-15 13:56:28,088] {processor.py:641} INFO - Processing file /home/ubuntu/.local/lib/python3.8/site-packages/airflow/example_dags/example_short_circuit_operator.py for tasks to queue
[2022-09-15 13:56:28,088] {logging_mixin.py:115} INFO - [2022-09-15 13:56:28,088] {dagbag.py:508} INFO - Filling up the DagBag from /home/ubuntu/.local/lib/python3.8/site-packages/airflow/example_dags/example_short_circuit_operator.py
[2022-09-15 13:56:28,095] {processor.py:651} INFO - DAG(s) dict_keys(['example_short_circuit_operator']) retrieved from /home/ubuntu/.local/lib/python3.8/site-packages/airflow/example_dags/example_short_circuit_operator.py
[2022-09-15 13:56:28,109] {logging_mixin.py:115} INFO - [2022-09-15 13:56:28,109] {dag.py:2420} INFO - Sync 1 DAGs
[2022-09-15 13:56:28,124] {logging_mixin.py:115} INFO - [2022-09-15 13:56:28,124] {dag.py:2968} INFO - Setting next_dagrun for example_short_circuit_operator to 2022-09-14T13:56:28.124596+00:00, run_after=2022-09-15T13:56:28.124596+00:00
[2022-09-15 13:56:28,140] {processor.py:161} INFO - Processing /home/ubuntu/.local/lib/python3.8/site-packages/airflow/example_dags/example_short_circuit_operator.py took 0.056 seconds
[2022-09-15 13:57:02,184] {processor.py:153} INFO - Started process (PID=10602) to work on /home/ubuntu/.local/lib/python3.8/site-packages/airflow/example_dags/example_short_circuit_operator.py
[2022-09-15 13:57:02,185] {processor.py:641} INFO - Processing file /home/ubuntu/.local/lib/python3.8/site-packages/airflow/example_dags/example_short_circuit_operator.py for tasks to queue
[2022-09-15 13:57:02,186] {logging_mixin.py:115} INFO - [2022-09-15 13:57:02,186] {dagbag.py:508} INFO - Filling up the DagBag from /home/ubuntu/.local/lib/python3.8/site-packages/airflow/example_dags/example_short_circuit_operator.py
[2022-09-15 13:57:02,195] {processor.py:651} INFO - DAG(s) dict_keys(['example_short_circuit_operator']) retrieved from /home/ubuntu/.local/lib/python3.8/site-packages/airflow/example_dags/example_short_circuit_operator.py
[2022-09-15 13:57:02,213] {logging_mixin.py:115} INFO - [2022-09-15 13:57:02,213] {dag.py:2420} INFO - Sync 1 DAGs
[2022-09-15 13:57:02,228] {logging_mixin.py:115} INFO - [2022-09-15 13:57:02,228] {dag.py:2968} INFO - Setting next_dagrun for example_short_circuit_operator to 2022-09-14T13:57:02.227778+00:00, run_after=2022-09-15T13:57:02.227778+00:00
[2022-09-15 13:57:02,241] {processor.py:161} INFO - Processing /home/ubuntu/.local/lib/python3.8/site-packages/airflow/example_dags/example_short_circuit_operator.py took 0.060 seconds
[2022-09-15 13:57:38,395] {processor.py:153} INFO - Started process (PID=10828) to work on /home/ubuntu/.local/lib/python3.8/site-packages/airflow/example_dags/example_short_circuit_operator.py
[2022-09-15 13:57:38,397] {processor.py:641} INFO - Processing file /home/ubuntu/.local/lib/python3.8/site-packages/airflow/example_dags/example_short_circuit_operator.py for tasks to queue
[2022-09-15 13:57:38,397] {logging_mixin.py:115} INFO - [2022-09-15 13:57:38,397] {dagbag.py:508} INFO - Filling up the DagBag from /home/ubuntu/.local/lib/python3.8/site-packages/airflow/example_dags/example_short_circuit_operator.py
[2022-09-15 13:57:38,406] {processor.py:651} INFO - DAG(s) dict_keys(['example_short_circuit_operator']) retrieved from /home/ubuntu/.local/lib/python3.8/site-packages/airflow/example_dags/example_short_circuit_operator.py
[2022-09-15 13:57:38,425] {logging_mixin.py:115} INFO - [2022-09-15 13:57:38,425] {dag.py:2420} INFO - Sync 1 DAGs
[2022-09-15 13:57:38,438] {logging_mixin.py:115} INFO - [2022-09-15 13:57:38,438] {dag.py:2968} INFO - Setting next_dagrun for example_short_circuit_operator to 2022-09-14T13:57:38.438352+00:00, run_after=2022-09-15T13:57:38.438352+00:00
[2022-09-15 13:57:38,454] {processor.py:161} INFO - Processing /home/ubuntu/.local/lib/python3.8/site-packages/airflow/example_dags/example_short_circuit_operator.py took 0.062 seconds
[2022-09-15 14:01:57,727] {processor.py:153} INFO - Started process (PID=13574) to work on /home/ubuntu/.local/lib/python3.8/site-packages/airflow/example_dags/example_short_circuit_operator.py
[2022-09-15 14:01:57,729] {processor.py:641} INFO - Processing file /home/ubuntu/.local/lib/python3.8/site-packages/airflow/example_dags/example_short_circuit_operator.py for tasks to queue
[2022-09-15 14:01:57,730] {logging_mixin.py:115} INFO - [2022-09-15 14:01:57,730] {dagbag.py:508} INFO - Filling up the DagBag from /home/ubuntu/.local/lib/python3.8/site-packages/airflow/example_dags/example_short_circuit_operator.py
[2022-09-15 14:01:57,738] {processor.py:651} INFO - DAG(s) dict_keys(['example_short_circuit_operator']) retrieved from /home/ubuntu/.local/lib/python3.8/site-packages/airflow/example_dags/example_short_circuit_operator.py
[2022-09-15 14:01:57,753] {logging_mixin.py:115} INFO - [2022-09-15 14:01:57,753] {dag.py:2420} INFO - Sync 1 DAGs
[2022-09-15 14:01:57,767] {logging_mixin.py:115} INFO - [2022-09-15 14:01:57,767] {dag.py:2968} INFO - Setting next_dagrun for example_short_circuit_operator to 2022-09-14T14:01:57.767104+00:00, run_after=2022-09-15T14:01:57.767104+00:00
[2022-09-15 14:01:57,805] {processor.py:161} INFO - Processing /home/ubuntu/.local/lib/python3.8/site-packages/airflow/example_dags/example_short_circuit_operator.py took 0.081 seconds
[2022-09-15 16:25:29,057] {processor.py:153} INFO - Started process (PID=70998) to work on /home/ubuntu/.local/lib/python3.8/site-packages/airflow/example_dags/example_short_circuit_operator.py
[2022-09-15 16:25:29,059] {processor.py:641} INFO - Processing file /home/ubuntu/.local/lib/python3.8/site-packages/airflow/example_dags/example_short_circuit_operator.py for tasks to queue
[2022-09-15 16:25:29,059] {logging_mixin.py:115} INFO - [2022-09-15 16:25:29,059] {dagbag.py:508} INFO - Filling up the DagBag from /home/ubuntu/.local/lib/python3.8/site-packages/airflow/example_dags/example_short_circuit_operator.py
[2022-09-15 16:25:29,067] {processor.py:651} INFO - DAG(s) dict_keys(['example_short_circuit_operator']) retrieved from /home/ubuntu/.local/lib/python3.8/site-packages/airflow/example_dags/example_short_circuit_operator.py
[2022-09-15 16:25:29,081] {logging_mixin.py:115} INFO - [2022-09-15 16:25:29,081] {dag.py:2420} INFO - Sync 1 DAGs
[2022-09-15 16:25:29,093] {logging_mixin.py:115} INFO - [2022-09-15 16:25:29,093] {dag.py:2968} INFO - Setting next_dagrun for example_short_circuit_operator to 2022-09-14T16:25:29.093400+00:00, run_after=2022-09-15T16:25:29.093400+00:00
[2022-09-15 16:25:29,110] {processor.py:161} INFO - Processing /home/ubuntu/.local/lib/python3.8/site-packages/airflow/example_dags/example_short_circuit_operator.py took 0.057 seconds
