[2022-09-15 13:56:14,209] {processor.py:153} INFO - Started process (PID=10199) to work on /home/ubuntu/.local/lib/python3.8/site-packages/airflow/example_dags/example_nested_branch_dag.py
[2022-09-15 13:56:14,210] {processor.py:641} INFO - Processing file /home/ubuntu/.local/lib/python3.8/site-packages/airflow/example_dags/example_nested_branch_dag.py for tasks to queue
[2022-09-15 13:56:14,211] {logging_mixin.py:115} INFO - [2022-09-15 13:56:14,211] {dagbag.py:508} INFO - Filling up the DagBag from /home/ubuntu/.local/lib/python3.8/site-packages/airflow/example_dags/example_nested_branch_dag.py
[2022-09-15 13:56:14,226] {processor.py:651} INFO - DAG(s) dict_keys(['example_nested_branch_dag']) retrieved from /home/ubuntu/.local/lib/python3.8/site-packages/airflow/example_dags/example_nested_branch_dag.py
[2022-09-15 13:56:14,249] {logging_mixin.py:115} INFO - [2022-09-15 13:56:14,249] {dag.py:2420} INFO - Sync 1 DAGs
[2022-09-15 13:56:14,273] {logging_mixin.py:115} INFO - [2022-09-15 13:56:14,273] {dag.py:2968} INFO - Setting next_dagrun for example_nested_branch_dag to 2022-09-14T00:00:00+00:00, run_after=2022-09-15T00:00:00+00:00
[2022-09-15 13:56:14,288] {processor.py:161} INFO - Processing /home/ubuntu/.local/lib/python3.8/site-packages/airflow/example_dags/example_nested_branch_dag.py took 0.084 seconds
[2022-09-15 13:56:49,794] {processor.py:153} INFO - Started process (PID=10529) to work on /home/ubuntu/.local/lib/python3.8/site-packages/airflow/example_dags/example_nested_branch_dag.py
[2022-09-15 13:56:49,796] {processor.py:641} INFO - Processing file /home/ubuntu/.local/lib/python3.8/site-packages/airflow/example_dags/example_nested_branch_dag.py for tasks to queue
[2022-09-15 13:56:49,796] {logging_mixin.py:115} INFO - [2022-09-15 13:56:49,796] {dagbag.py:508} INFO - Filling up the DagBag from /home/ubuntu/.local/lib/python3.8/site-packages/airflow/example_dags/example_nested_branch_dag.py
[2022-09-15 13:56:49,805] {processor.py:651} INFO - DAG(s) dict_keys(['example_nested_branch_dag']) retrieved from /home/ubuntu/.local/lib/python3.8/site-packages/airflow/example_dags/example_nested_branch_dag.py
[2022-09-15 13:56:49,819] {logging_mixin.py:115} INFO - [2022-09-15 13:56:49,819] {dag.py:2420} INFO - Sync 1 DAGs
[2022-09-15 13:56:49,837] {logging_mixin.py:115} INFO - [2022-09-15 13:56:49,837] {dag.py:2968} INFO - Setting next_dagrun for example_nested_branch_dag to 2022-09-14T00:00:00+00:00, run_after=2022-09-15T00:00:00+00:00
[2022-09-15 13:56:49,851] {processor.py:161} INFO - Processing /home/ubuntu/.local/lib/python3.8/site-packages/airflow/example_dags/example_nested_branch_dag.py took 0.061 seconds
[2022-09-15 13:57:25,832] {processor.py:153} INFO - Started process (PID=10798) to work on /home/ubuntu/.local/lib/python3.8/site-packages/airflow/example_dags/example_nested_branch_dag.py
[2022-09-15 13:57:25,833] {processor.py:641} INFO - Processing file /home/ubuntu/.local/lib/python3.8/site-packages/airflow/example_dags/example_nested_branch_dag.py for tasks to queue
[2022-09-15 13:57:25,834] {logging_mixin.py:115} INFO - [2022-09-15 13:57:25,834] {dagbag.py:508} INFO - Filling up the DagBag from /home/ubuntu/.local/lib/python3.8/site-packages/airflow/example_dags/example_nested_branch_dag.py
[2022-09-15 13:57:25,844] {processor.py:651} INFO - DAG(s) dict_keys(['example_nested_branch_dag']) retrieved from /home/ubuntu/.local/lib/python3.8/site-packages/airflow/example_dags/example_nested_branch_dag.py
[2022-09-15 13:57:25,861] {logging_mixin.py:115} INFO - [2022-09-15 13:57:25,861] {dag.py:2420} INFO - Sync 1 DAGs
[2022-09-15 13:57:25,877] {logging_mixin.py:115} INFO - [2022-09-15 13:57:25,877] {dag.py:2968} INFO - Setting next_dagrun for example_nested_branch_dag to 2022-09-14T00:00:00+00:00, run_after=2022-09-15T00:00:00+00:00
[2022-09-15 13:57:25,893] {processor.py:161} INFO - Processing /home/ubuntu/.local/lib/python3.8/site-packages/airflow/example_dags/example_nested_branch_dag.py took 0.064 seconds
[2022-09-15 14:01:46,255] {processor.py:153} INFO - Started process (PID=13452) to work on /home/ubuntu/.local/lib/python3.8/site-packages/airflow/example_dags/example_nested_branch_dag.py
[2022-09-15 14:01:46,257] {processor.py:641} INFO - Processing file /home/ubuntu/.local/lib/python3.8/site-packages/airflow/example_dags/example_nested_branch_dag.py for tasks to queue
[2022-09-15 14:01:46,257] {logging_mixin.py:115} INFO - [2022-09-15 14:01:46,257] {dagbag.py:508} INFO - Filling up the DagBag from /home/ubuntu/.local/lib/python3.8/site-packages/airflow/example_dags/example_nested_branch_dag.py
[2022-09-15 14:01:46,267] {processor.py:651} INFO - DAG(s) dict_keys(['example_nested_branch_dag']) retrieved from /home/ubuntu/.local/lib/python3.8/site-packages/airflow/example_dags/example_nested_branch_dag.py
[2022-09-15 14:01:46,281] {logging_mixin.py:115} INFO - [2022-09-15 14:01:46,281] {dag.py:2420} INFO - Sync 1 DAGs
[2022-09-15 14:01:46,296] {logging_mixin.py:115} INFO - [2022-09-15 14:01:46,296] {dag.py:2968} INFO - Setting next_dagrun for example_nested_branch_dag to 2022-09-14T00:00:00+00:00, run_after=2022-09-15T00:00:00+00:00
[2022-09-15 14:01:46,311] {processor.py:161} INFO - Processing /home/ubuntu/.local/lib/python3.8/site-packages/airflow/example_dags/example_nested_branch_dag.py took 0.060 seconds
[2022-09-15 14:02:20,096] {processor.py:153} INFO - Started process (PID=13786) to work on /home/ubuntu/.local/lib/python3.8/site-packages/airflow/example_dags/example_nested_branch_dag.py
[2022-09-15 14:02:20,098] {processor.py:641} INFO - Processing file /home/ubuntu/.local/lib/python3.8/site-packages/airflow/example_dags/example_nested_branch_dag.py for tasks to queue
[2022-09-15 14:02:20,098] {logging_mixin.py:115} INFO - [2022-09-15 14:02:20,098] {dagbag.py:508} INFO - Filling up the DagBag from /home/ubuntu/.local/lib/python3.8/site-packages/airflow/example_dags/example_nested_branch_dag.py
[2022-09-15 14:02:20,109] {processor.py:651} INFO - DAG(s) dict_keys(['example_nested_branch_dag']) retrieved from /home/ubuntu/.local/lib/python3.8/site-packages/airflow/example_dags/example_nested_branch_dag.py
[2022-09-15 14:02:20,125] {logging_mixin.py:115} INFO - [2022-09-15 14:02:20,125] {dag.py:2420} INFO - Sync 1 DAGs
[2022-09-15 14:02:20,141] {logging_mixin.py:115} INFO - [2022-09-15 14:02:20,140] {dag.py:2968} INFO - Setting next_dagrun for example_nested_branch_dag to 2022-09-14T00:00:00+00:00, run_after=2022-09-15T00:00:00+00:00
[2022-09-15 14:02:20,159] {processor.py:161} INFO - Processing /home/ubuntu/.local/lib/python3.8/site-packages/airflow/example_dags/example_nested_branch_dag.py took 0.066 seconds
[2022-09-15 16:25:17,597] {processor.py:153} INFO - Started process (PID=70939) to work on /home/ubuntu/.local/lib/python3.8/site-packages/airflow/example_dags/example_nested_branch_dag.py
[2022-09-15 16:25:17,599] {processor.py:641} INFO - Processing file /home/ubuntu/.local/lib/python3.8/site-packages/airflow/example_dags/example_nested_branch_dag.py for tasks to queue
[2022-09-15 16:25:17,600] {logging_mixin.py:115} INFO - [2022-09-15 16:25:17,600] {dagbag.py:508} INFO - Filling up the DagBag from /home/ubuntu/.local/lib/python3.8/site-packages/airflow/example_dags/example_nested_branch_dag.py
[2022-09-15 16:25:17,610] {processor.py:651} INFO - DAG(s) dict_keys(['example_nested_branch_dag']) retrieved from /home/ubuntu/.local/lib/python3.8/site-packages/airflow/example_dags/example_nested_branch_dag.py
[2022-09-15 16:25:17,624] {logging_mixin.py:115} INFO - [2022-09-15 16:25:17,624] {dag.py:2420} INFO - Sync 1 DAGs
[2022-09-15 16:25:17,637] {logging_mixin.py:115} INFO - [2022-09-15 16:25:17,637] {dag.py:2968} INFO - Setting next_dagrun for example_nested_branch_dag to 2022-09-14T00:00:00+00:00, run_after=2022-09-15T00:00:00+00:00
[2022-09-15 16:25:17,650] {processor.py:161} INFO - Processing /home/ubuntu/.local/lib/python3.8/site-packages/airflow/example_dags/example_nested_branch_dag.py took 0.056 seconds
