[2022-09-15 13:56:20,467] {processor.py:153} INFO - Started process (PID=10213) to work on /home/ubuntu/.local/lib/python3.8/site-packages/airflow/example_dags/example_branch_operator.py
[2022-09-15 13:56:20,468] {processor.py:641} INFO - Processing file /home/ubuntu/.local/lib/python3.8/site-packages/airflow/example_dags/example_branch_operator.py for tasks to queue
[2022-09-15 13:56:20,468] {logging_mixin.py:115} INFO - [2022-09-15 13:56:20,468] {dagbag.py:508} INFO - Filling up the DagBag from /home/ubuntu/.local/lib/python3.8/site-packages/airflow/example_dags/example_branch_operator.py
[2022-09-15 13:56:20,478] {processor.py:651} INFO - DAG(s) dict_keys(['example_branch_operator']) retrieved from /home/ubuntu/.local/lib/python3.8/site-packages/airflow/example_dags/example_branch_operator.py
[2022-09-15 13:56:20,493] {logging_mixin.py:115} INFO - [2022-09-15 13:56:20,493] {dag.py:2420} INFO - Sync 1 DAGs
[2022-09-15 13:56:20,511] {logging_mixin.py:115} INFO - [2022-09-15 13:56:20,511] {dag.py:2968} INFO - Setting next_dagrun for example_branch_operator to 2022-09-14T00:00:00+00:00, run_after=2022-09-15T00:00:00+00:00
[2022-09-15 13:56:20,526] {processor.py:161} INFO - Processing /home/ubuntu/.local/lib/python3.8/site-packages/airflow/example_dags/example_branch_operator.py took 0.062 seconds
[2022-09-15 13:56:55,802] {processor.py:153} INFO - Started process (PID=10539) to work on /home/ubuntu/.local/lib/python3.8/site-packages/airflow/example_dags/example_branch_operator.py
[2022-09-15 13:56:55,803] {processor.py:641} INFO - Processing file /home/ubuntu/.local/lib/python3.8/site-packages/airflow/example_dags/example_branch_operator.py for tasks to queue
[2022-09-15 13:56:55,804] {logging_mixin.py:115} INFO - [2022-09-15 13:56:55,804] {dagbag.py:508} INFO - Filling up the DagBag from /home/ubuntu/.local/lib/python3.8/site-packages/airflow/example_dags/example_branch_operator.py
[2022-09-15 13:56:55,813] {processor.py:651} INFO - DAG(s) dict_keys(['example_branch_operator']) retrieved from /home/ubuntu/.local/lib/python3.8/site-packages/airflow/example_dags/example_branch_operator.py
[2022-09-15 13:56:55,829] {logging_mixin.py:115} INFO - [2022-09-15 13:56:55,829] {dag.py:2420} INFO - Sync 1 DAGs
[2022-09-15 13:56:55,848] {logging_mixin.py:115} INFO - [2022-09-15 13:56:55,847] {dag.py:2968} INFO - Setting next_dagrun for example_branch_operator to 2022-09-14T00:00:00+00:00, run_after=2022-09-15T00:00:00+00:00
[2022-09-15 13:56:55,863] {processor.py:161} INFO - Processing /home/ubuntu/.local/lib/python3.8/site-packages/airflow/example_dags/example_branch_operator.py took 0.064 seconds
[2022-09-15 13:57:30,972] {processor.py:153} INFO - Started process (PID=10815) to work on /home/ubuntu/.local/lib/python3.8/site-packages/airflow/example_dags/example_branch_operator.py
[2022-09-15 13:57:30,973] {processor.py:641} INFO - Processing file /home/ubuntu/.local/lib/python3.8/site-packages/airflow/example_dags/example_branch_operator.py for tasks to queue
[2022-09-15 13:57:30,974] {logging_mixin.py:115} INFO - [2022-09-15 13:57:30,974] {dagbag.py:508} INFO - Filling up the DagBag from /home/ubuntu/.local/lib/python3.8/site-packages/airflow/example_dags/example_branch_operator.py
[2022-09-15 13:57:30,984] {processor.py:651} INFO - DAG(s) dict_keys(['example_branch_operator']) retrieved from /home/ubuntu/.local/lib/python3.8/site-packages/airflow/example_dags/example_branch_operator.py
[2022-09-15 13:57:31,002] {logging_mixin.py:115} INFO - [2022-09-15 13:57:31,002] {dag.py:2420} INFO - Sync 1 DAGs
[2022-09-15 13:57:31,019] {logging_mixin.py:115} INFO - [2022-09-15 13:57:31,018] {dag.py:2968} INFO - Setting next_dagrun for example_branch_operator to 2022-09-14T00:00:00+00:00, run_after=2022-09-15T00:00:00+00:00
[2022-09-15 13:57:31,048] {processor.py:161} INFO - Processing /home/ubuntu/.local/lib/python3.8/site-packages/airflow/example_dags/example_branch_operator.py took 0.079 seconds
[2022-09-15 14:01:51,419] {processor.py:153} INFO - Started process (PID=13512) to work on /home/ubuntu/.local/lib/python3.8/site-packages/airflow/example_dags/example_branch_operator.py
[2022-09-15 14:01:51,421] {processor.py:641} INFO - Processing file /home/ubuntu/.local/lib/python3.8/site-packages/airflow/example_dags/example_branch_operator.py for tasks to queue
[2022-09-15 14:01:51,421] {logging_mixin.py:115} INFO - [2022-09-15 14:01:51,421] {dagbag.py:508} INFO - Filling up the DagBag from /home/ubuntu/.local/lib/python3.8/site-packages/airflow/example_dags/example_branch_operator.py
[2022-09-15 14:01:51,433] {processor.py:651} INFO - DAG(s) dict_keys(['example_branch_operator']) retrieved from /home/ubuntu/.local/lib/python3.8/site-packages/airflow/example_dags/example_branch_operator.py
[2022-09-15 14:01:51,449] {logging_mixin.py:115} INFO - [2022-09-15 14:01:51,449] {dag.py:2420} INFO - Sync 1 DAGs
[2022-09-15 14:01:51,467] {logging_mixin.py:115} INFO - [2022-09-15 14:01:51,467] {dag.py:2968} INFO - Setting next_dagrun for example_branch_operator to 2022-09-14T00:00:00+00:00, run_after=2022-09-15T00:00:00+00:00
[2022-09-15 14:01:51,485] {processor.py:161} INFO - Processing /home/ubuntu/.local/lib/python3.8/site-packages/airflow/example_dags/example_branch_operator.py took 0.070 seconds
[2022-09-15 14:02:26,401] {processor.py:153} INFO - Started process (PID=13806) to work on /home/ubuntu/.local/lib/python3.8/site-packages/airflow/example_dags/example_branch_operator.py
[2022-09-15 14:02:26,403] {processor.py:641} INFO - Processing file /home/ubuntu/.local/lib/python3.8/site-packages/airflow/example_dags/example_branch_operator.py for tasks to queue
[2022-09-15 14:02:26,403] {logging_mixin.py:115} INFO - [2022-09-15 14:02:26,403] {dagbag.py:508} INFO - Filling up the DagBag from /home/ubuntu/.local/lib/python3.8/site-packages/airflow/example_dags/example_branch_operator.py
[2022-09-15 14:02:26,414] {processor.py:651} INFO - DAG(s) dict_keys(['example_branch_operator']) retrieved from /home/ubuntu/.local/lib/python3.8/site-packages/airflow/example_dags/example_branch_operator.py
[2022-09-15 14:02:26,431] {logging_mixin.py:115} INFO - [2022-09-15 14:02:26,431] {dag.py:2420} INFO - Sync 1 DAGs
[2022-09-15 14:02:26,446] {logging_mixin.py:115} INFO - [2022-09-15 14:02:26,446] {dag.py:2968} INFO - Setting next_dagrun for example_branch_operator to 2022-09-14T00:00:00+00:00, run_after=2022-09-15T00:00:00+00:00
[2022-09-15 14:02:26,463] {processor.py:161} INFO - Processing /home/ubuntu/.local/lib/python3.8/site-packages/airflow/example_dags/example_branch_operator.py took 0.066 seconds
[2022-09-15 16:25:22,751] {processor.py:153} INFO - Started process (PID=70985) to work on /home/ubuntu/.local/lib/python3.8/site-packages/airflow/example_dags/example_branch_operator.py
[2022-09-15 16:25:22,753] {processor.py:641} INFO - Processing file /home/ubuntu/.local/lib/python3.8/site-packages/airflow/example_dags/example_branch_operator.py for tasks to queue
[2022-09-15 16:25:22,753] {logging_mixin.py:115} INFO - [2022-09-15 16:25:22,753] {dagbag.py:508} INFO - Filling up the DagBag from /home/ubuntu/.local/lib/python3.8/site-packages/airflow/example_dags/example_branch_operator.py
[2022-09-15 16:25:22,764] {processor.py:651} INFO - DAG(s) dict_keys(['example_branch_operator']) retrieved from /home/ubuntu/.local/lib/python3.8/site-packages/airflow/example_dags/example_branch_operator.py
[2022-09-15 16:25:22,779] {logging_mixin.py:115} INFO - [2022-09-15 16:25:22,779] {dag.py:2420} INFO - Sync 1 DAGs
[2022-09-15 16:25:22,792] {logging_mixin.py:115} INFO - [2022-09-15 16:25:22,792] {dag.py:2968} INFO - Setting next_dagrun for example_branch_operator to 2022-09-14T00:00:00+00:00, run_after=2022-09-15T00:00:00+00:00
[2022-09-15 16:25:22,804] {processor.py:161} INFO - Processing /home/ubuntu/.local/lib/python3.8/site-packages/airflow/example_dags/example_branch_operator.py took 0.057 seconds
