[2022-09-15 13:56:24,701] {processor.py:153} INFO - Started process (PID=10225) to work on /home/ubuntu/.local/lib/python3.8/site-packages/airflow/example_dags/example_trigger_controller_dag.py
[2022-09-15 13:56:24,701] {processor.py:641} INFO - Processing file /home/ubuntu/.local/lib/python3.8/site-packages/airflow/example_dags/example_trigger_controller_dag.py for tasks to queue
[2022-09-15 13:56:24,702] {logging_mixin.py:115} INFO - [2022-09-15 13:56:24,702] {dagbag.py:508} INFO - Filling up the DagBag from /home/ubuntu/.local/lib/python3.8/site-packages/airflow/example_dags/example_trigger_controller_dag.py
[2022-09-15 13:56:24,705] {processor.py:651} INFO - DAG(s) dict_keys(['example_trigger_controller_dag']) retrieved from /home/ubuntu/.local/lib/python3.8/site-packages/airflow/example_dags/example_trigger_controller_dag.py
[2022-09-15 13:56:24,721] {logging_mixin.py:115} INFO - [2022-09-15 13:56:24,721] {dag.py:2420} INFO - Sync 1 DAGs
[2022-09-15 13:56:24,738] {logging_mixin.py:115} INFO - [2022-09-15 13:56:24,738] {dag.py:2968} INFO - Setting next_dagrun for example_trigger_controller_dag to 2021-01-01T00:00:00+00:00, run_after=2021-01-01T00:00:00+00:00
[2022-09-15 13:56:24,757] {processor.py:161} INFO - Processing /home/ubuntu/.local/lib/python3.8/site-packages/airflow/example_dags/example_trigger_controller_dag.py took 0.060 seconds
[2022-09-15 13:56:59,728] {processor.py:153} INFO - Started process (PID=10598) to work on /home/ubuntu/.local/lib/python3.8/site-packages/airflow/example_dags/example_trigger_controller_dag.py
[2022-09-15 13:56:59,729] {processor.py:641} INFO - Processing file /home/ubuntu/.local/lib/python3.8/site-packages/airflow/example_dags/example_trigger_controller_dag.py for tasks to queue
[2022-09-15 13:56:59,729] {logging_mixin.py:115} INFO - [2022-09-15 13:56:59,729] {dagbag.py:508} INFO - Filling up the DagBag from /home/ubuntu/.local/lib/python3.8/site-packages/airflow/example_dags/example_trigger_controller_dag.py
[2022-09-15 13:56:59,733] {processor.py:651} INFO - DAG(s) dict_keys(['example_trigger_controller_dag']) retrieved from /home/ubuntu/.local/lib/python3.8/site-packages/airflow/example_dags/example_trigger_controller_dag.py
[2022-09-15 13:56:59,745] {logging_mixin.py:115} INFO - [2022-09-15 13:56:59,745] {dag.py:2420} INFO - Sync 1 DAGs
[2022-09-15 13:56:59,761] {logging_mixin.py:115} INFO - [2022-09-15 13:56:59,761] {dag.py:2968} INFO - Setting next_dagrun for example_trigger_controller_dag to 2021-01-01T00:00:00+00:00, run_after=2021-01-01T00:00:00+00:00
[2022-09-15 13:56:59,773] {processor.py:161} INFO - Processing /home/ubuntu/.local/lib/python3.8/site-packages/airflow/example_dags/example_trigger_controller_dag.py took 0.048 seconds
[2022-09-15 13:57:35,512] {processor.py:153} INFO - Started process (PID=10825) to work on /home/ubuntu/.local/lib/python3.8/site-packages/airflow/example_dags/example_trigger_controller_dag.py
[2022-09-15 13:57:35,514] {processor.py:641} INFO - Processing file /home/ubuntu/.local/lib/python3.8/site-packages/airflow/example_dags/example_trigger_controller_dag.py for tasks to queue
[2022-09-15 13:57:35,514] {logging_mixin.py:115} INFO - [2022-09-15 13:57:35,514] {dagbag.py:508} INFO - Filling up the DagBag from /home/ubuntu/.local/lib/python3.8/site-packages/airflow/example_dags/example_trigger_controller_dag.py
[2022-09-15 13:57:35,517] {processor.py:651} INFO - DAG(s) dict_keys(['example_trigger_controller_dag']) retrieved from /home/ubuntu/.local/lib/python3.8/site-packages/airflow/example_dags/example_trigger_controller_dag.py
[2022-09-15 13:57:35,531] {logging_mixin.py:115} INFO - [2022-09-15 13:57:35,531] {dag.py:2420} INFO - Sync 1 DAGs
[2022-09-15 13:57:35,548] {logging_mixin.py:115} INFO - [2022-09-15 13:57:35,548] {dag.py:2968} INFO - Setting next_dagrun for example_trigger_controller_dag to 2021-01-01T00:00:00+00:00, run_after=2021-01-01T00:00:00+00:00
[2022-09-15 13:57:35,562] {processor.py:161} INFO - Processing /home/ubuntu/.local/lib/python3.8/site-packages/airflow/example_dags/example_trigger_controller_dag.py took 0.053 seconds
[2022-09-15 14:01:54,294] {processor.py:153} INFO - Started process (PID=13517) to work on /home/ubuntu/.local/lib/python3.8/site-packages/airflow/example_dags/example_trigger_controller_dag.py
[2022-09-15 14:01:54,296] {processor.py:641} INFO - Processing file /home/ubuntu/.local/lib/python3.8/site-packages/airflow/example_dags/example_trigger_controller_dag.py for tasks to queue
[2022-09-15 14:01:54,297] {logging_mixin.py:115} INFO - [2022-09-15 14:01:54,297] {dagbag.py:508} INFO - Filling up the DagBag from /home/ubuntu/.local/lib/python3.8/site-packages/airflow/example_dags/example_trigger_controller_dag.py
[2022-09-15 14:01:54,300] {processor.py:651} INFO - DAG(s) dict_keys(['example_trigger_controller_dag']) retrieved from /home/ubuntu/.local/lib/python3.8/site-packages/airflow/example_dags/example_trigger_controller_dag.py
[2022-09-15 14:01:54,315] {logging_mixin.py:115} INFO - [2022-09-15 14:01:54,315] {dag.py:2420} INFO - Sync 1 DAGs
[2022-09-15 14:01:54,327] {logging_mixin.py:115} INFO - [2022-09-15 14:01:54,327] {dag.py:2968} INFO - Setting next_dagrun for example_trigger_controller_dag to 2021-01-01T00:00:00+00:00, run_after=2021-01-01T00:00:00+00:00
[2022-09-15 14:01:54,344] {processor.py:161} INFO - Processing /home/ubuntu/.local/lib/python3.8/site-packages/airflow/example_dags/example_trigger_controller_dag.py took 0.053 seconds
[2022-09-15 16:25:26,441] {processor.py:153} INFO - Started process (PID=70989) to work on /home/ubuntu/.local/lib/python3.8/site-packages/airflow/example_dags/example_trigger_controller_dag.py
[2022-09-15 16:25:26,444] {processor.py:641} INFO - Processing file /home/ubuntu/.local/lib/python3.8/site-packages/airflow/example_dags/example_trigger_controller_dag.py for tasks to queue
[2022-09-15 16:25:26,444] {logging_mixin.py:115} INFO - [2022-09-15 16:25:26,444] {dagbag.py:508} INFO - Filling up the DagBag from /home/ubuntu/.local/lib/python3.8/site-packages/airflow/example_dags/example_trigger_controller_dag.py
[2022-09-15 16:25:26,447] {processor.py:651} INFO - DAG(s) dict_keys(['example_trigger_controller_dag']) retrieved from /home/ubuntu/.local/lib/python3.8/site-packages/airflow/example_dags/example_trigger_controller_dag.py
[2022-09-15 16:25:26,463] {logging_mixin.py:115} INFO - [2022-09-15 16:25:26,463] {dag.py:2420} INFO - Sync 1 DAGs
[2022-09-15 16:25:26,475] {logging_mixin.py:115} INFO - [2022-09-15 16:25:26,475] {dag.py:2968} INFO - Setting next_dagrun for example_trigger_controller_dag to 2021-01-01T00:00:00+00:00, run_after=2021-01-01T00:00:00+00:00
[2022-09-15 16:25:26,489] {processor.py:161} INFO - Processing /home/ubuntu/.local/lib/python3.8/site-packages/airflow/example_dags/example_trigger_controller_dag.py took 0.050 seconds
