[2022-09-15 13:56:37,238] {processor.py:153} INFO - Started process (PID=10348) to work on /home/ubuntu/.local/lib/python3.8/site-packages/airflow/example_dags/example_complex.py
[2022-09-15 13:56:37,239] {processor.py:641} INFO - Processing file /home/ubuntu/.local/lib/python3.8/site-packages/airflow/example_dags/example_complex.py for tasks to queue
[2022-09-15 13:56:37,239] {logging_mixin.py:115} INFO - [2022-09-15 13:56:37,239] {dagbag.py:508} INFO - Filling up the DagBag from /home/ubuntu/.local/lib/python3.8/site-packages/airflow/example_dags/example_complex.py
[2022-09-15 13:56:37,251] {processor.py:651} INFO - DAG(s) dict_keys(['example_complex']) retrieved from /home/ubuntu/.local/lib/python3.8/site-packages/airflow/example_dags/example_complex.py
[2022-09-15 13:56:37,271] {logging_mixin.py:115} INFO - [2022-09-15 13:56:37,271] {dag.py:2420} INFO - Sync 1 DAGs
[2022-09-15 13:56:37,285] {logging_mixin.py:115} INFO - [2022-09-15 13:56:37,285] {dag.py:2968} INFO - Setting next_dagrun for example_complex to None, run_after=None
[2022-09-15 13:56:37,300] {processor.py:161} INFO - Processing /home/ubuntu/.local/lib/python3.8/site-packages/airflow/example_dags/example_complex.py took 0.065 seconds
[2022-09-15 13:57:11,159] {processor.py:153} INFO - Started process (PID=10720) to work on /home/ubuntu/.local/lib/python3.8/site-packages/airflow/example_dags/example_complex.py
[2022-09-15 13:57:11,161] {processor.py:641} INFO - Processing file /home/ubuntu/.local/lib/python3.8/site-packages/airflow/example_dags/example_complex.py for tasks to queue
[2022-09-15 13:57:11,162] {logging_mixin.py:115} INFO - [2022-09-15 13:57:11,161] {dagbag.py:508} INFO - Filling up the DagBag from /home/ubuntu/.local/lib/python3.8/site-packages/airflow/example_dags/example_complex.py
[2022-09-15 13:57:11,172] {processor.py:651} INFO - DAG(s) dict_keys(['example_complex']) retrieved from /home/ubuntu/.local/lib/python3.8/site-packages/airflow/example_dags/example_complex.py
[2022-09-15 13:57:11,192] {logging_mixin.py:115} INFO - [2022-09-15 13:57:11,192] {dag.py:2420} INFO - Sync 1 DAGs
[2022-09-15 13:57:11,205] {logging_mixin.py:115} INFO - [2022-09-15 13:57:11,205] {dag.py:2968} INFO - Setting next_dagrun for example_complex to None, run_after=None
[2022-09-15 13:57:11,218] {processor.py:161} INFO - Processing /home/ubuntu/.local/lib/python3.8/site-packages/airflow/example_dags/example_complex.py took 0.063 seconds
[2022-09-15 14:02:05,766] {processor.py:153} INFO - Started process (PID=13699) to work on /home/ubuntu/.local/lib/python3.8/site-packages/airflow/example_dags/example_complex.py
[2022-09-15 14:02:05,768] {processor.py:641} INFO - Processing file /home/ubuntu/.local/lib/python3.8/site-packages/airflow/example_dags/example_complex.py for tasks to queue
[2022-09-15 14:02:05,768] {logging_mixin.py:115} INFO - [2022-09-15 14:02:05,768] {dagbag.py:508} INFO - Filling up the DagBag from /home/ubuntu/.local/lib/python3.8/site-packages/airflow/example_dags/example_complex.py
[2022-09-15 14:02:05,779] {processor.py:651} INFO - DAG(s) dict_keys(['example_complex']) retrieved from /home/ubuntu/.local/lib/python3.8/site-packages/airflow/example_dags/example_complex.py
[2022-09-15 14:02:05,797] {logging_mixin.py:115} INFO - [2022-09-15 14:02:05,797] {dag.py:2420} INFO - Sync 1 DAGs
[2022-09-15 14:02:05,812] {logging_mixin.py:115} INFO - [2022-09-15 14:02:05,812] {dag.py:2968} INFO - Setting next_dagrun for example_complex to None, run_after=None
[2022-09-15 14:02:05,825] {processor.py:161} INFO - Processing /home/ubuntu/.local/lib/python3.8/site-packages/airflow/example_dags/example_complex.py took 0.063 seconds
