[2022-09-15 13:56:16,471] {processor.py:153} INFO - Started process (PID=10207) to work on /home/ubuntu/.local/lib/python3.8/site-packages/airflow/example_dags/example_bash_operator.py
[2022-09-15 13:56:16,472] {processor.py:641} INFO - Processing file /home/ubuntu/.local/lib/python3.8/site-packages/airflow/example_dags/example_bash_operator.py for tasks to queue
[2022-09-15 13:56:16,473] {logging_mixin.py:115} INFO - [2022-09-15 13:56:16,473] {dagbag.py:508} INFO - Filling up the DagBag from /home/ubuntu/.local/lib/python3.8/site-packages/airflow/example_dags/example_bash_operator.py
[2022-09-15 13:56:16,487] {processor.py:651} INFO - DAG(s) dict_keys(['example_bash_operator']) retrieved from /home/ubuntu/.local/lib/python3.8/site-packages/airflow/example_dags/example_bash_operator.py
[2022-09-15 13:56:16,506] {logging_mixin.py:115} INFO - [2022-09-15 13:56:16,506] {dag.py:2420} INFO - Sync 1 DAGs
[2022-09-15 13:56:16,526] {logging_mixin.py:115} INFO - [2022-09-15 13:56:16,526] {dag.py:2968} INFO - Setting next_dagrun for example_bash_operator to 2022-09-14T00:00:00+00:00, run_after=2022-09-15T00:00:00+00:00
[2022-09-15 13:56:16,542] {processor.py:161} INFO - Processing /home/ubuntu/.local/lib/python3.8/site-packages/airflow/example_dags/example_bash_operator.py took 0.075 seconds
[2022-09-15 13:56:52,055] {processor.py:153} INFO - Started process (PID=10535) to work on /home/ubuntu/.local/lib/python3.8/site-packages/airflow/example_dags/example_bash_operator.py
[2022-09-15 13:56:52,057] {processor.py:641} INFO - Processing file /home/ubuntu/.local/lib/python3.8/site-packages/airflow/example_dags/example_bash_operator.py for tasks to queue
[2022-09-15 13:56:52,058] {logging_mixin.py:115} INFO - [2022-09-15 13:56:52,058] {dagbag.py:508} INFO - Filling up the DagBag from /home/ubuntu/.local/lib/python3.8/site-packages/airflow/example_dags/example_bash_operator.py
[2022-09-15 13:56:52,068] {processor.py:651} INFO - DAG(s) dict_keys(['example_bash_operator']) retrieved from /home/ubuntu/.local/lib/python3.8/site-packages/airflow/example_dags/example_bash_operator.py
[2022-09-15 13:56:52,082] {logging_mixin.py:115} INFO - [2022-09-15 13:56:52,082] {dag.py:2420} INFO - Sync 1 DAGs
[2022-09-15 13:56:52,100] {logging_mixin.py:115} INFO - [2022-09-15 13:56:52,100] {dag.py:2968} INFO - Setting next_dagrun for example_bash_operator to 2022-09-14T00:00:00+00:00, run_after=2022-09-15T00:00:00+00:00
[2022-09-15 13:56:52,114] {processor.py:161} INFO - Processing /home/ubuntu/.local/lib/python3.8/site-packages/airflow/example_dags/example_bash_operator.py took 0.062 seconds
[2022-09-15 13:57:28,102] {processor.py:153} INFO - Started process (PID=10804) to work on /home/ubuntu/.local/lib/python3.8/site-packages/airflow/example_dags/example_bash_operator.py
[2022-09-15 13:57:28,103] {processor.py:641} INFO - Processing file /home/ubuntu/.local/lib/python3.8/site-packages/airflow/example_dags/example_bash_operator.py for tasks to queue
[2022-09-15 13:57:28,104] {logging_mixin.py:115} INFO - [2022-09-15 13:57:28,103] {dagbag.py:508} INFO - Filling up the DagBag from /home/ubuntu/.local/lib/python3.8/site-packages/airflow/example_dags/example_bash_operator.py
[2022-09-15 13:57:28,115] {processor.py:651} INFO - DAG(s) dict_keys(['example_bash_operator']) retrieved from /home/ubuntu/.local/lib/python3.8/site-packages/airflow/example_dags/example_bash_operator.py
[2022-09-15 13:57:28,132] {logging_mixin.py:115} INFO - [2022-09-15 13:57:28,132] {dag.py:2420} INFO - Sync 1 DAGs
[2022-09-15 13:57:28,147] {logging_mixin.py:115} INFO - [2022-09-15 13:57:28,147] {dag.py:2968} INFO - Setting next_dagrun for example_bash_operator to 2022-09-14T00:00:00+00:00, run_after=2022-09-15T00:00:00+00:00
[2022-09-15 13:57:28,161] {processor.py:161} INFO - Processing /home/ubuntu/.local/lib/python3.8/site-packages/airflow/example_dags/example_bash_operator.py took 0.062 seconds
[2022-09-15 14:01:47,807] {processor.py:153} INFO - Started process (PID=13454) to work on /home/ubuntu/.local/lib/python3.8/site-packages/airflow/example_dags/example_bash_operator.py
[2022-09-15 14:01:47,809] {processor.py:641} INFO - Processing file /home/ubuntu/.local/lib/python3.8/site-packages/airflow/example_dags/example_bash_operator.py for tasks to queue
[2022-09-15 14:01:47,810] {logging_mixin.py:115} INFO - [2022-09-15 14:01:47,809] {dagbag.py:508} INFO - Filling up the DagBag from /home/ubuntu/.local/lib/python3.8/site-packages/airflow/example_dags/example_bash_operator.py
[2022-09-15 14:01:47,821] {processor.py:651} INFO - DAG(s) dict_keys(['example_bash_operator']) retrieved from /home/ubuntu/.local/lib/python3.8/site-packages/airflow/example_dags/example_bash_operator.py
[2022-09-15 14:01:47,835] {logging_mixin.py:115} INFO - [2022-09-15 14:01:47,835] {dag.py:2420} INFO - Sync 1 DAGs
[2022-09-15 14:01:47,851] {logging_mixin.py:115} INFO - [2022-09-15 14:01:47,851] {dag.py:2968} INFO - Setting next_dagrun for example_bash_operator to 2022-09-14T00:00:00+00:00, run_after=2022-09-15T00:00:00+00:00
[2022-09-15 14:01:47,864] {processor.py:161} INFO - Processing /home/ubuntu/.local/lib/python3.8/site-packages/airflow/example_dags/example_bash_operator.py took 0.060 seconds
[2022-09-15 14:02:22,391] {processor.py:153} INFO - Started process (PID=13793) to work on /home/ubuntu/.local/lib/python3.8/site-packages/airflow/example_dags/example_bash_operator.py
[2022-09-15 14:02:22,392] {processor.py:641} INFO - Processing file /home/ubuntu/.local/lib/python3.8/site-packages/airflow/example_dags/example_bash_operator.py for tasks to queue
[2022-09-15 14:02:22,392] {logging_mixin.py:115} INFO - [2022-09-15 14:02:22,392] {dagbag.py:508} INFO - Filling up the DagBag from /home/ubuntu/.local/lib/python3.8/site-packages/airflow/example_dags/example_bash_operator.py
[2022-09-15 14:02:22,403] {processor.py:651} INFO - DAG(s) dict_keys(['example_bash_operator']) retrieved from /home/ubuntu/.local/lib/python3.8/site-packages/airflow/example_dags/example_bash_operator.py
[2022-09-15 14:02:22,417] {logging_mixin.py:115} INFO - [2022-09-15 14:02:22,417] {dag.py:2420} INFO - Sync 1 DAGs
[2022-09-15 14:02:22,432] {logging_mixin.py:115} INFO - [2022-09-15 14:02:22,432] {dag.py:2968} INFO - Setting next_dagrun for example_bash_operator to 2022-09-14T00:00:00+00:00, run_after=2022-09-15T00:00:00+00:00
[2022-09-15 14:02:22,452] {processor.py:161} INFO - Processing /home/ubuntu/.local/lib/python3.8/site-packages/airflow/example_dags/example_bash_operator.py took 0.064 seconds
[2022-09-15 16:25:19,888] {processor.py:153} INFO - Started process (PID=70972) to work on /home/ubuntu/.local/lib/python3.8/site-packages/airflow/example_dags/example_bash_operator.py
[2022-09-15 16:25:19,891] {processor.py:641} INFO - Processing file /home/ubuntu/.local/lib/python3.8/site-packages/airflow/example_dags/example_bash_operator.py for tasks to queue
[2022-09-15 16:25:19,891] {logging_mixin.py:115} INFO - [2022-09-15 16:25:19,891] {dagbag.py:508} INFO - Filling up the DagBag from /home/ubuntu/.local/lib/python3.8/site-packages/airflow/example_dags/example_bash_operator.py
[2022-09-15 16:25:19,902] {processor.py:651} INFO - DAG(s) dict_keys(['example_bash_operator']) retrieved from /home/ubuntu/.local/lib/python3.8/site-packages/airflow/example_dags/example_bash_operator.py
[2022-09-15 16:25:19,916] {logging_mixin.py:115} INFO - [2022-09-15 16:25:19,916] {dag.py:2420} INFO - Sync 1 DAGs
[2022-09-15 16:25:19,928] {logging_mixin.py:115} INFO - [2022-09-15 16:25:19,928] {dag.py:2968} INFO - Setting next_dagrun for example_bash_operator to 2022-09-14T00:00:00+00:00, run_after=2022-09-15T00:00:00+00:00
[2022-09-15 16:25:19,942] {processor.py:161} INFO - Processing /home/ubuntu/.local/lib/python3.8/site-packages/airflow/example_dags/example_bash_operator.py took 0.057 seconds
