[2022-09-15 13:56:18,418] {processor.py:153} INFO - Started process (PID=10209) to work on /home/ubuntu/.local/lib/python3.8/site-packages/airflow/example_dags/example_latest_only_with_trigger.py
[2022-09-15 13:56:18,418] {processor.py:641} INFO - Processing file /home/ubuntu/.local/lib/python3.8/site-packages/airflow/example_dags/example_latest_only_with_trigger.py for tasks to queue
[2022-09-15 13:56:18,419] {logging_mixin.py:115} INFO - [2022-09-15 13:56:18,419] {dagbag.py:508} INFO - Filling up the DagBag from /home/ubuntu/.local/lib/python3.8/site-packages/airflow/example_dags/example_latest_only_with_trigger.py
[2022-09-15 13:56:18,424] {processor.py:651} INFO - DAG(s) dict_keys(['latest_only_with_trigger']) retrieved from /home/ubuntu/.local/lib/python3.8/site-packages/airflow/example_dags/example_latest_only_with_trigger.py
[2022-09-15 13:56:18,438] {logging_mixin.py:115} INFO - [2022-09-15 13:56:18,437] {dag.py:2420} INFO - Sync 1 DAGs
[2022-09-15 13:56:18,453] {logging_mixin.py:115} INFO - [2022-09-15 13:56:18,453] {dag.py:2968} INFO - Setting next_dagrun for latest_only_with_trigger to 2022-09-15T09:56:18.453354+00:00, run_after=2022-09-15T13:56:18.453354+00:00
[2022-09-15 13:56:18,467] {processor.py:161} INFO - Processing /home/ubuntu/.local/lib/python3.8/site-packages/airflow/example_dags/example_latest_only_with_trigger.py took 0.052 seconds
[2022-09-15 13:56:54,314] {processor.py:153} INFO - Started process (PID=10537) to work on /home/ubuntu/.local/lib/python3.8/site-packages/airflow/example_dags/example_latest_only_with_trigger.py
[2022-09-15 13:56:54,315] {processor.py:641} INFO - Processing file /home/ubuntu/.local/lib/python3.8/site-packages/airflow/example_dags/example_latest_only_with_trigger.py for tasks to queue
[2022-09-15 13:56:54,316] {logging_mixin.py:115} INFO - [2022-09-15 13:56:54,316] {dagbag.py:508} INFO - Filling up the DagBag from /home/ubuntu/.local/lib/python3.8/site-packages/airflow/example_dags/example_latest_only_with_trigger.py
[2022-09-15 13:56:54,322] {processor.py:651} INFO - DAG(s) dict_keys(['latest_only_with_trigger']) retrieved from /home/ubuntu/.local/lib/python3.8/site-packages/airflow/example_dags/example_latest_only_with_trigger.py
[2022-09-15 13:56:54,340] {logging_mixin.py:115} INFO - [2022-09-15 13:56:54,340] {dag.py:2420} INFO - Sync 1 DAGs
[2022-09-15 13:56:54,358] {logging_mixin.py:115} INFO - [2022-09-15 13:56:54,358] {dag.py:2968} INFO - Setting next_dagrun for latest_only_with_trigger to 2022-09-15T09:56:54.358266+00:00, run_after=2022-09-15T13:56:54.358266+00:00
[2022-09-15 13:56:54,375] {processor.py:161} INFO - Processing /home/ubuntu/.local/lib/python3.8/site-packages/airflow/example_dags/example_latest_only_with_trigger.py took 0.064 seconds
[2022-09-15 13:57:30,289] {processor.py:153} INFO - Started process (PID=10813) to work on /home/ubuntu/.local/lib/python3.8/site-packages/airflow/example_dags/example_latest_only_with_trigger.py
[2022-09-15 13:57:30,291] {processor.py:641} INFO - Processing file /home/ubuntu/.local/lib/python3.8/site-packages/airflow/example_dags/example_latest_only_with_trigger.py for tasks to queue
[2022-09-15 13:57:30,292] {logging_mixin.py:115} INFO - [2022-09-15 13:57:30,291] {dagbag.py:508} INFO - Filling up the DagBag from /home/ubuntu/.local/lib/python3.8/site-packages/airflow/example_dags/example_latest_only_with_trigger.py
[2022-09-15 13:57:30,298] {processor.py:651} INFO - DAG(s) dict_keys(['latest_only_with_trigger']) retrieved from /home/ubuntu/.local/lib/python3.8/site-packages/airflow/example_dags/example_latest_only_with_trigger.py
[2022-09-15 13:57:30,312] {logging_mixin.py:115} INFO - [2022-09-15 13:57:30,312] {dag.py:2420} INFO - Sync 1 DAGs
[2022-09-15 13:57:30,329] {logging_mixin.py:115} INFO - [2022-09-15 13:57:30,329] {dag.py:2968} INFO - Setting next_dagrun for latest_only_with_trigger to 2022-09-15T09:57:30.329234+00:00, run_after=2022-09-15T13:57:30.329234+00:00
[2022-09-15 13:57:30,356] {processor.py:161} INFO - Processing /home/ubuntu/.local/lib/python3.8/site-packages/airflow/example_dags/example_latest_only_with_trigger.py took 0.070 seconds
[2022-09-15 14:01:49,134] {processor.py:153} INFO - Started process (PID=13456) to work on /home/ubuntu/.local/lib/python3.8/site-packages/airflow/example_dags/example_latest_only_with_trigger.py
[2022-09-15 14:01:49,136] {processor.py:641} INFO - Processing file /home/ubuntu/.local/lib/python3.8/site-packages/airflow/example_dags/example_latest_only_with_trigger.py for tasks to queue
[2022-09-15 14:01:49,136] {logging_mixin.py:115} INFO - [2022-09-15 14:01:49,136] {dagbag.py:508} INFO - Filling up the DagBag from /home/ubuntu/.local/lib/python3.8/site-packages/airflow/example_dags/example_latest_only_with_trigger.py
[2022-09-15 14:01:49,143] {processor.py:651} INFO - DAG(s) dict_keys(['latest_only_with_trigger']) retrieved from /home/ubuntu/.local/lib/python3.8/site-packages/airflow/example_dags/example_latest_only_with_trigger.py
[2022-09-15 14:01:49,160] {logging_mixin.py:115} INFO - [2022-09-15 14:01:49,160] {dag.py:2420} INFO - Sync 1 DAGs
[2022-09-15 14:01:49,174] {logging_mixin.py:115} INFO - [2022-09-15 14:01:49,174] {dag.py:2968} INFO - Setting next_dagrun for latest_only_with_trigger to 2022-09-15T10:01:49.173945+00:00, run_after=2022-09-15T14:01:49.173945+00:00
[2022-09-15 14:01:49,195] {processor.py:161} INFO - Processing /home/ubuntu/.local/lib/python3.8/site-packages/airflow/example_dags/example_latest_only_with_trigger.py took 0.065 seconds
[2022-09-15 14:02:24,095] {processor.py:153} INFO - Started process (PID=13795) to work on /home/ubuntu/.local/lib/python3.8/site-packages/airflow/example_dags/example_latest_only_with_trigger.py
[2022-09-15 14:02:24,097] {processor.py:641} INFO - Processing file /home/ubuntu/.local/lib/python3.8/site-packages/airflow/example_dags/example_latest_only_with_trigger.py for tasks to queue
[2022-09-15 14:02:24,098] {logging_mixin.py:115} INFO - [2022-09-15 14:02:24,097] {dagbag.py:508} INFO - Filling up the DagBag from /home/ubuntu/.local/lib/python3.8/site-packages/airflow/example_dags/example_latest_only_with_trigger.py
[2022-09-15 14:02:24,104] {processor.py:651} INFO - DAG(s) dict_keys(['latest_only_with_trigger']) retrieved from /home/ubuntu/.local/lib/python3.8/site-packages/airflow/example_dags/example_latest_only_with_trigger.py
[2022-09-15 14:02:24,119] {logging_mixin.py:115} INFO - [2022-09-15 14:02:24,119] {dag.py:2420} INFO - Sync 1 DAGs
[2022-09-15 14:02:24,132] {logging_mixin.py:115} INFO - [2022-09-15 14:02:24,131] {dag.py:2968} INFO - Setting next_dagrun for latest_only_with_trigger to 2022-09-15T10:02:24.131728+00:00, run_after=2022-09-15T14:02:24.131728+00:00
[2022-09-15 14:02:24,150] {processor.py:161} INFO - Processing /home/ubuntu/.local/lib/python3.8/site-packages/airflow/example_dags/example_latest_only_with_trigger.py took 0.058 seconds
[2022-09-15 16:25:21,439] {processor.py:153} INFO - Started process (PID=70974) to work on /home/ubuntu/.local/lib/python3.8/site-packages/airflow/example_dags/example_latest_only_with_trigger.py
[2022-09-15 16:25:21,442] {processor.py:641} INFO - Processing file /home/ubuntu/.local/lib/python3.8/site-packages/airflow/example_dags/example_latest_only_with_trigger.py for tasks to queue
[2022-09-15 16:25:21,442] {logging_mixin.py:115} INFO - [2022-09-15 16:25:21,442] {dagbag.py:508} INFO - Filling up the DagBag from /home/ubuntu/.local/lib/python3.8/site-packages/airflow/example_dags/example_latest_only_with_trigger.py
[2022-09-15 16:25:21,448] {processor.py:651} INFO - DAG(s) dict_keys(['latest_only_with_trigger']) retrieved from /home/ubuntu/.local/lib/python3.8/site-packages/airflow/example_dags/example_latest_only_with_trigger.py
[2022-09-15 16:25:21,462] {logging_mixin.py:115} INFO - [2022-09-15 16:25:21,462] {dag.py:2420} INFO - Sync 1 DAGs
[2022-09-15 16:25:21,474] {logging_mixin.py:115} INFO - [2022-09-15 16:25:21,473] {dag.py:2968} INFO - Setting next_dagrun for latest_only_with_trigger to 2022-09-15T12:25:21.473756+00:00, run_after=2022-09-15T16:25:21.473756+00:00
[2022-09-15 16:25:21,490] {processor.py:161} INFO - Processing /home/ubuntu/.local/lib/python3.8/site-packages/airflow/example_dags/example_latest_only_with_trigger.py took 0.054 seconds
