[2022-09-15 13:56:30,567] {processor.py:153} INFO - Started process (PID=10286) to work on /home/ubuntu/.local/lib/python3.8/site-packages/airflow/example_dags/example_branch_python_dop_operator_3.py
[2022-09-15 13:56:30,568] {processor.py:641} INFO - Processing file /home/ubuntu/.local/lib/python3.8/site-packages/airflow/example_dags/example_branch_python_dop_operator_3.py for tasks to queue
[2022-09-15 13:56:30,568] {logging_mixin.py:115} INFO - [2022-09-15 13:56:30,568] {dagbag.py:508} INFO - Filling up the DagBag from /home/ubuntu/.local/lib/python3.8/site-packages/airflow/example_dags/example_branch_python_dop_operator_3.py
[2022-09-15 13:56:30,577] {processor.py:651} INFO - DAG(s) dict_keys(['example_branch_dop_operator_v3']) retrieved from /home/ubuntu/.local/lib/python3.8/site-packages/airflow/example_dags/example_branch_python_dop_operator_3.py
[2022-09-15 13:56:30,591] {logging_mixin.py:115} INFO - [2022-09-15 13:56:30,591] {dag.py:2420} INFO - Sync 1 DAGs
[2022-09-15 13:56:30,622] {logging_mixin.py:115} INFO - [2022-09-15 13:56:30,622] {dag.py:2968} INFO - Setting next_dagrun for example_branch_dop_operator_v3 to 2022-09-15T13:55:00+00:00, run_after=2022-09-15T13:56:00+00:00
[2022-09-15 13:56:30,650] {processor.py:161} INFO - Processing /home/ubuntu/.local/lib/python3.8/site-packages/airflow/example_dags/example_branch_python_dop_operator_3.py took 0.086 seconds
[2022-09-15 13:57:04,880] {processor.py:153} INFO - Started process (PID=10659) to work on /home/ubuntu/.local/lib/python3.8/site-packages/airflow/example_dags/example_branch_python_dop_operator_3.py
[2022-09-15 13:57:04,880] {processor.py:641} INFO - Processing file /home/ubuntu/.local/lib/python3.8/site-packages/airflow/example_dags/example_branch_python_dop_operator_3.py for tasks to queue
[2022-09-15 13:57:04,881] {logging_mixin.py:115} INFO - [2022-09-15 13:57:04,881] {dagbag.py:508} INFO - Filling up the DagBag from /home/ubuntu/.local/lib/python3.8/site-packages/airflow/example_dags/example_branch_python_dop_operator_3.py
[2022-09-15 13:57:04,892] {processor.py:651} INFO - DAG(s) dict_keys(['example_branch_dop_operator_v3']) retrieved from /home/ubuntu/.local/lib/python3.8/site-packages/airflow/example_dags/example_branch_python_dop_operator_3.py
[2022-09-15 13:57:04,908] {logging_mixin.py:115} INFO - [2022-09-15 13:57:04,908] {dag.py:2420} INFO - Sync 1 DAGs
[2022-09-15 13:57:04,929] {logging_mixin.py:115} INFO - [2022-09-15 13:57:04,929] {dag.py:2968} INFO - Setting next_dagrun for example_branch_dop_operator_v3 to 2022-09-15T13:56:00+00:00, run_after=2022-09-15T13:57:00+00:00
[2022-09-15 13:57:04,944] {processor.py:161} INFO - Processing /home/ubuntu/.local/lib/python3.8/site-packages/airflow/example_dags/example_branch_python_dop_operator_3.py took 0.068 seconds
[2022-09-15 13:57:41,267] {processor.py:153} INFO - Started process (PID=10839) to work on /home/ubuntu/.local/lib/python3.8/site-packages/airflow/example_dags/example_branch_python_dop_operator_3.py
[2022-09-15 13:57:41,270] {processor.py:641} INFO - Processing file /home/ubuntu/.local/lib/python3.8/site-packages/airflow/example_dags/example_branch_python_dop_operator_3.py for tasks to queue
[2022-09-15 13:57:41,271] {logging_mixin.py:115} INFO - [2022-09-15 13:57:41,270] {dagbag.py:508} INFO - Filling up the DagBag from /home/ubuntu/.local/lib/python3.8/site-packages/airflow/example_dags/example_branch_python_dop_operator_3.py
[2022-09-15 13:57:41,280] {processor.py:651} INFO - DAG(s) dict_keys(['example_branch_dop_operator_v3']) retrieved from /home/ubuntu/.local/lib/python3.8/site-packages/airflow/example_dags/example_branch_python_dop_operator_3.py
[2022-09-15 13:57:41,294] {logging_mixin.py:115} INFO - [2022-09-15 13:57:41,294] {dag.py:2420} INFO - Sync 1 DAGs
[2022-09-15 13:57:41,313] {logging_mixin.py:115} INFO - [2022-09-15 13:57:41,313] {dag.py:2968} INFO - Setting next_dagrun for example_branch_dop_operator_v3 to 2022-09-15T13:56:00+00:00, run_after=2022-09-15T13:57:00+00:00
[2022-09-15 13:57:41,327] {processor.py:161} INFO - Processing /home/ubuntu/.local/lib/python3.8/site-packages/airflow/example_dags/example_branch_python_dop_operator_3.py took 0.064 seconds
[2022-09-15 14:01:59,457] {processor.py:153} INFO - Started process (PID=13584) to work on /home/ubuntu/.local/lib/python3.8/site-packages/airflow/example_dags/example_branch_python_dop_operator_3.py
[2022-09-15 14:01:59,461] {processor.py:641} INFO - Processing file /home/ubuntu/.local/lib/python3.8/site-packages/airflow/example_dags/example_branch_python_dop_operator_3.py for tasks to queue
[2022-09-15 14:01:59,461] {logging_mixin.py:115} INFO - [2022-09-15 14:01:59,461] {dagbag.py:508} INFO - Filling up the DagBag from /home/ubuntu/.local/lib/python3.8/site-packages/airflow/example_dags/example_branch_python_dop_operator_3.py
[2022-09-15 14:01:59,470] {processor.py:651} INFO - DAG(s) dict_keys(['example_branch_dop_operator_v3']) retrieved from /home/ubuntu/.local/lib/python3.8/site-packages/airflow/example_dags/example_branch_python_dop_operator_3.py
[2022-09-15 14:01:59,484] {logging_mixin.py:115} INFO - [2022-09-15 14:01:59,484] {dag.py:2420} INFO - Sync 1 DAGs
[2022-09-15 14:01:59,502] {logging_mixin.py:115} INFO - [2022-09-15 14:01:59,502] {dag.py:2968} INFO - Setting next_dagrun for example_branch_dop_operator_v3 to 2022-09-15T14:00:00+00:00, run_after=2022-09-15T14:01:00+00:00
[2022-09-15 14:01:59,518] {processor.py:161} INFO - Processing /home/ubuntu/.local/lib/python3.8/site-packages/airflow/example_dags/example_branch_python_dop_operator_3.py took 0.063 seconds
[2022-09-15 16:25:31,584] {processor.py:153} INFO - Started process (PID=71001) to work on /home/ubuntu/.local/lib/python3.8/site-packages/airflow/example_dags/example_branch_python_dop_operator_3.py
[2022-09-15 16:25:31,587] {processor.py:641} INFO - Processing file /home/ubuntu/.local/lib/python3.8/site-packages/airflow/example_dags/example_branch_python_dop_operator_3.py for tasks to queue
[2022-09-15 16:25:31,588] {logging_mixin.py:115} INFO - [2022-09-15 16:25:31,588] {dagbag.py:508} INFO - Filling up the DagBag from /home/ubuntu/.local/lib/python3.8/site-packages/airflow/example_dags/example_branch_python_dop_operator_3.py
[2022-09-15 16:25:31,597] {processor.py:651} INFO - DAG(s) dict_keys(['example_branch_dop_operator_v3']) retrieved from /home/ubuntu/.local/lib/python3.8/site-packages/airflow/example_dags/example_branch_python_dop_operator_3.py
[2022-09-15 16:25:31,611] {logging_mixin.py:115} INFO - [2022-09-15 16:25:31,611] {dag.py:2420} INFO - Sync 1 DAGs
[2022-09-15 16:25:31,626] {logging_mixin.py:115} INFO - [2022-09-15 16:25:31,626] {dag.py:2968} INFO - Setting next_dagrun for example_branch_dop_operator_v3 to 2022-09-15T16:24:00+00:00, run_after=2022-09-15T16:25:00+00:00
[2022-09-15 16:25:31,640] {processor.py:161} INFO - Processing /home/ubuntu/.local/lib/python3.8/site-packages/airflow/example_dags/example_branch_python_dop_operator_3.py took 0.059 seconds
