[2022-08-29 09:48:16,358] {taskinstance.py:1179} INFO - Dependencies all met for <TaskInstance: preprocessing_data.fit_model scheduled__2022-08-29T09:37:45.298867+00:00 [queued]>
[2022-08-29 09:48:16,364] {taskinstance.py:1179} INFO - Dependencies all met for <TaskInstance: preprocessing_data.fit_model scheduled__2022-08-29T09:37:45.298867+00:00 [queued]>
[2022-08-29 09:48:16,365] {taskinstance.py:1376} INFO - 
--------------------------------------------------------------------------------
[2022-08-29 09:48:16,365] {taskinstance.py:1377} INFO - Starting attempt 1 of 2
[2022-08-29 09:48:16,365] {taskinstance.py:1378} INFO - 
--------------------------------------------------------------------------------
[2022-08-29 09:48:16,384] {taskinstance.py:1397} INFO - Executing <Task(PythonOperator): fit_model> on 2022-08-29 09:37:45.298867+00:00
[2022-08-29 09:48:16,388] {standard_task_runner.py:52} INFO - Started process 27886 to run task
[2022-08-29 09:48:16,392] {standard_task_runner.py:79} INFO - Running: ['airflow', 'tasks', 'run', 'preprocessing_data', 'fit_model', 'scheduled__2022-08-29T09:37:45.298867+00:00', '--job-id', '75', '--raw', '--subdir', 'DAGS_FOLDER/model_dag.py', '--cfg-path', '/tmp/tmpldec0usi', '--error-file', '/tmp/tmp4uqnv2rb']
[2022-08-29 09:48:16,392] {standard_task_runner.py:80} INFO - Job 75: Subtask fit_model
[2022-08-29 09:48:16,448] {task_command.py:371} INFO - Running <TaskInstance: preprocessing_data.fit_model scheduled__2022-08-29T09:37:45.298867+00:00 [running]> on host rc1b-dataproc-m-xzxwmqcudfo0foh0.mdb.yandexcloud.net
[2022-08-29 09:48:16,504] {taskinstance.py:1589} INFO - Exporting the following env vars:
AIRFLOW_CTX_DAG_EMAIL=airflow@example.com
AIRFLOW_CTX_DAG_OWNER=airflow
AIRFLOW_CTX_DAG_ID=preprocessing_data
AIRFLOW_CTX_TASK_ID=fit_model
AIRFLOW_CTX_EXECUTION_DATE=2022-08-29T09:37:45.298867+00:00
AIRFLOW_CTX_TRY_NUMBER=1
AIRFLOW_CTX_DAG_RUN_ID=scheduled__2022-08-29T09:37:45.298867+00:00
[2022-08-29 09:48:16,506] {logging_mixin.py:115} WARNING - 2022/08/29 09:48:16 INFO mlflow.pyspark.ml: No SparkSession detected. Autologging will log pyspark.ml models contained in the default allowlist. To specify a custom allowlist, initialize a SparkSession prior to calling mlflow.pyspark.ml.autolog() and specify the path to your allowlist file via the spark.mlflow.pysparkml.autolog.logModelAllowlistFile conf.
[2022-08-29 09:48:16,507] {train_model.py:37} INFO - GOT INTO TRAIN FUNCTION
[2022-08-29 09:48:40,348] {logging_mixin.py:115} WARNING - 2022/08/29 09:48:40 WARNING mlflow.pyspark.ml: Model inputs contain unsupported Spark data types: [StructField(featuresFinal,VectorUDT,true)]. Model signature is not logged.
[2022-08-29 09:48:56,289] {logging_mixin.py:115} WARNING - 2022/08/29 09:48:56 WARNING mlflow.utils.autologging_utils: Encountered unexpected error during pyspark.ml autologging: 403 Client Error: Forbidden for url: https://storage.yandexcloud.net/otus-bigdata-dima-ioksha/1/595bd8039bad4dbe853c7456629d805e/artifacts/model/python_env.yaml. Response text: <?xml version="1.0" encoding="UTF-8"?>
<Error><Code>AccessDenied</Code><Message>Access Denied</Message><Resource>/otus-bigdata-dima-ioksha/1/595bd8039bad4dbe853c7456629d805e/artifacts/model/python_env.yaml</Resource><RequestId>72034339974af6d6</RequestId></Error>
[2022-08-29 09:48:56,391] {taskinstance.py:1909} ERROR - Task failed with exception
Traceback (most recent call last):
  File "/home/ubuntu/.local/lib/python3.8/site-packages/airflow/operators/python.py", line 171, in execute
    return_value = self.execute_callable()
  File "/home/ubuntu/.local/lib/python3.8/site-packages/airflow/operators/python.py", line 189, in execute_callable
    return self.python_callable(*self.op_args, **self.op_kwargs)
  File "/home/ubuntu/fraud-detection-ml/utils/train_model.py", line 64, in train_model
    roc_auc = evaluator.evaluate(predictions)
  File "/home/ubuntu/.local/lib/python3.8/site-packages/mlflow/utils/autologging_utils/safety.py", line 555, in safe_patch_function
    patch_function(call_original, *args, **kwargs)
  File "/home/ubuntu/.local/lib/python3.8/site-packages/mlflow/pyspark/ml/__init__.py", line 1128, in patched_evaluate
    metric = original(self, *args, **kwargs)
  File "/home/ubuntu/.local/lib/python3.8/site-packages/mlflow/utils/autologging_utils/safety.py", line 536, in call_original
    return call_original_fn_with_event_logging(_original_fn, og_args, og_kwargs)
  File "/home/ubuntu/.local/lib/python3.8/site-packages/mlflow/utils/autologging_utils/safety.py", line 471, in call_original_fn_with_event_logging
    original_fn_result = original_fn(*og_args, **og_kwargs)
  File "/home/ubuntu/.local/lib/python3.8/site-packages/mlflow/utils/autologging_utils/safety.py", line 533, in _original_fn
    original_result = original(*_og_args, **_og_kwargs)
  File "/usr/lib/spark/python/pyspark/ml/evaluation.py", line 72, in evaluate
    return self._evaluate(dataset)
  File "/usr/lib/spark/python/pyspark/ml/evaluation.py", line 102, in _evaluate
    return self._java_obj.evaluate(dataset._jdf)
  File "/usr/lib/spark/python/lib/py4j-0.10.9-src.zip/py4j/java_gateway.py", line 1304, in __call__
    return_value = get_return_value(
  File "/usr/lib/spark/python/pyspark/sql/utils.py", line 134, in deco
    raise_from(converted)
  File "<string>", line 3, in raise_from
pyspark.sql.utils.IllegalArgumentException: label does not exist. Available: featuresFinal, TX_FRAUD, rawPrediction, probability, prediction
[2022-08-29 09:48:56,403] {taskinstance.py:1415} INFO - Marking task as UP_FOR_RETRY. dag_id=preprocessing_data, task_id=fit_model, execution_date=20220829T093745, start_date=20220829T094816, end_date=20220829T094856
[2022-08-29 09:48:56,417] {standard_task_runner.py:92} ERROR - Failed to execute job 75 for task fit_model (label does not exist. Available: featuresFinal, TX_FRAUD, rawPrediction, probability, prediction; 27886)
[2022-08-29 09:48:56,454] {local_task_job.py:156} INFO - Task exited with return code 1
[2022-08-29 09:48:56,468] {local_task_job.py:273} INFO - 0 downstream tasks scheduled from follow-on schedule check
