[2022-08-29 21:55:25,904] {taskinstance.py:1179} INFO - Dependencies all met for <TaskInstance: preprocessing_data.fit_model scheduled__2022-08-29T21:44:52.430824+00:00 [queued]>
[2022-08-29 21:55:25,910] {taskinstance.py:1179} INFO - Dependencies all met for <TaskInstance: preprocessing_data.fit_model scheduled__2022-08-29T21:44:52.430824+00:00 [queued]>
[2022-08-29 21:55:25,910] {taskinstance.py:1376} INFO - 
--------------------------------------------------------------------------------
[2022-08-29 21:55:25,910] {taskinstance.py:1377} INFO - Starting attempt 1 of 2
[2022-08-29 21:55:25,910] {taskinstance.py:1378} INFO - 
--------------------------------------------------------------------------------
[2022-08-29 21:55:25,928] {taskinstance.py:1397} INFO - Executing <Task(PythonOperator): fit_model> on 2022-08-29 21:44:52.430824+00:00
[2022-08-29 21:55:25,935] {standard_task_runner.py:52} INFO - Started process 24928 to run task
[2022-08-29 21:55:25,940] {standard_task_runner.py:79} INFO - Running: ['airflow', 'tasks', 'run', 'preprocessing_data', 'fit_model', 'scheduled__2022-08-29T21:44:52.430824+00:00', '--job-id', '94', '--raw', '--subdir', 'DAGS_FOLDER/model_dag.py', '--cfg-path', '/tmp/tmpm1muw2r2', '--error-file', '/tmp/tmpled23d9e']
[2022-08-29 21:55:25,940] {standard_task_runner.py:80} INFO - Job 94: Subtask fit_model
[2022-08-29 21:55:25,994] {task_command.py:371} INFO - Running <TaskInstance: preprocessing_data.fit_model scheduled__2022-08-29T21:44:52.430824+00:00 [running]> on host rc1b-dataproc-m-xzxwmqcudfo0foh0.mdb.yandexcloud.net
[2022-08-29 21:55:26,050] {taskinstance.py:1589} INFO - Exporting the following env vars:
AIRFLOW_CTX_DAG_EMAIL=airflow@example.com
AIRFLOW_CTX_DAG_OWNER=airflow
AIRFLOW_CTX_DAG_ID=preprocessing_data
AIRFLOW_CTX_TASK_ID=fit_model
AIRFLOW_CTX_EXECUTION_DATE=2022-08-29T21:44:52.430824+00:00
AIRFLOW_CTX_TRY_NUMBER=1
AIRFLOW_CTX_DAG_RUN_ID=scheduled__2022-08-29T21:44:52.430824+00:00
[2022-08-29 21:55:26,053] {logging_mixin.py:115} WARNING - 2022/08/29 21:55:26 INFO mlflow.pyspark.ml: No SparkSession detected. Autologging will log pyspark.ml models contained in the default allowlist. To specify a custom allowlist, initialize a SparkSession prior to calling mlflow.pyspark.ml.autolog() and specify the path to your allowlist file via the spark.mlflow.pysparkml.autolog.logModelAllowlistFile conf.
[2022-08-29 21:55:26,054] {train_model.py:38} INFO - GOT INTO TRAIN FUNCTION
[2022-08-29 21:55:51,288] {logging_mixin.py:115} WARNING - 2022/08/29 21:55:51 WARNING mlflow.pyspark.ml: Model inputs contain unsupported Spark data types: [StructField(featuresFinal,VectorUDT,true)]. Model signature is not logged.
[2022-08-29 21:56:08,190] {credentials.py:1094} INFO - Found credentials in environment variables.
[2022-08-29 21:56:10,850] {train_model.py:69} INFO - Accuracy SCORE: 0.5
[2022-08-29 21:56:10,886] {python.py:173} INFO - Done. Returned value was: None
[2022-08-29 21:56:10,897] {taskinstance.py:1415} INFO - Marking task as SUCCESS. dag_id=preprocessing_data, task_id=fit_model, execution_date=20220829T214452, start_date=20220829T215525, end_date=20220829T215610
[2022-08-29 21:56:10,934] {local_task_job.py:156} INFO - Task exited with return code 0
[2022-08-29 21:56:10,947] {local_task_job.py:273} INFO - 0 downstream tasks scheduled from follow-on schedule check
