[2022-09-15 15:43:24,260] {taskinstance.py:1179} INFO - Dependencies all met for <TaskInstance: preprocessing_data.generate_data scheduled__2022-09-15T15:32:53.618883+00:00 [queued]>
[2022-09-15 15:43:24,265] {taskinstance.py:1179} INFO - Dependencies all met for <TaskInstance: preprocessing_data.generate_data scheduled__2022-09-15T15:32:53.618883+00:00 [queued]>
[2022-09-15 15:43:24,265] {taskinstance.py:1376} INFO - 
--------------------------------------------------------------------------------
[2022-09-15 15:43:24,265] {taskinstance.py:1377} INFO - Starting attempt 1 of 2
[2022-09-15 15:43:24,265] {taskinstance.py:1378} INFO - 
--------------------------------------------------------------------------------
[2022-09-15 15:43:24,279] {taskinstance.py:1397} INFO - Executing <Task(PythonOperator): generate_data> on 2022-09-15 15:32:53.618883+00:00
[2022-09-15 15:43:24,285] {standard_task_runner.py:52} INFO - Started process 47191 to run task
[2022-09-15 15:43:24,289] {standard_task_runner.py:79} INFO - Running: ['airflow', 'tasks', 'run', 'preprocessing_data', 'generate_data', 'scheduled__2022-09-15T15:32:53.618883+00:00', '--job-id', '263', '--raw', '--subdir', 'DAGS_FOLDER/model_dag.py', '--cfg-path', '/tmp/tmpu9hq73ss', '--error-file', '/tmp/tmps_tlgphc']
[2022-09-15 15:43:24,289] {standard_task_runner.py:80} INFO - Job 263: Subtask generate_data
[2022-09-15 15:43:24,333] {task_command.py:371} INFO - Running <TaskInstance: preprocessing_data.generate_data scheduled__2022-09-15T15:32:53.618883+00:00 [running]> on host rc1b-dataproc-m-xzxwmqcudfo0foh0.mdb.yandexcloud.net
[2022-09-15 15:43:24,379] {taskinstance.py:1589} INFO - Exporting the following env vars:
AIRFLOW_CTX_DAG_EMAIL=airflow@example.com
AIRFLOW_CTX_DAG_OWNER=airflow
AIRFLOW_CTX_DAG_ID=preprocessing_data
AIRFLOW_CTX_TASK_ID=generate_data
AIRFLOW_CTX_EXECUTION_DATE=2022-09-15T15:32:53.618883+00:00
AIRFLOW_CTX_TRY_NUMBER=1
AIRFLOW_CTX_DAG_RUN_ID=scheduled__2022-09-15T15:32:53.618883+00:00
[2022-09-15 15:43:24,387] {logging_mixin.py:115} INFO - Time to generate customer profiles table: 0.007s
[2022-09-15 15:43:24,392] {logging_mixin.py:115} INFO - Time to generate terminal profiles table: 0.0049s
[2022-09-15 15:43:24,600] {logging_mixin.py:115} INFO - Time to associate terminals to customers: 0.21s
[2022-09-15 15:43:42,822] {logging_mixin.py:115} INFO - Time to generate transactions: 1.8e+01s
[2022-09-15 15:43:42,916] {logging_mixin.py:115} INFO - Number of frauds from scenario 1: 178
[2022-09-15 15:43:46,087] {logging_mixin.py:115} INFO - Number of frauds from scenario 2: 18384
[2022-09-15 15:43:50,035] {logging_mixin.py:115} INFO - Number of frauds from scenario 3: 8703
[2022-09-15 15:43:50,036] {client.py:192} INFO - Instantiated <Client(url='http://rc1b-dataproc-m-xzxwmqcudfo0foh0.mdb.yandexcloud.net:9870')>.
[2022-09-15 15:43:50,036] {client.py:305} INFO - Fetching content summary for '/user/airflow/input_files'.
[2022-09-15 15:43:50,216] {client.py:558} INFO - Uploading '/home/ubuntu/fraud-detection-ml/airflow/output_simulation/partition_73.parquet' to '/user/airflow/input_files/partition_73.parquet'.
[2022-09-15 15:43:50,216] {client.py:1123} INFO - Listing '/user/airflow/input_files/partition_73.parquet'.
[2022-09-15 15:43:50,221] {client.py:503} INFO - Writing to '/user/airflow/input_files/partition_73.parquet'.
[2022-09-15 15:43:50,710] {python.py:173} INFO - Done. Returned value was: None
[2022-09-15 15:43:50,716] {taskinstance.py:1415} INFO - Marking task as SUCCESS. dag_id=preprocessing_data, task_id=generate_data, execution_date=20220915T153253, start_date=20220915T154324, end_date=20220915T154350
[2022-09-15 15:43:50,748] {local_task_job.py:156} INFO - Task exited with return code 0
[2022-09-15 15:43:50,771] {local_task_job.py:273} INFO - 1 downstream tasks scheduled from follow-on schedule check
