[2022-08-22 07:36:02,198] {processor.py:153} INFO - Started process (PID=11571) to work on /home/ubuntu/.local/lib/python3.8/site-packages/airflow/example_dags/plugins/workday.py
[2022-08-22 07:36:02,198] {processor.py:641} INFO - Processing file /home/ubuntu/.local/lib/python3.8/site-packages/airflow/example_dags/plugins/workday.py for tasks to queue
[2022-08-22 07:36:02,199] {logging_mixin.py:115} INFO - [2022-08-22 07:36:02,199] {dagbag.py:508} INFO - Filling up the DagBag from /home/ubuntu/.local/lib/python3.8/site-packages/airflow/example_dags/plugins/workday.py
[2022-08-22 07:36:02,201] {processor.py:653} WARNING - No viable dags retrieved from /home/ubuntu/.local/lib/python3.8/site-packages/airflow/example_dags/plugins/workday.py
[2022-08-22 07:36:02,209] {processor.py:161} INFO - Processing /home/ubuntu/.local/lib/python3.8/site-packages/airflow/example_dags/plugins/workday.py took 0.013 seconds
[2022-08-22 07:36:36,510] {processor.py:153} INFO - Started process (PID=11708) to work on /home/ubuntu/.local/lib/python3.8/site-packages/airflow/example_dags/plugins/workday.py
[2022-08-22 07:36:36,511] {processor.py:641} INFO - Processing file /home/ubuntu/.local/lib/python3.8/site-packages/airflow/example_dags/plugins/workday.py for tasks to queue
[2022-08-22 07:36:36,511] {logging_mixin.py:115} INFO - [2022-08-22 07:36:36,511] {dagbag.py:508} INFO - Filling up the DagBag from /home/ubuntu/.local/lib/python3.8/site-packages/airflow/example_dags/plugins/workday.py
[2022-08-22 07:36:36,514] {processor.py:653} WARNING - No viable dags retrieved from /home/ubuntu/.local/lib/python3.8/site-packages/airflow/example_dags/plugins/workday.py
[2022-08-22 07:36:36,526] {processor.py:161} INFO - Processing /home/ubuntu/.local/lib/python3.8/site-packages/airflow/example_dags/plugins/workday.py took 0.020 seconds
[2022-08-22 07:37:13,309] {processor.py:153} INFO - Started process (PID=12003) to work on /home/ubuntu/.local/lib/python3.8/site-packages/airflow/example_dags/plugins/workday.py
[2022-08-22 07:37:13,311] {processor.py:641} INFO - Processing file /home/ubuntu/.local/lib/python3.8/site-packages/airflow/example_dags/plugins/workday.py for tasks to queue
[2022-08-22 07:37:13,312] {logging_mixin.py:115} INFO - [2022-08-22 07:37:13,312] {dagbag.py:508} INFO - Filling up the DagBag from /home/ubuntu/.local/lib/python3.8/site-packages/airflow/example_dags/plugins/workday.py
[2022-08-22 07:37:13,314] {processor.py:653} WARNING - No viable dags retrieved from /home/ubuntu/.local/lib/python3.8/site-packages/airflow/example_dags/plugins/workday.py
[2022-08-22 07:37:13,327] {processor.py:161} INFO - Processing /home/ubuntu/.local/lib/python3.8/site-packages/airflow/example_dags/plugins/workday.py took 0.022 seconds
[2022-08-22 07:37:44,924] {processor.py:153} INFO - Started process (PID=12111) to work on /home/ubuntu/.local/lib/python3.8/site-packages/airflow/example_dags/plugins/workday.py
[2022-08-22 07:37:44,925] {processor.py:641} INFO - Processing file /home/ubuntu/.local/lib/python3.8/site-packages/airflow/example_dags/plugins/workday.py for tasks to queue
[2022-08-22 07:37:44,926] {logging_mixin.py:115} INFO - [2022-08-22 07:37:44,925] {dagbag.py:508} INFO - Filling up the DagBag from /home/ubuntu/.local/lib/python3.8/site-packages/airflow/example_dags/plugins/workday.py
[2022-08-22 07:37:44,927] {processor.py:653} WARNING - No viable dags retrieved from /home/ubuntu/.local/lib/python3.8/site-packages/airflow/example_dags/plugins/workday.py
[2022-08-22 07:37:44,936] {processor.py:161} INFO - Processing /home/ubuntu/.local/lib/python3.8/site-packages/airflow/example_dags/plugins/workday.py took 0.016 seconds
[2022-08-22 07:38:17,664] {processor.py:153} INFO - Started process (PID=12231) to work on /home/ubuntu/.local/lib/python3.8/site-packages/airflow/example_dags/plugins/workday.py
[2022-08-22 07:38:17,665] {processor.py:641} INFO - Processing file /home/ubuntu/.local/lib/python3.8/site-packages/airflow/example_dags/plugins/workday.py for tasks to queue
[2022-08-22 07:38:17,665] {logging_mixin.py:115} INFO - [2022-08-22 07:38:17,665] {dagbag.py:508} INFO - Filling up the DagBag from /home/ubuntu/.local/lib/python3.8/site-packages/airflow/example_dags/plugins/workday.py
[2022-08-22 07:38:17,668] {processor.py:653} WARNING - No viable dags retrieved from /home/ubuntu/.local/lib/python3.8/site-packages/airflow/example_dags/plugins/workday.py
[2022-08-22 07:38:17,680] {processor.py:161} INFO - Processing /home/ubuntu/.local/lib/python3.8/site-packages/airflow/example_dags/plugins/workday.py took 0.020 seconds
[2022-08-22 07:38:48,606] {processor.py:153} INFO - Started process (PID=12286) to work on /home/ubuntu/.local/lib/python3.8/site-packages/airflow/example_dags/plugins/workday.py
[2022-08-22 07:38:48,608] {processor.py:641} INFO - Processing file /home/ubuntu/.local/lib/python3.8/site-packages/airflow/example_dags/plugins/workday.py for tasks to queue
[2022-08-22 07:38:48,609] {logging_mixin.py:115} INFO - [2022-08-22 07:38:48,609] {dagbag.py:508} INFO - Filling up the DagBag from /home/ubuntu/.local/lib/python3.8/site-packages/airflow/example_dags/plugins/workday.py
[2022-08-22 07:38:48,611] {processor.py:653} WARNING - No viable dags retrieved from /home/ubuntu/.local/lib/python3.8/site-packages/airflow/example_dags/plugins/workday.py
[2022-08-22 07:38:48,624] {processor.py:161} INFO - Processing /home/ubuntu/.local/lib/python3.8/site-packages/airflow/example_dags/plugins/workday.py took 0.022 seconds
[2022-08-22 07:39:23,075] {processor.py:153} INFO - Started process (PID=12326) to work on /home/ubuntu/.local/lib/python3.8/site-packages/airflow/example_dags/plugins/workday.py
[2022-08-22 07:39:23,076] {processor.py:641} INFO - Processing file /home/ubuntu/.local/lib/python3.8/site-packages/airflow/example_dags/plugins/workday.py for tasks to queue
[2022-08-22 07:39:23,077] {logging_mixin.py:115} INFO - [2022-08-22 07:39:23,077] {dagbag.py:508} INFO - Filling up the DagBag from /home/ubuntu/.local/lib/python3.8/site-packages/airflow/example_dags/plugins/workday.py
[2022-08-22 07:39:23,079] {processor.py:653} WARNING - No viable dags retrieved from /home/ubuntu/.local/lib/python3.8/site-packages/airflow/example_dags/plugins/workday.py
[2022-08-22 07:39:23,092] {processor.py:161} INFO - Processing /home/ubuntu/.local/lib/python3.8/site-packages/airflow/example_dags/plugins/workday.py took 0.021 seconds
